[2025-04-06T06:03:47.796+0000] {local_task_job_runner.py:123} INFO - ::group::Pre task execution logs
[2025-04-06T06:03:47.838+0000] {taskinstance.py:2614} INFO - Dependencies all met for dep_context=non-requeueable deps ti=<TaskInstance: print_hello.print_hello_task scheduled__2025-04-05T01:09:00+00:00 [queued]>
[2025-04-06T06:03:47.861+0000] {taskinstance.py:2614} INFO - Dependencies all met for dep_context=requeueable deps ti=<TaskInstance: print_hello.print_hello_task scheduled__2025-04-05T01:09:00+00:00 [queued]>
[2025-04-06T06:03:47.863+0000] {taskinstance.py:2867} INFO - Starting attempt 1 of 2
[2025-04-06T06:03:48.504+0000] {taskinstance.py:2890} INFO - Executing <Task(PythonOperator): print_hello_task> on 2025-04-05 01:09:00+00:00
[2025-04-06T06:03:48.525+0000] {warnings.py:112} WARNING - /home/***/.local/lib/python3.12/site-packages/***/task/task_runner/standard_task_runner.py:70: DeprecationWarning: This process (pid=617) is multi-threaded, use of fork() may lead to deadlocks in the child.
  pid = os.fork()

[2025-04-06T06:03:48.528+0000] {standard_task_runner.py:72} INFO - Started process 663 to run task
[2025-04-06T06:03:48.530+0000] {standard_task_runner.py:104} INFO - Running: ['***', 'tasks', 'run', 'print_hello', 'print_hello_task', 'scheduled__2025-04-05T01:09:00+00:00', '--job-id', '143', '--raw', '--subdir', 'DAGS_FOLDER/print_hello.py', '--cfg-path', '/tmp/tmp5xwhqr7f']
[2025-04-06T06:03:48.533+0000] {standard_task_runner.py:105} INFO - Job 143: Subtask print_hello_task
[2025-04-06T06:03:48.651+0000] {task_command.py:467} INFO - Running <TaskInstance: print_hello.print_hello_task scheduled__2025-04-05T01:09:00+00:00 [running]> on host 5991717e768c
[2025-04-06T06:03:48.890+0000] {taskinstance.py:3134} INFO - Exporting env vars: AIRFLOW_CTX_DAG_OWNER='Esayed' AIRFLOW_CTX_DAG_ID='print_hello' AIRFLOW_CTX_TASK_ID='print_hello_task' AIRFLOW_CTX_EXECUTION_DATE='2025-04-05T01:09:00+00:00' AIRFLOW_CTX_TRY_NUMBER='1' AIRFLOW_CTX_DAG_RUN_ID='scheduled__2025-04-05T01:09:00+00:00'
[2025-04-06T06:03:48.893+0000] {logging_mixin.py:190} INFO - Task instance is in running state
[2025-04-06T06:03:48.895+0000] {logging_mixin.py:190} INFO -  Previous state of the Task instance: queued
[2025-04-06T06:03:48.896+0000] {logging_mixin.py:190} INFO - Current task name:print_hello_task state:running start_date:2025-04-06 06:03:47.842901+00:00
[2025-04-06T06:03:48.897+0000] {logging_mixin.py:190} INFO - Dag name:print_hello and current dag run status:running
[2025-04-06T06:03:48.899+0000] {taskinstance.py:732} INFO - ::endgroup::
[2025-04-06T06:03:48.903+0000] {logging_mixin.py:190} INFO - hello
[2025-04-06T06:03:48.906+0000] {python.py:240} INFO - Done. Returned value was: None
[2025-04-06T06:03:48.930+0000] {taskinstance.py:341} INFO - ::group::Post task execution logs
[2025-04-06T06:03:48.932+0000] {taskinstance.py:353} INFO - Marking task as SUCCESS. dag_id=print_hello, task_id=print_hello_task, run_id=scheduled__2025-04-05T01:09:00+00:00, execution_date=20250405T010900, start_date=20250406T060347, end_date=20250406T060348
[2025-04-06T06:03:48.996+0000] {logging_mixin.py:190} INFO - Task instance in success state
[2025-04-06T06:03:49.003+0000] {logging_mixin.py:190} INFO -  Previous state of the Task instance: running
[2025-04-06T06:03:49.004+0000] {logging_mixin.py:190} INFO - Dag name:print_hello queued_at:2025-04-06 06:03:42.068601+00:00
[2025-04-06T06:03:49.006+0000] {logging_mixin.py:190} INFO - Task hostname:5991717e768c operator:PythonOperator
[2025-04-06T06:03:49.079+0000] {local_task_job_runner.py:266} INFO - Task exited with return code 0
[2025-04-06T06:03:49.133+0000] {taskinstance.py:3901} INFO - 1 downstream tasks scheduled from follow-on schedule check
[2025-04-06T06:03:49.140+0000] {local_task_job_runner.py:245} INFO - ::endgroup::
