[2025-04-06T06:03:16.654+0000] {local_task_job_runner.py:123} INFO - ::group::Pre task execution logs
[2025-04-06T06:03:16.704+0000] {taskinstance.py:2614} INFO - Dependencies all met for dep_context=non-requeueable deps ti=<TaskInstance: print_hello.print_hello_task scheduled__2025-04-05T00:38:00+00:00 [queued]>
[2025-04-06T06:03:16.734+0000] {taskinstance.py:2614} INFO - Dependencies all met for dep_context=requeueable deps ti=<TaskInstance: print_hello.print_hello_task scheduled__2025-04-05T00:38:00+00:00 [queued]>
[2025-04-06T06:03:16.741+0000] {taskinstance.py:2867} INFO - Starting attempt 1 of 2
[2025-04-06T06:03:17.268+0000] {taskinstance.py:2890} INFO - Executing <Task(PythonOperator): print_hello_task> on 2025-04-05 00:38:00+00:00
[2025-04-06T06:03:17.290+0000] {warnings.py:112} WARNING - /home/***/.local/lib/python3.12/site-packages/***/task/task_runner/standard_task_runner.py:70: DeprecationWarning: This process (pid=388) is multi-threaded, use of fork() may lead to deadlocks in the child.
  pid = os.fork()

[2025-04-06T06:03:17.304+0000] {standard_task_runner.py:72} INFO - Started process 424 to run task
[2025-04-06T06:03:17.300+0000] {standard_task_runner.py:104} INFO - Running: ['***', 'tasks', 'run', 'print_hello', 'print_hello_task', 'scheduled__2025-04-05T00:38:00+00:00', '--job-id', '85', '--raw', '--subdir', 'DAGS_FOLDER/print_hello.py', '--cfg-path', '/tmp/tmpgijredyl']
[2025-04-06T06:03:17.313+0000] {standard_task_runner.py:105} INFO - Job 85: Subtask print_hello_task
[2025-04-06T06:03:17.447+0000] {task_command.py:467} INFO - Running <TaskInstance: print_hello.print_hello_task scheduled__2025-04-05T00:38:00+00:00 [running]> on host 5991717e768c
[2025-04-06T06:03:17.629+0000] {taskinstance.py:3134} INFO - Exporting env vars: AIRFLOW_CTX_DAG_OWNER='Esayed' AIRFLOW_CTX_DAG_ID='print_hello' AIRFLOW_CTX_TASK_ID='print_hello_task' AIRFLOW_CTX_EXECUTION_DATE='2025-04-05T00:38:00+00:00' AIRFLOW_CTX_TRY_NUMBER='1' AIRFLOW_CTX_DAG_RUN_ID='scheduled__2025-04-05T00:38:00+00:00'
[2025-04-06T06:03:17.631+0000] {logging_mixin.py:190} INFO - Task instance is in running state
[2025-04-06T06:03:17.632+0000] {logging_mixin.py:190} INFO -  Previous state of the Task instance: queued
[2025-04-06T06:03:17.634+0000] {logging_mixin.py:190} INFO - Current task name:print_hello_task state:running start_date:2025-04-06 06:03:16.706199+00:00
[2025-04-06T06:03:17.647+0000] {logging_mixin.py:190} INFO - Dag name:print_hello and current dag run status:running
[2025-04-06T06:03:17.649+0000] {taskinstance.py:732} INFO - ::endgroup::
[2025-04-06T06:03:17.658+0000] {logging_mixin.py:190} INFO - hello
[2025-04-06T06:03:17.677+0000] {python.py:240} INFO - Done. Returned value was: None
[2025-04-06T06:03:17.697+0000] {taskinstance.py:341} INFO - ::group::Post task execution logs
[2025-04-06T06:03:17.698+0000] {taskinstance.py:353} INFO - Marking task as SUCCESS. dag_id=print_hello, task_id=print_hello_task, run_id=scheduled__2025-04-05T00:38:00+00:00, execution_date=20250405T003800, start_date=20250406T060316, end_date=20250406T060317
[2025-04-06T06:03:17.755+0000] {logging_mixin.py:190} INFO - Task instance in success state
[2025-04-06T06:03:17.756+0000] {logging_mixin.py:190} INFO -  Previous state of the Task instance: running
[2025-04-06T06:03:17.757+0000] {logging_mixin.py:190} INFO - Dag name:print_hello queued_at:2025-04-06 06:03:12.730101+00:00
[2025-04-06T06:03:17.758+0000] {logging_mixin.py:190} INFO - Task hostname:5991717e768c operator:PythonOperator
[2025-04-06T06:03:17.816+0000] {local_task_job_runner.py:266} INFO - Task exited with return code 0
[2025-04-06T06:03:17.876+0000] {taskinstance.py:3901} INFO - 1 downstream tasks scheduled from follow-on schedule check
[2025-04-06T06:03:17.893+0000] {local_task_job_runner.py:245} INFO - ::endgroup::
[2025-04-06T06:15:30.935+0000] {local_task_job_runner.py:123} INFO - ::group::Pre task execution logs
[2025-04-06T06:15:31.002+0000] {taskinstance.py:2614} INFO - Dependencies all met for dep_context=non-requeueable deps ti=<TaskInstance: print_hello.print_hello_task scheduled__2025-04-05T00:38:00+00:00 [queued]>
[2025-04-06T06:15:31.024+0000] {taskinstance.py:2614} INFO - Dependencies all met for dep_context=requeueable deps ti=<TaskInstance: print_hello.print_hello_task scheduled__2025-04-05T00:38:00+00:00 [queued]>
[2025-04-06T06:15:31.026+0000] {taskinstance.py:2867} INFO - Starting attempt 1 of 2
[2025-04-06T06:15:31.734+0000] {taskinstance.py:2890} INFO - Executing <Task(PythonOperator): print_hello_task> on 2025-04-05 00:38:00+00:00
[2025-04-06T06:15:31.767+0000] {warnings.py:112} WARNING - /home/***/.local/lib/python3.12/site-packages/***/task/task_runner/standard_task_runner.py:70: DeprecationWarning: This process (pid=1140) is multi-threaded, use of fork() may lead to deadlocks in the child.
  pid = os.fork()

[2025-04-06T06:15:31.771+0000] {standard_task_runner.py:72} INFO - Started process 1176 to run task
[2025-04-06T06:15:31.782+0000] {standard_task_runner.py:104} INFO - Running: ['***', 'tasks', 'run', 'print_hello', 'print_hello_task', 'scheduled__2025-04-05T00:38:00+00:00', '--job-id', '234', '--raw', '--subdir', 'DAGS_FOLDER/print_hello.py', '--cfg-path', '/tmp/tmpy51aqe4s']
[2025-04-06T06:15:31.795+0000] {standard_task_runner.py:105} INFO - Job 234: Subtask print_hello_task
[2025-04-06T06:15:31.969+0000] {task_command.py:467} INFO - Running <TaskInstance: print_hello.print_hello_task scheduled__2025-04-05T00:38:00+00:00 [running]> on host 5991717e768c
[2025-04-06T06:15:32.333+0000] {taskinstance.py:3134} INFO - Exporting env vars: AIRFLOW_CTX_DAG_OWNER='Esayed' AIRFLOW_CTX_DAG_ID='print_hello' AIRFLOW_CTX_TASK_ID='print_hello_task' AIRFLOW_CTX_EXECUTION_DATE='2025-04-05T00:38:00+00:00' AIRFLOW_CTX_TRY_NUMBER='1' AIRFLOW_CTX_DAG_RUN_ID='scheduled__2025-04-05T00:38:00+00:00'
[2025-04-06T06:15:32.337+0000] {logging_mixin.py:190} INFO - Task instance is in running state
[2025-04-06T06:15:32.340+0000] {logging_mixin.py:190} INFO -  Previous state of the Task instance: queued
[2025-04-06T06:15:32.345+0000] {logging_mixin.py:190} INFO - Current task name:print_hello_task state:running start_date:2025-04-06 06:15:31.004616+00:00
[2025-04-06T06:15:32.351+0000] {logging_mixin.py:190} INFO - Dag name:print_hello and current dag run status:running
[2025-04-06T06:15:32.353+0000] {taskinstance.py:732} INFO - ::endgroup::
[2025-04-06T06:15:32.361+0000] {logging_mixin.py:190} INFO - hello
[2025-04-06T06:15:32.362+0000] {python.py:240} INFO - Done. Returned value was: None
[2025-04-06T06:15:32.404+0000] {taskinstance.py:341} INFO - ::group::Post task execution logs
[2025-04-06T06:15:32.412+0000] {taskinstance.py:353} INFO - Marking task as SUCCESS. dag_id=print_hello, task_id=print_hello_task, run_id=scheduled__2025-04-05T00:38:00+00:00, execution_date=20250405T003800, start_date=20250406T061531, end_date=20250406T061532
[2025-04-06T06:15:32.520+0000] {logging_mixin.py:190} INFO - Task instance in success state
[2025-04-06T06:15:32.526+0000] {logging_mixin.py:190} INFO -  Previous state of the Task instance: running
[2025-04-06T06:15:32.528+0000] {logging_mixin.py:190} INFO - Dag name:print_hello queued_at:2025-04-06 06:15:27.107427+00:00
[2025-04-06T06:15:32.530+0000] {logging_mixin.py:190} INFO - Task hostname:5991717e768c operator:PythonOperator
[2025-04-06T06:15:32.584+0000] {local_task_job_runner.py:266} INFO - Task exited with return code 0
[2025-04-06T06:15:32.664+0000] {taskinstance.py:3901} INFO - 1 downstream tasks scheduled from follow-on schedule check
[2025-04-06T06:15:32.679+0000] {local_task_job_runner.py:245} INFO - ::endgroup::
