[2025-04-06T06:02:31.768+0000] {local_task_job_runner.py:123} INFO - ::group::Pre task execution logs
[2025-04-06T06:02:31.806+0000] {taskinstance.py:2614} INFO - Dependencies all met for dep_context=non-requeueable deps ti=<TaskInstance: print_hello.print_hello_task scheduled__2025-04-05T00:14:00+00:00 [queued]>
[2025-04-06T06:02:31.837+0000] {taskinstance.py:2614} INFO - Dependencies all met for dep_context=requeueable deps ti=<TaskInstance: print_hello.print_hello_task scheduled__2025-04-05T00:14:00+00:00 [queued]>
[2025-04-06T06:02:31.839+0000] {taskinstance.py:2867} INFO - Starting attempt 1 of 2
[2025-04-06T06:02:31.886+0000] {taskinstance.py:2890} INFO - Executing <Task(PythonOperator): print_hello_task> on 2025-04-05 00:14:00+00:00
[2025-04-06T06:02:31.905+0000] {warnings.py:112} WARNING - /home/***/.local/lib/python3.12/site-packages/***/task/task_runner/standard_task_runner.py:70: DeprecationWarning: This process (pid=141) is multi-threaded, use of fork() may lead to deadlocks in the child.
  pid = os.fork()

[2025-04-06T06:02:31.910+0000] {standard_task_runner.py:72} INFO - Started process 155 to run task
[2025-04-06T06:02:31.918+0000] {standard_task_runner.py:104} INFO - Running: ['***', 'tasks', 'run', 'print_hello', 'print_hello_task', 'scheduled__2025-04-05T00:14:00+00:00', '--job-id', '24', '--raw', '--subdir', 'DAGS_FOLDER/print_hello.py', '--cfg-path', '/tmp/tmptdjuxkvn']
[2025-04-06T06:02:31.920+0000] {standard_task_runner.py:105} INFO - Job 24: Subtask print_hello_task
[2025-04-06T06:02:34.653+0000] {task_command.py:467} INFO - Running <TaskInstance: print_hello.print_hello_task scheduled__2025-04-05T00:14:00+00:00 [running]> on host 5991717e768c
[2025-04-06T06:02:35.789+0000] {taskinstance.py:3134} INFO - Exporting env vars: AIRFLOW_CTX_DAG_OWNER='Esayed' AIRFLOW_CTX_DAG_ID='print_hello' AIRFLOW_CTX_TASK_ID='print_hello_task' AIRFLOW_CTX_EXECUTION_DATE='2025-04-05T00:14:00+00:00' AIRFLOW_CTX_TRY_NUMBER='1' AIRFLOW_CTX_DAG_RUN_ID='scheduled__2025-04-05T00:14:00+00:00'
[2025-04-06T06:02:35.790+0000] {logging_mixin.py:190} INFO - Task instance is in running state
[2025-04-06T06:02:35.794+0000] {logging_mixin.py:190} INFO -  Previous state of the Task instance: queued
[2025-04-06T06:02:35.795+0000] {logging_mixin.py:190} INFO - Current task name:print_hello_task state:running start_date:2025-04-06 06:02:31.807539+00:00
[2025-04-06T06:02:35.797+0000] {logging_mixin.py:190} INFO - Dag name:print_hello and current dag run status:running
[2025-04-06T06:02:35.798+0000] {taskinstance.py:732} INFO - ::endgroup::
[2025-04-06T06:02:35.799+0000] {logging_mixin.py:190} INFO - hello
[2025-04-06T06:02:35.800+0000] {python.py:240} INFO - Done. Returned value was: None
[2025-04-06T06:02:38.042+0000] {taskinstance.py:341} INFO - ::group::Post task execution logs
[2025-04-06T06:02:38.047+0000] {taskinstance.py:353} INFO - Marking task as SUCCESS. dag_id=print_hello, task_id=print_hello_task, run_id=scheduled__2025-04-05T00:14:00+00:00, execution_date=20250405T001400, start_date=20250406T060231, end_date=20250406T060238
[2025-04-06T06:02:38.172+0000] {logging_mixin.py:190} INFO - Task instance in success state
[2025-04-06T06:02:38.173+0000] {logging_mixin.py:190} INFO -  Previous state of the Task instance: running
[2025-04-06T06:02:38.174+0000] {logging_mixin.py:190} INFO - Dag name:print_hello queued_at:2025-04-06 06:02:24.723990+00:00
[2025-04-06T06:02:38.176+0000] {logging_mixin.py:190} INFO - Task hostname:5991717e768c operator:PythonOperator
[2025-04-06T06:02:38.382+0000] {local_task_job_runner.py:266} INFO - Task exited with return code 0
[2025-04-06T06:02:38.411+0000] {taskinstance.py:3901} INFO - 1 downstream tasks scheduled from follow-on schedule check
[2025-04-06T06:02:38.506+0000] {local_task_job_runner.py:245} INFO - ::endgroup::
[2025-04-06T06:15:00.001+0000] {local_task_job_runner.py:123} INFO - ::group::Pre task execution logs
[2025-04-06T06:15:00.063+0000] {taskinstance.py:2614} INFO - Dependencies all met for dep_context=non-requeueable deps ti=<TaskInstance: print_hello.print_hello_task scheduled__2025-04-05T00:14:00+00:00 [queued]>
[2025-04-06T06:15:00.103+0000] {taskinstance.py:2614} INFO - Dependencies all met for dep_context=requeueable deps ti=<TaskInstance: print_hello.print_hello_task scheduled__2025-04-05T00:14:00+00:00 [queued]>
[2025-04-06T06:15:00.105+0000] {taskinstance.py:2867} INFO - Starting attempt 1 of 2
[2025-04-06T06:15:00.158+0000] {taskinstance.py:2890} INFO - Executing <Task(PythonOperator): print_hello_task> on 2025-04-05 00:14:00+00:00
[2025-04-06T06:15:00.198+0000] {warnings.py:112} WARNING - /home/***/.local/lib/python3.12/site-packages/***/task/task_runner/standard_task_runner.py:70: DeprecationWarning: This process (pid=899) is multi-threaded, use of fork() may lead to deadlocks in the child.
  pid = os.fork()

[2025-04-06T06:15:00.203+0000] {standard_task_runner.py:72} INFO - Started process 947 to run task
[2025-04-06T06:15:00.210+0000] {standard_task_runner.py:104} INFO - Running: ['***', 'tasks', 'run', 'print_hello', 'print_hello_task', 'scheduled__2025-04-05T00:14:00+00:00', '--job-id', '178', '--raw', '--subdir', 'DAGS_FOLDER/print_hello.py', '--cfg-path', '/tmp/tmp8a34fwsa']
[2025-04-06T06:15:00.214+0000] {standard_task_runner.py:105} INFO - Job 178: Subtask print_hello_task
[2025-04-06T06:15:01.209+0000] {task_command.py:467} INFO - Running <TaskInstance: print_hello.print_hello_task scheduled__2025-04-05T00:14:00+00:00 [running]> on host 5991717e768c
[2025-04-06T06:15:01.521+0000] {taskinstance.py:3134} INFO - Exporting env vars: AIRFLOW_CTX_DAG_OWNER='Esayed' AIRFLOW_CTX_DAG_ID='print_hello' AIRFLOW_CTX_TASK_ID='print_hello_task' AIRFLOW_CTX_EXECUTION_DATE='2025-04-05T00:14:00+00:00' AIRFLOW_CTX_TRY_NUMBER='1' AIRFLOW_CTX_DAG_RUN_ID='scheduled__2025-04-05T00:14:00+00:00'
[2025-04-06T06:15:01.524+0000] {logging_mixin.py:190} INFO - Task instance is in running state
[2025-04-06T06:15:01.527+0000] {logging_mixin.py:190} INFO -  Previous state of the Task instance: queued
[2025-04-06T06:15:01.528+0000] {logging_mixin.py:190} INFO - Current task name:print_hello_task state:running start_date:2025-04-06 06:15:00.069264+00:00
[2025-04-06T06:15:01.529+0000] {logging_mixin.py:190} INFO - Dag name:print_hello and current dag run status:running
[2025-04-06T06:15:01.530+0000] {taskinstance.py:732} INFO - ::endgroup::
[2025-04-06T06:15:01.532+0000] {logging_mixin.py:190} INFO - hello
[2025-04-06T06:15:01.534+0000] {python.py:240} INFO - Done. Returned value was: None
[2025-04-06T06:15:01.580+0000] {taskinstance.py:341} INFO - ::group::Post task execution logs
[2025-04-06T06:15:01.581+0000] {taskinstance.py:353} INFO - Marking task as SUCCESS. dag_id=print_hello, task_id=print_hello_task, run_id=scheduled__2025-04-05T00:14:00+00:00, execution_date=20250405T001400, start_date=20250406T061500, end_date=20250406T061501
[2025-04-06T06:15:01.704+0000] {logging_mixin.py:190} INFO - Task instance in success state
[2025-04-06T06:15:01.705+0000] {logging_mixin.py:190} INFO -  Previous state of the Task instance: running
[2025-04-06T06:15:01.710+0000] {logging_mixin.py:190} INFO - Dag name:print_hello queued_at:2025-04-06 06:14:54.490949+00:00
[2025-04-06T06:15:01.711+0000] {logging_mixin.py:190} INFO - Task hostname:5991717e768c operator:PythonOperator
[2025-04-06T06:15:01.793+0000] {local_task_job_runner.py:266} INFO - Task exited with return code 0
[2025-04-06T06:15:02.484+0000] {local_task_job_runner.py:245} INFO - ::endgroup::
