[2025-04-06T06:03:21.130+0000] {local_task_job_runner.py:123} INFO - ::group::Pre task execution logs
[2025-04-06T06:03:21.196+0000] {taskinstance.py:2614} INFO - Dependencies all met for dep_context=non-requeueable deps ti=<TaskInstance: print_hello.save_to_csv_task scheduled__2025-04-05T00:32:00+00:00 [queued]>
[2025-04-06T06:03:21.264+0000] {taskinstance.py:2614} INFO - Dependencies all met for dep_context=requeueable deps ti=<TaskInstance: print_hello.save_to_csv_task scheduled__2025-04-05T00:32:00+00:00 [queued]>
[2025-04-06T06:03:21.265+0000] {taskinstance.py:2867} INFO - Starting attempt 1 of 2
[2025-04-06T06:03:21.838+0000] {taskinstance.py:2890} INFO - Executing <Task(PythonOperator): save_to_csv_task> on 2025-04-05 00:32:00+00:00
[2025-04-06T06:03:21.868+0000] {warnings.py:112} WARNING - /home/***/.local/lib/python3.12/site-packages/***/task/task_runner/standard_task_runner.py:70: DeprecationWarning: This process (pid=417) is multi-threaded, use of fork() may lead to deadlocks in the child.
  pid = os.fork()

[2025-04-06T06:03:21.872+0000] {standard_task_runner.py:72} INFO - Started process 473 to run task
[2025-04-06T06:03:21.872+0000] {standard_task_runner.py:104} INFO - Running: ['***', 'tasks', 'run', 'print_hello', 'save_to_csv_task', 'scheduled__2025-04-05T00:32:00+00:00', '--job-id', '95', '--raw', '--subdir', 'DAGS_FOLDER/print_hello.py', '--cfg-path', '/tmp/tmpx0x_u3nc']
[2025-04-06T06:03:21.875+0000] {standard_task_runner.py:105} INFO - Job 95: Subtask save_to_csv_task
[2025-04-06T06:03:22.061+0000] {task_command.py:467} INFO - Running <TaskInstance: print_hello.save_to_csv_task scheduled__2025-04-05T00:32:00+00:00 [running]> on host 5991717e768c
[2025-04-06T06:03:22.363+0000] {taskinstance.py:3134} INFO - Exporting env vars: AIRFLOW_CTX_DAG_OWNER='Esayed' AIRFLOW_CTX_DAG_ID='print_hello' AIRFLOW_CTX_TASK_ID='save_to_csv_task' AIRFLOW_CTX_EXECUTION_DATE='2025-04-05T00:32:00+00:00' AIRFLOW_CTX_TRY_NUMBER='1' AIRFLOW_CTX_DAG_RUN_ID='scheduled__2025-04-05T00:32:00+00:00'
[2025-04-06T06:03:22.365+0000] {logging_mixin.py:190} INFO - Task instance is in running state
[2025-04-06T06:03:22.366+0000] {logging_mixin.py:190} INFO -  Previous state of the Task instance: queued
[2025-04-06T06:03:22.368+0000] {logging_mixin.py:190} INFO - Current task name:save_to_csv_task state:running start_date:2025-04-06 06:03:21.197446+00:00
[2025-04-06T06:03:22.369+0000] {logging_mixin.py:190} INFO - Dag name:print_hello and current dag run status:running
[2025-04-06T06:03:22.370+0000] {taskinstance.py:732} INFO - ::endgroup::
[2025-04-06T06:03:22.385+0000] {python.py:240} INFO - Done. Returned value was: None
[2025-04-06T06:03:22.419+0000] {taskinstance.py:341} INFO - ::group::Post task execution logs
[2025-04-06T06:03:22.423+0000] {taskinstance.py:353} INFO - Marking task as SUCCESS. dag_id=print_hello, task_id=save_to_csv_task, run_id=scheduled__2025-04-05T00:32:00+00:00, execution_date=20250405T003200, start_date=20250406T060321, end_date=20250406T060322
[2025-04-06T06:03:22.531+0000] {logging_mixin.py:190} INFO - Task instance in success state
[2025-04-06T06:03:22.532+0000] {logging_mixin.py:190} INFO -  Previous state of the Task instance: running
[2025-04-06T06:03:22.534+0000] {logging_mixin.py:190} INFO - Dag name:print_hello queued_at:2025-04-06 06:03:11.732160+00:00
[2025-04-06T06:03:22.544+0000] {logging_mixin.py:190} INFO - Task hostname:5991717e768c operator:PythonOperator
[2025-04-06T06:03:22.610+0000] {local_task_job_runner.py:266} INFO - Task exited with return code 0
[2025-04-06T06:03:22.636+0000] {local_task_job_runner.py:245} INFO - ::endgroup::
[2025-04-06T06:15:35.861+0000] {local_task_job_runner.py:123} INFO - ::group::Pre task execution logs
[2025-04-06T06:15:35.921+0000] {taskinstance.py:2614} INFO - Dependencies all met for dep_context=non-requeueable deps ti=<TaskInstance: print_hello.save_to_csv_task scheduled__2025-04-05T00:32:00+00:00 [queued]>
[2025-04-06T06:15:35.966+0000] {taskinstance.py:2614} INFO - Dependencies all met for dep_context=requeueable deps ti=<TaskInstance: print_hello.save_to_csv_task scheduled__2025-04-05T00:32:00+00:00 [queued]>
[2025-04-06T06:15:35.968+0000] {taskinstance.py:2867} INFO - Starting attempt 1 of 2
[2025-04-06T06:15:36.460+0000] {taskinstance.py:2890} INFO - Executing <Task(PythonOperator): save_to_csv_task> on 2025-04-05 00:32:00+00:00
[2025-04-06T06:15:36.480+0000] {warnings.py:112} WARNING - /home/***/.local/lib/python3.12/site-packages/***/task/task_runner/standard_task_runner.py:70: DeprecationWarning: This process (pid=1172) is multi-threaded, use of fork() may lead to deadlocks in the child.
  pid = os.fork()

[2025-04-06T06:15:36.487+0000] {standard_task_runner.py:72} INFO - Started process 1222 to run task
[2025-04-06T06:15:36.490+0000] {standard_task_runner.py:104} INFO - Running: ['***', 'tasks', 'run', 'print_hello', 'save_to_csv_task', 'scheduled__2025-04-05T00:32:00+00:00', '--job-id', '244', '--raw', '--subdir', 'DAGS_FOLDER/print_hello.py', '--cfg-path', '/tmp/tmpein8pf0p']
[2025-04-06T06:15:36.494+0000] {standard_task_runner.py:105} INFO - Job 244: Subtask save_to_csv_task
[2025-04-06T06:15:36.677+0000] {task_command.py:467} INFO - Running <TaskInstance: print_hello.save_to_csv_task scheduled__2025-04-05T00:32:00+00:00 [running]> on host 5991717e768c
[2025-04-06T06:15:36.921+0000] {taskinstance.py:3134} INFO - Exporting env vars: AIRFLOW_CTX_DAG_OWNER='Esayed' AIRFLOW_CTX_DAG_ID='print_hello' AIRFLOW_CTX_TASK_ID='save_to_csv_task' AIRFLOW_CTX_EXECUTION_DATE='2025-04-05T00:32:00+00:00' AIRFLOW_CTX_TRY_NUMBER='1' AIRFLOW_CTX_DAG_RUN_ID='scheduled__2025-04-05T00:32:00+00:00'
[2025-04-06T06:15:36.930+0000] {logging_mixin.py:190} INFO - Task instance is in running state
[2025-04-06T06:15:36.932+0000] {logging_mixin.py:190} INFO -  Previous state of the Task instance: queued
[2025-04-06T06:15:36.933+0000] {logging_mixin.py:190} INFO - Current task name:save_to_csv_task state:running start_date:2025-04-06 06:15:35.928228+00:00
[2025-04-06T06:15:36.934+0000] {logging_mixin.py:190} INFO - Dag name:print_hello and current dag run status:running
[2025-04-06T06:15:36.935+0000] {taskinstance.py:732} INFO - ::endgroup::
[2025-04-06T06:15:36.950+0000] {python.py:240} INFO - Done. Returned value was: None
[2025-04-06T06:15:36.988+0000] {taskinstance.py:341} INFO - ::group::Post task execution logs
[2025-04-06T06:15:36.994+0000] {taskinstance.py:353} INFO - Marking task as SUCCESS. dag_id=print_hello, task_id=save_to_csv_task, run_id=scheduled__2025-04-05T00:32:00+00:00, execution_date=20250405T003200, start_date=20250406T061535, end_date=20250406T061536
[2025-04-06T06:15:37.098+0000] {logging_mixin.py:190} INFO - Task instance in success state
[2025-04-06T06:15:37.100+0000] {logging_mixin.py:190} INFO -  Previous state of the Task instance: running
[2025-04-06T06:15:37.101+0000] {logging_mixin.py:190} INFO - Dag name:print_hello queued_at:2025-04-06 06:15:26.336355+00:00
[2025-04-06T06:15:37.103+0000] {logging_mixin.py:190} INFO - Task hostname:5991717e768c operator:PythonOperator
[2025-04-06T06:15:37.155+0000] {local_task_job_runner.py:266} INFO - Task exited with return code 0
[2025-04-06T06:15:37.194+0000] {taskinstance.py:3901} INFO - 0 downstream tasks scheduled from follow-on schedule check
[2025-04-06T06:15:37.204+0000] {local_task_job_runner.py:245} INFO - ::endgroup::
