[2025-04-06T06:03:05.585+0000] {local_task_job_runner.py:123} INFO - ::group::Pre task execution logs
[2025-04-06T06:03:05.638+0000] {taskinstance.py:2614} INFO - Dependencies all met for dep_context=non-requeueable deps ti=<TaskInstance: print_hello.save_to_csv_task scheduled__2025-04-05T00:25:00+00:00 [queued]>
[2025-04-06T06:03:05.671+0000] {taskinstance.py:2614} INFO - Dependencies all met for dep_context=requeueable deps ti=<TaskInstance: print_hello.save_to_csv_task scheduled__2025-04-05T00:25:00+00:00 [queued]>
[2025-04-06T06:03:05.672+0000] {taskinstance.py:2867} INFO - Starting attempt 1 of 2
[2025-04-06T06:03:06.058+0000] {taskinstance.py:2890} INFO - Executing <Task(PythonOperator): save_to_csv_task> on 2025-04-05 00:25:00+00:00
[2025-04-06T06:03:06.074+0000] {warnings.py:112} WARNING - /home/***/.local/lib/python3.12/site-packages/***/task/task_runner/standard_task_runner.py:70: DeprecationWarning: This process (pid=321) is multi-threaded, use of fork() may lead to deadlocks in the child.
  pid = os.fork()

[2025-04-06T06:03:06.077+0000] {standard_task_runner.py:72} INFO - Started process 354 to run task
[2025-04-06T06:03:06.077+0000] {standard_task_runner.py:104} INFO - Running: ['***', 'tasks', 'run', 'print_hello', 'save_to_csv_task', 'scheduled__2025-04-05T00:25:00+00:00', '--job-id', '68', '--raw', '--subdir', 'DAGS_FOLDER/print_hello.py', '--cfg-path', '/tmp/tmpkkjnsx5l']
[2025-04-06T06:03:06.080+0000] {standard_task_runner.py:105} INFO - Job 68: Subtask save_to_csv_task
[2025-04-06T06:03:06.169+0000] {task_command.py:467} INFO - Running <TaskInstance: print_hello.save_to_csv_task scheduled__2025-04-05T00:25:00+00:00 [running]> on host 5991717e768c
[2025-04-06T06:03:06.327+0000] {taskinstance.py:3134} INFO - Exporting env vars: AIRFLOW_CTX_DAG_OWNER='Esayed' AIRFLOW_CTX_DAG_ID='print_hello' AIRFLOW_CTX_TASK_ID='save_to_csv_task' AIRFLOW_CTX_EXECUTION_DATE='2025-04-05T00:25:00+00:00' AIRFLOW_CTX_TRY_NUMBER='1' AIRFLOW_CTX_DAG_RUN_ID='scheduled__2025-04-05T00:25:00+00:00'
[2025-04-06T06:03:06.330+0000] {logging_mixin.py:190} INFO - Task instance is in running state
[2025-04-06T06:03:06.331+0000] {logging_mixin.py:190} INFO -  Previous state of the Task instance: queued
[2025-04-06T06:03:06.332+0000] {logging_mixin.py:190} INFO - Current task name:save_to_csv_task state:running start_date:2025-04-06 06:03:05.639338+00:00
[2025-04-06T06:03:06.333+0000] {logging_mixin.py:190} INFO - Dag name:print_hello and current dag run status:running
[2025-04-06T06:03:06.335+0000] {taskinstance.py:732} INFO - ::endgroup::
[2025-04-06T06:03:06.348+0000] {python.py:240} INFO - Done. Returned value was: None
[2025-04-06T06:03:06.371+0000] {taskinstance.py:341} INFO - ::group::Post task execution logs
[2025-04-06T06:03:06.377+0000] {taskinstance.py:353} INFO - Marking task as SUCCESS. dag_id=print_hello, task_id=save_to_csv_task, run_id=scheduled__2025-04-05T00:25:00+00:00, execution_date=20250405T002500, start_date=20250406T060305, end_date=20250406T060306
[2025-04-06T06:03:06.435+0000] {logging_mixin.py:190} INFO - Task instance in success state
[2025-04-06T06:03:06.437+0000] {logging_mixin.py:190} INFO -  Previous state of the Task instance: running
[2025-04-06T06:03:06.438+0000] {logging_mixin.py:190} INFO - Dag name:print_hello queued_at:2025-04-06 06:02:56.233868+00:00
[2025-04-06T06:03:06.439+0000] {logging_mixin.py:190} INFO - Task hostname:5991717e768c operator:PythonOperator
[2025-04-06T06:03:06.501+0000] {local_task_job_runner.py:266} INFO - Task exited with return code 0
[2025-04-06T06:03:06.529+0000] {taskinstance.py:3901} INFO - 0 downstream tasks scheduled from follow-on schedule check
[2025-04-06T06:03:06.535+0000] {local_task_job_runner.py:245} INFO - ::endgroup::
[2025-04-06T06:15:22.001+0000] {local_task_job_runner.py:123} INFO - ::group::Pre task execution logs
[2025-04-06T06:15:22.056+0000] {taskinstance.py:2614} INFO - Dependencies all met for dep_context=non-requeueable deps ti=<TaskInstance: print_hello.save_to_csv_task scheduled__2025-04-05T00:25:00+00:00 [queued]>
[2025-04-06T06:15:22.084+0000] {taskinstance.py:2614} INFO - Dependencies all met for dep_context=requeueable deps ti=<TaskInstance: print_hello.save_to_csv_task scheduled__2025-04-05T00:25:00+00:00 [queued]>
[2025-04-06T06:15:22.085+0000] {taskinstance.py:2867} INFO - Starting attempt 1 of 2
[2025-04-06T06:15:22.515+0000] {taskinstance.py:2890} INFO - Executing <Task(PythonOperator): save_to_csv_task> on 2025-04-05 00:25:00+00:00
[2025-04-06T06:15:22.531+0000] {warnings.py:112} WARNING - /home/***/.local/lib/python3.12/site-packages/***/task/task_runner/standard_task_runner.py:70: DeprecationWarning: This process (pid=1070) is multi-threaded, use of fork() may lead to deadlocks in the child.
  pid = os.fork()

[2025-04-06T06:15:22.534+0000] {standard_task_runner.py:72} INFO - Started process 1114 to run task
[2025-04-06T06:15:22.533+0000] {standard_task_runner.py:104} INFO - Running: ['***', 'tasks', 'run', 'print_hello', 'save_to_csv_task', 'scheduled__2025-04-05T00:25:00+00:00', '--job-id', '221', '--raw', '--subdir', 'DAGS_FOLDER/print_hello.py', '--cfg-path', '/tmp/tmpp_cv5_vy']
[2025-04-06T06:15:22.535+0000] {standard_task_runner.py:105} INFO - Job 221: Subtask save_to_csv_task
[2025-04-06T06:15:22.616+0000] {task_command.py:467} INFO - Running <TaskInstance: print_hello.save_to_csv_task scheduled__2025-04-05T00:25:00+00:00 [running]> on host 5991717e768c
[2025-04-06T06:15:22.768+0000] {taskinstance.py:3134} INFO - Exporting env vars: AIRFLOW_CTX_DAG_OWNER='Esayed' AIRFLOW_CTX_DAG_ID='print_hello' AIRFLOW_CTX_TASK_ID='save_to_csv_task' AIRFLOW_CTX_EXECUTION_DATE='2025-04-05T00:25:00+00:00' AIRFLOW_CTX_TRY_NUMBER='1' AIRFLOW_CTX_DAG_RUN_ID='scheduled__2025-04-05T00:25:00+00:00'
[2025-04-06T06:15:22.770+0000] {logging_mixin.py:190} INFO - Task instance is in running state
[2025-04-06T06:15:22.772+0000] {logging_mixin.py:190} INFO -  Previous state of the Task instance: queued
[2025-04-06T06:15:22.773+0000] {logging_mixin.py:190} INFO - Current task name:save_to_csv_task state:running start_date:2025-04-06 06:15:22.057772+00:00
[2025-04-06T06:15:22.774+0000] {logging_mixin.py:190} INFO - Dag name:print_hello and current dag run status:running
[2025-04-06T06:15:22.775+0000] {taskinstance.py:732} INFO - ::endgroup::
[2025-04-06T06:15:22.787+0000] {python.py:240} INFO - Done. Returned value was: None
[2025-04-06T06:15:22.803+0000] {taskinstance.py:341} INFO - ::group::Post task execution logs
[2025-04-06T06:15:22.805+0000] {taskinstance.py:353} INFO - Marking task as SUCCESS. dag_id=print_hello, task_id=save_to_csv_task, run_id=scheduled__2025-04-05T00:25:00+00:00, execution_date=20250405T002500, start_date=20250406T061522, end_date=20250406T061522
[2025-04-06T06:15:22.862+0000] {logging_mixin.py:190} INFO - Task instance in success state
[2025-04-06T06:15:22.863+0000] {logging_mixin.py:190} INFO -  Previous state of the Task instance: running
[2025-04-06T06:15:22.866+0000] {logging_mixin.py:190} INFO - Dag name:print_hello queued_at:2025-04-06 06:15:12.270563+00:00
[2025-04-06T06:15:22.867+0000] {logging_mixin.py:190} INFO - Task hostname:5991717e768c operator:PythonOperator
[2025-04-06T06:15:22.918+0000] {local_task_job_runner.py:266} INFO - Task exited with return code 0
[2025-04-06T06:15:22.936+0000] {local_task_job_runner.py:245} INFO - ::endgroup::
