[2025-04-06T06:03:23.421+0000] {local_task_job_runner.py:123} INFO - ::group::Pre task execution logs
[2025-04-06T06:03:23.486+0000] {taskinstance.py:2614} INFO - Dependencies all met for dep_context=non-requeueable deps ti=<TaskInstance: print_hello.save_to_csv_task scheduled__2025-04-05T00:37:00+00:00 [queued]>
[2025-04-06T06:03:23.549+0000] {taskinstance.py:2614} INFO - Dependencies all met for dep_context=requeueable deps ti=<TaskInstance: print_hello.save_to_csv_task scheduled__2025-04-05T00:37:00+00:00 [queued]>
[2025-04-06T06:03:23.551+0000] {taskinstance.py:2867} INFO - Starting attempt 1 of 2
[2025-04-06T06:03:23.997+0000] {taskinstance.py:2890} INFO - Executing <Task(PythonOperator): save_to_csv_task> on 2025-04-05 00:37:00+00:00
[2025-04-06T06:03:24.017+0000] {warnings.py:112} WARNING - /home/***/.local/lib/python3.12/site-packages/***/task/task_runner/standard_task_runner.py:70: DeprecationWarning: This process (pid=438) is multi-threaded, use of fork() may lead to deadlocks in the child.
  pid = os.fork()

[2025-04-06T06:03:24.021+0000] {standard_task_runner.py:72} INFO - Started process 493 to run task
[2025-04-06T06:03:24.026+0000] {standard_task_runner.py:104} INFO - Running: ['***', 'tasks', 'run', 'print_hello', 'save_to_csv_task', 'scheduled__2025-04-05T00:37:00+00:00', '--job-id', '102', '--raw', '--subdir', 'DAGS_FOLDER/print_hello.py', '--cfg-path', '/tmp/tmpmbhmr0bo']
[2025-04-06T06:03:24.029+0000] {standard_task_runner.py:105} INFO - Job 102: Subtask save_to_csv_task
[2025-04-06T06:03:24.160+0000] {task_command.py:467} INFO - Running <TaskInstance: print_hello.save_to_csv_task scheduled__2025-04-05T00:37:00+00:00 [running]> on host 5991717e768c
[2025-04-06T06:03:24.363+0000] {taskinstance.py:3134} INFO - Exporting env vars: AIRFLOW_CTX_DAG_OWNER='Esayed' AIRFLOW_CTX_DAG_ID='print_hello' AIRFLOW_CTX_TASK_ID='save_to_csv_task' AIRFLOW_CTX_EXECUTION_DATE='2025-04-05T00:37:00+00:00' AIRFLOW_CTX_TRY_NUMBER='1' AIRFLOW_CTX_DAG_RUN_ID='scheduled__2025-04-05T00:37:00+00:00'
[2025-04-06T06:03:24.366+0000] {logging_mixin.py:190} INFO - Task instance is in running state
[2025-04-06T06:03:24.369+0000] {logging_mixin.py:190} INFO -  Previous state of the Task instance: queued
[2025-04-06T06:03:24.371+0000] {logging_mixin.py:190} INFO - Current task name:save_to_csv_task state:running start_date:2025-04-06 06:03:23.487681+00:00
[2025-04-06T06:03:24.375+0000] {logging_mixin.py:190} INFO - Dag name:print_hello and current dag run status:running
[2025-04-06T06:03:24.376+0000] {taskinstance.py:732} INFO - ::endgroup::
[2025-04-06T06:03:24.391+0000] {python.py:240} INFO - Done. Returned value was: None
[2025-04-06T06:03:24.416+0000] {taskinstance.py:341} INFO - ::group::Post task execution logs
[2025-04-06T06:03:24.417+0000] {taskinstance.py:353} INFO - Marking task as SUCCESS. dag_id=print_hello, task_id=save_to_csv_task, run_id=scheduled__2025-04-05T00:37:00+00:00, execution_date=20250405T003700, start_date=20250406T060323, end_date=20250406T060324
[2025-04-06T06:03:24.472+0000] {logging_mixin.py:190} INFO - Task instance in success state
[2025-04-06T06:03:24.473+0000] {logging_mixin.py:190} INFO -  Previous state of the Task instance: running
[2025-04-06T06:03:24.475+0000] {logging_mixin.py:190} INFO - Dag name:print_hello queued_at:2025-04-06 06:03:12.457091+00:00
[2025-04-06T06:03:24.476+0000] {logging_mixin.py:190} INFO - Task hostname:5991717e768c operator:PythonOperator
[2025-04-06T06:03:24.537+0000] {local_task_job_runner.py:266} INFO - Task exited with return code 0
[2025-04-06T06:03:24.568+0000] {taskinstance.py:3901} INFO - 0 downstream tasks scheduled from follow-on schedule check
[2025-04-06T06:03:24.573+0000] {local_task_job_runner.py:245} INFO - ::endgroup::
[2025-04-06T06:15:39.939+0000] {local_task_job_runner.py:123} INFO - ::group::Pre task execution logs
[2025-04-06T06:15:39.989+0000] {taskinstance.py:2614} INFO - Dependencies all met for dep_context=non-requeueable deps ti=<TaskInstance: print_hello.save_to_csv_task scheduled__2025-04-05T00:37:00+00:00 [queued]>
[2025-04-06T06:15:40.021+0000] {taskinstance.py:2614} INFO - Dependencies all met for dep_context=requeueable deps ti=<TaskInstance: print_hello.save_to_csv_task scheduled__2025-04-05T00:37:00+00:00 [queued]>
[2025-04-06T06:15:40.023+0000] {taskinstance.py:2867} INFO - Starting attempt 1 of 2
[2025-04-06T06:15:40.602+0000] {taskinstance.py:2890} INFO - Executing <Task(PythonOperator): save_to_csv_task> on 2025-04-05 00:37:00+00:00
[2025-04-06T06:15:40.620+0000] {warnings.py:112} WARNING - /home/***/.local/lib/python3.12/site-packages/***/task/task_runner/standard_task_runner.py:70: DeprecationWarning: This process (pid=1206) is multi-threaded, use of fork() may lead to deadlocks in the child.
  pid = os.fork()

[2025-04-06T06:15:40.624+0000] {standard_task_runner.py:72} INFO - Started process 1248 to run task
[2025-04-06T06:15:40.644+0000] {standard_task_runner.py:104} INFO - Running: ['***', 'tasks', 'run', 'print_hello', 'save_to_csv_task', 'scheduled__2025-04-05T00:37:00+00:00', '--job-id', '252', '--raw', '--subdir', 'DAGS_FOLDER/print_hello.py', '--cfg-path', '/tmp/tmpog9xfv1o']
[2025-04-06T06:15:40.654+0000] {standard_task_runner.py:105} INFO - Job 252: Subtask save_to_csv_task
[2025-04-06T06:15:40.811+0000] {task_command.py:467} INFO - Running <TaskInstance: print_hello.save_to_csv_task scheduled__2025-04-05T00:37:00+00:00 [running]> on host 5991717e768c
[2025-04-06T06:15:41.073+0000] {taskinstance.py:3134} INFO - Exporting env vars: AIRFLOW_CTX_DAG_OWNER='Esayed' AIRFLOW_CTX_DAG_ID='print_hello' AIRFLOW_CTX_TASK_ID='save_to_csv_task' AIRFLOW_CTX_EXECUTION_DATE='2025-04-05T00:37:00+00:00' AIRFLOW_CTX_TRY_NUMBER='1' AIRFLOW_CTX_DAG_RUN_ID='scheduled__2025-04-05T00:37:00+00:00'
[2025-04-06T06:15:41.080+0000] {logging_mixin.py:190} INFO - Task instance is in running state
[2025-04-06T06:15:41.082+0000] {logging_mixin.py:190} INFO -  Previous state of the Task instance: queued
[2025-04-06T06:15:41.083+0000] {logging_mixin.py:190} INFO - Current task name:save_to_csv_task state:running start_date:2025-04-06 06:15:39.990697+00:00
[2025-04-06T06:15:41.084+0000] {logging_mixin.py:190} INFO - Dag name:print_hello and current dag run status:running
[2025-04-06T06:15:41.085+0000] {taskinstance.py:732} INFO - ::endgroup::
[2025-04-06T06:15:41.101+0000] {python.py:240} INFO - Done. Returned value was: None
[2025-04-06T06:15:41.123+0000] {taskinstance.py:341} INFO - ::group::Post task execution logs
[2025-04-06T06:15:41.125+0000] {taskinstance.py:353} INFO - Marking task as SUCCESS. dag_id=print_hello, task_id=save_to_csv_task, run_id=scheduled__2025-04-05T00:37:00+00:00, execution_date=20250405T003700, start_date=20250406T061539, end_date=20250406T061541
[2025-04-06T06:15:41.219+0000] {logging_mixin.py:190} INFO - Task instance in success state
[2025-04-06T06:15:41.223+0000] {logging_mixin.py:190} INFO -  Previous state of the Task instance: running
[2025-04-06T06:15:41.226+0000] {logging_mixin.py:190} INFO - Dag name:print_hello queued_at:2025-04-06 06:15:26.949853+00:00
[2025-04-06T06:15:41.233+0000] {logging_mixin.py:190} INFO - Task hostname:5991717e768c operator:PythonOperator
[2025-04-06T06:15:41.292+0000] {local_task_job_runner.py:266} INFO - Task exited with return code 0
[2025-04-06T06:15:41.318+0000] {local_task_job_runner.py:245} INFO - ::endgroup::
