[2025-04-06T06:32:28.091+0000] {local_task_job_runner.py:123} INFO - ::group::Pre task execution logs
[2025-04-06T06:32:29.562+0000] {taskinstance.py:2614} INFO - Dependencies all met for dep_context=non-requeueable deps ti=<TaskInstance: print_hello2.print_hello_task scheduled__2025-04-05T00:10:00+00:00 [queued]>
[2025-04-06T06:32:29.584+0000] {taskinstance.py:2614} INFO - Dependencies all met for dep_context=requeueable deps ti=<TaskInstance: print_hello2.print_hello_task scheduled__2025-04-05T00:10:00+00:00 [queued]>
[2025-04-06T06:32:35.960+0000] {taskinstance.py:2867} INFO - Starting attempt 1 of 2
[2025-04-06T06:32:50.019+0000] {taskinstance.py:2890} INFO - Executing <Task(PythonOperator): print_hello_task> on 2025-04-05 00:10:00+00:00
[2025-04-06T06:32:50.057+0000] {warnings.py:112} WARNING - /home/***/.local/lib/python3.12/site-packages/***/task/task_runner/standard_task_runner.py:70: DeprecationWarning: This process (pid=1604) is multi-threaded, use of fork() may lead to deadlocks in the child.
  pid = os.fork()

[2025-04-06T06:32:50.068+0000] {standard_task_runner.py:72} INFO - Started process 1629 to run task
[2025-04-06T06:32:50.059+0000] {standard_task_runner.py:104} INFO - Running: ['***', 'tasks', 'run', 'print_hello2', 'print_hello_task', 'scheduled__2025-04-05T00:10:00+00:00', '--job-id', '293', '--raw', '--subdir', 'DAGS_FOLDER/print_hello.py', '--cfg-path', '/tmp/tmp3pqxyugy']
[2025-04-06T06:32:50.085+0000] {standard_task_runner.py:105} INFO - Job 293: Subtask print_hello_task
[2025-04-06T06:33:01.128+0000] {job.py:229} INFO - Heartbeat recovered after 33.27 seconds
[2025-04-06T06:33:16.106+0000] {job.py:229} INFO - Heartbeat recovered after 15.89 seconds
[2025-04-06T06:33:16.802+0000] {task_command.py:467} INFO - Running <TaskInstance: print_hello2.print_hello_task scheduled__2025-04-05T00:10:00+00:00 [running]> on host 5991717e768c
[2025-04-06T06:33:52.083+0000] {job.py:229} INFO - Heartbeat recovered after 38.23 seconds
[2025-04-06T06:33:52.236+0000] {taskinstance.py:3134} INFO - Exporting env vars: AIRFLOW_CTX_DAG_OWNER='Esayed' AIRFLOW_CTX_DAG_ID='print_hello2' AIRFLOW_CTX_TASK_ID='print_hello_task' AIRFLOW_CTX_EXECUTION_DATE='2025-04-05T00:10:00+00:00' AIRFLOW_CTX_TRY_NUMBER='1' AIRFLOW_CTX_DAG_RUN_ID='scheduled__2025-04-05T00:10:00+00:00'
[2025-04-06T06:33:52.243+0000] {logging_mixin.py:190} INFO - Task instance is in running state
[2025-04-06T06:33:52.259+0000] {logging_mixin.py:190} INFO -  Previous state of the Task instance: queued
[2025-04-06T06:33:52.264+0000] {logging_mixin.py:190} INFO - Current task name:print_hello_task state:running start_date:2025-04-06 06:32:29.563994+00:00
[2025-04-06T06:33:52.290+0000] {logging_mixin.py:190} INFO - Dag name:print_hello2 and current dag run status:running
[2025-04-06T06:33:52.295+0000] {taskinstance.py:732} INFO - ::endgroup::
[2025-04-06T06:33:52.355+0000] {logging_mixin.py:190} INFO - hello
[2025-04-06T06:33:52.389+0000] {python.py:240} INFO - Done. Returned value was: None
[2025-04-06T06:33:52.667+0000] {taskinstance.py:341} INFO - ::group::Post task execution logs
[2025-04-06T06:33:52.753+0000] {taskinstance.py:353} INFO - Marking task as SUCCESS. dag_id=print_hello2, task_id=print_hello_task, run_id=scheduled__2025-04-05T00:10:00+00:00, execution_date=20250405T001000, start_date=20250406T063229, end_date=20250406T063352
[2025-04-06T06:33:53.298+0000] {logging_mixin.py:190} INFO - Task instance in success state
[2025-04-06T06:33:53.307+0000] {logging_mixin.py:190} INFO -  Previous state of the Task instance: running
[2025-04-06T06:33:53.309+0000] {logging_mixin.py:190} INFO - Dag name:print_hello2 queued_at:2025-04-06 06:32:24.448517+00:00
[2025-04-06T06:33:53.314+0000] {logging_mixin.py:190} INFO - Task hostname:5991717e768c operator:PythonOperator
[2025-04-06T06:33:53.401+0000] {local_task_job_runner.py:266} INFO - Task exited with return code 0
[2025-04-06T06:33:53.449+0000] {local_task_job_runner.py:245} INFO - ::endgroup::
[2025-04-06T06:34:50.270+0000] {local_task_job_runner.py:123} INFO - ::group::Pre task execution logs
[2025-04-06T06:34:50.322+0000] {taskinstance.py:2614} INFO - Dependencies all met for dep_context=non-requeueable deps ti=<TaskInstance: print_hello2.print_hello_task scheduled__2025-04-05T00:10:00+00:00 [queued]>
[2025-04-06T06:34:50.349+0000] {taskinstance.py:2614} INFO - Dependencies all met for dep_context=requeueable deps ti=<TaskInstance: print_hello2.print_hello_task scheduled__2025-04-05T00:10:00+00:00 [queued]>
[2025-04-06T06:34:50.350+0000] {taskinstance.py:2867} INFO - Starting attempt 1 of 2
[2025-04-06T06:34:50.392+0000] {taskinstance.py:2890} INFO - Executing <Task(PythonOperator): print_hello_task> on 2025-04-05 00:10:00+00:00
[2025-04-06T06:34:50.411+0000] {warnings.py:112} WARNING - /home/***/.local/lib/python3.12/site-packages/***/task/task_runner/standard_task_runner.py:70: DeprecationWarning: This process (pid=1726) is multi-threaded, use of fork() may lead to deadlocks in the child.
  pid = os.fork()

[2025-04-06T06:34:50.415+0000] {standard_task_runner.py:72} INFO - Started process 1751 to run task
[2025-04-06T06:34:50.415+0000] {standard_task_runner.py:104} INFO - Running: ['***', 'tasks', 'run', 'print_hello2', 'print_hello_task', 'scheduled__2025-04-05T00:10:00+00:00', '--job-id', '318', '--raw', '--subdir', 'DAGS_FOLDER/print_hello.py', '--cfg-path', '/tmp/tmpc32vugqo']
[2025-04-06T06:34:50.418+0000] {standard_task_runner.py:105} INFO - Job 318: Subtask print_hello_task
[2025-04-06T06:34:50.548+0000] {task_command.py:467} INFO - Running <TaskInstance: print_hello2.print_hello_task scheduled__2025-04-05T00:10:00+00:00 [running]> on host 5991717e768c
[2025-04-06T06:34:51.315+0000] {taskinstance.py:3134} INFO - Exporting env vars: AIRFLOW_CTX_DAG_OWNER='Esayed' AIRFLOW_CTX_DAG_ID='print_hello2' AIRFLOW_CTX_TASK_ID='print_hello_task' AIRFLOW_CTX_EXECUTION_DATE='2025-04-05T00:10:00+00:00' AIRFLOW_CTX_TRY_NUMBER='1' AIRFLOW_CTX_DAG_RUN_ID='scheduled__2025-04-05T00:10:00+00:00'
[2025-04-06T06:34:51.320+0000] {logging_mixin.py:190} INFO - Task instance is in running state
[2025-04-06T06:34:51.322+0000] {logging_mixin.py:190} INFO -  Previous state of the Task instance: queued
[2025-04-06T06:34:51.326+0000] {logging_mixin.py:190} INFO - Current task name:print_hello_task state:running start_date:2025-04-06 06:34:50.325447+00:00
[2025-04-06T06:34:51.329+0000] {logging_mixin.py:190} INFO - Dag name:print_hello2 and current dag run status:running
[2025-04-06T06:34:51.334+0000] {taskinstance.py:732} INFO - ::endgroup::
[2025-04-06T06:34:51.336+0000] {logging_mixin.py:190} INFO - hello
[2025-04-06T06:34:51.338+0000] {python.py:240} INFO - Done. Returned value was: None
[2025-04-06T06:34:51.373+0000] {taskinstance.py:341} INFO - ::group::Post task execution logs
[2025-04-06T06:34:51.378+0000] {taskinstance.py:353} INFO - Marking task as SUCCESS. dag_id=print_hello2, task_id=print_hello_task, run_id=scheduled__2025-04-05T00:10:00+00:00, execution_date=20250405T001000, start_date=20250406T063450, end_date=20250406T063451
[2025-04-06T06:34:51.468+0000] {logging_mixin.py:190} INFO - Task instance in success state
[2025-04-06T06:34:51.474+0000] {logging_mixin.py:190} INFO -  Previous state of the Task instance: running
[2025-04-06T06:34:51.480+0000] {logging_mixin.py:190} INFO - Dag name:print_hello2 queued_at:2025-04-06 06:34:46.739752+00:00
[2025-04-06T06:34:51.482+0000] {logging_mixin.py:190} INFO - Task hostname:5991717e768c operator:PythonOperator
[2025-04-06T06:34:51.573+0000] {local_task_job_runner.py:266} INFO - Task exited with return code 0
[2025-04-06T06:34:51.607+0000] {local_task_job_runner.py:245} INFO - ::endgroup::
[2025-04-06T06:36:26.306+0000] {local_task_job_runner.py:123} INFO - ::group::Pre task execution logs
[2025-04-06T06:36:26.354+0000] {taskinstance.py:2614} INFO - Dependencies all met for dep_context=non-requeueable deps ti=<TaskInstance: print_hello2.print_hello_task scheduled__2025-04-05T00:10:00+00:00 [queued]>
[2025-04-06T06:36:26.374+0000] {taskinstance.py:2614} INFO - Dependencies all met for dep_context=requeueable deps ti=<TaskInstance: print_hello2.print_hello_task scheduled__2025-04-05T00:10:00+00:00 [queued]>
[2025-04-06T06:36:26.375+0000] {taskinstance.py:2867} INFO - Starting attempt 1 of 2
[2025-04-06T06:36:26.438+0000] {taskinstance.py:2890} INFO - Executing <Task(PythonOperator): print_hello_task> on 2025-04-05 00:10:00+00:00
[2025-04-06T06:36:26.454+0000] {warnings.py:112} WARNING - /home/***/.local/lib/python3.12/site-packages/***/task/task_runner/standard_task_runner.py:70: DeprecationWarning: This process (pid=2023) is multi-threaded, use of fork() may lead to deadlocks in the child.
  pid = os.fork()

[2025-04-06T06:36:26.457+0000] {standard_task_runner.py:72} INFO - Started process 2051 to run task
[2025-04-06T06:36:26.464+0000] {standard_task_runner.py:104} INFO - Running: ['***', 'tasks', 'run', 'print_hello2', 'print_hello_task', 'scheduled__2025-04-05T00:10:00+00:00', '--job-id', '387', '--raw', '--subdir', 'DAGS_FOLDER/print_hello.py', '--cfg-path', '/tmp/tmpwmw5xqmk']
[2025-04-06T06:36:26.467+0000] {standard_task_runner.py:105} INFO - Job 387: Subtask print_hello_task
[2025-04-06T06:36:26.632+0000] {task_command.py:467} INFO - Running <TaskInstance: print_hello2.print_hello_task scheduled__2025-04-05T00:10:00+00:00 [running]> on host 5991717e768c
[2025-04-06T06:36:27.578+0000] {taskinstance.py:3134} INFO - Exporting env vars: AIRFLOW_CTX_DAG_OWNER='Esayed' AIRFLOW_CTX_DAG_ID='print_hello2' AIRFLOW_CTX_TASK_ID='print_hello_task' AIRFLOW_CTX_EXECUTION_DATE='2025-04-05T00:10:00+00:00' AIRFLOW_CTX_TRY_NUMBER='1' AIRFLOW_CTX_DAG_RUN_ID='scheduled__2025-04-05T00:10:00+00:00'
[2025-04-06T06:36:27.582+0000] {logging_mixin.py:190} INFO - Task instance is in running state
[2025-04-06T06:36:27.592+0000] {logging_mixin.py:190} INFO -  Previous state of the Task instance: queued
[2025-04-06T06:36:27.595+0000] {logging_mixin.py:190} INFO - Current task name:print_hello_task state:running start_date:2025-04-06 06:36:26.356006+00:00
[2025-04-06T06:36:27.609+0000] {logging_mixin.py:190} INFO - Dag name:print_hello2 and current dag run status:running
[2025-04-06T06:36:27.612+0000] {taskinstance.py:732} INFO - ::endgroup::
[2025-04-06T06:36:27.619+0000] {logging_mixin.py:190} INFO - hello
[2025-04-06T06:36:27.622+0000] {python.py:240} INFO - Done. Returned value was: None
[2025-04-06T06:36:27.662+0000] {taskinstance.py:341} INFO - ::group::Post task execution logs
[2025-04-06T06:36:27.668+0000] {taskinstance.py:353} INFO - Marking task as SUCCESS. dag_id=print_hello2, task_id=print_hello_task, run_id=scheduled__2025-04-05T00:10:00+00:00, execution_date=20250405T001000, start_date=20250406T063626, end_date=20250406T063627
[2025-04-06T06:36:27.789+0000] {logging_mixin.py:190} INFO - Task instance in success state
[2025-04-06T06:36:27.805+0000] {logging_mixin.py:190} INFO -  Previous state of the Task instance: running
[2025-04-06T06:36:27.807+0000] {logging_mixin.py:190} INFO - Dag name:print_hello2 queued_at:2025-04-06 06:36:22.210009+00:00
[2025-04-06T06:36:27.813+0000] {logging_mixin.py:190} INFO - Task hostname:5991717e768c operator:PythonOperator
[2025-04-06T06:36:27.878+0000] {local_task_job_runner.py:266} INFO - Task exited with return code 0
[2025-04-06T06:36:27.912+0000] {local_task_job_runner.py:245} INFO - ::endgroup::
