[2025-04-06T06:02:31.778+0000] {local_task_job_runner.py:123} INFO - ::group::Pre task execution logs
[2025-04-06T06:02:31.826+0000] {taskinstance.py:2614} INFO - Dependencies all met for dep_context=non-requeueable deps ti=<TaskInstance: print_hello.print_hello_task scheduled__2025-04-05T00:08:00+00:00 [queued]>
[2025-04-06T06:02:31.854+0000] {taskinstance.py:2614} INFO - Dependencies all met for dep_context=requeueable deps ti=<TaskInstance: print_hello.print_hello_task scheduled__2025-04-05T00:08:00+00:00 [queued]>
[2025-04-06T06:02:31.856+0000] {taskinstance.py:2867} INFO - Starting attempt 1 of 2
[2025-04-06T06:02:31.930+0000] {taskinstance.py:2890} INFO - Executing <Task(PythonOperator): print_hello_task> on 2025-04-05 00:08:00+00:00
[2025-04-06T06:02:32.032+0000] {warnings.py:112} WARNING - /home/***/.local/lib/python3.12/site-packages/***/task/task_runner/standard_task_runner.py:70: DeprecationWarning: This process (pid=129) is multi-threaded, use of fork() may lead to deadlocks in the child.
  pid = os.fork()

[2025-04-06T06:02:32.037+0000] {standard_task_runner.py:72} INFO - Started process 164 to run task
[2025-04-06T06:02:32.092+0000] {standard_task_runner.py:104} INFO - Running: ['***', 'tasks', 'run', 'print_hello', 'print_hello_task', 'scheduled__2025-04-05T00:08:00+00:00', '--job-id', '26', '--raw', '--subdir', 'DAGS_FOLDER/print_hello.py', '--cfg-path', '/tmp/tmpumvr6gus']
[2025-04-06T06:02:32.094+0000] {standard_task_runner.py:105} INFO - Job 26: Subtask print_hello_task
[2025-04-06T06:02:32.578+0000] {task_command.py:467} INFO - Running <TaskInstance: print_hello.print_hello_task scheduled__2025-04-05T00:08:00+00:00 [running]> on host 5991717e768c
[2025-04-06T06:02:34.892+0000] {taskinstance.py:3134} INFO - Exporting env vars: AIRFLOW_CTX_DAG_OWNER='Esayed' AIRFLOW_CTX_DAG_ID='print_hello' AIRFLOW_CTX_TASK_ID='print_hello_task' AIRFLOW_CTX_EXECUTION_DATE='2025-04-05T00:08:00+00:00' AIRFLOW_CTX_TRY_NUMBER='1' AIRFLOW_CTX_DAG_RUN_ID='scheduled__2025-04-05T00:08:00+00:00'
[2025-04-06T06:02:35.069+0000] {logging_mixin.py:190} INFO - Task instance is in running state
[2025-04-06T06:02:35.076+0000] {logging_mixin.py:190} INFO -  Previous state of the Task instance: queued
[2025-04-06T06:02:35.077+0000] {logging_mixin.py:190} INFO - Current task name:print_hello_task state:running start_date:2025-04-06 06:02:31.827350+00:00
[2025-04-06T06:02:35.078+0000] {logging_mixin.py:190} INFO - Dag name:print_hello and current dag run status:running
[2025-04-06T06:02:35.085+0000] {taskinstance.py:732} INFO - ::endgroup::
[2025-04-06T06:02:35.088+0000] {logging_mixin.py:190} INFO - hello
[2025-04-06T06:02:35.089+0000] {python.py:240} INFO - Done. Returned value was: None
[2025-04-06T06:02:35.216+0000] {taskinstance.py:341} INFO - ::group::Post task execution logs
[2025-04-06T06:02:35.232+0000] {taskinstance.py:353} INFO - Marking task as SUCCESS. dag_id=print_hello, task_id=print_hello_task, run_id=scheduled__2025-04-05T00:08:00+00:00, execution_date=20250405T000800, start_date=20250406T060231, end_date=20250406T060235
[2025-04-06T06:02:35.721+0000] {logging_mixin.py:190} INFO - Task instance in success state
[2025-04-06T06:02:35.722+0000] {logging_mixin.py:190} INFO -  Previous state of the Task instance: running
[2025-04-06T06:02:35.723+0000] {logging_mixin.py:190} INFO - Dag name:print_hello queued_at:2025-04-06 06:02:21.322190+00:00
[2025-04-06T06:02:35.724+0000] {logging_mixin.py:190} INFO - Task hostname:5991717e768c operator:PythonOperator
[2025-04-06T06:02:35.802+0000] {local_task_job_runner.py:266} INFO - Task exited with return code 0
[2025-04-06T06:02:37.042+0000] {standard_task_runner.py:217} INFO - Process not found (most likely exited), stop collecting metrics
[2025-04-06T06:02:38.061+0000] {taskinstance.py:3901} INFO - 0 downstream tasks scheduled from follow-on schedule check
[2025-04-06T06:02:38.078+0000] {local_task_job_runner.py:245} INFO - ::endgroup::
[2025-04-06T06:14:56.493+0000] {local_task_job_runner.py:123} INFO - ::group::Pre task execution logs
[2025-04-06T06:14:56.528+0000] {taskinstance.py:2614} INFO - Dependencies all met for dep_context=non-requeueable deps ti=<TaskInstance: print_hello.print_hello_task scheduled__2025-04-05T00:08:00+00:00 [queued]>
[2025-04-06T06:14:56.546+0000] {taskinstance.py:2614} INFO - Dependencies all met for dep_context=requeueable deps ti=<TaskInstance: print_hello.print_hello_task scheduled__2025-04-05T00:08:00+00:00 [queued]>
[2025-04-06T06:14:56.547+0000] {taskinstance.py:2867} INFO - Starting attempt 1 of 2
[2025-04-06T06:14:56.596+0000] {taskinstance.py:2890} INFO - Executing <Task(PythonOperator): print_hello_task> on 2025-04-05 00:08:00+00:00
[2025-04-06T06:14:56.616+0000] {warnings.py:112} WARNING - /home/***/.local/lib/python3.12/site-packages/***/task/task_runner/standard_task_runner.py:70: DeprecationWarning: This process (pid=881) is multi-threaded, use of fork() may lead to deadlocks in the child.
  pid = os.fork()

[2025-04-06T06:14:56.620+0000] {standard_task_runner.py:72} INFO - Started process 918 to run task
[2025-04-06T06:14:56.621+0000] {standard_task_runner.py:104} INFO - Running: ['***', 'tasks', 'run', 'print_hello', 'print_hello_task', 'scheduled__2025-04-05T00:08:00+00:00', '--job-id', '172', '--raw', '--subdir', 'DAGS_FOLDER/print_hello.py', '--cfg-path', '/tmp/tmpnqxc1vz9']
[2025-04-06T06:14:56.623+0000] {standard_task_runner.py:105} INFO - Job 172: Subtask print_hello_task
[2025-04-06T06:14:57.249+0000] {task_command.py:467} INFO - Running <TaskInstance: print_hello.print_hello_task scheduled__2025-04-05T00:08:00+00:00 [running]> on host 5991717e768c
[2025-04-06T06:14:57.490+0000] {taskinstance.py:3134} INFO - Exporting env vars: AIRFLOW_CTX_DAG_OWNER='Esayed' AIRFLOW_CTX_DAG_ID='print_hello' AIRFLOW_CTX_TASK_ID='print_hello_task' AIRFLOW_CTX_EXECUTION_DATE='2025-04-05T00:08:00+00:00' AIRFLOW_CTX_TRY_NUMBER='1' AIRFLOW_CTX_DAG_RUN_ID='scheduled__2025-04-05T00:08:00+00:00'
[2025-04-06T06:14:57.498+0000] {logging_mixin.py:190} INFO - Task instance is in running state
[2025-04-06T06:14:57.503+0000] {logging_mixin.py:190} INFO -  Previous state of the Task instance: queued
[2025-04-06T06:14:57.511+0000] {logging_mixin.py:190} INFO - Current task name:print_hello_task state:running start_date:2025-04-06 06:14:56.529413+00:00
[2025-04-06T06:14:57.512+0000] {logging_mixin.py:190} INFO - Dag name:print_hello and current dag run status:running
[2025-04-06T06:14:57.513+0000] {taskinstance.py:732} INFO - ::endgroup::
[2025-04-06T06:14:57.526+0000] {logging_mixin.py:190} INFO - hello
[2025-04-06T06:14:57.527+0000] {python.py:240} INFO - Done. Returned value was: None
[2025-04-06T06:14:57.564+0000] {taskinstance.py:341} INFO - ::group::Post task execution logs
[2025-04-06T06:14:57.571+0000] {taskinstance.py:353} INFO - Marking task as SUCCESS. dag_id=print_hello, task_id=print_hello_task, run_id=scheduled__2025-04-05T00:08:00+00:00, execution_date=20250405T000800, start_date=20250406T061456, end_date=20250406T061457
[2025-04-06T06:14:57.652+0000] {logging_mixin.py:190} INFO - Task instance in success state
[2025-04-06T06:14:57.653+0000] {logging_mixin.py:190} INFO -  Previous state of the Task instance: running
[2025-04-06T06:14:57.654+0000] {logging_mixin.py:190} INFO - Dag name:print_hello queued_at:2025-04-06 06:14:52.579395+00:00
[2025-04-06T06:14:57.656+0000] {logging_mixin.py:190} INFO - Task hostname:5991717e768c operator:PythonOperator
[2025-04-06T06:14:57.737+0000] {local_task_job_runner.py:266} INFO - Task exited with return code 0
[2025-04-06T06:14:58.343+0000] {taskinstance.py:3901} INFO - 0 downstream tasks scheduled from follow-on schedule check
[2025-04-06T06:14:58.354+0000] {local_task_job_runner.py:245} INFO - ::endgroup::
