[2025-04-06T06:03:36.845+0000] {local_task_job_runner.py:123} INFO - ::group::Pre task execution logs
[2025-04-06T06:03:36.874+0000] {taskinstance.py:2614} INFO - Dependencies all met for dep_context=non-requeueable deps ti=<TaskInstance: print_hello.save_to_csv_task scheduled__2025-04-05T00:52:00+00:00 [queued]>
[2025-04-06T06:03:36.899+0000] {taskinstance.py:2614} INFO - Dependencies all met for dep_context=requeueable deps ti=<TaskInstance: print_hello.save_to_csv_task scheduled__2025-04-05T00:52:00+00:00 [queued]>
[2025-04-06T06:03:36.899+0000] {taskinstance.py:2867} INFO - Starting attempt 1 of 2
[2025-04-06T06:03:37.196+0000] {taskinstance.py:2890} INFO - Executing <Task(PythonOperator): save_to_csv_task> on 2025-04-05 00:52:00+00:00
[2025-04-06T06:03:37.213+0000] {warnings.py:112} WARNING - /home/***/.local/lib/python3.12/site-packages/***/task/task_runner/standard_task_runner.py:70: DeprecationWarning: This process (pid=555) is multi-threaded, use of fork() may lead to deadlocks in the child.
  pid = os.fork()

[2025-04-06T06:03:37.216+0000] {standard_task_runner.py:72} INFO - Started process 579 to run task
[2025-04-06T06:03:37.216+0000] {standard_task_runner.py:104} INFO - Running: ['***', 'tasks', 'run', 'print_hello', 'save_to_csv_task', 'scheduled__2025-04-05T00:52:00+00:00', '--job-id', '126', '--raw', '--subdir', 'DAGS_FOLDER/print_hello.py', '--cfg-path', '/tmp/tmp_hmeqs1_']
[2025-04-06T06:03:37.218+0000] {standard_task_runner.py:105} INFO - Job 126: Subtask save_to_csv_task
[2025-04-06T06:03:37.310+0000] {task_command.py:467} INFO - Running <TaskInstance: print_hello.save_to_csv_task scheduled__2025-04-05T00:52:00+00:00 [running]> on host 5991717e768c
[2025-04-06T06:03:37.469+0000] {taskinstance.py:3134} INFO - Exporting env vars: AIRFLOW_CTX_DAG_OWNER='Esayed' AIRFLOW_CTX_DAG_ID='print_hello' AIRFLOW_CTX_TASK_ID='save_to_csv_task' AIRFLOW_CTX_EXECUTION_DATE='2025-04-05T00:52:00+00:00' AIRFLOW_CTX_TRY_NUMBER='1' AIRFLOW_CTX_DAG_RUN_ID='scheduled__2025-04-05T00:52:00+00:00'
[2025-04-06T06:03:37.471+0000] {logging_mixin.py:190} INFO - Task instance is in running state
[2025-04-06T06:03:37.472+0000] {logging_mixin.py:190} INFO -  Previous state of the Task instance: queued
[2025-04-06T06:03:37.473+0000] {logging_mixin.py:190} INFO - Current task name:save_to_csv_task state:running start_date:2025-04-06 06:03:36.875183+00:00
[2025-04-06T06:03:37.474+0000] {logging_mixin.py:190} INFO - Dag name:print_hello and current dag run status:running
[2025-04-06T06:03:37.475+0000] {taskinstance.py:732} INFO - ::endgroup::
[2025-04-06T06:03:37.486+0000] {python.py:240} INFO - Done. Returned value was: None
[2025-04-06T06:03:37.501+0000] {taskinstance.py:341} INFO - ::group::Post task execution logs
[2025-04-06T06:03:37.502+0000] {taskinstance.py:353} INFO - Marking task as SUCCESS. dag_id=print_hello, task_id=save_to_csv_task, run_id=scheduled__2025-04-05T00:52:00+00:00, execution_date=20250405T005200, start_date=20250406T060336, end_date=20250406T060337
[2025-04-06T06:03:37.544+0000] {logging_mixin.py:190} INFO - Task instance in success state
[2025-04-06T06:03:37.545+0000] {logging_mixin.py:190} INFO -  Previous state of the Task instance: running
[2025-04-06T06:03:37.547+0000] {logging_mixin.py:190} INFO - Dag name:print_hello queued_at:2025-04-06 06:03:30.062347+00:00
[2025-04-06T06:03:37.548+0000] {logging_mixin.py:190} INFO - Task hostname:5991717e768c operator:PythonOperator
[2025-04-06T06:03:37.595+0000] {local_task_job_runner.py:266} INFO - Task exited with return code 0
[2025-04-06T06:03:37.620+0000] {taskinstance.py:3901} INFO - 0 downstream tasks scheduled from follow-on schedule check
[2025-04-06T06:03:37.626+0000] {local_task_job_runner.py:245} INFO - ::endgroup::
[2025-04-06T06:15:56.776+0000] {local_task_job_runner.py:123} INFO - ::group::Pre task execution logs
[2025-04-06T06:15:56.817+0000] {taskinstance.py:2614} INFO - Dependencies all met for dep_context=non-requeueable deps ti=<TaskInstance: print_hello.save_to_csv_task scheduled__2025-04-05T00:52:00+00:00 [queued]>
[2025-04-06T06:15:56.842+0000] {taskinstance.py:2614} INFO - Dependencies all met for dep_context=requeueable deps ti=<TaskInstance: print_hello.save_to_csv_task scheduled__2025-04-05T00:52:00+00:00 [queued]>
[2025-04-06T06:15:56.843+0000] {taskinstance.py:2867} INFO - Starting attempt 1 of 2
[2025-04-06T06:15:57.094+0000] {taskinstance.py:2890} INFO - Executing <Task(PythonOperator): save_to_csv_task> on 2025-04-05 00:52:00+00:00
[2025-04-06T06:15:57.107+0000] {warnings.py:112} WARNING - /home/***/.local/lib/python3.12/site-packages/***/task/task_runner/standard_task_runner.py:70: DeprecationWarning: This process (pid=1334) is multi-threaded, use of fork() may lead to deadlocks in the child.
  pid = os.fork()

[2025-04-06T06:15:57.109+0000] {standard_task_runner.py:72} INFO - Started process 1363 to run task
[2025-04-06T06:15:57.109+0000] {standard_task_runner.py:104} INFO - Running: ['***', 'tasks', 'run', 'print_hello', 'save_to_csv_task', 'scheduled__2025-04-05T00:52:00+00:00', '--job-id', '283', '--raw', '--subdir', 'DAGS_FOLDER/print_hello.py', '--cfg-path', '/tmp/tmpoqc2o89s']
[2025-04-06T06:15:57.111+0000] {standard_task_runner.py:105} INFO - Job 283: Subtask save_to_csv_task
[2025-04-06T06:15:57.181+0000] {task_command.py:467} INFO - Running <TaskInstance: print_hello.save_to_csv_task scheduled__2025-04-05T00:52:00+00:00 [running]> on host 5991717e768c
[2025-04-06T06:15:57.311+0000] {taskinstance.py:3134} INFO - Exporting env vars: AIRFLOW_CTX_DAG_OWNER='Esayed' AIRFLOW_CTX_DAG_ID='print_hello' AIRFLOW_CTX_TASK_ID='save_to_csv_task' AIRFLOW_CTX_EXECUTION_DATE='2025-04-05T00:52:00+00:00' AIRFLOW_CTX_TRY_NUMBER='1' AIRFLOW_CTX_DAG_RUN_ID='scheduled__2025-04-05T00:52:00+00:00'
[2025-04-06T06:15:57.313+0000] {logging_mixin.py:190} INFO - Task instance is in running state
[2025-04-06T06:15:57.315+0000] {logging_mixin.py:190} INFO -  Previous state of the Task instance: queued
[2025-04-06T06:15:57.316+0000] {logging_mixin.py:190} INFO - Current task name:save_to_csv_task state:running start_date:2025-04-06 06:15:56.818682+00:00
[2025-04-06T06:15:57.316+0000] {logging_mixin.py:190} INFO - Dag name:print_hello and current dag run status:running
[2025-04-06T06:15:57.317+0000] {taskinstance.py:732} INFO - ::endgroup::
[2025-04-06T06:15:57.328+0000] {python.py:240} INFO - Done. Returned value was: None
[2025-04-06T06:15:57.343+0000] {taskinstance.py:341} INFO - ::group::Post task execution logs
[2025-04-06T06:15:57.345+0000] {taskinstance.py:353} INFO - Marking task as SUCCESS. dag_id=print_hello, task_id=save_to_csv_task, run_id=scheduled__2025-04-05T00:52:00+00:00, execution_date=20250405T005200, start_date=20250406T061556, end_date=20250406T061557
[2025-04-06T06:15:57.388+0000] {logging_mixin.py:190} INFO - Task instance in success state
[2025-04-06T06:15:57.389+0000] {logging_mixin.py:190} INFO -  Previous state of the Task instance: running
[2025-04-06T06:15:57.390+0000] {logging_mixin.py:190} INFO - Dag name:print_hello queued_at:2025-04-06 06:15:45.086483+00:00
[2025-04-06T06:15:57.391+0000] {logging_mixin.py:190} INFO - Task hostname:5991717e768c operator:PythonOperator
[2025-04-06T06:15:57.445+0000] {local_task_job_runner.py:266} INFO - Task exited with return code 0
[2025-04-06T06:15:57.471+0000] {taskinstance.py:3901} INFO - 0 downstream tasks scheduled from follow-on schedule check
[2025-04-06T06:15:57.474+0000] {local_task_job_runner.py:245} INFO - ::endgroup::
