[2025-04-06T06:03:23.192+0000] {local_task_job_runner.py:123} INFO - ::group::Pre task execution logs
[2025-04-06T06:03:23.238+0000] {taskinstance.py:2614} INFO - Dependencies all met for dep_context=non-requeueable deps ti=<TaskInstance: print_hello.save_to_csv_task scheduled__2025-04-05T00:39:00+00:00 [queued]>
[2025-04-06T06:03:23.267+0000] {taskinstance.py:2614} INFO - Dependencies all met for dep_context=requeueable deps ti=<TaskInstance: print_hello.save_to_csv_task scheduled__2025-04-05T00:39:00+00:00 [queued]>
[2025-04-06T06:03:23.269+0000] {taskinstance.py:2867} INFO - Starting attempt 1 of 2
[2025-04-06T06:03:23.681+0000] {taskinstance.py:2890} INFO - Executing <Task(PythonOperator): save_to_csv_task> on 2025-04-05 00:39:00+00:00
[2025-04-06T06:03:23.712+0000] {standard_task_runner.py:104} INFO - Running: ['***', 'tasks', 'run', 'print_hello', 'save_to_csv_task', 'scheduled__2025-04-05T00:39:00+00:00', '--job-id', '99', '--raw', '--subdir', 'DAGS_FOLDER/print_hello.py', '--cfg-path', '/tmp/tmputi8bd3u']
[2025-04-06T06:03:23.715+0000] {standard_task_runner.py:105} INFO - Job 99: Subtask save_to_csv_task
[2025-04-06T06:03:23.708+0000] {warnings.py:112} WARNING - /home/***/.local/lib/python3.12/site-packages/***/task/task_runner/standard_task_runner.py:70: DeprecationWarning: This process (pid=435) is multi-threaded, use of fork() may lead to deadlocks in the child.
  pid = os.fork()

[2025-04-06T06:03:23.728+0000] {standard_task_runner.py:72} INFO - Started process 485 to run task
[2025-04-06T06:03:23.863+0000] {task_command.py:467} INFO - Running <TaskInstance: print_hello.save_to_csv_task scheduled__2025-04-05T00:39:00+00:00 [running]> on host 5991717e768c
[2025-04-06T06:03:24.062+0000] {taskinstance.py:3134} INFO - Exporting env vars: AIRFLOW_CTX_DAG_OWNER='Esayed' AIRFLOW_CTX_DAG_ID='print_hello' AIRFLOW_CTX_TASK_ID='save_to_csv_task' AIRFLOW_CTX_EXECUTION_DATE='2025-04-05T00:39:00+00:00' AIRFLOW_CTX_TRY_NUMBER='1' AIRFLOW_CTX_DAG_RUN_ID='scheduled__2025-04-05T00:39:00+00:00'
[2025-04-06T06:03:24.068+0000] {logging_mixin.py:190} INFO - Task instance is in running state
[2025-04-06T06:03:24.069+0000] {logging_mixin.py:190} INFO -  Previous state of the Task instance: queued
[2025-04-06T06:03:24.070+0000] {logging_mixin.py:190} INFO - Current task name:save_to_csv_task state:running start_date:2025-04-06 06:03:23.239434+00:00
[2025-04-06T06:03:24.071+0000] {logging_mixin.py:190} INFO - Dag name:print_hello and current dag run status:running
[2025-04-06T06:03:24.072+0000] {taskinstance.py:732} INFO - ::endgroup::
[2025-04-06T06:03:24.087+0000] {python.py:240} INFO - Done. Returned value was: None
[2025-04-06T06:03:24.110+0000] {taskinstance.py:341} INFO - ::group::Post task execution logs
[2025-04-06T06:03:24.113+0000] {taskinstance.py:353} INFO - Marking task as SUCCESS. dag_id=print_hello, task_id=save_to_csv_task, run_id=scheduled__2025-04-05T00:39:00+00:00, execution_date=20250405T003900, start_date=20250406T060323, end_date=20250406T060324
[2025-04-06T06:03:24.165+0000] {logging_mixin.py:190} INFO - Task instance in success state
[2025-04-06T06:03:24.167+0000] {logging_mixin.py:190} INFO -  Previous state of the Task instance: running
[2025-04-06T06:03:24.168+0000] {logging_mixin.py:190} INFO - Dag name:print_hello queued_at:2025-04-06 06:03:12.947116+00:00
[2025-04-06T06:03:24.169+0000] {logging_mixin.py:190} INFO - Task hostname:5991717e768c operator:PythonOperator
[2025-04-06T06:03:24.238+0000] {local_task_job_runner.py:266} INFO - Task exited with return code 0
[2025-04-06T06:03:24.271+0000] {taskinstance.py:3901} INFO - 0 downstream tasks scheduled from follow-on schedule check
[2025-04-06T06:03:24.275+0000] {local_task_job_runner.py:245} INFO - ::endgroup::
[2025-04-06T06:15:39.835+0000] {local_task_job_runner.py:123} INFO - ::group::Pre task execution logs
[2025-04-06T06:15:39.894+0000] {taskinstance.py:2614} INFO - Dependencies all met for dep_context=non-requeueable deps ti=<TaskInstance: print_hello.save_to_csv_task scheduled__2025-04-05T00:39:00+00:00 [queued]>
[2025-04-06T06:15:39.936+0000] {taskinstance.py:2614} INFO - Dependencies all met for dep_context=requeueable deps ti=<TaskInstance: print_hello.save_to_csv_task scheduled__2025-04-05T00:39:00+00:00 [queued]>
[2025-04-06T06:15:39.937+0000] {taskinstance.py:2867} INFO - Starting attempt 1 of 2
[2025-04-06T06:15:40.499+0000] {taskinstance.py:2890} INFO - Executing <Task(PythonOperator): save_to_csv_task> on 2025-04-05 00:39:00+00:00
[2025-04-06T06:15:40.528+0000] {warnings.py:112} WARNING - /home/***/.local/lib/python3.12/site-packages/***/task/task_runner/standard_task_runner.py:70: DeprecationWarning: This process (pid=1204) is multi-threaded, use of fork() may lead to deadlocks in the child.
  pid = os.fork()

[2025-04-06T06:15:40.535+0000] {standard_task_runner.py:72} INFO - Started process 1244 to run task
[2025-04-06T06:15:40.548+0000] {standard_task_runner.py:104} INFO - Running: ['***', 'tasks', 'run', 'print_hello', 'save_to_csv_task', 'scheduled__2025-04-05T00:39:00+00:00', '--job-id', '249', '--raw', '--subdir', 'DAGS_FOLDER/print_hello.py', '--cfg-path', '/tmp/tmpw0ytxwhc']
[2025-04-06T06:15:40.551+0000] {standard_task_runner.py:105} INFO - Job 249: Subtask save_to_csv_task
[2025-04-06T06:15:40.753+0000] {task_command.py:467} INFO - Running <TaskInstance: print_hello.save_to_csv_task scheduled__2025-04-05T00:39:00+00:00 [running]> on host 5991717e768c
[2025-04-06T06:15:40.981+0000] {taskinstance.py:3134} INFO - Exporting env vars: AIRFLOW_CTX_DAG_OWNER='Esayed' AIRFLOW_CTX_DAG_ID='print_hello' AIRFLOW_CTX_TASK_ID='save_to_csv_task' AIRFLOW_CTX_EXECUTION_DATE='2025-04-05T00:39:00+00:00' AIRFLOW_CTX_TRY_NUMBER='1' AIRFLOW_CTX_DAG_RUN_ID='scheduled__2025-04-05T00:39:00+00:00'
[2025-04-06T06:15:40.985+0000] {logging_mixin.py:190} INFO - Task instance is in running state
[2025-04-06T06:15:40.990+0000] {logging_mixin.py:190} INFO -  Previous state of the Task instance: queued
[2025-04-06T06:15:40.993+0000] {logging_mixin.py:190} INFO - Current task name:save_to_csv_task state:running start_date:2025-04-06 06:15:39.895851+00:00
[2025-04-06T06:15:40.998+0000] {logging_mixin.py:190} INFO - Dag name:print_hello and current dag run status:running
[2025-04-06T06:15:40.999+0000] {taskinstance.py:732} INFO - ::endgroup::
[2025-04-06T06:15:41.019+0000] {python.py:240} INFO - Done. Returned value was: None
[2025-04-06T06:15:41.044+0000] {taskinstance.py:341} INFO - ::group::Post task execution logs
[2025-04-06T06:15:41.046+0000] {taskinstance.py:353} INFO - Marking task as SUCCESS. dag_id=print_hello, task_id=save_to_csv_task, run_id=scheduled__2025-04-05T00:39:00+00:00, execution_date=20250405T003900, start_date=20250406T061539, end_date=20250406T061541
[2025-04-06T06:15:41.142+0000] {logging_mixin.py:190} INFO - Task instance in success state
[2025-04-06T06:15:41.144+0000] {logging_mixin.py:190} INFO -  Previous state of the Task instance: running
[2025-04-06T06:15:41.151+0000] {logging_mixin.py:190} INFO - Dag name:print_hello queued_at:2025-04-06 06:15:27.286982+00:00
[2025-04-06T06:15:41.153+0000] {logging_mixin.py:190} INFO - Task hostname:5991717e768c operator:PythonOperator
[2025-04-06T06:15:41.210+0000] {local_task_job_runner.py:266} INFO - Task exited with return code 0
[2025-04-06T06:15:41.260+0000] {taskinstance.py:3901} INFO - 0 downstream tasks scheduled from follow-on schedule check
[2025-04-06T06:15:41.295+0000] {local_task_job_runner.py:245} INFO - ::endgroup::
