[2025-04-06T06:03:25.271+0000] {local_task_job_runner.py:123} INFO - ::group::Pre task execution logs
[2025-04-06T06:03:25.351+0000] {taskinstance.py:2614} INFO - Dependencies all met for dep_context=non-requeueable deps ti=<TaskInstance: print_hello.save_to_csv_task scheduled__2025-04-05T00:44:00+00:00 [queued]>
[2025-04-06T06:03:25.379+0000] {taskinstance.py:2614} INFO - Dependencies all met for dep_context=requeueable deps ti=<TaskInstance: print_hello.save_to_csv_task scheduled__2025-04-05T00:44:00+00:00 [queued]>
[2025-04-06T06:03:25.380+0000] {taskinstance.py:2867} INFO - Starting attempt 1 of 2
[2025-04-06T06:03:25.743+0000] {taskinstance.py:2890} INFO - Executing <Task(PythonOperator): save_to_csv_task> on 2025-04-05 00:44:00+00:00
[2025-04-06T06:03:25.758+0000] {warnings.py:112} WARNING - /home/***/.local/lib/python3.12/site-packages/***/task/task_runner/standard_task_runner.py:70: DeprecationWarning: This process (pid=465) is multi-threaded, use of fork() may lead to deadlocks in the child.
  pid = os.fork()

[2025-04-06T06:03:25.762+0000] {standard_task_runner.py:72} INFO - Started process 499 to run task
[2025-04-06T06:03:25.762+0000] {standard_task_runner.py:104} INFO - Running: ['***', 'tasks', 'run', 'print_hello', 'save_to_csv_task', 'scheduled__2025-04-05T00:44:00+00:00', '--job-id', '105', '--raw', '--subdir', 'DAGS_FOLDER/print_hello.py', '--cfg-path', '/tmp/tmp8581rz87']
[2025-04-06T06:03:25.764+0000] {standard_task_runner.py:105} INFO - Job 105: Subtask save_to_csv_task
[2025-04-06T06:03:25.835+0000] {task_command.py:467} INFO - Running <TaskInstance: print_hello.save_to_csv_task scheduled__2025-04-05T00:44:00+00:00 [running]> on host 5991717e768c
[2025-04-06T06:03:25.979+0000] {taskinstance.py:3134} INFO - Exporting env vars: AIRFLOW_CTX_DAG_OWNER='Esayed' AIRFLOW_CTX_DAG_ID='print_hello' AIRFLOW_CTX_TASK_ID='save_to_csv_task' AIRFLOW_CTX_EXECUTION_DATE='2025-04-05T00:44:00+00:00' AIRFLOW_CTX_TRY_NUMBER='1' AIRFLOW_CTX_DAG_RUN_ID='scheduled__2025-04-05T00:44:00+00:00'
[2025-04-06T06:03:25.981+0000] {logging_mixin.py:190} INFO - Task instance is in running state
[2025-04-06T06:03:25.982+0000] {logging_mixin.py:190} INFO -  Previous state of the Task instance: queued
[2025-04-06T06:03:25.983+0000] {logging_mixin.py:190} INFO - Current task name:save_to_csv_task state:running start_date:2025-04-06 06:03:25.352539+00:00
[2025-04-06T06:03:25.984+0000] {logging_mixin.py:190} INFO - Dag name:print_hello and current dag run status:running
[2025-04-06T06:03:25.984+0000] {taskinstance.py:732} INFO - ::endgroup::
[2025-04-06T06:03:25.995+0000] {python.py:240} INFO - Done. Returned value was: None
[2025-04-06T06:03:26.012+0000] {taskinstance.py:341} INFO - ::group::Post task execution logs
[2025-04-06T06:03:26.013+0000] {taskinstance.py:353} INFO - Marking task as SUCCESS. dag_id=print_hello, task_id=save_to_csv_task, run_id=scheduled__2025-04-05T00:44:00+00:00, execution_date=20250405T004400, start_date=20250406T060325, end_date=20250406T060326
[2025-04-06T06:03:26.061+0000] {logging_mixin.py:190} INFO - Task instance in success state
[2025-04-06T06:03:26.062+0000] {logging_mixin.py:190} INFO -  Previous state of the Task instance: running
[2025-04-06T06:03:26.063+0000] {logging_mixin.py:190} INFO - Dag name:print_hello queued_at:2025-04-06 06:03:14.430275+00:00
[2025-04-06T06:03:26.064+0000] {logging_mixin.py:190} INFO - Task hostname:5991717e768c operator:PythonOperator
[2025-04-06T06:03:26.099+0000] {local_task_job_runner.py:266} INFO - Task exited with return code 0
[2025-04-06T06:03:26.115+0000] {local_task_job_runner.py:245} INFO - ::endgroup::
[2025-04-06T06:15:40.021+0000] {local_task_job_runner.py:123} INFO - ::group::Pre task execution logs
[2025-04-06T06:15:40.097+0000] {taskinstance.py:2614} INFO - Dependencies all met for dep_context=non-requeueable deps ti=<TaskInstance: print_hello.save_to_csv_task scheduled__2025-04-05T00:44:00+00:00 [queued]>
[2025-04-06T06:15:40.160+0000] {taskinstance.py:2614} INFO - Dependencies all met for dep_context=requeueable deps ti=<TaskInstance: print_hello.save_to_csv_task scheduled__2025-04-05T00:44:00+00:00 [queued]>
[2025-04-06T06:15:40.164+0000] {taskinstance.py:2867} INFO - Starting attempt 1 of 2
[2025-04-06T06:15:40.709+0000] {taskinstance.py:2890} INFO - Executing <Task(PythonOperator): save_to_csv_task> on 2025-04-05 00:44:00+00:00
[2025-04-06T06:15:40.743+0000] {warnings.py:112} WARNING - /home/***/.local/lib/python3.12/site-packages/***/task/task_runner/standard_task_runner.py:70: DeprecationWarning: This process (pid=1201) is multi-threaded, use of fork() may lead to deadlocks in the child.
  pid = os.fork()

[2025-04-06T06:15:40.746+0000] {standard_task_runner.py:72} INFO - Started process 1257 to run task
[2025-04-06T06:15:40.758+0000] {standard_task_runner.py:104} INFO - Running: ['***', 'tasks', 'run', 'print_hello', 'save_to_csv_task', 'scheduled__2025-04-05T00:44:00+00:00', '--job-id', '255', '--raw', '--subdir', 'DAGS_FOLDER/print_hello.py', '--cfg-path', '/tmp/tmp06p8w3mx']
[2025-04-06T06:15:40.763+0000] {standard_task_runner.py:105} INFO - Job 255: Subtask save_to_csv_task
[2025-04-06T06:15:40.912+0000] {task_command.py:467} INFO - Running <TaskInstance: print_hello.save_to_csv_task scheduled__2025-04-05T00:44:00+00:00 [running]> on host 5991717e768c
[2025-04-06T06:15:41.146+0000] {taskinstance.py:3134} INFO - Exporting env vars: AIRFLOW_CTX_DAG_OWNER='Esayed' AIRFLOW_CTX_DAG_ID='print_hello' AIRFLOW_CTX_TASK_ID='save_to_csv_task' AIRFLOW_CTX_EXECUTION_DATE='2025-04-05T00:44:00+00:00' AIRFLOW_CTX_TRY_NUMBER='1' AIRFLOW_CTX_DAG_RUN_ID='scheduled__2025-04-05T00:44:00+00:00'
[2025-04-06T06:15:41.149+0000] {logging_mixin.py:190} INFO - Task instance is in running state
[2025-04-06T06:15:41.152+0000] {logging_mixin.py:190} INFO -  Previous state of the Task instance: queued
[2025-04-06T06:15:41.153+0000] {logging_mixin.py:190} INFO - Current task name:save_to_csv_task state:running start_date:2025-04-06 06:15:40.103524+00:00
[2025-04-06T06:15:41.154+0000] {logging_mixin.py:190} INFO - Dag name:print_hello and current dag run status:running
[2025-04-06T06:15:41.158+0000] {taskinstance.py:732} INFO - ::endgroup::
[2025-04-06T06:15:41.194+0000] {python.py:240} INFO - Done. Returned value was: None
[2025-04-06T06:15:41.219+0000] {taskinstance.py:341} INFO - ::group::Post task execution logs
[2025-04-06T06:15:41.222+0000] {taskinstance.py:353} INFO - Marking task as SUCCESS. dag_id=print_hello, task_id=save_to_csv_task, run_id=scheduled__2025-04-05T00:44:00+00:00, execution_date=20250405T004400, start_date=20250406T061540, end_date=20250406T061541
[2025-04-06T06:15:41.301+0000] {logging_mixin.py:190} INFO - Task instance in success state
[2025-04-06T06:15:41.304+0000] {logging_mixin.py:190} INFO -  Previous state of the Task instance: running
[2025-04-06T06:15:41.309+0000] {logging_mixin.py:190} INFO - Dag name:print_hello queued_at:2025-04-06 06:15:28.624637+00:00
[2025-04-06T06:15:41.311+0000] {logging_mixin.py:190} INFO - Task hostname:5991717e768c operator:PythonOperator
[2025-04-06T06:15:41.390+0000] {local_task_job_runner.py:266} INFO - Task exited with return code 0
[2025-04-06T06:15:41.417+0000] {local_task_job_runner.py:245} INFO - ::endgroup::
