[2025-04-06T06:03:05.675+0000] {local_task_job_runner.py:123} INFO - ::group::Pre task execution logs
[2025-04-06T06:03:05.781+0000] {taskinstance.py:2614} INFO - Dependencies all met for dep_context=non-requeueable deps ti=<TaskInstance: print_hello.save_to_csv_task scheduled__2025-04-05T00:26:00+00:00 [queued]>
[2025-04-06T06:03:05.814+0000] {taskinstance.py:2614} INFO - Dependencies all met for dep_context=requeueable deps ti=<TaskInstance: print_hello.save_to_csv_task scheduled__2025-04-05T00:26:00+00:00 [queued]>
[2025-04-06T06:03:05.815+0000] {taskinstance.py:2867} INFO - Starting attempt 1 of 2
[2025-04-06T06:03:06.171+0000] {taskinstance.py:2890} INFO - Executing <Task(PythonOperator): save_to_csv_task> on 2025-04-05 00:26:00+00:00
[2025-04-06T06:03:06.185+0000] {warnings.py:112} WARNING - /home/***/.local/lib/python3.12/site-packages/***/task/task_runner/standard_task_runner.py:70: DeprecationWarning: This process (pid=320) is multi-threaded, use of fork() may lead to deadlocks in the child.
  pid = os.fork()

[2025-04-06T06:03:06.189+0000] {standard_task_runner.py:72} INFO - Started process 358 to run task
[2025-04-06T06:03:06.203+0000] {standard_task_runner.py:104} INFO - Running: ['***', 'tasks', 'run', 'print_hello', 'save_to_csv_task', 'scheduled__2025-04-05T00:26:00+00:00', '--job-id', '70', '--raw', '--subdir', 'DAGS_FOLDER/print_hello.py', '--cfg-path', '/tmp/tmpx3o2x5he']
[2025-04-06T06:03:06.205+0000] {standard_task_runner.py:105} INFO - Job 70: Subtask save_to_csv_task
[2025-04-06T06:03:06.294+0000] {task_command.py:467} INFO - Running <TaskInstance: print_hello.save_to_csv_task scheduled__2025-04-05T00:26:00+00:00 [running]> on host 5991717e768c
[2025-04-06T06:03:06.489+0000] {taskinstance.py:3134} INFO - Exporting env vars: AIRFLOW_CTX_DAG_OWNER='Esayed' AIRFLOW_CTX_DAG_ID='print_hello' AIRFLOW_CTX_TASK_ID='save_to_csv_task' AIRFLOW_CTX_EXECUTION_DATE='2025-04-05T00:26:00+00:00' AIRFLOW_CTX_TRY_NUMBER='1' AIRFLOW_CTX_DAG_RUN_ID='scheduled__2025-04-05T00:26:00+00:00'
[2025-04-06T06:03:06.491+0000] {logging_mixin.py:190} INFO - Task instance is in running state
[2025-04-06T06:03:06.492+0000] {logging_mixin.py:190} INFO -  Previous state of the Task instance: queued
[2025-04-06T06:03:06.493+0000] {logging_mixin.py:190} INFO - Current task name:save_to_csv_task state:running start_date:2025-04-06 06:03:05.783251+00:00
[2025-04-06T06:03:06.494+0000] {logging_mixin.py:190} INFO - Dag name:print_hello and current dag run status:running
[2025-04-06T06:03:06.495+0000] {taskinstance.py:732} INFO - ::endgroup::
[2025-04-06T06:03:06.508+0000] {python.py:240} INFO - Done. Returned value was: None
[2025-04-06T06:03:06.525+0000] {taskinstance.py:341} INFO - ::group::Post task execution logs
[2025-04-06T06:03:06.526+0000] {taskinstance.py:353} INFO - Marking task as SUCCESS. dag_id=print_hello, task_id=save_to_csv_task, run_id=scheduled__2025-04-05T00:26:00+00:00, execution_date=20250405T002600, start_date=20250406T060305, end_date=20250406T060306
[2025-04-06T06:03:06.571+0000] {logging_mixin.py:190} INFO - Task instance in success state
[2025-04-06T06:03:06.572+0000] {logging_mixin.py:190} INFO -  Previous state of the Task instance: running
[2025-04-06T06:03:06.574+0000] {logging_mixin.py:190} INFO - Dag name:print_hello queued_at:2025-04-06 06:02:56.499608+00:00
[2025-04-06T06:03:06.575+0000] {logging_mixin.py:190} INFO - Task hostname:5991717e768c operator:PythonOperator
[2025-04-06T06:03:06.610+0000] {local_task_job_runner.py:266} INFO - Task exited with return code 0
[2025-04-06T06:03:06.635+0000] {taskinstance.py:3901} INFO - 0 downstream tasks scheduled from follow-on schedule check
[2025-04-06T06:03:06.639+0000] {local_task_job_runner.py:245} INFO - ::endgroup::
[2025-04-06T06:15:22.449+0000] {local_task_job_runner.py:123} INFO - ::group::Pre task execution logs
[2025-04-06T06:15:22.491+0000] {taskinstance.py:2614} INFO - Dependencies all met for dep_context=non-requeueable deps ti=<TaskInstance: print_hello.save_to_csv_task scheduled__2025-04-05T00:26:00+00:00 [queued]>
[2025-04-06T06:15:22.516+0000] {taskinstance.py:2614} INFO - Dependencies all met for dep_context=requeueable deps ti=<TaskInstance: print_hello.save_to_csv_task scheduled__2025-04-05T00:26:00+00:00 [queued]>
[2025-04-06T06:15:22.517+0000] {taskinstance.py:2867} INFO - Starting attempt 1 of 2
[2025-04-06T06:15:22.811+0000] {taskinstance.py:2890} INFO - Executing <Task(PythonOperator): save_to_csv_task> on 2025-04-05 00:26:00+00:00
[2025-04-06T06:15:22.828+0000] {warnings.py:112} WARNING - /home/***/.local/lib/python3.12/site-packages/***/task/task_runner/standard_task_runner.py:70: DeprecationWarning: This process (pid=1078) is multi-threaded, use of fork() may lead to deadlocks in the child.
  pid = os.fork()

[2025-04-06T06:15:22.831+0000] {standard_task_runner.py:72} INFO - Started process 1116 to run task
[2025-04-06T06:15:22.834+0000] {standard_task_runner.py:104} INFO - Running: ['***', 'tasks', 'run', 'print_hello', 'save_to_csv_task', 'scheduled__2025-04-05T00:26:00+00:00', '--job-id', '222', '--raw', '--subdir', 'DAGS_FOLDER/print_hello.py', '--cfg-path', '/tmp/tmp9p5b3m0v']
[2025-04-06T06:15:22.836+0000] {standard_task_runner.py:105} INFO - Job 222: Subtask save_to_csv_task
[2025-04-06T06:15:22.948+0000] {task_command.py:467} INFO - Running <TaskInstance: print_hello.save_to_csv_task scheduled__2025-04-05T00:26:00+00:00 [running]> on host 5991717e768c
[2025-04-06T06:15:23.133+0000] {taskinstance.py:3134} INFO - Exporting env vars: AIRFLOW_CTX_DAG_OWNER='Esayed' AIRFLOW_CTX_DAG_ID='print_hello' AIRFLOW_CTX_TASK_ID='save_to_csv_task' AIRFLOW_CTX_EXECUTION_DATE='2025-04-05T00:26:00+00:00' AIRFLOW_CTX_TRY_NUMBER='1' AIRFLOW_CTX_DAG_RUN_ID='scheduled__2025-04-05T00:26:00+00:00'
[2025-04-06T06:15:23.136+0000] {logging_mixin.py:190} INFO - Task instance is in running state
[2025-04-06T06:15:23.136+0000] {logging_mixin.py:190} INFO -  Previous state of the Task instance: queued
[2025-04-06T06:15:23.137+0000] {logging_mixin.py:190} INFO - Current task name:save_to_csv_task state:running start_date:2025-04-06 06:15:22.492839+00:00
[2025-04-06T06:15:23.138+0000] {logging_mixin.py:190} INFO - Dag name:print_hello and current dag run status:running
[2025-04-06T06:15:23.140+0000] {taskinstance.py:732} INFO - ::endgroup::
[2025-04-06T06:15:23.149+0000] {python.py:240} INFO - Done. Returned value was: None
[2025-04-06T06:15:23.161+0000] {taskinstance.py:341} INFO - ::group::Post task execution logs
[2025-04-06T06:15:23.162+0000] {taskinstance.py:353} INFO - Marking task as SUCCESS. dag_id=print_hello, task_id=save_to_csv_task, run_id=scheduled__2025-04-05T00:26:00+00:00, execution_date=20250405T002600, start_date=20250406T061522, end_date=20250406T061523
[2025-04-06T06:15:23.196+0000] {logging_mixin.py:190} INFO - Task instance in success state
[2025-04-06T06:15:23.197+0000] {logging_mixin.py:190} INFO -  Previous state of the Task instance: running
[2025-04-06T06:15:23.198+0000] {logging_mixin.py:190} INFO - Dag name:print_hello queued_at:2025-04-06 06:15:12.555217+00:00
[2025-04-06T06:15:23.199+0000] {logging_mixin.py:190} INFO - Task hostname:5991717e768c operator:PythonOperator
[2025-04-06T06:15:23.256+0000] {local_task_job_runner.py:266} INFO - Task exited with return code 0
[2025-04-06T06:15:23.277+0000] {taskinstance.py:3901} INFO - 0 downstream tasks scheduled from follow-on schedule check
[2025-04-06T06:15:23.280+0000] {local_task_job_runner.py:245} INFO - ::endgroup::
