[2025-04-06T09:26:22.640+0000] {local_task_job_runner.py:123} INFO - ::group::Pre task execution logs
[2025-04-06T09:26:22.671+0000] {taskinstance.py:2614} INFO - Dependencies all met for dep_context=non-requeueable deps ti=<TaskInstance: print_hello3.print_hello_task scheduled__2025-04-05T00:00:00+00:00 [queued]>
[2025-04-06T09:26:22.687+0000] {taskinstance.py:2614} INFO - Dependencies all met for dep_context=requeueable deps ti=<TaskInstance: print_hello3.print_hello_task scheduled__2025-04-05T00:00:00+00:00 [queued]>
[2025-04-06T09:26:22.688+0000] {taskinstance.py:2867} INFO - Starting attempt 1 of 2
[2025-04-06T09:26:22.723+0000] {taskinstance.py:2890} INFO - Executing <Task(PythonOperator): print_hello_task> on 2025-04-05 00:00:00+00:00
[2025-04-06T09:26:22.737+0000] {warnings.py:112} WARNING - /home/***/.local/lib/python3.12/site-packages/***/task/task_runner/standard_task_runner.py:70: DeprecationWarning: This process (pid=713) is multi-threaded, use of fork() may lead to deadlocks in the child.
  pid = os.fork()

[2025-04-06T09:26:22.740+0000] {standard_task_runner.py:72} INFO - Started process 715 to run task
[2025-04-06T09:26:22.741+0000] {standard_task_runner.py:104} INFO - Running: ['***', 'tasks', 'run', 'print_hello3', 'print_hello_task', 'scheduled__2025-04-05T00:00:00+00:00', '--job-id', '441', '--raw', '--subdir', 'DAGS_FOLDER/print_hello.py', '--cfg-path', '/tmp/tmpta7o85sm']
[2025-04-06T09:26:22.743+0000] {standard_task_runner.py:105} INFO - Job 441: Subtask print_hello_task
[2025-04-06T09:26:23.232+0000] {task_command.py:467} INFO - Running <TaskInstance: print_hello3.print_hello_task scheduled__2025-04-05T00:00:00+00:00 [running]> on host 5991717e768c
[2025-04-06T09:26:23.347+0000] {taskinstance.py:3134} INFO - Exporting env vars: AIRFLOW_CTX_DAG_OWNER='Esayed' AIRFLOW_CTX_DAG_ID='print_hello3' AIRFLOW_CTX_TASK_ID='print_hello_task' AIRFLOW_CTX_EXECUTION_DATE='2025-04-05T00:00:00+00:00' AIRFLOW_CTX_TRY_NUMBER='1' AIRFLOW_CTX_DAG_RUN_ID='scheduled__2025-04-05T00:00:00+00:00'
[2025-04-06T09:26:23.349+0000] {logging_mixin.py:190} INFO - Task instance is in running state
[2025-04-06T09:26:23.349+0000] {logging_mixin.py:190} INFO -  Previous state of the Task instance: queued
[2025-04-06T09:26:23.350+0000] {logging_mixin.py:190} INFO - Current task name:print_hello_task state:running start_date:2025-04-06 09:26:22.672732+00:00
[2025-04-06T09:26:23.351+0000] {logging_mixin.py:190} INFO - Dag name:print_hello3 and current dag run status:running
[2025-04-06T09:26:23.351+0000] {taskinstance.py:732} INFO - ::endgroup::
[2025-04-06T09:26:23.352+0000] {logging_mixin.py:190} INFO - hello
[2025-04-06T09:26:23.353+0000] {python.py:240} INFO - Done. Returned value was: None
[2025-04-06T09:26:23.366+0000] {taskinstance.py:341} INFO - ::group::Post task execution logs
[2025-04-06T09:26:23.367+0000] {taskinstance.py:353} INFO - Marking task as SUCCESS. dag_id=print_hello3, task_id=print_hello_task, run_id=scheduled__2025-04-05T00:00:00+00:00, execution_date=20250405T000000, start_date=20250406T092622, end_date=20250406T092623
[2025-04-06T09:26:23.401+0000] {logging_mixin.py:190} INFO - Task instance in success state
[2025-04-06T09:26:23.402+0000] {logging_mixin.py:190} INFO -  Previous state of the Task instance: running
[2025-04-06T09:26:23.403+0000] {logging_mixin.py:190} INFO - Dag name:print_hello3 queued_at:2025-04-06 09:26:20.200090+00:00
[2025-04-06T09:26:23.404+0000] {logging_mixin.py:190} INFO - Task hostname:5991717e768c operator:PythonOperator
[2025-04-06T09:26:23.440+0000] {local_task_job_runner.py:266} INFO - Task exited with return code 0
[2025-04-06T09:26:23.788+0000] {taskinstance.py:3901} INFO - 0 downstream tasks scheduled from follow-on schedule check
[2025-04-06T09:26:23.793+0000] {local_task_job_runner.py:245} INFO - ::endgroup::
[2025-04-06T15:36:15.497+0000] {local_task_job_runner.py:123} INFO - ::group::Pre task execution logs
[2025-04-06T15:36:15.602+0000] {taskinstance.py:2614} INFO - Dependencies all met for dep_context=non-requeueable deps ti=<TaskInstance: print_hello3.print_hello_task scheduled__2025-04-05T00:00:00+00:00 [queued]>
[2025-04-06T15:36:15.613+0000] {taskinstance.py:2614} INFO - Dependencies all met for dep_context=requeueable deps ti=<TaskInstance: print_hello3.print_hello_task scheduled__2025-04-05T00:00:00+00:00 [queued]>
[2025-04-06T15:36:15.613+0000] {taskinstance.py:2867} INFO - Starting attempt 1 of 2
[2025-04-06T15:36:15.633+0000] {taskinstance.py:2890} INFO - Executing <Task(PythonOperator): print_hello_task> on 2025-04-05 00:00:00+00:00
[2025-04-06T15:36:15.641+0000] {warnings.py:112} WARNING - /home/***/.local/lib/python3.12/site-packages/***/task/task_runner/standard_task_runner.py:70: DeprecationWarning: This process (pid=685) is multi-threaded, use of fork() may lead to deadlocks in the child.
  pid = os.fork()

[2025-04-06T15:36:15.643+0000] {standard_task_runner.py:72} INFO - Started process 694 to run task
[2025-04-06T15:36:15.643+0000] {standard_task_runner.py:104} INFO - Running: ['***', 'tasks', 'run', 'print_hello3', 'print_hello_task', 'scheduled__2025-04-05T00:00:00+00:00', '--job-id', '452', '--raw', '--subdir', 'DAGS_FOLDER/print_hello.py', '--cfg-path', '/tmp/tmp243cz4xt']
[2025-04-06T15:36:15.644+0000] {standard_task_runner.py:105} INFO - Job 452: Subtask print_hello_task
[2025-04-06T15:36:15.909+0000] {task_command.py:467} INFO - Running <TaskInstance: print_hello3.print_hello_task scheduled__2025-04-05T00:00:00+00:00 [running]> on host 5991717e768c
[2025-04-06T15:36:15.991+0000] {taskinstance.py:3134} INFO - Exporting env vars: AIRFLOW_CTX_DAG_OWNER='Esayed' AIRFLOW_CTX_DAG_ID='print_hello3' AIRFLOW_CTX_TASK_ID='print_hello_task' AIRFLOW_CTX_EXECUTION_DATE='2025-04-05T00:00:00+00:00' AIRFLOW_CTX_TRY_NUMBER='1' AIRFLOW_CTX_DAG_RUN_ID='scheduled__2025-04-05T00:00:00+00:00'
[2025-04-06T15:36:15.992+0000] {logging_mixin.py:190} INFO - Task instance is in running state
[2025-04-06T15:36:15.993+0000] {logging_mixin.py:190} INFO -  Previous state of the Task instance: queued
[2025-04-06T15:36:15.993+0000] {logging_mixin.py:190} INFO - Current task name:print_hello_task state:running start_date:2025-04-06 15:36:15.603185+00:00
[2025-04-06T15:36:15.994+0000] {logging_mixin.py:190} INFO - Dag name:print_hello3 and current dag run status:running
[2025-04-06T15:36:15.994+0000] {taskinstance.py:732} INFO - ::endgroup::
[2025-04-06T15:36:15.995+0000] {logging_mixin.py:190} INFO - hello
[2025-04-06T15:36:15.995+0000] {python.py:240} INFO - Done. Returned value was: None
[2025-04-06T15:36:16.006+0000] {taskinstance.py:341} INFO - ::group::Post task execution logs
[2025-04-06T15:36:16.007+0000] {taskinstance.py:353} INFO - Marking task as SUCCESS. dag_id=print_hello3, task_id=print_hello_task, run_id=scheduled__2025-04-05T00:00:00+00:00, execution_date=20250405T000000, start_date=20250406T153615, end_date=20250406T153616
[2025-04-06T15:36:16.035+0000] {logging_mixin.py:190} INFO - Task instance in success state
[2025-04-06T15:36:16.035+0000] {logging_mixin.py:190} INFO -  Previous state of the Task instance: running
[2025-04-06T15:36:16.036+0000] {logging_mixin.py:190} INFO - Dag name:print_hello3 queued_at:2025-04-06 15:36:12.914388+00:00
[2025-04-06T15:36:16.036+0000] {logging_mixin.py:190} INFO - Task hostname:5991717e768c operator:PythonOperator
[2025-04-06T15:36:16.060+0000] {local_task_job_runner.py:266} INFO - Task exited with return code 0
[2025-04-06T15:36:16.255+0000] {taskinstance.py:3901} INFO - 1 downstream tasks scheduled from follow-on schedule check
[2025-04-06T15:36:16.259+0000] {local_task_job_runner.py:245} INFO - ::endgroup::
