[2025-04-06T06:03:05.651+0000] {local_task_job_runner.py:123} INFO - ::group::Pre task execution logs
[2025-04-06T06:03:05.703+0000] {taskinstance.py:2614} INFO - Dependencies all met for dep_context=non-requeueable deps ti=<TaskInstance: print_hello.save_to_csv_task scheduled__2025-04-05T00:22:00+00:00 [queued]>
[2025-04-06T06:03:05.742+0000] {taskinstance.py:2614} INFO - Dependencies all met for dep_context=requeueable deps ti=<TaskInstance: print_hello.save_to_csv_task scheduled__2025-04-05T00:22:00+00:00 [queued]>
[2025-04-06T06:03:05.747+0000] {taskinstance.py:2867} INFO - Starting attempt 1 of 2
[2025-04-06T06:03:06.136+0000] {taskinstance.py:2890} INFO - Executing <Task(PythonOperator): save_to_csv_task> on 2025-04-05 00:22:00+00:00
[2025-04-06T06:03:06.151+0000] {warnings.py:112} WARNING - /home/***/.local/lib/python3.12/site-packages/***/task/task_runner/standard_task_runner.py:70: DeprecationWarning: This process (pid=318) is multi-threaded, use of fork() may lead to deadlocks in the child.
  pid = os.fork()

[2025-04-06T06:03:06.154+0000] {standard_task_runner.py:72} INFO - Started process 356 to run task
[2025-04-06T06:03:06.153+0000] {standard_task_runner.py:104} INFO - Running: ['***', 'tasks', 'run', 'print_hello', 'save_to_csv_task', 'scheduled__2025-04-05T00:22:00+00:00', '--job-id', '69', '--raw', '--subdir', 'DAGS_FOLDER/print_hello.py', '--cfg-path', '/tmp/tmpw2ag1sol']
[2025-04-06T06:03:06.155+0000] {standard_task_runner.py:105} INFO - Job 69: Subtask save_to_csv_task
[2025-04-06T06:03:06.246+0000] {task_command.py:467} INFO - Running <TaskInstance: print_hello.save_to_csv_task scheduled__2025-04-05T00:22:00+00:00 [running]> on host 5991717e768c
[2025-04-06T06:03:06.453+0000] {taskinstance.py:3134} INFO - Exporting env vars: AIRFLOW_CTX_DAG_OWNER='Esayed' AIRFLOW_CTX_DAG_ID='print_hello' AIRFLOW_CTX_TASK_ID='save_to_csv_task' AIRFLOW_CTX_EXECUTION_DATE='2025-04-05T00:22:00+00:00' AIRFLOW_CTX_TRY_NUMBER='1' AIRFLOW_CTX_DAG_RUN_ID='scheduled__2025-04-05T00:22:00+00:00'
[2025-04-06T06:03:06.455+0000] {logging_mixin.py:190} INFO - Task instance is in running state
[2025-04-06T06:03:06.457+0000] {logging_mixin.py:190} INFO -  Previous state of the Task instance: queued
[2025-04-06T06:03:06.458+0000] {logging_mixin.py:190} INFO - Current task name:save_to_csv_task state:running start_date:2025-04-06 06:03:05.708197+00:00
[2025-04-06T06:03:06.459+0000] {logging_mixin.py:190} INFO - Dag name:print_hello and current dag run status:running
[2025-04-06T06:03:06.460+0000] {taskinstance.py:732} INFO - ::endgroup::
[2025-04-06T06:03:06.473+0000] {python.py:240} INFO - Done. Returned value was: None
[2025-04-06T06:03:06.490+0000] {taskinstance.py:341} INFO - ::group::Post task execution logs
[2025-04-06T06:03:06.491+0000] {taskinstance.py:353} INFO - Marking task as SUCCESS. dag_id=print_hello, task_id=save_to_csv_task, run_id=scheduled__2025-04-05T00:22:00+00:00, execution_date=20250405T002200, start_date=20250406T060305, end_date=20250406T060306
[2025-04-06T06:03:06.536+0000] {logging_mixin.py:190} INFO - Task instance in success state
[2025-04-06T06:03:06.538+0000] {logging_mixin.py:190} INFO -  Previous state of the Task instance: running
[2025-04-06T06:03:06.540+0000] {logging_mixin.py:190} INFO - Dag name:print_hello queued_at:2025-04-06 06:02:55.571613+00:00
[2025-04-06T06:03:06.541+0000] {logging_mixin.py:190} INFO - Task hostname:5991717e768c operator:PythonOperator
[2025-04-06T06:03:06.573+0000] {local_task_job_runner.py:266} INFO - Task exited with return code 0
[2025-04-06T06:03:06.605+0000] {taskinstance.py:3901} INFO - 0 downstream tasks scheduled from follow-on schedule check
[2025-04-06T06:03:06.611+0000] {local_task_job_runner.py:245} INFO - ::endgroup::
[2025-04-06T06:15:21.228+0000] {local_task_job_runner.py:123} INFO - ::group::Pre task execution logs
[2025-04-06T06:15:21.299+0000] {taskinstance.py:2614} INFO - Dependencies all met for dep_context=non-requeueable deps ti=<TaskInstance: print_hello.save_to_csv_task scheduled__2025-04-05T00:22:00+00:00 [queued]>
[2025-04-06T06:15:21.337+0000] {taskinstance.py:2614} INFO - Dependencies all met for dep_context=requeueable deps ti=<TaskInstance: print_hello.save_to_csv_task scheduled__2025-04-05T00:22:00+00:00 [queued]>
[2025-04-06T06:15:21.341+0000] {taskinstance.py:2867} INFO - Starting attempt 1 of 2
[2025-04-06T06:15:21.781+0000] {taskinstance.py:2890} INFO - Executing <Task(PythonOperator): save_to_csv_task> on 2025-04-05 00:22:00+00:00
[2025-04-06T06:15:21.799+0000] {warnings.py:112} WARNING - /home/***/.local/lib/python3.12/site-packages/***/task/task_runner/standard_task_runner.py:70: DeprecationWarning: This process (pid=1061) is multi-threaded, use of fork() may lead to deadlocks in the child.
  pid = os.fork()

[2025-04-06T06:15:21.802+0000] {standard_task_runner.py:72} INFO - Started process 1102 to run task
[2025-04-06T06:15:21.806+0000] {standard_task_runner.py:104} INFO - Running: ['***', 'tasks', 'run', 'print_hello', 'save_to_csv_task', 'scheduled__2025-04-05T00:22:00+00:00', '--job-id', '214', '--raw', '--subdir', 'DAGS_FOLDER/print_hello.py', '--cfg-path', '/tmp/tmpgu2ep_wa']
[2025-04-06T06:15:21.808+0000] {standard_task_runner.py:105} INFO - Job 214: Subtask save_to_csv_task
[2025-04-06T06:15:21.933+0000] {task_command.py:467} INFO - Running <TaskInstance: print_hello.save_to_csv_task scheduled__2025-04-05T00:22:00+00:00 [running]> on host 5991717e768c
[2025-04-06T06:15:22.111+0000] {taskinstance.py:3134} INFO - Exporting env vars: AIRFLOW_CTX_DAG_OWNER='Esayed' AIRFLOW_CTX_DAG_ID='print_hello' AIRFLOW_CTX_TASK_ID='save_to_csv_task' AIRFLOW_CTX_EXECUTION_DATE='2025-04-05T00:22:00+00:00' AIRFLOW_CTX_TRY_NUMBER='1' AIRFLOW_CTX_DAG_RUN_ID='scheduled__2025-04-05T00:22:00+00:00'
[2025-04-06T06:15:22.115+0000] {logging_mixin.py:190} INFO - Task instance is in running state
[2025-04-06T06:15:22.116+0000] {logging_mixin.py:190} INFO -  Previous state of the Task instance: queued
[2025-04-06T06:15:22.117+0000] {logging_mixin.py:190} INFO - Current task name:save_to_csv_task state:running start_date:2025-04-06 06:15:21.301859+00:00
[2025-04-06T06:15:22.119+0000] {logging_mixin.py:190} INFO - Dag name:print_hello and current dag run status:running
[2025-04-06T06:15:22.121+0000] {taskinstance.py:732} INFO - ::endgroup::
[2025-04-06T06:15:22.135+0000] {python.py:240} INFO - Done. Returned value was: None
[2025-04-06T06:15:22.158+0000] {taskinstance.py:341} INFO - ::group::Post task execution logs
[2025-04-06T06:15:22.160+0000] {taskinstance.py:353} INFO - Marking task as SUCCESS. dag_id=print_hello, task_id=save_to_csv_task, run_id=scheduled__2025-04-05T00:22:00+00:00, execution_date=20250405T002200, start_date=20250406T061521, end_date=20250406T061522
[2025-04-06T06:15:22.222+0000] {logging_mixin.py:190} INFO - Task instance in success state
[2025-04-06T06:15:22.224+0000] {logging_mixin.py:190} INFO -  Previous state of the Task instance: running
[2025-04-06T06:15:22.228+0000] {logging_mixin.py:190} INFO - Dag name:print_hello queued_at:2025-04-06 06:15:11.543361+00:00
[2025-04-06T06:15:22.230+0000] {logging_mixin.py:190} INFO - Task hostname:5991717e768c operator:PythonOperator
[2025-04-06T06:15:22.298+0000] {local_task_job_runner.py:266} INFO - Task exited with return code 0
[2025-04-06T06:15:22.317+0000] {local_task_job_runner.py:245} INFO - ::endgroup::
