[2025-04-06T06:34:01.199+0000] {local_task_job_runner.py:123} INFO - ::group::Pre task execution logs
[2025-04-06T06:34:01.260+0000] {taskinstance.py:2614} INFO - Dependencies all met for dep_context=non-requeueable deps ti=<TaskInstance: print_hello2.save_to_csv_task scheduled__2025-04-05T00:00:00+00:00 [queued]>
[2025-04-06T06:34:01.299+0000] {taskinstance.py:2614} INFO - Dependencies all met for dep_context=requeueable deps ti=<TaskInstance: print_hello2.save_to_csv_task scheduled__2025-04-05T00:00:00+00:00 [queued]>
[2025-04-06T06:34:01.301+0000] {taskinstance.py:2867} INFO - Starting attempt 1 of 2
[2025-04-06T06:34:01.877+0000] {taskinstance.py:2890} INFO - Executing <Task(PythonOperator): save_to_csv_task> on 2025-04-05 00:00:00+00:00
[2025-04-06T06:34:01.898+0000] {warnings.py:112} WARNING - /home/***/.local/lib/python3.12/site-packages/***/task/task_runner/standard_task_runner.py:70: DeprecationWarning: This process (pid=1659) is multi-threaded, use of fork() may lead to deadlocks in the child.
  pid = os.fork()

[2025-04-06T06:34:01.900+0000] {standard_task_runner.py:104} INFO - Running: ['***', 'tasks', 'run', 'print_hello2', 'save_to_csv_task', 'scheduled__2025-04-05T00:00:00+00:00', '--job-id', '309', '--raw', '--subdir', 'DAGS_FOLDER/print_hello.py', '--cfg-path', '/tmp/tmpkgzd_xi4']
[2025-04-06T06:34:01.902+0000] {standard_task_runner.py:72} INFO - Started process 1702 to run task
[2025-04-06T06:34:01.903+0000] {standard_task_runner.py:105} INFO - Job 309: Subtask save_to_csv_task
[2025-04-06T06:34:02.071+0000] {task_command.py:467} INFO - Running <TaskInstance: print_hello2.save_to_csv_task scheduled__2025-04-05T00:00:00+00:00 [running]> on host 5991717e768c
[2025-04-06T06:34:02.271+0000] {taskinstance.py:3134} INFO - Exporting env vars: AIRFLOW_CTX_DAG_OWNER='Esayed' AIRFLOW_CTX_DAG_ID='print_hello2' AIRFLOW_CTX_TASK_ID='save_to_csv_task' AIRFLOW_CTX_EXECUTION_DATE='2025-04-05T00:00:00+00:00' AIRFLOW_CTX_TRY_NUMBER='1' AIRFLOW_CTX_DAG_RUN_ID='scheduled__2025-04-05T00:00:00+00:00'
[2025-04-06T06:34:02.279+0000] {logging_mixin.py:190} INFO - Task instance is in running state
[2025-04-06T06:34:02.280+0000] {logging_mixin.py:190} INFO -  Previous state of the Task instance: queued
[2025-04-06T06:34:02.282+0000] {logging_mixin.py:190} INFO - Current task name:save_to_csv_task state:running start_date:2025-04-06 06:34:01.262337+00:00
[2025-04-06T06:34:02.284+0000] {logging_mixin.py:190} INFO - Dag name:print_hello2 and current dag run status:running
[2025-04-06T06:34:02.285+0000] {taskinstance.py:732} INFO - ::endgroup::
[2025-04-06T06:34:02.302+0000] {python.py:240} INFO - Done. Returned value was: None
[2025-04-06T06:34:02.329+0000] {taskinstance.py:341} INFO - ::group::Post task execution logs
[2025-04-06T06:34:02.335+0000] {taskinstance.py:353} INFO - Marking task as SUCCESS. dag_id=print_hello2, task_id=save_to_csv_task, run_id=scheduled__2025-04-05T00:00:00+00:00, execution_date=20250405T000000, start_date=20250406T063401, end_date=20250406T063402
[2025-04-06T06:34:02.397+0000] {logging_mixin.py:190} INFO - Task instance in success state
[2025-04-06T06:34:02.400+0000] {logging_mixin.py:190} INFO -  Previous state of the Task instance: running
[2025-04-06T06:34:02.401+0000] {logging_mixin.py:190} INFO - Dag name:print_hello2 queued_at:2025-04-06 06:32:24.257203+00:00
[2025-04-06T06:34:02.402+0000] {logging_mixin.py:190} INFO - Task hostname:5991717e768c operator:PythonOperator
[2025-04-06T06:34:02.447+0000] {local_task_job_runner.py:266} INFO - Task exited with return code 0
[2025-04-06T06:34:02.500+0000] {taskinstance.py:3901} INFO - 0 downstream tasks scheduled from follow-on schedule check
[2025-04-06T06:34:02.508+0000] {local_task_job_runner.py:245} INFO - ::endgroup::
[2025-04-06T06:34:57.181+0000] {local_task_job_runner.py:123} INFO - ::group::Pre task execution logs
[2025-04-06T06:34:57.271+0000] {taskinstance.py:2614} INFO - Dependencies all met for dep_context=non-requeueable deps ti=<TaskInstance: print_hello2.save_to_csv_task scheduled__2025-04-05T00:00:00+00:00 [queued]>
[2025-04-06T06:34:57.303+0000] {taskinstance.py:2614} INFO - Dependencies all met for dep_context=requeueable deps ti=<TaskInstance: print_hello2.save_to_csv_task scheduled__2025-04-05T00:00:00+00:00 [queued]>
[2025-04-06T06:34:57.304+0000] {taskinstance.py:2867} INFO - Starting attempt 1 of 2
[2025-04-06T06:34:57.779+0000] {taskinstance.py:2890} INFO - Executing <Task(PythonOperator): save_to_csv_task> on 2025-04-05 00:00:00+00:00
[2025-04-06T06:34:57.795+0000] {warnings.py:112} WARNING - /home/***/.local/lib/python3.12/site-packages/***/task/task_runner/standard_task_runner.py:70: DeprecationWarning: This process (pid=1768) is multi-threaded, use of fork() may lead to deadlocks in the child.
  pid = os.fork()

[2025-04-06T06:34:57.798+0000] {standard_task_runner.py:72} INFO - Started process 1806 to run task
[2025-04-06T06:34:57.798+0000] {standard_task_runner.py:104} INFO - Running: ['***', 'tasks', 'run', 'print_hello2', 'save_to_csv_task', 'scheduled__2025-04-05T00:00:00+00:00', '--job-id', '331', '--raw', '--subdir', 'DAGS_FOLDER/print_hello.py', '--cfg-path', '/tmp/tmpc16wsxoz']
[2025-04-06T06:34:57.804+0000] {standard_task_runner.py:105} INFO - Job 331: Subtask save_to_csv_task
[2025-04-06T06:34:57.998+0000] {task_command.py:467} INFO - Running <TaskInstance: print_hello2.save_to_csv_task scheduled__2025-04-05T00:00:00+00:00 [running]> on host 5991717e768c
[2025-04-06T06:34:58.185+0000] {taskinstance.py:3134} INFO - Exporting env vars: AIRFLOW_CTX_DAG_OWNER='Esayed' AIRFLOW_CTX_DAG_ID='print_hello2' AIRFLOW_CTX_TASK_ID='save_to_csv_task' AIRFLOW_CTX_EXECUTION_DATE='2025-04-05T00:00:00+00:00' AIRFLOW_CTX_TRY_NUMBER='1' AIRFLOW_CTX_DAG_RUN_ID='scheduled__2025-04-05T00:00:00+00:00'
[2025-04-06T06:34:58.187+0000] {logging_mixin.py:190} INFO - Task instance is in running state
[2025-04-06T06:34:58.188+0000] {logging_mixin.py:190} INFO -  Previous state of the Task instance: queued
[2025-04-06T06:34:58.189+0000] {logging_mixin.py:190} INFO - Current task name:save_to_csv_task state:running start_date:2025-04-06 06:34:57.272472+00:00
[2025-04-06T06:34:58.190+0000] {logging_mixin.py:190} INFO - Dag name:print_hello2 and current dag run status:running
[2025-04-06T06:34:58.191+0000] {taskinstance.py:732} INFO - ::endgroup::
[2025-04-06T06:34:58.207+0000] {python.py:240} INFO - Done. Returned value was: None
[2025-04-06T06:34:58.225+0000] {taskinstance.py:341} INFO - ::group::Post task execution logs
[2025-04-06T06:34:58.227+0000] {taskinstance.py:353} INFO - Marking task as SUCCESS. dag_id=print_hello2, task_id=save_to_csv_task, run_id=scheduled__2025-04-05T00:00:00+00:00, execution_date=20250405T000000, start_date=20250406T063457, end_date=20250406T063458
[2025-04-06T06:34:58.276+0000] {logging_mixin.py:190} INFO - Task instance in success state
[2025-04-06T06:34:58.277+0000] {logging_mixin.py:190} INFO -  Previous state of the Task instance: running
[2025-04-06T06:34:58.278+0000] {logging_mixin.py:190} INFO - Dag name:print_hello2 queued_at:2025-04-06 06:34:46.513662+00:00
[2025-04-06T06:34:58.279+0000] {logging_mixin.py:190} INFO - Task hostname:5991717e768c operator:PythonOperator
[2025-04-06T06:34:58.317+0000] {local_task_job_runner.py:266} INFO - Task exited with return code 0
[2025-04-06T06:34:58.335+0000] {local_task_job_runner.py:245} INFO - ::endgroup::
[2025-04-06T06:36:33.973+0000] {local_task_job_runner.py:123} INFO - ::group::Pre task execution logs
[2025-04-06T06:36:34.035+0000] {taskinstance.py:2614} INFO - Dependencies all met for dep_context=non-requeueable deps ti=<TaskInstance: print_hello2.save_to_csv_task scheduled__2025-04-05T00:00:00+00:00 [queued]>
[2025-04-06T06:36:34.069+0000] {taskinstance.py:2614} INFO - Dependencies all met for dep_context=requeueable deps ti=<TaskInstance: print_hello2.save_to_csv_task scheduled__2025-04-05T00:00:00+00:00 [queued]>
[2025-04-06T06:36:34.070+0000] {taskinstance.py:2867} INFO - Starting attempt 1 of 2
[2025-04-06T06:36:34.636+0000] {taskinstance.py:2890} INFO - Executing <Task(PythonOperator): save_to_csv_task> on 2025-04-05 00:00:00+00:00
[2025-04-06T06:36:34.662+0000] {warnings.py:112} WARNING - /home/***/.local/lib/python3.12/site-packages/***/task/task_runner/standard_task_runner.py:70: DeprecationWarning: This process (pid=2063) is multi-threaded, use of fork() may lead to deadlocks in the child.
  pid = os.fork()

[2025-04-06T06:36:34.669+0000] {standard_task_runner.py:72} INFO - Started process 2109 to run task
[2025-04-06T06:36:34.670+0000] {standard_task_runner.py:104} INFO - Running: ['***', 'tasks', 'run', 'print_hello2', 'save_to_csv_task', 'scheduled__2025-04-05T00:00:00+00:00', '--job-id', '401', '--raw', '--subdir', 'DAGS_FOLDER/print_hello.py', '--cfg-path', '/tmp/tmp8gshqbye']
[2025-04-06T06:36:34.672+0000] {standard_task_runner.py:105} INFO - Job 401: Subtask save_to_csv_task
[2025-04-06T06:36:34.809+0000] {task_command.py:467} INFO - Running <TaskInstance: print_hello2.save_to_csv_task scheduled__2025-04-05T00:00:00+00:00 [running]> on host 5991717e768c
[2025-04-06T06:36:34.976+0000] {taskinstance.py:3134} INFO - Exporting env vars: AIRFLOW_CTX_DAG_OWNER='Esayed' AIRFLOW_CTX_DAG_ID='print_hello2' AIRFLOW_CTX_TASK_ID='save_to_csv_task' AIRFLOW_CTX_EXECUTION_DATE='2025-04-05T00:00:00+00:00' AIRFLOW_CTX_TRY_NUMBER='1' AIRFLOW_CTX_DAG_RUN_ID='scheduled__2025-04-05T00:00:00+00:00'
[2025-04-06T06:36:34.978+0000] {logging_mixin.py:190} INFO - Task instance is in running state
[2025-04-06T06:36:34.979+0000] {logging_mixin.py:190} INFO -  Previous state of the Task instance: queued
[2025-04-06T06:36:34.980+0000] {logging_mixin.py:190} INFO - Current task name:save_to_csv_task state:running start_date:2025-04-06 06:36:34.036769+00:00
[2025-04-06T06:36:34.981+0000] {logging_mixin.py:190} INFO - Dag name:print_hello2 and current dag run status:running
[2025-04-06T06:36:34.982+0000] {taskinstance.py:732} INFO - ::endgroup::
[2025-04-06T06:36:34.996+0000] {python.py:240} INFO - Done. Returned value was: None
[2025-04-06T06:36:35.014+0000] {taskinstance.py:341} INFO - ::group::Post task execution logs
[2025-04-06T06:36:35.015+0000] {taskinstance.py:353} INFO - Marking task as SUCCESS. dag_id=print_hello2, task_id=save_to_csv_task, run_id=scheduled__2025-04-05T00:00:00+00:00, execution_date=20250405T000000, start_date=20250406T063634, end_date=20250406T063635
[2025-04-06T06:36:35.066+0000] {logging_mixin.py:190} INFO - Task instance in success state
[2025-04-06T06:36:35.068+0000] {logging_mixin.py:190} INFO -  Previous state of the Task instance: running
[2025-04-06T06:36:35.069+0000] {logging_mixin.py:190} INFO - Dag name:print_hello2 queued_at:2025-04-06 06:36:22.025522+00:00
[2025-04-06T06:36:35.070+0000] {logging_mixin.py:190} INFO - Task hostname:5991717e768c operator:PythonOperator
[2025-04-06T06:36:35.136+0000] {local_task_job_runner.py:266} INFO - Task exited with return code 0
[2025-04-06T06:36:35.171+0000] {taskinstance.py:3901} INFO - 0 downstream tasks scheduled from follow-on schedule check
[2025-04-06T06:36:35.175+0000] {local_task_job_runner.py:245} INFO - ::endgroup::
