[2025-04-06T06:02:31.777+0000] {local_task_job_runner.py:123} INFO - ::group::Pre task execution logs
[2025-04-06T06:02:31.837+0000] {taskinstance.py:2614} INFO - Dependencies all met for dep_context=non-requeueable deps ti=<TaskInstance: print_hello.print_hello_task scheduled__2025-04-05T00:01:00+00:00 [queued]>
[2025-04-06T06:02:31.872+0000] {taskinstance.py:2614} INFO - Dependencies all met for dep_context=requeueable deps ti=<TaskInstance: print_hello.print_hello_task scheduled__2025-04-05T00:01:00+00:00 [queued]>
[2025-04-06T06:02:31.873+0000] {taskinstance.py:2867} INFO - Starting attempt 1 of 2
[2025-04-06T06:02:31.958+0000] {taskinstance.py:2890} INFO - Executing <Task(PythonOperator): print_hello_task> on 2025-04-05 00:01:00+00:00
[2025-04-06T06:02:32.112+0000] {warnings.py:112} WARNING - /home/***/.local/lib/python3.12/site-packages/***/task/task_runner/standard_task_runner.py:70: DeprecationWarning: This process (pid=115) is multi-threaded, use of fork() may lead to deadlocks in the child.
  pid = os.fork()

[2025-04-06T06:02:32.128+0000] {standard_task_runner.py:72} INFO - Started process 166 to run task
[2025-04-06T06:02:32.115+0000] {standard_task_runner.py:104} INFO - Running: ['***', 'tasks', 'run', 'print_hello', 'print_hello_task', 'scheduled__2025-04-05T00:01:00+00:00', '--job-id', '23', '--raw', '--subdir', 'DAGS_FOLDER/print_hello.py', '--cfg-path', '/tmp/tmpcwumj5a1']
[2025-04-06T06:02:32.197+0000] {standard_task_runner.py:105} INFO - Job 23: Subtask print_hello_task
[2025-04-06T06:02:32.811+0000] {task_command.py:467} INFO - Running <TaskInstance: print_hello.print_hello_task scheduled__2025-04-05T00:01:00+00:00 [running]> on host 5991717e768c
[2025-04-06T06:02:38.935+0000] {taskinstance.py:3134} INFO - Exporting env vars: AIRFLOW_CTX_DAG_OWNER='Esayed' AIRFLOW_CTX_DAG_ID='print_hello' AIRFLOW_CTX_TASK_ID='print_hello_task' AIRFLOW_CTX_EXECUTION_DATE='2025-04-05T00:01:00+00:00' AIRFLOW_CTX_TRY_NUMBER='1' AIRFLOW_CTX_DAG_RUN_ID='scheduled__2025-04-05T00:01:00+00:00'
[2025-04-06T06:02:38.937+0000] {logging_mixin.py:190} INFO - Task instance is in running state
[2025-04-06T06:02:38.938+0000] {logging_mixin.py:190} INFO -  Previous state of the Task instance: queued
[2025-04-06T06:02:38.940+0000] {logging_mixin.py:190} INFO - Current task name:print_hello_task state:running start_date:2025-04-06 06:02:31.841628+00:00
[2025-04-06T06:02:38.941+0000] {logging_mixin.py:190} INFO - Dag name:print_hello and current dag run status:running
[2025-04-06T06:02:38.942+0000] {taskinstance.py:732} INFO - ::endgroup::
[2025-04-06T06:02:38.944+0000] {logging_mixin.py:190} INFO - hello
[2025-04-06T06:02:38.945+0000] {python.py:240} INFO - Done. Returned value was: None
[2025-04-06T06:02:38.962+0000] {taskinstance.py:341} INFO - ::group::Post task execution logs
[2025-04-06T06:02:38.965+0000] {taskinstance.py:353} INFO - Marking task as SUCCESS. dag_id=print_hello, task_id=print_hello_task, run_id=scheduled__2025-04-05T00:01:00+00:00, execution_date=20250405T000100, start_date=20250406T060231, end_date=20250406T060238
[2025-04-06T06:02:39.013+0000] {logging_mixin.py:190} INFO - Task instance in success state
[2025-04-06T06:02:39.014+0000] {logging_mixin.py:190} INFO -  Previous state of the Task instance: running
[2025-04-06T06:02:39.015+0000] {logging_mixin.py:190} INFO - Dag name:print_hello queued_at:2025-04-06 06:02:20.276142+00:00
[2025-04-06T06:02:39.017+0000] {logging_mixin.py:190} INFO - Task hostname:5991717e768c operator:PythonOperator
[2025-04-06T06:02:39.105+0000] {local_task_job_runner.py:266} INFO - Task exited with return code 0
[2025-04-06T06:02:39.522+0000] {taskinstance.py:3901} INFO - 1 downstream tasks scheduled from follow-on schedule check
[2025-04-06T06:02:39.527+0000] {local_task_job_runner.py:245} INFO - ::endgroup::
[2025-04-06T06:14:54.295+0000] {local_task_job_runner.py:123} INFO - ::group::Pre task execution logs
[2025-04-06T06:14:54.351+0000] {taskinstance.py:2614} INFO - Dependencies all met for dep_context=non-requeueable deps ti=<TaskInstance: print_hello.print_hello_task scheduled__2025-04-05T00:01:00+00:00 [queued]>
[2025-04-06T06:14:54.372+0000] {taskinstance.py:2614} INFO - Dependencies all met for dep_context=requeueable deps ti=<TaskInstance: print_hello.print_hello_task scheduled__2025-04-05T00:01:00+00:00 [queued]>
[2025-04-06T06:14:54.373+0000] {taskinstance.py:2867} INFO - Starting attempt 1 of 2
[2025-04-06T06:14:54.427+0000] {taskinstance.py:2890} INFO - Executing <Task(PythonOperator): print_hello_task> on 2025-04-05 00:01:00+00:00
[2025-04-06T06:14:54.444+0000] {warnings.py:112} WARNING - /home/***/.local/lib/python3.12/site-packages/***/task/task_runner/standard_task_runner.py:70: DeprecationWarning: This process (pid=867) is multi-threaded, use of fork() may lead to deadlocks in the child.
  pid = os.fork()

[2025-04-06T06:14:54.447+0000] {standard_task_runner.py:72} INFO - Started process 894 to run task
[2025-04-06T06:14:54.447+0000] {standard_task_runner.py:104} INFO - Running: ['***', 'tasks', 'run', 'print_hello', 'print_hello_task', 'scheduled__2025-04-05T00:01:00+00:00', '--job-id', '165', '--raw', '--subdir', 'DAGS_FOLDER/print_hello.py', '--cfg-path', '/tmp/tmpxp5wlbhw']
[2025-04-06T06:14:54.450+0000] {standard_task_runner.py:105} INFO - Job 165: Subtask print_hello_task
[2025-04-06T06:14:55.036+0000] {task_command.py:467} INFO - Running <TaskInstance: print_hello.print_hello_task scheduled__2025-04-05T00:01:00+00:00 [running]> on host 5991717e768c
[2025-04-06T06:14:55.274+0000] {taskinstance.py:3134} INFO - Exporting env vars: AIRFLOW_CTX_DAG_OWNER='Esayed' AIRFLOW_CTX_DAG_ID='print_hello' AIRFLOW_CTX_TASK_ID='print_hello_task' AIRFLOW_CTX_EXECUTION_DATE='2025-04-05T00:01:00+00:00' AIRFLOW_CTX_TRY_NUMBER='1' AIRFLOW_CTX_DAG_RUN_ID='scheduled__2025-04-05T00:01:00+00:00'
[2025-04-06T06:14:55.276+0000] {logging_mixin.py:190} INFO - Task instance is in running state
[2025-04-06T06:14:55.279+0000] {logging_mixin.py:190} INFO -  Previous state of the Task instance: queued
[2025-04-06T06:14:55.280+0000] {logging_mixin.py:190} INFO - Current task name:print_hello_task state:running start_date:2025-04-06 06:14:54.352511+00:00
[2025-04-06T06:14:55.282+0000] {logging_mixin.py:190} INFO - Dag name:print_hello and current dag run status:running
[2025-04-06T06:14:55.284+0000] {taskinstance.py:732} INFO - ::endgroup::
[2025-04-06T06:14:55.285+0000] {logging_mixin.py:190} INFO - hello
[2025-04-06T06:14:55.286+0000] {python.py:240} INFO - Done. Returned value was: None
[2025-04-06T06:14:55.308+0000] {taskinstance.py:341} INFO - ::group::Post task execution logs
[2025-04-06T06:14:55.310+0000] {taskinstance.py:353} INFO - Marking task as SUCCESS. dag_id=print_hello, task_id=print_hello_task, run_id=scheduled__2025-04-05T00:01:00+00:00, execution_date=20250405T000100, start_date=20250406T061454, end_date=20250406T061455
[2025-04-06T06:14:55.380+0000] {logging_mixin.py:190} INFO - Task instance in success state
[2025-04-06T06:14:55.386+0000] {logging_mixin.py:190} INFO -  Previous state of the Task instance: running
[2025-04-06T06:14:55.387+0000] {logging_mixin.py:190} INFO - Dag name:print_hello queued_at:2025-04-06 06:14:51.609192+00:00
[2025-04-06T06:14:55.400+0000] {logging_mixin.py:190} INFO - Task hostname:5991717e768c operator:PythonOperator
[2025-04-06T06:14:55.486+0000] {local_task_job_runner.py:266} INFO - Task exited with return code 0
[2025-04-06T06:14:56.107+0000] {taskinstance.py:3901} INFO - 0 downstream tasks scheduled from follow-on schedule check
[2025-04-06T06:14:56.131+0000] {local_task_job_runner.py:245} INFO - ::endgroup::
