[2025-04-06T06:33:59.875+0000] {local_task_job_runner.py:123} INFO - ::group::Pre task execution logs
[2025-04-06T06:33:59.943+0000] {taskinstance.py:2614} INFO - Dependencies all met for dep_context=non-requeueable deps ti=<TaskInstance: print_hello2.save_to_csv_task scheduled__2025-04-05T00:05:00+00:00 [queued]>
[2025-04-06T06:33:59.999+0000] {taskinstance.py:2614} INFO - Dependencies all met for dep_context=requeueable deps ti=<TaskInstance: print_hello2.save_to_csv_task scheduled__2025-04-05T00:05:00+00:00 [queued]>
[2025-04-06T06:34:00.005+0000] {taskinstance.py:2867} INFO - Starting attempt 1 of 2
[2025-04-06T06:34:00.529+0000] {taskinstance.py:2890} INFO - Executing <Task(PythonOperator): save_to_csv_task> on 2025-04-05 00:05:00+00:00
[2025-04-06T06:34:00.747+0000] {warnings.py:112} WARNING - /home/***/.local/lib/python3.12/site-packages/***/task/task_runner/standard_task_runner.py:70: DeprecationWarning: This process (pid=1660) is multi-threaded, use of fork() may lead to deadlocks in the child.
  pid = os.fork()

[2025-04-06T06:34:00.748+0000] {standard_task_runner.py:104} INFO - Running: ['***', 'tasks', 'run', 'print_hello2', 'save_to_csv_task', 'scheduled__2025-04-05T00:05:00+00:00', '--job-id', '304', '--raw', '--subdir', 'DAGS_FOLDER/print_hello.py', '--cfg-path', '/tmp/tmpctg9nb19']
[2025-04-06T06:34:00.754+0000] {standard_task_runner.py:72} INFO - Started process 1692 to run task
[2025-04-06T06:34:00.756+0000] {standard_task_runner.py:105} INFO - Job 304: Subtask save_to_csv_task
[2025-04-06T06:34:01.026+0000] {task_command.py:467} INFO - Running <TaskInstance: print_hello2.save_to_csv_task scheduled__2025-04-05T00:05:00+00:00 [running]> on host 5991717e768c
[2025-04-06T06:34:01.308+0000] {taskinstance.py:3134} INFO - Exporting env vars: AIRFLOW_CTX_DAG_OWNER='Esayed' AIRFLOW_CTX_DAG_ID='print_hello2' AIRFLOW_CTX_TASK_ID='save_to_csv_task' AIRFLOW_CTX_EXECUTION_DATE='2025-04-05T00:05:00+00:00' AIRFLOW_CTX_TRY_NUMBER='1' AIRFLOW_CTX_DAG_RUN_ID='scheduled__2025-04-05T00:05:00+00:00'
[2025-04-06T06:34:01.314+0000] {logging_mixin.py:190} INFO - Task instance is in running state
[2025-04-06T06:34:01.319+0000] {logging_mixin.py:190} INFO -  Previous state of the Task instance: queued
[2025-04-06T06:34:01.322+0000] {logging_mixin.py:190} INFO - Current task name:save_to_csv_task state:running start_date:2025-04-06 06:33:59.944389+00:00
[2025-04-06T06:34:01.323+0000] {logging_mixin.py:190} INFO - Dag name:print_hello2 and current dag run status:running
[2025-04-06T06:34:01.331+0000] {taskinstance.py:732} INFO - ::endgroup::
[2025-04-06T06:34:01.352+0000] {python.py:240} INFO - Done. Returned value was: None
[2025-04-06T06:34:01.396+0000] {taskinstance.py:341} INFO - ::group::Post task execution logs
[2025-04-06T06:34:01.398+0000] {taskinstance.py:353} INFO - Marking task as SUCCESS. dag_id=print_hello2, task_id=save_to_csv_task, run_id=scheduled__2025-04-05T00:05:00+00:00, execution_date=20250405T000500, start_date=20250406T063359, end_date=20250406T063401
[2025-04-06T06:34:01.532+0000] {logging_mixin.py:190} INFO - Task instance in success state
[2025-04-06T06:34:01.533+0000] {logging_mixin.py:190} INFO -  Previous state of the Task instance: running
[2025-04-06T06:34:01.538+0000] {logging_mixin.py:190} INFO - Dag name:print_hello2 queued_at:2025-04-06 06:32:24.344452+00:00
[2025-04-06T06:34:01.542+0000] {logging_mixin.py:190} INFO - Task hostname:5991717e768c operator:PythonOperator
[2025-04-06T06:34:01.648+0000] {local_task_job_runner.py:266} INFO - Task exited with return code 0
[2025-04-06T06:34:01.709+0000] {taskinstance.py:3901} INFO - 0 downstream tasks scheduled from follow-on schedule check
[2025-04-06T06:34:01.739+0000] {local_task_job_runner.py:245} INFO - ::endgroup::
[2025-04-06T06:34:57.201+0000] {local_task_job_runner.py:123} INFO - ::group::Pre task execution logs
[2025-04-06T06:34:57.279+0000] {taskinstance.py:2614} INFO - Dependencies all met for dep_context=non-requeueable deps ti=<TaskInstance: print_hello2.save_to_csv_task scheduled__2025-04-05T00:05:00+00:00 [queued]>
[2025-04-06T06:34:57.306+0000] {taskinstance.py:2614} INFO - Dependencies all met for dep_context=requeueable deps ti=<TaskInstance: print_hello2.save_to_csv_task scheduled__2025-04-05T00:05:00+00:00 [queued]>
[2025-04-06T06:34:57.307+0000] {taskinstance.py:2867} INFO - Starting attempt 1 of 2
[2025-04-06T06:34:57.358+0000] {taskinstance.py:2890} INFO - Executing <Task(PythonOperator): save_to_csv_task> on 2025-04-05 00:05:00+00:00
[2025-04-06T06:34:57.381+0000] {warnings.py:112} WARNING - /home/***/.local/lib/python3.12/site-packages/***/task/task_runner/standard_task_runner.py:70: DeprecationWarning: This process (pid=1767) is multi-threaded, use of fork() may lead to deadlocks in the child.
  pid = os.fork()

[2025-04-06T06:34:57.385+0000] {standard_task_runner.py:72} INFO - Started process 1802 to run task
[2025-04-06T06:34:57.398+0000] {standard_task_runner.py:104} INFO - Running: ['***', 'tasks', 'run', 'print_hello2', 'save_to_csv_task', 'scheduled__2025-04-05T00:05:00+00:00', '--job-id', '333', '--raw', '--subdir', 'DAGS_FOLDER/print_hello.py', '--cfg-path', '/tmp/tmp00akzz6c']
[2025-04-06T06:34:57.419+0000] {standard_task_runner.py:105} INFO - Job 333: Subtask save_to_csv_task
[2025-04-06T06:34:58.103+0000] {task_command.py:467} INFO - Running <TaskInstance: print_hello2.save_to_csv_task scheduled__2025-04-05T00:05:00+00:00 [running]> on host 5991717e768c
[2025-04-06T06:34:58.261+0000] {taskinstance.py:3134} INFO - Exporting env vars: AIRFLOW_CTX_DAG_OWNER='Esayed' AIRFLOW_CTX_DAG_ID='print_hello2' AIRFLOW_CTX_TASK_ID='save_to_csv_task' AIRFLOW_CTX_EXECUTION_DATE='2025-04-05T00:05:00+00:00' AIRFLOW_CTX_TRY_NUMBER='1' AIRFLOW_CTX_DAG_RUN_ID='scheduled__2025-04-05T00:05:00+00:00'
[2025-04-06T06:34:58.263+0000] {logging_mixin.py:190} INFO - Task instance is in running state
[2025-04-06T06:34:58.264+0000] {logging_mixin.py:190} INFO -  Previous state of the Task instance: queued
[2025-04-06T06:34:58.266+0000] {logging_mixin.py:190} INFO - Current task name:save_to_csv_task state:running start_date:2025-04-06 06:34:57.280794+00:00
[2025-04-06T06:34:58.267+0000] {logging_mixin.py:190} INFO - Dag name:print_hello2 and current dag run status:running
[2025-04-06T06:34:58.268+0000] {taskinstance.py:732} INFO - ::endgroup::
[2025-04-06T06:34:58.279+0000] {python.py:240} INFO - Done. Returned value was: None
[2025-04-06T06:34:58.304+0000] {taskinstance.py:341} INFO - ::group::Post task execution logs
[2025-04-06T06:34:58.305+0000] {taskinstance.py:353} INFO - Marking task as SUCCESS. dag_id=print_hello2, task_id=save_to_csv_task, run_id=scheduled__2025-04-05T00:05:00+00:00, execution_date=20250405T000500, start_date=20250406T063457, end_date=20250406T063458
[2025-04-06T06:34:58.355+0000] {logging_mixin.py:190} INFO - Task instance in success state
[2025-04-06T06:34:58.356+0000] {logging_mixin.py:190} INFO -  Previous state of the Task instance: running
[2025-04-06T06:34:58.358+0000] {logging_mixin.py:190} INFO - Dag name:print_hello2 queued_at:2025-04-06 06:34:46.611016+00:00
[2025-04-06T06:34:58.360+0000] {logging_mixin.py:190} INFO - Task hostname:5991717e768c operator:PythonOperator
[2025-04-06T06:34:58.418+0000] {local_task_job_runner.py:266} INFO - Task exited with return code 0
[2025-04-06T06:34:58.444+0000] {local_task_job_runner.py:245} INFO - ::endgroup::
[2025-04-06T06:36:34.214+0000] {local_task_job_runner.py:123} INFO - ::group::Pre task execution logs
[2025-04-06T06:36:34.275+0000] {taskinstance.py:2614} INFO - Dependencies all met for dep_context=non-requeueable deps ti=<TaskInstance: print_hello2.save_to_csv_task scheduled__2025-04-05T00:05:00+00:00 [queued]>
[2025-04-06T06:36:34.311+0000] {taskinstance.py:2614} INFO - Dependencies all met for dep_context=requeueable deps ti=<TaskInstance: print_hello2.save_to_csv_task scheduled__2025-04-05T00:05:00+00:00 [queued]>
[2025-04-06T06:36:34.313+0000] {taskinstance.py:2867} INFO - Starting attempt 1 of 2
[2025-04-06T06:36:34.774+0000] {taskinstance.py:2890} INFO - Executing <Task(PythonOperator): save_to_csv_task> on 2025-04-05 00:05:00+00:00
[2025-04-06T06:36:34.794+0000] {warnings.py:112} WARNING - /home/***/.local/lib/python3.12/site-packages/***/task/task_runner/standard_task_runner.py:70: DeprecationWarning: This process (pid=2069) is multi-threaded, use of fork() may lead to deadlocks in the child.
  pid = os.fork()

[2025-04-06T06:36:34.798+0000] {standard_task_runner.py:72} INFO - Started process 2111 to run task
[2025-04-06T06:36:34.799+0000] {standard_task_runner.py:104} INFO - Running: ['***', 'tasks', 'run', 'print_hello2', 'save_to_csv_task', 'scheduled__2025-04-05T00:05:00+00:00', '--job-id', '403', '--raw', '--subdir', 'DAGS_FOLDER/print_hello.py', '--cfg-path', '/tmp/tmpjc962_bp']
[2025-04-06T06:36:34.802+0000] {standard_task_runner.py:105} INFO - Job 403: Subtask save_to_csv_task
[2025-04-06T06:36:34.909+0000] {task_command.py:467} INFO - Running <TaskInstance: print_hello2.save_to_csv_task scheduled__2025-04-05T00:05:00+00:00 [running]> on host 5991717e768c
[2025-04-06T06:36:35.077+0000] {taskinstance.py:3134} INFO - Exporting env vars: AIRFLOW_CTX_DAG_OWNER='Esayed' AIRFLOW_CTX_DAG_ID='print_hello2' AIRFLOW_CTX_TASK_ID='save_to_csv_task' AIRFLOW_CTX_EXECUTION_DATE='2025-04-05T00:05:00+00:00' AIRFLOW_CTX_TRY_NUMBER='1' AIRFLOW_CTX_DAG_RUN_ID='scheduled__2025-04-05T00:05:00+00:00'
[2025-04-06T06:36:35.079+0000] {logging_mixin.py:190} INFO - Task instance is in running state
[2025-04-06T06:36:35.081+0000] {logging_mixin.py:190} INFO -  Previous state of the Task instance: queued
[2025-04-06T06:36:35.083+0000] {logging_mixin.py:190} INFO - Current task name:save_to_csv_task state:running start_date:2025-04-06 06:36:34.276766+00:00
[2025-04-06T06:36:35.085+0000] {logging_mixin.py:190} INFO - Dag name:print_hello2 and current dag run status:running
[2025-04-06T06:36:35.087+0000] {taskinstance.py:732} INFO - ::endgroup::
[2025-04-06T06:36:35.104+0000] {python.py:240} INFO - Done. Returned value was: None
[2025-04-06T06:36:35.124+0000] {taskinstance.py:341} INFO - ::group::Post task execution logs
[2025-04-06T06:36:35.125+0000] {taskinstance.py:353} INFO - Marking task as SUCCESS. dag_id=print_hello2, task_id=save_to_csv_task, run_id=scheduled__2025-04-05T00:05:00+00:00, execution_date=20250405T000500, start_date=20250406T063634, end_date=20250406T063635
[2025-04-06T06:36:35.178+0000] {logging_mixin.py:190} INFO - Task instance in success state
[2025-04-06T06:36:35.179+0000] {logging_mixin.py:190} INFO -  Previous state of the Task instance: running
[2025-04-06T06:36:35.180+0000] {logging_mixin.py:190} INFO - Dag name:print_hello2 queued_at:2025-04-06 06:36:22.113973+00:00
[2025-04-06T06:36:35.182+0000] {logging_mixin.py:190} INFO - Task hostname:5991717e768c operator:PythonOperator
[2025-04-06T06:36:35.223+0000] {local_task_job_runner.py:266} INFO - Task exited with return code 0
[2025-04-06T06:36:35.271+0000] {taskinstance.py:3901} INFO - 0 downstream tasks scheduled from follow-on schedule check
[2025-04-06T06:36:35.277+0000] {local_task_job_runner.py:245} INFO - ::endgroup::
