[2025-04-08T15:07:18.820+0000] {local_task_job_runner.py:123} INFO - ::group::Pre task execution logs
[2025-04-08T15:07:18.843+0000] {taskinstance.py:2614} INFO - Dependencies all met for dep_context=non-requeueable deps ti=<TaskInstance: monitor_the_api_history_per_day.read_api_from_less_than_or_equal_month scheduled__2025-04-07T00:00:00+00:00 [queued]>
[2025-04-08T15:07:18.859+0000] {taskinstance.py:2614} INFO - Dependencies all met for dep_context=requeueable deps ti=<TaskInstance: monitor_the_api_history_per_day.read_api_from_less_than_or_equal_month scheduled__2025-04-07T00:00:00+00:00 [queued]>
[2025-04-08T15:07:18.860+0000] {taskinstance.py:2867} INFO - Starting attempt 1 of 2
[2025-04-08T15:07:19.079+0000] {taskinstance.py:2890} INFO - Executing <Task(PythonOperator): read_api_from_less_than_or_equal_month> on 2025-04-07 00:00:00+00:00
[2025-04-08T15:07:19.090+0000] {warnings.py:112} WARNING - /home/***/.local/lib/python3.12/site-packages/***/task/task_runner/standard_task_runner.py:70: DeprecationWarning: This process (pid=79) is multi-threaded, use of fork() may lead to deadlocks in the child.
  pid = os.fork()

[2025-04-08T15:07:19.093+0000] {standard_task_runner.py:72} INFO - Started process 83 to run task
[2025-04-08T15:07:19.093+0000] {standard_task_runner.py:104} INFO - Running: ['***', 'tasks', 'run', 'monitor_the_api_history_per_day', 'read_api_from_less_than_or_equal_month', 'scheduled__2025-04-07T00:00:00+00:00', '--job-id', '473', '--raw', '--subdir', 'DAGS_FOLDER/monitor_the_api_history_per_day.py', '--cfg-path', '/tmp/tmp8sbb1ha8']
[2025-04-08T15:07:19.094+0000] {standard_task_runner.py:105} INFO - Job 473: Subtask read_api_from_less_than_or_equal_month
[2025-04-08T15:07:19.160+0000] {task_command.py:467} INFO - Running <TaskInstance: monitor_the_api_history_per_day.read_api_from_less_than_or_equal_month scheduled__2025-04-07T00:00:00+00:00 [running]> on host c10f653d5b77
[2025-04-08T15:07:19.304+0000] {taskinstance.py:3134} INFO - Exporting env vars: AIRFLOW_CTX_DAG_OWNER='Esayed' AIRFLOW_CTX_DAG_ID='monitor_the_api_history_per_day' AIRFLOW_CTX_TASK_ID='read_api_from_less_than_or_equal_month' AIRFLOW_CTX_EXECUTION_DATE='2025-04-07T00:00:00+00:00' AIRFLOW_CTX_TRY_NUMBER='1' AIRFLOW_CTX_DAG_RUN_ID='scheduled__2025-04-07T00:00:00+00:00'
[2025-04-08T15:07:19.306+0000] {logging_mixin.py:190} INFO - Task instance is in running state
[2025-04-08T15:07:19.308+0000] {logging_mixin.py:190} INFO -  Previous state of the Task instance: queued
[2025-04-08T15:07:19.309+0000] {logging_mixin.py:190} INFO - Current task name:read_api_from_less_than_or_equal_month state:running start_date:2025-04-08 15:07:18.844931+00:00
[2025-04-08T15:07:19.310+0000] {logging_mixin.py:190} INFO - Dag name:monitor_the_api_history_per_day and current dag run status:running
[2025-04-08T15:07:19.311+0000] {taskinstance.py:732} INFO - ::endgroup::
[2025-04-08T15:07:19.431+0000] {logging_mixin.py:190} INFO - read_api_from_less_than_or_equal_month are readed
[2025-04-08T15:07:19.456+0000] {python.py:240} INFO - Done. Returned value was: None
[2025-04-08T15:07:19.470+0000] {taskinstance.py:341} INFO - ::group::Post task execution logs
[2025-04-08T15:07:19.471+0000] {taskinstance.py:353} INFO - Marking task as SUCCESS. dag_id=monitor_the_api_history_per_day, task_id=read_api_from_less_than_or_equal_month, run_id=scheduled__2025-04-07T00:00:00+00:00, execution_date=20250407T000000, start_date=20250408T150718, end_date=20250408T150719
[2025-04-08T15:07:19.505+0000] {logging_mixin.py:190} INFO - Task instance in success state
[2025-04-08T15:07:19.506+0000] {logging_mixin.py:190} INFO -  Previous state of the Task instance: running
[2025-04-08T15:07:19.507+0000] {logging_mixin.py:190} INFO - Dag name:monitor_the_api_history_per_day queued_at:2025-04-08 15:07:03.206403+00:00
[2025-04-08T15:07:19.508+0000] {logging_mixin.py:190} INFO - Task hostname:c10f653d5b77 operator:PythonOperator
[2025-04-08T15:07:19.551+0000] {local_task_job_runner.py:266} INFO - Task exited with return code 0
[2025-04-08T15:07:19.591+0000] {taskinstance.py:3901} INFO - 1 downstream tasks scheduled from follow-on schedule check
[2025-04-08T15:07:19.605+0000] {local_task_job_runner.py:245} INFO - ::endgroup::
