[2025-04-06T06:03:00.304+0000] {local_task_job_runner.py:123} INFO - ::group::Pre task execution logs
[2025-04-06T06:03:00.339+0000] {taskinstance.py:2614} INFO - Dependencies all met for dep_context=non-requeueable deps ti=<TaskInstance: print_hello.print_hello_task scheduled__2025-04-05T00:26:00+00:00 [queued]>
[2025-04-06T06:03:00.360+0000] {taskinstance.py:2614} INFO - Dependencies all met for dep_context=requeueable deps ti=<TaskInstance: print_hello.print_hello_task scheduled__2025-04-05T00:26:00+00:00 [queued]>
[2025-04-06T06:03:00.364+0000] {taskinstance.py:2867} INFO - Starting attempt 1 of 2
[2025-04-06T06:03:00.814+0000] {taskinstance.py:2890} INFO - Executing <Task(PythonOperator): print_hello_task> on 2025-04-05 00:26:00+00:00
[2025-04-06T06:03:00.835+0000] {warnings.py:112} WARNING - /home/***/.local/lib/python3.12/site-packages/***/task/task_runner/standard_task_runner.py:70: DeprecationWarning: This process (pid=272) is multi-threaded, use of fork() may lead to deadlocks in the child.
  pid = os.fork()

[2025-04-06T06:03:00.838+0000] {standard_task_runner.py:72} INFO - Started process 300 to run task
[2025-04-06T06:03:00.842+0000] {standard_task_runner.py:104} INFO - Running: ['***', 'tasks', 'run', 'print_hello', 'print_hello_task', 'scheduled__2025-04-05T00:26:00+00:00', '--job-id', '55', '--raw', '--subdir', 'DAGS_FOLDER/print_hello.py', '--cfg-path', '/tmp/tmpqm_l_0y6']
[2025-04-06T06:03:00.846+0000] {standard_task_runner.py:105} INFO - Job 55: Subtask print_hello_task
[2025-04-06T06:03:00.948+0000] {task_command.py:467} INFO - Running <TaskInstance: print_hello.print_hello_task scheduled__2025-04-05T00:26:00+00:00 [running]> on host 5991717e768c
[2025-04-06T06:03:01.156+0000] {taskinstance.py:3134} INFO - Exporting env vars: AIRFLOW_CTX_DAG_OWNER='Esayed' AIRFLOW_CTX_DAG_ID='print_hello' AIRFLOW_CTX_TASK_ID='print_hello_task' AIRFLOW_CTX_EXECUTION_DATE='2025-04-05T00:26:00+00:00' AIRFLOW_CTX_TRY_NUMBER='1' AIRFLOW_CTX_DAG_RUN_ID='scheduled__2025-04-05T00:26:00+00:00'
[2025-04-06T06:03:01.158+0000] {logging_mixin.py:190} INFO - Task instance is in running state
[2025-04-06T06:03:01.159+0000] {logging_mixin.py:190} INFO -  Previous state of the Task instance: queued
[2025-04-06T06:03:01.161+0000] {logging_mixin.py:190} INFO - Current task name:print_hello_task state:running start_date:2025-04-06 06:03:00.340535+00:00
[2025-04-06T06:03:01.162+0000] {logging_mixin.py:190} INFO - Dag name:print_hello and current dag run status:running
[2025-04-06T06:03:01.163+0000] {taskinstance.py:732} INFO - ::endgroup::
[2025-04-06T06:03:01.165+0000] {logging_mixin.py:190} INFO - hello
[2025-04-06T06:03:01.166+0000] {python.py:240} INFO - Done. Returned value was: None
[2025-04-06T06:03:01.183+0000] {taskinstance.py:341} INFO - ::group::Post task execution logs
[2025-04-06T06:03:01.184+0000] {taskinstance.py:353} INFO - Marking task as SUCCESS. dag_id=print_hello, task_id=print_hello_task, run_id=scheduled__2025-04-05T00:26:00+00:00, execution_date=20250405T002600, start_date=20250406T060300, end_date=20250406T060301
[2025-04-06T06:03:01.232+0000] {logging_mixin.py:190} INFO - Task instance in success state
[2025-04-06T06:03:01.233+0000] {logging_mixin.py:190} INFO -  Previous state of the Task instance: running
[2025-04-06T06:03:01.234+0000] {logging_mixin.py:190} INFO - Dag name:print_hello queued_at:2025-04-06 06:02:56.499608+00:00
[2025-04-06T06:03:01.235+0000] {logging_mixin.py:190} INFO - Task hostname:5991717e768c operator:PythonOperator
[2025-04-06T06:03:01.262+0000] {local_task_job_runner.py:266} INFO - Task exited with return code 0
[2025-04-06T06:03:01.279+0000] {local_task_job_runner.py:245} INFO - ::endgroup::
[2025-04-06T06:15:16.696+0000] {local_task_job_runner.py:123} INFO - ::group::Pre task execution logs
[2025-04-06T06:15:16.730+0000] {taskinstance.py:2614} INFO - Dependencies all met for dep_context=non-requeueable deps ti=<TaskInstance: print_hello.print_hello_task scheduled__2025-04-05T00:26:00+00:00 [queued]>
[2025-04-06T06:15:16.751+0000] {taskinstance.py:2614} INFO - Dependencies all met for dep_context=requeueable deps ti=<TaskInstance: print_hello.print_hello_task scheduled__2025-04-05T00:26:00+00:00 [queued]>
[2025-04-06T06:15:16.752+0000] {taskinstance.py:2867} INFO - Starting attempt 1 of 2
[2025-04-06T06:15:17.141+0000] {taskinstance.py:2890} INFO - Executing <Task(PythonOperator): print_hello_task> on 2025-04-05 00:26:00+00:00
[2025-04-06T06:15:17.166+0000] {warnings.py:112} WARNING - /home/***/.local/lib/python3.12/site-packages/***/task/task_runner/standard_task_runner.py:70: DeprecationWarning: This process (pid=1020) is multi-threaded, use of fork() may lead to deadlocks in the child.
  pid = os.fork()

[2025-04-06T06:15:17.169+0000] {standard_task_runner.py:72} INFO - Started process 1062 to run task
[2025-04-06T06:15:17.177+0000] {standard_task_runner.py:104} INFO - Running: ['***', 'tasks', 'run', 'print_hello', 'print_hello_task', 'scheduled__2025-04-05T00:26:00+00:00', '--job-id', '206', '--raw', '--subdir', 'DAGS_FOLDER/print_hello.py', '--cfg-path', '/tmp/tmp6w042pam']
[2025-04-06T06:15:17.180+0000] {standard_task_runner.py:105} INFO - Job 206: Subtask print_hello_task
[2025-04-06T06:15:17.332+0000] {task_command.py:467} INFO - Running <TaskInstance: print_hello.print_hello_task scheduled__2025-04-05T00:26:00+00:00 [running]> on host 5991717e768c
[2025-04-06T06:15:17.588+0000] {taskinstance.py:3134} INFO - Exporting env vars: AIRFLOW_CTX_DAG_OWNER='Esayed' AIRFLOW_CTX_DAG_ID='print_hello' AIRFLOW_CTX_TASK_ID='print_hello_task' AIRFLOW_CTX_EXECUTION_DATE='2025-04-05T00:26:00+00:00' AIRFLOW_CTX_TRY_NUMBER='1' AIRFLOW_CTX_DAG_RUN_ID='scheduled__2025-04-05T00:26:00+00:00'
[2025-04-06T06:15:17.591+0000] {logging_mixin.py:190} INFO - Task instance is in running state
[2025-04-06T06:15:17.592+0000] {logging_mixin.py:190} INFO -  Previous state of the Task instance: queued
[2025-04-06T06:15:17.593+0000] {logging_mixin.py:190} INFO - Current task name:print_hello_task state:running start_date:2025-04-06 06:15:16.732019+00:00
[2025-04-06T06:15:17.594+0000] {logging_mixin.py:190} INFO - Dag name:print_hello and current dag run status:running
[2025-04-06T06:15:17.596+0000] {taskinstance.py:732} INFO - ::endgroup::
[2025-04-06T06:15:17.598+0000] {logging_mixin.py:190} INFO - hello
[2025-04-06T06:15:17.599+0000] {python.py:240} INFO - Done. Returned value was: None
[2025-04-06T06:15:17.626+0000] {taskinstance.py:341} INFO - ::group::Post task execution logs
[2025-04-06T06:15:17.633+0000] {taskinstance.py:353} INFO - Marking task as SUCCESS. dag_id=print_hello, task_id=print_hello_task, run_id=scheduled__2025-04-05T00:26:00+00:00, execution_date=20250405T002600, start_date=20250406T061516, end_date=20250406T061517
[2025-04-06T06:15:17.745+0000] {logging_mixin.py:190} INFO - Task instance in success state
[2025-04-06T06:15:17.746+0000] {logging_mixin.py:190} INFO -  Previous state of the Task instance: running
[2025-04-06T06:15:17.747+0000] {logging_mixin.py:190} INFO - Dag name:print_hello queued_at:2025-04-06 06:15:12.555217+00:00
[2025-04-06T06:15:17.756+0000] {logging_mixin.py:190} INFO - Task hostname:5991717e768c operator:PythonOperator
[2025-04-06T06:15:17.826+0000] {local_task_job_runner.py:266} INFO - Task exited with return code 0
[2025-04-06T06:15:17.890+0000] {taskinstance.py:3901} INFO - 1 downstream tasks scheduled from follow-on schedule check
[2025-04-06T06:15:17.912+0000] {local_task_job_runner.py:245} INFO - ::endgroup::
