[2025-04-06T06:02:53.629+0000] {local_task_job_runner.py:123} INFO - ::group::Pre task execution logs
[2025-04-06T06:02:53.649+0000] {taskinstance.py:2614} INFO - Dependencies all met for dep_context=non-requeueable deps ti=<TaskInstance: print_hello.print_hello_task scheduled__2025-04-05T00:16:00+00:00 [queued]>
[2025-04-06T06:02:53.659+0000] {taskinstance.py:2614} INFO - Dependencies all met for dep_context=requeueable deps ti=<TaskInstance: print_hello.print_hello_task scheduled__2025-04-05T00:16:00+00:00 [queued]>
[2025-04-06T06:02:53.660+0000] {taskinstance.py:2867} INFO - Starting attempt 1 of 2
[2025-04-06T06:02:53.827+0000] {taskinstance.py:2890} INFO - Executing <Task(PythonOperator): print_hello_task> on 2025-04-05 00:16:00+00:00
[2025-04-06T06:02:53.838+0000] {warnings.py:112} WARNING - /home/***/.local/lib/python3.12/site-packages/***/task/task_runner/standard_task_runner.py:70: DeprecationWarning: This process (pid=248) is multi-threaded, use of fork() may lead to deadlocks in the child.
  pid = os.fork()

[2025-04-06T06:02:53.840+0000] {standard_task_runner.py:72} INFO - Started process 250 to run task
[2025-04-06T06:02:53.840+0000] {standard_task_runner.py:104} INFO - Running: ['***', 'tasks', 'run', 'print_hello', 'print_hello_task', 'scheduled__2025-04-05T00:16:00+00:00', '--job-id', '47', '--raw', '--subdir', 'DAGS_FOLDER/print_hello.py', '--cfg-path', '/tmp/tmpy3h4pvy_']
[2025-04-06T06:02:53.841+0000] {standard_task_runner.py:105} INFO - Job 47: Subtask print_hello_task
[2025-04-06T06:02:53.892+0000] {task_command.py:467} INFO - Running <TaskInstance: print_hello.print_hello_task scheduled__2025-04-05T00:16:00+00:00 [running]> on host 5991717e768c
[2025-04-06T06:02:53.994+0000] {taskinstance.py:3134} INFO - Exporting env vars: AIRFLOW_CTX_DAG_OWNER='Esayed' AIRFLOW_CTX_DAG_ID='print_hello' AIRFLOW_CTX_TASK_ID='print_hello_task' AIRFLOW_CTX_EXECUTION_DATE='2025-04-05T00:16:00+00:00' AIRFLOW_CTX_TRY_NUMBER='1' AIRFLOW_CTX_DAG_RUN_ID='scheduled__2025-04-05T00:16:00+00:00'
[2025-04-06T06:02:53.996+0000] {logging_mixin.py:190} INFO - Task instance is in running state
[2025-04-06T06:02:53.997+0000] {logging_mixin.py:190} INFO -  Previous state of the Task instance: queued
[2025-04-06T06:02:53.997+0000] {logging_mixin.py:190} INFO - Current task name:print_hello_task state:running start_date:2025-04-06 06:02:53.649937+00:00
[2025-04-06T06:02:53.998+0000] {logging_mixin.py:190} INFO - Dag name:print_hello and current dag run status:running
[2025-04-06T06:02:53.998+0000] {taskinstance.py:732} INFO - ::endgroup::
[2025-04-06T06:02:53.999+0000] {logging_mixin.py:190} INFO - hello
[2025-04-06T06:02:54.000+0000] {python.py:240} INFO - Done. Returned value was: None
[2025-04-06T06:02:54.012+0000] {taskinstance.py:341} INFO - ::group::Post task execution logs
[2025-04-06T06:02:54.013+0000] {taskinstance.py:353} INFO - Marking task as SUCCESS. dag_id=print_hello, task_id=print_hello_task, run_id=scheduled__2025-04-05T00:16:00+00:00, execution_date=20250405T001600, start_date=20250406T060253, end_date=20250406T060254
[2025-04-06T06:02:54.047+0000] {logging_mixin.py:190} INFO - Task instance in success state
[2025-04-06T06:02:54.048+0000] {logging_mixin.py:190} INFO -  Previous state of the Task instance: running
[2025-04-06T06:02:54.048+0000] {logging_mixin.py:190} INFO - Dag name:print_hello queued_at:2025-04-06 06:02:51.364360+00:00
[2025-04-06T06:02:54.049+0000] {logging_mixin.py:190} INFO - Task hostname:5991717e768c operator:PythonOperator
[2025-04-06T06:02:54.096+0000] {local_task_job_runner.py:266} INFO - Task exited with return code 0
[2025-04-06T06:02:54.127+0000] {taskinstance.py:3901} INFO - 1 downstream tasks scheduled from follow-on schedule check
[2025-04-06T06:02:54.136+0000] {local_task_job_runner.py:245} INFO - ::endgroup::
[2025-04-06T06:15:13.600+0000] {local_task_job_runner.py:123} INFO - ::group::Pre task execution logs
[2025-04-06T06:15:13.636+0000] {taskinstance.py:2614} INFO - Dependencies all met for dep_context=non-requeueable deps ti=<TaskInstance: print_hello.print_hello_task scheduled__2025-04-05T00:16:00+00:00 [queued]>
[2025-04-06T06:15:13.653+0000] {taskinstance.py:2614} INFO - Dependencies all met for dep_context=requeueable deps ti=<TaskInstance: print_hello.print_hello_task scheduled__2025-04-05T00:16:00+00:00 [queued]>
[2025-04-06T06:15:13.655+0000] {taskinstance.py:2867} INFO - Starting attempt 1 of 2
[2025-04-06T06:15:14.054+0000] {taskinstance.py:2890} INFO - Executing <Task(PythonOperator): print_hello_task> on 2025-04-05 00:16:00+00:00
[2025-04-06T06:15:14.071+0000] {warnings.py:112} WARNING - /home/***/.local/lib/python3.12/site-packages/***/task/task_runner/standard_task_runner.py:70: DeprecationWarning: This process (pid=1000) is multi-threaded, use of fork() may lead to deadlocks in the child.
  pid = os.fork()

[2025-04-06T06:15:14.074+0000] {standard_task_runner.py:72} INFO - Started process 1026 to run task
[2025-04-06T06:15:14.076+0000] {standard_task_runner.py:104} INFO - Running: ['***', 'tasks', 'run', 'print_hello', 'print_hello_task', 'scheduled__2025-04-05T00:16:00+00:00', '--job-id', '196', '--raw', '--subdir', 'DAGS_FOLDER/print_hello.py', '--cfg-path', '/tmp/tmpvotsvovh']
[2025-04-06T06:15:14.087+0000] {standard_task_runner.py:105} INFO - Job 196: Subtask print_hello_task
[2025-04-06T06:15:14.189+0000] {task_command.py:467} INFO - Running <TaskInstance: print_hello.print_hello_task scheduled__2025-04-05T00:16:00+00:00 [running]> on host 5991717e768c
[2025-04-06T06:15:14.403+0000] {taskinstance.py:3134} INFO - Exporting env vars: AIRFLOW_CTX_DAG_OWNER='Esayed' AIRFLOW_CTX_DAG_ID='print_hello' AIRFLOW_CTX_TASK_ID='print_hello_task' AIRFLOW_CTX_EXECUTION_DATE='2025-04-05T00:16:00+00:00' AIRFLOW_CTX_TRY_NUMBER='1' AIRFLOW_CTX_DAG_RUN_ID='scheduled__2025-04-05T00:16:00+00:00'
[2025-04-06T06:15:14.405+0000] {logging_mixin.py:190} INFO - Task instance is in running state
[2025-04-06T06:15:14.407+0000] {logging_mixin.py:190} INFO -  Previous state of the Task instance: queued
[2025-04-06T06:15:14.408+0000] {logging_mixin.py:190} INFO - Current task name:print_hello_task state:running start_date:2025-04-06 06:15:13.637718+00:00
[2025-04-06T06:15:14.409+0000] {logging_mixin.py:190} INFO - Dag name:print_hello and current dag run status:running
[2025-04-06T06:15:14.410+0000] {taskinstance.py:732} INFO - ::endgroup::
[2025-04-06T06:15:14.412+0000] {logging_mixin.py:190} INFO - hello
[2025-04-06T06:15:14.414+0000] {python.py:240} INFO - Done. Returned value was: None
[2025-04-06T06:15:14.454+0000] {taskinstance.py:341} INFO - ::group::Post task execution logs
[2025-04-06T06:15:14.455+0000] {taskinstance.py:353} INFO - Marking task as SUCCESS. dag_id=print_hello, task_id=print_hello_task, run_id=scheduled__2025-04-05T00:16:00+00:00, execution_date=20250405T001600, start_date=20250406T061513, end_date=20250406T061514
[2025-04-06T06:15:14.550+0000] {logging_mixin.py:190} INFO - Task instance in success state
[2025-04-06T06:15:14.552+0000] {logging_mixin.py:190} INFO -  Previous state of the Task instance: running
[2025-04-06T06:15:14.553+0000] {logging_mixin.py:190} INFO - Dag name:print_hello queued_at:2025-04-06 06:15:10.732103+00:00
[2025-04-06T06:15:14.557+0000] {logging_mixin.py:190} INFO - Task hostname:5991717e768c operator:PythonOperator
[2025-04-06T06:15:14.635+0000] {local_task_job_runner.py:266} INFO - Task exited with return code 0
[2025-04-06T06:15:14.689+0000] {taskinstance.py:3901} INFO - 1 downstream tasks scheduled from follow-on schedule check
[2025-04-06T06:15:14.693+0000] {local_task_job_runner.py:245} INFO - ::endgroup::
