[2025-04-06T06:35:01.955+0000] {local_task_job_runner.py:123} INFO - ::group::Pre task execution logs
[2025-04-06T06:35:01.987+0000] {taskinstance.py:2614} INFO - Dependencies all met for dep_context=non-requeueable deps ti=<TaskInstance: print_hello2.save_to_csv_task scheduled__2025-04-05T00:45:00+00:00 [queued]>
[2025-04-06T06:35:02.005+0000] {taskinstance.py:2614} INFO - Dependencies all met for dep_context=requeueable deps ti=<TaskInstance: print_hello2.save_to_csv_task scheduled__2025-04-05T00:45:00+00:00 [queued]>
[2025-04-06T06:35:02.005+0000] {taskinstance.py:2867} INFO - Starting attempt 1 of 2
[2025-04-06T06:35:02.101+0000] {taskinstance.py:2890} INFO - Executing <Task(PythonOperator): save_to_csv_task> on 2025-04-05 00:45:00+00:00
[2025-04-06T06:35:02.116+0000] {warnings.py:112} WARNING - /home/***/.local/lib/python3.12/site-packages/***/task/task_runner/standard_task_runner.py:70: DeprecationWarning: This process (pid=1812) is multi-threaded, use of fork() may lead to deadlocks in the child.
  pid = os.fork()

[2025-04-06T06:35:02.119+0000] {standard_task_runner.py:72} INFO - Started process 1836 to run task
[2025-04-06T06:35:02.119+0000] {standard_task_runner.py:104} INFO - Running: ['***', 'tasks', 'run', 'print_hello2', 'save_to_csv_task', 'scheduled__2025-04-05T00:45:00+00:00', '--job-id', '343', '--raw', '--subdir', 'DAGS_FOLDER/print_hello.py', '--cfg-path', '/tmp/tmp89vezzss']
[2025-04-06T06:35:02.121+0000] {standard_task_runner.py:105} INFO - Job 343: Subtask save_to_csv_task
[2025-04-06T06:35:02.515+0000] {task_command.py:467} INFO - Running <TaskInstance: print_hello2.save_to_csv_task scheduled__2025-04-05T00:45:00+00:00 [running]> on host 5991717e768c
[2025-04-06T06:35:02.630+0000] {taskinstance.py:3134} INFO - Exporting env vars: AIRFLOW_CTX_DAG_OWNER='Esayed' AIRFLOW_CTX_DAG_ID='print_hello2' AIRFLOW_CTX_TASK_ID='save_to_csv_task' AIRFLOW_CTX_EXECUTION_DATE='2025-04-05T00:45:00+00:00' AIRFLOW_CTX_TRY_NUMBER='1' AIRFLOW_CTX_DAG_RUN_ID='scheduled__2025-04-05T00:45:00+00:00'
[2025-04-06T06:35:02.632+0000] {logging_mixin.py:190} INFO - Task instance is in running state
[2025-04-06T06:35:02.632+0000] {logging_mixin.py:190} INFO -  Previous state of the Task instance: queued
[2025-04-06T06:35:02.633+0000] {logging_mixin.py:190} INFO - Current task name:save_to_csv_task state:running start_date:2025-04-06 06:35:01.988889+00:00
[2025-04-06T06:35:02.634+0000] {logging_mixin.py:190} INFO - Dag name:print_hello2 and current dag run status:running
[2025-04-06T06:35:02.635+0000] {taskinstance.py:732} INFO - ::endgroup::
[2025-04-06T06:35:02.641+0000] {python.py:240} INFO - Done. Returned value was: None
[2025-04-06T06:35:02.654+0000] {taskinstance.py:341} INFO - ::group::Post task execution logs
[2025-04-06T06:35:02.655+0000] {taskinstance.py:353} INFO - Marking task as SUCCESS. dag_id=print_hello2, task_id=save_to_csv_task, run_id=scheduled__2025-04-05T00:45:00+00:00, execution_date=20250405T004500, start_date=20250406T063501, end_date=20250406T063502
[2025-04-06T06:35:02.706+0000] {logging_mixin.py:190} INFO - Task instance in success state
[2025-04-06T06:35:02.707+0000] {logging_mixin.py:190} INFO -  Previous state of the Task instance: running
[2025-04-06T06:35:02.708+0000] {logging_mixin.py:190} INFO - Dag name:print_hello2 queued_at:2025-04-06 06:34:48.218388+00:00
[2025-04-06T06:35:02.709+0000] {logging_mixin.py:190} INFO - Task hostname:5991717e768c operator:PythonOperator
[2025-04-06T06:35:02.740+0000] {local_task_job_runner.py:266} INFO - Task exited with return code 0
[2025-04-06T06:35:03.023+0000] {taskinstance.py:3901} INFO - 0 downstream tasks scheduled from follow-on schedule check
[2025-04-06T06:35:03.028+0000] {local_task_job_runner.py:245} INFO - ::endgroup::
[2025-04-06T06:36:36.587+0000] {local_task_job_runner.py:123} INFO - ::group::Pre task execution logs
[2025-04-06T06:36:36.621+0000] {taskinstance.py:2614} INFO - Dependencies all met for dep_context=non-requeueable deps ti=<TaskInstance: print_hello2.save_to_csv_task scheduled__2025-04-05T00:45:00+00:00 [queued]>
[2025-04-06T06:36:36.643+0000] {taskinstance.py:2614} INFO - Dependencies all met for dep_context=requeueable deps ti=<TaskInstance: print_hello2.save_to_csv_task scheduled__2025-04-05T00:45:00+00:00 [queued]>
[2025-04-06T06:36:36.644+0000] {taskinstance.py:2867} INFO - Starting attempt 1 of 2
[2025-04-06T06:36:36.894+0000] {taskinstance.py:2890} INFO - Executing <Task(PythonOperator): save_to_csv_task> on 2025-04-05 00:45:00+00:00
[2025-04-06T06:36:36.909+0000] {warnings.py:112} WARNING - /home/***/.local/lib/python3.12/site-packages/***/task/task_runner/standard_task_runner.py:70: DeprecationWarning: This process (pid=2098) is multi-threaded, use of fork() may lead to deadlocks in the child.
  pid = os.fork()

[2025-04-06T06:36:36.912+0000] {standard_task_runner.py:72} INFO - Started process 2127 to run task
[2025-04-06T06:36:36.913+0000] {standard_task_runner.py:104} INFO - Running: ['***', 'tasks', 'run', 'print_hello2', 'save_to_csv_task', 'scheduled__2025-04-05T00:45:00+00:00', '--job-id', '411', '--raw', '--subdir', 'DAGS_FOLDER/print_hello.py', '--cfg-path', '/tmp/tmpbdbg_k5g']
[2025-04-06T06:36:36.915+0000] {standard_task_runner.py:105} INFO - Job 411: Subtask save_to_csv_task
[2025-04-06T06:36:36.987+0000] {task_command.py:467} INFO - Running <TaskInstance: print_hello2.save_to_csv_task scheduled__2025-04-05T00:45:00+00:00 [running]> on host 5991717e768c
[2025-04-06T06:36:37.095+0000] {taskinstance.py:3134} INFO - Exporting env vars: AIRFLOW_CTX_DAG_OWNER='Esayed' AIRFLOW_CTX_DAG_ID='print_hello2' AIRFLOW_CTX_TASK_ID='save_to_csv_task' AIRFLOW_CTX_EXECUTION_DATE='2025-04-05T00:45:00+00:00' AIRFLOW_CTX_TRY_NUMBER='1' AIRFLOW_CTX_DAG_RUN_ID='scheduled__2025-04-05T00:45:00+00:00'
[2025-04-06T06:36:37.097+0000] {logging_mixin.py:190} INFO - Task instance is in running state
[2025-04-06T06:36:37.098+0000] {logging_mixin.py:190} INFO -  Previous state of the Task instance: queued
[2025-04-06T06:36:37.098+0000] {logging_mixin.py:190} INFO - Current task name:save_to_csv_task state:running start_date:2025-04-06 06:36:36.621891+00:00
[2025-04-06T06:36:37.099+0000] {logging_mixin.py:190} INFO - Dag name:print_hello2 and current dag run status:running
[2025-04-06T06:36:37.099+0000] {taskinstance.py:732} INFO - ::endgroup::
[2025-04-06T06:36:37.108+0000] {python.py:240} INFO - Done. Returned value was: None
[2025-04-06T06:36:37.124+0000] {taskinstance.py:341} INFO - ::group::Post task execution logs
[2025-04-06T06:36:37.125+0000] {taskinstance.py:353} INFO - Marking task as SUCCESS. dag_id=print_hello2, task_id=save_to_csv_task, run_id=scheduled__2025-04-05T00:45:00+00:00, execution_date=20250405T004500, start_date=20250406T063636, end_date=20250406T063637
[2025-04-06T06:36:37.160+0000] {logging_mixin.py:190} INFO - Task instance in success state
[2025-04-06T06:36:37.161+0000] {logging_mixin.py:190} INFO -  Previous state of the Task instance: running
[2025-04-06T06:36:37.161+0000] {logging_mixin.py:190} INFO - Dag name:print_hello2 queued_at:2025-04-06 06:36:23.636571+00:00
[2025-04-06T06:36:37.162+0000] {logging_mixin.py:190} INFO - Task hostname:5991717e768c operator:PythonOperator
[2025-04-06T06:36:37.211+0000] {local_task_job_runner.py:266} INFO - Task exited with return code 0
[2025-04-06T06:36:37.229+0000] {taskinstance.py:3901} INFO - 0 downstream tasks scheduled from follow-on schedule check
[2025-04-06T06:36:37.232+0000] {local_task_job_runner.py:245} INFO - ::endgroup::
