[2025-04-06T06:03:01.617+0000] {local_task_job_runner.py:123} INFO - ::group::Pre task execution logs
[2025-04-06T06:03:01.647+0000] {taskinstance.py:2614} INFO - Dependencies all met for dep_context=non-requeueable deps ti=<TaskInstance: print_hello.print_hello_task scheduled__2025-04-05T00:18:00+00:00 [queued]>
[2025-04-06T06:03:01.662+0000] {taskinstance.py:2614} INFO - Dependencies all met for dep_context=requeueable deps ti=<TaskInstance: print_hello.print_hello_task scheduled__2025-04-05T00:18:00+00:00 [queued]>
[2025-04-06T06:03:01.662+0000] {taskinstance.py:2867} INFO - Starting attempt 1 of 2
[2025-04-06T06:03:01.691+0000] {taskinstance.py:2890} INFO - Executing <Task(PythonOperator): print_hello_task> on 2025-04-05 00:18:00+00:00
[2025-04-06T06:03:01.708+0000] {warnings.py:112} WARNING - /home/***/.local/lib/python3.12/site-packages/***/task/task_runner/standard_task_runner.py:70: DeprecationWarning: This process (pid=256) is multi-threaded, use of fork() may lead to deadlocks in the child.
  pid = os.fork()

[2025-04-06T06:03:01.711+0000] {standard_task_runner.py:72} INFO - Started process 314 to run task
[2025-04-06T06:03:01.711+0000] {standard_task_runner.py:104} INFO - Running: ['***', 'tasks', 'run', 'print_hello', 'print_hello_task', 'scheduled__2025-04-05T00:18:00+00:00', '--job-id', '60', '--raw', '--subdir', 'DAGS_FOLDER/print_hello.py', '--cfg-path', '/tmp/tmpi38f5xjd']
[2025-04-06T06:03:01.714+0000] {standard_task_runner.py:105} INFO - Job 60: Subtask print_hello_task
[2025-04-06T06:03:01.801+0000] {task_command.py:467} INFO - Running <TaskInstance: print_hello.print_hello_task scheduled__2025-04-05T00:18:00+00:00 [running]> on host 5991717e768c
[2025-04-06T06:03:02.458+0000] {taskinstance.py:3134} INFO - Exporting env vars: AIRFLOW_CTX_DAG_OWNER='Esayed' AIRFLOW_CTX_DAG_ID='print_hello' AIRFLOW_CTX_TASK_ID='print_hello_task' AIRFLOW_CTX_EXECUTION_DATE='2025-04-05T00:18:00+00:00' AIRFLOW_CTX_TRY_NUMBER='1' AIRFLOW_CTX_DAG_RUN_ID='scheduled__2025-04-05T00:18:00+00:00'
[2025-04-06T06:03:02.464+0000] {logging_mixin.py:190} INFO - Task instance is in running state
[2025-04-06T06:03:02.466+0000] {logging_mixin.py:190} INFO -  Previous state of the Task instance: queued
[2025-04-06T06:03:02.467+0000] {logging_mixin.py:190} INFO - Current task name:print_hello_task state:running start_date:2025-04-06 06:03:01.648267+00:00
[2025-04-06T06:03:02.468+0000] {logging_mixin.py:190} INFO - Dag name:print_hello and current dag run status:running
[2025-04-06T06:03:02.469+0000] {taskinstance.py:732} INFO - ::endgroup::
[2025-04-06T06:03:02.471+0000] {logging_mixin.py:190} INFO - hello
[2025-04-06T06:03:02.472+0000] {python.py:240} INFO - Done. Returned value was: None
[2025-04-06T06:03:02.493+0000] {taskinstance.py:341} INFO - ::group::Post task execution logs
[2025-04-06T06:03:02.495+0000] {taskinstance.py:353} INFO - Marking task as SUCCESS. dag_id=print_hello, task_id=print_hello_task, run_id=scheduled__2025-04-05T00:18:00+00:00, execution_date=20250405T001800, start_date=20250406T060301, end_date=20250406T060302
[2025-04-06T06:03:02.576+0000] {logging_mixin.py:190} INFO - Task instance in success state
[2025-04-06T06:03:02.577+0000] {logging_mixin.py:190} INFO -  Previous state of the Task instance: running
[2025-04-06T06:03:02.580+0000] {logging_mixin.py:190} INFO - Dag name:print_hello queued_at:2025-04-06 06:02:54.816064+00:00
[2025-04-06T06:03:02.591+0000] {logging_mixin.py:190} INFO - Task hostname:5991717e768c operator:PythonOperator
[2025-04-06T06:03:02.670+0000] {local_task_job_runner.py:266} INFO - Task exited with return code 0
[2025-04-06T06:03:02.698+0000] {local_task_job_runner.py:245} INFO - ::endgroup::
[2025-04-06T06:15:14.085+0000] {local_task_job_runner.py:123} INFO - ::group::Pre task execution logs
[2025-04-06T06:15:14.121+0000] {taskinstance.py:2614} INFO - Dependencies all met for dep_context=non-requeueable deps ti=<TaskInstance: print_hello.print_hello_task scheduled__2025-04-05T00:18:00+00:00 [queued]>
[2025-04-06T06:15:14.140+0000] {taskinstance.py:2614} INFO - Dependencies all met for dep_context=requeueable deps ti=<TaskInstance: print_hello.print_hello_task scheduled__2025-04-05T00:18:00+00:00 [queued]>
[2025-04-06T06:15:14.141+0000] {taskinstance.py:2867} INFO - Starting attempt 1 of 2
[2025-04-06T06:15:14.173+0000] {taskinstance.py:2890} INFO - Executing <Task(PythonOperator): print_hello_task> on 2025-04-05 00:18:00+00:00
[2025-04-06T06:15:14.202+0000] {warnings.py:112} WARNING - /home/***/.local/lib/python3.12/site-packages/***/task/task_runner/standard_task_runner.py:70: DeprecationWarning: This process (pid=1004) is multi-threaded, use of fork() may lead to deadlocks in the child.
  pid = os.fork()

[2025-04-06T06:15:14.205+0000] {standard_task_runner.py:72} INFO - Started process 1031 to run task
[2025-04-06T06:15:14.206+0000] {standard_task_runner.py:104} INFO - Running: ['***', 'tasks', 'run', 'print_hello', 'print_hello_task', 'scheduled__2025-04-05T00:18:00+00:00', '--job-id', '198', '--raw', '--subdir', 'DAGS_FOLDER/print_hello.py', '--cfg-path', '/tmp/tmpn_glkvj6']
[2025-04-06T06:15:14.212+0000] {standard_task_runner.py:105} INFO - Job 198: Subtask print_hello_task
[2025-04-06T06:15:14.354+0000] {task_command.py:467} INFO - Running <TaskInstance: print_hello.print_hello_task scheduled__2025-04-05T00:18:00+00:00 [running]> on host 5991717e768c
[2025-04-06T06:15:15.031+0000] {taskinstance.py:3134} INFO - Exporting env vars: AIRFLOW_CTX_DAG_OWNER='Esayed' AIRFLOW_CTX_DAG_ID='print_hello' AIRFLOW_CTX_TASK_ID='print_hello_task' AIRFLOW_CTX_EXECUTION_DATE='2025-04-05T00:18:00+00:00' AIRFLOW_CTX_TRY_NUMBER='1' AIRFLOW_CTX_DAG_RUN_ID='scheduled__2025-04-05T00:18:00+00:00'
[2025-04-06T06:15:15.037+0000] {logging_mixin.py:190} INFO - Task instance is in running state
[2025-04-06T06:15:15.038+0000] {logging_mixin.py:190} INFO -  Previous state of the Task instance: queued
[2025-04-06T06:15:15.040+0000] {logging_mixin.py:190} INFO - Current task name:print_hello_task state:running start_date:2025-04-06 06:15:14.123062+00:00
[2025-04-06T06:15:15.041+0000] {logging_mixin.py:190} INFO - Dag name:print_hello and current dag run status:running
[2025-04-06T06:15:15.042+0000] {taskinstance.py:732} INFO - ::endgroup::
[2025-04-06T06:15:15.044+0000] {logging_mixin.py:190} INFO - hello
[2025-04-06T06:15:15.045+0000] {python.py:240} INFO - Done. Returned value was: None
[2025-04-06T06:15:15.077+0000] {taskinstance.py:341} INFO - ::group::Post task execution logs
[2025-04-06T06:15:15.078+0000] {taskinstance.py:353} INFO - Marking task as SUCCESS. dag_id=print_hello, task_id=print_hello_task, run_id=scheduled__2025-04-05T00:18:00+00:00, execution_date=20250405T001800, start_date=20250406T061514, end_date=20250406T061515
[2025-04-06T06:15:15.140+0000] {logging_mixin.py:190} INFO - Task instance in success state
[2025-04-06T06:15:15.145+0000] {logging_mixin.py:190} INFO -  Previous state of the Task instance: running
[2025-04-06T06:15:15.146+0000] {logging_mixin.py:190} INFO - Dag name:print_hello queued_at:2025-04-06 06:15:10.941544+00:00
[2025-04-06T06:15:15.149+0000] {logging_mixin.py:190} INFO - Task hostname:5991717e768c operator:PythonOperator
[2025-04-06T06:15:15.213+0000] {local_task_job_runner.py:266} INFO - Task exited with return code 0
[2025-04-06T06:15:15.752+0000] {taskinstance.py:3901} INFO - 1 downstream tasks scheduled from follow-on schedule check
[2025-04-06T06:15:15.775+0000] {local_task_job_runner.py:245} INFO - ::endgroup::
