[2025-04-06T06:03:25.389+0000] {local_task_job_runner.py:123} INFO - ::group::Pre task execution logs
[2025-04-06T06:03:25.425+0000] {taskinstance.py:2614} INFO - Dependencies all met for dep_context=non-requeueable deps ti=<TaskInstance: print_hello.save_to_csv_task scheduled__2025-04-05T00:43:00+00:00 [queued]>
[2025-04-06T06:03:25.449+0000] {taskinstance.py:2614} INFO - Dependencies all met for dep_context=requeueable deps ti=<TaskInstance: print_hello.save_to_csv_task scheduled__2025-04-05T00:43:00+00:00 [queued]>
[2025-04-06T06:03:25.450+0000] {taskinstance.py:2867} INFO - Starting attempt 1 of 2
[2025-04-06T06:03:25.762+0000] {taskinstance.py:2890} INFO - Executing <Task(PythonOperator): save_to_csv_task> on 2025-04-05 00:43:00+00:00
[2025-04-06T06:03:25.778+0000] {warnings.py:112} WARNING - /home/***/.local/lib/python3.12/site-packages/***/task/task_runner/standard_task_runner.py:70: DeprecationWarning: This process (pid=467) is multi-threaded, use of fork() may lead to deadlocks in the child.
  pid = os.fork()

[2025-04-06T06:03:25.781+0000] {standard_task_runner.py:72} INFO - Started process 503 to run task
[2025-04-06T06:03:25.781+0000] {standard_task_runner.py:104} INFO - Running: ['***', 'tasks', 'run', 'print_hello', 'save_to_csv_task', 'scheduled__2025-04-05T00:43:00+00:00', '--job-id', '107', '--raw', '--subdir', 'DAGS_FOLDER/print_hello.py', '--cfg-path', '/tmp/tmp63a6oaof']
[2025-04-06T06:03:25.784+0000] {standard_task_runner.py:105} INFO - Job 107: Subtask save_to_csv_task
[2025-04-06T06:03:25.861+0000] {task_command.py:467} INFO - Running <TaskInstance: print_hello.save_to_csv_task scheduled__2025-04-05T00:43:00+00:00 [running]> on host 5991717e768c
[2025-04-06T06:03:25.998+0000] {taskinstance.py:3134} INFO - Exporting env vars: AIRFLOW_CTX_DAG_OWNER='Esayed' AIRFLOW_CTX_DAG_ID='print_hello' AIRFLOW_CTX_TASK_ID='save_to_csv_task' AIRFLOW_CTX_EXECUTION_DATE='2025-04-05T00:43:00+00:00' AIRFLOW_CTX_TRY_NUMBER='1' AIRFLOW_CTX_DAG_RUN_ID='scheduled__2025-04-05T00:43:00+00:00'
[2025-04-06T06:03:26.000+0000] {logging_mixin.py:190} INFO - Task instance is in running state
[2025-04-06T06:03:26.001+0000] {logging_mixin.py:190} INFO -  Previous state of the Task instance: queued
[2025-04-06T06:03:26.002+0000] {logging_mixin.py:190} INFO - Current task name:save_to_csv_task state:running start_date:2025-04-06 06:03:25.427016+00:00
[2025-04-06T06:03:26.003+0000] {logging_mixin.py:190} INFO - Dag name:print_hello and current dag run status:running
[2025-04-06T06:03:26.004+0000] {taskinstance.py:732} INFO - ::endgroup::
[2025-04-06T06:03:26.016+0000] {python.py:240} INFO - Done. Returned value was: None
[2025-04-06T06:03:26.035+0000] {taskinstance.py:341} INFO - ::group::Post task execution logs
[2025-04-06T06:03:26.037+0000] {taskinstance.py:353} INFO - Marking task as SUCCESS. dag_id=print_hello, task_id=save_to_csv_task, run_id=scheduled__2025-04-05T00:43:00+00:00, execution_date=20250405T004300, start_date=20250406T060325, end_date=20250406T060326
[2025-04-06T06:03:26.084+0000] {logging_mixin.py:190} INFO - Task instance in success state
[2025-04-06T06:03:26.085+0000] {logging_mixin.py:190} INFO -  Previous state of the Task instance: running
[2025-04-06T06:03:26.087+0000] {logging_mixin.py:190} INFO - Dag name:print_hello queued_at:2025-04-06 06:03:14.089906+00:00
[2025-04-06T06:03:26.088+0000] {logging_mixin.py:190} INFO - Task hostname:5991717e768c operator:PythonOperator
[2025-04-06T06:03:26.120+0000] {local_task_job_runner.py:266} INFO - Task exited with return code 0
[2025-04-06T06:03:26.136+0000] {local_task_job_runner.py:245} INFO - ::endgroup::
[2025-04-06T06:15:39.961+0000] {local_task_job_runner.py:123} INFO - ::group::Pre task execution logs
[2025-04-06T06:15:40.041+0000] {taskinstance.py:2614} INFO - Dependencies all met for dep_context=non-requeueable deps ti=<TaskInstance: print_hello.save_to_csv_task scheduled__2025-04-05T00:43:00+00:00 [queued]>
[2025-04-06T06:15:40.094+0000] {taskinstance.py:2614} INFO - Dependencies all met for dep_context=requeueable deps ti=<TaskInstance: print_hello.save_to_csv_task scheduled__2025-04-05T00:43:00+00:00 [queued]>
[2025-04-06T06:15:40.100+0000] {taskinstance.py:2867} INFO - Starting attempt 1 of 2
[2025-04-06T06:15:40.670+0000] {taskinstance.py:2890} INFO - Executing <Task(PythonOperator): save_to_csv_task> on 2025-04-05 00:43:00+00:00
[2025-04-06T06:15:40.701+0000] {warnings.py:112} WARNING - /home/***/.local/lib/python3.12/site-packages/***/task/task_runner/standard_task_runner.py:70: DeprecationWarning: This process (pid=1205) is multi-threaded, use of fork() may lead to deadlocks in the child.
  pid = os.fork()

[2025-04-06T06:15:40.707+0000] {standard_task_runner.py:72} INFO - Started process 1254 to run task
[2025-04-06T06:15:40.707+0000] {standard_task_runner.py:104} INFO - Running: ['***', 'tasks', 'run', 'print_hello', 'save_to_csv_task', 'scheduled__2025-04-05T00:43:00+00:00', '--job-id', '254', '--raw', '--subdir', 'DAGS_FOLDER/print_hello.py', '--cfg-path', '/tmp/tmpcshylixl']
[2025-04-06T06:15:40.711+0000] {standard_task_runner.py:105} INFO - Job 254: Subtask save_to_csv_task
[2025-04-06T06:15:40.831+0000] {task_command.py:467} INFO - Running <TaskInstance: print_hello.save_to_csv_task scheduled__2025-04-05T00:43:00+00:00 [running]> on host 5991717e768c
[2025-04-06T06:15:41.050+0000] {taskinstance.py:3134} INFO - Exporting env vars: AIRFLOW_CTX_DAG_OWNER='Esayed' AIRFLOW_CTX_DAG_ID='print_hello' AIRFLOW_CTX_TASK_ID='save_to_csv_task' AIRFLOW_CTX_EXECUTION_DATE='2025-04-05T00:43:00+00:00' AIRFLOW_CTX_TRY_NUMBER='1' AIRFLOW_CTX_DAG_RUN_ID='scheduled__2025-04-05T00:43:00+00:00'
[2025-04-06T06:15:41.055+0000] {logging_mixin.py:190} INFO - Task instance is in running state
[2025-04-06T06:15:41.056+0000] {logging_mixin.py:190} INFO -  Previous state of the Task instance: queued
[2025-04-06T06:15:41.058+0000] {logging_mixin.py:190} INFO - Current task name:save_to_csv_task state:running start_date:2025-04-06 06:15:40.042794+00:00
[2025-04-06T06:15:41.059+0000] {logging_mixin.py:190} INFO - Dag name:print_hello and current dag run status:running
[2025-04-06T06:15:41.060+0000] {taskinstance.py:732} INFO - ::endgroup::
[2025-04-06T06:15:41.074+0000] {python.py:240} INFO - Done. Returned value was: None
[2025-04-06T06:15:41.097+0000] {taskinstance.py:341} INFO - ::group::Post task execution logs
[2025-04-06T06:15:41.099+0000] {taskinstance.py:353} INFO - Marking task as SUCCESS. dag_id=print_hello, task_id=save_to_csv_task, run_id=scheduled__2025-04-05T00:43:00+00:00, execution_date=20250405T004300, start_date=20250406T061540, end_date=20250406T061541
[2025-04-06T06:15:41.204+0000] {logging_mixin.py:190} INFO - Task instance in success state
[2025-04-06T06:15:41.206+0000] {logging_mixin.py:190} INFO -  Previous state of the Task instance: running
[2025-04-06T06:15:41.208+0000] {logging_mixin.py:190} INFO - Dag name:print_hello queued_at:2025-04-06 06:15:28.287177+00:00
[2025-04-06T06:15:41.209+0000] {logging_mixin.py:190} INFO - Task hostname:5991717e768c operator:PythonOperator
[2025-04-06T06:15:41.274+0000] {local_task_job_runner.py:266} INFO - Task exited with return code 0
[2025-04-06T06:15:41.291+0000] {local_task_job_runner.py:245} INFO - ::endgroup::
