[2025-04-06T06:34:01.166+0000] {local_task_job_runner.py:123} INFO - ::group::Pre task execution logs
[2025-04-06T06:34:01.240+0000] {taskinstance.py:2614} INFO - Dependencies all met for dep_context=non-requeueable deps ti=<TaskInstance: print_hello2.save_to_csv_task scheduled__2025-04-05T00:35:00+00:00 [queued]>
[2025-04-06T06:34:01.279+0000] {taskinstance.py:2614} INFO - Dependencies all met for dep_context=requeueable deps ti=<TaskInstance: print_hello2.save_to_csv_task scheduled__2025-04-05T00:35:00+00:00 [queued]>
[2025-04-06T06:34:01.281+0000] {taskinstance.py:2867} INFO - Starting attempt 1 of 2
[2025-04-06T06:34:01.860+0000] {taskinstance.py:2890} INFO - Executing <Task(PythonOperator): save_to_csv_task> on 2025-04-05 00:35:00+00:00
[2025-04-06T06:34:01.881+0000] {warnings.py:112} WARNING - /home/***/.local/lib/python3.12/site-packages/***/task/task_runner/standard_task_runner.py:70: DeprecationWarning: This process (pid=1671) is multi-threaded, use of fork() may lead to deadlocks in the child.
  pid = os.fork()

[2025-04-06T06:34:01.886+0000] {standard_task_runner.py:104} INFO - Running: ['***', 'tasks', 'run', 'print_hello2', 'save_to_csv_task', 'scheduled__2025-04-05T00:35:00+00:00', '--job-id', '308', '--raw', '--subdir', 'DAGS_FOLDER/print_hello.py', '--cfg-path', '/tmp/tmpjm_iaw8z']
[2025-04-06T06:34:01.896+0000] {standard_task_runner.py:72} INFO - Started process 1701 to run task
[2025-04-06T06:34:01.896+0000] {standard_task_runner.py:105} INFO - Job 308: Subtask save_to_csv_task
[2025-04-06T06:34:02.013+0000] {task_command.py:467} INFO - Running <TaskInstance: print_hello2.save_to_csv_task scheduled__2025-04-05T00:35:00+00:00 [running]> on host 5991717e768c
[2025-04-06T06:34:02.221+0000] {taskinstance.py:3134} INFO - Exporting env vars: AIRFLOW_CTX_DAG_OWNER='Esayed' AIRFLOW_CTX_DAG_ID='print_hello2' AIRFLOW_CTX_TASK_ID='save_to_csv_task' AIRFLOW_CTX_EXECUTION_DATE='2025-04-05T00:35:00+00:00' AIRFLOW_CTX_TRY_NUMBER='1' AIRFLOW_CTX_DAG_RUN_ID='scheduled__2025-04-05T00:35:00+00:00'
[2025-04-06T06:34:02.225+0000] {logging_mixin.py:190} INFO - Task instance is in running state
[2025-04-06T06:34:02.226+0000] {logging_mixin.py:190} INFO -  Previous state of the Task instance: queued
[2025-04-06T06:34:02.227+0000] {logging_mixin.py:190} INFO - Current task name:save_to_csv_task state:running start_date:2025-04-06 06:34:01.242031+00:00
[2025-04-06T06:34:02.229+0000] {logging_mixin.py:190} INFO - Dag name:print_hello2 and current dag run status:running
[2025-04-06T06:34:02.230+0000] {taskinstance.py:732} INFO - ::endgroup::
[2025-04-06T06:34:02.248+0000] {python.py:240} INFO - Done. Returned value was: None
[2025-04-06T06:34:02.275+0000] {taskinstance.py:341} INFO - ::group::Post task execution logs
[2025-04-06T06:34:02.277+0000] {taskinstance.py:353} INFO - Marking task as SUCCESS. dag_id=print_hello2, task_id=save_to_csv_task, run_id=scheduled__2025-04-05T00:35:00+00:00, execution_date=20250405T003500, start_date=20250406T063401, end_date=20250406T063402
[2025-04-06T06:34:02.345+0000] {logging_mixin.py:190} INFO - Task instance in success state
[2025-04-06T06:34:02.346+0000] {logging_mixin.py:190} INFO -  Previous state of the Task instance: running
[2025-04-06T06:34:02.348+0000] {logging_mixin.py:190} INFO - Dag name:print_hello2 queued_at:2025-04-06 06:32:25.248142+00:00
[2025-04-06T06:34:02.349+0000] {logging_mixin.py:190} INFO - Task hostname:5991717e768c operator:PythonOperator
[2025-04-06T06:34:02.399+0000] {local_task_job_runner.py:266} INFO - Task exited with return code 0
[2025-04-06T06:34:02.439+0000] {taskinstance.py:3901} INFO - 0 downstream tasks scheduled from follow-on schedule check
[2025-04-06T06:34:02.451+0000] {local_task_job_runner.py:245} INFO - ::endgroup::
[2025-04-06T06:34:59.655+0000] {local_task_job_runner.py:123} INFO - ::group::Pre task execution logs
[2025-04-06T06:34:59.693+0000] {taskinstance.py:2614} INFO - Dependencies all met for dep_context=non-requeueable deps ti=<TaskInstance: print_hello2.save_to_csv_task scheduled__2025-04-05T00:35:00+00:00 [queued]>
[2025-04-06T06:34:59.720+0000] {taskinstance.py:2614} INFO - Dependencies all met for dep_context=requeueable deps ti=<TaskInstance: print_hello2.save_to_csv_task scheduled__2025-04-05T00:35:00+00:00 [queued]>
[2025-04-06T06:34:59.721+0000] {taskinstance.py:2867} INFO - Starting attempt 1 of 2
[2025-04-06T06:35:00.057+0000] {taskinstance.py:2890} INFO - Executing <Task(PythonOperator): save_to_csv_task> on 2025-04-05 00:35:00+00:00
[2025-04-06T06:35:00.072+0000] {warnings.py:112} WARNING - /home/***/.local/lib/python3.12/site-packages/***/task/task_runner/standard_task_runner.py:70: DeprecationWarning: This process (pid=1786) is multi-threaded, use of fork() may lead to deadlocks in the child.
  pid = os.fork()

[2025-04-06T06:35:00.075+0000] {standard_task_runner.py:72} INFO - Started process 1832 to run task
[2025-04-06T06:35:00.075+0000] {standard_task_runner.py:104} INFO - Running: ['***', 'tasks', 'run', 'print_hello2', 'save_to_csv_task', 'scheduled__2025-04-05T00:35:00+00:00', '--job-id', '339', '--raw', '--subdir', 'DAGS_FOLDER/print_hello.py', '--cfg-path', '/tmp/tmp_v4ibgsg']
[2025-04-06T06:35:00.078+0000] {standard_task_runner.py:105} INFO - Job 339: Subtask save_to_csv_task
[2025-04-06T06:35:00.187+0000] {task_command.py:467} INFO - Running <TaskInstance: print_hello2.save_to_csv_task scheduled__2025-04-05T00:35:00+00:00 [running]> on host 5991717e768c
[2025-04-06T06:35:00.356+0000] {taskinstance.py:3134} INFO - Exporting env vars: AIRFLOW_CTX_DAG_OWNER='Esayed' AIRFLOW_CTX_DAG_ID='print_hello2' AIRFLOW_CTX_TASK_ID='save_to_csv_task' AIRFLOW_CTX_EXECUTION_DATE='2025-04-05T00:35:00+00:00' AIRFLOW_CTX_TRY_NUMBER='1' AIRFLOW_CTX_DAG_RUN_ID='scheduled__2025-04-05T00:35:00+00:00'
[2025-04-06T06:35:00.358+0000] {logging_mixin.py:190} INFO - Task instance is in running state
[2025-04-06T06:35:00.359+0000] {logging_mixin.py:190} INFO -  Previous state of the Task instance: queued
[2025-04-06T06:35:00.360+0000] {logging_mixin.py:190} INFO - Current task name:save_to_csv_task state:running start_date:2025-04-06 06:34:59.694710+00:00
[2025-04-06T06:35:00.361+0000] {logging_mixin.py:190} INFO - Dag name:print_hello2 and current dag run status:running
[2025-04-06T06:35:00.362+0000] {taskinstance.py:732} INFO - ::endgroup::
[2025-04-06T06:35:00.373+0000] {python.py:240} INFO - Done. Returned value was: None
[2025-04-06T06:35:00.389+0000] {taskinstance.py:341} INFO - ::group::Post task execution logs
[2025-04-06T06:35:00.390+0000] {taskinstance.py:353} INFO - Marking task as SUCCESS. dag_id=print_hello2, task_id=save_to_csv_task, run_id=scheduled__2025-04-05T00:35:00+00:00, execution_date=20250405T003500, start_date=20250406T063459, end_date=20250406T063500
[2025-04-06T06:35:00.426+0000] {logging_mixin.py:190} INFO - Task instance in success state
[2025-04-06T06:35:00.427+0000] {logging_mixin.py:190} INFO -  Previous state of the Task instance: running
[2025-04-06T06:35:00.428+0000] {logging_mixin.py:190} INFO - Dag name:print_hello2 queued_at:2025-04-06 06:34:47.648030+00:00
[2025-04-06T06:35:00.429+0000] {logging_mixin.py:190} INFO - Task hostname:5991717e768c operator:PythonOperator
[2025-04-06T06:35:00.455+0000] {local_task_job_runner.py:266} INFO - Task exited with return code 0
[2025-04-06T06:35:00.478+0000] {taskinstance.py:3901} INFO - 0 downstream tasks scheduled from follow-on schedule check
[2025-04-06T06:35:00.482+0000] {local_task_job_runner.py:245} INFO - ::endgroup::
[2025-04-06T06:36:36.185+0000] {local_task_job_runner.py:123} INFO - ::group::Pre task execution logs
[2025-04-06T06:36:36.223+0000] {taskinstance.py:2614} INFO - Dependencies all met for dep_context=non-requeueable deps ti=<TaskInstance: print_hello2.save_to_csv_task scheduled__2025-04-05T00:35:00+00:00 [queued]>
[2025-04-06T06:36:36.246+0000] {taskinstance.py:2614} INFO - Dependencies all met for dep_context=requeueable deps ti=<TaskInstance: print_hello2.save_to_csv_task scheduled__2025-04-05T00:35:00+00:00 [queued]>
[2025-04-06T06:36:36.247+0000] {taskinstance.py:2867} INFO - Starting attempt 1 of 2
[2025-04-06T06:36:36.538+0000] {taskinstance.py:2890} INFO - Executing <Task(PythonOperator): save_to_csv_task> on 2025-04-05 00:35:00+00:00
[2025-04-06T06:36:36.553+0000] {warnings.py:112} WARNING - /home/***/.local/lib/python3.12/site-packages/***/task/task_runner/standard_task_runner.py:70: DeprecationWarning: This process (pid=2093) is multi-threaded, use of fork() may lead to deadlocks in the child.
  pid = os.fork()

[2025-04-06T06:36:36.555+0000] {standard_task_runner.py:72} INFO - Started process 2123 to run task
[2025-04-06T06:36:36.556+0000] {standard_task_runner.py:104} INFO - Running: ['***', 'tasks', 'run', 'print_hello2', 'save_to_csv_task', 'scheduled__2025-04-05T00:35:00+00:00', '--job-id', '409', '--raw', '--subdir', 'DAGS_FOLDER/print_hello.py', '--cfg-path', '/tmp/tmpy43n4luo']
[2025-04-06T06:36:36.558+0000] {standard_task_runner.py:105} INFO - Job 409: Subtask save_to_csv_task
[2025-04-06T06:36:36.633+0000] {task_command.py:467} INFO - Running <TaskInstance: print_hello2.save_to_csv_task scheduled__2025-04-05T00:35:00+00:00 [running]> on host 5991717e768c
[2025-04-06T06:36:36.746+0000] {taskinstance.py:3134} INFO - Exporting env vars: AIRFLOW_CTX_DAG_OWNER='Esayed' AIRFLOW_CTX_DAG_ID='print_hello2' AIRFLOW_CTX_TASK_ID='save_to_csv_task' AIRFLOW_CTX_EXECUTION_DATE='2025-04-05T00:35:00+00:00' AIRFLOW_CTX_TRY_NUMBER='1' AIRFLOW_CTX_DAG_RUN_ID='scheduled__2025-04-05T00:35:00+00:00'
[2025-04-06T06:36:36.748+0000] {logging_mixin.py:190} INFO - Task instance is in running state
[2025-04-06T06:36:36.749+0000] {logging_mixin.py:190} INFO -  Previous state of the Task instance: queued
[2025-04-06T06:36:36.749+0000] {logging_mixin.py:190} INFO - Current task name:save_to_csv_task state:running start_date:2025-04-06 06:36:36.224125+00:00
[2025-04-06T06:36:36.750+0000] {logging_mixin.py:190} INFO - Dag name:print_hello2 and current dag run status:running
[2025-04-06T06:36:36.752+0000] {taskinstance.py:732} INFO - ::endgroup::
[2025-04-06T06:36:36.762+0000] {python.py:240} INFO - Done. Returned value was: None
[2025-04-06T06:36:36.775+0000] {taskinstance.py:341} INFO - ::group::Post task execution logs
[2025-04-06T06:36:36.777+0000] {taskinstance.py:353} INFO - Marking task as SUCCESS. dag_id=print_hello2, task_id=save_to_csv_task, run_id=scheduled__2025-04-05T00:35:00+00:00, execution_date=20250405T003500, start_date=20250406T063636, end_date=20250406T063636
[2025-04-06T06:36:36.815+0000] {logging_mixin.py:190} INFO - Task instance in success state
[2025-04-06T06:36:36.816+0000] {logging_mixin.py:190} INFO -  Previous state of the Task instance: running
[2025-04-06T06:36:36.818+0000] {logging_mixin.py:190} INFO - Dag name:print_hello2 queued_at:2025-04-06 06:36:23.046538+00:00
[2025-04-06T06:36:36.819+0000] {logging_mixin.py:190} INFO - Task hostname:5991717e768c operator:PythonOperator
[2025-04-06T06:36:36.853+0000] {local_task_job_runner.py:266} INFO - Task exited with return code 0
[2025-04-06T06:36:36.881+0000] {taskinstance.py:3901} INFO - 0 downstream tasks scheduled from follow-on schedule check
[2025-04-06T06:36:36.885+0000] {local_task_job_runner.py:245} INFO - ::endgroup::
