[2025-04-06T06:03:17.422+0000] {local_task_job_runner.py:123} INFO - ::group::Pre task execution logs
[2025-04-06T06:03:17.456+0000] {taskinstance.py:2614} INFO - Dependencies all met for dep_context=non-requeueable deps ti=<TaskInstance: print_hello.print_hello_task scheduled__2025-04-05T00:40:00+00:00 [queued]>
[2025-04-06T06:03:17.476+0000] {taskinstance.py:2614} INFO - Dependencies all met for dep_context=requeueable deps ti=<TaskInstance: print_hello.print_hello_task scheduled__2025-04-05T00:40:00+00:00 [queued]>
[2025-04-06T06:03:17.478+0000] {taskinstance.py:2867} INFO - Starting attempt 1 of 2
[2025-04-06T06:03:17.895+0000] {taskinstance.py:2890} INFO - Executing <Task(PythonOperator): print_hello_task> on 2025-04-05 00:40:00+00:00
[2025-04-06T06:03:17.925+0000] {warnings.py:112} WARNING - /home/***/.local/lib/python3.12/site-packages/***/task/task_runner/standard_task_runner.py:70: DeprecationWarning: This process (pid=392) is multi-threaded, use of fork() may lead to deadlocks in the child.
  pid = os.fork()

[2025-04-06T06:03:17.928+0000] {standard_task_runner.py:104} INFO - Running: ['***', 'tasks', 'run', 'print_hello', 'print_hello_task', 'scheduled__2025-04-05T00:40:00+00:00', '--job-id', '87', '--raw', '--subdir', 'DAGS_FOLDER/print_hello.py', '--cfg-path', '/tmp/tmpp5gj5ul4']
[2025-04-06T06:03:17.931+0000] {standard_task_runner.py:105} INFO - Job 87: Subtask print_hello_task
[2025-04-06T06:03:17.930+0000] {standard_task_runner.py:72} INFO - Started process 430 to run task
[2025-04-06T06:03:18.074+0000] {task_command.py:467} INFO - Running <TaskInstance: print_hello.print_hello_task scheduled__2025-04-05T00:40:00+00:00 [running]> on host 5991717e768c
[2025-04-06T06:03:18.373+0000] {taskinstance.py:3134} INFO - Exporting env vars: AIRFLOW_CTX_DAG_OWNER='Esayed' AIRFLOW_CTX_DAG_ID='print_hello' AIRFLOW_CTX_TASK_ID='print_hello_task' AIRFLOW_CTX_EXECUTION_DATE='2025-04-05T00:40:00+00:00' AIRFLOW_CTX_TRY_NUMBER='1' AIRFLOW_CTX_DAG_RUN_ID='scheduled__2025-04-05T00:40:00+00:00'
[2025-04-06T06:03:18.375+0000] {logging_mixin.py:190} INFO - Task instance is in running state
[2025-04-06T06:03:18.376+0000] {logging_mixin.py:190} INFO -  Previous state of the Task instance: queued
[2025-04-06T06:03:18.377+0000] {logging_mixin.py:190} INFO - Current task name:print_hello_task state:running start_date:2025-04-06 06:03:17.457565+00:00
[2025-04-06T06:03:18.379+0000] {logging_mixin.py:190} INFO - Dag name:print_hello and current dag run status:running
[2025-04-06T06:03:18.380+0000] {taskinstance.py:732} INFO - ::endgroup::
[2025-04-06T06:03:18.382+0000] {logging_mixin.py:190} INFO - hello
[2025-04-06T06:03:18.383+0000] {python.py:240} INFO - Done. Returned value was: None
[2025-04-06T06:03:18.409+0000] {taskinstance.py:341} INFO - ::group::Post task execution logs
[2025-04-06T06:03:18.416+0000] {taskinstance.py:353} INFO - Marking task as SUCCESS. dag_id=print_hello, task_id=print_hello_task, run_id=scheduled__2025-04-05T00:40:00+00:00, execution_date=20250405T004000, start_date=20250406T060317, end_date=20250406T060318
[2025-04-06T06:03:18.502+0000] {logging_mixin.py:190} INFO - Task instance in success state
[2025-04-06T06:03:18.507+0000] {logging_mixin.py:190} INFO -  Previous state of the Task instance: running
[2025-04-06T06:03:18.509+0000] {logging_mixin.py:190} INFO - Dag name:print_hello queued_at:2025-04-06 06:03:13.201277+00:00
[2025-04-06T06:03:18.512+0000] {logging_mixin.py:190} INFO - Task hostname:5991717e768c operator:PythonOperator
[2025-04-06T06:03:18.583+0000] {local_task_job_runner.py:266} INFO - Task exited with return code 0
[2025-04-06T06:03:18.664+0000] {taskinstance.py:3901} INFO - 1 downstream tasks scheduled from follow-on schedule check
[2025-04-06T06:03:18.689+0000] {local_task_job_runner.py:245} INFO - ::endgroup::
[2025-04-06T06:15:31.913+0000] {local_task_job_runner.py:123} INFO - ::group::Pre task execution logs
[2025-04-06T06:15:31.962+0000] {taskinstance.py:2614} INFO - Dependencies all met for dep_context=non-requeueable deps ti=<TaskInstance: print_hello.print_hello_task scheduled__2025-04-05T00:40:00+00:00 [queued]>
[2025-04-06T06:15:31.987+0000] {taskinstance.py:2614} INFO - Dependencies all met for dep_context=requeueable deps ti=<TaskInstance: print_hello.print_hello_task scheduled__2025-04-05T00:40:00+00:00 [queued]>
[2025-04-06T06:15:32.003+0000] {taskinstance.py:2867} INFO - Starting attempt 1 of 2
[2025-04-06T06:15:32.608+0000] {taskinstance.py:2890} INFO - Executing <Task(PythonOperator): print_hello_task> on 2025-04-05 00:40:00+00:00
[2025-04-06T06:15:32.637+0000] {warnings.py:112} WARNING - /home/***/.local/lib/python3.12/site-packages/***/task/task_runner/standard_task_runner.py:70: DeprecationWarning: This process (pid=1144) is multi-threaded, use of fork() may lead to deadlocks in the child.
  pid = os.fork()

[2025-04-06T06:15:32.644+0000] {standard_task_runner.py:72} INFO - Started process 1184 to run task
[2025-04-06T06:15:32.645+0000] {standard_task_runner.py:104} INFO - Running: ['***', 'tasks', 'run', 'print_hello', 'print_hello_task', 'scheduled__2025-04-05T00:40:00+00:00', '--job-id', '236', '--raw', '--subdir', 'DAGS_FOLDER/print_hello.py', '--cfg-path', '/tmp/tmp5_7mx3_y']
[2025-04-06T06:15:32.648+0000] {standard_task_runner.py:105} INFO - Job 236: Subtask print_hello_task
[2025-04-06T06:15:32.827+0000] {task_command.py:467} INFO - Running <TaskInstance: print_hello.print_hello_task scheduled__2025-04-05T00:40:00+00:00 [running]> on host 5991717e768c
[2025-04-06T06:15:33.135+0000] {taskinstance.py:3134} INFO - Exporting env vars: AIRFLOW_CTX_DAG_OWNER='Esayed' AIRFLOW_CTX_DAG_ID='print_hello' AIRFLOW_CTX_TASK_ID='print_hello_task' AIRFLOW_CTX_EXECUTION_DATE='2025-04-05T00:40:00+00:00' AIRFLOW_CTX_TRY_NUMBER='1' AIRFLOW_CTX_DAG_RUN_ID='scheduled__2025-04-05T00:40:00+00:00'
[2025-04-06T06:15:33.137+0000] {logging_mixin.py:190} INFO - Task instance is in running state
[2025-04-06T06:15:33.139+0000] {logging_mixin.py:190} INFO -  Previous state of the Task instance: queued
[2025-04-06T06:15:33.140+0000] {logging_mixin.py:190} INFO - Current task name:print_hello_task state:running start_date:2025-04-06 06:15:31.963313+00:00
[2025-04-06T06:15:33.141+0000] {logging_mixin.py:190} INFO - Dag name:print_hello and current dag run status:running
[2025-04-06T06:15:33.142+0000] {taskinstance.py:732} INFO - ::endgroup::
[2025-04-06T06:15:33.145+0000] {logging_mixin.py:190} INFO - hello
[2025-04-06T06:15:33.147+0000] {python.py:240} INFO - Done. Returned value was: None
[2025-04-06T06:15:33.172+0000] {taskinstance.py:341} INFO - ::group::Post task execution logs
[2025-04-06T06:15:33.184+0000] {taskinstance.py:353} INFO - Marking task as SUCCESS. dag_id=print_hello, task_id=print_hello_task, run_id=scheduled__2025-04-05T00:40:00+00:00, execution_date=20250405T004000, start_date=20250406T061531, end_date=20250406T061533
[2025-04-06T06:15:33.266+0000] {logging_mixin.py:190} INFO - Task instance in success state
[2025-04-06T06:15:33.267+0000] {logging_mixin.py:190} INFO -  Previous state of the Task instance: running
[2025-04-06T06:15:33.268+0000] {logging_mixin.py:190} INFO - Dag name:print_hello queued_at:2025-04-06 06:15:27.491258+00:00
[2025-04-06T06:15:33.269+0000] {logging_mixin.py:190} INFO - Task hostname:5991717e768c operator:PythonOperator
[2025-04-06T06:15:33.334+0000] {local_task_job_runner.py:266} INFO - Task exited with return code 0
[2025-04-06T06:15:33.400+0000] {taskinstance.py:3901} INFO - 1 downstream tasks scheduled from follow-on schedule check
[2025-04-06T06:15:33.407+0000] {local_task_job_runner.py:245} INFO - ::endgroup::
