[2025-04-06T08:50:01.918+0000] {local_task_job_runner.py:123} INFO - ::group::Pre task execution logs
[2025-04-06T08:50:01.937+0000] {taskinstance.py:2614} INFO - Dependencies all met for dep_context=non-requeueable deps ti=<TaskInstance: print_hello3.print_hello_task scheduled__2025-04-06T08:45:00+00:00 [queued]>
[2025-04-06T08:50:01.947+0000] {taskinstance.py:2614} INFO - Dependencies all met for dep_context=requeueable deps ti=<TaskInstance: print_hello3.print_hello_task scheduled__2025-04-06T08:45:00+00:00 [queued]>
[2025-04-06T08:50:01.948+0000] {taskinstance.py:2867} INFO - Starting attempt 1 of 2
[2025-04-06T08:50:02.106+0000] {taskinstance.py:2890} INFO - Executing <Task(PythonOperator): print_hello_task> on 2025-04-06 08:45:00+00:00
[2025-04-06T08:50:02.114+0000] {warnings.py:112} WARNING - /home/***/.local/lib/python3.12/site-packages/***/task/task_runner/standard_task_runner.py:70: DeprecationWarning: This process (pid=193) is multi-threaded, use of fork() may lead to deadlocks in the child.
  pid = os.fork()

[2025-04-06T08:50:02.116+0000] {standard_task_runner.py:72} INFO - Started process 195 to run task
[2025-04-06T08:50:02.116+0000] {standard_task_runner.py:104} INFO - Running: ['***', 'tasks', 'run', 'print_hello3', 'print_hello_task', 'scheduled__2025-04-06T08:45:00+00:00', '--job-id', '425', '--raw', '--subdir', 'DAGS_FOLDER/print_hello.py', '--cfg-path', '/tmp/tmpm1zn9y1b']
[2025-04-06T08:50:02.118+0000] {standard_task_runner.py:105} INFO - Job 425: Subtask print_hello_task
[2025-04-06T08:50:02.175+0000] {task_command.py:467} INFO - Running <TaskInstance: print_hello3.print_hello_task scheduled__2025-04-06T08:45:00+00:00 [running]> on host 5991717e768c
[2025-04-06T08:50:02.271+0000] {taskinstance.py:3134} INFO - Exporting env vars: AIRFLOW_CTX_DAG_OWNER='Esayed' AIRFLOW_CTX_DAG_ID='print_hello3' AIRFLOW_CTX_TASK_ID='print_hello_task' AIRFLOW_CTX_EXECUTION_DATE='2025-04-06T08:45:00+00:00' AIRFLOW_CTX_TRY_NUMBER='1' AIRFLOW_CTX_DAG_RUN_ID='scheduled__2025-04-06T08:45:00+00:00'
[2025-04-06T08:50:02.273+0000] {logging_mixin.py:190} INFO - Task instance is in running state
[2025-04-06T08:50:02.273+0000] {logging_mixin.py:190} INFO -  Previous state of the Task instance: queued
[2025-04-06T08:50:02.274+0000] {logging_mixin.py:190} INFO - Current task name:print_hello_task state:running start_date:2025-04-06 08:50:01.938430+00:00
[2025-04-06T08:50:02.275+0000] {logging_mixin.py:190} INFO - Dag name:print_hello3 and current dag run status:running
[2025-04-06T08:50:02.275+0000] {taskinstance.py:732} INFO - ::endgroup::
[2025-04-06T08:50:02.277+0000] {logging_mixin.py:190} INFO - hello
[2025-04-06T08:50:02.278+0000] {python.py:240} INFO - Done. Returned value was: None
[2025-04-06T08:50:02.288+0000] {taskinstance.py:341} INFO - ::group::Post task execution logs
[2025-04-06T08:50:02.289+0000] {taskinstance.py:353} INFO - Marking task as SUCCESS. dag_id=print_hello3, task_id=print_hello_task, run_id=scheduled__2025-04-06T08:45:00+00:00, execution_date=20250406T084500, start_date=20250406T085001, end_date=20250406T085002
[2025-04-06T08:50:02.322+0000] {logging_mixin.py:190} INFO - Task instance in success state
[2025-04-06T08:50:02.323+0000] {logging_mixin.py:190} INFO -  Previous state of the Task instance: running
[2025-04-06T08:50:02.324+0000] {logging_mixin.py:190} INFO - Dag name:print_hello3 queued_at:2025-04-06 08:50:00.205699+00:00
[2025-04-06T08:50:02.325+0000] {logging_mixin.py:190} INFO - Task hostname:5991717e768c operator:PythonOperator
[2025-04-06T08:50:02.373+0000] {local_task_job_runner.py:266} INFO - Task exited with return code 0
[2025-04-06T08:50:02.406+0000] {taskinstance.py:3901} INFO - 1 downstream tasks scheduled from follow-on schedule check
[2025-04-06T08:50:02.410+0000] {local_task_job_runner.py:245} INFO - ::endgroup::
[2025-04-06T08:52:50.529+0000] {local_task_job_runner.py:123} INFO - ::group::Pre task execution logs
[2025-04-06T08:52:50.554+0000] {taskinstance.py:2614} INFO - Dependencies all met for dep_context=non-requeueable deps ti=<TaskInstance: print_hello3.print_hello_task scheduled__2025-04-06T08:45:00+00:00 [queued]>
[2025-04-06T08:52:50.567+0000] {taskinstance.py:2614} INFO - Dependencies all met for dep_context=requeueable deps ti=<TaskInstance: print_hello3.print_hello_task scheduled__2025-04-06T08:45:00+00:00 [queued]>
[2025-04-06T08:52:50.568+0000] {taskinstance.py:2867} INFO - Starting attempt 1 of 2
[2025-04-06T08:52:50.590+0000] {taskinstance.py:2890} INFO - Executing <Task(PythonOperator): print_hello_task> on 2025-04-06 08:45:00+00:00
[2025-04-06T08:52:50.602+0000] {warnings.py:112} WARNING - /home/***/.local/lib/python3.12/site-packages/***/task/task_runner/standard_task_runner.py:70: DeprecationWarning: This process (pid=237) is multi-threaded, use of fork() may lead to deadlocks in the child.
  pid = os.fork()

[2025-04-06T08:52:50.604+0000] {standard_task_runner.py:72} INFO - Started process 239 to run task
[2025-04-06T08:52:50.604+0000] {standard_task_runner.py:104} INFO - Running: ['***', 'tasks', 'run', 'print_hello3', 'print_hello_task', 'scheduled__2025-04-06T08:45:00+00:00', '--job-id', '427', '--raw', '--subdir', 'DAGS_FOLDER/print_hello.py', '--cfg-path', '/tmp/tmponhqp005']
[2025-04-06T08:52:50.606+0000] {standard_task_runner.py:105} INFO - Job 427: Subtask print_hello_task
[2025-04-06T08:52:51.060+0000] {task_command.py:467} INFO - Running <TaskInstance: print_hello3.print_hello_task scheduled__2025-04-06T08:45:00+00:00 [running]> on host 5991717e768c
[2025-04-06T08:52:51.158+0000] {taskinstance.py:3134} INFO - Exporting env vars: AIRFLOW_CTX_DAG_OWNER='Esayed' AIRFLOW_CTX_DAG_ID='print_hello3' AIRFLOW_CTX_TASK_ID='print_hello_task' AIRFLOW_CTX_EXECUTION_DATE='2025-04-06T08:45:00+00:00' AIRFLOW_CTX_TRY_NUMBER='1' AIRFLOW_CTX_DAG_RUN_ID='scheduled__2025-04-06T08:45:00+00:00'
[2025-04-06T08:52:51.159+0000] {logging_mixin.py:190} INFO - Task instance is in running state
[2025-04-06T08:52:51.160+0000] {logging_mixin.py:190} INFO -  Previous state of the Task instance: queued
[2025-04-06T08:52:51.161+0000] {logging_mixin.py:190} INFO - Current task name:print_hello_task state:running start_date:2025-04-06 08:52:50.555011+00:00
[2025-04-06T08:52:51.162+0000] {logging_mixin.py:190} INFO - Dag name:print_hello3 and current dag run status:running
[2025-04-06T08:52:51.163+0000] {taskinstance.py:732} INFO - ::endgroup::
[2025-04-06T08:52:51.163+0000] {logging_mixin.py:190} INFO - hello
[2025-04-06T08:52:51.164+0000] {python.py:240} INFO - Done. Returned value was: None
[2025-04-06T08:52:51.177+0000] {taskinstance.py:341} INFO - ::group::Post task execution logs
[2025-04-06T08:52:51.178+0000] {taskinstance.py:353} INFO - Marking task as SUCCESS. dag_id=print_hello3, task_id=print_hello_task, run_id=scheduled__2025-04-06T08:45:00+00:00, execution_date=20250406T084500, start_date=20250406T085250, end_date=20250406T085251
[2025-04-06T08:52:51.216+0000] {logging_mixin.py:190} INFO - Task instance in success state
[2025-04-06T08:52:51.217+0000] {logging_mixin.py:190} INFO -  Previous state of the Task instance: running
[2025-04-06T08:52:51.218+0000] {logging_mixin.py:190} INFO - Dag name:print_hello3 queued_at:2025-04-06 08:52:47.982063+00:00
[2025-04-06T08:52:51.218+0000] {logging_mixin.py:190} INFO - Task hostname:5991717e768c operator:PythonOperator
[2025-04-06T08:52:51.263+0000] {local_task_job_runner.py:266} INFO - Task exited with return code 0
[2025-04-06T08:52:51.647+0000] {taskinstance.py:3901} INFO - 1 downstream tasks scheduled from follow-on schedule check
[2025-04-06T08:52:51.653+0000] {local_task_job_runner.py:245} INFO - ::endgroup::
[2025-04-06T08:55:05.398+0000] {local_task_job_runner.py:123} INFO - ::group::Pre task execution logs
[2025-04-06T08:55:05.423+0000] {taskinstance.py:2614} INFO - Dependencies all met for dep_context=non-requeueable deps ti=<TaskInstance: print_hello3.print_hello_task scheduled__2025-04-06T08:45:00+00:00 [queued]>
[2025-04-06T08:55:05.441+0000] {taskinstance.py:2614} INFO - Dependencies all met for dep_context=requeueable deps ti=<TaskInstance: print_hello3.print_hello_task scheduled__2025-04-06T08:45:00+00:00 [queued]>
[2025-04-06T08:55:05.443+0000] {taskinstance.py:2867} INFO - Starting attempt 1 of 2
[2025-04-06T08:55:05.474+0000] {taskinstance.py:2890} INFO - Executing <Task(PythonOperator): print_hello_task> on 2025-04-06 08:45:00+00:00
[2025-04-06T08:55:05.494+0000] {standard_task_runner.py:104} INFO - Running: ['***', 'tasks', 'run', 'print_hello3', 'print_hello_task', 'scheduled__2025-04-06T08:45:00+00:00', '--job-id', '429', '--raw', '--subdir', 'DAGS_FOLDER/print_hello.py', '--cfg-path', '/tmp/tmp29lytbkt']
[2025-04-06T08:55:05.493+0000] {warnings.py:112} WARNING - /home/***/.local/lib/python3.12/site-packages/***/task/task_runner/standard_task_runner.py:70: DeprecationWarning: This process (pid=273) is multi-threaded, use of fork() may lead to deadlocks in the child.
  pid = os.fork()

[2025-04-06T08:55:05.497+0000] {standard_task_runner.py:105} INFO - Job 429: Subtask print_hello_task
[2025-04-06T08:55:05.497+0000] {standard_task_runner.py:72} INFO - Started process 277 to run task
[2025-04-06T08:55:06.024+0000] {task_command.py:467} INFO - Running <TaskInstance: print_hello3.print_hello_task scheduled__2025-04-06T08:45:00+00:00 [running]> on host 5991717e768c
[2025-04-06T08:55:06.180+0000] {taskinstance.py:3134} INFO - Exporting env vars: AIRFLOW_CTX_DAG_OWNER='Esayed' AIRFLOW_CTX_DAG_ID='print_hello3' AIRFLOW_CTX_TASK_ID='print_hello_task' AIRFLOW_CTX_EXECUTION_DATE='2025-04-06T08:45:00+00:00' AIRFLOW_CTX_TRY_NUMBER='1' AIRFLOW_CTX_DAG_RUN_ID='scheduled__2025-04-06T08:45:00+00:00'
[2025-04-06T08:55:06.181+0000] {logging_mixin.py:190} INFO - Task instance is in running state
[2025-04-06T08:55:06.182+0000] {logging_mixin.py:190} INFO -  Previous state of the Task instance: queued
[2025-04-06T08:55:06.183+0000] {logging_mixin.py:190} INFO - Current task name:print_hello_task state:running start_date:2025-04-06 08:55:05.424079+00:00
[2025-04-06T08:55:06.184+0000] {logging_mixin.py:190} INFO - Dag name:print_hello3 and current dag run status:running
[2025-04-06T08:55:06.185+0000] {taskinstance.py:732} INFO - ::endgroup::
[2025-04-06T08:55:06.186+0000] {logging_mixin.py:190} INFO - hello
[2025-04-06T08:55:06.187+0000] {python.py:240} INFO - Done. Returned value was: None
[2025-04-06T08:55:06.207+0000] {taskinstance.py:341} INFO - ::group::Post task execution logs
[2025-04-06T08:55:06.208+0000] {taskinstance.py:353} INFO - Marking task as SUCCESS. dag_id=print_hello3, task_id=print_hello_task, run_id=scheduled__2025-04-06T08:45:00+00:00, execution_date=20250406T084500, start_date=20250406T085505, end_date=20250406T085506
[2025-04-06T08:55:06.258+0000] {logging_mixin.py:190} INFO - Task instance in success state
[2025-04-06T08:55:06.260+0000] {logging_mixin.py:190} INFO -  Previous state of the Task instance: running
[2025-04-06T08:55:06.261+0000] {logging_mixin.py:190} INFO - Dag name:print_hello3 queued_at:2025-04-06 08:55:03.175830+00:00
[2025-04-06T08:55:06.263+0000] {logging_mixin.py:190} INFO - Task hostname:5991717e768c operator:PythonOperator
[2025-04-06T08:55:06.317+0000] {local_task_job_runner.py:266} INFO - Task exited with return code 0
[2025-04-06T08:55:06.779+0000] {taskinstance.py:3901} INFO - 0 downstream tasks scheduled from follow-on schedule check
[2025-04-06T08:55:06.786+0000] {local_task_job_runner.py:245} INFO - ::endgroup::
