[2025-04-06T06:33:59.930+0000] {local_task_job_runner.py:123} INFO - ::group::Pre task execution logs
[2025-04-06T06:33:59.975+0000] {taskinstance.py:2614} INFO - Dependencies all met for dep_context=non-requeueable deps ti=<TaskInstance: print_hello2.print_hello_task scheduled__2025-04-05T01:00:00+00:00 [queued]>
[2025-04-06T06:34:00.001+0000] {taskinstance.py:2614} INFO - Dependencies all met for dep_context=requeueable deps ti=<TaskInstance: print_hello2.print_hello_task scheduled__2025-04-05T01:00:00+00:00 [queued]>
[2025-04-06T06:34:00.007+0000] {taskinstance.py:2867} INFO - Starting attempt 1 of 2
[2025-04-06T06:34:00.082+0000] {taskinstance.py:2890} INFO - Executing <Task(PythonOperator): print_hello_task> on 2025-04-05 01:00:00+00:00
[2025-04-06T06:34:00.738+0000] {warnings.py:112} WARNING - /home/***/.local/lib/python3.12/site-packages/***/task/task_runner/standard_task_runner.py:70: DeprecationWarning: This process (pid=1628) is multi-threaded, use of fork() may lead to deadlocks in the child.
  pid = os.fork()

[2025-04-06T06:34:00.741+0000] {standard_task_runner.py:72} INFO - Started process 1690 to run task
[2025-04-06T06:34:00.748+0000] {standard_task_runner.py:104} INFO - Running: ['***', 'tasks', 'run', 'print_hello2', 'print_hello_task', 'scheduled__2025-04-05T01:00:00+00:00', '--job-id', '306', '--raw', '--subdir', 'DAGS_FOLDER/print_hello.py', '--cfg-path', '/tmp/tmpomqv0q8y']
[2025-04-06T06:34:00.756+0000] {standard_task_runner.py:105} INFO - Job 306: Subtask print_hello_task
[2025-04-06T06:34:01.645+0000] {task_command.py:467} INFO - Running <TaskInstance: print_hello2.print_hello_task scheduled__2025-04-05T01:00:00+00:00 [running]> on host 5991717e768c
[2025-04-06T06:34:01.934+0000] {taskinstance.py:3134} INFO - Exporting env vars: AIRFLOW_CTX_DAG_OWNER='Esayed' AIRFLOW_CTX_DAG_ID='print_hello2' AIRFLOW_CTX_TASK_ID='print_hello_task' AIRFLOW_CTX_EXECUTION_DATE='2025-04-05T01:00:00+00:00' AIRFLOW_CTX_TRY_NUMBER='1' AIRFLOW_CTX_DAG_RUN_ID='scheduled__2025-04-05T01:00:00+00:00'
[2025-04-06T06:34:01.939+0000] {logging_mixin.py:190} INFO - Task instance is in running state
[2025-04-06T06:34:01.940+0000] {logging_mixin.py:190} INFO -  Previous state of the Task instance: queued
[2025-04-06T06:34:01.941+0000] {logging_mixin.py:190} INFO - Current task name:print_hello_task state:running start_date:2025-04-06 06:33:59.977600+00:00
[2025-04-06T06:34:01.942+0000] {logging_mixin.py:190} INFO - Dag name:print_hello2 and current dag run status:running
[2025-04-06T06:34:01.943+0000] {taskinstance.py:732} INFO - ::endgroup::
[2025-04-06T06:34:01.946+0000] {logging_mixin.py:190} INFO - hello
[2025-04-06T06:34:01.947+0000] {python.py:240} INFO - Done. Returned value was: None
[2025-04-06T06:34:01.973+0000] {taskinstance.py:341} INFO - ::group::Post task execution logs
[2025-04-06T06:34:01.975+0000] {taskinstance.py:353} INFO - Marking task as SUCCESS. dag_id=print_hello2, task_id=print_hello_task, run_id=scheduled__2025-04-05T01:00:00+00:00, execution_date=20250405T010000, start_date=20250406T063359, end_date=20250406T063401
[2025-04-06T06:34:02.034+0000] {logging_mixin.py:190} INFO - Task instance in success state
[2025-04-06T06:34:02.036+0000] {logging_mixin.py:190} INFO -  Previous state of the Task instance: running
[2025-04-06T06:34:02.037+0000] {logging_mixin.py:190} INFO - Dag name:print_hello2 queued_at:2025-04-06 06:32:27.029354+00:00
[2025-04-06T06:34:02.039+0000] {logging_mixin.py:190} INFO - Task hostname:5991717e768c operator:PythonOperator
[2025-04-06T06:34:02.127+0000] {local_task_job_runner.py:266} INFO - Task exited with return code 0
[2025-04-06T06:34:02.643+0000] {taskinstance.py:3901} INFO - 1 downstream tasks scheduled from follow-on schedule check
[2025-04-06T06:34:02.650+0000] {local_task_job_runner.py:245} INFO - ::endgroup::
[2025-04-06T06:34:54.997+0000] {local_task_job_runner.py:123} INFO - ::group::Pre task execution logs
[2025-04-06T06:34:55.073+0000] {taskinstance.py:2614} INFO - Dependencies all met for dep_context=non-requeueable deps ti=<TaskInstance: print_hello2.print_hello_task scheduled__2025-04-05T01:00:00+00:00 [queued]>
[2025-04-06T06:34:55.105+0000] {taskinstance.py:2614} INFO - Dependencies all met for dep_context=requeueable deps ti=<TaskInstance: print_hello2.print_hello_task scheduled__2025-04-05T01:00:00+00:00 [queued]>
[2025-04-06T06:34:55.114+0000] {taskinstance.py:2867} INFO - Starting attempt 1 of 2
[2025-04-06T06:34:55.208+0000] {taskinstance.py:2890} INFO - Executing <Task(PythonOperator): print_hello_task> on 2025-04-05 01:00:00+00:00
[2025-04-06T06:34:55.228+0000] {warnings.py:112} WARNING - /home/***/.local/lib/python3.12/site-packages/***/task/task_runner/standard_task_runner.py:70: DeprecationWarning: This process (pid=1747) is multi-threaded, use of fork() may lead to deadlocks in the child.
  pid = os.fork()

[2025-04-06T06:34:55.231+0000] {standard_task_runner.py:72} INFO - Started process 1791 to run task
[2025-04-06T06:34:55.233+0000] {standard_task_runner.py:104} INFO - Running: ['***', 'tasks', 'run', 'print_hello2', 'print_hello_task', 'scheduled__2025-04-05T01:00:00+00:00', '--job-id', '326', '--raw', '--subdir', 'DAGS_FOLDER/print_hello.py', '--cfg-path', '/tmp/tmpnletdwvt']
[2025-04-06T06:34:55.243+0000] {standard_task_runner.py:105} INFO - Job 326: Subtask print_hello_task
[2025-04-06T06:34:55.849+0000] {task_command.py:467} INFO - Running <TaskInstance: print_hello2.print_hello_task scheduled__2025-04-05T01:00:00+00:00 [running]> on host 5991717e768c
[2025-04-06T06:34:56.080+0000] {taskinstance.py:3134} INFO - Exporting env vars: AIRFLOW_CTX_DAG_OWNER='Esayed' AIRFLOW_CTX_DAG_ID='print_hello2' AIRFLOW_CTX_TASK_ID='print_hello_task' AIRFLOW_CTX_EXECUTION_DATE='2025-04-05T01:00:00+00:00' AIRFLOW_CTX_TRY_NUMBER='1' AIRFLOW_CTX_DAG_RUN_ID='scheduled__2025-04-05T01:00:00+00:00'
[2025-04-06T06:34:56.084+0000] {logging_mixin.py:190} INFO - Task instance is in running state
[2025-04-06T06:34:56.087+0000] {logging_mixin.py:190} INFO -  Previous state of the Task instance: queued
[2025-04-06T06:34:56.088+0000] {logging_mixin.py:190} INFO - Current task name:print_hello_task state:running start_date:2025-04-06 06:34:55.079863+00:00
[2025-04-06T06:34:56.091+0000] {logging_mixin.py:190} INFO - Dag name:print_hello2 and current dag run status:running
[2025-04-06T06:34:56.092+0000] {taskinstance.py:732} INFO - ::endgroup::
[2025-04-06T06:34:56.093+0000] {logging_mixin.py:190} INFO - hello
[2025-04-06T06:34:56.094+0000] {python.py:240} INFO - Done. Returned value was: None
[2025-04-06T06:34:56.112+0000] {taskinstance.py:341} INFO - ::group::Post task execution logs
[2025-04-06T06:34:56.114+0000] {taskinstance.py:353} INFO - Marking task as SUCCESS. dag_id=print_hello2, task_id=print_hello_task, run_id=scheduled__2025-04-05T01:00:00+00:00, execution_date=20250405T010000, start_date=20250406T063455, end_date=20250406T063456
[2025-04-06T06:34:57.230+0000] {logging_mixin.py:190} INFO - Task instance in success state
[2025-04-06T06:34:57.231+0000] {logging_mixin.py:190} INFO -  Previous state of the Task instance: running
[2025-04-06T06:34:57.232+0000] {logging_mixin.py:190} INFO - Dag name:print_hello2 queued_at:2025-04-06 06:34:49.639823+00:00
[2025-04-06T06:34:57.233+0000] {logging_mixin.py:190} INFO - Task hostname:5991717e768c operator:PythonOperator
[2025-04-06T06:34:57.319+0000] {local_task_job_runner.py:266} INFO - Task exited with return code 0
[2025-04-06T06:34:57.872+0000] {taskinstance.py:3901} INFO - 1 downstream tasks scheduled from follow-on schedule check
[2025-04-06T06:34:57.906+0000] {local_task_job_runner.py:245} INFO - ::endgroup::
[2025-04-06T06:36:31.156+0000] {local_task_job_runner.py:123} INFO - ::group::Pre task execution logs
[2025-04-06T06:36:31.213+0000] {taskinstance.py:2614} INFO - Dependencies all met for dep_context=non-requeueable deps ti=<TaskInstance: print_hello2.print_hello_task scheduled__2025-04-05T01:00:00+00:00 [queued]>
[2025-04-06T06:36:31.249+0000] {taskinstance.py:2614} INFO - Dependencies all met for dep_context=requeueable deps ti=<TaskInstance: print_hello2.print_hello_task scheduled__2025-04-05T01:00:00+00:00 [queued]>
[2025-04-06T06:36:31.259+0000] {taskinstance.py:2867} INFO - Starting attempt 1 of 2
[2025-04-06T06:36:31.326+0000] {taskinstance.py:2890} INFO - Executing <Task(PythonOperator): print_hello_task> on 2025-04-05 01:00:00+00:00
[2025-04-06T06:36:31.346+0000] {warnings.py:112} WARNING - /home/***/.local/lib/python3.12/site-packages/***/task/task_runner/standard_task_runner.py:70: DeprecationWarning: This process (pid=2043) is multi-threaded, use of fork() may lead to deadlocks in the child.
  pid = os.fork()

[2025-04-06T06:36:31.353+0000] {standard_task_runner.py:72} INFO - Started process 2089 to run task
[2025-04-06T06:36:31.354+0000] {standard_task_runner.py:104} INFO - Running: ['***', 'tasks', 'run', 'print_hello2', 'print_hello_task', 'scheduled__2025-04-05T01:00:00+00:00', '--job-id', '397', '--raw', '--subdir', 'DAGS_FOLDER/print_hello.py', '--cfg-path', '/tmp/tmpgixgxbgv']
[2025-04-06T06:36:31.369+0000] {standard_task_runner.py:105} INFO - Job 397: Subtask print_hello_task
[2025-04-06T06:36:32.185+0000] {task_command.py:467} INFO - Running <TaskInstance: print_hello2.print_hello_task scheduled__2025-04-05T01:00:00+00:00 [running]> on host 5991717e768c
[2025-04-06T06:36:32.492+0000] {taskinstance.py:3134} INFO - Exporting env vars: AIRFLOW_CTX_DAG_OWNER='Esayed' AIRFLOW_CTX_DAG_ID='print_hello2' AIRFLOW_CTX_TASK_ID='print_hello_task' AIRFLOW_CTX_EXECUTION_DATE='2025-04-05T01:00:00+00:00' AIRFLOW_CTX_TRY_NUMBER='1' AIRFLOW_CTX_DAG_RUN_ID='scheduled__2025-04-05T01:00:00+00:00'
[2025-04-06T06:36:32.497+0000] {logging_mixin.py:190} INFO - Task instance is in running state
[2025-04-06T06:36:32.499+0000] {logging_mixin.py:190} INFO -  Previous state of the Task instance: queued
[2025-04-06T06:36:32.500+0000] {logging_mixin.py:190} INFO - Current task name:print_hello_task state:running start_date:2025-04-06 06:36:31.215353+00:00
[2025-04-06T06:36:32.502+0000] {logging_mixin.py:190} INFO - Dag name:print_hello2 and current dag run status:running
[2025-04-06T06:36:32.503+0000] {taskinstance.py:732} INFO - ::endgroup::
[2025-04-06T06:36:32.537+0000] {logging_mixin.py:190} INFO - hello
[2025-04-06T06:36:32.539+0000] {python.py:240} INFO - Done. Returned value was: None
[2025-04-06T06:36:32.570+0000] {taskinstance.py:341} INFO - ::group::Post task execution logs
[2025-04-06T06:36:32.574+0000] {taskinstance.py:353} INFO - Marking task as SUCCESS. dag_id=print_hello2, task_id=print_hello_task, run_id=scheduled__2025-04-05T01:00:00+00:00, execution_date=20250405T010000, start_date=20250406T063631, end_date=20250406T063632
[2025-04-06T06:36:32.703+0000] {logging_mixin.py:190} INFO - Task instance in success state
[2025-04-06T06:36:32.707+0000] {logging_mixin.py:190} INFO -  Previous state of the Task instance: running
[2025-04-06T06:36:32.709+0000] {logging_mixin.py:190} INFO - Dag name:print_hello2 queued_at:2025-04-06 06:36:24.880382+00:00
[2025-04-06T06:36:32.712+0000] {logging_mixin.py:190} INFO - Task hostname:5991717e768c operator:PythonOperator
[2025-04-06T06:36:32.805+0000] {local_task_job_runner.py:266} INFO - Task exited with return code 0
[2025-04-06T06:36:33.528+0000] {taskinstance.py:3901} INFO - 1 downstream tasks scheduled from follow-on schedule check
[2025-04-06T06:36:33.542+0000] {local_task_job_runner.py:245} INFO - ::endgroup::
