[2025-04-06T06:02:31.763+0000] {local_task_job_runner.py:123} INFO - ::group::Pre task execution logs
[2025-04-06T06:02:31.818+0000] {taskinstance.py:2614} INFO - Dependencies all met for dep_context=non-requeueable deps ti=<TaskInstance: print_hello.print_hello_task scheduled__2025-04-05T00:06:00+00:00 [queued]>
[2025-04-06T06:02:31.839+0000] {taskinstance.py:2614} INFO - Dependencies all met for dep_context=requeueable deps ti=<TaskInstance: print_hello.print_hello_task scheduled__2025-04-05T00:06:00+00:00 [queued]>
[2025-04-06T06:02:31.842+0000] {taskinstance.py:2867} INFO - Starting attempt 1 of 2
[2025-04-06T06:02:31.898+0000] {taskinstance.py:2890} INFO - Executing <Task(PythonOperator): print_hello_task> on 2025-04-05 00:06:00+00:00
[2025-04-06T06:02:31.930+0000] {warnings.py:112} WARNING - /home/***/.local/lib/python3.12/site-packages/***/task/task_runner/standard_task_runner.py:70: DeprecationWarning: This process (pid=125) is multi-threaded, use of fork() may lead to deadlocks in the child.
  pid = os.fork()

[2025-04-06T06:02:31.935+0000] {standard_task_runner.py:72} INFO - Started process 158 to run task
[2025-04-06T06:02:31.935+0000] {standard_task_runner.py:104} INFO - Running: ['***', 'tasks', 'run', 'print_hello', 'print_hello_task', 'scheduled__2025-04-05T00:06:00+00:00', '--job-id', '21', '--raw', '--subdir', 'DAGS_FOLDER/print_hello.py', '--cfg-path', '/tmp/tmpjo2ly5zd']
[2025-04-06T06:02:31.940+0000] {standard_task_runner.py:105} INFO - Job 21: Subtask print_hello_task
[2025-04-06T06:02:32.463+0000] {task_command.py:467} INFO - Running <TaskInstance: print_hello.print_hello_task scheduled__2025-04-05T00:06:00+00:00 [running]> on host 5991717e768c
[2025-04-06T06:02:34.541+0000] {taskinstance.py:3134} INFO - Exporting env vars: AIRFLOW_CTX_DAG_OWNER='Esayed' AIRFLOW_CTX_DAG_ID='print_hello' AIRFLOW_CTX_TASK_ID='print_hello_task' AIRFLOW_CTX_EXECUTION_DATE='2025-04-05T00:06:00+00:00' AIRFLOW_CTX_TRY_NUMBER='1' AIRFLOW_CTX_DAG_RUN_ID='scheduled__2025-04-05T00:06:00+00:00'
[2025-04-06T06:02:34.554+0000] {logging_mixin.py:190} INFO - Task instance is in running state
[2025-04-06T06:02:34.555+0000] {logging_mixin.py:190} INFO -  Previous state of the Task instance: queued
[2025-04-06T06:02:34.557+0000] {logging_mixin.py:190} INFO - Current task name:print_hello_task state:running start_date:2025-04-06 06:02:31.820256+00:00
[2025-04-06T06:02:34.561+0000] {logging_mixin.py:190} INFO - Dag name:print_hello and current dag run status:running
[2025-04-06T06:02:34.562+0000] {taskinstance.py:732} INFO - ::endgroup::
[2025-04-06T06:02:34.565+0000] {logging_mixin.py:190} INFO - hello
[2025-04-06T06:02:34.566+0000] {python.py:240} INFO - Done. Returned value was: None
[2025-04-06T06:02:39.003+0000] {taskinstance.py:341} INFO - ::group::Post task execution logs
[2025-04-06T06:02:39.005+0000] {taskinstance.py:353} INFO - Marking task as SUCCESS. dag_id=print_hello, task_id=print_hello_task, run_id=scheduled__2025-04-05T00:06:00+00:00, execution_date=20250405T000600, start_date=20250406T060231, end_date=20250406T060239
[2025-04-06T06:02:39.070+0000] {logging_mixin.py:190} INFO - Task instance in success state
[2025-04-06T06:02:39.072+0000] {logging_mixin.py:190} INFO -  Previous state of the Task instance: running
[2025-04-06T06:02:39.074+0000] {logging_mixin.py:190} INFO - Dag name:print_hello queued_at:2025-04-06 06:02:20.925538+00:00
[2025-04-06T06:02:39.075+0000] {logging_mixin.py:190} INFO - Task hostname:5991717e768c operator:PythonOperator
[2025-04-06T06:02:39.139+0000] {local_task_job_runner.py:266} INFO - Task exited with return code 0
[2025-04-06T06:02:39.202+0000] {taskinstance.py:3901} INFO - 1 downstream tasks scheduled from follow-on schedule check
[2025-04-06T06:02:39.210+0000] {local_task_job_runner.py:245} INFO - ::endgroup::
[2025-04-06T06:14:55.688+0000] {local_task_job_runner.py:123} INFO - ::group::Pre task execution logs
[2025-04-06T06:14:55.726+0000] {taskinstance.py:2614} INFO - Dependencies all met for dep_context=non-requeueable deps ti=<TaskInstance: print_hello.print_hello_task scheduled__2025-04-05T00:06:00+00:00 [queued]>
[2025-04-06T06:14:55.745+0000] {taskinstance.py:2614} INFO - Dependencies all met for dep_context=requeueable deps ti=<TaskInstance: print_hello.print_hello_task scheduled__2025-04-05T00:06:00+00:00 [queued]>
[2025-04-06T06:14:55.748+0000] {taskinstance.py:2867} INFO - Starting attempt 1 of 2
[2025-04-06T06:14:55.813+0000] {taskinstance.py:2890} INFO - Executing <Task(PythonOperator): print_hello_task> on 2025-04-05 00:06:00+00:00
[2025-04-06T06:14:55.840+0000] {warnings.py:112} WARNING - /home/***/.local/lib/python3.12/site-packages/***/task/task_runner/standard_task_runner.py:70: DeprecationWarning: This process (pid=877) is multi-threaded, use of fork() may lead to deadlocks in the child.
  pid = os.fork()

[2025-04-06T06:14:55.843+0000] {standard_task_runner.py:72} INFO - Started process 909 to run task
[2025-04-06T06:14:55.860+0000] {standard_task_runner.py:104} INFO - Running: ['***', 'tasks', 'run', 'print_hello', 'print_hello_task', 'scheduled__2025-04-05T00:06:00+00:00', '--job-id', '170', '--raw', '--subdir', 'DAGS_FOLDER/print_hello.py', '--cfg-path', '/tmp/tmp5asfl4fz']
[2025-04-06T06:14:55.875+0000] {standard_task_runner.py:105} INFO - Job 170: Subtask print_hello_task
[2025-04-06T06:14:56.584+0000] {task_command.py:467} INFO - Running <TaskInstance: print_hello.print_hello_task scheduled__2025-04-05T00:06:00+00:00 [running]> on host 5991717e768c
[2025-04-06T06:14:56.785+0000] {taskinstance.py:3134} INFO - Exporting env vars: AIRFLOW_CTX_DAG_OWNER='Esayed' AIRFLOW_CTX_DAG_ID='print_hello' AIRFLOW_CTX_TASK_ID='print_hello_task' AIRFLOW_CTX_EXECUTION_DATE='2025-04-05T00:06:00+00:00' AIRFLOW_CTX_TRY_NUMBER='1' AIRFLOW_CTX_DAG_RUN_ID='scheduled__2025-04-05T00:06:00+00:00'
[2025-04-06T06:14:56.788+0000] {logging_mixin.py:190} INFO - Task instance is in running state
[2025-04-06T06:14:56.789+0000] {logging_mixin.py:190} INFO -  Previous state of the Task instance: queued
[2025-04-06T06:14:56.791+0000] {logging_mixin.py:190} INFO - Current task name:print_hello_task state:running start_date:2025-04-06 06:14:55.728669+00:00
[2025-04-06T06:14:56.793+0000] {logging_mixin.py:190} INFO - Dag name:print_hello and current dag run status:running
[2025-04-06T06:14:56.795+0000] {taskinstance.py:732} INFO - ::endgroup::
[2025-04-06T06:14:56.797+0000] {logging_mixin.py:190} INFO - hello
[2025-04-06T06:14:56.798+0000] {python.py:240} INFO - Done. Returned value was: None
[2025-04-06T06:14:56.826+0000] {taskinstance.py:341} INFO - ::group::Post task execution logs
[2025-04-06T06:14:56.828+0000] {taskinstance.py:353} INFO - Marking task as SUCCESS. dag_id=print_hello, task_id=print_hello_task, run_id=scheduled__2025-04-05T00:06:00+00:00, execution_date=20250405T000600, start_date=20250406T061455, end_date=20250406T061456
[2025-04-06T06:14:56.903+0000] {logging_mixin.py:190} INFO - Task instance in success state
[2025-04-06T06:14:56.909+0000] {logging_mixin.py:190} INFO -  Previous state of the Task instance: running
[2025-04-06T06:14:56.920+0000] {logging_mixin.py:190} INFO - Dag name:print_hello queued_at:2025-04-06 06:14:52.222708+00:00
[2025-04-06T06:14:56.921+0000] {logging_mixin.py:190} INFO - Task hostname:5991717e768c operator:PythonOperator
[2025-04-06T06:14:56.974+0000] {local_task_job_runner.py:266} INFO - Task exited with return code 0
[2025-04-06T06:14:57.443+0000] {taskinstance.py:3901} INFO - 0 downstream tasks scheduled from follow-on schedule check
[2025-04-06T06:14:57.456+0000] {local_task_job_runner.py:245} INFO - ::endgroup::
