[2025-04-06T06:02:31.678+0000] {local_task_job_runner.py:123} INFO - ::group::Pre task execution logs
[2025-04-06T06:02:31.718+0000] {taskinstance.py:2614} INFO - Dependencies all met for dep_context=non-requeueable deps ti=<TaskInstance: print_hello.print_hello_task scheduled__2025-04-05T00:07:00+00:00 [queued]>
[2025-04-06T06:02:31.749+0000] {taskinstance.py:2614} INFO - Dependencies all met for dep_context=requeueable deps ti=<TaskInstance: print_hello.print_hello_task scheduled__2025-04-05T00:07:00+00:00 [queued]>
[2025-04-06T06:02:31.751+0000] {taskinstance.py:2867} INFO - Starting attempt 1 of 2
[2025-04-06T06:02:31.786+0000] {taskinstance.py:2890} INFO - Executing <Task(PythonOperator): print_hello_task> on 2025-04-05 00:07:00+00:00
[2025-04-06T06:02:31.805+0000] {warnings.py:112} WARNING - /home/***/.local/lib/python3.12/site-packages/***/task/task_runner/standard_task_runner.py:70: DeprecationWarning: This process (pid=127) is multi-threaded, use of fork() may lead to deadlocks in the child.
  pid = os.fork()

[2025-04-06T06:02:31.809+0000] {standard_task_runner.py:72} INFO - Started process 150 to run task
[2025-04-06T06:02:31.815+0000] {standard_task_runner.py:104} INFO - Running: ['***', 'tasks', 'run', 'print_hello', 'print_hello_task', 'scheduled__2025-04-05T00:07:00+00:00', '--job-id', '16', '--raw', '--subdir', 'DAGS_FOLDER/print_hello.py', '--cfg-path', '/tmp/tmpkzjk80k1']
[2025-04-06T06:02:31.817+0000] {standard_task_runner.py:105} INFO - Job 16: Subtask print_hello_task
[2025-04-06T06:02:32.031+0000] {task_command.py:467} INFO - Running <TaskInstance: print_hello.print_hello_task scheduled__2025-04-05T00:07:00+00:00 [running]> on host 5991717e768c
[2025-04-06T06:02:33.380+0000] {taskinstance.py:3134} INFO - Exporting env vars: AIRFLOW_CTX_DAG_OWNER='Esayed' AIRFLOW_CTX_DAG_ID='print_hello' AIRFLOW_CTX_TASK_ID='print_hello_task' AIRFLOW_CTX_EXECUTION_DATE='2025-04-05T00:07:00+00:00' AIRFLOW_CTX_TRY_NUMBER='1' AIRFLOW_CTX_DAG_RUN_ID='scheduled__2025-04-05T00:07:00+00:00'
[2025-04-06T06:02:33.394+0000] {logging_mixin.py:190} INFO - Task instance is in running state
[2025-04-06T06:02:33.396+0000] {logging_mixin.py:190} INFO -  Previous state of the Task instance: queued
[2025-04-06T06:02:33.481+0000] {logging_mixin.py:190} INFO - Current task name:print_hello_task state:running start_date:2025-04-06 06:02:31.719116+00:00
[2025-04-06T06:02:33.481+0000] {logging_mixin.py:190} INFO - Dag name:print_hello and current dag run status:running
[2025-04-06T06:02:33.485+0000] {taskinstance.py:732} INFO - ::endgroup::
[2025-04-06T06:02:33.486+0000] {logging_mixin.py:190} INFO - hello
[2025-04-06T06:02:33.488+0000] {python.py:240} INFO - Done. Returned value was: None
[2025-04-06T06:02:34.003+0000] {taskinstance.py:341} INFO - ::group::Post task execution logs
[2025-04-06T06:02:34.005+0000] {taskinstance.py:353} INFO - Marking task as SUCCESS. dag_id=print_hello, task_id=print_hello_task, run_id=scheduled__2025-04-05T00:07:00+00:00, execution_date=20250405T000700, start_date=20250406T060231, end_date=20250406T060234
[2025-04-06T06:02:38.908+0000] {logging_mixin.py:190} INFO - Task instance in success state
[2025-04-06T06:02:38.909+0000] {logging_mixin.py:190} INFO -  Previous state of the Task instance: running
[2025-04-06T06:02:38.910+0000] {logging_mixin.py:190} INFO - Dag name:print_hello queued_at:2025-04-06 06:02:21.124396+00:00
[2025-04-06T06:02:38.910+0000] {logging_mixin.py:190} INFO - Task hostname:5991717e768c operator:PythonOperator
[2025-04-06T06:02:38.976+0000] {local_task_job_runner.py:266} INFO - Task exited with return code 0
[2025-04-06T06:02:39.024+0000] {taskinstance.py:3901} INFO - 1 downstream tasks scheduled from follow-on schedule check
[2025-04-06T06:02:39.029+0000] {local_task_job_runner.py:245} INFO - ::endgroup::
[2025-04-06T06:14:56.047+0000] {local_task_job_runner.py:123} INFO - ::group::Pre task execution logs
[2025-04-06T06:14:56.099+0000] {taskinstance.py:2614} INFO - Dependencies all met for dep_context=non-requeueable deps ti=<TaskInstance: print_hello.print_hello_task scheduled__2025-04-05T00:07:00+00:00 [queued]>
[2025-04-06T06:14:56.128+0000] {taskinstance.py:2614} INFO - Dependencies all met for dep_context=requeueable deps ti=<TaskInstance: print_hello.print_hello_task scheduled__2025-04-05T00:07:00+00:00 [queued]>
[2025-04-06T06:14:56.129+0000] {taskinstance.py:2867} INFO - Starting attempt 1 of 2
[2025-04-06T06:14:56.199+0000] {taskinstance.py:2890} INFO - Executing <Task(PythonOperator): print_hello_task> on 2025-04-05 00:07:00+00:00
[2025-04-06T06:14:56.220+0000] {warnings.py:112} WARNING - /home/***/.local/lib/python3.12/site-packages/***/task/task_runner/standard_task_runner.py:70: DeprecationWarning: This process (pid=879) is multi-threaded, use of fork() may lead to deadlocks in the child.
  pid = os.fork()

[2025-04-06T06:14:56.225+0000] {standard_task_runner.py:72} INFO - Started process 912 to run task
[2025-04-06T06:14:56.232+0000] {standard_task_runner.py:104} INFO - Running: ['***', 'tasks', 'run', 'print_hello', 'print_hello_task', 'scheduled__2025-04-05T00:07:00+00:00', '--job-id', '171', '--raw', '--subdir', 'DAGS_FOLDER/print_hello.py', '--cfg-path', '/tmp/tmpr5bq96qp']
[2025-04-06T06:14:56.255+0000] {standard_task_runner.py:105} INFO - Job 171: Subtask print_hello_task
[2025-04-06T06:14:56.875+0000] {task_command.py:467} INFO - Running <TaskInstance: print_hello.print_hello_task scheduled__2025-04-05T00:07:00+00:00 [running]> on host 5991717e768c
[2025-04-06T06:14:57.064+0000] {taskinstance.py:3134} INFO - Exporting env vars: AIRFLOW_CTX_DAG_OWNER='Esayed' AIRFLOW_CTX_DAG_ID='print_hello' AIRFLOW_CTX_TASK_ID='print_hello_task' AIRFLOW_CTX_EXECUTION_DATE='2025-04-05T00:07:00+00:00' AIRFLOW_CTX_TRY_NUMBER='1' AIRFLOW_CTX_DAG_RUN_ID='scheduled__2025-04-05T00:07:00+00:00'
[2025-04-06T06:14:57.066+0000] {logging_mixin.py:190} INFO - Task instance is in running state
[2025-04-06T06:14:57.067+0000] {logging_mixin.py:190} INFO -  Previous state of the Task instance: queued
[2025-04-06T06:14:57.069+0000] {logging_mixin.py:190} INFO - Current task name:print_hello_task state:running start_date:2025-04-06 06:14:56.104104+00:00
[2025-04-06T06:14:57.070+0000] {logging_mixin.py:190} INFO - Dag name:print_hello and current dag run status:running
[2025-04-06T06:14:57.071+0000] {taskinstance.py:732} INFO - ::endgroup::
[2025-04-06T06:14:57.073+0000] {logging_mixin.py:190} INFO - hello
[2025-04-06T06:14:57.076+0000] {python.py:240} INFO - Done. Returned value was: None
[2025-04-06T06:14:57.104+0000] {taskinstance.py:341} INFO - ::group::Post task execution logs
[2025-04-06T06:14:57.116+0000] {taskinstance.py:353} INFO - Marking task as SUCCESS. dag_id=print_hello, task_id=print_hello_task, run_id=scheduled__2025-04-05T00:07:00+00:00, execution_date=20250405T000700, start_date=20250406T061456, end_date=20250406T061457
[2025-04-06T06:14:57.391+0000] {logging_mixin.py:190} INFO - Task instance in success state
[2025-04-06T06:14:57.392+0000] {logging_mixin.py:190} INFO -  Previous state of the Task instance: running
[2025-04-06T06:14:57.394+0000] {logging_mixin.py:190} INFO - Dag name:print_hello queued_at:2025-04-06 06:14:52.385592+00:00
[2025-04-06T06:14:57.396+0000] {logging_mixin.py:190} INFO - Task hostname:5991717e768c operator:PythonOperator
[2025-04-06T06:14:57.473+0000] {local_task_job_runner.py:266} INFO - Task exited with return code 0
[2025-04-06T06:14:58.052+0000] {taskinstance.py:3901} INFO - 1 downstream tasks scheduled from follow-on schedule check
[2025-04-06T06:14:58.063+0000] {local_task_job_runner.py:245} INFO - ::endgroup::
