[2025-04-06T06:03:06.932+0000] {local_task_job_runner.py:123} INFO - ::group::Pre task execution logs
[2025-04-06T06:03:06.968+0000] {taskinstance.py:2614} INFO - Dependencies all met for dep_context=non-requeueable deps ti=<TaskInstance: print_hello.save_to_csv_task scheduled__2025-04-05T00:18:00+00:00 [queued]>
[2025-04-06T06:03:06.990+0000] {taskinstance.py:2614} INFO - Dependencies all met for dep_context=requeueable deps ti=<TaskInstance: print_hello.save_to_csv_task scheduled__2025-04-05T00:18:00+00:00 [queued]>
[2025-04-06T06:03:06.991+0000] {taskinstance.py:2867} INFO - Starting attempt 1 of 2
[2025-04-06T06:03:07.236+0000] {taskinstance.py:2890} INFO - Executing <Task(PythonOperator): save_to_csv_task> on 2025-04-05 00:18:00+00:00
[2025-04-06T06:03:07.247+0000] {warnings.py:112} WARNING - /home/***/.local/lib/python3.12/site-packages/***/task/task_runner/standard_task_runner.py:70: DeprecationWarning: This process (pid=340) is multi-threaded, use of fork() may lead to deadlocks in the child.
  pid = os.fork()

[2025-04-06T06:03:07.249+0000] {standard_task_runner.py:72} INFO - Started process 370 to run task
[2025-04-06T06:03:07.248+0000] {standard_task_runner.py:104} INFO - Running: ['***', 'tasks', 'run', 'print_hello', 'save_to_csv_task', 'scheduled__2025-04-05T00:18:00+00:00', '--job-id', '76', '--raw', '--subdir', 'DAGS_FOLDER/print_hello.py', '--cfg-path', '/tmp/tmpp2h_4p_x']
[2025-04-06T06:03:07.250+0000] {standard_task_runner.py:105} INFO - Job 76: Subtask save_to_csv_task
[2025-04-06T06:03:07.307+0000] {task_command.py:467} INFO - Running <TaskInstance: print_hello.save_to_csv_task scheduled__2025-04-05T00:18:00+00:00 [running]> on host 5991717e768c
[2025-04-06T06:03:07.414+0000] {taskinstance.py:3134} INFO - Exporting env vars: AIRFLOW_CTX_DAG_OWNER='Esayed' AIRFLOW_CTX_DAG_ID='print_hello' AIRFLOW_CTX_TASK_ID='save_to_csv_task' AIRFLOW_CTX_EXECUTION_DATE='2025-04-05T00:18:00+00:00' AIRFLOW_CTX_TRY_NUMBER='1' AIRFLOW_CTX_DAG_RUN_ID='scheduled__2025-04-05T00:18:00+00:00'
[2025-04-06T06:03:07.416+0000] {logging_mixin.py:190} INFO - Task instance is in running state
[2025-04-06T06:03:07.417+0000] {logging_mixin.py:190} INFO -  Previous state of the Task instance: queued
[2025-04-06T06:03:07.418+0000] {logging_mixin.py:190} INFO - Current task name:save_to_csv_task state:running start_date:2025-04-06 06:03:06.969597+00:00
[2025-04-06T06:03:07.418+0000] {logging_mixin.py:190} INFO - Dag name:print_hello and current dag run status:running
[2025-04-06T06:03:07.419+0000] {taskinstance.py:732} INFO - ::endgroup::
[2025-04-06T06:03:07.431+0000] {python.py:240} INFO - Done. Returned value was: None
[2025-04-06T06:03:07.445+0000] {taskinstance.py:341} INFO - ::group::Post task execution logs
[2025-04-06T06:03:07.446+0000] {taskinstance.py:353} INFO - Marking task as SUCCESS. dag_id=print_hello, task_id=save_to_csv_task, run_id=scheduled__2025-04-05T00:18:00+00:00, execution_date=20250405T001800, start_date=20250406T060306, end_date=20250406T060307
[2025-04-06T06:03:07.479+0000] {logging_mixin.py:190} INFO - Task instance in success state
[2025-04-06T06:03:07.480+0000] {logging_mixin.py:190} INFO -  Previous state of the Task instance: running
[2025-04-06T06:03:07.480+0000] {logging_mixin.py:190} INFO - Dag name:print_hello queued_at:2025-04-06 06:02:54.816064+00:00
[2025-04-06T06:03:07.481+0000] {logging_mixin.py:190} INFO - Task hostname:5991717e768c operator:PythonOperator
[2025-04-06T06:03:07.505+0000] {local_task_job_runner.py:266} INFO - Task exited with return code 0
[2025-04-06T06:03:07.525+0000] {taskinstance.py:3901} INFO - 0 downstream tasks scheduled from follow-on schedule check
[2025-04-06T06:03:07.530+0000] {local_task_job_runner.py:245} INFO - ::endgroup::
[2025-04-06T06:15:21.381+0000] {local_task_job_runner.py:123} INFO - ::group::Pre task execution logs
[2025-04-06T06:15:21.435+0000] {taskinstance.py:2614} INFO - Dependencies all met for dep_context=non-requeueable deps ti=<TaskInstance: print_hello.save_to_csv_task scheduled__2025-04-05T00:18:00+00:00 [queued]>
[2025-04-06T06:15:21.459+0000] {taskinstance.py:2614} INFO - Dependencies all met for dep_context=requeueable deps ti=<TaskInstance: print_hello.save_to_csv_task scheduled__2025-04-05T00:18:00+00:00 [queued]>
[2025-04-06T06:15:21.460+0000] {taskinstance.py:2867} INFO - Starting attempt 1 of 2
[2025-04-06T06:15:21.501+0000] {taskinstance.py:2890} INFO - Executing <Task(PythonOperator): save_to_csv_task> on 2025-04-05 00:18:00+00:00
[2025-04-06T06:15:21.520+0000] {warnings.py:112} WARNING - /home/***/.local/lib/python3.12/site-packages/***/task/task_runner/standard_task_runner.py:70: DeprecationWarning: This process (pid=1056) is multi-threaded, use of fork() may lead to deadlocks in the child.
  pid = os.fork()

[2025-04-06T06:15:21.523+0000] {standard_task_runner.py:72} INFO - Started process 1100 to run task
[2025-04-06T06:15:21.537+0000] {standard_task_runner.py:104} INFO - Running: ['***', 'tasks', 'run', 'print_hello', 'save_to_csv_task', 'scheduled__2025-04-05T00:18:00+00:00', '--job-id', '218', '--raw', '--subdir', 'DAGS_FOLDER/print_hello.py', '--cfg-path', '/tmp/tmp591y_hrp']
[2025-04-06T06:15:21.539+0000] {standard_task_runner.py:105} INFO - Job 218: Subtask save_to_csv_task
[2025-04-06T06:15:22.067+0000] {task_command.py:467} INFO - Running <TaskInstance: print_hello.save_to_csv_task scheduled__2025-04-05T00:18:00+00:00 [running]> on host 5991717e768c
[2025-04-06T06:15:22.273+0000] {taskinstance.py:3134} INFO - Exporting env vars: AIRFLOW_CTX_DAG_OWNER='Esayed' AIRFLOW_CTX_DAG_ID='print_hello' AIRFLOW_CTX_TASK_ID='save_to_csv_task' AIRFLOW_CTX_EXECUTION_DATE='2025-04-05T00:18:00+00:00' AIRFLOW_CTX_TRY_NUMBER='1' AIRFLOW_CTX_DAG_RUN_ID='scheduled__2025-04-05T00:18:00+00:00'
[2025-04-06T06:15:22.279+0000] {logging_mixin.py:190} INFO - Task instance is in running state
[2025-04-06T06:15:22.283+0000] {logging_mixin.py:190} INFO -  Previous state of the Task instance: queued
[2025-04-06T06:15:22.284+0000] {logging_mixin.py:190} INFO - Current task name:save_to_csv_task state:running start_date:2025-04-06 06:15:21.436547+00:00
[2025-04-06T06:15:22.285+0000] {logging_mixin.py:190} INFO - Dag name:print_hello and current dag run status:running
[2025-04-06T06:15:22.286+0000] {taskinstance.py:732} INFO - ::endgroup::
[2025-04-06T06:15:22.304+0000] {python.py:240} INFO - Done. Returned value was: None
[2025-04-06T06:15:22.331+0000] {taskinstance.py:341} INFO - ::group::Post task execution logs
[2025-04-06T06:15:22.333+0000] {taskinstance.py:353} INFO - Marking task as SUCCESS. dag_id=print_hello, task_id=save_to_csv_task, run_id=scheduled__2025-04-05T00:18:00+00:00, execution_date=20250405T001800, start_date=20250406T061521, end_date=20250406T061522
[2025-04-06T06:15:22.429+0000] {logging_mixin.py:190} INFO - Task instance in success state
[2025-04-06T06:15:22.431+0000] {logging_mixin.py:190} INFO -  Previous state of the Task instance: running
[2025-04-06T06:15:22.432+0000] {logging_mixin.py:190} INFO - Dag name:print_hello queued_at:2025-04-06 06:15:10.941544+00:00
[2025-04-06T06:15:22.435+0000] {logging_mixin.py:190} INFO - Task hostname:5991717e768c operator:PythonOperator
[2025-04-06T06:15:22.517+0000] {local_task_job_runner.py:266} INFO - Task exited with return code 0
[2025-04-06T06:15:22.829+0000] {taskinstance.py:3901} INFO - 0 downstream tasks scheduled from follow-on schedule check
[2025-04-06T06:15:22.835+0000] {local_task_job_runner.py:245} INFO - ::endgroup::
