[2025-04-06T06:03:00.709+0000] {local_task_job_runner.py:123} INFO - ::group::Pre task execution logs
[2025-04-06T06:03:00.742+0000] {taskinstance.py:2614} INFO - Dependencies all met for dep_context=non-requeueable deps ti=<TaskInstance: print_hello.print_hello_task scheduled__2025-04-05T00:23:00+00:00 [queued]>
[2025-04-06T06:03:00.758+0000] {taskinstance.py:2614} INFO - Dependencies all met for dep_context=requeueable deps ti=<TaskInstance: print_hello.print_hello_task scheduled__2025-04-05T00:23:00+00:00 [queued]>
[2025-04-06T06:03:00.760+0000] {taskinstance.py:2867} INFO - Starting attempt 1 of 2
[2025-04-06T06:03:01.334+0000] {taskinstance.py:2890} INFO - Executing <Task(PythonOperator): print_hello_task> on 2025-04-05 00:23:00+00:00
[2025-04-06T06:03:01.353+0000] {warnings.py:112} WARNING - /home/***/.local/lib/python3.12/site-packages/***/task/task_runner/standard_task_runner.py:70: DeprecationWarning: This process (pid=265) is multi-threaded, use of fork() may lead to deadlocks in the child.
  pid = os.fork()

[2025-04-06T06:03:01.357+0000] {standard_task_runner.py:104} INFO - Running: ['***', 'tasks', 'run', 'print_hello', 'print_hello_task', 'scheduled__2025-04-05T00:23:00+00:00', '--job-id', '57', '--raw', '--subdir', 'DAGS_FOLDER/print_hello.py', '--cfg-path', '/tmp/tmp0dwru8nj']
[2025-04-06T06:03:01.362+0000] {standard_task_runner.py:72} INFO - Started process 308 to run task
[2025-04-06T06:03:01.362+0000] {standard_task_runner.py:105} INFO - Job 57: Subtask print_hello_task
[2025-04-06T06:03:01.463+0000] {task_command.py:467} INFO - Running <TaskInstance: print_hello.print_hello_task scheduled__2025-04-05T00:23:00+00:00 [running]> on host 5991717e768c
[2025-04-06T06:03:01.636+0000] {taskinstance.py:3134} INFO - Exporting env vars: AIRFLOW_CTX_DAG_OWNER='Esayed' AIRFLOW_CTX_DAG_ID='print_hello' AIRFLOW_CTX_TASK_ID='print_hello_task' AIRFLOW_CTX_EXECUTION_DATE='2025-04-05T00:23:00+00:00' AIRFLOW_CTX_TRY_NUMBER='1' AIRFLOW_CTX_DAG_RUN_ID='scheduled__2025-04-05T00:23:00+00:00'
[2025-04-06T06:03:01.638+0000] {logging_mixin.py:190} INFO - Task instance is in running state
[2025-04-06T06:03:01.639+0000] {logging_mixin.py:190} INFO -  Previous state of the Task instance: queued
[2025-04-06T06:03:01.641+0000] {logging_mixin.py:190} INFO - Current task name:print_hello_task state:running start_date:2025-04-06 06:03:00.742945+00:00
[2025-04-06T06:03:01.642+0000] {logging_mixin.py:190} INFO - Dag name:print_hello and current dag run status:running
[2025-04-06T06:03:01.643+0000] {taskinstance.py:732} INFO - ::endgroup::
[2025-04-06T06:03:01.646+0000] {logging_mixin.py:190} INFO - hello
[2025-04-06T06:03:01.648+0000] {python.py:240} INFO - Done. Returned value was: None
[2025-04-06T06:03:01.663+0000] {taskinstance.py:341} INFO - ::group::Post task execution logs
[2025-04-06T06:03:01.664+0000] {taskinstance.py:353} INFO - Marking task as SUCCESS. dag_id=print_hello, task_id=print_hello_task, run_id=scheduled__2025-04-05T00:23:00+00:00, execution_date=20250405T002300, start_date=20250406T060300, end_date=20250406T060301
[2025-04-06T06:03:01.712+0000] {logging_mixin.py:190} INFO - Task instance in success state
[2025-04-06T06:03:01.713+0000] {logging_mixin.py:190} INFO -  Previous state of the Task instance: running
[2025-04-06T06:03:01.714+0000] {logging_mixin.py:190} INFO - Dag name:print_hello queued_at:2025-04-06 06:02:55.774131+00:00
[2025-04-06T06:03:01.715+0000] {logging_mixin.py:190} INFO - Task hostname:5991717e768c operator:PythonOperator
[2025-04-06T06:03:01.785+0000] {local_task_job_runner.py:266} INFO - Task exited with return code 0
[2025-04-06T06:03:01.834+0000] {taskinstance.py:3901} INFO - 1 downstream tasks scheduled from follow-on schedule check
[2025-04-06T06:03:01.839+0000] {local_task_job_runner.py:245} INFO - ::endgroup::
[2025-04-06T06:15:15.569+0000] {local_task_job_runner.py:123} INFO - ::group::Pre task execution logs
[2025-04-06T06:15:15.647+0000] {taskinstance.py:2614} INFO - Dependencies all met for dep_context=non-requeueable deps ti=<TaskInstance: print_hello.print_hello_task scheduled__2025-04-05T00:23:00+00:00 [queued]>
[2025-04-06T06:15:15.679+0000] {taskinstance.py:2614} INFO - Dependencies all met for dep_context=requeueable deps ti=<TaskInstance: print_hello.print_hello_task scheduled__2025-04-05T00:23:00+00:00 [queued]>
[2025-04-06T06:15:15.680+0000] {taskinstance.py:2867} INFO - Starting attempt 1 of 2
[2025-04-06T06:15:16.140+0000] {taskinstance.py:2890} INFO - Executing <Task(PythonOperator): print_hello_task> on 2025-04-05 00:23:00+00:00
[2025-04-06T06:15:16.157+0000] {warnings.py:112} WARNING - /home/***/.local/lib/python3.12/site-packages/***/task/task_runner/standard_task_runner.py:70: DeprecationWarning: This process (pid=1014) is multi-threaded, use of fork() may lead to deadlocks in the child.
  pid = os.fork()

[2025-04-06T06:15:16.160+0000] {standard_task_runner.py:72} INFO - Started process 1050 to run task
[2025-04-06T06:15:16.160+0000] {standard_task_runner.py:104} INFO - Running: ['***', 'tasks', 'run', 'print_hello', 'print_hello_task', 'scheduled__2025-04-05T00:23:00+00:00', '--job-id', '203', '--raw', '--subdir', 'DAGS_FOLDER/print_hello.py', '--cfg-path', '/tmp/tmpnpacaht8']
[2025-04-06T06:15:16.163+0000] {standard_task_runner.py:105} INFO - Job 203: Subtask print_hello_task
[2025-04-06T06:15:16.259+0000] {task_command.py:467} INFO - Running <TaskInstance: print_hello.print_hello_task scheduled__2025-04-05T00:23:00+00:00 [running]> on host 5991717e768c
[2025-04-06T06:15:16.442+0000] {taskinstance.py:3134} INFO - Exporting env vars: AIRFLOW_CTX_DAG_OWNER='Esayed' AIRFLOW_CTX_DAG_ID='print_hello' AIRFLOW_CTX_TASK_ID='print_hello_task' AIRFLOW_CTX_EXECUTION_DATE='2025-04-05T00:23:00+00:00' AIRFLOW_CTX_TRY_NUMBER='1' AIRFLOW_CTX_DAG_RUN_ID='scheduled__2025-04-05T00:23:00+00:00'
[2025-04-06T06:15:16.444+0000] {logging_mixin.py:190} INFO - Task instance is in running state
[2025-04-06T06:15:16.445+0000] {logging_mixin.py:190} INFO -  Previous state of the Task instance: queued
[2025-04-06T06:15:16.446+0000] {logging_mixin.py:190} INFO - Current task name:print_hello_task state:running start_date:2025-04-06 06:15:15.650910+00:00
[2025-04-06T06:15:16.447+0000] {logging_mixin.py:190} INFO - Dag name:print_hello and current dag run status:running
[2025-04-06T06:15:16.448+0000] {taskinstance.py:732} INFO - ::endgroup::
[2025-04-06T06:15:16.450+0000] {logging_mixin.py:190} INFO - hello
[2025-04-06T06:15:16.451+0000] {python.py:240} INFO - Done. Returned value was: None
[2025-04-06T06:15:16.469+0000] {taskinstance.py:341} INFO - ::group::Post task execution logs
[2025-04-06T06:15:16.470+0000] {taskinstance.py:353} INFO - Marking task as SUCCESS. dag_id=print_hello, task_id=print_hello_task, run_id=scheduled__2025-04-05T00:23:00+00:00, execution_date=20250405T002300, start_date=20250406T061515, end_date=20250406T061516
[2025-04-06T06:15:16.527+0000] {logging_mixin.py:190} INFO - Task instance in success state
[2025-04-06T06:15:16.528+0000] {logging_mixin.py:190} INFO -  Previous state of the Task instance: running
[2025-04-06T06:15:16.530+0000] {logging_mixin.py:190} INFO - Dag name:print_hello queued_at:2025-04-06 06:15:11.768668+00:00
[2025-04-06T06:15:16.531+0000] {logging_mixin.py:190} INFO - Task hostname:5991717e768c operator:PythonOperator
[2025-04-06T06:15:16.586+0000] {local_task_job_runner.py:266} INFO - Task exited with return code 0
[2025-04-06T06:15:16.639+0000] {taskinstance.py:3901} INFO - 1 downstream tasks scheduled from follow-on schedule check
[2025-04-06T06:15:16.645+0000] {local_task_job_runner.py:245} INFO - ::endgroup::
