[2025-04-06T06:03:01.388+0000] {local_task_job_runner.py:123} INFO - ::group::Pre task execution logs
[2025-04-06T06:03:01.416+0000] {taskinstance.py:2614} INFO - Dependencies all met for dep_context=non-requeueable deps ti=<TaskInstance: print_hello.print_hello_task scheduled__2025-04-05T00:28:00+00:00 [queued]>
[2025-04-06T06:03:01.433+0000] {taskinstance.py:2614} INFO - Dependencies all met for dep_context=requeueable deps ti=<TaskInstance: print_hello.print_hello_task scheduled__2025-04-05T00:28:00+00:00 [queued]>
[2025-04-06T06:03:01.435+0000] {taskinstance.py:2867} INFO - Starting attempt 1 of 2
[2025-04-06T06:03:01.782+0000] {taskinstance.py:2890} INFO - Executing <Task(PythonOperator): print_hello_task> on 2025-04-05 00:28:00+00:00
[2025-04-06T06:03:01.797+0000] {warnings.py:112} WARNING - /home/***/.local/lib/python3.12/site-packages/***/task/task_runner/standard_task_runner.py:70: DeprecationWarning: This process (pid=276) is multi-threaded, use of fork() may lead to deadlocks in the child.
  pid = os.fork()

[2025-04-06T06:03:01.801+0000] {standard_task_runner.py:72} INFO - Started process 316 to run task
[2025-04-06T06:03:01.801+0000] {standard_task_runner.py:104} INFO - Running: ['***', 'tasks', 'run', 'print_hello', 'print_hello_task', 'scheduled__2025-04-05T00:28:00+00:00', '--job-id', '59', '--raw', '--subdir', 'DAGS_FOLDER/print_hello.py', '--cfg-path', '/tmp/tmpgxzs3br1']
[2025-04-06T06:03:01.803+0000] {standard_task_runner.py:105} INFO - Job 59: Subtask print_hello_task
[2025-04-06T06:03:01.891+0000] {task_command.py:467} INFO - Running <TaskInstance: print_hello.print_hello_task scheduled__2025-04-05T00:28:00+00:00 [running]> on host 5991717e768c
[2025-04-06T06:03:02.062+0000] {taskinstance.py:3134} INFO - Exporting env vars: AIRFLOW_CTX_DAG_OWNER='Esayed' AIRFLOW_CTX_DAG_ID='print_hello' AIRFLOW_CTX_TASK_ID='print_hello_task' AIRFLOW_CTX_EXECUTION_DATE='2025-04-05T00:28:00+00:00' AIRFLOW_CTX_TRY_NUMBER='1' AIRFLOW_CTX_DAG_RUN_ID='scheduled__2025-04-05T00:28:00+00:00'
[2025-04-06T06:03:02.065+0000] {logging_mixin.py:190} INFO - Task instance is in running state
[2025-04-06T06:03:02.066+0000] {logging_mixin.py:190} INFO -  Previous state of the Task instance: queued
[2025-04-06T06:03:02.067+0000] {logging_mixin.py:190} INFO - Current task name:print_hello_task state:running start_date:2025-04-06 06:03:01.417506+00:00
[2025-04-06T06:03:02.068+0000] {logging_mixin.py:190} INFO - Dag name:print_hello and current dag run status:running
[2025-04-06T06:03:02.070+0000] {taskinstance.py:732} INFO - ::endgroup::
[2025-04-06T06:03:02.072+0000] {logging_mixin.py:190} INFO - hello
[2025-04-06T06:03:02.073+0000] {python.py:240} INFO - Done. Returned value was: None
[2025-04-06T06:03:02.091+0000] {taskinstance.py:341} INFO - ::group::Post task execution logs
[2025-04-06T06:03:02.092+0000] {taskinstance.py:353} INFO - Marking task as SUCCESS. dag_id=print_hello, task_id=print_hello_task, run_id=scheduled__2025-04-05T00:28:00+00:00, execution_date=20250405T002800, start_date=20250406T060301, end_date=20250406T060302
[2025-04-06T06:03:02.140+0000] {logging_mixin.py:190} INFO - Task instance in success state
[2025-04-06T06:03:02.141+0000] {logging_mixin.py:190} INFO -  Previous state of the Task instance: running
[2025-04-06T06:03:02.142+0000] {logging_mixin.py:190} INFO - Dag name:print_hello queued_at:2025-04-06 06:02:57.097246+00:00
[2025-04-06T06:03:02.143+0000] {logging_mixin.py:190} INFO - Task hostname:5991717e768c operator:PythonOperator
[2025-04-06T06:03:02.185+0000] {local_task_job_runner.py:266} INFO - Task exited with return code 0
[2025-04-06T06:03:02.208+0000] {local_task_job_runner.py:245} INFO - ::endgroup::
[2025-04-06T06:15:17.466+0000] {local_task_job_runner.py:123} INFO - ::group::Pre task execution logs
[2025-04-06T06:15:17.498+0000] {taskinstance.py:2614} INFO - Dependencies all met for dep_context=non-requeueable deps ti=<TaskInstance: print_hello.print_hello_task scheduled__2025-04-05T00:28:00+00:00 [queued]>
[2025-04-06T06:15:17.516+0000] {taskinstance.py:2614} INFO - Dependencies all met for dep_context=requeueable deps ti=<TaskInstance: print_hello.print_hello_task scheduled__2025-04-05T00:28:00+00:00 [queued]>
[2025-04-06T06:15:17.518+0000] {taskinstance.py:2867} INFO - Starting attempt 1 of 2
[2025-04-06T06:15:18.001+0000] {taskinstance.py:2890} INFO - Executing <Task(PythonOperator): print_hello_task> on 2025-04-05 00:28:00+00:00
[2025-04-06T06:15:18.019+0000] {warnings.py:112} WARNING - /home/***/.local/lib/python3.12/site-packages/***/task/task_runner/standard_task_runner.py:70: DeprecationWarning: This process (pid=1024) is multi-threaded, use of fork() may lead to deadlocks in the child.
  pid = os.fork()

[2025-04-06T06:15:18.022+0000] {standard_task_runner.py:72} INFO - Started process 1076 to run task
[2025-04-06T06:15:18.022+0000] {standard_task_runner.py:104} INFO - Running: ['***', 'tasks', 'run', 'print_hello', 'print_hello_task', 'scheduled__2025-04-05T00:28:00+00:00', '--job-id', '208', '--raw', '--subdir', 'DAGS_FOLDER/print_hello.py', '--cfg-path', '/tmp/tmpffunu059']
[2025-04-06T06:15:18.029+0000] {standard_task_runner.py:105} INFO - Job 208: Subtask print_hello_task
[2025-04-06T06:15:18.157+0000] {task_command.py:467} INFO - Running <TaskInstance: print_hello.print_hello_task scheduled__2025-04-05T00:28:00+00:00 [running]> on host 5991717e768c
[2025-04-06T06:15:18.408+0000] {taskinstance.py:3134} INFO - Exporting env vars: AIRFLOW_CTX_DAG_OWNER='Esayed' AIRFLOW_CTX_DAG_ID='print_hello' AIRFLOW_CTX_TASK_ID='print_hello_task' AIRFLOW_CTX_EXECUTION_DATE='2025-04-05T00:28:00+00:00' AIRFLOW_CTX_TRY_NUMBER='1' AIRFLOW_CTX_DAG_RUN_ID='scheduled__2025-04-05T00:28:00+00:00'
[2025-04-06T06:15:18.414+0000] {logging_mixin.py:190} INFO - Task instance is in running state
[2025-04-06T06:15:18.425+0000] {logging_mixin.py:190} INFO -  Previous state of the Task instance: queued
[2025-04-06T06:15:18.426+0000] {logging_mixin.py:190} INFO - Current task name:print_hello_task state:running start_date:2025-04-06 06:15:17.499569+00:00
[2025-04-06T06:15:18.427+0000] {logging_mixin.py:190} INFO - Dag name:print_hello and current dag run status:running
[2025-04-06T06:15:18.428+0000] {taskinstance.py:732} INFO - ::endgroup::
[2025-04-06T06:15:18.430+0000] {logging_mixin.py:190} INFO - hello
[2025-04-06T06:15:18.432+0000] {python.py:240} INFO - Done. Returned value was: None
[2025-04-06T06:15:18.455+0000] {taskinstance.py:341} INFO - ::group::Post task execution logs
[2025-04-06T06:15:18.458+0000] {taskinstance.py:353} INFO - Marking task as SUCCESS. dag_id=print_hello, task_id=print_hello_task, run_id=scheduled__2025-04-05T00:28:00+00:00, execution_date=20250405T002800, start_date=20250406T061517, end_date=20250406T061518
[2025-04-06T06:15:18.550+0000] {logging_mixin.py:190} INFO - Task instance in success state
[2025-04-06T06:15:18.558+0000] {logging_mixin.py:190} INFO -  Previous state of the Task instance: running
[2025-04-06T06:15:18.559+0000] {logging_mixin.py:190} INFO - Dag name:print_hello queued_at:2025-04-06 06:15:13.311353+00:00
[2025-04-06T06:15:18.561+0000] {logging_mixin.py:190} INFO - Task hostname:5991717e768c operator:PythonOperator
[2025-04-06T06:15:18.623+0000] {local_task_job_runner.py:266} INFO - Task exited with return code 0
[2025-04-06T06:15:18.644+0000] {local_task_job_runner.py:245} INFO - ::endgroup::
