[2025-04-06T06:03:07.272+0000] {local_task_job_runner.py:123} INFO - ::group::Pre task execution logs
[2025-04-06T06:03:07.298+0000] {taskinstance.py:2614} INFO - Dependencies all met for dep_context=non-requeueable deps ti=<TaskInstance: print_hello.save_to_csv_task scheduled__2025-04-05T00:31:00+00:00 [queued]>
[2025-04-06T06:03:07.313+0000] {taskinstance.py:2614} INFO - Dependencies all met for dep_context=requeueable deps ti=<TaskInstance: print_hello.save_to_csv_task scheduled__2025-04-05T00:31:00+00:00 [queued]>
[2025-04-06T06:03:07.314+0000] {taskinstance.py:2867} INFO - Starting attempt 1 of 2
[2025-04-06T06:03:07.513+0000] {taskinstance.py:2890} INFO - Executing <Task(PythonOperator): save_to_csv_task> on 2025-04-05 00:31:00+00:00
[2025-04-06T06:03:07.525+0000] {warnings.py:112} WARNING - /home/***/.local/lib/python3.12/site-packages/***/task/task_runner/standard_task_runner.py:70: DeprecationWarning: This process (pid=344) is multi-threaded, use of fork() may lead to deadlocks in the child.
  pid = os.fork()

[2025-04-06T06:03:07.527+0000] {standard_task_runner.py:72} INFO - Started process 374 to run task
[2025-04-06T06:03:07.527+0000] {standard_task_runner.py:104} INFO - Running: ['***', 'tasks', 'run', 'print_hello', 'save_to_csv_task', 'scheduled__2025-04-05T00:31:00+00:00', '--job-id', '78', '--raw', '--subdir', 'DAGS_FOLDER/print_hello.py', '--cfg-path', '/tmp/tmpfuaphkov']
[2025-04-06T06:03:07.528+0000] {standard_task_runner.py:105} INFO - Job 78: Subtask save_to_csv_task
[2025-04-06T06:03:07.585+0000] {task_command.py:467} INFO - Running <TaskInstance: print_hello.save_to_csv_task scheduled__2025-04-05T00:31:00+00:00 [running]> on host 5991717e768c
[2025-04-06T06:03:07.687+0000] {taskinstance.py:3134} INFO - Exporting env vars: AIRFLOW_CTX_DAG_OWNER='Esayed' AIRFLOW_CTX_DAG_ID='print_hello' AIRFLOW_CTX_TASK_ID='save_to_csv_task' AIRFLOW_CTX_EXECUTION_DATE='2025-04-05T00:31:00+00:00' AIRFLOW_CTX_TRY_NUMBER='1' AIRFLOW_CTX_DAG_RUN_ID='scheduled__2025-04-05T00:31:00+00:00'
[2025-04-06T06:03:07.689+0000] {logging_mixin.py:190} INFO - Task instance is in running state
[2025-04-06T06:03:07.690+0000] {logging_mixin.py:190} INFO -  Previous state of the Task instance: queued
[2025-04-06T06:03:07.690+0000] {logging_mixin.py:190} INFO - Current task name:save_to_csv_task state:running start_date:2025-04-06 06:03:07.298829+00:00
[2025-04-06T06:03:07.691+0000] {logging_mixin.py:190} INFO - Dag name:print_hello and current dag run status:running
[2025-04-06T06:03:07.692+0000] {taskinstance.py:732} INFO - ::endgroup::
[2025-04-06T06:03:07.700+0000] {python.py:240} INFO - Done. Returned value was: None
[2025-04-06T06:03:07.713+0000] {taskinstance.py:341} INFO - ::group::Post task execution logs
[2025-04-06T06:03:07.714+0000] {taskinstance.py:353} INFO - Marking task as SUCCESS. dag_id=print_hello, task_id=save_to_csv_task, run_id=scheduled__2025-04-05T00:31:00+00:00, execution_date=20250405T003100, start_date=20250406T060307, end_date=20250406T060307
[2025-04-06T06:03:07.743+0000] {logging_mixin.py:190} INFO - Task instance in success state
[2025-04-06T06:03:07.744+0000] {logging_mixin.py:190} INFO -  Previous state of the Task instance: running
[2025-04-06T06:03:07.745+0000] {logging_mixin.py:190} INFO - Dag name:print_hello queued_at:2025-04-06 06:02:58.275648+00:00
[2025-04-06T06:03:07.746+0000] {logging_mixin.py:190} INFO - Task hostname:5991717e768c operator:PythonOperator
[2025-04-06T06:03:07.783+0000] {local_task_job_runner.py:266} INFO - Task exited with return code 0
[2025-04-06T06:03:07.804+0000] {taskinstance.py:3901} INFO - 0 downstream tasks scheduled from follow-on schedule check
[2025-04-06T06:03:07.808+0000] {local_task_job_runner.py:245} INFO - ::endgroup::
[2025-04-06T06:15:23.728+0000] {local_task_job_runner.py:123} INFO - ::group::Pre task execution logs
[2025-04-06T06:15:23.755+0000] {taskinstance.py:2614} INFO - Dependencies all met for dep_context=non-requeueable deps ti=<TaskInstance: print_hello.save_to_csv_task scheduled__2025-04-05T00:31:00+00:00 [queued]>
[2025-04-06T06:15:23.770+0000] {taskinstance.py:2614} INFO - Dependencies all met for dep_context=requeueable deps ti=<TaskInstance: print_hello.save_to_csv_task scheduled__2025-04-05T00:31:00+00:00 [queued]>
[2025-04-06T06:15:23.770+0000] {taskinstance.py:2867} INFO - Starting attempt 1 of 2
[2025-04-06T06:15:23.947+0000] {taskinstance.py:2890} INFO - Executing <Task(PythonOperator): save_to_csv_task> on 2025-04-05 00:31:00+00:00
[2025-04-06T06:15:23.956+0000] {warnings.py:112} WARNING - /home/***/.local/lib/python3.12/site-packages/***/task/task_runner/standard_task_runner.py:70: DeprecationWarning: This process (pid=1098) is multi-threaded, use of fork() may lead to deadlocks in the child.
  pid = os.fork()

[2025-04-06T06:15:23.959+0000] {standard_task_runner.py:72} INFO - Started process 1126 to run task
[2025-04-06T06:15:23.958+0000] {standard_task_runner.py:104} INFO - Running: ['***', 'tasks', 'run', 'print_hello', 'save_to_csv_task', 'scheduled__2025-04-05T00:31:00+00:00', '--job-id', '227', '--raw', '--subdir', 'DAGS_FOLDER/print_hello.py', '--cfg-path', '/tmp/tmpe6sir1rk']
[2025-04-06T06:15:23.959+0000] {standard_task_runner.py:105} INFO - Job 227: Subtask save_to_csv_task
[2025-04-06T06:15:24.016+0000] {task_command.py:467} INFO - Running <TaskInstance: print_hello.save_to_csv_task scheduled__2025-04-05T00:31:00+00:00 [running]> on host 5991717e768c
[2025-04-06T06:15:24.114+0000] {taskinstance.py:3134} INFO - Exporting env vars: AIRFLOW_CTX_DAG_OWNER='Esayed' AIRFLOW_CTX_DAG_ID='print_hello' AIRFLOW_CTX_TASK_ID='save_to_csv_task' AIRFLOW_CTX_EXECUTION_DATE='2025-04-05T00:31:00+00:00' AIRFLOW_CTX_TRY_NUMBER='1' AIRFLOW_CTX_DAG_RUN_ID='scheduled__2025-04-05T00:31:00+00:00'
[2025-04-06T06:15:24.115+0000] {logging_mixin.py:190} INFO - Task instance is in running state
[2025-04-06T06:15:24.116+0000] {logging_mixin.py:190} INFO -  Previous state of the Task instance: queued
[2025-04-06T06:15:24.117+0000] {logging_mixin.py:190} INFO - Current task name:save_to_csv_task state:running start_date:2025-04-06 06:15:23.755933+00:00
[2025-04-06T06:15:24.118+0000] {logging_mixin.py:190} INFO - Dag name:print_hello and current dag run status:running
[2025-04-06T06:15:24.119+0000] {taskinstance.py:732} INFO - ::endgroup::
[2025-04-06T06:15:24.129+0000] {python.py:240} INFO - Done. Returned value was: None
[2025-04-06T06:15:24.140+0000] {taskinstance.py:341} INFO - ::group::Post task execution logs
[2025-04-06T06:15:24.140+0000] {taskinstance.py:353} INFO - Marking task as SUCCESS. dag_id=print_hello, task_id=save_to_csv_task, run_id=scheduled__2025-04-05T00:31:00+00:00, execution_date=20250405T003100, start_date=20250406T061523, end_date=20250406T061524
[2025-04-06T06:15:24.169+0000] {logging_mixin.py:190} INFO - Task instance in success state
[2025-04-06T06:15:24.170+0000] {logging_mixin.py:190} INFO -  Previous state of the Task instance: running
[2025-04-06T06:15:24.172+0000] {logging_mixin.py:190} INFO - Dag name:print_hello queued_at:2025-04-06 06:15:14.639240+00:00
[2025-04-06T06:15:24.173+0000] {logging_mixin.py:190} INFO - Task hostname:5991717e768c operator:PythonOperator
[2025-04-06T06:15:24.214+0000] {local_task_job_runner.py:266} INFO - Task exited with return code 0
[2025-04-06T06:15:24.235+0000] {taskinstance.py:3901} INFO - 0 downstream tasks scheduled from follow-on schedule check
[2025-04-06T06:15:24.239+0000] {local_task_job_runner.py:245} INFO - ::endgroup::
