[2025-04-06T06:02:59.324+0000] {local_task_job_runner.py:123} INFO - ::group::Pre task execution logs
[2025-04-06T06:02:59.367+0000] {taskinstance.py:2614} INFO - Dependencies all met for dep_context=non-requeueable deps ti=<TaskInstance: print_hello.print_hello_task scheduled__2025-04-05T00:20:00+00:00 [queued]>
[2025-04-06T06:02:59.429+0000] {taskinstance.py:2614} INFO - Dependencies all met for dep_context=requeueable deps ti=<TaskInstance: print_hello.print_hello_task scheduled__2025-04-05T00:20:00+00:00 [queued]>
[2025-04-06T06:02:59.432+0000] {taskinstance.py:2867} INFO - Starting attempt 1 of 2
[2025-04-06T06:02:59.850+0000] {taskinstance.py:2890} INFO - Executing <Task(PythonOperator): print_hello_task> on 2025-04-05 00:20:00+00:00
[2025-04-06T06:02:59.867+0000] {warnings.py:112} WARNING - /home/***/.local/lib/python3.12/site-packages/***/task/task_runner/standard_task_runner.py:70: DeprecationWarning: This process (pid=258) is multi-threaded, use of fork() may lead to deadlocks in the child.
  pid = os.fork()

[2025-04-06T06:02:59.873+0000] {standard_task_runner.py:104} INFO - Running: ['***', 'tasks', 'run', 'print_hello', 'print_hello_task', 'scheduled__2025-04-05T00:20:00+00:00', '--job-id', '50', '--raw', '--subdir', 'DAGS_FOLDER/print_hello.py', '--cfg-path', '/tmp/tmp_zgpn4xr']
[2025-04-06T06:02:59.879+0000] {standard_task_runner.py:105} INFO - Job 50: Subtask print_hello_task
[2025-04-06T06:02:59.878+0000] {standard_task_runner.py:72} INFO - Started process 288 to run task
[2025-04-06T06:03:00.011+0000] {task_command.py:467} INFO - Running <TaskInstance: print_hello.print_hello_task scheduled__2025-04-05T00:20:00+00:00 [running]> on host 5991717e768c
[2025-04-06T06:03:00.243+0000] {taskinstance.py:3134} INFO - Exporting env vars: AIRFLOW_CTX_DAG_OWNER='Esayed' AIRFLOW_CTX_DAG_ID='print_hello' AIRFLOW_CTX_TASK_ID='print_hello_task' AIRFLOW_CTX_EXECUTION_DATE='2025-04-05T00:20:00+00:00' AIRFLOW_CTX_TRY_NUMBER='1' AIRFLOW_CTX_DAG_RUN_ID='scheduled__2025-04-05T00:20:00+00:00'
[2025-04-06T06:03:00.247+0000] {logging_mixin.py:190} INFO - Task instance is in running state
[2025-04-06T06:03:00.248+0000] {logging_mixin.py:190} INFO -  Previous state of the Task instance: queued
[2025-04-06T06:03:00.250+0000] {logging_mixin.py:190} INFO - Current task name:print_hello_task state:running start_date:2025-04-06 06:02:59.368230+00:00
[2025-04-06T06:03:00.251+0000] {logging_mixin.py:190} INFO - Dag name:print_hello and current dag run status:running
[2025-04-06T06:03:00.253+0000] {taskinstance.py:732} INFO - ::endgroup::
[2025-04-06T06:03:00.255+0000] {logging_mixin.py:190} INFO - hello
[2025-04-06T06:03:00.256+0000] {python.py:240} INFO - Done. Returned value was: None
[2025-04-06T06:03:00.295+0000] {taskinstance.py:341} INFO - ::group::Post task execution logs
[2025-04-06T06:03:00.296+0000] {taskinstance.py:353} INFO - Marking task as SUCCESS. dag_id=print_hello, task_id=print_hello_task, run_id=scheduled__2025-04-05T00:20:00+00:00, execution_date=20250405T002000, start_date=20250406T060259, end_date=20250406T060300
[2025-04-06T06:03:00.362+0000] {logging_mixin.py:190} INFO - Task instance in success state
[2025-04-06T06:03:00.364+0000] {logging_mixin.py:190} INFO -  Previous state of the Task instance: running
[2025-04-06T06:03:00.365+0000] {logging_mixin.py:190} INFO - Dag name:print_hello queued_at:2025-04-06 06:02:55.185904+00:00
[2025-04-06T06:03:00.367+0000] {logging_mixin.py:190} INFO - Task hostname:5991717e768c operator:PythonOperator
[2025-04-06T06:03:00.400+0000] {local_task_job_runner.py:266} INFO - Task exited with return code 0
[2025-04-06T06:03:00.474+0000] {taskinstance.py:3901} INFO - 1 downstream tasks scheduled from follow-on schedule check
[2025-04-06T06:03:00.491+0000] {local_task_job_runner.py:245} INFO - ::endgroup::
[2025-04-06T06:15:14.444+0000] {local_task_job_runner.py:123} INFO - ::group::Pre task execution logs
[2025-04-06T06:15:14.492+0000] {taskinstance.py:2614} INFO - Dependencies all met for dep_context=non-requeueable deps ti=<TaskInstance: print_hello.print_hello_task scheduled__2025-04-05T00:20:00+00:00 [queued]>
[2025-04-06T06:15:14.510+0000] {taskinstance.py:2614} INFO - Dependencies all met for dep_context=requeueable deps ti=<TaskInstance: print_hello.print_hello_task scheduled__2025-04-05T00:20:00+00:00 [queued]>
[2025-04-06T06:15:14.511+0000] {taskinstance.py:2867} INFO - Starting attempt 1 of 2
[2025-04-06T06:15:14.958+0000] {taskinstance.py:2890} INFO - Executing <Task(PythonOperator): print_hello_task> on 2025-04-05 00:20:00+00:00
[2025-04-06T06:15:14.972+0000] {warnings.py:112} WARNING - /home/***/.local/lib/python3.12/site-packages/***/task/task_runner/standard_task_runner.py:70: DeprecationWarning: This process (pid=1008) is multi-threaded, use of fork() may lead to deadlocks in the child.
  pid = os.fork()

[2025-04-06T06:15:14.975+0000] {standard_task_runner.py:72} INFO - Started process 1038 to run task
[2025-04-06T06:15:14.976+0000] {standard_task_runner.py:104} INFO - Running: ['***', 'tasks', 'run', 'print_hello', 'print_hello_task', 'scheduled__2025-04-05T00:20:00+00:00', '--job-id', '200', '--raw', '--subdir', 'DAGS_FOLDER/print_hello.py', '--cfg-path', '/tmp/tmpl_7tywyn']
[2025-04-06T06:15:14.981+0000] {standard_task_runner.py:105} INFO - Job 200: Subtask print_hello_task
[2025-04-06T06:15:15.200+0000] {task_command.py:467} INFO - Running <TaskInstance: print_hello.print_hello_task scheduled__2025-04-05T00:20:00+00:00 [running]> on host 5991717e768c
[2025-04-06T06:15:15.506+0000] {taskinstance.py:3134} INFO - Exporting env vars: AIRFLOW_CTX_DAG_OWNER='Esayed' AIRFLOW_CTX_DAG_ID='print_hello' AIRFLOW_CTX_TASK_ID='print_hello_task' AIRFLOW_CTX_EXECUTION_DATE='2025-04-05T00:20:00+00:00' AIRFLOW_CTX_TRY_NUMBER='1' AIRFLOW_CTX_DAG_RUN_ID='scheduled__2025-04-05T00:20:00+00:00'
[2025-04-06T06:15:15.508+0000] {logging_mixin.py:190} INFO - Task instance is in running state
[2025-04-06T06:15:15.510+0000] {logging_mixin.py:190} INFO -  Previous state of the Task instance: queued
[2025-04-06T06:15:15.511+0000] {logging_mixin.py:190} INFO - Current task name:print_hello_task state:running start_date:2025-04-06 06:15:14.493708+00:00
[2025-04-06T06:15:15.512+0000] {logging_mixin.py:190} INFO - Dag name:print_hello and current dag run status:running
[2025-04-06T06:15:15.513+0000] {taskinstance.py:732} INFO - ::endgroup::
[2025-04-06T06:15:15.515+0000] {logging_mixin.py:190} INFO - hello
[2025-04-06T06:15:15.516+0000] {python.py:240} INFO - Done. Returned value was: None
[2025-04-06T06:15:15.551+0000] {taskinstance.py:341} INFO - ::group::Post task execution logs
[2025-04-06T06:15:15.554+0000] {taskinstance.py:353} INFO - Marking task as SUCCESS. dag_id=print_hello, task_id=print_hello_task, run_id=scheduled__2025-04-05T00:20:00+00:00, execution_date=20250405T002000, start_date=20250406T061514, end_date=20250406T061515
[2025-04-06T06:15:15.635+0000] {logging_mixin.py:190} INFO - Task instance in success state
[2025-04-06T06:15:15.637+0000] {logging_mixin.py:190} INFO -  Previous state of the Task instance: running
[2025-04-06T06:15:15.638+0000] {logging_mixin.py:190} INFO - Dag name:print_hello queued_at:2025-04-06 06:15:11.192896+00:00
[2025-04-06T06:15:15.641+0000] {logging_mixin.py:190} INFO - Task hostname:5991717e768c operator:PythonOperator
[2025-04-06T06:15:15.703+0000] {local_task_job_runner.py:266} INFO - Task exited with return code 0
[2025-04-06T06:15:15.773+0000] {taskinstance.py:3901} INFO - 1 downstream tasks scheduled from follow-on schedule check
[2025-04-06T06:15:15.783+0000] {local_task_job_runner.py:245} INFO - ::endgroup::
