[2025-04-06T06:33:16.419+0000] {local_task_job_runner.py:123} INFO - ::group::Pre task execution logs
[2025-04-06T06:33:16.476+0000] {taskinstance.py:2614} INFO - Dependencies all met for dep_context=non-requeueable deps ti=<TaskInstance: print_hello2.print_hello_task scheduled__2025-04-05T00:35:00+00:00 [queued]>
[2025-04-06T06:33:16.494+0000] {taskinstance.py:2614} INFO - Dependencies all met for dep_context=requeueable deps ti=<TaskInstance: print_hello2.print_hello_task scheduled__2025-04-05T00:35:00+00:00 [queued]>
[2025-04-06T06:33:16.794+0000] {taskinstance.py:2867} INFO - Starting attempt 1 of 2
[2025-04-06T06:33:17.427+0000] {taskinstance.py:2890} INFO - Executing <Task(PythonOperator): print_hello_task> on 2025-04-05 00:35:00+00:00
[2025-04-06T06:33:17.910+0000] {standard_task_runner.py:104} INFO - Running: ['***', 'tasks', 'run', 'print_hello2', 'print_hello_task', 'scheduled__2025-04-05T00:35:00+00:00', '--job-id', '298', '--raw', '--subdir', 'DAGS_FOLDER/print_hello.py', '--cfg-path', '/tmp/tmpgb8y3x5k']
[2025-04-06T06:33:17.911+0000] {standard_task_runner.py:105} INFO - Job 298: Subtask print_hello_task
[2025-04-06T06:33:17.909+0000] {warnings.py:112} WARNING - /home/***/.local/lib/python3.12/site-packages/***/task/task_runner/standard_task_runner.py:70: DeprecationWarning: This process (pid=1614) is multi-threaded, use of fork() may lead to deadlocks in the child.
  pid = os.fork()

[2025-04-06T06:33:17.920+0000] {standard_task_runner.py:72} INFO - Started process 1637 to run task
[2025-04-06T06:33:52.272+0000] {task_command.py:467} INFO - Running <TaskInstance: print_hello2.print_hello_task scheduled__2025-04-05T00:35:00+00:00 [running]> on host 5991717e768c
[2025-04-06T06:33:52.775+0000] {job.py:229} INFO - Heartbeat recovered after 38.98 seconds
[2025-04-06T06:33:53.348+0000] {taskinstance.py:3134} INFO - Exporting env vars: AIRFLOW_CTX_DAG_OWNER='Esayed' AIRFLOW_CTX_DAG_ID='print_hello2' AIRFLOW_CTX_TASK_ID='print_hello_task' AIRFLOW_CTX_EXECUTION_DATE='2025-04-05T00:35:00+00:00' AIRFLOW_CTX_TRY_NUMBER='1' AIRFLOW_CTX_DAG_RUN_ID='scheduled__2025-04-05T00:35:00+00:00'
[2025-04-06T06:33:53.355+0000] {logging_mixin.py:190} INFO - Task instance is in running state
[2025-04-06T06:33:53.366+0000] {logging_mixin.py:190} INFO -  Previous state of the Task instance: queued
[2025-04-06T06:33:53.372+0000] {logging_mixin.py:190} INFO - Current task name:print_hello_task state:running start_date:2025-04-06 06:33:16.478240+00:00
[2025-04-06T06:33:53.380+0000] {logging_mixin.py:190} INFO - Dag name:print_hello2 and current dag run status:running
[2025-04-06T06:33:53.381+0000] {taskinstance.py:732} INFO - ::endgroup::
[2025-04-06T06:33:53.382+0000] {logging_mixin.py:190} INFO - hello
[2025-04-06T06:33:53.383+0000] {python.py:240} INFO - Done. Returned value was: None
[2025-04-06T06:33:53.453+0000] {taskinstance.py:341} INFO - ::group::Post task execution logs
[2025-04-06T06:33:53.472+0000] {taskinstance.py:353} INFO - Marking task as SUCCESS. dag_id=print_hello2, task_id=print_hello_task, run_id=scheduled__2025-04-05T00:35:00+00:00, execution_date=20250405T003500, start_date=20250406T063316, end_date=20250406T063353
[2025-04-06T06:33:53.653+0000] {logging_mixin.py:190} INFO - Task instance in success state
[2025-04-06T06:33:53.661+0000] {logging_mixin.py:190} INFO -  Previous state of the Task instance: running
[2025-04-06T06:33:53.662+0000] {logging_mixin.py:190} INFO - Dag name:print_hello2 queued_at:2025-04-06 06:32:25.248142+00:00
[2025-04-06T06:33:53.664+0000] {logging_mixin.py:190} INFO - Task hostname:5991717e768c operator:PythonOperator
[2025-04-06T06:33:53.782+0000] {local_task_job_runner.py:266} INFO - Task exited with return code 0
[2025-04-06T06:33:53.854+0000] {local_task_job_runner.py:245} INFO - ::endgroup::
[2025-04-06T06:34:51.946+0000] {local_task_job_runner.py:123} INFO - ::group::Pre task execution logs
[2025-04-06T06:34:52.003+0000] {taskinstance.py:2614} INFO - Dependencies all met for dep_context=non-requeueable deps ti=<TaskInstance: print_hello2.print_hello_task scheduled__2025-04-05T00:35:00+00:00 [queued]>
[2025-04-06T06:34:52.031+0000] {taskinstance.py:2614} INFO - Dependencies all met for dep_context=requeueable deps ti=<TaskInstance: print_hello2.print_hello_task scheduled__2025-04-05T00:35:00+00:00 [queued]>
[2025-04-06T06:34:52.033+0000] {taskinstance.py:2867} INFO - Starting attempt 1 of 2
[2025-04-06T06:34:52.471+0000] {taskinstance.py:2890} INFO - Executing <Task(PythonOperator): print_hello_task> on 2025-04-05 00:35:00+00:00
[2025-04-06T06:34:52.490+0000] {warnings.py:112} WARNING - /home/***/.local/lib/python3.12/site-packages/***/task/task_runner/standard_task_runner.py:70: DeprecationWarning: This process (pid=1736) is multi-threaded, use of fork() may lead to deadlocks in the child.
  pid = os.fork()

[2025-04-06T06:34:52.494+0000] {standard_task_runner.py:72} INFO - Started process 1772 to run task
[2025-04-06T06:34:52.499+0000] {standard_task_runner.py:104} INFO - Running: ['***', 'tasks', 'run', 'print_hello2', 'print_hello_task', 'scheduled__2025-04-05T00:35:00+00:00', '--job-id', '323', '--raw', '--subdir', 'DAGS_FOLDER/print_hello.py', '--cfg-path', '/tmp/tmpmxdmydh1']
[2025-04-06T06:34:52.503+0000] {standard_task_runner.py:105} INFO - Job 323: Subtask print_hello_task
[2025-04-06T06:34:53.307+0000] {task_command.py:467} INFO - Running <TaskInstance: print_hello2.print_hello_task scheduled__2025-04-05T00:35:00+00:00 [running]> on host 5991717e768c
[2025-04-06T06:34:53.597+0000] {taskinstance.py:3134} INFO - Exporting env vars: AIRFLOW_CTX_DAG_OWNER='Esayed' AIRFLOW_CTX_DAG_ID='print_hello2' AIRFLOW_CTX_TASK_ID='print_hello_task' AIRFLOW_CTX_EXECUTION_DATE='2025-04-05T00:35:00+00:00' AIRFLOW_CTX_TRY_NUMBER='1' AIRFLOW_CTX_DAG_RUN_ID='scheduled__2025-04-05T00:35:00+00:00'
[2025-04-06T06:34:53.600+0000] {logging_mixin.py:190} INFO - Task instance is in running state
[2025-04-06T06:34:53.602+0000] {logging_mixin.py:190} INFO -  Previous state of the Task instance: queued
[2025-04-06T06:34:53.605+0000] {logging_mixin.py:190} INFO - Current task name:print_hello_task state:running start_date:2025-04-06 06:34:52.005753+00:00
[2025-04-06T06:34:53.610+0000] {logging_mixin.py:190} INFO - Dag name:print_hello2 and current dag run status:running
[2025-04-06T06:34:53.629+0000] {taskinstance.py:732} INFO - ::endgroup::
[2025-04-06T06:34:53.631+0000] {logging_mixin.py:190} INFO - hello
[2025-04-06T06:34:53.632+0000] {python.py:240} INFO - Done. Returned value was: None
[2025-04-06T06:34:53.655+0000] {taskinstance.py:341} INFO - ::group::Post task execution logs
[2025-04-06T06:34:53.656+0000] {taskinstance.py:353} INFO - Marking task as SUCCESS. dag_id=print_hello2, task_id=print_hello_task, run_id=scheduled__2025-04-05T00:35:00+00:00, execution_date=20250405T003500, start_date=20250406T063452, end_date=20250406T063453
[2025-04-06T06:34:53.774+0000] {logging_mixin.py:190} INFO - Task instance in success state
[2025-04-06T06:34:53.776+0000] {logging_mixin.py:190} INFO -  Previous state of the Task instance: running
[2025-04-06T06:34:53.781+0000] {logging_mixin.py:190} INFO - Dag name:print_hello2 queued_at:2025-04-06 06:34:47.648030+00:00
[2025-04-06T06:34:53.782+0000] {logging_mixin.py:190} INFO - Task hostname:5991717e768c operator:PythonOperator
[2025-04-06T06:34:53.993+0000] {local_task_job_runner.py:266} INFO - Task exited with return code 0
[2025-04-06T06:34:54.417+0000] {local_task_job_runner.py:245} INFO - ::endgroup::
[2025-04-06T06:36:28.494+0000] {local_task_job_runner.py:123} INFO - ::group::Pre task execution logs
[2025-04-06T06:36:28.551+0000] {taskinstance.py:2614} INFO - Dependencies all met for dep_context=non-requeueable deps ti=<TaskInstance: print_hello2.print_hello_task scheduled__2025-04-05T00:35:00+00:00 [queued]>
[2025-04-06T06:36:28.586+0000] {taskinstance.py:2614} INFO - Dependencies all met for dep_context=requeueable deps ti=<TaskInstance: print_hello2.print_hello_task scheduled__2025-04-05T00:35:00+00:00 [queued]>
[2025-04-06T06:36:28.594+0000] {taskinstance.py:2867} INFO - Starting attempt 1 of 2
[2025-04-06T06:36:29.096+0000] {taskinstance.py:2890} INFO - Executing <Task(PythonOperator): print_hello_task> on 2025-04-05 00:35:00+00:00
[2025-04-06T06:36:29.125+0000] {warnings.py:112} WARNING - /home/***/.local/lib/python3.12/site-packages/***/task/task_runner/standard_task_runner.py:70: DeprecationWarning: This process (pid=2033) is multi-threaded, use of fork() may lead to deadlocks in the child.
  pid = os.fork()

[2025-04-06T06:36:29.140+0000] {standard_task_runner.py:72} INFO - Started process 2071 to run task
[2025-04-06T06:36:29.136+0000] {standard_task_runner.py:104} INFO - Running: ['***', 'tasks', 'run', 'print_hello2', 'print_hello_task', 'scheduled__2025-04-05T00:35:00+00:00', '--job-id', '392', '--raw', '--subdir', 'DAGS_FOLDER/print_hello.py', '--cfg-path', '/tmp/tmp3owzfhfr']
[2025-04-06T06:36:29.149+0000] {standard_task_runner.py:105} INFO - Job 392: Subtask print_hello_task
[2025-04-06T06:36:29.956+0000] {task_command.py:467} INFO - Running <TaskInstance: print_hello2.print_hello_task scheduled__2025-04-05T00:35:00+00:00 [running]> on host 5991717e768c
[2025-04-06T06:36:30.229+0000] {taskinstance.py:3134} INFO - Exporting env vars: AIRFLOW_CTX_DAG_OWNER='Esayed' AIRFLOW_CTX_DAG_ID='print_hello2' AIRFLOW_CTX_TASK_ID='print_hello_task' AIRFLOW_CTX_EXECUTION_DATE='2025-04-05T00:35:00+00:00' AIRFLOW_CTX_TRY_NUMBER='1' AIRFLOW_CTX_DAG_RUN_ID='scheduled__2025-04-05T00:35:00+00:00'
[2025-04-06T06:36:30.231+0000] {logging_mixin.py:190} INFO - Task instance is in running state
[2025-04-06T06:36:30.232+0000] {logging_mixin.py:190} INFO -  Previous state of the Task instance: queued
[2025-04-06T06:36:30.233+0000] {logging_mixin.py:190} INFO - Current task name:print_hello_task state:running start_date:2025-04-06 06:36:28.557512+00:00
[2025-04-06T06:36:30.238+0000] {logging_mixin.py:190} INFO - Dag name:print_hello2 and current dag run status:running
[2025-04-06T06:36:30.240+0000] {taskinstance.py:732} INFO - ::endgroup::
[2025-04-06T06:36:30.243+0000] {logging_mixin.py:190} INFO - hello
[2025-04-06T06:36:30.245+0000] {python.py:240} INFO - Done. Returned value was: None
[2025-04-06T06:36:30.315+0000] {taskinstance.py:341} INFO - ::group::Post task execution logs
[2025-04-06T06:36:30.316+0000] {taskinstance.py:353} INFO - Marking task as SUCCESS. dag_id=print_hello2, task_id=print_hello_task, run_id=scheduled__2025-04-05T00:35:00+00:00, execution_date=20250405T003500, start_date=20250406T063628, end_date=20250406T063630
[2025-04-06T06:36:30.659+0000] {logging_mixin.py:190} INFO - Task instance in success state
[2025-04-06T06:36:30.665+0000] {logging_mixin.py:190} INFO -  Previous state of the Task instance: running
[2025-04-06T06:36:30.668+0000] {logging_mixin.py:190} INFO - Dag name:print_hello2 queued_at:2025-04-06 06:36:23.046538+00:00
[2025-04-06T06:36:30.677+0000] {logging_mixin.py:190} INFO - Task hostname:5991717e768c operator:PythonOperator
[2025-04-06T06:36:30.760+0000] {local_task_job_runner.py:266} INFO - Task exited with return code 0
[2025-04-06T06:36:31.411+0000] {taskinstance.py:3901} INFO - 0 downstream tasks scheduled from follow-on schedule check
[2025-04-06T06:36:31.441+0000] {local_task_job_runner.py:245} INFO - ::endgroup::
