[2025-04-06T06:03:15.357+0000] {local_task_job_runner.py:123} INFO - ::group::Pre task execution logs
[2025-04-06T06:03:15.415+0000] {taskinstance.py:2614} INFO - Dependencies all met for dep_context=non-requeueable deps ti=<TaskInstance: print_hello.print_hello_task scheduled__2025-04-05T00:34:00+00:00 [queued]>
[2025-04-06T06:03:15.459+0000] {taskinstance.py:2614} INFO - Dependencies all met for dep_context=requeueable deps ti=<TaskInstance: print_hello.print_hello_task scheduled__2025-04-05T00:34:00+00:00 [queued]>
[2025-04-06T06:03:15.460+0000] {taskinstance.py:2867} INFO - Starting attempt 1 of 2
[2025-04-06T06:03:15.527+0000] {taskinstance.py:2890} INFO - Executing <Task(PythonOperator): print_hello_task> on 2025-04-05 00:34:00+00:00
[2025-04-06T06:03:15.571+0000] {warnings.py:112} WARNING - /home/***/.local/lib/python3.12/site-packages/***/task/task_runner/standard_task_runner.py:70: DeprecationWarning: This process (pid=380) is multi-threaded, use of fork() may lead to deadlocks in the child.
  pid = os.fork()

[2025-04-06T06:03:15.577+0000] {standard_task_runner.py:72} INFO - Started process 406 to run task
[2025-04-06T06:03:15.581+0000] {standard_task_runner.py:104} INFO - Running: ['***', 'tasks', 'run', 'print_hello', 'print_hello_task', 'scheduled__2025-04-05T00:34:00+00:00', '--job-id', '81', '--raw', '--subdir', 'DAGS_FOLDER/print_hello.py', '--cfg-path', '/tmp/tmpea2br4f0']
[2025-04-06T06:03:15.587+0000] {standard_task_runner.py:105} INFO - Job 81: Subtask print_hello_task
[2025-04-06T06:03:15.724+0000] {task_command.py:467} INFO - Running <TaskInstance: print_hello.print_hello_task scheduled__2025-04-05T00:34:00+00:00 [running]> on host 5991717e768c
[2025-04-06T06:03:16.629+0000] {taskinstance.py:3134} INFO - Exporting env vars: AIRFLOW_CTX_DAG_OWNER='Esayed' AIRFLOW_CTX_DAG_ID='print_hello' AIRFLOW_CTX_TASK_ID='print_hello_task' AIRFLOW_CTX_EXECUTION_DATE='2025-04-05T00:34:00+00:00' AIRFLOW_CTX_TRY_NUMBER='1' AIRFLOW_CTX_DAG_RUN_ID='scheduled__2025-04-05T00:34:00+00:00'
[2025-04-06T06:03:16.638+0000] {logging_mixin.py:190} INFO - Task instance is in running state
[2025-04-06T06:03:16.639+0000] {logging_mixin.py:190} INFO -  Previous state of the Task instance: queued
[2025-04-06T06:03:16.645+0000] {logging_mixin.py:190} INFO - Current task name:print_hello_task state:running start_date:2025-04-06 06:03:15.421640+00:00
[2025-04-06T06:03:16.646+0000] {logging_mixin.py:190} INFO - Dag name:print_hello and current dag run status:running
[2025-04-06T06:03:16.647+0000] {taskinstance.py:732} INFO - ::endgroup::
[2025-04-06T06:03:16.648+0000] {logging_mixin.py:190} INFO - hello
[2025-04-06T06:03:16.649+0000] {python.py:240} INFO - Done. Returned value was: None
[2025-04-06T06:03:16.670+0000] {taskinstance.py:341} INFO - ::group::Post task execution logs
[2025-04-06T06:03:16.672+0000] {taskinstance.py:353} INFO - Marking task as SUCCESS. dag_id=print_hello, task_id=print_hello_task, run_id=scheduled__2025-04-05T00:34:00+00:00, execution_date=20250405T003400, start_date=20250406T060315, end_date=20250406T060316
[2025-04-06T06:03:16.750+0000] {logging_mixin.py:190} INFO - Task instance in success state
[2025-04-06T06:03:16.756+0000] {logging_mixin.py:190} INFO -  Previous state of the Task instance: running
[2025-04-06T06:03:16.759+0000] {logging_mixin.py:190} INFO - Dag name:print_hello queued_at:2025-04-06 06:03:11.935016+00:00
[2025-04-06T06:03:16.760+0000] {logging_mixin.py:190} INFO - Task hostname:5991717e768c operator:PythonOperator
[2025-04-06T06:03:16.862+0000] {local_task_job_runner.py:266} INFO - Task exited with return code 0
[2025-04-06T06:03:16.889+0000] {local_task_job_runner.py:245} INFO - ::endgroup::
[2025-04-06T06:15:29.683+0000] {local_task_job_runner.py:123} INFO - ::group::Pre task execution logs
[2025-04-06T06:15:29.726+0000] {taskinstance.py:2614} INFO - Dependencies all met for dep_context=non-requeueable deps ti=<TaskInstance: print_hello.print_hello_task scheduled__2025-04-05T00:34:00+00:00 [queued]>
[2025-04-06T06:15:29.752+0000] {taskinstance.py:2614} INFO - Dependencies all met for dep_context=requeueable deps ti=<TaskInstance: print_hello.print_hello_task scheduled__2025-04-05T00:34:00+00:00 [queued]>
[2025-04-06T06:15:29.755+0000] {taskinstance.py:2867} INFO - Starting attempt 1 of 2
[2025-04-06T06:15:29.958+0000] {taskinstance.py:2890} INFO - Executing <Task(PythonOperator): print_hello_task> on 2025-04-05 00:34:00+00:00
[2025-04-06T06:15:29.990+0000] {warnings.py:112} WARNING - /home/***/.local/lib/python3.12/site-packages/***/task/task_runner/standard_task_runner.py:70: DeprecationWarning: This process (pid=1132) is multi-threaded, use of fork() may lead to deadlocks in the child.
  pid = os.fork()

[2025-04-06T06:15:29.993+0000] {standard_task_runner.py:72} INFO - Started process 1158 to run task
[2025-04-06T06:15:30.002+0000] {standard_task_runner.py:104} INFO - Running: ['***', 'tasks', 'run', 'print_hello', 'print_hello_task', 'scheduled__2025-04-05T00:34:00+00:00', '--job-id', '230', '--raw', '--subdir', 'DAGS_FOLDER/print_hello.py', '--cfg-path', '/tmp/tmpfnkvbsnn']
[2025-04-06T06:15:30.007+0000] {standard_task_runner.py:105} INFO - Job 230: Subtask print_hello_task
[2025-04-06T06:15:30.212+0000] {task_command.py:467} INFO - Running <TaskInstance: print_hello.print_hello_task scheduled__2025-04-05T00:34:00+00:00 [running]> on host 5991717e768c
[2025-04-06T06:15:31.324+0000] {taskinstance.py:3134} INFO - Exporting env vars: AIRFLOW_CTX_DAG_OWNER='Esayed' AIRFLOW_CTX_DAG_ID='print_hello' AIRFLOW_CTX_TASK_ID='print_hello_task' AIRFLOW_CTX_EXECUTION_DATE='2025-04-05T00:34:00+00:00' AIRFLOW_CTX_TRY_NUMBER='1' AIRFLOW_CTX_DAG_RUN_ID='scheduled__2025-04-05T00:34:00+00:00'
[2025-04-06T06:15:31.332+0000] {logging_mixin.py:190} INFO - Task instance is in running state
[2025-04-06T06:15:31.343+0000] {logging_mixin.py:190} INFO -  Previous state of the Task instance: queued
[2025-04-06T06:15:31.348+0000] {logging_mixin.py:190} INFO - Current task name:print_hello_task state:running start_date:2025-04-06 06:15:29.730084+00:00
[2025-04-06T06:15:31.350+0000] {logging_mixin.py:190} INFO - Dag name:print_hello and current dag run status:running
[2025-04-06T06:15:31.358+0000] {taskinstance.py:732} INFO - ::endgroup::
[2025-04-06T06:15:31.366+0000] {logging_mixin.py:190} INFO - hello
[2025-04-06T06:15:31.368+0000] {python.py:240} INFO - Done. Returned value was: None
[2025-04-06T06:15:31.407+0000] {taskinstance.py:341} INFO - ::group::Post task execution logs
[2025-04-06T06:15:31.415+0000] {taskinstance.py:353} INFO - Marking task as SUCCESS. dag_id=print_hello, task_id=print_hello_task, run_id=scheduled__2025-04-05T00:34:00+00:00, execution_date=20250405T003400, start_date=20250406T061529, end_date=20250406T061531
[2025-04-06T06:15:31.567+0000] {logging_mixin.py:190} INFO - Task instance in success state
[2025-04-06T06:15:31.575+0000] {logging_mixin.py:190} INFO -  Previous state of the Task instance: running
[2025-04-06T06:15:31.580+0000] {logging_mixin.py:190} INFO - Dag name:print_hello queued_at:2025-04-06 06:15:26.546652+00:00
[2025-04-06T06:15:31.585+0000] {logging_mixin.py:190} INFO - Task hostname:5991717e768c operator:PythonOperator
[2025-04-06T06:15:31.731+0000] {local_task_job_runner.py:266} INFO - Task exited with return code 0
[2025-04-06T06:15:31.807+0000] {local_task_job_runner.py:245} INFO - ::endgroup::
