[2025-04-06T06:03:00.454+0000] {local_task_job_runner.py:123} INFO - ::group::Pre task execution logs
[2025-04-06T06:03:00.501+0000] {taskinstance.py:2614} INFO - Dependencies all met for dep_context=non-requeueable deps ti=<TaskInstance: print_hello.print_hello_task scheduled__2025-04-05T00:24:00+00:00 [queued]>
[2025-04-06T06:03:00.520+0000] {taskinstance.py:2614} INFO - Dependencies all met for dep_context=requeueable deps ti=<TaskInstance: print_hello.print_hello_task scheduled__2025-04-05T00:24:00+00:00 [queued]>
[2025-04-06T06:03:00.521+0000] {taskinstance.py:2867} INFO - Starting attempt 1 of 2
[2025-04-06T06:03:00.948+0000] {taskinstance.py:2890} INFO - Executing <Task(PythonOperator): print_hello_task> on 2025-04-05 00:24:00+00:00
[2025-04-06T06:03:00.969+0000] {warnings.py:112} WARNING - /home/***/.local/lib/python3.12/site-packages/***/task/task_runner/standard_task_runner.py:70: DeprecationWarning: This process (pid=267) is multi-threaded, use of fork() may lead to deadlocks in the child.
  pid = os.fork()

[2025-04-06T06:03:00.972+0000] {standard_task_runner.py:72} INFO - Started process 302 to run task
[2025-04-06T06:03:00.972+0000] {standard_task_runner.py:104} INFO - Running: ['***', 'tasks', 'run', 'print_hello', 'print_hello_task', 'scheduled__2025-04-05T00:24:00+00:00', '--job-id', '56', '--raw', '--subdir', 'DAGS_FOLDER/print_hello.py', '--cfg-path', '/tmp/tmp87h6xdww']
[2025-04-06T06:03:00.976+0000] {standard_task_runner.py:105} INFO - Job 56: Subtask print_hello_task
[2025-04-06T06:03:01.088+0000] {task_command.py:467} INFO - Running <TaskInstance: print_hello.print_hello_task scheduled__2025-04-05T00:24:00+00:00 [running]> on host 5991717e768c
[2025-04-06T06:03:01.257+0000] {taskinstance.py:3134} INFO - Exporting env vars: AIRFLOW_CTX_DAG_OWNER='Esayed' AIRFLOW_CTX_DAG_ID='print_hello' AIRFLOW_CTX_TASK_ID='print_hello_task' AIRFLOW_CTX_EXECUTION_DATE='2025-04-05T00:24:00+00:00' AIRFLOW_CTX_TRY_NUMBER='1' AIRFLOW_CTX_DAG_RUN_ID='scheduled__2025-04-05T00:24:00+00:00'
[2025-04-06T06:03:01.259+0000] {logging_mixin.py:190} INFO - Task instance is in running state
[2025-04-06T06:03:01.260+0000] {logging_mixin.py:190} INFO -  Previous state of the Task instance: queued
[2025-04-06T06:03:01.261+0000] {logging_mixin.py:190} INFO - Current task name:print_hello_task state:running start_date:2025-04-06 06:03:00.502432+00:00
[2025-04-06T06:03:01.262+0000] {logging_mixin.py:190} INFO - Dag name:print_hello and current dag run status:running
[2025-04-06T06:03:01.263+0000] {taskinstance.py:732} INFO - ::endgroup::
[2025-04-06T06:03:01.265+0000] {logging_mixin.py:190} INFO - hello
[2025-04-06T06:03:01.266+0000] {python.py:240} INFO - Done. Returned value was: None
[2025-04-06T06:03:01.284+0000] {taskinstance.py:341} INFO - ::group::Post task execution logs
[2025-04-06T06:03:01.286+0000] {taskinstance.py:353} INFO - Marking task as SUCCESS. dag_id=print_hello, task_id=print_hello_task, run_id=scheduled__2025-04-05T00:24:00+00:00, execution_date=20250405T002400, start_date=20250406T060300, end_date=20250406T060301
[2025-04-06T06:03:01.333+0000] {logging_mixin.py:190} INFO - Task instance in success state
[2025-04-06T06:03:01.337+0000] {logging_mixin.py:190} INFO -  Previous state of the Task instance: running
[2025-04-06T06:03:01.339+0000] {logging_mixin.py:190} INFO - Dag name:print_hello queued_at:2025-04-06 06:02:56.007318+00:00
[2025-04-06T06:03:01.341+0000] {logging_mixin.py:190} INFO - Task hostname:5991717e768c operator:PythonOperator
[2025-04-06T06:03:01.412+0000] {local_task_job_runner.py:266} INFO - Task exited with return code 0
[2025-04-06T06:03:01.462+0000] {taskinstance.py:3901} INFO - 1 downstream tasks scheduled from follow-on schedule check
[2025-04-06T06:03:01.470+0000] {local_task_job_runner.py:245} INFO - ::endgroup::
[2025-04-06T06:15:15.907+0000] {local_task_job_runner.py:123} INFO - ::group::Pre task execution logs
[2025-04-06T06:15:15.942+0000] {taskinstance.py:2614} INFO - Dependencies all met for dep_context=non-requeueable deps ti=<TaskInstance: print_hello.print_hello_task scheduled__2025-04-05T00:24:00+00:00 [queued]>
[2025-04-06T06:15:15.966+0000] {taskinstance.py:2614} INFO - Dependencies all met for dep_context=requeueable deps ti=<TaskInstance: print_hello.print_hello_task scheduled__2025-04-05T00:24:00+00:00 [queued]>
[2025-04-06T06:15:15.967+0000] {taskinstance.py:2867} INFO - Starting attempt 1 of 2
[2025-04-06T06:15:16.377+0000] {taskinstance.py:2890} INFO - Executing <Task(PythonOperator): print_hello_task> on 2025-04-05 00:24:00+00:00
[2025-04-06T06:15:16.398+0000] {warnings.py:112} WARNING - /home/***/.local/lib/python3.12/site-packages/***/task/task_runner/standard_task_runner.py:70: DeprecationWarning: This process (pid=1016) is multi-threaded, use of fork() may lead to deadlocks in the child.
  pid = os.fork()

[2025-04-06T06:15:16.406+0000] {standard_task_runner.py:72} INFO - Started process 1052 to run task
[2025-04-06T06:15:16.418+0000] {standard_task_runner.py:104} INFO - Running: ['***', 'tasks', 'run', 'print_hello', 'print_hello_task', 'scheduled__2025-04-05T00:24:00+00:00', '--job-id', '204', '--raw', '--subdir', 'DAGS_FOLDER/print_hello.py', '--cfg-path', '/tmp/tmp59evzyxl']
[2025-04-06T06:15:16.420+0000] {standard_task_runner.py:105} INFO - Job 204: Subtask print_hello_task
[2025-04-06T06:15:16.518+0000] {task_command.py:467} INFO - Running <TaskInstance: print_hello.print_hello_task scheduled__2025-04-05T00:24:00+00:00 [running]> on host 5991717e768c
[2025-04-06T06:15:16.702+0000] {taskinstance.py:3134} INFO - Exporting env vars: AIRFLOW_CTX_DAG_OWNER='Esayed' AIRFLOW_CTX_DAG_ID='print_hello' AIRFLOW_CTX_TASK_ID='print_hello_task' AIRFLOW_CTX_EXECUTION_DATE='2025-04-05T00:24:00+00:00' AIRFLOW_CTX_TRY_NUMBER='1' AIRFLOW_CTX_DAG_RUN_ID='scheduled__2025-04-05T00:24:00+00:00'
[2025-04-06T06:15:16.705+0000] {logging_mixin.py:190} INFO - Task instance is in running state
[2025-04-06T06:15:16.706+0000] {logging_mixin.py:190} INFO -  Previous state of the Task instance: queued
[2025-04-06T06:15:16.707+0000] {logging_mixin.py:190} INFO - Current task name:print_hello_task state:running start_date:2025-04-06 06:15:15.946759+00:00
[2025-04-06T06:15:16.709+0000] {logging_mixin.py:190} INFO - Dag name:print_hello and current dag run status:running
[2025-04-06T06:15:16.710+0000] {taskinstance.py:732} INFO - ::endgroup::
[2025-04-06T06:15:16.711+0000] {logging_mixin.py:190} INFO - hello
[2025-04-06T06:15:16.713+0000] {python.py:240} INFO - Done. Returned value was: None
[2025-04-06T06:15:16.733+0000] {taskinstance.py:341} INFO - ::group::Post task execution logs
[2025-04-06T06:15:16.734+0000] {taskinstance.py:353} INFO - Marking task as SUCCESS. dag_id=print_hello, task_id=print_hello_task, run_id=scheduled__2025-04-05T00:24:00+00:00, execution_date=20250405T002400, start_date=20250406T061515, end_date=20250406T061516
[2025-04-06T06:15:16.782+0000] {logging_mixin.py:190} INFO - Task instance in success state
[2025-04-06T06:15:16.783+0000] {logging_mixin.py:190} INFO -  Previous state of the Task instance: running
[2025-04-06T06:15:16.784+0000] {logging_mixin.py:190} INFO - Dag name:print_hello queued_at:2025-04-06 06:15:12.012871+00:00
[2025-04-06T06:15:16.785+0000] {logging_mixin.py:190} INFO - Task hostname:5991717e768c operator:PythonOperator
[2025-04-06T06:15:16.831+0000] {local_task_job_runner.py:266} INFO - Task exited with return code 0
[2025-04-06T06:15:16.849+0000] {local_task_job_runner.py:245} INFO - ::endgroup::
