[2025-04-06T06:02:48.370+0000] {local_task_job_runner.py:123} INFO - ::group::Pre task execution logs
[2025-04-06T06:02:48.436+0000] {taskinstance.py:2614} INFO - Dependencies all met for dep_context=non-requeueable deps ti=<TaskInstance: print_hello.save_to_csv_task scheduled__2025-04-05T00:08:00+00:00 [queued]>
[2025-04-06T06:02:48.469+0000] {taskinstance.py:2614} INFO - Dependencies all met for dep_context=requeueable deps ti=<TaskInstance: print_hello.save_to_csv_task scheduled__2025-04-05T00:08:00+00:00 [queued]>
[2025-04-06T06:02:48.471+0000] {taskinstance.py:2867} INFO - Starting attempt 1 of 2
[2025-04-06T06:02:48.882+0000] {taskinstance.py:2890} INFO - Executing <Task(PythonOperator): save_to_csv_task> on 2025-04-05 00:08:00+00:00
[2025-04-06T06:02:48.903+0000] {warnings.py:112} WARNING - /home/***/.local/lib/python3.12/site-packages/***/task/task_runner/standard_task_runner.py:70: DeprecationWarning: This process (pid=177) is multi-threaded, use of fork() may lead to deadlocks in the child.
  pid = os.fork()

[2025-04-06T06:02:48.908+0000] {standard_task_runner.py:72} INFO - Started process 218 to run task
[2025-04-06T06:02:48.912+0000] {standard_task_runner.py:104} INFO - Running: ['***', 'tasks', 'run', 'print_hello', 'save_to_csv_task', 'scheduled__2025-04-05T00:08:00+00:00', '--job-id', '35', '--raw', '--subdir', 'DAGS_FOLDER/print_hello.py', '--cfg-path', '/tmp/tmp3u4t64c3']
[2025-04-06T06:02:48.920+0000] {standard_task_runner.py:105} INFO - Job 35: Subtask save_to_csv_task
[2025-04-06T06:02:49.073+0000] {task_command.py:467} INFO - Running <TaskInstance: print_hello.save_to_csv_task scheduled__2025-04-05T00:08:00+00:00 [running]> on host 5991717e768c
[2025-04-06T06:02:49.269+0000] {taskinstance.py:3134} INFO - Exporting env vars: AIRFLOW_CTX_DAG_OWNER='Esayed' AIRFLOW_CTX_DAG_ID='print_hello' AIRFLOW_CTX_TASK_ID='save_to_csv_task' AIRFLOW_CTX_EXECUTION_DATE='2025-04-05T00:08:00+00:00' AIRFLOW_CTX_TRY_NUMBER='1' AIRFLOW_CTX_DAG_RUN_ID='scheduled__2025-04-05T00:08:00+00:00'
[2025-04-06T06:02:49.275+0000] {logging_mixin.py:190} INFO - Task instance is in running state
[2025-04-06T06:02:49.278+0000] {logging_mixin.py:190} INFO -  Previous state of the Task instance: queued
[2025-04-06T06:02:49.279+0000] {logging_mixin.py:190} INFO - Current task name:save_to_csv_task state:running start_date:2025-04-06 06:02:48.439333+00:00
[2025-04-06T06:02:49.281+0000] {logging_mixin.py:190} INFO - Dag name:print_hello and current dag run status:running
[2025-04-06T06:02:49.284+0000] {taskinstance.py:732} INFO - ::endgroup::
[2025-04-06T06:02:49.321+0000] {python.py:240} INFO - Done. Returned value was: None
[2025-04-06T06:02:49.351+0000] {taskinstance.py:341} INFO - ::group::Post task execution logs
[2025-04-06T06:02:49.362+0000] {taskinstance.py:353} INFO - Marking task as SUCCESS. dag_id=print_hello, task_id=save_to_csv_task, run_id=scheduled__2025-04-05T00:08:00+00:00, execution_date=20250405T000800, start_date=20250406T060248, end_date=20250406T060249
[2025-04-06T06:02:49.435+0000] {logging_mixin.py:190} INFO - Task instance in success state
[2025-04-06T06:02:49.441+0000] {logging_mixin.py:190} INFO -  Previous state of the Task instance: running
[2025-04-06T06:02:49.443+0000] {logging_mixin.py:190} INFO - Dag name:print_hello queued_at:2025-04-06 06:02:21.322190+00:00
[2025-04-06T06:02:49.455+0000] {logging_mixin.py:190} INFO - Task hostname:5991717e768c operator:PythonOperator
[2025-04-06T06:02:49.510+0000] {local_task_job_runner.py:266} INFO - Task exited with return code 0
[2025-04-06T06:02:49.549+0000] {taskinstance.py:3901} INFO - 0 downstream tasks scheduled from follow-on schedule check
[2025-04-06T06:02:49.575+0000] {local_task_job_runner.py:245} INFO - ::endgroup::
[2025-04-06T06:15:04.442+0000] {local_task_job_runner.py:123} INFO - ::group::Pre task execution logs
[2025-04-06T06:15:04.544+0000] {taskinstance.py:2614} INFO - Dependencies all met for dep_context=non-requeueable deps ti=<TaskInstance: print_hello.save_to_csv_task scheduled__2025-04-05T00:08:00+00:00 [queued]>
[2025-04-06T06:15:04.602+0000] {taskinstance.py:2614} INFO - Dependencies all met for dep_context=requeueable deps ti=<TaskInstance: print_hello.save_to_csv_task scheduled__2025-04-05T00:08:00+00:00 [queued]>
[2025-04-06T06:15:04.612+0000] {taskinstance.py:2867} INFO - Starting attempt 1 of 2
[2025-04-06T06:15:05.377+0000] {taskinstance.py:2890} INFO - Executing <Task(PythonOperator): save_to_csv_task> on 2025-04-05 00:08:00+00:00
[2025-04-06T06:15:05.397+0000] {warnings.py:112} WARNING - /home/***/.local/lib/python3.12/site-packages/***/task/task_runner/standard_task_runner.py:70: DeprecationWarning: This process (pid=935) is multi-threaded, use of fork() may lead to deadlocks in the child.
  pid = os.fork()

[2025-04-06T06:15:05.402+0000] {standard_task_runner.py:72} INFO - Started process 982 to run task
[2025-04-06T06:15:05.402+0000] {standard_task_runner.py:104} INFO - Running: ['***', 'tasks', 'run', 'print_hello', 'save_to_csv_task', 'scheduled__2025-04-05T00:08:00+00:00', '--job-id', '187', '--raw', '--subdir', 'DAGS_FOLDER/print_hello.py', '--cfg-path', '/tmp/tmp2bt93ao9']
[2025-04-06T06:15:05.412+0000] {standard_task_runner.py:105} INFO - Job 187: Subtask save_to_csv_task
[2025-04-06T06:15:05.620+0000] {task_command.py:467} INFO - Running <TaskInstance: print_hello.save_to_csv_task scheduled__2025-04-05T00:08:00+00:00 [running]> on host 5991717e768c
[2025-04-06T06:15:05.849+0000] {taskinstance.py:3134} INFO - Exporting env vars: AIRFLOW_CTX_DAG_OWNER='Esayed' AIRFLOW_CTX_DAG_ID='print_hello' AIRFLOW_CTX_TASK_ID='save_to_csv_task' AIRFLOW_CTX_EXECUTION_DATE='2025-04-05T00:08:00+00:00' AIRFLOW_CTX_TRY_NUMBER='1' AIRFLOW_CTX_DAG_RUN_ID='scheduled__2025-04-05T00:08:00+00:00'
[2025-04-06T06:15:05.852+0000] {logging_mixin.py:190} INFO - Task instance is in running state
[2025-04-06T06:15:05.853+0000] {logging_mixin.py:190} INFO -  Previous state of the Task instance: queued
[2025-04-06T06:15:05.855+0000] {logging_mixin.py:190} INFO - Current task name:save_to_csv_task state:running start_date:2025-04-06 06:15:04.548922+00:00
[2025-04-06T06:15:05.856+0000] {logging_mixin.py:190} INFO - Dag name:print_hello and current dag run status:running
[2025-04-06T06:15:05.858+0000] {taskinstance.py:732} INFO - ::endgroup::
[2025-04-06T06:15:05.873+0000] {python.py:240} INFO - Done. Returned value was: None
[2025-04-06T06:15:05.894+0000] {taskinstance.py:341} INFO - ::group::Post task execution logs
[2025-04-06T06:15:05.895+0000] {taskinstance.py:353} INFO - Marking task as SUCCESS. dag_id=print_hello, task_id=save_to_csv_task, run_id=scheduled__2025-04-05T00:08:00+00:00, execution_date=20250405T000800, start_date=20250406T061504, end_date=20250406T061505
[2025-04-06T06:15:05.959+0000] {logging_mixin.py:190} INFO - Task instance in success state
[2025-04-06T06:15:05.960+0000] {logging_mixin.py:190} INFO -  Previous state of the Task instance: running
[2025-04-06T06:15:05.961+0000] {logging_mixin.py:190} INFO - Dag name:print_hello queued_at:2025-04-06 06:14:52.579395+00:00
[2025-04-06T06:15:05.962+0000] {logging_mixin.py:190} INFO - Task hostname:5991717e768c operator:PythonOperator
[2025-04-06T06:15:06.036+0000] {local_task_job_runner.py:266} INFO - Task exited with return code 0
[2025-04-06T06:15:06.072+0000] {taskinstance.py:3901} INFO - 0 downstream tasks scheduled from follow-on schedule check
[2025-04-06T06:15:06.083+0000] {local_task_job_runner.py:245} INFO - ::endgroup::
