[2025-04-06T06:02:48.451+0000] {local_task_job_runner.py:123} INFO - ::group::Pre task execution logs
[2025-04-06T06:02:48.500+0000] {taskinstance.py:2614} INFO - Dependencies all met for dep_context=non-requeueable deps ti=<TaskInstance: print_hello.save_to_csv_task scheduled__2025-04-05T00:12:00+00:00 [queued]>
[2025-04-06T06:02:48.534+0000] {taskinstance.py:2614} INFO - Dependencies all met for dep_context=requeueable deps ti=<TaskInstance: print_hello.save_to_csv_task scheduled__2025-04-05T00:12:00+00:00 [queued]>
[2025-04-06T06:02:48.537+0000] {taskinstance.py:2867} INFO - Starting attempt 1 of 2
[2025-04-06T06:02:49.004+0000] {taskinstance.py:2890} INFO - Executing <Task(PythonOperator): save_to_csv_task> on 2025-04-05 00:12:00+00:00
[2025-04-06T06:02:49.031+0000] {warnings.py:112} WARNING - /home/***/.local/lib/python3.12/site-packages/***/task/task_runner/standard_task_runner.py:70: DeprecationWarning: This process (pid=186) is multi-threaded, use of fork() may lead to deadlocks in the child.
  pid = os.fork()

[2025-04-06T06:02:49.034+0000] {standard_task_runner.py:72} INFO - Started process 225 to run task
[2025-04-06T06:02:49.035+0000] {standard_task_runner.py:104} INFO - Running: ['***', 'tasks', 'run', 'print_hello', 'save_to_csv_task', 'scheduled__2025-04-05T00:12:00+00:00', '--job-id', '36', '--raw', '--subdir', 'DAGS_FOLDER/print_hello.py', '--cfg-path', '/tmp/tmpggq64h83']
[2025-04-06T06:02:49.037+0000] {standard_task_runner.py:105} INFO - Job 36: Subtask save_to_csv_task
[2025-04-06T06:02:49.248+0000] {task_command.py:467} INFO - Running <TaskInstance: print_hello.save_to_csv_task scheduled__2025-04-05T00:12:00+00:00 [running]> on host 5991717e768c
[2025-04-06T06:02:49.462+0000] {taskinstance.py:3134} INFO - Exporting env vars: AIRFLOW_CTX_DAG_OWNER='Esayed' AIRFLOW_CTX_DAG_ID='print_hello' AIRFLOW_CTX_TASK_ID='save_to_csv_task' AIRFLOW_CTX_EXECUTION_DATE='2025-04-05T00:12:00+00:00' AIRFLOW_CTX_TRY_NUMBER='1' AIRFLOW_CTX_DAG_RUN_ID='scheduled__2025-04-05T00:12:00+00:00'
[2025-04-06T06:02:49.472+0000] {logging_mixin.py:190} INFO - Task instance is in running state
[2025-04-06T06:02:49.474+0000] {logging_mixin.py:190} INFO -  Previous state of the Task instance: queued
[2025-04-06T06:02:49.475+0000] {logging_mixin.py:190} INFO - Current task name:save_to_csv_task state:running start_date:2025-04-06 06:02:48.502138+00:00
[2025-04-06T06:02:49.476+0000] {logging_mixin.py:190} INFO - Dag name:print_hello and current dag run status:running
[2025-04-06T06:02:49.478+0000] {taskinstance.py:732} INFO - ::endgroup::
[2025-04-06T06:02:49.493+0000] {python.py:240} INFO - Done. Returned value was: None
[2025-04-06T06:02:49.515+0000] {taskinstance.py:341} INFO - ::group::Post task execution logs
[2025-04-06T06:02:49.516+0000] {taskinstance.py:353} INFO - Marking task as SUCCESS. dag_id=print_hello, task_id=save_to_csv_task, run_id=scheduled__2025-04-05T00:12:00+00:00, execution_date=20250405T001200, start_date=20250406T060248, end_date=20250406T060249
[2025-04-06T06:02:49.647+0000] {logging_mixin.py:190} INFO - Task instance in success state
[2025-04-06T06:02:49.650+0000] {logging_mixin.py:190} INFO -  Previous state of the Task instance: running
[2025-04-06T06:02:49.651+0000] {logging_mixin.py:190} INFO - Dag name:print_hello queued_at:2025-04-06 06:02:23.859019+00:00
[2025-04-06T06:02:49.653+0000] {logging_mixin.py:190} INFO - Task hostname:5991717e768c operator:PythonOperator
[2025-04-06T06:02:49.717+0000] {local_task_job_runner.py:266} INFO - Task exited with return code 0
[2025-04-06T06:02:49.753+0000] {taskinstance.py:3901} INFO - 0 downstream tasks scheduled from follow-on schedule check
[2025-04-06T06:02:49.766+0000] {local_task_job_runner.py:245} INFO - ::endgroup::
[2025-04-06T06:15:06.723+0000] {local_task_job_runner.py:123} INFO - ::group::Pre task execution logs
[2025-04-06T06:15:06.771+0000] {taskinstance.py:2614} INFO - Dependencies all met for dep_context=non-requeueable deps ti=<TaskInstance: print_hello.save_to_csv_task scheduled__2025-04-05T00:12:00+00:00 [queued]>
[2025-04-06T06:15:06.794+0000] {taskinstance.py:2614} INFO - Dependencies all met for dep_context=requeueable deps ti=<TaskInstance: print_hello.save_to_csv_task scheduled__2025-04-05T00:12:00+00:00 [queued]>
[2025-04-06T06:15:06.795+0000] {taskinstance.py:2867} INFO - Starting attempt 1 of 2
[2025-04-06T06:15:07.091+0000] {taskinstance.py:2890} INFO - Executing <Task(PythonOperator): save_to_csv_task> on 2025-04-05 00:12:00+00:00
[2025-04-06T06:15:07.106+0000] {warnings.py:112} WARNING - /home/***/.local/lib/python3.12/site-packages/***/task/task_runner/standard_task_runner.py:70: DeprecationWarning: This process (pid=951) is multi-threaded, use of fork() may lead to deadlocks in the child.
  pid = os.fork()

[2025-04-06T06:15:07.109+0000] {standard_task_runner.py:72} INFO - Started process 990 to run task
[2025-04-06T06:15:07.109+0000] {standard_task_runner.py:104} INFO - Running: ['***', 'tasks', 'run', 'print_hello', 'save_to_csv_task', 'scheduled__2025-04-05T00:12:00+00:00', '--job-id', '191', '--raw', '--subdir', 'DAGS_FOLDER/print_hello.py', '--cfg-path', '/tmp/tmpc5fs8ikg']
[2025-04-06T06:15:07.111+0000] {standard_task_runner.py:105} INFO - Job 191: Subtask save_to_csv_task
[2025-04-06T06:15:07.191+0000] {task_command.py:467} INFO - Running <TaskInstance: print_hello.save_to_csv_task scheduled__2025-04-05T00:12:00+00:00 [running]> on host 5991717e768c
[2025-04-06T06:15:07.325+0000] {taskinstance.py:3134} INFO - Exporting env vars: AIRFLOW_CTX_DAG_OWNER='Esayed' AIRFLOW_CTX_DAG_ID='print_hello' AIRFLOW_CTX_TASK_ID='save_to_csv_task' AIRFLOW_CTX_EXECUTION_DATE='2025-04-05T00:12:00+00:00' AIRFLOW_CTX_TRY_NUMBER='1' AIRFLOW_CTX_DAG_RUN_ID='scheduled__2025-04-05T00:12:00+00:00'
[2025-04-06T06:15:07.327+0000] {logging_mixin.py:190} INFO - Task instance is in running state
[2025-04-06T06:15:07.328+0000] {logging_mixin.py:190} INFO -  Previous state of the Task instance: queued
[2025-04-06T06:15:07.329+0000] {logging_mixin.py:190} INFO - Current task name:save_to_csv_task state:running start_date:2025-04-06 06:15:06.772587+00:00
[2025-04-06T06:15:07.330+0000] {logging_mixin.py:190} INFO - Dag name:print_hello and current dag run status:running
[2025-04-06T06:15:07.331+0000] {taskinstance.py:732} INFO - ::endgroup::
[2025-04-06T06:15:07.342+0000] {python.py:240} INFO - Done. Returned value was: None
[2025-04-06T06:15:07.356+0000] {taskinstance.py:341} INFO - ::group::Post task execution logs
[2025-04-06T06:15:07.357+0000] {taskinstance.py:353} INFO - Marking task as SUCCESS. dag_id=print_hello, task_id=save_to_csv_task, run_id=scheduled__2025-04-05T00:12:00+00:00, execution_date=20250405T001200, start_date=20250406T061506, end_date=20250406T061507
[2025-04-06T06:15:07.398+0000] {logging_mixin.py:190} INFO - Task instance in success state
[2025-04-06T06:15:07.399+0000] {logging_mixin.py:190} INFO -  Previous state of the Task instance: running
[2025-04-06T06:15:07.400+0000] {logging_mixin.py:190} INFO - Dag name:print_hello queued_at:2025-04-06 06:14:53.699980+00:00
[2025-04-06T06:15:07.401+0000] {logging_mixin.py:190} INFO - Task hostname:5991717e768c operator:PythonOperator
[2025-04-06T06:15:07.447+0000] {local_task_job_runner.py:266} INFO - Task exited with return code 0
[2025-04-06T06:15:07.470+0000] {taskinstance.py:3901} INFO - 0 downstream tasks scheduled from follow-on schedule check
[2025-04-06T06:15:07.474+0000] {local_task_job_runner.py:245} INFO - ::endgroup::
