[2025-04-06T06:02:31.834+0000] {local_task_job_runner.py:123} INFO - ::group::Pre task execution logs
[2025-04-06T06:02:31.882+0000] {taskinstance.py:2614} INFO - Dependencies all met for dep_context=non-requeueable deps ti=<TaskInstance: print_hello.print_hello_task scheduled__2025-04-05T00:10:00+00:00 [queued]>
[2025-04-06T06:02:31.905+0000] {taskinstance.py:2614} INFO - Dependencies all met for dep_context=requeueable deps ti=<TaskInstance: print_hello.print_hello_task scheduled__2025-04-05T00:10:00+00:00 [queued]>
[2025-04-06T06:02:31.907+0000] {taskinstance.py:2867} INFO - Starting attempt 1 of 2
[2025-04-06T06:02:32.022+0000] {taskinstance.py:2890} INFO - Executing <Task(PythonOperator): print_hello_task> on 2025-04-05 00:10:00+00:00
[2025-04-06T06:02:32.088+0000] {warnings.py:112} WARNING - /home/***/.local/lib/python3.12/site-packages/***/task/task_runner/standard_task_runner.py:70: DeprecationWarning: This process (pid=133) is multi-threaded, use of fork() may lead to deadlocks in the child.
  pid = os.fork()

[2025-04-06T06:02:32.125+0000] {standard_task_runner.py:72} INFO - Started process 167 to run task
[2025-04-06T06:02:32.114+0000] {standard_task_runner.py:104} INFO - Running: ['***', 'tasks', 'run', 'print_hello', 'print_hello_task', 'scheduled__2025-04-05T00:10:00+00:00', '--job-id', '29', '--raw', '--subdir', 'DAGS_FOLDER/print_hello.py', '--cfg-path', '/tmp/tmpyizp1rq3']
[2025-04-06T06:02:32.197+0000] {standard_task_runner.py:105} INFO - Job 29: Subtask print_hello_task
[2025-04-06T06:02:32.701+0000] {task_command.py:467} INFO - Running <TaskInstance: print_hello.print_hello_task scheduled__2025-04-05T00:10:00+00:00 [running]> on host 5991717e768c
[2025-04-06T06:02:38.876+0000] {taskinstance.py:3134} INFO - Exporting env vars: AIRFLOW_CTX_DAG_OWNER='Esayed' AIRFLOW_CTX_DAG_ID='print_hello' AIRFLOW_CTX_TASK_ID='print_hello_task' AIRFLOW_CTX_EXECUTION_DATE='2025-04-05T00:10:00+00:00' AIRFLOW_CTX_TRY_NUMBER='1' AIRFLOW_CTX_DAG_RUN_ID='scheduled__2025-04-05T00:10:00+00:00'
[2025-04-06T06:02:38.878+0000] {logging_mixin.py:190} INFO - Task instance is in running state
[2025-04-06T06:02:38.879+0000] {logging_mixin.py:190} INFO -  Previous state of the Task instance: queued
[2025-04-06T06:02:38.880+0000] {logging_mixin.py:190} INFO - Current task name:print_hello_task state:running start_date:2025-04-06 06:02:31.884684+00:00
[2025-04-06T06:02:38.881+0000] {logging_mixin.py:190} INFO - Dag name:print_hello and current dag run status:running
[2025-04-06T06:02:38.882+0000] {taskinstance.py:732} INFO - ::endgroup::
[2025-04-06T06:02:38.884+0000] {logging_mixin.py:190} INFO - hello
[2025-04-06T06:02:38.885+0000] {python.py:240} INFO - Done. Returned value was: None
[2025-04-06T06:02:38.898+0000] {taskinstance.py:341} INFO - ::group::Post task execution logs
[2025-04-06T06:02:38.899+0000] {taskinstance.py:353} INFO - Marking task as SUCCESS. dag_id=print_hello, task_id=print_hello_task, run_id=scheduled__2025-04-05T00:10:00+00:00, execution_date=20250405T001000, start_date=20250406T060231, end_date=20250406T060238
[2025-04-06T06:02:38.961+0000] {logging_mixin.py:190} INFO - Task instance in success state
[2025-04-06T06:02:38.964+0000] {logging_mixin.py:190} INFO -  Previous state of the Task instance: running
[2025-04-06T06:02:38.966+0000] {logging_mixin.py:190} INFO - Dag name:print_hello queued_at:2025-04-06 06:02:21.810813+00:00
[2025-04-06T06:02:38.967+0000] {logging_mixin.py:190} INFO - Task hostname:5991717e768c operator:PythonOperator
[2025-04-06T06:02:39.016+0000] {local_task_job_runner.py:266} INFO - Task exited with return code 0
[2025-04-06T06:02:39.091+0000] {taskinstance.py:3901} INFO - 1 downstream tasks scheduled from follow-on schedule check
[2025-04-06T06:02:39.098+0000] {local_task_job_runner.py:245} INFO - ::endgroup::
[2025-04-06T06:14:57.213+0000] {local_task_job_runner.py:123} INFO - ::group::Pre task execution logs
[2025-04-06T06:14:57.263+0000] {taskinstance.py:2614} INFO - Dependencies all met for dep_context=non-requeueable deps ti=<TaskInstance: print_hello.print_hello_task scheduled__2025-04-05T00:10:00+00:00 [queued]>
[2025-04-06T06:14:57.291+0000] {taskinstance.py:2614} INFO - Dependencies all met for dep_context=requeueable deps ti=<TaskInstance: print_hello.print_hello_task scheduled__2025-04-05T00:10:00+00:00 [queued]>
[2025-04-06T06:14:57.296+0000] {taskinstance.py:2867} INFO - Starting attempt 1 of 2
[2025-04-06T06:14:57.352+0000] {taskinstance.py:2890} INFO - Executing <Task(PythonOperator): print_hello_task> on 2025-04-05 00:10:00+00:00
[2025-04-06T06:14:57.375+0000] {warnings.py:112} WARNING - /home/***/.local/lib/python3.12/site-packages/***/task/task_runner/standard_task_runner.py:70: DeprecationWarning: This process (pid=885) is multi-threaded, use of fork() may lead to deadlocks in the child.
  pid = os.fork()

[2025-04-06T06:14:57.378+0000] {standard_task_runner.py:72} INFO - Started process 927 to run task
[2025-04-06T06:14:57.385+0000] {standard_task_runner.py:104} INFO - Running: ['***', 'tasks', 'run', 'print_hello', 'print_hello_task', 'scheduled__2025-04-05T00:10:00+00:00', '--job-id', '174', '--raw', '--subdir', 'DAGS_FOLDER/print_hello.py', '--cfg-path', '/tmp/tmp5bao6nkt']
[2025-04-06T06:14:57.405+0000] {standard_task_runner.py:105} INFO - Job 174: Subtask print_hello_task
[2025-04-06T06:14:58.178+0000] {task_command.py:467} INFO - Running <TaskInstance: print_hello.print_hello_task scheduled__2025-04-05T00:10:00+00:00 [running]> on host 5991717e768c
[2025-04-06T06:14:58.432+0000] {taskinstance.py:3134} INFO - Exporting env vars: AIRFLOW_CTX_DAG_OWNER='Esayed' AIRFLOW_CTX_DAG_ID='print_hello' AIRFLOW_CTX_TASK_ID='print_hello_task' AIRFLOW_CTX_EXECUTION_DATE='2025-04-05T00:10:00+00:00' AIRFLOW_CTX_TRY_NUMBER='1' AIRFLOW_CTX_DAG_RUN_ID='scheduled__2025-04-05T00:10:00+00:00'
[2025-04-06T06:14:58.438+0000] {logging_mixin.py:190} INFO - Task instance is in running state
[2025-04-06T06:14:58.441+0000] {logging_mixin.py:190} INFO -  Previous state of the Task instance: queued
[2025-04-06T06:14:58.442+0000] {logging_mixin.py:190} INFO - Current task name:print_hello_task state:running start_date:2025-04-06 06:14:57.266824+00:00
[2025-04-06T06:14:58.446+0000] {logging_mixin.py:190} INFO - Dag name:print_hello and current dag run status:running
[2025-04-06T06:14:58.450+0000] {taskinstance.py:732} INFO - ::endgroup::
[2025-04-06T06:14:58.466+0000] {logging_mixin.py:190} INFO - hello
[2025-04-06T06:14:58.476+0000] {python.py:240} INFO - Done. Returned value was: None
[2025-04-06T06:14:58.531+0000] {taskinstance.py:341} INFO - ::group::Post task execution logs
[2025-04-06T06:14:58.536+0000] {taskinstance.py:353} INFO - Marking task as SUCCESS. dag_id=print_hello, task_id=print_hello_task, run_id=scheduled__2025-04-05T00:10:00+00:00, execution_date=20250405T001000, start_date=20250406T061457, end_date=20250406T061458
[2025-04-06T06:14:58.638+0000] {logging_mixin.py:190} INFO - Task instance in success state
[2025-04-06T06:14:58.639+0000] {logging_mixin.py:190} INFO -  Previous state of the Task instance: running
[2025-04-06T06:14:58.641+0000] {logging_mixin.py:190} INFO - Dag name:print_hello queued_at:2025-04-06 06:14:53.104267+00:00
[2025-04-06T06:14:58.644+0000] {logging_mixin.py:190} INFO - Task hostname:5991717e768c operator:PythonOperator
[2025-04-06T06:14:58.742+0000] {local_task_job_runner.py:266} INFO - Task exited with return code 0
[2025-04-06T06:14:59.442+0000] {taskinstance.py:3901} INFO - 0 downstream tasks scheduled from follow-on schedule check
[2025-04-06T06:14:59.472+0000] {local_task_job_runner.py:245} INFO - ::endgroup::
