[2025-04-06T06:03:37.453+0000] {local_task_job_runner.py:123} INFO - ::group::Pre task execution logs
[2025-04-06T06:03:37.486+0000] {taskinstance.py:2614} INFO - Dependencies all met for dep_context=non-requeueable deps ti=<TaskInstance: print_hello.save_to_csv_task scheduled__2025-04-05T00:56:00+00:00 [queued]>
[2025-04-06T06:03:37.508+0000] {taskinstance.py:2614} INFO - Dependencies all met for dep_context=requeueable deps ti=<TaskInstance: print_hello.save_to_csv_task scheduled__2025-04-05T00:56:00+00:00 [queued]>
[2025-04-06T06:03:37.509+0000] {taskinstance.py:2867} INFO - Starting attempt 1 of 2
[2025-04-06T06:03:37.745+0000] {taskinstance.py:2890} INFO - Executing <Task(PythonOperator): save_to_csv_task> on 2025-04-05 00:56:00+00:00
[2025-04-06T06:03:37.756+0000] {warnings.py:112} WARNING - /home/***/.local/lib/python3.12/site-packages/***/task/task_runner/standard_task_runner.py:70: DeprecationWarning: This process (pid=569) is multi-threaded, use of fork() may lead to deadlocks in the child.
  pid = os.fork()

[2025-04-06T06:03:37.758+0000] {standard_task_runner.py:72} INFO - Started process 587 to run task
[2025-04-06T06:03:37.759+0000] {standard_task_runner.py:104} INFO - Running: ['***', 'tasks', 'run', 'print_hello', 'save_to_csv_task', 'scheduled__2025-04-05T00:56:00+00:00', '--job-id', '129', '--raw', '--subdir', 'DAGS_FOLDER/print_hello.py', '--cfg-path', '/tmp/tmpwplh_4s4']
[2025-04-06T06:03:37.760+0000] {standard_task_runner.py:105} INFO - Job 129: Subtask save_to_csv_task
[2025-04-06T06:03:37.822+0000] {task_command.py:467} INFO - Running <TaskInstance: print_hello.save_to_csv_task scheduled__2025-04-05T00:56:00+00:00 [running]> on host 5991717e768c
[2025-04-06T06:03:37.925+0000] {taskinstance.py:3134} INFO - Exporting env vars: AIRFLOW_CTX_DAG_OWNER='Esayed' AIRFLOW_CTX_DAG_ID='print_hello' AIRFLOW_CTX_TASK_ID='save_to_csv_task' AIRFLOW_CTX_EXECUTION_DATE='2025-04-05T00:56:00+00:00' AIRFLOW_CTX_TRY_NUMBER='1' AIRFLOW_CTX_DAG_RUN_ID='scheduled__2025-04-05T00:56:00+00:00'
[2025-04-06T06:03:37.926+0000] {logging_mixin.py:190} INFO - Task instance is in running state
[2025-04-06T06:03:37.927+0000] {logging_mixin.py:190} INFO -  Previous state of the Task instance: queued
[2025-04-06T06:03:37.928+0000] {logging_mixin.py:190} INFO - Current task name:save_to_csv_task state:running start_date:2025-04-06 06:03:37.487690+00:00
[2025-04-06T06:03:37.929+0000] {logging_mixin.py:190} INFO - Dag name:print_hello and current dag run status:running
[2025-04-06T06:03:37.929+0000] {taskinstance.py:732} INFO - ::endgroup::
[2025-04-06T06:03:37.937+0000] {python.py:240} INFO - Done. Returned value was: None
[2025-04-06T06:03:37.948+0000] {taskinstance.py:341} INFO - ::group::Post task execution logs
[2025-04-06T06:03:37.949+0000] {taskinstance.py:353} INFO - Marking task as SUCCESS. dag_id=print_hello, task_id=save_to_csv_task, run_id=scheduled__2025-04-05T00:56:00+00:00, execution_date=20250405T005600, start_date=20250406T060337, end_date=20250406T060337
[2025-04-06T06:03:38.006+0000] {logging_mixin.py:190} INFO - Task instance in success state
[2025-04-06T06:03:38.007+0000] {logging_mixin.py:190} INFO -  Previous state of the Task instance: running
[2025-04-06T06:03:38.008+0000] {logging_mixin.py:190} INFO - Dag name:print_hello queued_at:2025-04-06 06:03:30.913458+00:00
[2025-04-06T06:03:38.009+0000] {logging_mixin.py:190} INFO - Task hostname:5991717e768c operator:PythonOperator
[2025-04-06T06:03:38.055+0000] {local_task_job_runner.py:266} INFO - Task exited with return code 0
[2025-04-06T06:03:38.074+0000] {taskinstance.py:3901} INFO - 0 downstream tasks scheduled from follow-on schedule check
[2025-04-06T06:03:38.079+0000] {local_task_job_runner.py:245} INFO - ::endgroup::
[2025-04-06T06:15:57.054+0000] {local_task_job_runner.py:123} INFO - ::group::Pre task execution logs
[2025-04-06T06:15:57.088+0000] {taskinstance.py:2614} INFO - Dependencies all met for dep_context=non-requeueable deps ti=<TaskInstance: print_hello.save_to_csv_task scheduled__2025-04-05T00:56:00+00:00 [queued]>
[2025-04-06T06:15:57.106+0000] {taskinstance.py:2614} INFO - Dependencies all met for dep_context=requeueable deps ti=<TaskInstance: print_hello.save_to_csv_task scheduled__2025-04-05T00:56:00+00:00 [queued]>
[2025-04-06T06:15:57.107+0000] {taskinstance.py:2867} INFO - Starting attempt 1 of 2
[2025-04-06T06:15:57.375+0000] {taskinstance.py:2890} INFO - Executing <Task(PythonOperator): save_to_csv_task> on 2025-04-05 00:56:00+00:00
[2025-04-06T06:15:57.389+0000] {warnings.py:112} WARNING - /home/***/.local/lib/python3.12/site-packages/***/task/task_runner/standard_task_runner.py:70: DeprecationWarning: This process (pid=1344) is multi-threaded, use of fork() may lead to deadlocks in the child.
  pid = os.fork()

[2025-04-06T06:15:57.391+0000] {standard_task_runner.py:72} INFO - Started process 1367 to run task
[2025-04-06T06:15:57.391+0000] {standard_task_runner.py:104} INFO - Running: ['***', 'tasks', 'run', 'print_hello', 'save_to_csv_task', 'scheduled__2025-04-05T00:56:00+00:00', '--job-id', '285', '--raw', '--subdir', 'DAGS_FOLDER/print_hello.py', '--cfg-path', '/tmp/tmpfe8d10re']
[2025-04-06T06:15:57.393+0000] {standard_task_runner.py:105} INFO - Job 285: Subtask save_to_csv_task
[2025-04-06T06:15:57.467+0000] {task_command.py:467} INFO - Running <TaskInstance: print_hello.save_to_csv_task scheduled__2025-04-05T00:56:00+00:00 [running]> on host 5991717e768c
[2025-04-06T06:15:57.592+0000] {taskinstance.py:3134} INFO - Exporting env vars: AIRFLOW_CTX_DAG_OWNER='Esayed' AIRFLOW_CTX_DAG_ID='print_hello' AIRFLOW_CTX_TASK_ID='save_to_csv_task' AIRFLOW_CTX_EXECUTION_DATE='2025-04-05T00:56:00+00:00' AIRFLOW_CTX_TRY_NUMBER='1' AIRFLOW_CTX_DAG_RUN_ID='scheduled__2025-04-05T00:56:00+00:00'
[2025-04-06T06:15:57.594+0000] {logging_mixin.py:190} INFO - Task instance is in running state
[2025-04-06T06:15:57.595+0000] {logging_mixin.py:190} INFO -  Previous state of the Task instance: queued
[2025-04-06T06:15:57.596+0000] {logging_mixin.py:190} INFO - Current task name:save_to_csv_task state:running start_date:2025-04-06 06:15:57.089569+00:00
[2025-04-06T06:15:57.597+0000] {logging_mixin.py:190} INFO - Dag name:print_hello and current dag run status:running
[2025-04-06T06:15:57.598+0000] {taskinstance.py:732} INFO - ::endgroup::
[2025-04-06T06:15:57.609+0000] {python.py:240} INFO - Done. Returned value was: None
[2025-04-06T06:15:57.621+0000] {taskinstance.py:341} INFO - ::group::Post task execution logs
[2025-04-06T06:15:57.622+0000] {taskinstance.py:353} INFO - Marking task as SUCCESS. dag_id=print_hello, task_id=save_to_csv_task, run_id=scheduled__2025-04-05T00:56:00+00:00, execution_date=20250405T005600, start_date=20250406T061557, end_date=20250406T061557
[2025-04-06T06:15:57.651+0000] {logging_mixin.py:190} INFO - Task instance in success state
[2025-04-06T06:15:57.652+0000] {logging_mixin.py:190} INFO -  Previous state of the Task instance: running
[2025-04-06T06:15:57.652+0000] {logging_mixin.py:190} INFO - Dag name:print_hello queued_at:2025-04-06 06:15:46.193310+00:00
[2025-04-06T06:15:57.653+0000] {logging_mixin.py:190} INFO - Task hostname:5991717e768c operator:PythonOperator
[2025-04-06T06:15:57.689+0000] {local_task_job_runner.py:266} INFO - Task exited with return code 0
[2025-04-06T06:15:57.709+0000] {taskinstance.py:3901} INFO - 0 downstream tasks scheduled from follow-on schedule check
[2025-04-06T06:15:57.712+0000] {local_task_job_runner.py:245} INFO - ::endgroup::
