[2025-04-06T06:03:00.201+0000] {local_task_job_runner.py:123} INFO - ::group::Pre task execution logs
[2025-04-06T06:03:00.235+0000] {taskinstance.py:2614} INFO - Dependencies all met for dep_context=non-requeueable deps ti=<TaskInstance: print_hello.print_hello_task scheduled__2025-04-05T00:25:00+00:00 [queued]>
[2025-04-06T06:03:00.267+0000] {taskinstance.py:2614} INFO - Dependencies all met for dep_context=requeueable deps ti=<TaskInstance: print_hello.print_hello_task scheduled__2025-04-05T00:25:00+00:00 [queued]>
[2025-04-06T06:03:00.268+0000] {taskinstance.py:2867} INFO - Starting attempt 1 of 2
[2025-04-06T06:03:00.695+0000] {taskinstance.py:2890} INFO - Executing <Task(PythonOperator): print_hello_task> on 2025-04-05 00:25:00+00:00
[2025-04-06T06:03:00.720+0000] {warnings.py:112} WARNING - /home/***/.local/lib/python3.12/site-packages/***/task/task_runner/standard_task_runner.py:70: DeprecationWarning: This process (pid=269) is multi-threaded, use of fork() may lead to deadlocks in the child.
  pid = os.fork()

[2025-04-06T06:03:00.724+0000] {standard_task_runner.py:72} INFO - Started process 296 to run task
[2025-04-06T06:03:00.723+0000] {standard_task_runner.py:104} INFO - Running: ['***', 'tasks', 'run', 'print_hello', 'print_hello_task', 'scheduled__2025-04-05T00:25:00+00:00', '--job-id', '53', '--raw', '--subdir', 'DAGS_FOLDER/print_hello.py', '--cfg-path', '/tmp/tmpyfbrhnke']
[2025-04-06T06:03:00.729+0000] {standard_task_runner.py:105} INFO - Job 53: Subtask print_hello_task
[2025-04-06T06:03:00.818+0000] {task_command.py:467} INFO - Running <TaskInstance: print_hello.print_hello_task scheduled__2025-04-05T00:25:00+00:00 [running]> on host 5991717e768c
[2025-04-06T06:03:01.002+0000] {taskinstance.py:3134} INFO - Exporting env vars: AIRFLOW_CTX_DAG_OWNER='Esayed' AIRFLOW_CTX_DAG_ID='print_hello' AIRFLOW_CTX_TASK_ID='print_hello_task' AIRFLOW_CTX_EXECUTION_DATE='2025-04-05T00:25:00+00:00' AIRFLOW_CTX_TRY_NUMBER='1' AIRFLOW_CTX_DAG_RUN_ID='scheduled__2025-04-05T00:25:00+00:00'
[2025-04-06T06:03:01.006+0000] {logging_mixin.py:190} INFO - Task instance is in running state
[2025-04-06T06:03:01.009+0000] {logging_mixin.py:190} INFO -  Previous state of the Task instance: queued
[2025-04-06T06:03:01.011+0000] {logging_mixin.py:190} INFO - Current task name:print_hello_task state:running start_date:2025-04-06 06:03:00.237232+00:00
[2025-04-06T06:03:01.012+0000] {logging_mixin.py:190} INFO - Dag name:print_hello and current dag run status:running
[2025-04-06T06:03:01.013+0000] {taskinstance.py:732} INFO - ::endgroup::
[2025-04-06T06:03:01.015+0000] {logging_mixin.py:190} INFO - hello
[2025-04-06T06:03:01.016+0000] {python.py:240} INFO - Done. Returned value was: None
[2025-04-06T06:03:01.039+0000] {taskinstance.py:341} INFO - ::group::Post task execution logs
[2025-04-06T06:03:01.041+0000] {taskinstance.py:353} INFO - Marking task as SUCCESS. dag_id=print_hello, task_id=print_hello_task, run_id=scheduled__2025-04-05T00:25:00+00:00, execution_date=20250405T002500, start_date=20250406T060300, end_date=20250406T060301
[2025-04-06T06:03:01.332+0000] {logging_mixin.py:190} INFO - Task instance in success state
[2025-04-06T06:03:01.337+0000] {logging_mixin.py:190} INFO -  Previous state of the Task instance: running
[2025-04-06T06:03:01.338+0000] {logging_mixin.py:190} INFO - Dag name:print_hello queued_at:2025-04-06 06:02:56.233868+00:00
[2025-04-06T06:03:01.339+0000] {logging_mixin.py:190} INFO - Task hostname:5991717e768c operator:PythonOperator
[2025-04-06T06:03:01.396+0000] {local_task_job_runner.py:266} INFO - Task exited with return code 0
[2025-04-06T06:03:01.442+0000] {taskinstance.py:3901} INFO - 1 downstream tasks scheduled from follow-on schedule check
[2025-04-06T06:03:01.447+0000] {local_task_job_runner.py:245} INFO - ::endgroup::
[2025-04-06T06:15:16.371+0000] {local_task_job_runner.py:123} INFO - ::group::Pre task execution logs
[2025-04-06T06:15:16.424+0000] {taskinstance.py:2614} INFO - Dependencies all met for dep_context=non-requeueable deps ti=<TaskInstance: print_hello.print_hello_task scheduled__2025-04-05T00:25:00+00:00 [queued]>
[2025-04-06T06:15:16.442+0000] {taskinstance.py:2614} INFO - Dependencies all met for dep_context=requeueable deps ti=<TaskInstance: print_hello.print_hello_task scheduled__2025-04-05T00:25:00+00:00 [queued]>
[2025-04-06T06:15:16.443+0000] {taskinstance.py:2867} INFO - Starting attempt 1 of 2
[2025-04-06T06:15:16.826+0000] {taskinstance.py:2890} INFO - Executing <Task(PythonOperator): print_hello_task> on 2025-04-05 00:25:00+00:00
[2025-04-06T06:15:16.842+0000] {warnings.py:112} WARNING - /home/***/.local/lib/python3.12/site-packages/***/task/task_runner/standard_task_runner.py:70: DeprecationWarning: This process (pid=1018) is multi-threaded, use of fork() may lead to deadlocks in the child.
  pid = os.fork()

[2025-04-06T06:15:16.845+0000] {standard_task_runner.py:72} INFO - Started process 1054 to run task
[2025-04-06T06:15:16.846+0000] {standard_task_runner.py:104} INFO - Running: ['***', 'tasks', 'run', 'print_hello', 'print_hello_task', 'scheduled__2025-04-05T00:25:00+00:00', '--job-id', '205', '--raw', '--subdir', 'DAGS_FOLDER/print_hello.py', '--cfg-path', '/tmp/tmpcovl_zcy']
[2025-04-06T06:15:16.848+0000] {standard_task_runner.py:105} INFO - Job 205: Subtask print_hello_task
[2025-04-06T06:15:16.937+0000] {task_command.py:467} INFO - Running <TaskInstance: print_hello.print_hello_task scheduled__2025-04-05T00:25:00+00:00 [running]> on host 5991717e768c
[2025-04-06T06:15:17.114+0000] {taskinstance.py:3134} INFO - Exporting env vars: AIRFLOW_CTX_DAG_OWNER='Esayed' AIRFLOW_CTX_DAG_ID='print_hello' AIRFLOW_CTX_TASK_ID='print_hello_task' AIRFLOW_CTX_EXECUTION_DATE='2025-04-05T00:25:00+00:00' AIRFLOW_CTX_TRY_NUMBER='1' AIRFLOW_CTX_DAG_RUN_ID='scheduled__2025-04-05T00:25:00+00:00'
[2025-04-06T06:15:17.116+0000] {logging_mixin.py:190} INFO - Task instance is in running state
[2025-04-06T06:15:17.118+0000] {logging_mixin.py:190} INFO -  Previous state of the Task instance: queued
[2025-04-06T06:15:17.119+0000] {logging_mixin.py:190} INFO - Current task name:print_hello_task state:running start_date:2025-04-06 06:15:16.425676+00:00
[2025-04-06T06:15:17.120+0000] {logging_mixin.py:190} INFO - Dag name:print_hello and current dag run status:running
[2025-04-06T06:15:17.123+0000] {taskinstance.py:732} INFO - ::endgroup::
[2025-04-06T06:15:17.125+0000] {logging_mixin.py:190} INFO - hello
[2025-04-06T06:15:17.127+0000] {python.py:240} INFO - Done. Returned value was: None
[2025-04-06T06:15:17.154+0000] {taskinstance.py:341} INFO - ::group::Post task execution logs
[2025-04-06T06:15:17.158+0000] {taskinstance.py:353} INFO - Marking task as SUCCESS. dag_id=print_hello, task_id=print_hello_task, run_id=scheduled__2025-04-05T00:25:00+00:00, execution_date=20250405T002500, start_date=20250406T061516, end_date=20250406T061517
[2025-04-06T06:15:17.265+0000] {logging_mixin.py:190} INFO - Task instance in success state
[2025-04-06T06:15:17.266+0000] {logging_mixin.py:190} INFO -  Previous state of the Task instance: running
[2025-04-06T06:15:17.268+0000] {logging_mixin.py:190} INFO - Dag name:print_hello queued_at:2025-04-06 06:15:12.270563+00:00
[2025-04-06T06:15:17.269+0000] {logging_mixin.py:190} INFO - Task hostname:5991717e768c operator:PythonOperator
[2025-04-06T06:15:17.348+0000] {local_task_job_runner.py:266} INFO - Task exited with return code 0
[2025-04-06T06:15:17.369+0000] {local_task_job_runner.py:245} INFO - ::endgroup::
