[2025-04-06T06:15:42.473+0000] {local_task_job_runner.py:123} INFO - ::group::Pre task execution logs
[2025-04-06T06:15:42.495+0000] {taskinstance.py:2614} INFO - Dependencies all met for dep_context=non-requeueable deps ti=<TaskInstance: print_hello.print_hello_task manual__2025-04-06T06:15:33.940875+00:00 [queued]>
[2025-04-06T06:15:42.508+0000] {taskinstance.py:2614} INFO - Dependencies all met for dep_context=requeueable deps ti=<TaskInstance: print_hello.print_hello_task manual__2025-04-06T06:15:33.940875+00:00 [queued]>
[2025-04-06T06:15:42.509+0000] {taskinstance.py:2867} INFO - Starting attempt 1 of 2
[2025-04-06T06:15:42.788+0000] {taskinstance.py:2890} INFO - Executing <Task(PythonOperator): print_hello_task> on 2025-04-06 06:15:33.940875+00:00
[2025-04-06T06:15:42.805+0000] {warnings.py:112} WARNING - /home/***/.local/lib/python3.12/site-packages/***/task/task_runner/standard_task_runner.py:70: DeprecationWarning: This process (pid=1239) is multi-threaded, use of fork() may lead to deadlocks in the child.
  pid = os.fork()

[2025-04-06T06:15:42.809+0000] {standard_task_runner.py:72} INFO - Started process 1267 to run task
[2025-04-06T06:15:42.809+0000] {standard_task_runner.py:104} INFO - Running: ['***', 'tasks', 'run', 'print_hello', 'print_hello_task', 'manual__2025-04-06T06:15:33.940875+00:00', '--job-id', '260', '--raw', '--subdir', 'DAGS_FOLDER/print_hello.py', '--cfg-path', '/tmp/tmp74__piqd']
[2025-04-06T06:15:42.811+0000] {standard_task_runner.py:105} INFO - Job 260: Subtask print_hello_task
[2025-04-06T06:15:42.911+0000] {task_command.py:467} INFO - Running <TaskInstance: print_hello.print_hello_task manual__2025-04-06T06:15:33.940875+00:00 [running]> on host 5991717e768c
[2025-04-06T06:15:43.104+0000] {taskinstance.py:3134} INFO - Exporting env vars: AIRFLOW_CTX_DAG_OWNER='Esayed' AIRFLOW_CTX_DAG_ID='print_hello' AIRFLOW_CTX_TASK_ID='print_hello_task' AIRFLOW_CTX_EXECUTION_DATE='2025-04-06T06:15:33.940875+00:00' AIRFLOW_CTX_TRY_NUMBER='1' AIRFLOW_CTX_DAG_RUN_ID='manual__2025-04-06T06:15:33.940875+00:00'
[2025-04-06T06:15:43.107+0000] {logging_mixin.py:190} INFO - Task instance is in running state
[2025-04-06T06:15:43.108+0000] {logging_mixin.py:190} INFO -  Previous state of the Task instance: queued
[2025-04-06T06:15:43.109+0000] {logging_mixin.py:190} INFO - Current task name:print_hello_task state:running start_date:2025-04-06 06:15:42.496740+00:00
[2025-04-06T06:15:43.111+0000] {logging_mixin.py:190} INFO - Dag name:print_hello and current dag run status:running
[2025-04-06T06:15:43.112+0000] {taskinstance.py:732} INFO - ::endgroup::
[2025-04-06T06:15:43.114+0000] {logging_mixin.py:190} INFO - hello
[2025-04-06T06:15:43.116+0000] {python.py:240} INFO - Done. Returned value was: None
[2025-04-06T06:15:43.139+0000] {taskinstance.py:341} INFO - ::group::Post task execution logs
[2025-04-06T06:15:43.140+0000] {taskinstance.py:353} INFO - Marking task as SUCCESS. dag_id=print_hello, task_id=print_hello_task, run_id=manual__2025-04-06T06:15:33.940875+00:00, execution_date=20250406T061533, start_date=20250406T061542, end_date=20250406T061543
[2025-04-06T06:15:43.197+0000] {logging_mixin.py:190} INFO - Task instance in success state
[2025-04-06T06:15:43.199+0000] {logging_mixin.py:190} INFO -  Previous state of the Task instance: running
[2025-04-06T06:15:43.200+0000] {logging_mixin.py:190} INFO - Dag name:print_hello queued_at:2025-04-06 06:15:34.027953+00:00
[2025-04-06T06:15:43.201+0000] {logging_mixin.py:190} INFO - Task hostname:5991717e768c operator:PythonOperator
[2025-04-06T06:15:43.270+0000] {local_task_job_runner.py:266} INFO - Task exited with return code 0
[2025-04-06T06:15:43.312+0000] {taskinstance.py:3901} INFO - 1 downstream tasks scheduled from follow-on schedule check
[2025-04-06T06:15:43.325+0000] {local_task_job_runner.py:245} INFO - ::endgroup::
