[2025-04-06T06:03:25.856+0000] {local_task_job_runner.py:123} INFO - ::group::Pre task execution logs
[2025-04-06T06:03:25.891+0000] {taskinstance.py:2614} INFO - Dependencies all met for dep_context=non-requeueable deps ti=<TaskInstance: print_hello.save_to_csv_task scheduled__2025-04-05T00:46:00+00:00 [queued]>
[2025-04-06T06:03:25.913+0000] {taskinstance.py:2614} INFO - Dependencies all met for dep_context=requeueable deps ti=<TaskInstance: print_hello.save_to_csv_task scheduled__2025-04-05T00:46:00+00:00 [queued]>
[2025-04-06T06:03:25.914+0000] {taskinstance.py:2867} INFO - Starting attempt 1 of 2
[2025-04-06T06:03:26.225+0000] {taskinstance.py:2890} INFO - Executing <Task(PythonOperator): save_to_csv_task> on 2025-04-05 00:46:00+00:00
[2025-04-06T06:03:26.239+0000] {warnings.py:112} WARNING - /home/***/.local/lib/python3.12/site-packages/***/task/task_runner/standard_task_runner.py:70: DeprecationWarning: This process (pid=478) is multi-threaded, use of fork() may lead to deadlocks in the child.
  pid = os.fork()

[2025-04-06T06:03:26.241+0000] {standard_task_runner.py:72} INFO - Started process 506 to run task
[2025-04-06T06:03:26.241+0000] {standard_task_runner.py:104} INFO - Running: ['***', 'tasks', 'run', 'print_hello', 'save_to_csv_task', 'scheduled__2025-04-05T00:46:00+00:00', '--job-id', '109', '--raw', '--subdir', 'DAGS_FOLDER/print_hello.py', '--cfg-path', '/tmp/tmpr6xmk4qr']
[2025-04-06T06:03:26.243+0000] {standard_task_runner.py:105} INFO - Job 109: Subtask save_to_csv_task
[2025-04-06T06:03:26.306+0000] {task_command.py:467} INFO - Running <TaskInstance: print_hello.save_to_csv_task scheduled__2025-04-05T00:46:00+00:00 [running]> on host 5991717e768c
[2025-04-06T06:03:26.431+0000] {taskinstance.py:3134} INFO - Exporting env vars: AIRFLOW_CTX_DAG_OWNER='Esayed' AIRFLOW_CTX_DAG_ID='print_hello' AIRFLOW_CTX_TASK_ID='save_to_csv_task' AIRFLOW_CTX_EXECUTION_DATE='2025-04-05T00:46:00+00:00' AIRFLOW_CTX_TRY_NUMBER='1' AIRFLOW_CTX_DAG_RUN_ID='scheduled__2025-04-05T00:46:00+00:00'
[2025-04-06T06:03:26.433+0000] {logging_mixin.py:190} INFO - Task instance is in running state
[2025-04-06T06:03:26.434+0000] {logging_mixin.py:190} INFO -  Previous state of the Task instance: queued
[2025-04-06T06:03:26.435+0000] {logging_mixin.py:190} INFO - Current task name:save_to_csv_task state:running start_date:2025-04-06 06:03:25.892912+00:00
[2025-04-06T06:03:26.436+0000] {logging_mixin.py:190} INFO - Dag name:print_hello and current dag run status:running
[2025-04-06T06:03:26.437+0000] {taskinstance.py:732} INFO - ::endgroup::
[2025-04-06T06:03:26.446+0000] {python.py:240} INFO - Done. Returned value was: None
[2025-04-06T06:03:26.459+0000] {taskinstance.py:341} INFO - ::group::Post task execution logs
[2025-04-06T06:03:26.460+0000] {taskinstance.py:353} INFO - Marking task as SUCCESS. dag_id=print_hello, task_id=save_to_csv_task, run_id=scheduled__2025-04-05T00:46:00+00:00, execution_date=20250405T004600, start_date=20250406T060325, end_date=20250406T060326
[2025-04-06T06:03:26.500+0000] {logging_mixin.py:190} INFO - Task instance in success state
[2025-04-06T06:03:26.501+0000] {logging_mixin.py:190} INFO -  Previous state of the Task instance: running
[2025-04-06T06:03:26.501+0000] {logging_mixin.py:190} INFO - Dag name:print_hello queued_at:2025-04-06 06:03:15.402951+00:00
[2025-04-06T06:03:26.502+0000] {logging_mixin.py:190} INFO - Task hostname:5991717e768c operator:PythonOperator
[2025-04-06T06:03:26.538+0000] {local_task_job_runner.py:266} INFO - Task exited with return code 0
[2025-04-06T06:03:26.559+0000] {taskinstance.py:3901} INFO - 0 downstream tasks scheduled from follow-on schedule check
[2025-04-06T06:03:26.563+0000] {local_task_job_runner.py:245} INFO - ::endgroup::
[2025-04-06T06:15:40.997+0000] {local_task_job_runner.py:123} INFO - ::group::Pre task execution logs
[2025-04-06T06:15:41.042+0000] {taskinstance.py:2614} INFO - Dependencies all met for dep_context=non-requeueable deps ti=<TaskInstance: print_hello.save_to_csv_task scheduled__2025-04-05T00:46:00+00:00 [queued]>
[2025-04-06T06:15:41.091+0000] {taskinstance.py:2614} INFO - Dependencies all met for dep_context=requeueable deps ti=<TaskInstance: print_hello.save_to_csv_task scheduled__2025-04-05T00:46:00+00:00 [queued]>
[2025-04-06T06:15:41.092+0000] {taskinstance.py:2867} INFO - Starting attempt 1 of 2
[2025-04-06T06:15:41.574+0000] {taskinstance.py:2890} INFO - Executing <Task(PythonOperator): save_to_csv_task> on 2025-04-05 00:46:00+00:00
[2025-04-06T06:15:41.590+0000] {warnings.py:112} WARNING - /home/***/.local/lib/python3.12/site-packages/***/task/task_runner/standard_task_runner.py:70: DeprecationWarning: This process (pid=1216) is multi-threaded, use of fork() may lead to deadlocks in the child.
  pid = os.fork()

[2025-04-06T06:15:41.593+0000] {standard_task_runner.py:72} INFO - Started process 1263 to run task
[2025-04-06T06:15:41.594+0000] {standard_task_runner.py:104} INFO - Running: ['***', 'tasks', 'run', 'print_hello', 'save_to_csv_task', 'scheduled__2025-04-05T00:46:00+00:00', '--job-id', '258', '--raw', '--subdir', 'DAGS_FOLDER/print_hello.py', '--cfg-path', '/tmp/tmpw64z8lr_']
[2025-04-06T06:15:41.596+0000] {standard_task_runner.py:105} INFO - Job 258: Subtask save_to_csv_task
[2025-04-06T06:15:41.678+0000] {task_command.py:467} INFO - Running <TaskInstance: print_hello.save_to_csv_task scheduled__2025-04-05T00:46:00+00:00 [running]> on host 5991717e768c
[2025-04-06T06:15:41.837+0000] {taskinstance.py:3134} INFO - Exporting env vars: AIRFLOW_CTX_DAG_OWNER='Esayed' AIRFLOW_CTX_DAG_ID='print_hello' AIRFLOW_CTX_TASK_ID='save_to_csv_task' AIRFLOW_CTX_EXECUTION_DATE='2025-04-05T00:46:00+00:00' AIRFLOW_CTX_TRY_NUMBER='1' AIRFLOW_CTX_DAG_RUN_ID='scheduled__2025-04-05T00:46:00+00:00'
[2025-04-06T06:15:41.839+0000] {logging_mixin.py:190} INFO - Task instance is in running state
[2025-04-06T06:15:41.841+0000] {logging_mixin.py:190} INFO -  Previous state of the Task instance: queued
[2025-04-06T06:15:41.842+0000] {logging_mixin.py:190} INFO - Current task name:save_to_csv_task state:running start_date:2025-04-06 06:15:41.043553+00:00
[2025-04-06T06:15:41.843+0000] {logging_mixin.py:190} INFO - Dag name:print_hello and current dag run status:running
[2025-04-06T06:15:41.844+0000] {taskinstance.py:732} INFO - ::endgroup::
[2025-04-06T06:15:41.857+0000] {python.py:240} INFO - Done. Returned value was: None
[2025-04-06T06:15:41.875+0000] {taskinstance.py:341} INFO - ::group::Post task execution logs
[2025-04-06T06:15:41.876+0000] {taskinstance.py:353} INFO - Marking task as SUCCESS. dag_id=print_hello, task_id=save_to_csv_task, run_id=scheduled__2025-04-05T00:46:00+00:00, execution_date=20250405T004600, start_date=20250406T061541, end_date=20250406T061541
[2025-04-06T06:15:41.919+0000] {logging_mixin.py:190} INFO - Task instance in success state
[2025-04-06T06:15:41.920+0000] {logging_mixin.py:190} INFO -  Previous state of the Task instance: running
[2025-04-06T06:15:41.921+0000] {logging_mixin.py:190} INFO - Dag name:print_hello queued_at:2025-04-06 06:15:29.571550+00:00
[2025-04-06T06:15:41.922+0000] {logging_mixin.py:190} INFO - Task hostname:5991717e768c operator:PythonOperator
[2025-04-06T06:15:41.971+0000] {local_task_job_runner.py:266} INFO - Task exited with return code 0
[2025-04-06T06:15:42.002+0000] {taskinstance.py:3901} INFO - 0 downstream tasks scheduled from follow-on schedule check
[2025-04-06T06:15:42.006+0000] {local_task_job_runner.py:245} INFO - ::endgroup::
