[2025-04-06T06:03:43.043+0000] {local_task_job_runner.py:123} INFO - ::group::Pre task execution logs
[2025-04-06T06:03:43.077+0000] {taskinstance.py:2614} INFO - Dependencies all met for dep_context=non-requeueable deps ti=<TaskInstance: print_hello.print_hello_task scheduled__2025-04-05T00:59:00+00:00 [queued]>
[2025-04-06T06:03:43.098+0000] {taskinstance.py:2614} INFO - Dependencies all met for dep_context=requeueable deps ti=<TaskInstance: print_hello.print_hello_task scheduled__2025-04-05T00:59:00+00:00 [queued]>
[2025-04-06T06:03:43.099+0000] {taskinstance.py:2867} INFO - Starting attempt 1 of 2
[2025-04-06T06:03:43.519+0000] {taskinstance.py:2890} INFO - Executing <Task(PythonOperator): print_hello_task> on 2025-04-05 00:59:00+00:00
[2025-04-06T06:03:43.541+0000] {warnings.py:112} WARNING - /home/***/.local/lib/python3.12/site-packages/***/task/task_runner/standard_task_runner.py:70: DeprecationWarning: This process (pid=597) is multi-threaded, use of fork() may lead to deadlocks in the child.
  pid = os.fork()

[2025-04-06T06:03:43.545+0000] {standard_task_runner.py:72} INFO - Started process 626 to run task
[2025-04-06T06:03:43.550+0000] {standard_task_runner.py:104} INFO - Running: ['***', 'tasks', 'run', 'print_hello', 'print_hello_task', 'scheduled__2025-04-05T00:59:00+00:00', '--job-id', '133', '--raw', '--subdir', 'DAGS_FOLDER/print_hello.py', '--cfg-path', '/tmp/tmpqd54tk6r']
[2025-04-06T06:03:43.558+0000] {standard_task_runner.py:105} INFO - Job 133: Subtask print_hello_task
[2025-04-06T06:03:43.745+0000] {task_command.py:467} INFO - Running <TaskInstance: print_hello.print_hello_task scheduled__2025-04-05T00:59:00+00:00 [running]> on host 5991717e768c
[2025-04-06T06:03:44.040+0000] {taskinstance.py:3134} INFO - Exporting env vars: AIRFLOW_CTX_DAG_OWNER='Esayed' AIRFLOW_CTX_DAG_ID='print_hello' AIRFLOW_CTX_TASK_ID='print_hello_task' AIRFLOW_CTX_EXECUTION_DATE='2025-04-05T00:59:00+00:00' AIRFLOW_CTX_TRY_NUMBER='1' AIRFLOW_CTX_DAG_RUN_ID='scheduled__2025-04-05T00:59:00+00:00'
[2025-04-06T06:03:44.045+0000] {logging_mixin.py:190} INFO - Task instance is in running state
[2025-04-06T06:03:44.047+0000] {logging_mixin.py:190} INFO -  Previous state of the Task instance: queued
[2025-04-06T06:03:44.048+0000] {logging_mixin.py:190} INFO - Current task name:print_hello_task state:running start_date:2025-04-06 06:03:43.079523+00:00
[2025-04-06T06:03:44.049+0000] {logging_mixin.py:190} INFO - Dag name:print_hello and current dag run status:running
[2025-04-06T06:03:44.051+0000] {taskinstance.py:732} INFO - ::endgroup::
[2025-04-06T06:03:44.053+0000] {logging_mixin.py:190} INFO - hello
[2025-04-06T06:03:44.055+0000] {python.py:240} INFO - Done. Returned value was: None
[2025-04-06T06:03:44.081+0000] {taskinstance.py:341} INFO - ::group::Post task execution logs
[2025-04-06T06:03:44.082+0000] {taskinstance.py:353} INFO - Marking task as SUCCESS. dag_id=print_hello, task_id=print_hello_task, run_id=scheduled__2025-04-05T00:59:00+00:00, execution_date=20250405T005900, start_date=20250406T060343, end_date=20250406T060344
[2025-04-06T06:03:44.422+0000] {logging_mixin.py:190} INFO - Task instance in success state
[2025-04-06T06:03:44.425+0000] {logging_mixin.py:190} INFO -  Previous state of the Task instance: running
[2025-04-06T06:03:44.427+0000] {logging_mixin.py:190} INFO - Dag name:print_hello queued_at:2025-04-06 06:03:40.235378+00:00
[2025-04-06T06:03:44.428+0000] {logging_mixin.py:190} INFO - Task hostname:5991717e768c operator:PythonOperator
[2025-04-06T06:03:44.487+0000] {local_task_job_runner.py:266} INFO - Task exited with return code 0
[2025-04-06T06:03:44.569+0000] {taskinstance.py:3901} INFO - 1 downstream tasks scheduled from follow-on schedule check
[2025-04-06T06:03:44.598+0000] {local_task_job_runner.py:245} INFO - ::endgroup::
[2025-04-06T06:15:52.837+0000] {local_task_job_runner.py:123} INFO - ::group::Pre task execution logs
[2025-04-06T06:15:52.899+0000] {taskinstance.py:2614} INFO - Dependencies all met for dep_context=non-requeueable deps ti=<TaskInstance: print_hello.print_hello_task scheduled__2025-04-05T00:59:00+00:00 [queued]>
[2025-04-06T06:15:52.974+0000] {taskinstance.py:2614} INFO - Dependencies all met for dep_context=requeueable deps ti=<TaskInstance: print_hello.print_hello_task scheduled__2025-04-05T00:59:00+00:00 [queued]>
[2025-04-06T06:15:52.975+0000] {taskinstance.py:2867} INFO - Starting attempt 1 of 2
[2025-04-06T06:15:53.549+0000] {taskinstance.py:2890} INFO - Executing <Task(PythonOperator): print_hello_task> on 2025-04-05 00:59:00+00:00
[2025-04-06T06:15:53.580+0000] {warnings.py:112} WARNING - /home/***/.local/lib/python3.12/site-packages/***/task/task_runner/standard_task_runner.py:70: DeprecationWarning: This process (pid=1297) is multi-threaded, use of fork() may lead to deadlocks in the child.
  pid = os.fork()

[2025-04-06T06:15:53.583+0000] {standard_task_runner.py:104} INFO - Running: ['***', 'tasks', 'run', 'print_hello', 'print_hello_task', 'scheduled__2025-04-05T00:59:00+00:00', '--job-id', '275', '--raw', '--subdir', 'DAGS_FOLDER/print_hello.py', '--cfg-path', '/tmp/tmpdjwf0sl3']
[2025-04-06T06:15:53.584+0000] {standard_task_runner.py:72} INFO - Started process 1346 to run task
[2025-04-06T06:15:53.585+0000] {standard_task_runner.py:105} INFO - Job 275: Subtask print_hello_task
[2025-04-06T06:15:53.713+0000] {task_command.py:467} INFO - Running <TaskInstance: print_hello.print_hello_task scheduled__2025-04-05T00:59:00+00:00 [running]> on host 5991717e768c
[2025-04-06T06:15:53.953+0000] {taskinstance.py:3134} INFO - Exporting env vars: AIRFLOW_CTX_DAG_OWNER='Esayed' AIRFLOW_CTX_DAG_ID='print_hello' AIRFLOW_CTX_TASK_ID='print_hello_task' AIRFLOW_CTX_EXECUTION_DATE='2025-04-05T00:59:00+00:00' AIRFLOW_CTX_TRY_NUMBER='1' AIRFLOW_CTX_DAG_RUN_ID='scheduled__2025-04-05T00:59:00+00:00'
[2025-04-06T06:15:53.956+0000] {logging_mixin.py:190} INFO - Task instance is in running state
[2025-04-06T06:15:53.960+0000] {logging_mixin.py:190} INFO -  Previous state of the Task instance: queued
[2025-04-06T06:15:53.962+0000] {logging_mixin.py:190} INFO - Current task name:print_hello_task state:running start_date:2025-04-06 06:15:52.903560+00:00
[2025-04-06T06:15:53.964+0000] {logging_mixin.py:190} INFO - Dag name:print_hello and current dag run status:running
[2025-04-06T06:15:53.966+0000] {taskinstance.py:732} INFO - ::endgroup::
[2025-04-06T06:15:53.968+0000] {logging_mixin.py:190} INFO - hello
[2025-04-06T06:15:53.969+0000] {python.py:240} INFO - Done. Returned value was: None
[2025-04-06T06:15:53.990+0000] {taskinstance.py:341} INFO - ::group::Post task execution logs
[2025-04-06T06:15:53.992+0000] {taskinstance.py:353} INFO - Marking task as SUCCESS. dag_id=print_hello, task_id=print_hello_task, run_id=scheduled__2025-04-05T00:59:00+00:00, execution_date=20250405T005900, start_date=20250406T061552, end_date=20250406T061553
[2025-04-06T06:15:54.104+0000] {logging_mixin.py:190} INFO - Task instance in success state
[2025-04-06T06:15:54.105+0000] {logging_mixin.py:190} INFO -  Previous state of the Task instance: running
[2025-04-06T06:15:54.108+0000] {logging_mixin.py:190} INFO - Dag name:print_hello queued_at:2025-04-06 06:15:47.585305+00:00
[2025-04-06T06:15:54.110+0000] {logging_mixin.py:190} INFO - Task hostname:5991717e768c operator:PythonOperator
[2025-04-06T06:15:54.200+0000] {local_task_job_runner.py:266} INFO - Task exited with return code 0
[2025-04-06T06:15:54.275+0000] {taskinstance.py:3901} INFO - 1 downstream tasks scheduled from follow-on schedule check
[2025-04-06T06:15:54.301+0000] {local_task_job_runner.py:245} INFO - ::endgroup::
