[2025-04-06T06:33:59.918+0000] {local_task_job_runner.py:123} INFO - ::group::Pre task execution logs
[2025-04-06T06:34:00.012+0000] {taskinstance.py:2614} INFO - Dependencies all met for dep_context=non-requeueable deps ti=<TaskInstance: print_hello2.save_to_csv_task scheduled__2025-04-05T00:30:00+00:00 [queued]>
[2025-04-06T06:34:00.142+0000] {taskinstance.py:2614} INFO - Dependencies all met for dep_context=requeueable deps ti=<TaskInstance: print_hello2.save_to_csv_task scheduled__2025-04-05T00:30:00+00:00 [queued]>
[2025-04-06T06:34:00.152+0000] {taskinstance.py:2867} INFO - Starting attempt 1 of 2
[2025-04-06T06:34:00.602+0000] {taskinstance.py:2890} INFO - Executing <Task(PythonOperator): save_to_csv_task> on 2025-04-05 00:30:00+00:00
[2025-04-06T06:34:00.746+0000] {warnings.py:112} WARNING - /home/***/.local/lib/python3.12/site-packages/***/task/task_runner/standard_task_runner.py:70: DeprecationWarning: This process (pid=1670) is multi-threaded, use of fork() may lead to deadlocks in the child.
  pid = os.fork()

[2025-04-06T06:34:00.755+0000] {standard_task_runner.py:72} INFO - Started process 1693 to run task
[2025-04-06T06:34:00.766+0000] {standard_task_runner.py:104} INFO - Running: ['***', 'tasks', 'run', 'print_hello2', 'save_to_csv_task', 'scheduled__2025-04-05T00:30:00+00:00', '--job-id', '305', '--raw', '--subdir', 'DAGS_FOLDER/print_hello.py', '--cfg-path', '/tmp/tmpujmkyv1s']
[2025-04-06T06:34:00.783+0000] {standard_task_runner.py:105} INFO - Job 305: Subtask save_to_csv_task
[2025-04-06T06:34:01.004+0000] {task_command.py:467} INFO - Running <TaskInstance: print_hello2.save_to_csv_task scheduled__2025-04-05T00:30:00+00:00 [running]> on host 5991717e768c
[2025-04-06T06:34:01.224+0000] {taskinstance.py:3134} INFO - Exporting env vars: AIRFLOW_CTX_DAG_OWNER='Esayed' AIRFLOW_CTX_DAG_ID='print_hello2' AIRFLOW_CTX_TASK_ID='save_to_csv_task' AIRFLOW_CTX_EXECUTION_DATE='2025-04-05T00:30:00+00:00' AIRFLOW_CTX_TRY_NUMBER='1' AIRFLOW_CTX_DAG_RUN_ID='scheduled__2025-04-05T00:30:00+00:00'
[2025-04-06T06:34:01.232+0000] {logging_mixin.py:190} INFO - Task instance is in running state
[2025-04-06T06:34:01.234+0000] {logging_mixin.py:190} INFO -  Previous state of the Task instance: queued
[2025-04-06T06:34:01.242+0000] {logging_mixin.py:190} INFO - Current task name:save_to_csv_task state:running start_date:2025-04-06 06:34:00.016484+00:00
[2025-04-06T06:34:01.246+0000] {logging_mixin.py:190} INFO - Dag name:print_hello2 and current dag run status:running
[2025-04-06T06:34:01.247+0000] {taskinstance.py:732} INFO - ::endgroup::
[2025-04-06T06:34:01.272+0000] {python.py:240} INFO - Done. Returned value was: None
[2025-04-06T06:34:01.302+0000] {taskinstance.py:341} INFO - ::group::Post task execution logs
[2025-04-06T06:34:01.304+0000] {taskinstance.py:353} INFO - Marking task as SUCCESS. dag_id=print_hello2, task_id=save_to_csv_task, run_id=scheduled__2025-04-05T00:30:00+00:00, execution_date=20250405T003000, start_date=20250406T063400, end_date=20250406T063401
[2025-04-06T06:34:01.410+0000] {logging_mixin.py:190} INFO - Task instance in success state
[2025-04-06T06:34:01.415+0000] {logging_mixin.py:190} INFO -  Previous state of the Task instance: running
[2025-04-06T06:34:01.417+0000] {logging_mixin.py:190} INFO - Dag name:print_hello2 queued_at:2025-04-06 06:32:25.043481+00:00
[2025-04-06T06:34:01.419+0000] {logging_mixin.py:190} INFO - Task hostname:5991717e768c operator:PythonOperator
[2025-04-06T06:34:01.523+0000] {local_task_job_runner.py:266} INFO - Task exited with return code 0
[2025-04-06T06:34:01.600+0000] {taskinstance.py:3901} INFO - 0 downstream tasks scheduled from follow-on schedule check
[2025-04-06T06:34:01.608+0000] {local_task_job_runner.py:245} INFO - ::endgroup::
[2025-04-06T06:34:59.082+0000] {local_task_job_runner.py:123} INFO - ::group::Pre task execution logs
[2025-04-06T06:34:59.122+0000] {taskinstance.py:2614} INFO - Dependencies all met for dep_context=non-requeueable deps ti=<TaskInstance: print_hello2.save_to_csv_task scheduled__2025-04-05T00:30:00+00:00 [queued]>
[2025-04-06T06:34:59.150+0000] {taskinstance.py:2614} INFO - Dependencies all met for dep_context=requeueable deps ti=<TaskInstance: print_hello2.save_to_csv_task scheduled__2025-04-05T00:30:00+00:00 [queued]>
[2025-04-06T06:34:59.151+0000] {taskinstance.py:2867} INFO - Starting attempt 1 of 2
[2025-04-06T06:34:59.481+0000] {taskinstance.py:2890} INFO - Executing <Task(PythonOperator): save_to_csv_task> on 2025-04-05 00:30:00+00:00
[2025-04-06T06:34:59.497+0000] {warnings.py:112} WARNING - /home/***/.local/lib/python3.12/site-packages/***/task/task_runner/standard_task_runner.py:70: DeprecationWarning: This process (pid=1784) is multi-threaded, use of fork() may lead to deadlocks in the child.
  pid = os.fork()

[2025-04-06T06:34:59.501+0000] {standard_task_runner.py:72} INFO - Started process 1827 to run task
[2025-04-06T06:34:59.502+0000] {standard_task_runner.py:104} INFO - Running: ['***', 'tasks', 'run', 'print_hello2', 'save_to_csv_task', 'scheduled__2025-04-05T00:30:00+00:00', '--job-id', '338', '--raw', '--subdir', 'DAGS_FOLDER/print_hello.py', '--cfg-path', '/tmp/tmpb7bebyey']
[2025-04-06T06:34:59.504+0000] {standard_task_runner.py:105} INFO - Job 338: Subtask save_to_csv_task
[2025-04-06T06:34:59.595+0000] {task_command.py:467} INFO - Running <TaskInstance: print_hello2.save_to_csv_task scheduled__2025-04-05T00:30:00+00:00 [running]> on host 5991717e768c
[2025-04-06T06:34:59.755+0000] {taskinstance.py:3134} INFO - Exporting env vars: AIRFLOW_CTX_DAG_OWNER='Esayed' AIRFLOW_CTX_DAG_ID='print_hello2' AIRFLOW_CTX_TASK_ID='save_to_csv_task' AIRFLOW_CTX_EXECUTION_DATE='2025-04-05T00:30:00+00:00' AIRFLOW_CTX_TRY_NUMBER='1' AIRFLOW_CTX_DAG_RUN_ID='scheduled__2025-04-05T00:30:00+00:00'
[2025-04-06T06:34:59.758+0000] {logging_mixin.py:190} INFO - Task instance is in running state
[2025-04-06T06:34:59.759+0000] {logging_mixin.py:190} INFO -  Previous state of the Task instance: queued
[2025-04-06T06:34:59.760+0000] {logging_mixin.py:190} INFO - Current task name:save_to_csv_task state:running start_date:2025-04-06 06:34:59.123511+00:00
[2025-04-06T06:34:59.761+0000] {logging_mixin.py:190} INFO - Dag name:print_hello2 and current dag run status:running
[2025-04-06T06:34:59.762+0000] {taskinstance.py:732} INFO - ::endgroup::
[2025-04-06T06:34:59.776+0000] {python.py:240} INFO - Done. Returned value was: None
[2025-04-06T06:34:59.793+0000] {taskinstance.py:341} INFO - ::group::Post task execution logs
[2025-04-06T06:34:59.795+0000] {taskinstance.py:353} INFO - Marking task as SUCCESS. dag_id=print_hello2, task_id=save_to_csv_task, run_id=scheduled__2025-04-05T00:30:00+00:00, execution_date=20250405T003000, start_date=20250406T063459, end_date=20250406T063459
[2025-04-06T06:34:59.843+0000] {logging_mixin.py:190} INFO - Task instance in success state
[2025-04-06T06:34:59.844+0000] {logging_mixin.py:190} INFO -  Previous state of the Task instance: running
[2025-04-06T06:34:59.846+0000] {logging_mixin.py:190} INFO - Dag name:print_hello2 queued_at:2025-04-06 06:34:47.401736+00:00
[2025-04-06T06:34:59.847+0000] {logging_mixin.py:190} INFO - Task hostname:5991717e768c operator:PythonOperator
[2025-04-06T06:34:59.880+0000] {local_task_job_runner.py:266} INFO - Task exited with return code 0
[2025-04-06T06:34:59.911+0000] {taskinstance.py:3901} INFO - 0 downstream tasks scheduled from follow-on schedule check
[2025-04-06T06:34:59.916+0000] {local_task_job_runner.py:245} INFO - ::endgroup::
[2025-04-06T06:36:35.825+0000] {local_task_job_runner.py:123} INFO - ::group::Pre task execution logs
[2025-04-06T06:36:35.865+0000] {taskinstance.py:2614} INFO - Dependencies all met for dep_context=non-requeueable deps ti=<TaskInstance: print_hello2.save_to_csv_task scheduled__2025-04-05T00:30:00+00:00 [queued]>
[2025-04-06T06:36:35.893+0000] {taskinstance.py:2614} INFO - Dependencies all met for dep_context=requeueable deps ti=<TaskInstance: print_hello2.save_to_csv_task scheduled__2025-04-05T00:30:00+00:00 [queued]>
[2025-04-06T06:36:35.894+0000] {taskinstance.py:2867} INFO - Starting attempt 1 of 2
[2025-04-06T06:36:36.224+0000] {taskinstance.py:2890} INFO - Executing <Task(PythonOperator): save_to_csv_task> on 2025-04-05 00:30:00+00:00
[2025-04-06T06:36:36.239+0000] {warnings.py:112} WARNING - /home/***/.local/lib/python3.12/site-packages/***/task/task_runner/standard_task_runner.py:70: DeprecationWarning: This process (pid=2086) is multi-threaded, use of fork() may lead to deadlocks in the child.
  pid = os.fork()

[2025-04-06T06:36:36.242+0000] {standard_task_runner.py:72} INFO - Started process 2119 to run task
[2025-04-06T06:36:36.241+0000] {standard_task_runner.py:104} INFO - Running: ['***', 'tasks', 'run', 'print_hello2', 'save_to_csv_task', 'scheduled__2025-04-05T00:30:00+00:00', '--job-id', '407', '--raw', '--subdir', 'DAGS_FOLDER/print_hello.py', '--cfg-path', '/tmp/tmpl1z9o1u7']
[2025-04-06T06:36:36.243+0000] {standard_task_runner.py:105} INFO - Job 407: Subtask save_to_csv_task
[2025-04-06T06:36:36.332+0000] {task_command.py:467} INFO - Running <TaskInstance: print_hello2.save_to_csv_task scheduled__2025-04-05T00:30:00+00:00 [running]> on host 5991717e768c
[2025-04-06T06:36:36.477+0000] {taskinstance.py:3134} INFO - Exporting env vars: AIRFLOW_CTX_DAG_OWNER='Esayed' AIRFLOW_CTX_DAG_ID='print_hello2' AIRFLOW_CTX_TASK_ID='save_to_csv_task' AIRFLOW_CTX_EXECUTION_DATE='2025-04-05T00:30:00+00:00' AIRFLOW_CTX_TRY_NUMBER='1' AIRFLOW_CTX_DAG_RUN_ID='scheduled__2025-04-05T00:30:00+00:00'
[2025-04-06T06:36:36.479+0000] {logging_mixin.py:190} INFO - Task instance is in running state
[2025-04-06T06:36:36.480+0000] {logging_mixin.py:190} INFO -  Previous state of the Task instance: queued
[2025-04-06T06:36:36.481+0000] {logging_mixin.py:190} INFO - Current task name:save_to_csv_task state:running start_date:2025-04-06 06:36:35.866540+00:00
[2025-04-06T06:36:36.482+0000] {logging_mixin.py:190} INFO - Dag name:print_hello2 and current dag run status:running
[2025-04-06T06:36:36.483+0000] {taskinstance.py:732} INFO - ::endgroup::
[2025-04-06T06:36:36.495+0000] {python.py:240} INFO - Done. Returned value was: None
[2025-04-06T06:36:36.511+0000] {taskinstance.py:341} INFO - ::group::Post task execution logs
[2025-04-06T06:36:36.512+0000] {taskinstance.py:353} INFO - Marking task as SUCCESS. dag_id=print_hello2, task_id=save_to_csv_task, run_id=scheduled__2025-04-05T00:30:00+00:00, execution_date=20250405T003000, start_date=20250406T063635, end_date=20250406T063636
[2025-04-06T06:36:36.552+0000] {logging_mixin.py:190} INFO - Task instance in success state
[2025-04-06T06:36:36.553+0000] {logging_mixin.py:190} INFO -  Previous state of the Task instance: running
[2025-04-06T06:36:36.554+0000] {logging_mixin.py:190} INFO - Dag name:print_hello2 queued_at:2025-04-06 06:36:22.825095+00:00
[2025-04-06T06:36:36.555+0000] {logging_mixin.py:190} INFO - Task hostname:5991717e768c operator:PythonOperator
[2025-04-06T06:36:36.580+0000] {local_task_job_runner.py:266} INFO - Task exited with return code 0
[2025-04-06T06:36:36.603+0000] {taskinstance.py:3901} INFO - 0 downstream tasks scheduled from follow-on schedule check
[2025-04-06T06:36:36.609+0000] {local_task_job_runner.py:245} INFO - ::endgroup::
