[2025-04-06T06:03:15.700+0000] {local_task_job_runner.py:123} INFO - ::group::Pre task execution logs
[2025-04-06T06:03:15.746+0000] {taskinstance.py:2614} INFO - Dependencies all met for dep_context=non-requeueable deps ti=<TaskInstance: print_hello.print_hello_task scheduled__2025-04-05T00:35:00+00:00 [queued]>
[2025-04-06T06:03:15.778+0000] {taskinstance.py:2614} INFO - Dependencies all met for dep_context=requeueable deps ti=<TaskInstance: print_hello.print_hello_task scheduled__2025-04-05T00:35:00+00:00 [queued]>
[2025-04-06T06:03:15.781+0000] {taskinstance.py:2867} INFO - Starting attempt 1 of 2
[2025-04-06T06:03:16.257+0000] {taskinstance.py:2890} INFO - Executing <Task(PythonOperator): print_hello_task> on 2025-04-05 00:35:00+00:00
[2025-04-06T06:03:16.281+0000] {warnings.py:112} WARNING - /home/***/.local/lib/python3.12/site-packages/***/task/task_runner/standard_task_runner.py:70: DeprecationWarning: This process (pid=382) is multi-threaded, use of fork() may lead to deadlocks in the child.
  pid = os.fork()

[2025-04-06T06:03:16.287+0000] {standard_task_runner.py:104} INFO - Running: ['***', 'tasks', 'run', 'print_hello', 'print_hello_task', 'scheduled__2025-04-05T00:35:00+00:00', '--job-id', '82', '--raw', '--subdir', 'DAGS_FOLDER/print_hello.py', '--cfg-path', '/tmp/tmp7j3uh_ma']
[2025-04-06T06:03:16.288+0000] {standard_task_runner.py:72} INFO - Started process 412 to run task
[2025-04-06T06:03:16.293+0000] {standard_task_runner.py:105} INFO - Job 82: Subtask print_hello_task
[2025-04-06T06:03:16.481+0000] {task_command.py:467} INFO - Running <TaskInstance: print_hello.print_hello_task scheduled__2025-04-05T00:35:00+00:00 [running]> on host 5991717e768c
[2025-04-06T06:03:16.742+0000] {taskinstance.py:3134} INFO - Exporting env vars: AIRFLOW_CTX_DAG_OWNER='Esayed' AIRFLOW_CTX_DAG_ID='print_hello' AIRFLOW_CTX_TASK_ID='print_hello_task' AIRFLOW_CTX_EXECUTION_DATE='2025-04-05T00:35:00+00:00' AIRFLOW_CTX_TRY_NUMBER='1' AIRFLOW_CTX_DAG_RUN_ID='scheduled__2025-04-05T00:35:00+00:00'
[2025-04-06T06:03:16.745+0000] {logging_mixin.py:190} INFO - Task instance is in running state
[2025-04-06T06:03:16.748+0000] {logging_mixin.py:190} INFO -  Previous state of the Task instance: queued
[2025-04-06T06:03:16.751+0000] {logging_mixin.py:190} INFO - Current task name:print_hello_task state:running start_date:2025-04-06 06:03:15.747579+00:00
[2025-04-06T06:03:16.753+0000] {logging_mixin.py:190} INFO - Dag name:print_hello and current dag run status:running
[2025-04-06T06:03:16.756+0000] {taskinstance.py:732} INFO - ::endgroup::
[2025-04-06T06:03:16.758+0000] {logging_mixin.py:190} INFO - hello
[2025-04-06T06:03:16.760+0000] {python.py:240} INFO - Done. Returned value was: None
[2025-04-06T06:03:16.829+0000] {taskinstance.py:341} INFO - ::group::Post task execution logs
[2025-04-06T06:03:16.831+0000] {taskinstance.py:353} INFO - Marking task as SUCCESS. dag_id=print_hello, task_id=print_hello_task, run_id=scheduled__2025-04-05T00:35:00+00:00, execution_date=20250405T003500, start_date=20250406T060315, end_date=20250406T060316
[2025-04-06T06:03:16.989+0000] {logging_mixin.py:190} INFO - Task instance in success state
[2025-04-06T06:03:16.994+0000] {logging_mixin.py:190} INFO -  Previous state of the Task instance: running
[2025-04-06T06:03:16.996+0000] {logging_mixin.py:190} INFO - Dag name:print_hello queued_at:2025-04-06 06:03:12.053254+00:00
[2025-04-06T06:03:16.997+0000] {logging_mixin.py:190} INFO - Task hostname:5991717e768c operator:PythonOperator
[2025-04-06T06:03:17.057+0000] {local_task_job_runner.py:266} INFO - Task exited with return code 0
[2025-04-06T06:03:17.134+0000] {taskinstance.py:3901} INFO - 1 downstream tasks scheduled from follow-on schedule check
[2025-04-06T06:03:17.147+0000] {local_task_job_runner.py:245} INFO - ::endgroup::
[2025-04-06T06:15:29.767+0000] {local_task_job_runner.py:123} INFO - ::group::Pre task execution logs
[2025-04-06T06:15:29.826+0000] {taskinstance.py:2614} INFO - Dependencies all met for dep_context=non-requeueable deps ti=<TaskInstance: print_hello.print_hello_task scheduled__2025-04-05T00:35:00+00:00 [queued]>
[2025-04-06T06:15:29.850+0000] {taskinstance.py:2614} INFO - Dependencies all met for dep_context=requeueable deps ti=<TaskInstance: print_hello.print_hello_task scheduled__2025-04-05T00:35:00+00:00 [queued]>
[2025-04-06T06:15:29.851+0000] {taskinstance.py:2867} INFO - Starting attempt 1 of 2
[2025-04-06T06:15:30.463+0000] {taskinstance.py:2890} INFO - Executing <Task(PythonOperator): print_hello_task> on 2025-04-05 00:35:00+00:00
[2025-04-06T06:15:30.488+0000] {warnings.py:112} WARNING - /home/***/.local/lib/python3.12/site-packages/***/task/task_runner/standard_task_runner.py:70: DeprecationWarning: This process (pid=1134) is multi-threaded, use of fork() may lead to deadlocks in the child.
  pid = os.fork()

[2025-04-06T06:15:30.510+0000] {standard_task_runner.py:104} INFO - Running: ['***', 'tasks', 'run', 'print_hello', 'print_hello_task', 'scheduled__2025-04-05T00:35:00+00:00', '--job-id', '231', '--raw', '--subdir', 'DAGS_FOLDER/print_hello.py', '--cfg-path', '/tmp/tmpr9qfpsxb']
[2025-04-06T06:15:30.513+0000] {standard_task_runner.py:72} INFO - Started process 1164 to run task
[2025-04-06T06:15:30.533+0000] {standard_task_runner.py:105} INFO - Job 231: Subtask print_hello_task
[2025-04-06T06:15:30.689+0000] {task_command.py:467} INFO - Running <TaskInstance: print_hello.print_hello_task scheduled__2025-04-05T00:35:00+00:00 [running]> on host 5991717e768c
[2025-04-06T06:15:31.065+0000] {taskinstance.py:3134} INFO - Exporting env vars: AIRFLOW_CTX_DAG_OWNER='Esayed' AIRFLOW_CTX_DAG_ID='print_hello' AIRFLOW_CTX_TASK_ID='print_hello_task' AIRFLOW_CTX_EXECUTION_DATE='2025-04-05T00:35:00+00:00' AIRFLOW_CTX_TRY_NUMBER='1' AIRFLOW_CTX_DAG_RUN_ID='scheduled__2025-04-05T00:35:00+00:00'
[2025-04-06T06:15:31.069+0000] {logging_mixin.py:190} INFO - Task instance is in running state
[2025-04-06T06:15:31.070+0000] {logging_mixin.py:190} INFO -  Previous state of the Task instance: queued
[2025-04-06T06:15:31.072+0000] {logging_mixin.py:190} INFO - Current task name:print_hello_task state:running start_date:2025-04-06 06:15:29.828562+00:00
[2025-04-06T06:15:31.074+0000] {logging_mixin.py:190} INFO - Dag name:print_hello and current dag run status:running
[2025-04-06T06:15:31.077+0000] {taskinstance.py:732} INFO - ::endgroup::
[2025-04-06T06:15:31.079+0000] {logging_mixin.py:190} INFO - hello
[2025-04-06T06:15:31.080+0000] {python.py:240} INFO - Done. Returned value was: None
[2025-04-06T06:15:31.107+0000] {taskinstance.py:341} INFO - ::group::Post task execution logs
[2025-04-06T06:15:31.114+0000] {taskinstance.py:353} INFO - Marking task as SUCCESS. dag_id=print_hello, task_id=print_hello_task, run_id=scheduled__2025-04-05T00:35:00+00:00, execution_date=20250405T003500, start_date=20250406T061529, end_date=20250406T061531
[2025-04-06T06:15:31.257+0000] {logging_mixin.py:190} INFO - Task instance in success state
[2025-04-06T06:15:31.262+0000] {logging_mixin.py:190} INFO -  Previous state of the Task instance: running
[2025-04-06T06:15:31.266+0000] {logging_mixin.py:190} INFO - Dag name:print_hello queued_at:2025-04-06 06:15:26.670723+00:00
[2025-04-06T06:15:31.268+0000] {logging_mixin.py:190} INFO - Task hostname:5991717e768c operator:PythonOperator
[2025-04-06T06:15:31.360+0000] {local_task_job_runner.py:266} INFO - Task exited with return code 0
[2025-04-06T06:15:31.514+0000] {taskinstance.py:3901} INFO - 1 downstream tasks scheduled from follow-on schedule check
[2025-04-06T06:15:31.536+0000] {local_task_job_runner.py:245} INFO - ::endgroup::
