[2025-04-06T06:03:04.437+0000] {local_task_job_runner.py:123} INFO - ::group::Pre task execution logs
[2025-04-06T06:03:04.489+0000] {taskinstance.py:2614} INFO - Dependencies all met for dep_context=non-requeueable deps ti=<TaskInstance: print_hello.save_to_csv_task scheduled__2025-04-05T00:20:00+00:00 [queued]>
[2025-04-06T06:03:04.525+0000] {taskinstance.py:2614} INFO - Dependencies all met for dep_context=requeueable deps ti=<TaskInstance: print_hello.save_to_csv_task scheduled__2025-04-05T00:20:00+00:00 [queued]>
[2025-04-06T06:03:04.526+0000] {taskinstance.py:2867} INFO - Starting attempt 1 of 2
[2025-04-06T06:03:04.957+0000] {taskinstance.py:2890} INFO - Executing <Task(PythonOperator): save_to_csv_task> on 2025-04-05 00:20:00+00:00
[2025-04-06T06:03:04.975+0000] {warnings.py:112} WARNING - /home/***/.local/lib/python3.12/site-packages/***/task/task_runner/standard_task_runner.py:70: DeprecationWarning: This process (pid=304) is multi-threaded, use of fork() may lead to deadlocks in the child.
  pid = os.fork()

[2025-04-06T06:03:04.979+0000] {standard_task_runner.py:72} INFO - Started process 348 to run task
[2025-04-06T06:03:04.979+0000] {standard_task_runner.py:104} INFO - Running: ['***', 'tasks', 'run', 'print_hello', 'save_to_csv_task', 'scheduled__2025-04-05T00:20:00+00:00', '--job-id', '65', '--raw', '--subdir', 'DAGS_FOLDER/print_hello.py', '--cfg-path', '/tmp/tmpyl_7rxag']
[2025-04-06T06:03:04.982+0000] {standard_task_runner.py:105} INFO - Job 65: Subtask save_to_csv_task
[2025-04-06T06:03:05.083+0000] {task_command.py:467} INFO - Running <TaskInstance: print_hello.save_to_csv_task scheduled__2025-04-05T00:20:00+00:00 [running]> on host 5991717e768c
[2025-04-06T06:03:05.306+0000] {taskinstance.py:3134} INFO - Exporting env vars: AIRFLOW_CTX_DAG_OWNER='Esayed' AIRFLOW_CTX_DAG_ID='print_hello' AIRFLOW_CTX_TASK_ID='save_to_csv_task' AIRFLOW_CTX_EXECUTION_DATE='2025-04-05T00:20:00+00:00' AIRFLOW_CTX_TRY_NUMBER='1' AIRFLOW_CTX_DAG_RUN_ID='scheduled__2025-04-05T00:20:00+00:00'
[2025-04-06T06:03:05.314+0000] {logging_mixin.py:190} INFO - Task instance is in running state
[2025-04-06T06:03:05.315+0000] {logging_mixin.py:190} INFO -  Previous state of the Task instance: queued
[2025-04-06T06:03:05.318+0000] {logging_mixin.py:190} INFO - Current task name:save_to_csv_task state:running start_date:2025-04-06 06:03:04.490761+00:00
[2025-04-06T06:03:05.320+0000] {logging_mixin.py:190} INFO - Dag name:print_hello and current dag run status:running
[2025-04-06T06:03:05.321+0000] {taskinstance.py:732} INFO - ::endgroup::
[2025-04-06T06:03:05.369+0000] {python.py:240} INFO - Done. Returned value was: None
[2025-04-06T06:03:05.397+0000] {taskinstance.py:341} INFO - ::group::Post task execution logs
[2025-04-06T06:03:05.400+0000] {taskinstance.py:353} INFO - Marking task as SUCCESS. dag_id=print_hello, task_id=save_to_csv_task, run_id=scheduled__2025-04-05T00:20:00+00:00, execution_date=20250405T002000, start_date=20250406T060304, end_date=20250406T060305
[2025-04-06T06:03:05.491+0000] {logging_mixin.py:190} INFO - Task instance in success state
[2025-04-06T06:03:05.500+0000] {logging_mixin.py:190} INFO -  Previous state of the Task instance: running
[2025-04-06T06:03:05.501+0000] {logging_mixin.py:190} INFO - Dag name:print_hello queued_at:2025-04-06 06:02:55.185904+00:00
[2025-04-06T06:03:05.502+0000] {logging_mixin.py:190} INFO - Task hostname:5991717e768c operator:PythonOperator
[2025-04-06T06:03:05.567+0000] {local_task_job_runner.py:266} INFO - Task exited with return code 0
[2025-04-06T06:03:05.612+0000] {taskinstance.py:3901} INFO - 0 downstream tasks scheduled from follow-on schedule check
[2025-04-06T06:03:05.622+0000] {local_task_job_runner.py:245} INFO - ::endgroup::
[2025-04-06T06:15:21.312+0000] {local_task_job_runner.py:123} INFO - ::group::Pre task execution logs
[2025-04-06T06:15:21.370+0000] {taskinstance.py:2614} INFO - Dependencies all met for dep_context=non-requeueable deps ti=<TaskInstance: print_hello.save_to_csv_task scheduled__2025-04-05T00:20:00+00:00 [queued]>
[2025-04-06T06:15:21.407+0000] {taskinstance.py:2614} INFO - Dependencies all met for dep_context=requeueable deps ti=<TaskInstance: print_hello.save_to_csv_task scheduled__2025-04-05T00:20:00+00:00 [queued]>
[2025-04-06T06:15:21.408+0000] {taskinstance.py:2867} INFO - Starting attempt 1 of 2
[2025-04-06T06:15:21.812+0000] {taskinstance.py:2890} INFO - Executing <Task(PythonOperator): save_to_csv_task> on 2025-04-05 00:20:00+00:00
[2025-04-06T06:15:21.835+0000] {warnings.py:112} WARNING - /home/***/.local/lib/python3.12/site-packages/***/task/task_runner/standard_task_runner.py:70: DeprecationWarning: This process (pid=1057) is multi-threaded, use of fork() may lead to deadlocks in the child.
  pid = os.fork()

[2025-04-06T06:15:21.839+0000] {standard_task_runner.py:72} INFO - Started process 1106 to run task
[2025-04-06T06:15:21.841+0000] {standard_task_runner.py:104} INFO - Running: ['***', 'tasks', 'run', 'print_hello', 'save_to_csv_task', 'scheduled__2025-04-05T00:20:00+00:00', '--job-id', '216', '--raw', '--subdir', 'DAGS_FOLDER/print_hello.py', '--cfg-path', '/tmp/tmp5p8ja49c']
[2025-04-06T06:15:21.844+0000] {standard_task_runner.py:105} INFO - Job 216: Subtask save_to_csv_task
[2025-04-06T06:15:21.952+0000] {task_command.py:467} INFO - Running <TaskInstance: print_hello.save_to_csv_task scheduled__2025-04-05T00:20:00+00:00 [running]> on host 5991717e768c
[2025-04-06T06:15:22.169+0000] {taskinstance.py:3134} INFO - Exporting env vars: AIRFLOW_CTX_DAG_OWNER='Esayed' AIRFLOW_CTX_DAG_ID='print_hello' AIRFLOW_CTX_TASK_ID='save_to_csv_task' AIRFLOW_CTX_EXECUTION_DATE='2025-04-05T00:20:00+00:00' AIRFLOW_CTX_TRY_NUMBER='1' AIRFLOW_CTX_DAG_RUN_ID='scheduled__2025-04-05T00:20:00+00:00'
[2025-04-06T06:15:22.176+0000] {logging_mixin.py:190} INFO - Task instance is in running state
[2025-04-06T06:15:22.178+0000] {logging_mixin.py:190} INFO -  Previous state of the Task instance: queued
[2025-04-06T06:15:22.179+0000] {logging_mixin.py:190} INFO - Current task name:save_to_csv_task state:running start_date:2025-04-06 06:15:21.372301+00:00
[2025-04-06T06:15:22.182+0000] {logging_mixin.py:190} INFO - Dag name:print_hello and current dag run status:running
[2025-04-06T06:15:22.183+0000] {taskinstance.py:732} INFO - ::endgroup::
[2025-04-06T06:15:22.199+0000] {python.py:240} INFO - Done. Returned value was: None
[2025-04-06T06:15:22.221+0000] {taskinstance.py:341} INFO - ::group::Post task execution logs
[2025-04-06T06:15:22.222+0000] {taskinstance.py:353} INFO - Marking task as SUCCESS. dag_id=print_hello, task_id=save_to_csv_task, run_id=scheduled__2025-04-05T00:20:00+00:00, execution_date=20250405T002000, start_date=20250406T061521, end_date=20250406T061522
[2025-04-06T06:15:22.298+0000] {logging_mixin.py:190} INFO - Task instance in success state
[2025-04-06T06:15:22.299+0000] {logging_mixin.py:190} INFO -  Previous state of the Task instance: running
[2025-04-06T06:15:22.301+0000] {logging_mixin.py:190} INFO - Dag name:print_hello queued_at:2025-04-06 06:15:11.192896+00:00
[2025-04-06T06:15:22.302+0000] {logging_mixin.py:190} INFO - Task hostname:5991717e768c operator:PythonOperator
[2025-04-06T06:15:22.360+0000] {local_task_job_runner.py:266} INFO - Task exited with return code 0
[2025-04-06T06:15:22.379+0000] {local_task_job_runner.py:245} INFO - ::endgroup::
