[2025-04-06T06:03:36.841+0000] {local_task_job_runner.py:123} INFO - ::group::Pre task execution logs
[2025-04-06T06:03:36.876+0000] {taskinstance.py:2614} INFO - Dependencies all met for dep_context=non-requeueable deps ti=<TaskInstance: print_hello.save_to_csv_task scheduled__2025-04-05T00:50:00+00:00 [queued]>
[2025-04-06T06:03:36.897+0000] {taskinstance.py:2614} INFO - Dependencies all met for dep_context=requeueable deps ti=<TaskInstance: print_hello.save_to_csv_task scheduled__2025-04-05T00:50:00+00:00 [queued]>
[2025-04-06T06:03:36.898+0000] {taskinstance.py:2867} INFO - Starting attempt 1 of 2
[2025-04-06T06:03:37.203+0000] {taskinstance.py:2890} INFO - Executing <Task(PythonOperator): save_to_csv_task> on 2025-04-05 00:50:00+00:00
[2025-04-06T06:03:37.221+0000] {warnings.py:112} WARNING - /home/***/.local/lib/python3.12/site-packages/***/task/task_runner/standard_task_runner.py:70: DeprecationWarning: This process (pid=552) is multi-threaded, use of fork() may lead to deadlocks in the child.
  pid = os.fork()

[2025-04-06T06:03:37.224+0000] {standard_task_runner.py:72} INFO - Started process 580 to run task
[2025-04-06T06:03:37.224+0000] {standard_task_runner.py:104} INFO - Running: ['***', 'tasks', 'run', 'print_hello', 'save_to_csv_task', 'scheduled__2025-04-05T00:50:00+00:00', '--job-id', '125', '--raw', '--subdir', 'DAGS_FOLDER/print_hello.py', '--cfg-path', '/tmp/tmpq5_yo5h1']
[2025-04-06T06:03:37.226+0000] {standard_task_runner.py:105} INFO - Job 125: Subtask save_to_csv_task
[2025-04-06T06:03:37.320+0000] {task_command.py:467} INFO - Running <TaskInstance: print_hello.save_to_csv_task scheduled__2025-04-05T00:50:00+00:00 [running]> on host 5991717e768c
[2025-04-06T06:03:37.461+0000] {taskinstance.py:3134} INFO - Exporting env vars: AIRFLOW_CTX_DAG_OWNER='Esayed' AIRFLOW_CTX_DAG_ID='print_hello' AIRFLOW_CTX_TASK_ID='save_to_csv_task' AIRFLOW_CTX_EXECUTION_DATE='2025-04-05T00:50:00+00:00' AIRFLOW_CTX_TRY_NUMBER='1' AIRFLOW_CTX_DAG_RUN_ID='scheduled__2025-04-05T00:50:00+00:00'
[2025-04-06T06:03:37.463+0000] {logging_mixin.py:190} INFO - Task instance is in running state
[2025-04-06T06:03:37.464+0000] {logging_mixin.py:190} INFO -  Previous state of the Task instance: queued
[2025-04-06T06:03:37.465+0000] {logging_mixin.py:190} INFO - Current task name:save_to_csv_task state:running start_date:2025-04-06 06:03:36.877716+00:00
[2025-04-06T06:03:37.466+0000] {logging_mixin.py:190} INFO - Dag name:print_hello and current dag run status:running
[2025-04-06T06:03:37.467+0000] {taskinstance.py:732} INFO - ::endgroup::
[2025-04-06T06:03:37.479+0000] {python.py:240} INFO - Done. Returned value was: None
[2025-04-06T06:03:37.495+0000] {taskinstance.py:341} INFO - ::group::Post task execution logs
[2025-04-06T06:03:37.496+0000] {taskinstance.py:353} INFO - Marking task as SUCCESS. dag_id=print_hello, task_id=save_to_csv_task, run_id=scheduled__2025-04-05T00:50:00+00:00, execution_date=20250405T005000, start_date=20250406T060336, end_date=20250406T060337
[2025-04-06T06:03:37.533+0000] {logging_mixin.py:190} INFO - Task instance in success state
[2025-04-06T06:03:37.534+0000] {logging_mixin.py:190} INFO -  Previous state of the Task instance: running
[2025-04-06T06:03:37.535+0000] {logging_mixin.py:190} INFO - Dag name:print_hello queued_at:2025-04-06 06:03:29.780058+00:00
[2025-04-06T06:03:37.536+0000] {logging_mixin.py:190} INFO - Task hostname:5991717e768c operator:PythonOperator
[2025-04-06T06:03:37.603+0000] {local_task_job_runner.py:266} INFO - Task exited with return code 0
[2025-04-06T06:03:37.627+0000] {taskinstance.py:3901} INFO - 0 downstream tasks scheduled from follow-on schedule check
[2025-04-06T06:03:37.633+0000] {local_task_job_runner.py:245} INFO - ::endgroup::
[2025-04-06T06:15:56.348+0000] {local_task_job_runner.py:123} INFO - ::group::Pre task execution logs
[2025-04-06T06:15:56.394+0000] {taskinstance.py:2614} INFO - Dependencies all met for dep_context=non-requeueable deps ti=<TaskInstance: print_hello.save_to_csv_task scheduled__2025-04-05T00:50:00+00:00 [queued]>
[2025-04-06T06:15:56.415+0000] {taskinstance.py:2614} INFO - Dependencies all met for dep_context=requeueable deps ti=<TaskInstance: print_hello.save_to_csv_task scheduled__2025-04-05T00:50:00+00:00 [queued]>
[2025-04-06T06:15:56.416+0000] {taskinstance.py:2867} INFO - Starting attempt 1 of 2
[2025-04-06T06:15:56.449+0000] {taskinstance.py:2890} INFO - Executing <Task(PythonOperator): save_to_csv_task> on 2025-04-05 00:50:00+00:00
[2025-04-06T06:15:56.466+0000] {warnings.py:112} WARNING - /home/***/.local/lib/python3.12/site-packages/***/task/task_runner/standard_task_runner.py:70: DeprecationWarning: This process (pid=1327) is multi-threaded, use of fork() may lead to deadlocks in the child.
  pid = os.fork()

[2025-04-06T06:15:56.469+0000] {standard_task_runner.py:72} INFO - Started process 1357 to run task
[2025-04-06T06:15:56.469+0000] {standard_task_runner.py:104} INFO - Running: ['***', 'tasks', 'run', 'print_hello', 'save_to_csv_task', 'scheduled__2025-04-05T00:50:00+00:00', '--job-id', '281', '--raw', '--subdir', 'DAGS_FOLDER/print_hello.py', '--cfg-path', '/tmp/tmpjkgyba8h']
[2025-04-06T06:15:56.470+0000] {standard_task_runner.py:105} INFO - Job 281: Subtask save_to_csv_task
[2025-04-06T06:15:56.904+0000] {task_command.py:467} INFO - Running <TaskInstance: print_hello.save_to_csv_task scheduled__2025-04-05T00:50:00+00:00 [running]> on host 5991717e768c
[2025-04-06T06:15:57.014+0000] {taskinstance.py:3134} INFO - Exporting env vars: AIRFLOW_CTX_DAG_OWNER='Esayed' AIRFLOW_CTX_DAG_ID='print_hello' AIRFLOW_CTX_TASK_ID='save_to_csv_task' AIRFLOW_CTX_EXECUTION_DATE='2025-04-05T00:50:00+00:00' AIRFLOW_CTX_TRY_NUMBER='1' AIRFLOW_CTX_DAG_RUN_ID='scheduled__2025-04-05T00:50:00+00:00'
[2025-04-06T06:15:57.015+0000] {logging_mixin.py:190} INFO - Task instance is in running state
[2025-04-06T06:15:57.016+0000] {logging_mixin.py:190} INFO -  Previous state of the Task instance: queued
[2025-04-06T06:15:57.017+0000] {logging_mixin.py:190} INFO - Current task name:save_to_csv_task state:running start_date:2025-04-06 06:15:56.395606+00:00
[2025-04-06T06:15:57.018+0000] {logging_mixin.py:190} INFO - Dag name:print_hello and current dag run status:running
[2025-04-06T06:15:57.019+0000] {taskinstance.py:732} INFO - ::endgroup::
[2025-04-06T06:15:57.027+0000] {python.py:240} INFO - Done. Returned value was: None
[2025-04-06T06:15:57.041+0000] {taskinstance.py:341} INFO - ::group::Post task execution logs
[2025-04-06T06:15:57.043+0000] {taskinstance.py:353} INFO - Marking task as SUCCESS. dag_id=print_hello, task_id=save_to_csv_task, run_id=scheduled__2025-04-05T00:50:00+00:00, execution_date=20250405T005000, start_date=20250406T061556, end_date=20250406T061557
[2025-04-06T06:15:57.081+0000] {logging_mixin.py:190} INFO - Task instance in success state
[2025-04-06T06:15:57.082+0000] {logging_mixin.py:190} INFO -  Previous state of the Task instance: running
[2025-04-06T06:15:57.083+0000] {logging_mixin.py:190} INFO - Dag name:print_hello queued_at:2025-04-06 06:15:44.643736+00:00
[2025-04-06T06:15:57.084+0000] {logging_mixin.py:190} INFO - Task hostname:5991717e768c operator:PythonOperator
[2025-04-06T06:15:57.127+0000] {local_task_job_runner.py:266} INFO - Task exited with return code 0
[2025-04-06T06:15:57.419+0000] {taskinstance.py:3901} INFO - 0 downstream tasks scheduled from follow-on schedule check
[2025-04-06T06:15:57.424+0000] {local_task_job_runner.py:245} INFO - ::endgroup::
