[2025-04-06T06:03:21.635+0000] {local_task_job_runner.py:123} INFO - ::group::Pre task execution logs
[2025-04-06T06:03:21.692+0000] {taskinstance.py:2614} INFO - Dependencies all met for dep_context=non-requeueable deps ti=<TaskInstance: print_hello.save_to_csv_task scheduled__2025-04-05T00:33:00+00:00 [queued]>
[2025-04-06T06:03:21.725+0000] {taskinstance.py:2614} INFO - Dependencies all met for dep_context=requeueable deps ti=<TaskInstance: print_hello.save_to_csv_task scheduled__2025-04-05T00:33:00+00:00 [queued]>
[2025-04-06T06:03:21.726+0000] {taskinstance.py:2867} INFO - Starting attempt 1 of 2
[2025-04-06T06:03:22.249+0000] {taskinstance.py:2890} INFO - Executing <Task(PythonOperator): save_to_csv_task> on 2025-04-05 00:33:00+00:00
[2025-04-06T06:03:22.278+0000] {warnings.py:112} WARNING - /home/***/.local/lib/python3.12/site-packages/***/task/task_runner/standard_task_runner.py:70: DeprecationWarning: This process (pid=422) is multi-threaded, use of fork() may lead to deadlocks in the child.
  pid = os.fork()

[2025-04-06T06:03:22.287+0000] {standard_task_runner.py:104} INFO - Running: ['***', 'tasks', 'run', 'print_hello', 'save_to_csv_task', 'scheduled__2025-04-05T00:33:00+00:00', '--job-id', '96', '--raw', '--subdir', 'DAGS_FOLDER/print_hello.py', '--cfg-path', '/tmp/tmpsg1oe0h1']
[2025-04-06T06:03:22.298+0000] {standard_task_runner.py:105} INFO - Job 96: Subtask save_to_csv_task
[2025-04-06T06:03:22.296+0000] {standard_task_runner.py:72} INFO - Started process 480 to run task
[2025-04-06T06:03:22.462+0000] {task_command.py:467} INFO - Running <TaskInstance: print_hello.save_to_csv_task scheduled__2025-04-05T00:33:00+00:00 [running]> on host 5991717e768c
[2025-04-06T06:03:22.708+0000] {taskinstance.py:3134} INFO - Exporting env vars: AIRFLOW_CTX_DAG_OWNER='Esayed' AIRFLOW_CTX_DAG_ID='print_hello' AIRFLOW_CTX_TASK_ID='save_to_csv_task' AIRFLOW_CTX_EXECUTION_DATE='2025-04-05T00:33:00+00:00' AIRFLOW_CTX_TRY_NUMBER='1' AIRFLOW_CTX_DAG_RUN_ID='scheduled__2025-04-05T00:33:00+00:00'
[2025-04-06T06:03:22.717+0000] {logging_mixin.py:190} INFO - Task instance is in running state
[2025-04-06T06:03:22.719+0000] {logging_mixin.py:190} INFO -  Previous state of the Task instance: queued
[2025-04-06T06:03:22.722+0000] {logging_mixin.py:190} INFO - Current task name:save_to_csv_task state:running start_date:2025-04-06 06:03:21.696737+00:00
[2025-04-06T06:03:22.726+0000] {logging_mixin.py:190} INFO - Dag name:print_hello and current dag run status:running
[2025-04-06T06:03:22.727+0000] {taskinstance.py:732} INFO - ::endgroup::
[2025-04-06T06:03:22.754+0000] {python.py:240} INFO - Done. Returned value was: None
[2025-04-06T06:03:22.810+0000] {taskinstance.py:341} INFO - ::group::Post task execution logs
[2025-04-06T06:03:22.817+0000] {taskinstance.py:353} INFO - Marking task as SUCCESS. dag_id=print_hello, task_id=save_to_csv_task, run_id=scheduled__2025-04-05T00:33:00+00:00, execution_date=20250405T003300, start_date=20250406T060321, end_date=20250406T060322
[2025-04-06T06:03:22.899+0000] {logging_mixin.py:190} INFO - Task instance in success state
[2025-04-06T06:03:22.905+0000] {logging_mixin.py:190} INFO -  Previous state of the Task instance: running
[2025-04-06T06:03:22.906+0000] {logging_mixin.py:190} INFO - Dag name:print_hello queued_at:2025-04-06 06:03:11.826192+00:00
[2025-04-06T06:03:22.907+0000] {logging_mixin.py:190} INFO - Task hostname:5991717e768c operator:PythonOperator
[2025-04-06T06:03:22.979+0000] {local_task_job_runner.py:266} INFO - Task exited with return code 0
[2025-04-06T06:03:23.018+0000] {taskinstance.py:3901} INFO - 0 downstream tasks scheduled from follow-on schedule check
[2025-04-06T06:03:23.037+0000] {local_task_job_runner.py:245} INFO - ::endgroup::
[2025-04-06T06:15:36.204+0000] {local_task_job_runner.py:123} INFO - ::group::Pre task execution logs
[2025-04-06T06:15:36.285+0000] {taskinstance.py:2614} INFO - Dependencies all met for dep_context=non-requeueable deps ti=<TaskInstance: print_hello.save_to_csv_task scheduled__2025-04-05T00:33:00+00:00 [queued]>
[2025-04-06T06:15:36.333+0000] {taskinstance.py:2614} INFO - Dependencies all met for dep_context=requeueable deps ti=<TaskInstance: print_hello.save_to_csv_task scheduled__2025-04-05T00:33:00+00:00 [queued]>
[2025-04-06T06:15:36.334+0000] {taskinstance.py:2867} INFO - Starting attempt 1 of 2
[2025-04-06T06:15:36.766+0000] {taskinstance.py:2890} INFO - Executing <Task(PythonOperator): save_to_csv_task> on 2025-04-05 00:33:00+00:00
[2025-04-06T06:15:36.789+0000] {warnings.py:112} WARNING - /home/***/.local/lib/python3.12/site-packages/***/task/task_runner/standard_task_runner.py:70: DeprecationWarning: This process (pid=1173) is multi-threaded, use of fork() may lead to deadlocks in the child.
  pid = os.fork()

[2025-04-06T06:15:36.793+0000] {standard_task_runner.py:72} INFO - Started process 1224 to run task
[2025-04-06T06:15:36.809+0000] {standard_task_runner.py:104} INFO - Running: ['***', 'tasks', 'run', 'print_hello', 'save_to_csv_task', 'scheduled__2025-04-05T00:33:00+00:00', '--job-id', '245', '--raw', '--subdir', 'DAGS_FOLDER/print_hello.py', '--cfg-path', '/tmp/tmpzuskxoy8']
[2025-04-06T06:15:36.811+0000] {standard_task_runner.py:105} INFO - Job 245: Subtask save_to_csv_task
[2025-04-06T06:15:36.949+0000] {task_command.py:467} INFO - Running <TaskInstance: print_hello.save_to_csv_task scheduled__2025-04-05T00:33:00+00:00 [running]> on host 5991717e768c
[2025-04-06T06:15:37.191+0000] {taskinstance.py:3134} INFO - Exporting env vars: AIRFLOW_CTX_DAG_OWNER='Esayed' AIRFLOW_CTX_DAG_ID='print_hello' AIRFLOW_CTX_TASK_ID='save_to_csv_task' AIRFLOW_CTX_EXECUTION_DATE='2025-04-05T00:33:00+00:00' AIRFLOW_CTX_TRY_NUMBER='1' AIRFLOW_CTX_DAG_RUN_ID='scheduled__2025-04-05T00:33:00+00:00'
[2025-04-06T06:15:37.197+0000] {logging_mixin.py:190} INFO - Task instance is in running state
[2025-04-06T06:15:37.200+0000] {logging_mixin.py:190} INFO -  Previous state of the Task instance: queued
[2025-04-06T06:15:37.201+0000] {logging_mixin.py:190} INFO - Current task name:save_to_csv_task state:running start_date:2025-04-06 06:15:36.286858+00:00
[2025-04-06T06:15:37.203+0000] {logging_mixin.py:190} INFO - Dag name:print_hello and current dag run status:running
[2025-04-06T06:15:37.205+0000] {taskinstance.py:732} INFO - ::endgroup::
[2025-04-06T06:15:37.223+0000] {python.py:240} INFO - Done. Returned value was: None
[2025-04-06T06:15:37.247+0000] {taskinstance.py:341} INFO - ::group::Post task execution logs
[2025-04-06T06:15:37.249+0000] {taskinstance.py:353} INFO - Marking task as SUCCESS. dag_id=print_hello, task_id=save_to_csv_task, run_id=scheduled__2025-04-05T00:33:00+00:00, execution_date=20250405T003300, start_date=20250406T061536, end_date=20250406T061537
[2025-04-06T06:15:37.319+0000] {logging_mixin.py:190} INFO - Task instance in success state
[2025-04-06T06:15:37.320+0000] {logging_mixin.py:190} INFO -  Previous state of the Task instance: running
[2025-04-06T06:15:37.321+0000] {logging_mixin.py:190} INFO - Dag name:print_hello queued_at:2025-04-06 06:15:26.434260+00:00
[2025-04-06T06:15:37.323+0000] {logging_mixin.py:190} INFO - Task hostname:5991717e768c operator:PythonOperator
[2025-04-06T06:15:37.380+0000] {local_task_job_runner.py:266} INFO - Task exited with return code 0
[2025-04-06T06:15:37.418+0000] {taskinstance.py:3901} INFO - 0 downstream tasks scheduled from follow-on schedule check
[2025-04-06T06:15:37.423+0000] {local_task_job_runner.py:245} INFO - ::endgroup::
