[2025-04-06T06:03:05.740+0000] {local_task_job_runner.py:123} INFO - ::group::Pre task execution logs
[2025-04-06T06:03:05.800+0000] {taskinstance.py:2614} INFO - Dependencies all met for dep_context=non-requeueable deps ti=<TaskInstance: print_hello.save_to_csv_task scheduled__2025-04-05T00:24:00+00:00 [queued]>
[2025-04-06T06:03:05.836+0000] {taskinstance.py:2614} INFO - Dependencies all met for dep_context=requeueable deps ti=<TaskInstance: print_hello.save_to_csv_task scheduled__2025-04-05T00:24:00+00:00 [queued]>
[2025-04-06T06:03:05.838+0000] {taskinstance.py:2867} INFO - Starting attempt 1 of 2
[2025-04-06T06:03:06.216+0000] {taskinstance.py:2890} INFO - Executing <Task(PythonOperator): save_to_csv_task> on 2025-04-05 00:24:00+00:00
[2025-04-06T06:03:06.233+0000] {warnings.py:112} WARNING - /home/***/.local/lib/python3.12/site-packages/***/task/task_runner/standard_task_runner.py:70: DeprecationWarning: This process (pid=319) is multi-threaded, use of fork() may lead to deadlocks in the child.
  pid = os.fork()

[2025-04-06T06:03:06.236+0000] {standard_task_runner.py:72} INFO - Started process 360 to run task
[2025-04-06T06:03:06.236+0000] {standard_task_runner.py:104} INFO - Running: ['***', 'tasks', 'run', 'print_hello', 'save_to_csv_task', 'scheduled__2025-04-05T00:24:00+00:00', '--job-id', '71', '--raw', '--subdir', 'DAGS_FOLDER/print_hello.py', '--cfg-path', '/tmp/tmp7mbiscxv']
[2025-04-06T06:03:06.239+0000] {standard_task_runner.py:105} INFO - Job 71: Subtask save_to_csv_task
[2025-04-06T06:03:06.326+0000] {task_command.py:467} INFO - Running <TaskInstance: print_hello.save_to_csv_task scheduled__2025-04-05T00:24:00+00:00 [running]> on host 5991717e768c
[2025-04-06T06:03:06.529+0000] {taskinstance.py:3134} INFO - Exporting env vars: AIRFLOW_CTX_DAG_OWNER='Esayed' AIRFLOW_CTX_DAG_ID='print_hello' AIRFLOW_CTX_TASK_ID='save_to_csv_task' AIRFLOW_CTX_EXECUTION_DATE='2025-04-05T00:24:00+00:00' AIRFLOW_CTX_TRY_NUMBER='1' AIRFLOW_CTX_DAG_RUN_ID='scheduled__2025-04-05T00:24:00+00:00'
[2025-04-06T06:03:06.532+0000] {logging_mixin.py:190} INFO - Task instance is in running state
[2025-04-06T06:03:06.533+0000] {logging_mixin.py:190} INFO -  Previous state of the Task instance: queued
[2025-04-06T06:03:06.534+0000] {logging_mixin.py:190} INFO - Current task name:save_to_csv_task state:running start_date:2025-04-06 06:03:05.804543+00:00
[2025-04-06T06:03:06.535+0000] {logging_mixin.py:190} INFO - Dag name:print_hello and current dag run status:running
[2025-04-06T06:03:06.538+0000] {taskinstance.py:732} INFO - ::endgroup::
[2025-04-06T06:03:06.551+0000] {python.py:240} INFO - Done. Returned value was: None
[2025-04-06T06:03:06.568+0000] {taskinstance.py:341} INFO - ::group::Post task execution logs
[2025-04-06T06:03:06.570+0000] {taskinstance.py:353} INFO - Marking task as SUCCESS. dag_id=print_hello, task_id=save_to_csv_task, run_id=scheduled__2025-04-05T00:24:00+00:00, execution_date=20250405T002400, start_date=20250406T060305, end_date=20250406T060306
[2025-04-06T06:03:06.614+0000] {logging_mixin.py:190} INFO - Task instance in success state
[2025-04-06T06:03:06.615+0000] {logging_mixin.py:190} INFO -  Previous state of the Task instance: running
[2025-04-06T06:03:06.616+0000] {logging_mixin.py:190} INFO - Dag name:print_hello queued_at:2025-04-06 06:02:56.007318+00:00
[2025-04-06T06:03:06.617+0000] {logging_mixin.py:190} INFO - Task hostname:5991717e768c operator:PythonOperator
[2025-04-06T06:03:06.655+0000] {local_task_job_runner.py:266} INFO - Task exited with return code 0
[2025-04-06T06:03:06.685+0000] {taskinstance.py:3901} INFO - 0 downstream tasks scheduled from follow-on schedule check
[2025-04-06T06:03:06.692+0000] {local_task_job_runner.py:245} INFO - ::endgroup::
[2025-04-06T06:15:21.959+0000] {local_task_job_runner.py:123} INFO - ::group::Pre task execution logs
[2025-04-06T06:15:22.001+0000] {taskinstance.py:2614} INFO - Dependencies all met for dep_context=non-requeueable deps ti=<TaskInstance: print_hello.save_to_csv_task scheduled__2025-04-05T00:24:00+00:00 [queued]>
[2025-04-06T06:15:22.029+0000] {taskinstance.py:2614} INFO - Dependencies all met for dep_context=requeueable deps ti=<TaskInstance: print_hello.save_to_csv_task scheduled__2025-04-05T00:24:00+00:00 [queued]>
[2025-04-06T06:15:22.031+0000] {taskinstance.py:2867} INFO - Starting attempt 1 of 2
[2025-04-06T06:15:22.460+0000] {taskinstance.py:2890} INFO - Executing <Task(PythonOperator): save_to_csv_task> on 2025-04-05 00:24:00+00:00
[2025-04-06T06:15:22.477+0000] {warnings.py:112} WARNING - /home/***/.local/lib/python3.12/site-packages/***/task/task_runner/standard_task_runner.py:70: DeprecationWarning: This process (pid=1072) is multi-threaded, use of fork() may lead to deadlocks in the child.
  pid = os.fork()

[2025-04-06T06:15:22.483+0000] {standard_task_runner.py:72} INFO - Started process 1112 to run task
[2025-04-06T06:15:22.496+0000] {standard_task_runner.py:104} INFO - Running: ['***', 'tasks', 'run', 'print_hello', 'save_to_csv_task', 'scheduled__2025-04-05T00:24:00+00:00', '--job-id', '220', '--raw', '--subdir', 'DAGS_FOLDER/print_hello.py', '--cfg-path', '/tmp/tmp2546ofuq']
[2025-04-06T06:15:22.501+0000] {standard_task_runner.py:105} INFO - Job 220: Subtask save_to_csv_task
[2025-04-06T06:15:22.585+0000] {task_command.py:467} INFO - Running <TaskInstance: print_hello.save_to_csv_task scheduled__2025-04-05T00:24:00+00:00 [running]> on host 5991717e768c
[2025-04-06T06:15:22.726+0000] {taskinstance.py:3134} INFO - Exporting env vars: AIRFLOW_CTX_DAG_OWNER='Esayed' AIRFLOW_CTX_DAG_ID='print_hello' AIRFLOW_CTX_TASK_ID='save_to_csv_task' AIRFLOW_CTX_EXECUTION_DATE='2025-04-05T00:24:00+00:00' AIRFLOW_CTX_TRY_NUMBER='1' AIRFLOW_CTX_DAG_RUN_ID='scheduled__2025-04-05T00:24:00+00:00'
[2025-04-06T06:15:22.728+0000] {logging_mixin.py:190} INFO - Task instance is in running state
[2025-04-06T06:15:22.729+0000] {logging_mixin.py:190} INFO -  Previous state of the Task instance: queued
[2025-04-06T06:15:22.730+0000] {logging_mixin.py:190} INFO - Current task name:save_to_csv_task state:running start_date:2025-04-06 06:15:22.003090+00:00
[2025-04-06T06:15:22.731+0000] {logging_mixin.py:190} INFO - Dag name:print_hello and current dag run status:running
[2025-04-06T06:15:22.732+0000] {taskinstance.py:732} INFO - ::endgroup::
[2025-04-06T06:15:22.746+0000] {python.py:240} INFO - Done. Returned value was: None
[2025-04-06T06:15:22.764+0000] {taskinstance.py:341} INFO - ::group::Post task execution logs
[2025-04-06T06:15:22.765+0000] {taskinstance.py:353} INFO - Marking task as SUCCESS. dag_id=print_hello, task_id=save_to_csv_task, run_id=scheduled__2025-04-05T00:24:00+00:00, execution_date=20250405T002400, start_date=20250406T061522, end_date=20250406T061522
[2025-04-06T06:15:22.808+0000] {logging_mixin.py:190} INFO - Task instance in success state
[2025-04-06T06:15:22.809+0000] {logging_mixin.py:190} INFO -  Previous state of the Task instance: running
[2025-04-06T06:15:22.810+0000] {logging_mixin.py:190} INFO - Dag name:print_hello queued_at:2025-04-06 06:15:12.012871+00:00
[2025-04-06T06:15:22.811+0000] {logging_mixin.py:190} INFO - Task hostname:5991717e768c operator:PythonOperator
[2025-04-06T06:15:22.864+0000] {local_task_job_runner.py:266} INFO - Task exited with return code 0
[2025-04-06T06:15:22.883+0000] {local_task_job_runner.py:245} INFO - ::endgroup::
