[2025-04-06T06:34:02.651+0000] {local_task_job_runner.py:123} INFO - ::group::Pre task execution logs
[2025-04-06T06:34:02.700+0000] {taskinstance.py:2614} INFO - Dependencies all met for dep_context=non-requeueable deps ti=<TaskInstance: print_hello2.save_to_csv_task scheduled__2025-04-05T00:40:00+00:00 [queued]>
[2025-04-06T06:34:02.730+0000] {taskinstance.py:2614} INFO - Dependencies all met for dep_context=requeueable deps ti=<TaskInstance: print_hello2.save_to_csv_task scheduled__2025-04-05T00:40:00+00:00 [queued]>
[2025-04-06T06:34:02.731+0000] {taskinstance.py:2867} INFO - Starting attempt 1 of 2
[2025-04-06T06:34:03.104+0000] {taskinstance.py:2890} INFO - Executing <Task(PythonOperator): save_to_csv_task> on 2025-04-05 00:40:00+00:00
[2025-04-06T06:34:03.117+0000] {warnings.py:112} WARNING - /home/***/.local/lib/python3.12/site-packages/***/task/task_runner/standard_task_runner.py:70: DeprecationWarning: This process (pid=1681) is multi-threaded, use of fork() may lead to deadlocks in the child.
  pid = os.fork()

[2025-04-06T06:34:03.120+0000] {standard_task_runner.py:72} INFO - Started process 1709 to run task
[2025-04-06T06:34:03.120+0000] {standard_task_runner.py:104} INFO - Running: ['***', 'tasks', 'run', 'print_hello2', 'save_to_csv_task', 'scheduled__2025-04-05T00:40:00+00:00', '--job-id', '313', '--raw', '--subdir', 'DAGS_FOLDER/print_hello.py', '--cfg-path', '/tmp/tmpae4rxwgs']
[2025-04-06T06:34:03.122+0000] {standard_task_runner.py:105} INFO - Job 313: Subtask save_to_csv_task
[2025-04-06T06:34:03.210+0000] {task_command.py:467} INFO - Running <TaskInstance: print_hello2.save_to_csv_task scheduled__2025-04-05T00:40:00+00:00 [running]> on host 5991717e768c
[2025-04-06T06:34:03.362+0000] {taskinstance.py:3134} INFO - Exporting env vars: AIRFLOW_CTX_DAG_OWNER='Esayed' AIRFLOW_CTX_DAG_ID='print_hello2' AIRFLOW_CTX_TASK_ID='save_to_csv_task' AIRFLOW_CTX_EXECUTION_DATE='2025-04-05T00:40:00+00:00' AIRFLOW_CTX_TRY_NUMBER='1' AIRFLOW_CTX_DAG_RUN_ID='scheduled__2025-04-05T00:40:00+00:00'
[2025-04-06T06:34:03.364+0000] {logging_mixin.py:190} INFO - Task instance is in running state
[2025-04-06T06:34:03.365+0000] {logging_mixin.py:190} INFO -  Previous state of the Task instance: queued
[2025-04-06T06:34:03.366+0000] {logging_mixin.py:190} INFO - Current task name:save_to_csv_task state:running start_date:2025-04-06 06:34:02.701690+00:00
[2025-04-06T06:34:03.367+0000] {logging_mixin.py:190} INFO - Dag name:print_hello2 and current dag run status:running
[2025-04-06T06:34:03.368+0000] {taskinstance.py:732} INFO - ::endgroup::
[2025-04-06T06:34:03.379+0000] {python.py:240} INFO - Done. Returned value was: None
[2025-04-06T06:34:03.394+0000] {taskinstance.py:341} INFO - ::group::Post task execution logs
[2025-04-06T06:34:03.396+0000] {taskinstance.py:353} INFO - Marking task as SUCCESS. dag_id=print_hello2, task_id=save_to_csv_task, run_id=scheduled__2025-04-05T00:40:00+00:00, execution_date=20250405T004000, start_date=20250406T063402, end_date=20250406T063403
[2025-04-06T06:34:03.438+0000] {logging_mixin.py:190} INFO - Task instance in success state
[2025-04-06T06:34:03.439+0000] {logging_mixin.py:190} INFO -  Previous state of the Task instance: running
[2025-04-06T06:34:03.440+0000] {logging_mixin.py:190} INFO - Dag name:print_hello2 queued_at:2025-04-06 06:32:25.508814+00:00
[2025-04-06T06:34:03.442+0000] {logging_mixin.py:190} INFO - Task hostname:5991717e768c operator:PythonOperator
[2025-04-06T06:34:03.498+0000] {local_task_job_runner.py:266} INFO - Task exited with return code 0
[2025-04-06T06:34:03.527+0000] {taskinstance.py:3901} INFO - 0 downstream tasks scheduled from follow-on schedule check
[2025-04-06T06:34:03.534+0000] {local_task_job_runner.py:245} INFO - ::endgroup::
[2025-04-06T06:34:59.770+0000] {local_task_job_runner.py:123} INFO - ::group::Pre task execution logs
[2025-04-06T06:34:59.810+0000] {taskinstance.py:2614} INFO - Dependencies all met for dep_context=non-requeueable deps ti=<TaskInstance: print_hello2.save_to_csv_task scheduled__2025-04-05T00:40:00+00:00 [queued]>
[2025-04-06T06:34:59.837+0000] {taskinstance.py:2614} INFO - Dependencies all met for dep_context=requeueable deps ti=<TaskInstance: print_hello2.save_to_csv_task scheduled__2025-04-05T00:40:00+00:00 [queued]>
[2025-04-06T06:34:59.839+0000] {taskinstance.py:2867} INFO - Starting attempt 1 of 2
[2025-04-06T06:35:00.188+0000] {taskinstance.py:2890} INFO - Executing <Task(PythonOperator): save_to_csv_task> on 2025-04-05 00:40:00+00:00
[2025-04-06T06:35:00.204+0000] {warnings.py:112} WARNING - /home/***/.local/lib/python3.12/site-packages/***/task/task_runner/standard_task_runner.py:70: DeprecationWarning: This process (pid=1787) is multi-threaded, use of fork() may lead to deadlocks in the child.
  pid = os.fork()

[2025-04-06T06:35:00.207+0000] {standard_task_runner.py:72} INFO - Started process 1834 to run task
[2025-04-06T06:35:00.207+0000] {standard_task_runner.py:104} INFO - Running: ['***', 'tasks', 'run', 'print_hello2', 'save_to_csv_task', 'scheduled__2025-04-05T00:40:00+00:00', '--job-id', '340', '--raw', '--subdir', 'DAGS_FOLDER/print_hello.py', '--cfg-path', '/tmp/tmp4145ut_l']
[2025-04-06T06:35:00.210+0000] {standard_task_runner.py:105} INFO - Job 340: Subtask save_to_csv_task
[2025-04-06T06:35:00.303+0000] {task_command.py:467} INFO - Running <TaskInstance: print_hello2.save_to_csv_task scheduled__2025-04-05T00:40:00+00:00 [running]> on host 5991717e768c
[2025-04-06T06:35:00.445+0000] {taskinstance.py:3134} INFO - Exporting env vars: AIRFLOW_CTX_DAG_OWNER='Esayed' AIRFLOW_CTX_DAG_ID='print_hello2' AIRFLOW_CTX_TASK_ID='save_to_csv_task' AIRFLOW_CTX_EXECUTION_DATE='2025-04-05T00:40:00+00:00' AIRFLOW_CTX_TRY_NUMBER='1' AIRFLOW_CTX_DAG_RUN_ID='scheduled__2025-04-05T00:40:00+00:00'
[2025-04-06T06:35:00.448+0000] {logging_mixin.py:190} INFO - Task instance is in running state
[2025-04-06T06:35:00.449+0000] {logging_mixin.py:190} INFO -  Previous state of the Task instance: queued
[2025-04-06T06:35:00.450+0000] {logging_mixin.py:190} INFO - Current task name:save_to_csv_task state:running start_date:2025-04-06 06:34:59.811295+00:00
[2025-04-06T06:35:00.451+0000] {logging_mixin.py:190} INFO - Dag name:print_hello2 and current dag run status:running
[2025-04-06T06:35:00.452+0000] {taskinstance.py:732} INFO - ::endgroup::
[2025-04-06T06:35:00.461+0000] {python.py:240} INFO - Done. Returned value was: None
[2025-04-06T06:35:00.475+0000] {taskinstance.py:341} INFO - ::group::Post task execution logs
[2025-04-06T06:35:00.477+0000] {taskinstance.py:353} INFO - Marking task as SUCCESS. dag_id=print_hello2, task_id=save_to_csv_task, run_id=scheduled__2025-04-05T00:40:00+00:00, execution_date=20250405T004000, start_date=20250406T063459, end_date=20250406T063500
[2025-04-06T06:35:00.523+0000] {logging_mixin.py:190} INFO - Task instance in success state
[2025-04-06T06:35:00.524+0000] {logging_mixin.py:190} INFO -  Previous state of the Task instance: running
[2025-04-06T06:35:00.525+0000] {logging_mixin.py:190} INFO - Dag name:print_hello2 queued_at:2025-04-06 06:34:47.917843+00:00
[2025-04-06T06:35:00.527+0000] {logging_mixin.py:190} INFO - Task hostname:5991717e768c operator:PythonOperator
[2025-04-06T06:35:00.590+0000] {local_task_job_runner.py:266} INFO - Task exited with return code 0
[2025-04-06T06:35:00.607+0000] {local_task_job_runner.py:245} INFO - ::endgroup::
[2025-04-06T06:36:36.111+0000] {local_task_job_runner.py:123} INFO - ::group::Pre task execution logs
[2025-04-06T06:36:36.144+0000] {taskinstance.py:2614} INFO - Dependencies all met for dep_context=non-requeueable deps ti=<TaskInstance: print_hello2.save_to_csv_task scheduled__2025-04-05T00:40:00+00:00 [queued]>
[2025-04-06T06:36:36.165+0000] {taskinstance.py:2614} INFO - Dependencies all met for dep_context=requeueable deps ti=<TaskInstance: print_hello2.save_to_csv_task scheduled__2025-04-05T00:40:00+00:00 [queued]>
[2025-04-06T06:36:36.166+0000] {taskinstance.py:2867} INFO - Starting attempt 1 of 2
[2025-04-06T06:36:36.450+0000] {taskinstance.py:2890} INFO - Executing <Task(PythonOperator): save_to_csv_task> on 2025-04-05 00:40:00+00:00
[2025-04-06T06:36:36.470+0000] {warnings.py:112} WARNING - /home/***/.local/lib/python3.12/site-packages/***/task/task_runner/standard_task_runner.py:70: DeprecationWarning: This process (pid=2094) is multi-threaded, use of fork() may lead to deadlocks in the child.
  pid = os.fork()

[2025-04-06T06:36:36.473+0000] {standard_task_runner.py:72} INFO - Started process 2121 to run task
[2025-04-06T06:36:36.473+0000] {standard_task_runner.py:104} INFO - Running: ['***', 'tasks', 'run', 'print_hello2', 'save_to_csv_task', 'scheduled__2025-04-05T00:40:00+00:00', '--job-id', '408', '--raw', '--subdir', 'DAGS_FOLDER/print_hello.py', '--cfg-path', '/tmp/tmpz_rbrhnf']
[2025-04-06T06:36:36.475+0000] {standard_task_runner.py:105} INFO - Job 408: Subtask save_to_csv_task
[2025-04-06T06:36:36.554+0000] {task_command.py:467} INFO - Running <TaskInstance: print_hello2.save_to_csv_task scheduled__2025-04-05T00:40:00+00:00 [running]> on host 5991717e768c
[2025-04-06T06:36:36.682+0000] {taskinstance.py:3134} INFO - Exporting env vars: AIRFLOW_CTX_DAG_OWNER='Esayed' AIRFLOW_CTX_DAG_ID='print_hello2' AIRFLOW_CTX_TASK_ID='save_to_csv_task' AIRFLOW_CTX_EXECUTION_DATE='2025-04-05T00:40:00+00:00' AIRFLOW_CTX_TRY_NUMBER='1' AIRFLOW_CTX_DAG_RUN_ID='scheduled__2025-04-05T00:40:00+00:00'
[2025-04-06T06:36:36.684+0000] {logging_mixin.py:190} INFO - Task instance is in running state
[2025-04-06T06:36:36.685+0000] {logging_mixin.py:190} INFO -  Previous state of the Task instance: queued
[2025-04-06T06:36:36.686+0000] {logging_mixin.py:190} INFO - Current task name:save_to_csv_task state:running start_date:2025-04-06 06:36:36.145815+00:00
[2025-04-06T06:36:36.687+0000] {logging_mixin.py:190} INFO - Dag name:print_hello2 and current dag run status:running
[2025-04-06T06:36:36.687+0000] {taskinstance.py:732} INFO - ::endgroup::
[2025-04-06T06:36:36.696+0000] {python.py:240} INFO - Done. Returned value was: None
[2025-04-06T06:36:36.708+0000] {taskinstance.py:341} INFO - ::group::Post task execution logs
[2025-04-06T06:36:36.710+0000] {taskinstance.py:353} INFO - Marking task as SUCCESS. dag_id=print_hello2, task_id=save_to_csv_task, run_id=scheduled__2025-04-05T00:40:00+00:00, execution_date=20250405T004000, start_date=20250406T063636, end_date=20250406T063636
[2025-04-06T06:36:36.742+0000] {logging_mixin.py:190} INFO - Task instance in success state
[2025-04-06T06:36:36.743+0000] {logging_mixin.py:190} INFO -  Previous state of the Task instance: running
[2025-04-06T06:36:36.744+0000] {logging_mixin.py:190} INFO - Dag name:print_hello2 queued_at:2025-04-06 06:36:23.322582+00:00
[2025-04-06T06:36:36.745+0000] {logging_mixin.py:190} INFO - Task hostname:5991717e768c operator:PythonOperator
[2025-04-06T06:36:36.772+0000] {local_task_job_runner.py:266} INFO - Task exited with return code 0
[2025-04-06T06:36:36.796+0000] {taskinstance.py:3901} INFO - 0 downstream tasks scheduled from follow-on schedule check
[2025-04-06T06:36:36.800+0000] {local_task_job_runner.py:245} INFO - ::endgroup::
