[2025-04-06T06:33:57.817+0000] {local_task_job_runner.py:123} INFO - ::group::Pre task execution logs
[2025-04-06T06:33:57.878+0000] {taskinstance.py:2614} INFO - Dependencies all met for dep_context=non-requeueable deps ti=<TaskInstance: print_hello2.print_hello_task scheduled__2025-04-05T00:55:00+00:00 [queued]>
[2025-04-06T06:33:57.953+0000] {taskinstance.py:2614} INFO - Dependencies all met for dep_context=requeueable deps ti=<TaskInstance: print_hello2.print_hello_task scheduled__2025-04-05T00:55:00+00:00 [queued]>
[2025-04-06T06:33:57.954+0000] {taskinstance.py:2867} INFO - Starting attempt 1 of 2
[2025-04-06T06:33:58.490+0000] {taskinstance.py:2890} INFO - Executing <Task(PythonOperator): print_hello_task> on 2025-04-05 00:55:00+00:00
[2025-04-06T06:33:58.511+0000] {warnings.py:112} WARNING - /home/***/.local/lib/python3.12/site-packages/***/task/task_runner/standard_task_runner.py:70: DeprecationWarning: This process (pid=1622) is multi-threaded, use of fork() may lead to deadlocks in the child.
  pid = os.fork()

[2025-04-06T06:33:58.516+0000] {standard_task_runner.py:72} INFO - Started process 1685 to run task
[2025-04-06T06:33:58.537+0000] {standard_task_runner.py:104} INFO - Running: ['***', 'tasks', 'run', 'print_hello2', 'print_hello_task', 'scheduled__2025-04-05T00:55:00+00:00', '--job-id', '302', '--raw', '--subdir', 'DAGS_FOLDER/print_hello.py', '--cfg-path', '/tmp/tmpytvkuxxq']
[2025-04-06T06:33:58.540+0000] {standard_task_runner.py:105} INFO - Job 302: Subtask print_hello_task
[2025-04-06T06:33:58.756+0000] {task_command.py:467} INFO - Running <TaskInstance: print_hello2.print_hello_task scheduled__2025-04-05T00:55:00+00:00 [running]> on host 5991717e768c
[2025-04-06T06:33:59.063+0000] {taskinstance.py:3134} INFO - Exporting env vars: AIRFLOW_CTX_DAG_OWNER='Esayed' AIRFLOW_CTX_DAG_ID='print_hello2' AIRFLOW_CTX_TASK_ID='print_hello_task' AIRFLOW_CTX_EXECUTION_DATE='2025-04-05T00:55:00+00:00' AIRFLOW_CTX_TRY_NUMBER='1' AIRFLOW_CTX_DAG_RUN_ID='scheduled__2025-04-05T00:55:00+00:00'
[2025-04-06T06:33:59.071+0000] {logging_mixin.py:190} INFO - Task instance is in running state
[2025-04-06T06:33:59.092+0000] {logging_mixin.py:190} INFO -  Previous state of the Task instance: queued
[2025-04-06T06:33:59.097+0000] {logging_mixin.py:190} INFO - Current task name:print_hello_task state:running start_date:2025-04-06 06:33:57.887687+00:00
[2025-04-06T06:33:59.098+0000] {logging_mixin.py:190} INFO - Dag name:print_hello2 and current dag run status:running
[2025-04-06T06:33:59.099+0000] {taskinstance.py:732} INFO - ::endgroup::
[2025-04-06T06:33:59.106+0000] {logging_mixin.py:190} INFO - hello
[2025-04-06T06:33:59.109+0000] {python.py:240} INFO - Done. Returned value was: None
[2025-04-06T06:33:59.171+0000] {taskinstance.py:341} INFO - ::group::Post task execution logs
[2025-04-06T06:33:59.183+0000] {taskinstance.py:353} INFO - Marking task as SUCCESS. dag_id=print_hello2, task_id=print_hello_task, run_id=scheduled__2025-04-05T00:55:00+00:00, execution_date=20250405T005500, start_date=20250406T063357, end_date=20250406T063359
[2025-04-06T06:33:59.293+0000] {logging_mixin.py:190} INFO - Task instance in success state
[2025-04-06T06:33:59.305+0000] {logging_mixin.py:190} INFO -  Previous state of the Task instance: running
[2025-04-06T06:33:59.306+0000] {logging_mixin.py:190} INFO - Dag name:print_hello2 queued_at:2025-04-06 06:32:26.553556+00:00
[2025-04-06T06:33:59.308+0000] {logging_mixin.py:190} INFO - Task hostname:5991717e768c operator:PythonOperator
[2025-04-06T06:33:59.384+0000] {local_task_job_runner.py:266} INFO - Task exited with return code 0
[2025-04-06T06:33:59.488+0000] {taskinstance.py:3901} INFO - 1 downstream tasks scheduled from follow-on schedule check
[2025-04-06T06:33:59.523+0000] {local_task_job_runner.py:245} INFO - ::endgroup::
[2025-04-06T06:34:56.159+0000] {local_task_job_runner.py:123} INFO - ::group::Pre task execution logs
[2025-04-06T06:34:56.193+0000] {taskinstance.py:2614} INFO - Dependencies all met for dep_context=non-requeueable deps ti=<TaskInstance: print_hello2.print_hello_task scheduled__2025-04-05T00:55:00+00:00 [queued]>
[2025-04-06T06:34:56.333+0000] {taskinstance.py:2614} INFO - Dependencies all met for dep_context=requeueable deps ti=<TaskInstance: print_hello2.print_hello_task scheduled__2025-04-05T00:55:00+00:00 [queued]>
[2025-04-06T06:34:56.334+0000] {taskinstance.py:2867} INFO - Starting attempt 1 of 2
[2025-04-06T06:34:57.106+0000] {taskinstance.py:2890} INFO - Executing <Task(PythonOperator): print_hello_task> on 2025-04-05 00:55:00+00:00
[2025-04-06T06:34:57.138+0000] {warnings.py:112} WARNING - /home/***/.local/lib/python3.12/site-packages/***/task/task_runner/standard_task_runner.py:70: DeprecationWarning: This process (pid=1743) is multi-threaded, use of fork() may lead to deadlocks in the child.
  pid = os.fork()

[2025-04-06T06:34:57.141+0000] {standard_task_runner.py:72} INFO - Started process 1800 to run task
[2025-04-06T06:34:57.162+0000] {standard_task_runner.py:104} INFO - Running: ['***', 'tasks', 'run', 'print_hello2', 'print_hello_task', 'scheduled__2025-04-05T00:55:00+00:00', '--job-id', '330', '--raw', '--subdir', 'DAGS_FOLDER/print_hello.py', '--cfg-path', '/tmp/tmpb4dex4bc']
[2025-04-06T06:34:57.166+0000] {standard_task_runner.py:105} INFO - Job 330: Subtask print_hello_task
[2025-04-06T06:34:57.874+0000] {task_command.py:467} INFO - Running <TaskInstance: print_hello2.print_hello_task scheduled__2025-04-05T00:55:00+00:00 [running]> on host 5991717e768c
[2025-04-06T06:34:58.149+0000] {taskinstance.py:3134} INFO - Exporting env vars: AIRFLOW_CTX_DAG_OWNER='Esayed' AIRFLOW_CTX_DAG_ID='print_hello2' AIRFLOW_CTX_TASK_ID='print_hello_task' AIRFLOW_CTX_EXECUTION_DATE='2025-04-05T00:55:00+00:00' AIRFLOW_CTX_TRY_NUMBER='1' AIRFLOW_CTX_DAG_RUN_ID='scheduled__2025-04-05T00:55:00+00:00'
[2025-04-06T06:34:58.151+0000] {logging_mixin.py:190} INFO - Task instance is in running state
[2025-04-06T06:34:58.152+0000] {logging_mixin.py:190} INFO -  Previous state of the Task instance: queued
[2025-04-06T06:34:58.154+0000] {logging_mixin.py:190} INFO - Current task name:print_hello_task state:running start_date:2025-04-06 06:34:56.194980+00:00
[2025-04-06T06:34:58.155+0000] {logging_mixin.py:190} INFO - Dag name:print_hello2 and current dag run status:running
[2025-04-06T06:34:58.156+0000] {taskinstance.py:732} INFO - ::endgroup::
[2025-04-06T06:34:58.159+0000] {logging_mixin.py:190} INFO - hello
[2025-04-06T06:34:58.160+0000] {python.py:240} INFO - Done. Returned value was: None
[2025-04-06T06:34:58.180+0000] {taskinstance.py:341} INFO - ::group::Post task execution logs
[2025-04-06T06:34:58.181+0000] {taskinstance.py:353} INFO - Marking task as SUCCESS. dag_id=print_hello2, task_id=print_hello_task, run_id=scheduled__2025-04-05T00:55:00+00:00, execution_date=20250405T005500, start_date=20250406T063456, end_date=20250406T063458
[2025-04-06T06:34:58.233+0000] {logging_mixin.py:190} INFO - Task instance in success state
[2025-04-06T06:34:58.234+0000] {logging_mixin.py:190} INFO -  Previous state of the Task instance: running
[2025-04-06T06:34:58.235+0000] {logging_mixin.py:190} INFO - Dag name:print_hello2 queued_at:2025-04-06 06:34:49.278552+00:00
[2025-04-06T06:34:58.239+0000] {logging_mixin.py:190} INFO - Task hostname:5991717e768c operator:PythonOperator
[2025-04-06T06:34:58.299+0000] {local_task_job_runner.py:266} INFO - Task exited with return code 0
[2025-04-06T06:34:58.682+0000] {local_task_job_runner.py:245} INFO - ::endgroup::
[2025-04-06T06:36:30.311+0000] {local_task_job_runner.py:123} INFO - ::group::Pre task execution logs
[2025-04-06T06:36:30.388+0000] {taskinstance.py:2614} INFO - Dependencies all met for dep_context=non-requeueable deps ti=<TaskInstance: print_hello2.print_hello_task scheduled__2025-04-05T00:55:00+00:00 [queued]>
[2025-04-06T06:36:30.434+0000] {taskinstance.py:2614} INFO - Dependencies all met for dep_context=requeueable deps ti=<TaskInstance: print_hello2.print_hello_task scheduled__2025-04-05T00:55:00+00:00 [queued]>
[2025-04-06T06:36:30.449+0000] {taskinstance.py:2867} INFO - Starting attempt 1 of 2
[2025-04-06T06:36:30.669+0000] {taskinstance.py:2890} INFO - Executing <Task(PythonOperator): print_hello_task> on 2025-04-05 00:55:00+00:00
[2025-04-06T06:36:30.701+0000] {warnings.py:112} WARNING - /home/***/.local/lib/python3.12/site-packages/***/task/task_runner/standard_task_runner.py:70: DeprecationWarning: This process (pid=2041) is multi-threaded, use of fork() may lead to deadlocks in the child.
  pid = os.fork()

[2025-04-06T06:36:30.710+0000] {standard_task_runner.py:72} INFO - Started process 2084 to run task
[2025-04-06T06:36:30.728+0000] {standard_task_runner.py:104} INFO - Running: ['***', 'tasks', 'run', 'print_hello2', 'print_hello_task', 'scheduled__2025-04-05T00:55:00+00:00', '--job-id', '396', '--raw', '--subdir', 'DAGS_FOLDER/print_hello.py', '--cfg-path', '/tmp/tmp75yn8ueo']
[2025-04-06T06:36:30.730+0000] {standard_task_runner.py:105} INFO - Job 396: Subtask print_hello_task
[2025-04-06T06:36:31.439+0000] {task_command.py:467} INFO - Running <TaskInstance: print_hello2.print_hello_task scheduled__2025-04-05T00:55:00+00:00 [running]> on host 5991717e768c
[2025-04-06T06:36:31.712+0000] {taskinstance.py:3134} INFO - Exporting env vars: AIRFLOW_CTX_DAG_OWNER='Esayed' AIRFLOW_CTX_DAG_ID='print_hello2' AIRFLOW_CTX_TASK_ID='print_hello_task' AIRFLOW_CTX_EXECUTION_DATE='2025-04-05T00:55:00+00:00' AIRFLOW_CTX_TRY_NUMBER='1' AIRFLOW_CTX_DAG_RUN_ID='scheduled__2025-04-05T00:55:00+00:00'
[2025-04-06T06:36:31.714+0000] {logging_mixin.py:190} INFO - Task instance is in running state
[2025-04-06T06:36:31.716+0000] {logging_mixin.py:190} INFO -  Previous state of the Task instance: queued
[2025-04-06T06:36:31.719+0000] {logging_mixin.py:190} INFO - Current task name:print_hello_task state:running start_date:2025-04-06 06:36:30.392412+00:00
[2025-04-06T06:36:31.720+0000] {logging_mixin.py:190} INFO - Dag name:print_hello2 and current dag run status:running
[2025-04-06T06:36:31.722+0000] {taskinstance.py:732} INFO - ::endgroup::
[2025-04-06T06:36:31.726+0000] {logging_mixin.py:190} INFO - hello
[2025-04-06T06:36:31.728+0000] {python.py:240} INFO - Done. Returned value was: None
[2025-04-06T06:36:31.762+0000] {taskinstance.py:341} INFO - ::group::Post task execution logs
[2025-04-06T06:36:31.781+0000] {taskinstance.py:353} INFO - Marking task as SUCCESS. dag_id=print_hello2, task_id=print_hello_task, run_id=scheduled__2025-04-05T00:55:00+00:00, execution_date=20250405T005500, start_date=20250406T063630, end_date=20250406T063631
[2025-04-06T06:36:31.887+0000] {logging_mixin.py:190} INFO - Task instance in success state
[2025-04-06T06:36:31.889+0000] {logging_mixin.py:190} INFO -  Previous state of the Task instance: running
[2025-04-06T06:36:31.891+0000] {logging_mixin.py:190} INFO - Dag name:print_hello2 queued_at:2025-04-06 06:36:24.457018+00:00
[2025-04-06T06:36:31.895+0000] {logging_mixin.py:190} INFO - Task hostname:5991717e768c operator:PythonOperator
[2025-04-06T06:36:31.971+0000] {local_task_job_runner.py:266} INFO - Task exited with return code 0
[2025-04-06T06:36:32.490+0000] {local_task_job_runner.py:245} INFO - ::endgroup::
