[2025-04-06T06:03:00.278+0000] {local_task_job_runner.py:123} INFO - ::group::Pre task execution logs
[2025-04-06T06:03:00.314+0000] {taskinstance.py:2614} INFO - Dependencies all met for dep_context=non-requeueable deps ti=<TaskInstance: print_hello.print_hello_task scheduled__2025-04-05T00:22:00+00:00 [queued]>
[2025-04-06T06:03:00.347+0000] {taskinstance.py:2614} INFO - Dependencies all met for dep_context=requeueable deps ti=<TaskInstance: print_hello.print_hello_task scheduled__2025-04-05T00:22:00+00:00 [queued]>
[2025-04-06T06:03:00.349+0000] {taskinstance.py:2867} INFO - Starting attempt 1 of 2
[2025-04-06T06:03:00.775+0000] {taskinstance.py:2890} INFO - Executing <Task(PythonOperator): print_hello_task> on 2025-04-05 00:22:00+00:00
[2025-04-06T06:03:00.791+0000] {warnings.py:112} WARNING - /home/***/.local/lib/python3.12/site-packages/***/task/task_runner/standard_task_runner.py:70: DeprecationWarning: This process (pid=263) is multi-threaded, use of fork() may lead to deadlocks in the child.
  pid = os.fork()

[2025-04-06T06:03:00.793+0000] {standard_task_runner.py:72} INFO - Started process 298 to run task
[2025-04-06T06:03:00.798+0000] {standard_task_runner.py:104} INFO - Running: ['***', 'tasks', 'run', 'print_hello', 'print_hello_task', 'scheduled__2025-04-05T00:22:00+00:00', '--job-id', '54', '--raw', '--subdir', 'DAGS_FOLDER/print_hello.py', '--cfg-path', '/tmp/tmpnznoscc0']
[2025-04-06T06:03:00.800+0000] {standard_task_runner.py:105} INFO - Job 54: Subtask print_hello_task
[2025-04-06T06:03:00.915+0000] {task_command.py:467} INFO - Running <TaskInstance: print_hello.print_hello_task scheduled__2025-04-05T00:22:00+00:00 [running]> on host 5991717e768c
[2025-04-06T06:03:01.126+0000] {taskinstance.py:3134} INFO - Exporting env vars: AIRFLOW_CTX_DAG_OWNER='Esayed' AIRFLOW_CTX_DAG_ID='print_hello' AIRFLOW_CTX_TASK_ID='print_hello_task' AIRFLOW_CTX_EXECUTION_DATE='2025-04-05T00:22:00+00:00' AIRFLOW_CTX_TRY_NUMBER='1' AIRFLOW_CTX_DAG_RUN_ID='scheduled__2025-04-05T00:22:00+00:00'
[2025-04-06T06:03:01.129+0000] {logging_mixin.py:190} INFO - Task instance is in running state
[2025-04-06T06:03:01.130+0000] {logging_mixin.py:190} INFO -  Previous state of the Task instance: queued
[2025-04-06T06:03:01.131+0000] {logging_mixin.py:190} INFO - Current task name:print_hello_task state:running start_date:2025-04-06 06:03:00.316891+00:00
[2025-04-06T06:03:01.132+0000] {logging_mixin.py:190} INFO - Dag name:print_hello and current dag run status:running
[2025-04-06T06:03:01.133+0000] {taskinstance.py:732} INFO - ::endgroup::
[2025-04-06T06:03:01.135+0000] {logging_mixin.py:190} INFO - hello
[2025-04-06T06:03:01.136+0000] {python.py:240} INFO - Done. Returned value was: None
[2025-04-06T06:03:01.153+0000] {taskinstance.py:341} INFO - ::group::Post task execution logs
[2025-04-06T06:03:01.154+0000] {taskinstance.py:353} INFO - Marking task as SUCCESS. dag_id=print_hello, task_id=print_hello_task, run_id=scheduled__2025-04-05T00:22:00+00:00, execution_date=20250405T002200, start_date=20250406T060300, end_date=20250406T060301
[2025-04-06T06:03:01.200+0000] {logging_mixin.py:190} INFO - Task instance in success state
[2025-04-06T06:03:01.201+0000] {logging_mixin.py:190} INFO -  Previous state of the Task instance: running
[2025-04-06T06:03:01.202+0000] {logging_mixin.py:190} INFO - Dag name:print_hello queued_at:2025-04-06 06:02:55.571613+00:00
[2025-04-06T06:03:01.203+0000] {logging_mixin.py:190} INFO - Task hostname:5991717e768c operator:PythonOperator
[2025-04-06T06:03:01.268+0000] {local_task_job_runner.py:266} INFO - Task exited with return code 0
[2025-04-06T06:03:01.289+0000] {local_task_job_runner.py:245} INFO - ::endgroup::
[2025-04-06T06:15:15.056+0000] {local_task_job_runner.py:123} INFO - ::group::Pre task execution logs
[2025-04-06T06:15:15.111+0000] {taskinstance.py:2614} INFO - Dependencies all met for dep_context=non-requeueable deps ti=<TaskInstance: print_hello.print_hello_task scheduled__2025-04-05T00:22:00+00:00 [queued]>
[2025-04-06T06:15:15.135+0000] {taskinstance.py:2614} INFO - Dependencies all met for dep_context=requeueable deps ti=<TaskInstance: print_hello.print_hello_task scheduled__2025-04-05T00:22:00+00:00 [queued]>
[2025-04-06T06:15:15.136+0000] {taskinstance.py:2867} INFO - Starting attempt 1 of 2
[2025-04-06T06:15:15.643+0000] {taskinstance.py:2890} INFO - Executing <Task(PythonOperator): print_hello_task> on 2025-04-05 00:22:00+00:00
[2025-04-06T06:15:15.664+0000] {warnings.py:112} WARNING - /home/***/.local/lib/python3.12/site-packages/***/task/task_runner/standard_task_runner.py:70: DeprecationWarning: This process (pid=1012) is multi-threaded, use of fork() may lead to deadlocks in the child.
  pid = os.fork()

[2025-04-06T06:15:15.669+0000] {standard_task_runner.py:72} INFO - Started process 1048 to run task
[2025-04-06T06:15:15.671+0000] {standard_task_runner.py:104} INFO - Running: ['***', 'tasks', 'run', 'print_hello', 'print_hello_task', 'scheduled__2025-04-05T00:22:00+00:00', '--job-id', '202', '--raw', '--subdir', 'DAGS_FOLDER/print_hello.py', '--cfg-path', '/tmp/tmpteptux_6']
[2025-04-06T06:15:15.674+0000] {standard_task_runner.py:105} INFO - Job 202: Subtask print_hello_task
[2025-04-06T06:15:15.839+0000] {task_command.py:467} INFO - Running <TaskInstance: print_hello.print_hello_task scheduled__2025-04-05T00:22:00+00:00 [running]> on host 5991717e768c
[2025-04-06T06:15:16.123+0000] {taskinstance.py:3134} INFO - Exporting env vars: AIRFLOW_CTX_DAG_OWNER='Esayed' AIRFLOW_CTX_DAG_ID='print_hello' AIRFLOW_CTX_TASK_ID='print_hello_task' AIRFLOW_CTX_EXECUTION_DATE='2025-04-05T00:22:00+00:00' AIRFLOW_CTX_TRY_NUMBER='1' AIRFLOW_CTX_DAG_RUN_ID='scheduled__2025-04-05T00:22:00+00:00'
[2025-04-06T06:15:16.125+0000] {logging_mixin.py:190} INFO - Task instance is in running state
[2025-04-06T06:15:16.126+0000] {logging_mixin.py:190} INFO -  Previous state of the Task instance: queued
[2025-04-06T06:15:16.128+0000] {logging_mixin.py:190} INFO - Current task name:print_hello_task state:running start_date:2025-04-06 06:15:15.117703+00:00
[2025-04-06T06:15:16.129+0000] {logging_mixin.py:190} INFO - Dag name:print_hello and current dag run status:running
[2025-04-06T06:15:16.130+0000] {taskinstance.py:732} INFO - ::endgroup::
[2025-04-06T06:15:16.132+0000] {logging_mixin.py:190} INFO - hello
[2025-04-06T06:15:16.133+0000] {python.py:240} INFO - Done. Returned value was: None
[2025-04-06T06:15:16.152+0000] {taskinstance.py:341} INFO - ::group::Post task execution logs
[2025-04-06T06:15:16.153+0000] {taskinstance.py:353} INFO - Marking task as SUCCESS. dag_id=print_hello, task_id=print_hello_task, run_id=scheduled__2025-04-05T00:22:00+00:00, execution_date=20250405T002200, start_date=20250406T061515, end_date=20250406T061516
[2025-04-06T06:15:16.203+0000] {logging_mixin.py:190} INFO - Task instance in success state
[2025-04-06T06:15:16.206+0000] {logging_mixin.py:190} INFO -  Previous state of the Task instance: running
[2025-04-06T06:15:16.207+0000] {logging_mixin.py:190} INFO - Dag name:print_hello queued_at:2025-04-06 06:15:11.543361+00:00
[2025-04-06T06:15:16.210+0000] {logging_mixin.py:190} INFO - Task hostname:5991717e768c operator:PythonOperator
[2025-04-06T06:15:16.264+0000] {local_task_job_runner.py:266} INFO - Task exited with return code 0
[2025-04-06T06:15:16.317+0000] {taskinstance.py:3901} INFO - 1 downstream tasks scheduled from follow-on schedule check
[2025-04-06T06:15:16.321+0000] {local_task_job_runner.py:245} INFO - ::endgroup::
