[2025-04-06T06:02:57.505+0000] {local_task_job_runner.py:123} INFO - ::group::Pre task execution logs
[2025-04-06T06:02:57.548+0000] {taskinstance.py:2614} INFO - Dependencies all met for dep_context=non-requeueable deps ti=<TaskInstance: print_hello.save_to_csv_task scheduled__2025-04-05T00:16:00+00:00 [queued]>
[2025-04-06T06:02:57.574+0000] {taskinstance.py:2614} INFO - Dependencies all met for dep_context=requeueable deps ti=<TaskInstance: print_hello.save_to_csv_task scheduled__2025-04-05T00:16:00+00:00 [queued]>
[2025-04-06T06:02:57.575+0000] {taskinstance.py:2867} INFO - Starting attempt 1 of 2
[2025-04-06T06:02:58.183+0000] {taskinstance.py:2890} INFO - Executing <Task(PythonOperator): save_to_csv_task> on 2025-04-05 00:16:00+00:00
[2025-04-06T06:02:58.206+0000] {warnings.py:112} WARNING - /home/***/.local/lib/python3.12/site-packages/***/task/task_runner/standard_task_runner.py:70: DeprecationWarning: This process (pid=252) is multi-threaded, use of fork() may lead to deadlocks in the child.
  pid = os.fork()

[2025-04-06T06:02:58.208+0000] {standard_task_runner.py:72} INFO - Started process 280 to run task
[2025-04-06T06:02:58.209+0000] {standard_task_runner.py:104} INFO - Running: ['***', 'tasks', 'run', 'print_hello', 'save_to_csv_task', 'scheduled__2025-04-05T00:16:00+00:00', '--job-id', '48', '--raw', '--subdir', 'DAGS_FOLDER/print_hello.py', '--cfg-path', '/tmp/tmpqo1t7kt7']
[2025-04-06T06:02:58.211+0000] {standard_task_runner.py:105} INFO - Job 48: Subtask save_to_csv_task
[2025-04-06T06:02:58.347+0000] {task_command.py:467} INFO - Running <TaskInstance: print_hello.save_to_csv_task scheduled__2025-04-05T00:16:00+00:00 [running]> on host 5991717e768c
[2025-04-06T06:02:58.574+0000] {taskinstance.py:3134} INFO - Exporting env vars: AIRFLOW_CTX_DAG_OWNER='Esayed' AIRFLOW_CTX_DAG_ID='print_hello' AIRFLOW_CTX_TASK_ID='save_to_csv_task' AIRFLOW_CTX_EXECUTION_DATE='2025-04-05T00:16:00+00:00' AIRFLOW_CTX_TRY_NUMBER='1' AIRFLOW_CTX_DAG_RUN_ID='scheduled__2025-04-05T00:16:00+00:00'
[2025-04-06T06:02:58.580+0000] {logging_mixin.py:190} INFO - Task instance is in running state
[2025-04-06T06:02:58.598+0000] {logging_mixin.py:190} INFO -  Previous state of the Task instance: queued
[2025-04-06T06:02:58.599+0000] {logging_mixin.py:190} INFO - Current task name:save_to_csv_task state:running start_date:2025-04-06 06:02:57.549243+00:00
[2025-04-06T06:02:58.600+0000] {logging_mixin.py:190} INFO - Dag name:print_hello and current dag run status:running
[2025-04-06T06:02:58.601+0000] {taskinstance.py:732} INFO - ::endgroup::
[2025-04-06T06:02:58.615+0000] {python.py:240} INFO - Done. Returned value was: None
[2025-04-06T06:02:58.662+0000] {taskinstance.py:341} INFO - ::group::Post task execution logs
[2025-04-06T06:02:58.664+0000] {taskinstance.py:353} INFO - Marking task as SUCCESS. dag_id=print_hello, task_id=save_to_csv_task, run_id=scheduled__2025-04-05T00:16:00+00:00, execution_date=20250405T001600, start_date=20250406T060257, end_date=20250406T060258
[2025-04-06T06:02:58.749+0000] {logging_mixin.py:190} INFO - Task instance in success state
[2025-04-06T06:02:58.750+0000] {logging_mixin.py:190} INFO -  Previous state of the Task instance: running
[2025-04-06T06:02:58.752+0000] {logging_mixin.py:190} INFO - Dag name:print_hello queued_at:2025-04-06 06:02:51.364360+00:00
[2025-04-06T06:02:58.755+0000] {logging_mixin.py:190} INFO - Task hostname:5991717e768c operator:PythonOperator
[2025-04-06T06:02:58.828+0000] {local_task_job_runner.py:266} INFO - Task exited with return code 0
[2025-04-06T06:02:58.850+0000] {local_task_job_runner.py:245} INFO - ::endgroup::
[2025-04-06T06:15:19.307+0000] {local_task_job_runner.py:123} INFO - ::group::Pre task execution logs
[2025-04-06T06:15:19.368+0000] {taskinstance.py:2614} INFO - Dependencies all met for dep_context=non-requeueable deps ti=<TaskInstance: print_hello.save_to_csv_task scheduled__2025-04-05T00:16:00+00:00 [queued]>
[2025-04-06T06:15:19.420+0000] {taskinstance.py:2614} INFO - Dependencies all met for dep_context=requeueable deps ti=<TaskInstance: print_hello.save_to_csv_task scheduled__2025-04-05T00:16:00+00:00 [queued]>
[2025-04-06T06:15:19.428+0000] {taskinstance.py:2867} INFO - Starting attempt 1 of 2
[2025-04-06T06:15:20.181+0000] {taskinstance.py:2890} INFO - Executing <Task(PythonOperator): save_to_csv_task> on 2025-04-05 00:16:00+00:00
[2025-04-06T06:15:20.200+0000] {warnings.py:112} WARNING - /home/***/.local/lib/python3.12/site-packages/***/task/task_runner/standard_task_runner.py:70: DeprecationWarning: This process (pid=1042) is multi-threaded, use of fork() may lead to deadlocks in the child.
  pid = os.fork()

[2025-04-06T06:15:20.204+0000] {standard_task_runner.py:72} INFO - Started process 1094 to run task
[2025-04-06T06:15:20.204+0000] {standard_task_runner.py:104} INFO - Running: ['***', 'tasks', 'run', 'print_hello', 'save_to_csv_task', 'scheduled__2025-04-05T00:16:00+00:00', '--job-id', '213', '--raw', '--subdir', 'DAGS_FOLDER/print_hello.py', '--cfg-path', '/tmp/tmp5wcgetuy']
[2025-04-06T06:15:20.211+0000] {standard_task_runner.py:105} INFO - Job 213: Subtask save_to_csv_task
[2025-04-06T06:15:20.379+0000] {task_command.py:467} INFO - Running <TaskInstance: print_hello.save_to_csv_task scheduled__2025-04-05T00:16:00+00:00 [running]> on host 5991717e768c
[2025-04-06T06:15:20.623+0000] {taskinstance.py:3134} INFO - Exporting env vars: AIRFLOW_CTX_DAG_OWNER='Esayed' AIRFLOW_CTX_DAG_ID='print_hello' AIRFLOW_CTX_TASK_ID='save_to_csv_task' AIRFLOW_CTX_EXECUTION_DATE='2025-04-05T00:16:00+00:00' AIRFLOW_CTX_TRY_NUMBER='1' AIRFLOW_CTX_DAG_RUN_ID='scheduled__2025-04-05T00:16:00+00:00'
[2025-04-06T06:15:20.626+0000] {logging_mixin.py:190} INFO - Task instance is in running state
[2025-04-06T06:15:20.627+0000] {logging_mixin.py:190} INFO -  Previous state of the Task instance: queued
[2025-04-06T06:15:20.629+0000] {logging_mixin.py:190} INFO - Current task name:save_to_csv_task state:running start_date:2025-04-06 06:15:19.385241+00:00
[2025-04-06T06:15:20.631+0000] {logging_mixin.py:190} INFO - Dag name:print_hello and current dag run status:running
[2025-04-06T06:15:20.633+0000] {taskinstance.py:732} INFO - ::endgroup::
[2025-04-06T06:15:20.665+0000] {python.py:240} INFO - Done. Returned value was: None
[2025-04-06T06:15:20.690+0000] {taskinstance.py:341} INFO - ::group::Post task execution logs
[2025-04-06T06:15:20.692+0000] {taskinstance.py:353} INFO - Marking task as SUCCESS. dag_id=print_hello, task_id=save_to_csv_task, run_id=scheduled__2025-04-05T00:16:00+00:00, execution_date=20250405T001600, start_date=20250406T061519, end_date=20250406T061520
[2025-04-06T06:15:21.020+0000] {logging_mixin.py:190} INFO - Task instance in success state
[2025-04-06T06:15:21.026+0000] {logging_mixin.py:190} INFO -  Previous state of the Task instance: running
[2025-04-06T06:15:21.027+0000] {logging_mixin.py:190} INFO - Dag name:print_hello queued_at:2025-04-06 06:15:10.732103+00:00
[2025-04-06T06:15:21.029+0000] {logging_mixin.py:190} INFO - Task hostname:5991717e768c operator:PythonOperator
[2025-04-06T06:15:21.115+0000] {local_task_job_runner.py:266} INFO - Task exited with return code 0
[2025-04-06T06:15:21.174+0000] {taskinstance.py:3901} INFO - 0 downstream tasks scheduled from follow-on schedule check
[2025-04-06T06:15:21.183+0000] {local_task_job_runner.py:245} INFO - ::endgroup::
