[2025-04-06T06:03:01.635+0000] {local_task_job_runner.py:123} INFO - ::group::Pre task execution logs
[2025-04-06T06:03:01.666+0000] {taskinstance.py:2614} INFO - Dependencies all met for dep_context=non-requeueable deps ti=<TaskInstance: print_hello.print_hello_task scheduled__2025-04-05T00:29:00+00:00 [queued]>
[2025-04-06T06:03:01.682+0000] {taskinstance.py:2614} INFO - Dependencies all met for dep_context=requeueable deps ti=<TaskInstance: print_hello.print_hello_task scheduled__2025-04-05T00:29:00+00:00 [queued]>
[2025-04-06T06:03:01.683+0000] {taskinstance.py:2867} INFO - Starting attempt 1 of 2
[2025-04-06T06:03:02.059+0000] {taskinstance.py:2890} INFO - Executing <Task(PythonOperator): print_hello_task> on 2025-04-05 00:29:00+00:00
[2025-04-06T06:03:02.076+0000] {warnings.py:112} WARNING - /home/***/.local/lib/python3.12/site-packages/***/task/task_runner/standard_task_runner.py:70: DeprecationWarning: This process (pid=278) is multi-threaded, use of fork() may lead to deadlocks in the child.
  pid = os.fork()

[2025-04-06T06:03:02.080+0000] {standard_task_runner.py:72} INFO - Started process 326 to run task
[2025-04-06T06:03:02.079+0000] {standard_task_runner.py:104} INFO - Running: ['***', 'tasks', 'run', 'print_hello', 'print_hello_task', 'scheduled__2025-04-05T00:29:00+00:00', '--job-id', '61', '--raw', '--subdir', 'DAGS_FOLDER/print_hello.py', '--cfg-path', '/tmp/tmpwtaduejd']
[2025-04-06T06:03:02.081+0000] {standard_task_runner.py:105} INFO - Job 61: Subtask print_hello_task
[2025-04-06T06:03:02.175+0000] {task_command.py:467} INFO - Running <TaskInstance: print_hello.print_hello_task scheduled__2025-04-05T00:29:00+00:00 [running]> on host 5991717e768c
[2025-04-06T06:03:02.376+0000] {taskinstance.py:3134} INFO - Exporting env vars: AIRFLOW_CTX_DAG_OWNER='Esayed' AIRFLOW_CTX_DAG_ID='print_hello' AIRFLOW_CTX_TASK_ID='print_hello_task' AIRFLOW_CTX_EXECUTION_DATE='2025-04-05T00:29:00+00:00' AIRFLOW_CTX_TRY_NUMBER='1' AIRFLOW_CTX_DAG_RUN_ID='scheduled__2025-04-05T00:29:00+00:00'
[2025-04-06T06:03:02.381+0000] {logging_mixin.py:190} INFO - Task instance is in running state
[2025-04-06T06:03:02.385+0000] {logging_mixin.py:190} INFO -  Previous state of the Task instance: queued
[2025-04-06T06:03:02.390+0000] {logging_mixin.py:190} INFO - Current task name:print_hello_task state:running start_date:2025-04-06 06:03:01.667176+00:00
[2025-04-06T06:03:02.392+0000] {logging_mixin.py:190} INFO - Dag name:print_hello and current dag run status:running
[2025-04-06T06:03:02.393+0000] {taskinstance.py:732} INFO - ::endgroup::
[2025-04-06T06:03:02.396+0000] {logging_mixin.py:190} INFO - hello
[2025-04-06T06:03:02.397+0000] {python.py:240} INFO - Done. Returned value was: None
[2025-04-06T06:03:02.417+0000] {taskinstance.py:341} INFO - ::group::Post task execution logs
[2025-04-06T06:03:02.420+0000] {taskinstance.py:353} INFO - Marking task as SUCCESS. dag_id=print_hello, task_id=print_hello_task, run_id=scheduled__2025-04-05T00:29:00+00:00, execution_date=20250405T002900, start_date=20250406T060301, end_date=20250406T060302
[2025-04-06T06:03:02.543+0000] {logging_mixin.py:190} INFO - Task instance in success state
[2025-04-06T06:03:02.546+0000] {logging_mixin.py:190} INFO -  Previous state of the Task instance: running
[2025-04-06T06:03:02.547+0000] {logging_mixin.py:190} INFO - Dag name:print_hello queued_at:2025-04-06 06:02:57.434761+00:00
[2025-04-06T06:03:02.549+0000] {logging_mixin.py:190} INFO - Task hostname:5991717e768c operator:PythonOperator
[2025-04-06T06:03:02.621+0000] {local_task_job_runner.py:266} INFO - Task exited with return code 0
[2025-04-06T06:03:02.668+0000] {local_task_job_runner.py:245} INFO - ::endgroup::
[2025-04-06T06:15:18.189+0000] {local_task_job_runner.py:123} INFO - ::group::Pre task execution logs
[2025-04-06T06:15:18.224+0000] {taskinstance.py:2614} INFO - Dependencies all met for dep_context=non-requeueable deps ti=<TaskInstance: print_hello.print_hello_task scheduled__2025-04-05T00:29:00+00:00 [queued]>
[2025-04-06T06:15:18.243+0000] {taskinstance.py:2614} INFO - Dependencies all met for dep_context=requeueable deps ti=<TaskInstance: print_hello.print_hello_task scheduled__2025-04-05T00:29:00+00:00 [queued]>
[2025-04-06T06:15:18.245+0000] {taskinstance.py:2867} INFO - Starting attempt 1 of 2
[2025-04-06T06:15:18.766+0000] {taskinstance.py:2890} INFO - Executing <Task(PythonOperator): print_hello_task> on 2025-04-05 00:29:00+00:00
[2025-04-06T06:15:18.785+0000] {warnings.py:112} WARNING - /home/***/.local/lib/python3.12/site-packages/***/task/task_runner/standard_task_runner.py:70: DeprecationWarning: This process (pid=1028) is multi-threaded, use of fork() may lead to deadlocks in the child.
  pid = os.fork()

[2025-04-06T06:15:18.788+0000] {standard_task_runner.py:104} INFO - Running: ['***', 'tasks', 'run', 'print_hello', 'print_hello_task', 'scheduled__2025-04-05T00:29:00+00:00', '--job-id', '209', '--raw', '--subdir', 'DAGS_FOLDER/print_hello.py', '--cfg-path', '/tmp/tmp65zptvfc']
[2025-04-06T06:15:18.789+0000] {standard_task_runner.py:72} INFO - Started process 1080 to run task
[2025-04-06T06:15:18.791+0000] {standard_task_runner.py:105} INFO - Job 209: Subtask print_hello_task
[2025-04-06T06:15:18.966+0000] {task_command.py:467} INFO - Running <TaskInstance: print_hello.print_hello_task scheduled__2025-04-05T00:29:00+00:00 [running]> on host 5991717e768c
[2025-04-06T06:15:19.232+0000] {taskinstance.py:3134} INFO - Exporting env vars: AIRFLOW_CTX_DAG_OWNER='Esayed' AIRFLOW_CTX_DAG_ID='print_hello' AIRFLOW_CTX_TASK_ID='print_hello_task' AIRFLOW_CTX_EXECUTION_DATE='2025-04-05T00:29:00+00:00' AIRFLOW_CTX_TRY_NUMBER='1' AIRFLOW_CTX_DAG_RUN_ID='scheduled__2025-04-05T00:29:00+00:00'
[2025-04-06T06:15:19.238+0000] {logging_mixin.py:190} INFO - Task instance is in running state
[2025-04-06T06:15:19.239+0000] {logging_mixin.py:190} INFO -  Previous state of the Task instance: queued
[2025-04-06T06:15:19.241+0000] {logging_mixin.py:190} INFO - Current task name:print_hello_task state:running start_date:2025-04-06 06:15:18.226050+00:00
[2025-04-06T06:15:19.242+0000] {logging_mixin.py:190} INFO - Dag name:print_hello and current dag run status:running
[2025-04-06T06:15:19.243+0000] {taskinstance.py:732} INFO - ::endgroup::
[2025-04-06T06:15:19.245+0000] {logging_mixin.py:190} INFO - hello
[2025-04-06T06:15:19.247+0000] {python.py:240} INFO - Done. Returned value was: None
[2025-04-06T06:15:19.265+0000] {taskinstance.py:341} INFO - ::group::Post task execution logs
[2025-04-06T06:15:19.266+0000] {taskinstance.py:353} INFO - Marking task as SUCCESS. dag_id=print_hello, task_id=print_hello_task, run_id=scheduled__2025-04-05T00:29:00+00:00, execution_date=20250405T002900, start_date=20250406T061518, end_date=20250406T061519
[2025-04-06T06:15:19.346+0000] {logging_mixin.py:190} INFO - Task instance in success state
[2025-04-06T06:15:19.351+0000] {logging_mixin.py:190} INFO -  Previous state of the Task instance: running
[2025-04-06T06:15:19.354+0000] {logging_mixin.py:190} INFO - Dag name:print_hello queued_at:2025-04-06 06:15:13.739412+00:00
[2025-04-06T06:15:19.359+0000] {logging_mixin.py:190} INFO - Task hostname:5991717e768c operator:PythonOperator
[2025-04-06T06:15:19.420+0000] {local_task_job_runner.py:266} INFO - Task exited with return code 0
[2025-04-06T06:15:19.451+0000] {local_task_job_runner.py:245} INFO - ::endgroup::
