[2025-04-06T06:02:48.166+0000] {local_task_job_runner.py:123} INFO - ::group::Pre task execution logs
[2025-04-06T06:02:48.250+0000] {taskinstance.py:2614} INFO - Dependencies all met for dep_context=non-requeueable deps ti=<TaskInstance: print_hello.save_to_csv_task scheduled__2025-04-05T00:11:00+00:00 [queued]>
[2025-04-06T06:02:48.309+0000] {taskinstance.py:2614} INFO - Dependencies all met for dep_context=requeueable deps ti=<TaskInstance: print_hello.save_to_csv_task scheduled__2025-04-05T00:11:00+00:00 [queued]>
[2025-04-06T06:02:48.316+0000] {taskinstance.py:2867} INFO - Starting attempt 1 of 2
[2025-04-06T06:02:48.821+0000] {taskinstance.py:2890} INFO - Executing <Task(PythonOperator): save_to_csv_task> on 2025-04-05 00:11:00+00:00
[2025-04-06T06:02:48.841+0000] {standard_task_runner.py:104} INFO - Running: ['***', 'tasks', 'run', 'print_hello', 'save_to_csv_task', 'scheduled__2025-04-05T00:11:00+00:00', '--job-id', '31', '--raw', '--subdir', 'DAGS_FOLDER/print_hello.py', '--cfg-path', '/tmp/tmpyrrtfkvy']
[2025-04-06T06:02:48.846+0000] {standard_task_runner.py:105} INFO - Job 31: Subtask save_to_csv_task
[2025-04-06T06:02:48.851+0000] {warnings.py:112} WARNING - /home/***/.local/lib/python3.12/site-packages/***/task/task_runner/standard_task_runner.py:70: DeprecationWarning: This process (pid=178) is multi-threaded, use of fork() may lead to deadlocks in the child.
  pid = os.fork()

[2025-04-06T06:02:48.874+0000] {standard_task_runner.py:72} INFO - Started process 216 to run task
[2025-04-06T06:02:48.992+0000] {task_command.py:467} INFO - Running <TaskInstance: print_hello.save_to_csv_task scheduled__2025-04-05T00:11:00+00:00 [running]> on host 5991717e768c
[2025-04-06T06:02:49.265+0000] {taskinstance.py:3134} INFO - Exporting env vars: AIRFLOW_CTX_DAG_OWNER='Esayed' AIRFLOW_CTX_DAG_ID='print_hello' AIRFLOW_CTX_TASK_ID='save_to_csv_task' AIRFLOW_CTX_EXECUTION_DATE='2025-04-05T00:11:00+00:00' AIRFLOW_CTX_TRY_NUMBER='1' AIRFLOW_CTX_DAG_RUN_ID='scheduled__2025-04-05T00:11:00+00:00'
[2025-04-06T06:02:49.268+0000] {logging_mixin.py:190} INFO - Task instance is in running state
[2025-04-06T06:02:49.270+0000] {logging_mixin.py:190} INFO -  Previous state of the Task instance: queued
[2025-04-06T06:02:49.273+0000] {logging_mixin.py:190} INFO - Current task name:save_to_csv_task state:running start_date:2025-04-06 06:02:48.255494+00:00
[2025-04-06T06:02:49.276+0000] {logging_mixin.py:190} INFO - Dag name:print_hello and current dag run status:running
[2025-04-06T06:02:49.278+0000] {taskinstance.py:732} INFO - ::endgroup::
[2025-04-06T06:02:49.323+0000] {python.py:240} INFO - Done. Returned value was: None
[2025-04-06T06:02:49.363+0000] {taskinstance.py:341} INFO - ::group::Post task execution logs
[2025-04-06T06:02:49.364+0000] {taskinstance.py:353} INFO - Marking task as SUCCESS. dag_id=print_hello, task_id=save_to_csv_task, run_id=scheduled__2025-04-05T00:11:00+00:00, execution_date=20250405T001100, start_date=20250406T060248, end_date=20250406T060249
[2025-04-06T06:02:49.442+0000] {logging_mixin.py:190} INFO - Task instance in success state
[2025-04-06T06:02:49.447+0000] {logging_mixin.py:190} INFO -  Previous state of the Task instance: running
[2025-04-06T06:02:49.449+0000] {logging_mixin.py:190} INFO - Dag name:print_hello queued_at:2025-04-06 06:02:23.335908+00:00
[2025-04-06T06:02:49.450+0000] {logging_mixin.py:190} INFO - Task hostname:5991717e768c operator:PythonOperator
[2025-04-06T06:02:49.514+0000] {local_task_job_runner.py:266} INFO - Task exited with return code 0
[2025-04-06T06:02:49.561+0000] {taskinstance.py:3901} INFO - 0 downstream tasks scheduled from follow-on schedule check
[2025-04-06T06:02:49.575+0000] {local_task_job_runner.py:245} INFO - ::endgroup::
[2025-04-06T06:15:06.871+0000] {local_task_job_runner.py:123} INFO - ::group::Pre task execution logs
[2025-04-06T06:15:06.908+0000] {taskinstance.py:2614} INFO - Dependencies all met for dep_context=non-requeueable deps ti=<TaskInstance: print_hello.save_to_csv_task scheduled__2025-04-05T00:11:00+00:00 [queued]>
[2025-04-06T06:15:06.930+0000] {taskinstance.py:2614} INFO - Dependencies all met for dep_context=requeueable deps ti=<TaskInstance: print_hello.save_to_csv_task scheduled__2025-04-05T00:11:00+00:00 [queued]>
[2025-04-06T06:15:06.931+0000] {taskinstance.py:2867} INFO - Starting attempt 1 of 2
[2025-04-06T06:15:07.245+0000] {taskinstance.py:2890} INFO - Executing <Task(PythonOperator): save_to_csv_task> on 2025-04-05 00:11:00+00:00
[2025-04-06T06:15:07.258+0000] {warnings.py:112} WARNING - /home/***/.local/lib/python3.12/site-packages/***/task/task_runner/standard_task_runner.py:70: DeprecationWarning: This process (pid=952) is multi-threaded, use of fork() may lead to deadlocks in the child.
  pid = os.fork()

[2025-04-06T06:15:07.261+0000] {standard_task_runner.py:72} INFO - Started process 992 to run task
[2025-04-06T06:15:07.261+0000] {standard_task_runner.py:104} INFO - Running: ['***', 'tasks', 'run', 'print_hello', 'save_to_csv_task', 'scheduled__2025-04-05T00:11:00+00:00', '--job-id', '192', '--raw', '--subdir', 'DAGS_FOLDER/print_hello.py', '--cfg-path', '/tmp/tmpdndy4pfx']
[2025-04-06T06:15:07.262+0000] {standard_task_runner.py:105} INFO - Job 192: Subtask save_to_csv_task
[2025-04-06T06:15:07.334+0000] {task_command.py:467} INFO - Running <TaskInstance: print_hello.save_to_csv_task scheduled__2025-04-05T00:11:00+00:00 [running]> on host 5991717e768c
[2025-04-06T06:15:07.471+0000] {taskinstance.py:3134} INFO - Exporting env vars: AIRFLOW_CTX_DAG_OWNER='Esayed' AIRFLOW_CTX_DAG_ID='print_hello' AIRFLOW_CTX_TASK_ID='save_to_csv_task' AIRFLOW_CTX_EXECUTION_DATE='2025-04-05T00:11:00+00:00' AIRFLOW_CTX_TRY_NUMBER='1' AIRFLOW_CTX_DAG_RUN_ID='scheduled__2025-04-05T00:11:00+00:00'
[2025-04-06T06:15:07.472+0000] {logging_mixin.py:190} INFO - Task instance is in running state
[2025-04-06T06:15:07.474+0000] {logging_mixin.py:190} INFO -  Previous state of the Task instance: queued
[2025-04-06T06:15:07.475+0000] {logging_mixin.py:190} INFO - Current task name:save_to_csv_task state:running start_date:2025-04-06 06:15:06.909401+00:00
[2025-04-06T06:15:07.476+0000] {logging_mixin.py:190} INFO - Dag name:print_hello and current dag run status:running
[2025-04-06T06:15:07.477+0000] {taskinstance.py:732} INFO - ::endgroup::
[2025-04-06T06:15:07.488+0000] {python.py:240} INFO - Done. Returned value was: None
[2025-04-06T06:15:07.504+0000] {taskinstance.py:341} INFO - ::group::Post task execution logs
[2025-04-06T06:15:07.506+0000] {taskinstance.py:353} INFO - Marking task as SUCCESS. dag_id=print_hello, task_id=save_to_csv_task, run_id=scheduled__2025-04-05T00:11:00+00:00, execution_date=20250405T001100, start_date=20250406T061506, end_date=20250406T061507
[2025-04-06T06:15:07.546+0000] {logging_mixin.py:190} INFO - Task instance in success state
[2025-04-06T06:15:07.548+0000] {logging_mixin.py:190} INFO -  Previous state of the Task instance: running
[2025-04-06T06:15:07.549+0000] {logging_mixin.py:190} INFO - Dag name:print_hello queued_at:2025-04-06 06:14:53.371098+00:00
[2025-04-06T06:15:07.550+0000] {logging_mixin.py:190} INFO - Task hostname:5991717e768c operator:PythonOperator
[2025-04-06T06:15:07.597+0000] {local_task_job_runner.py:266} INFO - Task exited with return code 0
[2025-04-06T06:15:07.624+0000] {taskinstance.py:3901} INFO - 0 downstream tasks scheduled from follow-on schedule check
[2025-04-06T06:15:07.629+0000] {local_task_job_runner.py:245} INFO - ::endgroup::
