[2025-04-07T06:26:57.034+0000] {local_task_job_runner.py:123} INFO - ::group::Pre task execution logs
[2025-04-07T06:26:57.060+0000] {taskinstance.py:2614} INFO - Dependencies all met for dep_context=non-requeueable deps ti=<TaskInstance: monitor_the_api_history_per_day.read_api_from_more_than_month manual__2025-04-07T06:26:47.645537+00:00 [queued]>
[2025-04-07T06:26:57.078+0000] {taskinstance.py:2614} INFO - Dependencies all met for dep_context=requeueable deps ti=<TaskInstance: monitor_the_api_history_per_day.read_api_from_more_than_month manual__2025-04-07T06:26:47.645537+00:00 [queued]>
[2025-04-07T06:26:57.078+0000] {taskinstance.py:2867} INFO - Starting attempt 1 of 2
[2025-04-07T06:26:57.292+0000] {taskinstance.py:2890} INFO - Executing <Task(PythonOperator): read_api_from_more_than_month> on 2025-04-07 06:26:47.645537+00:00
[2025-04-07T06:26:57.305+0000] {standard_task_runner.py:104} INFO - Running: ['***', 'tasks', 'run', 'monitor_the_api_history_per_day', 'read_api_from_more_than_month', 'manual__2025-04-07T06:26:47.645537+00:00', '--job-id', '465', '--raw', '--subdir', 'DAGS_FOLDER/monitor_the_api_history_per_day.py', '--cfg-path', '/tmp/tmpdyadswod']
[2025-04-07T06:26:57.306+0000] {standard_task_runner.py:105} INFO - Job 465: Subtask read_api_from_more_than_month
[2025-04-07T06:26:57.302+0000] {warnings.py:112} WARNING - /home/***/.local/lib/python3.12/site-packages/***/task/task_runner/standard_task_runner.py:70: DeprecationWarning: This process (pid=160) is multi-threaded, use of fork() may lead to deadlocks in the child.
  pid = os.fork()

[2025-04-07T06:26:57.307+0000] {standard_task_runner.py:72} INFO - Started process 168 to run task
[2025-04-07T06:26:57.378+0000] {task_command.py:467} INFO - Running <TaskInstance: monitor_the_api_history_per_day.read_api_from_more_than_month manual__2025-04-07T06:26:47.645537+00:00 [running]> on host c10f653d5b77
[2025-04-07T06:26:57.480+0000] {taskinstance.py:3134} INFO - Exporting env vars: AIRFLOW_CTX_DAG_OWNER='Esayed' AIRFLOW_CTX_DAG_ID='monitor_the_api_history_per_day' AIRFLOW_CTX_TASK_ID='read_api_from_more_than_month' AIRFLOW_CTX_EXECUTION_DATE='2025-04-07T06:26:47.645537+00:00' AIRFLOW_CTX_TRY_NUMBER='1' AIRFLOW_CTX_DAG_RUN_ID='manual__2025-04-07T06:26:47.645537+00:00'
[2025-04-07T06:26:57.481+0000] {logging_mixin.py:190} INFO - Task instance is in running state
[2025-04-07T06:26:57.482+0000] {logging_mixin.py:190} INFO -  Previous state of the Task instance: queued
[2025-04-07T06:26:57.483+0000] {logging_mixin.py:190} INFO - Current task name:read_api_from_more_than_month state:running start_date:2025-04-07 06:26:57.062035+00:00
[2025-04-07T06:26:57.484+0000] {logging_mixin.py:190} INFO - Dag name:monitor_the_api_history_per_day and current dag run status:running
[2025-04-07T06:26:57.485+0000] {taskinstance.py:732} INFO - ::endgroup::
[2025-04-07T06:26:57.551+0000] {logging_mixin.py:190} INFO - read_api_from_more_than_month are readed
[2025-04-07T06:26:57.578+0000] {python.py:240} INFO - Done. Returned value was: None
[2025-04-07T06:26:57.595+0000] {taskinstance.py:341} INFO - ::group::Post task execution logs
[2025-04-07T06:26:57.597+0000] {taskinstance.py:353} INFO - Marking task as SUCCESS. dag_id=monitor_the_api_history_per_day, task_id=read_api_from_more_than_month, run_id=manual__2025-04-07T06:26:47.645537+00:00, execution_date=20250407T062647, start_date=20250407T062657, end_date=20250407T062657
[2025-04-07T06:26:57.631+0000] {logging_mixin.py:190} INFO - Task instance in success state
[2025-04-07T06:26:57.631+0000] {logging_mixin.py:190} INFO -  Previous state of the Task instance: running
[2025-04-07T06:26:57.632+0000] {logging_mixin.py:190} INFO - Dag name:monitor_the_api_history_per_day queued_at:2025-04-07 06:26:47.669838+00:00
[2025-04-07T06:26:57.632+0000] {logging_mixin.py:190} INFO - Task hostname:c10f653d5b77 operator:PythonOperator
[2025-04-07T06:26:57.685+0000] {local_task_job_runner.py:266} INFO - Task exited with return code 0
[2025-04-07T06:26:57.711+0000] {taskinstance.py:3901} INFO - 1 downstream tasks scheduled from follow-on schedule check
[2025-04-07T06:26:57.714+0000] {local_task_job_runner.py:245} INFO - ::endgroup::
