[2025-04-06T06:03:02.067+0000] {local_task_job_runner.py:123} INFO - ::group::Pre task execution logs
[2025-04-06T06:03:02.097+0000] {taskinstance.py:2614} INFO - Dependencies all met for dep_context=non-requeueable deps ti=<TaskInstance: print_hello.print_hello_task scheduled__2025-04-05T00:30:00+00:00 [queued]>
[2025-04-06T06:03:02.117+0000] {taskinstance.py:2614} INFO - Dependencies all met for dep_context=requeueable deps ti=<TaskInstance: print_hello.print_hello_task scheduled__2025-04-05T00:30:00+00:00 [queued]>
[2025-04-06T06:03:02.119+0000] {taskinstance.py:2867} INFO - Starting attempt 1 of 2
[2025-04-06T06:03:02.546+0000] {taskinstance.py:2890} INFO - Executing <Task(PythonOperator): print_hello_task> on 2025-04-05 00:30:00+00:00
[2025-04-06T06:03:02.569+0000] {warnings.py:112} WARNING - /home/***/.local/lib/python3.12/site-packages/***/task/task_runner/standard_task_runner.py:70: DeprecationWarning: This process (pid=282) is multi-threaded, use of fork() may lead to deadlocks in the child.
  pid = os.fork()

[2025-04-06T06:03:02.574+0000] {standard_task_runner.py:72} INFO - Started process 330 to run task
[2025-04-06T06:03:02.574+0000] {standard_task_runner.py:104} INFO - Running: ['***', 'tasks', 'run', 'print_hello', 'print_hello_task', 'scheduled__2025-04-05T00:30:00+00:00', '--job-id', '62', '--raw', '--subdir', 'DAGS_FOLDER/print_hello.py', '--cfg-path', '/tmp/tmpoeivbl_n']
[2025-04-06T06:03:02.579+0000] {standard_task_runner.py:105} INFO - Job 62: Subtask print_hello_task
[2025-04-06T06:03:02.717+0000] {task_command.py:467} INFO - Running <TaskInstance: print_hello.print_hello_task scheduled__2025-04-05T00:30:00+00:00 [running]> on host 5991717e768c
[2025-04-06T06:03:02.933+0000] {taskinstance.py:3134} INFO - Exporting env vars: AIRFLOW_CTX_DAG_OWNER='Esayed' AIRFLOW_CTX_DAG_ID='print_hello' AIRFLOW_CTX_TASK_ID='print_hello_task' AIRFLOW_CTX_EXECUTION_DATE='2025-04-05T00:30:00+00:00' AIRFLOW_CTX_TRY_NUMBER='1' AIRFLOW_CTX_DAG_RUN_ID='scheduled__2025-04-05T00:30:00+00:00'
[2025-04-06T06:03:02.935+0000] {logging_mixin.py:190} INFO - Task instance is in running state
[2025-04-06T06:03:02.937+0000] {logging_mixin.py:190} INFO -  Previous state of the Task instance: queued
[2025-04-06T06:03:02.938+0000] {logging_mixin.py:190} INFO - Current task name:print_hello_task state:running start_date:2025-04-06 06:03:02.099113+00:00
[2025-04-06T06:03:02.939+0000] {logging_mixin.py:190} INFO - Dag name:print_hello and current dag run status:running
[2025-04-06T06:03:02.940+0000] {taskinstance.py:732} INFO - ::endgroup::
[2025-04-06T06:03:02.941+0000] {logging_mixin.py:190} INFO - hello
[2025-04-06T06:03:02.943+0000] {python.py:240} INFO - Done. Returned value was: None
[2025-04-06T06:03:02.963+0000] {taskinstance.py:341} INFO - ::group::Post task execution logs
[2025-04-06T06:03:02.964+0000] {taskinstance.py:353} INFO - Marking task as SUCCESS. dag_id=print_hello, task_id=print_hello_task, run_id=scheduled__2025-04-05T00:30:00+00:00, execution_date=20250405T003000, start_date=20250406T060302, end_date=20250406T060302
[2025-04-06T06:03:03.023+0000] {logging_mixin.py:190} INFO - Task instance in success state
[2025-04-06T06:03:03.025+0000] {logging_mixin.py:190} INFO -  Previous state of the Task instance: running
[2025-04-06T06:03:03.027+0000] {logging_mixin.py:190} INFO - Dag name:print_hello queued_at:2025-04-06 06:02:57.841835+00:00
[2025-04-06T06:03:03.028+0000] {logging_mixin.py:190} INFO - Task hostname:5991717e768c operator:PythonOperator
[2025-04-06T06:03:03.089+0000] {local_task_job_runner.py:266} INFO - Task exited with return code 0
[2025-04-06T06:03:03.108+0000] {local_task_job_runner.py:245} INFO - ::endgroup::
[2025-04-06T06:15:18.704+0000] {local_task_job_runner.py:123} INFO - ::group::Pre task execution logs
[2025-04-06T06:15:18.753+0000] {taskinstance.py:2614} INFO - Dependencies all met for dep_context=non-requeueable deps ti=<TaskInstance: print_hello.print_hello_task scheduled__2025-04-05T00:30:00+00:00 [queued]>
[2025-04-06T06:15:18.771+0000] {taskinstance.py:2614} INFO - Dependencies all met for dep_context=requeueable deps ti=<TaskInstance: print_hello.print_hello_task scheduled__2025-04-05T00:30:00+00:00 [queued]>
[2025-04-06T06:15:18.773+0000] {taskinstance.py:2867} INFO - Starting attempt 1 of 2
[2025-04-06T06:15:19.263+0000] {taskinstance.py:2890} INFO - Executing <Task(PythonOperator): print_hello_task> on 2025-04-05 00:30:00+00:00
[2025-04-06T06:15:19.285+0000] {warnings.py:112} WARNING - /home/***/.local/lib/python3.12/site-packages/***/task/task_runner/standard_task_runner.py:70: DeprecationWarning: This process (pid=1034) is multi-threaded, use of fork() may lead to deadlocks in the child.
  pid = os.fork()

[2025-04-06T06:15:19.289+0000] {standard_task_runner.py:72} INFO - Started process 1084 to run task
[2025-04-06T06:15:19.291+0000] {standard_task_runner.py:104} INFO - Running: ['***', 'tasks', 'run', 'print_hello', 'print_hello_task', 'scheduled__2025-04-05T00:30:00+00:00', '--job-id', '210', '--raw', '--subdir', 'DAGS_FOLDER/print_hello.py', '--cfg-path', '/tmp/tmp_gnmbjiy']
[2025-04-06T06:15:19.294+0000] {standard_task_runner.py:105} INFO - Job 210: Subtask print_hello_task
[2025-04-06T06:15:19.471+0000] {task_command.py:467} INFO - Running <TaskInstance: print_hello.print_hello_task scheduled__2025-04-05T00:30:00+00:00 [running]> on host 5991717e768c
[2025-04-06T06:15:19.653+0000] {taskinstance.py:3134} INFO - Exporting env vars: AIRFLOW_CTX_DAG_OWNER='Esayed' AIRFLOW_CTX_DAG_ID='print_hello' AIRFLOW_CTX_TASK_ID='print_hello_task' AIRFLOW_CTX_EXECUTION_DATE='2025-04-05T00:30:00+00:00' AIRFLOW_CTX_TRY_NUMBER='1' AIRFLOW_CTX_DAG_RUN_ID='scheduled__2025-04-05T00:30:00+00:00'
[2025-04-06T06:15:19.655+0000] {logging_mixin.py:190} INFO - Task instance is in running state
[2025-04-06T06:15:19.657+0000] {logging_mixin.py:190} INFO -  Previous state of the Task instance: queued
[2025-04-06T06:15:19.658+0000] {logging_mixin.py:190} INFO - Current task name:print_hello_task state:running start_date:2025-04-06 06:15:18.754766+00:00
[2025-04-06T06:15:19.659+0000] {logging_mixin.py:190} INFO - Dag name:print_hello and current dag run status:running
[2025-04-06T06:15:19.661+0000] {taskinstance.py:732} INFO - ::endgroup::
[2025-04-06T06:15:19.662+0000] {logging_mixin.py:190} INFO - hello
[2025-04-06T06:15:19.664+0000] {python.py:240} INFO - Done. Returned value was: None
[2025-04-06T06:15:19.683+0000] {taskinstance.py:341} INFO - ::group::Post task execution logs
[2025-04-06T06:15:19.685+0000] {taskinstance.py:353} INFO - Marking task as SUCCESS. dag_id=print_hello, task_id=print_hello_task, run_id=scheduled__2025-04-05T00:30:00+00:00, execution_date=20250405T003000, start_date=20250406T061518, end_date=20250406T061519
[2025-04-06T06:15:19.746+0000] {logging_mixin.py:190} INFO - Task instance in success state
[2025-04-06T06:15:19.747+0000] {logging_mixin.py:190} INFO -  Previous state of the Task instance: running
[2025-04-06T06:15:19.749+0000] {logging_mixin.py:190} INFO - Dag name:print_hello queued_at:2025-04-06 06:15:14.145163+00:00
[2025-04-06T06:15:19.749+0000] {logging_mixin.py:190} INFO - Task hostname:5991717e768c operator:PythonOperator
[2025-04-06T06:15:19.809+0000] {local_task_job_runner.py:266} INFO - Task exited with return code 0
[2025-04-06T06:15:19.833+0000] {local_task_job_runner.py:245} INFO - ::endgroup::
