[2025-04-06T06:03:46.341+0000] {local_task_job_runner.py:123} INFO - ::group::Pre task execution logs
[2025-04-06T06:03:46.380+0000] {taskinstance.py:2614} INFO - Dependencies all met for dep_context=non-requeueable deps ti=<TaskInstance: print_hello.print_hello_task scheduled__2025-04-05T01:07:00+00:00 [queued]>
[2025-04-06T06:03:46.404+0000] {taskinstance.py:2614} INFO - Dependencies all met for dep_context=requeueable deps ti=<TaskInstance: print_hello.print_hello_task scheduled__2025-04-05T01:07:00+00:00 [queued]>
[2025-04-06T06:03:46.406+0000] {taskinstance.py:2867} INFO - Starting attempt 1 of 2
[2025-04-06T06:03:46.945+0000] {taskinstance.py:2890} INFO - Executing <Task(PythonOperator): print_hello_task> on 2025-04-05 01:07:00+00:00
[2025-04-06T06:03:46.978+0000] {standard_task_runner.py:104} INFO - Running: ['***', 'tasks', 'run', 'print_hello', 'print_hello_task', 'scheduled__2025-04-05T01:07:00+00:00', '--job-id', '141', '--raw', '--subdir', 'DAGS_FOLDER/print_hello.py', '--cfg-path', '/tmp/tmptt5bscap']
[2025-04-06T06:03:46.974+0000] {warnings.py:112} WARNING - /home/***/.local/lib/python3.12/site-packages/***/task/task_runner/standard_task_runner.py:70: DeprecationWarning: This process (pid=613) is multi-threaded, use of fork() may lead to deadlocks in the child.
  pid = os.fork()

[2025-04-06T06:03:46.981+0000] {standard_task_runner.py:105} INFO - Job 141: Subtask print_hello_task
[2025-04-06T06:03:46.985+0000] {standard_task_runner.py:72} INFO - Started process 653 to run task
[2025-04-06T06:03:47.125+0000] {task_command.py:467} INFO - Running <TaskInstance: print_hello.print_hello_task scheduled__2025-04-05T01:07:00+00:00 [running]> on host 5991717e768c
[2025-04-06T06:03:47.443+0000] {taskinstance.py:3134} INFO - Exporting env vars: AIRFLOW_CTX_DAG_OWNER='Esayed' AIRFLOW_CTX_DAG_ID='print_hello' AIRFLOW_CTX_TASK_ID='print_hello_task' AIRFLOW_CTX_EXECUTION_DATE='2025-04-05T01:07:00+00:00' AIRFLOW_CTX_TRY_NUMBER='1' AIRFLOW_CTX_DAG_RUN_ID='scheduled__2025-04-05T01:07:00+00:00'
[2025-04-06T06:03:47.452+0000] {logging_mixin.py:190} INFO - Task instance is in running state
[2025-04-06T06:03:47.453+0000] {logging_mixin.py:190} INFO -  Previous state of the Task instance: queued
[2025-04-06T06:03:47.470+0000] {logging_mixin.py:190} INFO - Current task name:print_hello_task state:running start_date:2025-04-06 06:03:46.383462+00:00
[2025-04-06T06:03:47.471+0000] {logging_mixin.py:190} INFO - Dag name:print_hello and current dag run status:running
[2025-04-06T06:03:47.472+0000] {taskinstance.py:732} INFO - ::endgroup::
[2025-04-06T06:03:47.474+0000] {logging_mixin.py:190} INFO - hello
[2025-04-06T06:03:47.475+0000] {python.py:240} INFO - Done. Returned value was: None
[2025-04-06T06:03:47.505+0000] {taskinstance.py:341} INFO - ::group::Post task execution logs
[2025-04-06T06:03:47.507+0000] {taskinstance.py:353} INFO - Marking task as SUCCESS. dag_id=print_hello, task_id=print_hello_task, run_id=scheduled__2025-04-05T01:07:00+00:00, execution_date=20250405T010700, start_date=20250406T060346, end_date=20250406T060347
[2025-04-06T06:03:47.584+0000] {logging_mixin.py:190} INFO - Task instance in success state
[2025-04-06T06:03:47.588+0000] {logging_mixin.py:190} INFO -  Previous state of the Task instance: running
[2025-04-06T06:03:47.591+0000] {logging_mixin.py:190} INFO - Dag name:print_hello queued_at:2025-04-06 06:03:41.510725+00:00
[2025-04-06T06:03:47.592+0000] {logging_mixin.py:190} INFO - Task hostname:5991717e768c operator:PythonOperator
[2025-04-06T06:03:47.656+0000] {local_task_job_runner.py:266} INFO - Task exited with return code 0
[2025-04-06T06:03:47.734+0000] {taskinstance.py:3901} INFO - 1 downstream tasks scheduled from follow-on schedule check
[2025-04-06T06:03:47.745+0000] {local_task_job_runner.py:245} INFO - ::endgroup::
