[2025-04-06T06:03:02.640+0000] {local_task_job_runner.py:123} INFO - ::group::Pre task execution logs
[2025-04-06T06:03:02.679+0000] {taskinstance.py:2614} INFO - Dependencies all met for dep_context=non-requeueable deps ti=<TaskInstance: print_hello.print_hello_task scheduled__2025-04-05T00:31:00+00:00 [queued]>
[2025-04-06T06:03:02.706+0000] {taskinstance.py:2614} INFO - Dependencies all met for dep_context=requeueable deps ti=<TaskInstance: print_hello.print_hello_task scheduled__2025-04-05T00:31:00+00:00 [queued]>
[2025-04-06T06:03:02.707+0000] {taskinstance.py:2867} INFO - Starting attempt 1 of 2
[2025-04-06T06:03:03.088+0000] {taskinstance.py:2890} INFO - Executing <Task(PythonOperator): print_hello_task> on 2025-04-05 00:31:00+00:00
[2025-04-06T06:03:03.105+0000] {warnings.py:112} WARNING - /home/***/.local/lib/python3.12/site-packages/***/task/task_runner/standard_task_runner.py:70: DeprecationWarning: This process (pid=286) is multi-threaded, use of fork() may lead to deadlocks in the child.
  pid = os.fork()

[2025-04-06T06:03:03.109+0000] {standard_task_runner.py:72} INFO - Started process 338 to run task
[2025-04-06T06:03:03.122+0000] {standard_task_runner.py:104} INFO - Running: ['***', 'tasks', 'run', 'print_hello', 'print_hello_task', 'scheduled__2025-04-05T00:31:00+00:00', '--job-id', '63', '--raw', '--subdir', 'DAGS_FOLDER/print_hello.py', '--cfg-path', '/tmp/tmpj6nqys88']
[2025-04-06T06:03:03.124+0000] {standard_task_runner.py:105} INFO - Job 63: Subtask print_hello_task
[2025-04-06T06:03:03.217+0000] {task_command.py:467} INFO - Running <TaskInstance: print_hello.print_hello_task scheduled__2025-04-05T00:31:00+00:00 [running]> on host 5991717e768c
[2025-04-06T06:03:03.407+0000] {taskinstance.py:3134} INFO - Exporting env vars: AIRFLOW_CTX_DAG_OWNER='Esayed' AIRFLOW_CTX_DAG_ID='print_hello' AIRFLOW_CTX_TASK_ID='print_hello_task' AIRFLOW_CTX_EXECUTION_DATE='2025-04-05T00:31:00+00:00' AIRFLOW_CTX_TRY_NUMBER='1' AIRFLOW_CTX_DAG_RUN_ID='scheduled__2025-04-05T00:31:00+00:00'
[2025-04-06T06:03:03.414+0000] {logging_mixin.py:190} INFO - Task instance is in running state
[2025-04-06T06:03:03.415+0000] {logging_mixin.py:190} INFO -  Previous state of the Task instance: queued
[2025-04-06T06:03:03.418+0000] {logging_mixin.py:190} INFO - Current task name:print_hello_task state:running start_date:2025-04-06 06:03:02.681836+00:00
[2025-04-06T06:03:03.419+0000] {logging_mixin.py:190} INFO - Dag name:print_hello and current dag run status:running
[2025-04-06T06:03:03.420+0000] {taskinstance.py:732} INFO - ::endgroup::
[2025-04-06T06:03:03.422+0000] {logging_mixin.py:190} INFO - hello
[2025-04-06T06:03:03.423+0000] {python.py:240} INFO - Done. Returned value was: None
[2025-04-06T06:03:03.441+0000] {taskinstance.py:341} INFO - ::group::Post task execution logs
[2025-04-06T06:03:03.442+0000] {taskinstance.py:353} INFO - Marking task as SUCCESS. dag_id=print_hello, task_id=print_hello_task, run_id=scheduled__2025-04-05T00:31:00+00:00, execution_date=20250405T003100, start_date=20250406T060302, end_date=20250406T060303
[2025-04-06T06:03:03.523+0000] {logging_mixin.py:190} INFO - Task instance in success state
[2025-04-06T06:03:03.524+0000] {logging_mixin.py:190} INFO -  Previous state of the Task instance: running
[2025-04-06T06:03:03.525+0000] {logging_mixin.py:190} INFO - Dag name:print_hello queued_at:2025-04-06 06:02:58.275648+00:00
[2025-04-06T06:03:03.526+0000] {logging_mixin.py:190} INFO - Task hostname:5991717e768c operator:PythonOperator
[2025-04-06T06:03:03.579+0000] {local_task_job_runner.py:266} INFO - Task exited with return code 0
[2025-04-06T06:03:03.602+0000] {local_task_job_runner.py:245} INFO - ::endgroup::
[2025-04-06T06:15:19.176+0000] {local_task_job_runner.py:123} INFO - ::group::Pre task execution logs
[2025-04-06T06:15:19.216+0000] {taskinstance.py:2614} INFO - Dependencies all met for dep_context=non-requeueable deps ti=<TaskInstance: print_hello.print_hello_task scheduled__2025-04-05T00:31:00+00:00 [queued]>
[2025-04-06T06:15:19.241+0000] {taskinstance.py:2614} INFO - Dependencies all met for dep_context=requeueable deps ti=<TaskInstance: print_hello.print_hello_task scheduled__2025-04-05T00:31:00+00:00 [queued]>
[2025-04-06T06:15:19.242+0000] {taskinstance.py:2867} INFO - Starting attempt 1 of 2
[2025-04-06T06:15:19.701+0000] {taskinstance.py:2890} INFO - Executing <Task(PythonOperator): print_hello_task> on 2025-04-05 00:31:00+00:00
[2025-04-06T06:15:19.728+0000] {standard_task_runner.py:104} INFO - Running: ['***', 'tasks', 'run', 'print_hello', 'print_hello_task', 'scheduled__2025-04-05T00:31:00+00:00', '--job-id', '211', '--raw', '--subdir', 'DAGS_FOLDER/print_hello.py', '--cfg-path', '/tmp/tmph7nxge2r']
[2025-04-06T06:15:19.724+0000] {warnings.py:112} WARNING - /home/***/.local/lib/python3.12/site-packages/***/task/task_runner/standard_task_runner.py:70: DeprecationWarning: This process (pid=1040) is multi-threaded, use of fork() may lead to deadlocks in the child.
  pid = os.fork()

[2025-04-06T06:15:19.733+0000] {standard_task_runner.py:72} INFO - Started process 1090 to run task
[2025-04-06T06:15:19.731+0000] {standard_task_runner.py:105} INFO - Job 211: Subtask print_hello_task
[2025-04-06T06:15:19.863+0000] {task_command.py:467} INFO - Running <TaskInstance: print_hello.print_hello_task scheduled__2025-04-05T00:31:00+00:00 [running]> on host 5991717e768c
[2025-04-06T06:15:20.083+0000] {taskinstance.py:3134} INFO - Exporting env vars: AIRFLOW_CTX_DAG_OWNER='Esayed' AIRFLOW_CTX_DAG_ID='print_hello' AIRFLOW_CTX_TASK_ID='print_hello_task' AIRFLOW_CTX_EXECUTION_DATE='2025-04-05T00:31:00+00:00' AIRFLOW_CTX_TRY_NUMBER='1' AIRFLOW_CTX_DAG_RUN_ID='scheduled__2025-04-05T00:31:00+00:00'
[2025-04-06T06:15:20.087+0000] {logging_mixin.py:190} INFO - Task instance is in running state
[2025-04-06T06:15:20.088+0000] {logging_mixin.py:190} INFO -  Previous state of the Task instance: queued
[2025-04-06T06:15:20.090+0000] {logging_mixin.py:190} INFO - Current task name:print_hello_task state:running start_date:2025-04-06 06:15:19.222450+00:00
[2025-04-06T06:15:20.092+0000] {logging_mixin.py:190} INFO - Dag name:print_hello and current dag run status:running
[2025-04-06T06:15:20.093+0000] {taskinstance.py:732} INFO - ::endgroup::
[2025-04-06T06:15:20.095+0000] {logging_mixin.py:190} INFO - hello
[2025-04-06T06:15:20.096+0000] {python.py:240} INFO - Done. Returned value was: None
[2025-04-06T06:15:20.125+0000] {taskinstance.py:341} INFO - ::group::Post task execution logs
[2025-04-06T06:15:20.131+0000] {taskinstance.py:353} INFO - Marking task as SUCCESS. dag_id=print_hello, task_id=print_hello_task, run_id=scheduled__2025-04-05T00:31:00+00:00, execution_date=20250405T003100, start_date=20250406T061519, end_date=20250406T061520
[2025-04-06T06:15:20.207+0000] {logging_mixin.py:190} INFO - Task instance in success state
[2025-04-06T06:15:20.208+0000] {logging_mixin.py:190} INFO -  Previous state of the Task instance: running
[2025-04-06T06:15:20.210+0000] {logging_mixin.py:190} INFO - Dag name:print_hello queued_at:2025-04-06 06:15:14.639240+00:00
[2025-04-06T06:15:20.211+0000] {logging_mixin.py:190} INFO - Task hostname:5991717e768c operator:PythonOperator
[2025-04-06T06:15:20.244+0000] {local_task_job_runner.py:266} INFO - Task exited with return code 0
[2025-04-06T06:15:20.323+0000] {taskinstance.py:3901} INFO - 1 downstream tasks scheduled from follow-on schedule check
[2025-04-06T06:15:20.344+0000] {local_task_job_runner.py:245} INFO - ::endgroup::
