[2025-04-08T15:07:15.203+0000] {local_task_job_runner.py:123} INFO - ::group::Pre task execution logs
[2025-04-08T15:07:15.221+0000] {taskinstance.py:2614} INFO - Dependencies all met for dep_context=non-requeueable deps ti=<TaskInstance: monitor_the_api_history_per_day.read_api_history scheduled__2025-04-07T00:00:00+00:00 [queued]>
[2025-04-08T15:07:15.231+0000] {taskinstance.py:2614} INFO - Dependencies all met for dep_context=requeueable deps ti=<TaskInstance: monitor_the_api_history_per_day.read_api_history scheduled__2025-04-07T00:00:00+00:00 [queued]>
[2025-04-08T15:07:15.232+0000] {taskinstance.py:2867} INFO - Starting attempt 1 of 2
[2025-04-08T15:07:15.445+0000] {taskinstance.py:2890} INFO - Executing <Task(PythonOperator): read_api_history> on 2025-04-07 00:00:00+00:00
[2025-04-08T15:07:15.464+0000] {warnings.py:112} WARNING - /home/***/.local/lib/python3.12/site-packages/***/task/task_runner/standard_task_runner.py:70: DeprecationWarning: This process (pid=75) is multi-threaded, use of fork() may lead to deadlocks in the child.
  pid = os.fork()

[2025-04-08T15:07:15.467+0000] {standard_task_runner.py:72} INFO - Started process 77 to run task
[2025-04-08T15:07:15.467+0000] {standard_task_runner.py:104} INFO - Running: ['***', 'tasks', 'run', 'monitor_the_api_history_per_day', 'read_api_history', 'scheduled__2025-04-07T00:00:00+00:00', '--job-id', '472', '--raw', '--subdir', 'DAGS_FOLDER/monitor_the_api_history_per_day.py', '--cfg-path', '/tmp/tmpd12u7ze1']
[2025-04-08T15:07:15.469+0000] {standard_task_runner.py:105} INFO - Job 472: Subtask read_api_history
[2025-04-08T15:07:15.552+0000] {task_command.py:467} INFO - Running <TaskInstance: monitor_the_api_history_per_day.read_api_history scheduled__2025-04-07T00:00:00+00:00 [running]> on host c10f653d5b77
[2025-04-08T15:07:15.743+0000] {taskinstance.py:3134} INFO - Exporting env vars: AIRFLOW_CTX_DAG_OWNER='Esayed' AIRFLOW_CTX_DAG_ID='monitor_the_api_history_per_day' AIRFLOW_CTX_TASK_ID='read_api_history' AIRFLOW_CTX_EXECUTION_DATE='2025-04-07T00:00:00+00:00' AIRFLOW_CTX_TRY_NUMBER='1' AIRFLOW_CTX_DAG_RUN_ID='scheduled__2025-04-07T00:00:00+00:00'
[2025-04-08T15:07:15.745+0000] {logging_mixin.py:190} INFO - Task instance is in running state
[2025-04-08T15:07:15.746+0000] {logging_mixin.py:190} INFO -  Previous state of the Task instance: queued
[2025-04-08T15:07:15.747+0000] {logging_mixin.py:190} INFO - Current task name:read_api_history state:running start_date:2025-04-08 15:07:15.222424+00:00
[2025-04-08T15:07:15.749+0000] {logging_mixin.py:190} INFO - Dag name:monitor_the_api_history_per_day and current dag run status:running
[2025-04-08T15:07:15.750+0000] {taskinstance.py:732} INFO - ::endgroup::
[2025-04-08T15:07:15.798+0000] {logging_mixin.py:190} INFO - API history is readed
[2025-04-08T15:07:15.892+0000] {python.py:240} INFO - Done. Returned value was: None
[2025-04-08T15:07:15.907+0000] {taskinstance.py:341} INFO - ::group::Post task execution logs
[2025-04-08T15:07:15.909+0000] {taskinstance.py:353} INFO - Marking task as SUCCESS. dag_id=monitor_the_api_history_per_day, task_id=read_api_history, run_id=scheduled__2025-04-07T00:00:00+00:00, execution_date=20250407T000000, start_date=20250408T150715, end_date=20250408T150715
[2025-04-08T15:07:15.950+0000] {logging_mixin.py:190} INFO - Task instance in success state
[2025-04-08T15:07:15.951+0000] {logging_mixin.py:190} INFO -  Previous state of the Task instance: running
[2025-04-08T15:07:15.953+0000] {logging_mixin.py:190} INFO - Dag name:monitor_the_api_history_per_day queued_at:2025-04-08 15:07:03.206403+00:00
[2025-04-08T15:07:15.954+0000] {logging_mixin.py:190} INFO - Task hostname:c10f653d5b77 operator:PythonOperator
[2025-04-08T15:07:16.007+0000] {local_task_job_runner.py:266} INFO - Task exited with return code 0
[2025-04-08T15:07:16.019+0000] {local_task_job_runner.py:245} INFO - ::endgroup::
