[2025-04-06T06:03:15.963+0000] {local_task_job_runner.py:123} INFO - ::group::Pre task execution logs
[2025-04-06T06:03:16.009+0000] {taskinstance.py:2614} INFO - Dependencies all met for dep_context=non-requeueable deps ti=<TaskInstance: print_hello.print_hello_task scheduled__2025-04-05T00:36:00+00:00 [queued]>
[2025-04-06T06:03:16.030+0000] {taskinstance.py:2614} INFO - Dependencies all met for dep_context=requeueable deps ti=<TaskInstance: print_hello.print_hello_task scheduled__2025-04-05T00:36:00+00:00 [queued]>
[2025-04-06T06:03:16.036+0000] {taskinstance.py:2867} INFO - Starting attempt 1 of 2
[2025-04-06T06:03:16.528+0000] {taskinstance.py:2890} INFO - Executing <Task(PythonOperator): print_hello_task> on 2025-04-05 00:36:00+00:00
[2025-04-06T06:03:16.553+0000] {warnings.py:112} WARNING - /home/***/.local/lib/python3.12/site-packages/***/task/task_runner/standard_task_runner.py:70: DeprecationWarning: This process (pid=384) is multi-threaded, use of fork() may lead to deadlocks in the child.
  pid = os.fork()

[2025-04-06T06:03:16.567+0000] {standard_task_runner.py:72} INFO - Started process 414 to run task
[2025-04-06T06:03:16.560+0000] {standard_task_runner.py:104} INFO - Running: ['***', 'tasks', 'run', 'print_hello', 'print_hello_task', 'scheduled__2025-04-05T00:36:00+00:00', '--job-id', '83', '--raw', '--subdir', 'DAGS_FOLDER/print_hello.py', '--cfg-path', '/tmp/tmprgk3idq1']
[2025-04-06T06:03:16.570+0000] {standard_task_runner.py:105} INFO - Job 83: Subtask print_hello_task
[2025-04-06T06:03:16.745+0000] {task_command.py:467} INFO - Running <TaskInstance: print_hello.print_hello_task scheduled__2025-04-05T00:36:00+00:00 [running]> on host 5991717e768c
[2025-04-06T06:03:16.978+0000] {taskinstance.py:3134} INFO - Exporting env vars: AIRFLOW_CTX_DAG_OWNER='Esayed' AIRFLOW_CTX_DAG_ID='print_hello' AIRFLOW_CTX_TASK_ID='print_hello_task' AIRFLOW_CTX_EXECUTION_DATE='2025-04-05T00:36:00+00:00' AIRFLOW_CTX_TRY_NUMBER='1' AIRFLOW_CTX_DAG_RUN_ID='scheduled__2025-04-05T00:36:00+00:00'
[2025-04-06T06:03:16.988+0000] {logging_mixin.py:190} INFO - Task instance is in running state
[2025-04-06T06:03:16.991+0000] {logging_mixin.py:190} INFO -  Previous state of the Task instance: queued
[2025-04-06T06:03:16.995+0000] {logging_mixin.py:190} INFO - Current task name:print_hello_task state:running start_date:2025-04-06 06:03:16.011688+00:00
[2025-04-06T06:03:16.996+0000] {logging_mixin.py:190} INFO - Dag name:print_hello and current dag run status:running
[2025-04-06T06:03:16.997+0000] {taskinstance.py:732} INFO - ::endgroup::
[2025-04-06T06:03:16.999+0000] {logging_mixin.py:190} INFO - hello
[2025-04-06T06:03:17.005+0000] {python.py:240} INFO - Done. Returned value was: None
[2025-04-06T06:03:17.040+0000] {taskinstance.py:341} INFO - ::group::Post task execution logs
[2025-04-06T06:03:17.045+0000] {taskinstance.py:353} INFO - Marking task as SUCCESS. dag_id=print_hello, task_id=print_hello_task, run_id=scheduled__2025-04-05T00:36:00+00:00, execution_date=20250405T003600, start_date=20250406T060316, end_date=20250406T060317
[2025-04-06T06:03:17.139+0000] {logging_mixin.py:190} INFO - Task instance in success state
[2025-04-06T06:03:17.141+0000] {logging_mixin.py:190} INFO -  Previous state of the Task instance: running
[2025-04-06T06:03:17.143+0000] {logging_mixin.py:190} INFO - Dag name:print_hello queued_at:2025-04-06 06:03:12.228349+00:00
[2025-04-06T06:03:17.145+0000] {logging_mixin.py:190} INFO - Task hostname:5991717e768c operator:PythonOperator
[2025-04-06T06:03:17.213+0000] {local_task_job_runner.py:266} INFO - Task exited with return code 0
[2025-04-06T06:03:17.265+0000] {taskinstance.py:3901} INFO - 1 downstream tasks scheduled from follow-on schedule check
[2025-04-06T06:03:17.282+0000] {local_task_job_runner.py:245} INFO - ::endgroup::
[2025-04-06T06:15:30.050+0000] {local_task_job_runner.py:123} INFO - ::group::Pre task execution logs
[2025-04-06T06:15:30.117+0000] {taskinstance.py:2614} INFO - Dependencies all met for dep_context=non-requeueable deps ti=<TaskInstance: print_hello.print_hello_task scheduled__2025-04-05T00:36:00+00:00 [queued]>
[2025-04-06T06:15:30.153+0000] {taskinstance.py:2614} INFO - Dependencies all met for dep_context=requeueable deps ti=<TaskInstance: print_hello.print_hello_task scheduled__2025-04-05T00:36:00+00:00 [queued]>
[2025-04-06T06:15:30.155+0000] {taskinstance.py:2867} INFO - Starting attempt 1 of 2
[2025-04-06T06:15:30.656+0000] {taskinstance.py:2890} INFO - Executing <Task(PythonOperator): print_hello_task> on 2025-04-05 00:36:00+00:00
[2025-04-06T06:15:30.692+0000] {warnings.py:112} WARNING - /home/***/.local/lib/python3.12/site-packages/***/task/task_runner/standard_task_runner.py:70: DeprecationWarning: This process (pid=1136) is multi-threaded, use of fork() may lead to deadlocks in the child.
  pid = os.fork()

[2025-04-06T06:15:30.696+0000] {standard_task_runner.py:104} INFO - Running: ['***', 'tasks', 'run', 'print_hello', 'print_hello_task', 'scheduled__2025-04-05T00:36:00+00:00', '--job-id', '232', '--raw', '--subdir', 'DAGS_FOLDER/print_hello.py', '--cfg-path', '/tmp/tmpykadl52s']
[2025-04-06T06:15:30.703+0000] {standard_task_runner.py:72} INFO - Started process 1167 to run task
[2025-04-06T06:15:30.705+0000] {standard_task_runner.py:105} INFO - Job 232: Subtask print_hello_task
[2025-04-06T06:15:30.934+0000] {task_command.py:467} INFO - Running <TaskInstance: print_hello.print_hello_task scheduled__2025-04-05T00:36:00+00:00 [running]> on host 5991717e768c
[2025-04-06T06:15:31.259+0000] {taskinstance.py:3134} INFO - Exporting env vars: AIRFLOW_CTX_DAG_OWNER='Esayed' AIRFLOW_CTX_DAG_ID='print_hello' AIRFLOW_CTX_TASK_ID='print_hello_task' AIRFLOW_CTX_EXECUTION_DATE='2025-04-05T00:36:00+00:00' AIRFLOW_CTX_TRY_NUMBER='1' AIRFLOW_CTX_DAG_RUN_ID='scheduled__2025-04-05T00:36:00+00:00'
[2025-04-06T06:15:31.265+0000] {logging_mixin.py:190} INFO - Task instance is in running state
[2025-04-06T06:15:31.268+0000] {logging_mixin.py:190} INFO -  Previous state of the Task instance: queued
[2025-04-06T06:15:31.271+0000] {logging_mixin.py:190} INFO - Current task name:print_hello_task state:running start_date:2025-04-06 06:15:30.119653+00:00
[2025-04-06T06:15:31.273+0000] {logging_mixin.py:190} INFO - Dag name:print_hello and current dag run status:running
[2025-04-06T06:15:31.283+0000] {taskinstance.py:732} INFO - ::endgroup::
[2025-04-06T06:15:31.288+0000] {logging_mixin.py:190} INFO - hello
[2025-04-06T06:15:31.298+0000] {python.py:240} INFO - Done. Returned value was: None
[2025-04-06T06:15:31.334+0000] {taskinstance.py:341} INFO - ::group::Post task execution logs
[2025-04-06T06:15:31.335+0000] {taskinstance.py:353} INFO - Marking task as SUCCESS. dag_id=print_hello, task_id=print_hello_task, run_id=scheduled__2025-04-05T00:36:00+00:00, execution_date=20250405T003600, start_date=20250406T061530, end_date=20250406T061531
[2025-04-06T06:15:31.432+0000] {logging_mixin.py:190} INFO - Task instance in success state
[2025-04-06T06:15:31.436+0000] {logging_mixin.py:190} INFO -  Previous state of the Task instance: running
[2025-04-06T06:15:31.445+0000] {logging_mixin.py:190} INFO - Dag name:print_hello queued_at:2025-04-06 06:15:26.807480+00:00
[2025-04-06T06:15:31.450+0000] {logging_mixin.py:190} INFO - Task hostname:5991717e768c operator:PythonOperator
[2025-04-06T06:15:31.518+0000] {local_task_job_runner.py:266} INFO - Task exited with return code 0
[2025-04-06T06:15:31.561+0000] {local_task_job_runner.py:245} INFO - ::endgroup::
