[2025-04-06T06:03:19.997+0000] {local_task_job_runner.py:123} INFO - ::group::Pre task execution logs
[2025-04-06T06:03:20.064+0000] {taskinstance.py:2614} INFO - Dependencies all met for dep_context=non-requeueable deps ti=<TaskInstance: print_hello.print_hello_task scheduled__2025-04-05T00:45:00+00:00 [queued]>
[2025-04-06T06:03:20.090+0000] {taskinstance.py:2614} INFO - Dependencies all met for dep_context=requeueable deps ti=<TaskInstance: print_hello.print_hello_task scheduled__2025-04-05T00:45:00+00:00 [queued]>
[2025-04-06T06:03:20.101+0000] {taskinstance.py:2867} INFO - Starting attempt 1 of 2
[2025-04-06T06:03:20.591+0000] {taskinstance.py:2890} INFO - Executing <Task(PythonOperator): print_hello_task> on 2025-04-05 00:45:00+00:00
[2025-04-06T06:03:20.618+0000] {warnings.py:112} WARNING - /home/***/.local/lib/python3.12/site-packages/***/task/task_runner/standard_task_runner.py:70: DeprecationWarning: This process (pid=402) is multi-threaded, use of fork() may lead to deadlocks in the child.
  pid = os.fork()

[2025-04-06T06:03:20.624+0000] {standard_task_runner.py:72} INFO - Started process 454 to run task
[2025-04-06T06:03:20.622+0000] {standard_task_runner.py:104} INFO - Running: ['***', 'tasks', 'run', 'print_hello', 'print_hello_task', 'scheduled__2025-04-05T00:45:00+00:00', '--job-id', '92', '--raw', '--subdir', 'DAGS_FOLDER/print_hello.py', '--cfg-path', '/tmp/tmp887kqob9']
[2025-04-06T06:03:20.634+0000] {standard_task_runner.py:105} INFO - Job 92: Subtask print_hello_task
[2025-04-06T06:03:20.796+0000] {task_command.py:467} INFO - Running <TaskInstance: print_hello.print_hello_task scheduled__2025-04-05T00:45:00+00:00 [running]> on host 5991717e768c
[2025-04-06T06:03:21.049+0000] {taskinstance.py:3134} INFO - Exporting env vars: AIRFLOW_CTX_DAG_OWNER='Esayed' AIRFLOW_CTX_DAG_ID='print_hello' AIRFLOW_CTX_TASK_ID='print_hello_task' AIRFLOW_CTX_EXECUTION_DATE='2025-04-05T00:45:00+00:00' AIRFLOW_CTX_TRY_NUMBER='1' AIRFLOW_CTX_DAG_RUN_ID='scheduled__2025-04-05T00:45:00+00:00'
[2025-04-06T06:03:21.051+0000] {logging_mixin.py:190} INFO - Task instance is in running state
[2025-04-06T06:03:21.053+0000] {logging_mixin.py:190} INFO -  Previous state of the Task instance: queued
[2025-04-06T06:03:21.055+0000] {logging_mixin.py:190} INFO - Current task name:print_hello_task state:running start_date:2025-04-06 06:03:20.067863+00:00
[2025-04-06T06:03:21.056+0000] {logging_mixin.py:190} INFO - Dag name:print_hello and current dag run status:running
[2025-04-06T06:03:21.057+0000] {taskinstance.py:732} INFO - ::endgroup::
[2025-04-06T06:03:21.074+0000] {logging_mixin.py:190} INFO - hello
[2025-04-06T06:03:21.076+0000] {python.py:240} INFO - Done. Returned value was: None
[2025-04-06T06:03:21.099+0000] {taskinstance.py:341} INFO - ::group::Post task execution logs
[2025-04-06T06:03:21.102+0000] {taskinstance.py:353} INFO - Marking task as SUCCESS. dag_id=print_hello, task_id=print_hello_task, run_id=scheduled__2025-04-05T00:45:00+00:00, execution_date=20250405T004500, start_date=20250406T060320, end_date=20250406T060321
[2025-04-06T06:03:21.184+0000] {logging_mixin.py:190} INFO - Task instance in success state
[2025-04-06T06:03:21.186+0000] {logging_mixin.py:190} INFO -  Previous state of the Task instance: running
[2025-04-06T06:03:21.197+0000] {logging_mixin.py:190} INFO - Dag name:print_hello queued_at:2025-04-06 06:03:14.837811+00:00
[2025-04-06T06:03:21.198+0000] {logging_mixin.py:190} INFO - Task hostname:5991717e768c operator:PythonOperator
[2025-04-06T06:03:21.271+0000] {local_task_job_runner.py:266} INFO - Task exited with return code 0
[2025-04-06T06:03:21.338+0000] {taskinstance.py:3901} INFO - 1 downstream tasks scheduled from follow-on schedule check
[2025-04-06T06:03:21.347+0000] {local_task_job_runner.py:245} INFO - ::endgroup::
[2025-04-06T06:15:34.115+0000] {local_task_job_runner.py:123} INFO - ::group::Pre task execution logs
[2025-04-06T06:15:34.149+0000] {taskinstance.py:2614} INFO - Dependencies all met for dep_context=non-requeueable deps ti=<TaskInstance: print_hello.print_hello_task scheduled__2025-04-05T00:45:00+00:00 [queued]>
[2025-04-06T06:15:34.164+0000] {taskinstance.py:2614} INFO - Dependencies all met for dep_context=requeueable deps ti=<TaskInstance: print_hello.print_hello_task scheduled__2025-04-05T00:45:00+00:00 [queued]>
[2025-04-06T06:15:34.165+0000] {taskinstance.py:2867} INFO - Starting attempt 1 of 2
[2025-04-06T06:15:34.562+0000] {taskinstance.py:2890} INFO - Executing <Task(PythonOperator): print_hello_task> on 2025-04-05 00:45:00+00:00
[2025-04-06T06:15:34.584+0000] {warnings.py:112} WARNING - /home/***/.local/lib/python3.12/site-packages/***/task/task_runner/standard_task_runner.py:70: DeprecationWarning: This process (pid=1154) is multi-threaded, use of fork() may lead to deadlocks in the child.
  pid = os.fork()

[2025-04-06T06:15:34.585+0000] {standard_task_runner.py:104} INFO - Running: ['***', 'tasks', 'run', 'print_hello', 'print_hello_task', 'scheduled__2025-04-05T00:45:00+00:00', '--job-id', '241', '--raw', '--subdir', 'DAGS_FOLDER/print_hello.py', '--cfg-path', '/tmp/tmphikyazyb']
[2025-04-06T06:15:34.587+0000] {standard_task_runner.py:72} INFO - Started process 1194 to run task
[2025-04-06T06:15:34.588+0000] {standard_task_runner.py:105} INFO - Job 241: Subtask print_hello_task
[2025-04-06T06:15:34.714+0000] {task_command.py:467} INFO - Running <TaskInstance: print_hello.print_hello_task scheduled__2025-04-05T00:45:00+00:00 [running]> on host 5991717e768c
[2025-04-06T06:15:34.972+0000] {taskinstance.py:3134} INFO - Exporting env vars: AIRFLOW_CTX_DAG_OWNER='Esayed' AIRFLOW_CTX_DAG_ID='print_hello' AIRFLOW_CTX_TASK_ID='print_hello_task' AIRFLOW_CTX_EXECUTION_DATE='2025-04-05T00:45:00+00:00' AIRFLOW_CTX_TRY_NUMBER='1' AIRFLOW_CTX_DAG_RUN_ID='scheduled__2025-04-05T00:45:00+00:00'
[2025-04-06T06:15:34.979+0000] {logging_mixin.py:190} INFO - Task instance is in running state
[2025-04-06T06:15:34.981+0000] {logging_mixin.py:190} INFO -  Previous state of the Task instance: queued
[2025-04-06T06:15:34.983+0000] {logging_mixin.py:190} INFO - Current task name:print_hello_task state:running start_date:2025-04-06 06:15:34.150076+00:00
[2025-04-06T06:15:34.984+0000] {logging_mixin.py:190} INFO - Dag name:print_hello and current dag run status:running
[2025-04-06T06:15:34.986+0000] {taskinstance.py:732} INFO - ::endgroup::
[2025-04-06T06:15:34.987+0000] {logging_mixin.py:190} INFO - hello
[2025-04-06T06:15:34.989+0000] {python.py:240} INFO - Done. Returned value was: None
[2025-04-06T06:15:35.008+0000] {taskinstance.py:341} INFO - ::group::Post task execution logs
[2025-04-06T06:15:35.012+0000] {taskinstance.py:353} INFO - Marking task as SUCCESS. dag_id=print_hello, task_id=print_hello_task, run_id=scheduled__2025-04-05T00:45:00+00:00, execution_date=20250405T004500, start_date=20250406T061534, end_date=20250406T061535
[2025-04-06T06:15:35.071+0000] {logging_mixin.py:190} INFO - Task instance in success state
[2025-04-06T06:15:35.072+0000] {logging_mixin.py:190} INFO -  Previous state of the Task instance: running
[2025-04-06T06:15:35.074+0000] {logging_mixin.py:190} INFO - Dag name:print_hello queued_at:2025-04-06 06:15:29.075877+00:00
[2025-04-06T06:15:35.075+0000] {logging_mixin.py:190} INFO - Task hostname:5991717e768c operator:PythonOperator
[2025-04-06T06:15:35.130+0000] {local_task_job_runner.py:266} INFO - Task exited with return code 0
[2025-04-06T06:15:35.195+0000] {taskinstance.py:3901} INFO - 1 downstream tasks scheduled from follow-on schedule check
[2025-04-06T06:15:35.201+0000] {local_task_job_runner.py:245} INFO - ::endgroup::
