[2025-04-06T06:02:49.161+0000] {local_task_job_runner.py:123} INFO - ::group::Pre task execution logs
[2025-04-06T06:02:49.212+0000] {taskinstance.py:2614} INFO - Dependencies all met for dep_context=non-requeueable deps ti=<TaskInstance: print_hello.save_to_csv_task scheduled__2025-04-05T00:05:00+00:00 [queued]>
[2025-04-06T06:02:49.246+0000] {taskinstance.py:2614} INFO - Dependencies all met for dep_context=requeueable deps ti=<TaskInstance: print_hello.save_to_csv_task scheduled__2025-04-05T00:05:00+00:00 [queued]>
[2025-04-06T06:02:49.248+0000] {taskinstance.py:2867} INFO - Starting attempt 1 of 2
[2025-04-06T06:02:49.297+0000] {taskinstance.py:2890} INFO - Executing <Task(PythonOperator): save_to_csv_task> on 2025-04-05 00:05:00+00:00
[2025-04-06T06:02:49.331+0000] {warnings.py:112} WARNING - /home/***/.local/lib/python3.12/site-packages/***/task/task_runner/standard_task_runner.py:70: DeprecationWarning: This process (pid=190) is multi-threaded, use of fork() may lead to deadlocks in the child.
  pid = os.fork()

[2025-04-06T06:02:49.334+0000] {standard_task_runner.py:72} INFO - Started process 235 to run task
[2025-04-06T06:02:49.345+0000] {standard_task_runner.py:104} INFO - Running: ['***', 'tasks', 'run', 'print_hello', 'save_to_csv_task', 'scheduled__2025-04-05T00:05:00+00:00', '--job-id', '44', '--raw', '--subdir', 'DAGS_FOLDER/print_hello.py', '--cfg-path', '/tmp/tmpksr1rfuq']
[2025-04-06T06:02:49.348+0000] {standard_task_runner.py:105} INFO - Job 44: Subtask save_to_csv_task
[2025-04-06T06:02:49.959+0000] {task_command.py:467} INFO - Running <TaskInstance: print_hello.save_to_csv_task scheduled__2025-04-05T00:05:00+00:00 [running]> on host 5991717e768c
[2025-04-06T06:02:50.078+0000] {taskinstance.py:3134} INFO - Exporting env vars: AIRFLOW_CTX_DAG_OWNER='Esayed' AIRFLOW_CTX_DAG_ID='print_hello' AIRFLOW_CTX_TASK_ID='save_to_csv_task' AIRFLOW_CTX_EXECUTION_DATE='2025-04-05T00:05:00+00:00' AIRFLOW_CTX_TRY_NUMBER='1' AIRFLOW_CTX_DAG_RUN_ID='scheduled__2025-04-05T00:05:00+00:00'
[2025-04-06T06:02:50.080+0000] {logging_mixin.py:190} INFO - Task instance is in running state
[2025-04-06T06:02:50.081+0000] {logging_mixin.py:190} INFO -  Previous state of the Task instance: queued
[2025-04-06T06:02:50.082+0000] {logging_mixin.py:190} INFO - Current task name:save_to_csv_task state:running start_date:2025-04-06 06:02:49.215069+00:00
[2025-04-06T06:02:50.083+0000] {logging_mixin.py:190} INFO - Dag name:print_hello and current dag run status:running
[2025-04-06T06:02:50.084+0000] {taskinstance.py:732} INFO - ::endgroup::
[2025-04-06T06:02:50.095+0000] {python.py:240} INFO - Done. Returned value was: None
[2025-04-06T06:02:50.108+0000] {taskinstance.py:341} INFO - ::group::Post task execution logs
[2025-04-06T06:02:50.109+0000] {taskinstance.py:353} INFO - Marking task as SUCCESS. dag_id=print_hello, task_id=save_to_csv_task, run_id=scheduled__2025-04-05T00:05:00+00:00, execution_date=20250405T000500, start_date=20250406T060249, end_date=20250406T060250
[2025-04-06T06:02:50.148+0000] {logging_mixin.py:190} INFO - Task instance in success state
[2025-04-06T06:02:50.149+0000] {logging_mixin.py:190} INFO -  Previous state of the Task instance: running
[2025-04-06T06:02:50.150+0000] {logging_mixin.py:190} INFO - Dag name:print_hello queued_at:2025-04-06 06:02:20.752637+00:00
[2025-04-06T06:02:50.151+0000] {logging_mixin.py:190} INFO - Task hostname:5991717e768c operator:PythonOperator
[2025-04-06T06:02:50.223+0000] {local_task_job_runner.py:266} INFO - Task exited with return code 0
[2025-04-06T06:02:50.240+0000] {local_task_job_runner.py:245} INFO - ::endgroup::
[2025-04-06T06:15:03.903+0000] {local_task_job_runner.py:123} INFO - ::group::Pre task execution logs
[2025-04-06T06:15:03.984+0000] {taskinstance.py:2614} INFO - Dependencies all met for dep_context=non-requeueable deps ti=<TaskInstance: print_hello.save_to_csv_task scheduled__2025-04-05T00:05:00+00:00 [queued]>
[2025-04-06T06:15:04.030+0000] {taskinstance.py:2614} INFO - Dependencies all met for dep_context=requeueable deps ti=<TaskInstance: print_hello.save_to_csv_task scheduled__2025-04-05T00:05:00+00:00 [queued]>
[2025-04-06T06:15:04.033+0000] {taskinstance.py:2867} INFO - Starting attempt 1 of 2
[2025-04-06T06:15:04.626+0000] {taskinstance.py:2890} INFO - Executing <Task(PythonOperator): save_to_csv_task> on 2025-04-05 00:05:00+00:00
[2025-04-06T06:15:04.648+0000] {warnings.py:112} WARNING - /home/***/.local/lib/python3.12/site-packages/***/task/task_runner/standard_task_runner.py:70: DeprecationWarning: This process (pid=929) is multi-threaded, use of fork() may lead to deadlocks in the child.
  pid = os.fork()

[2025-04-06T06:15:04.655+0000] {standard_task_runner.py:72} INFO - Started process 977 to run task
[2025-04-06T06:15:04.658+0000] {standard_task_runner.py:104} INFO - Running: ['***', 'tasks', 'run', 'print_hello', 'save_to_csv_task', 'scheduled__2025-04-05T00:05:00+00:00', '--job-id', '185', '--raw', '--subdir', 'DAGS_FOLDER/print_hello.py', '--cfg-path', '/tmp/tmpnla2jffk']
[2025-04-06T06:15:04.667+0000] {standard_task_runner.py:105} INFO - Job 185: Subtask save_to_csv_task
[2025-04-06T06:15:04.913+0000] {task_command.py:467} INFO - Running <TaskInstance: print_hello.save_to_csv_task scheduled__2025-04-05T00:05:00+00:00 [running]> on host 5991717e768c
[2025-04-06T06:15:05.229+0000] {taskinstance.py:3134} INFO - Exporting env vars: AIRFLOW_CTX_DAG_OWNER='Esayed' AIRFLOW_CTX_DAG_ID='print_hello' AIRFLOW_CTX_TASK_ID='save_to_csv_task' AIRFLOW_CTX_EXECUTION_DATE='2025-04-05T00:05:00+00:00' AIRFLOW_CTX_TRY_NUMBER='1' AIRFLOW_CTX_DAG_RUN_ID='scheduled__2025-04-05T00:05:00+00:00'
[2025-04-06T06:15:05.238+0000] {logging_mixin.py:190} INFO - Task instance is in running state
[2025-04-06T06:15:05.239+0000] {logging_mixin.py:190} INFO -  Previous state of the Task instance: queued
[2025-04-06T06:15:05.241+0000] {logging_mixin.py:190} INFO - Current task name:save_to_csv_task state:running start_date:2025-04-06 06:15:03.987408+00:00
[2025-04-06T06:15:05.255+0000] {logging_mixin.py:190} INFO - Dag name:print_hello and current dag run status:running
[2025-04-06T06:15:05.256+0000] {taskinstance.py:732} INFO - ::endgroup::
[2025-04-06T06:15:05.279+0000] {python.py:240} INFO - Done. Returned value was: None
[2025-04-06T06:15:05.312+0000] {taskinstance.py:341} INFO - ::group::Post task execution logs
[2025-04-06T06:15:05.322+0000] {taskinstance.py:353} INFO - Marking task as SUCCESS. dag_id=print_hello, task_id=save_to_csv_task, run_id=scheduled__2025-04-05T00:05:00+00:00, execution_date=20250405T000500, start_date=20250406T061503, end_date=20250406T061505
[2025-04-06T06:15:05.445+0000] {logging_mixin.py:190} INFO - Task instance in success state
[2025-04-06T06:15:05.447+0000] {logging_mixin.py:190} INFO -  Previous state of the Task instance: running
[2025-04-06T06:15:05.452+0000] {logging_mixin.py:190} INFO - Dag name:print_hello queued_at:2025-04-06 06:14:52.066589+00:00
[2025-04-06T06:15:05.453+0000] {logging_mixin.py:190} INFO - Task hostname:5991717e768c operator:PythonOperator
[2025-04-06T06:15:05.510+0000] {local_task_job_runner.py:266} INFO - Task exited with return code 0
[2025-04-06T06:15:05.554+0000] {taskinstance.py:3901} INFO - 0 downstream tasks scheduled from follow-on schedule check
[2025-04-06T06:15:05.575+0000] {local_task_job_runner.py:245} INFO - ::endgroup::
