[2025-04-06T06:03:33.697+0000] {local_task_job_runner.py:123} INFO - ::group::Pre task execution logs
[2025-04-06T06:03:33.726+0000] {taskinstance.py:2614} INFO - Dependencies all met for dep_context=non-requeueable deps ti=<TaskInstance: print_hello.print_hello_task scheduled__2025-04-05T00:54:00+00:00 [queued]>
[2025-04-06T06:03:33.739+0000] {taskinstance.py:2614} INFO - Dependencies all met for dep_context=requeueable deps ti=<TaskInstance: print_hello.print_hello_task scheduled__2025-04-05T00:54:00+00:00 [queued]>
[2025-04-06T06:03:33.740+0000] {taskinstance.py:2867} INFO - Starting attempt 1 of 2
[2025-04-06T06:03:33.986+0000] {taskinstance.py:2890} INFO - Executing <Task(PythonOperator): print_hello_task> on 2025-04-05 00:54:00+00:00
[2025-04-06T06:03:33.997+0000] {warnings.py:112} WARNING - /home/***/.local/lib/python3.12/site-packages/***/task/task_runner/standard_task_runner.py:70: DeprecationWarning: This process (pid=527) is multi-threaded, use of fork() may lead to deadlocks in the child.
  pid = os.fork()

[2025-04-06T06:03:33.999+0000] {standard_task_runner.py:72} INFO - Started process 547 to run task
[2025-04-06T06:03:33.999+0000] {standard_task_runner.py:104} INFO - Running: ['***', 'tasks', 'run', 'print_hello', 'print_hello_task', 'scheduled__2025-04-05T00:54:00+00:00', '--job-id', '118', '--raw', '--subdir', 'DAGS_FOLDER/print_hello.py', '--cfg-path', '/tmp/tmpx7be1amd']
[2025-04-06T06:03:34.001+0000] {standard_task_runner.py:105} INFO - Job 118: Subtask print_hello_task
[2025-04-06T06:03:34.065+0000] {task_command.py:467} INFO - Running <TaskInstance: print_hello.print_hello_task scheduled__2025-04-05T00:54:00+00:00 [running]> on host 5991717e768c
[2025-04-06T06:03:34.176+0000] {taskinstance.py:3134} INFO - Exporting env vars: AIRFLOW_CTX_DAG_OWNER='Esayed' AIRFLOW_CTX_DAG_ID='print_hello' AIRFLOW_CTX_TASK_ID='print_hello_task' AIRFLOW_CTX_EXECUTION_DATE='2025-04-05T00:54:00+00:00' AIRFLOW_CTX_TRY_NUMBER='1' AIRFLOW_CTX_DAG_RUN_ID='scheduled__2025-04-05T00:54:00+00:00'
[2025-04-06T06:03:34.178+0000] {logging_mixin.py:190} INFO - Task instance is in running state
[2025-04-06T06:03:34.178+0000] {logging_mixin.py:190} INFO -  Previous state of the Task instance: queued
[2025-04-06T06:03:34.179+0000] {logging_mixin.py:190} INFO - Current task name:print_hello_task state:running start_date:2025-04-06 06:03:33.726872+00:00
[2025-04-06T06:03:34.180+0000] {logging_mixin.py:190} INFO - Dag name:print_hello and current dag run status:running
[2025-04-06T06:03:34.181+0000] {taskinstance.py:732} INFO - ::endgroup::
[2025-04-06T06:03:34.182+0000] {logging_mixin.py:190} INFO - hello
[2025-04-06T06:03:34.183+0000] {python.py:240} INFO - Done. Returned value was: None
[2025-04-06T06:03:34.195+0000] {taskinstance.py:341} INFO - ::group::Post task execution logs
[2025-04-06T06:03:34.196+0000] {taskinstance.py:353} INFO - Marking task as SUCCESS. dag_id=print_hello, task_id=print_hello_task, run_id=scheduled__2025-04-05T00:54:00+00:00, execution_date=20250405T005400, start_date=20250406T060333, end_date=20250406T060334
[2025-04-06T06:03:34.229+0000] {logging_mixin.py:190} INFO - Task instance in success state
[2025-04-06T06:03:34.230+0000] {logging_mixin.py:190} INFO -  Previous state of the Task instance: running
[2025-04-06T06:03:34.231+0000] {logging_mixin.py:190} INFO - Dag name:print_hello queued_at:2025-04-06 06:03:30.430507+00:00
[2025-04-06T06:03:34.232+0000] {logging_mixin.py:190} INFO - Task hostname:5991717e768c operator:PythonOperator
[2025-04-06T06:03:34.296+0000] {local_task_job_runner.py:266} INFO - Task exited with return code 0
[2025-04-06T06:03:34.342+0000] {taskinstance.py:3901} INFO - 1 downstream tasks scheduled from follow-on schedule check
[2025-04-06T06:03:34.346+0000] {local_task_job_runner.py:245} INFO - ::endgroup::
[2025-04-06T06:15:50.520+0000] {local_task_job_runner.py:123} INFO - ::group::Pre task execution logs
[2025-04-06T06:15:50.574+0000] {taskinstance.py:2614} INFO - Dependencies all met for dep_context=non-requeueable deps ti=<TaskInstance: print_hello.print_hello_task scheduled__2025-04-05T00:54:00+00:00 [queued]>
[2025-04-06T06:15:50.604+0000] {taskinstance.py:2614} INFO - Dependencies all met for dep_context=requeueable deps ti=<TaskInstance: print_hello.print_hello_task scheduled__2025-04-05T00:54:00+00:00 [queued]>
[2025-04-06T06:15:50.606+0000] {taskinstance.py:2867} INFO - Starting attempt 1 of 2
[2025-04-06T06:15:51.131+0000] {taskinstance.py:2890} INFO - Executing <Task(PythonOperator): print_hello_task> on 2025-04-05 00:54:00+00:00
[2025-04-06T06:15:51.158+0000] {warnings.py:112} WARNING - /home/***/.local/lib/python3.12/site-packages/***/task/task_runner/standard_task_runner.py:70: DeprecationWarning: This process (pid=1287) is multi-threaded, use of fork() may lead to deadlocks in the child.
  pid = os.fork()

[2025-04-06T06:15:51.163+0000] {standard_task_runner.py:72} INFO - Started process 1321 to run task
[2025-04-06T06:15:51.171+0000] {standard_task_runner.py:104} INFO - Running: ['***', 'tasks', 'run', 'print_hello', 'print_hello_task', 'scheduled__2025-04-05T00:54:00+00:00', '--job-id', '270', '--raw', '--subdir', 'DAGS_FOLDER/print_hello.py', '--cfg-path', '/tmp/tmpmvpxhp0c']
[2025-04-06T06:15:51.181+0000] {standard_task_runner.py:105} INFO - Job 270: Subtask print_hello_task
[2025-04-06T06:15:51.311+0000] {task_command.py:467} INFO - Running <TaskInstance: print_hello.print_hello_task scheduled__2025-04-05T00:54:00+00:00 [running]> on host 5991717e768c
[2025-04-06T06:15:51.554+0000] {taskinstance.py:3134} INFO - Exporting env vars: AIRFLOW_CTX_DAG_OWNER='Esayed' AIRFLOW_CTX_DAG_ID='print_hello' AIRFLOW_CTX_TASK_ID='print_hello_task' AIRFLOW_CTX_EXECUTION_DATE='2025-04-05T00:54:00+00:00' AIRFLOW_CTX_TRY_NUMBER='1' AIRFLOW_CTX_DAG_RUN_ID='scheduled__2025-04-05T00:54:00+00:00'
[2025-04-06T06:15:51.558+0000] {logging_mixin.py:190} INFO - Task instance is in running state
[2025-04-06T06:15:51.560+0000] {logging_mixin.py:190} INFO -  Previous state of the Task instance: queued
[2025-04-06T06:15:51.561+0000] {logging_mixin.py:190} INFO - Current task name:print_hello_task state:running start_date:2025-04-06 06:15:50.577182+00:00
[2025-04-06T06:15:51.562+0000] {logging_mixin.py:190} INFO - Dag name:print_hello and current dag run status:running
[2025-04-06T06:15:51.563+0000] {taskinstance.py:732} INFO - ::endgroup::
[2025-04-06T06:15:51.566+0000] {logging_mixin.py:190} INFO - hello
[2025-04-06T06:15:51.569+0000] {python.py:240} INFO - Done. Returned value was: None
[2025-04-06T06:15:51.602+0000] {taskinstance.py:341} INFO - ::group::Post task execution logs
[2025-04-06T06:15:51.604+0000] {taskinstance.py:353} INFO - Marking task as SUCCESS. dag_id=print_hello, task_id=print_hello_task, run_id=scheduled__2025-04-05T00:54:00+00:00, execution_date=20250405T005400, start_date=20250406T061550, end_date=20250406T061551
[2025-04-06T06:15:51.781+0000] {logging_mixin.py:190} INFO - Task instance in success state
[2025-04-06T06:15:51.784+0000] {logging_mixin.py:190} INFO -  Previous state of the Task instance: running
[2025-04-06T06:15:51.786+0000] {logging_mixin.py:190} INFO - Dag name:print_hello queued_at:2025-04-06 06:15:45.533681+00:00
[2025-04-06T06:15:51.787+0000] {logging_mixin.py:190} INFO - Task hostname:5991717e768c operator:PythonOperator
[2025-04-06T06:15:51.874+0000] {local_task_job_runner.py:266} INFO - Task exited with return code 0
[2025-04-06T06:15:51.962+0000] {taskinstance.py:3901} INFO - 1 downstream tasks scheduled from follow-on schedule check
[2025-04-06T06:15:51.982+0000] {local_task_job_runner.py:245} INFO - ::endgroup::
