[2025-04-06T06:03:14.820+0000] {local_task_job_runner.py:123} INFO - ::group::Pre task execution logs
[2025-04-06T06:03:14.856+0000] {taskinstance.py:2614} INFO - Dependencies all met for dep_context=non-requeueable deps ti=<TaskInstance: print_hello.print_hello_task scheduled__2025-04-05T00:32:00+00:00 [queued]>
[2025-04-06T06:03:14.876+0000] {taskinstance.py:2614} INFO - Dependencies all met for dep_context=requeueable deps ti=<TaskInstance: print_hello.print_hello_task scheduled__2025-04-05T00:32:00+00:00 [queued]>
[2025-04-06T06:03:14.878+0000] {taskinstance.py:2867} INFO - Starting attempt 1 of 2
[2025-04-06T06:03:15.330+0000] {taskinstance.py:2890} INFO - Executing <Task(PythonOperator): print_hello_task> on 2025-04-05 00:32:00+00:00
[2025-04-06T06:03:15.375+0000] {standard_task_runner.py:104} INFO - Running: ['***', 'tasks', 'run', 'print_hello', 'print_hello_task', 'scheduled__2025-04-05T00:32:00+00:00', '--job-id', '79', '--raw', '--subdir', 'DAGS_FOLDER/print_hello.py', '--cfg-path', '/tmp/tmplgp5qcrh']
[2025-04-06T06:03:15.383+0000] {standard_task_runner.py:105} INFO - Job 79: Subtask print_hello_task
[2025-04-06T06:03:15.367+0000] {warnings.py:112} WARNING - /home/***/.local/lib/python3.12/site-packages/***/task/task_runner/standard_task_runner.py:70: DeprecationWarning: This process (pid=376) is multi-threaded, use of fork() may lead to deadlocks in the child.
  pid = os.fork()

[2025-04-06T06:03:15.388+0000] {standard_task_runner.py:72} INFO - Started process 403 to run task
[2025-04-06T06:03:15.590+0000] {task_command.py:467} INFO - Running <TaskInstance: print_hello.print_hello_task scheduled__2025-04-05T00:32:00+00:00 [running]> on host 5991717e768c
[2025-04-06T06:03:15.854+0000] {taskinstance.py:3134} INFO - Exporting env vars: AIRFLOW_CTX_DAG_OWNER='Esayed' AIRFLOW_CTX_DAG_ID='print_hello' AIRFLOW_CTX_TASK_ID='print_hello_task' AIRFLOW_CTX_EXECUTION_DATE='2025-04-05T00:32:00+00:00' AIRFLOW_CTX_TRY_NUMBER='1' AIRFLOW_CTX_DAG_RUN_ID='scheduled__2025-04-05T00:32:00+00:00'
[2025-04-06T06:03:15.858+0000] {logging_mixin.py:190} INFO - Task instance is in running state
[2025-04-06T06:03:15.859+0000] {logging_mixin.py:190} INFO -  Previous state of the Task instance: queued
[2025-04-06T06:03:15.862+0000] {logging_mixin.py:190} INFO - Current task name:print_hello_task state:running start_date:2025-04-06 06:03:14.858128+00:00
[2025-04-06T06:03:15.863+0000] {logging_mixin.py:190} INFO - Dag name:print_hello and current dag run status:running
[2025-04-06T06:03:15.868+0000] {taskinstance.py:732} INFO - ::endgroup::
[2025-04-06T06:03:15.875+0000] {logging_mixin.py:190} INFO - hello
[2025-04-06T06:03:15.877+0000] {python.py:240} INFO - Done. Returned value was: None
[2025-04-06T06:03:15.900+0000] {taskinstance.py:341} INFO - ::group::Post task execution logs
[2025-04-06T06:03:15.904+0000] {taskinstance.py:353} INFO - Marking task as SUCCESS. dag_id=print_hello, task_id=print_hello_task, run_id=scheduled__2025-04-05T00:32:00+00:00, execution_date=20250405T003200, start_date=20250406T060314, end_date=20250406T060315
[2025-04-06T06:03:15.974+0000] {logging_mixin.py:190} INFO - Task instance in success state
[2025-04-06T06:03:15.981+0000] {logging_mixin.py:190} INFO -  Previous state of the Task instance: running
[2025-04-06T06:03:15.983+0000] {logging_mixin.py:190} INFO - Dag name:print_hello queued_at:2025-04-06 06:03:11.732160+00:00
[2025-04-06T06:03:15.984+0000] {logging_mixin.py:190} INFO - Task hostname:5991717e768c operator:PythonOperator
[2025-04-06T06:03:16.038+0000] {local_task_job_runner.py:266} INFO - Task exited with return code 0
[2025-04-06T06:03:16.095+0000] {taskinstance.py:3901} INFO - 1 downstream tasks scheduled from follow-on schedule check
[2025-04-06T06:03:16.122+0000] {local_task_job_runner.py:245} INFO - ::endgroup::
[2025-04-06T06:15:29.059+0000] {local_task_job_runner.py:123} INFO - ::group::Pre task execution logs
[2025-04-06T06:15:29.102+0000] {taskinstance.py:2614} INFO - Dependencies all met for dep_context=non-requeueable deps ti=<TaskInstance: print_hello.print_hello_task scheduled__2025-04-05T00:32:00+00:00 [queued]>
[2025-04-06T06:15:29.133+0000] {taskinstance.py:2614} INFO - Dependencies all met for dep_context=requeueable deps ti=<TaskInstance: print_hello.print_hello_task scheduled__2025-04-05T00:32:00+00:00 [queued]>
[2025-04-06T06:15:29.135+0000] {taskinstance.py:2867} INFO - Starting attempt 1 of 2
[2025-04-06T06:15:29.614+0000] {taskinstance.py:2890} INFO - Executing <Task(PythonOperator): print_hello_task> on 2025-04-05 00:32:00+00:00
[2025-04-06T06:15:29.632+0000] {warnings.py:112} WARNING - /home/***/.local/lib/python3.12/site-packages/***/task/task_runner/standard_task_runner.py:70: DeprecationWarning: This process (pid=1128) is multi-threaded, use of fork() may lead to deadlocks in the child.
  pid = os.fork()

[2025-04-06T06:15:29.636+0000] {standard_task_runner.py:72} INFO - Started process 1155 to run task
[2025-04-06T06:15:29.635+0000] {standard_task_runner.py:104} INFO - Running: ['***', 'tasks', 'run', 'print_hello', 'print_hello_task', 'scheduled__2025-04-05T00:32:00+00:00', '--job-id', '228', '--raw', '--subdir', 'DAGS_FOLDER/print_hello.py', '--cfg-path', '/tmp/tmpobvxy3t0']
[2025-04-06T06:15:29.646+0000] {standard_task_runner.py:105} INFO - Job 228: Subtask print_hello_task
[2025-04-06T06:15:29.813+0000] {task_command.py:467} INFO - Running <TaskInstance: print_hello.print_hello_task scheduled__2025-04-05T00:32:00+00:00 [running]> on host 5991717e768c
[2025-04-06T06:15:30.077+0000] {taskinstance.py:3134} INFO - Exporting env vars: AIRFLOW_CTX_DAG_OWNER='Esayed' AIRFLOW_CTX_DAG_ID='print_hello' AIRFLOW_CTX_TASK_ID='print_hello_task' AIRFLOW_CTX_EXECUTION_DATE='2025-04-05T00:32:00+00:00' AIRFLOW_CTX_TRY_NUMBER='1' AIRFLOW_CTX_DAG_RUN_ID='scheduled__2025-04-05T00:32:00+00:00'
[2025-04-06T06:15:30.084+0000] {logging_mixin.py:190} INFO - Task instance is in running state
[2025-04-06T06:15:30.086+0000] {logging_mixin.py:190} INFO -  Previous state of the Task instance: queued
[2025-04-06T06:15:30.087+0000] {logging_mixin.py:190} INFO - Current task name:print_hello_task state:running start_date:2025-04-06 06:15:29.104448+00:00
[2025-04-06T06:15:30.090+0000] {logging_mixin.py:190} INFO - Dag name:print_hello and current dag run status:running
[2025-04-06T06:15:30.093+0000] {taskinstance.py:732} INFO - ::endgroup::
[2025-04-06T06:15:30.095+0000] {logging_mixin.py:190} INFO - hello
[2025-04-06T06:15:30.098+0000] {python.py:240} INFO - Done. Returned value was: None
[2025-04-06T06:15:30.135+0000] {taskinstance.py:341} INFO - ::group::Post task execution logs
[2025-04-06T06:15:30.137+0000] {taskinstance.py:353} INFO - Marking task as SUCCESS. dag_id=print_hello, task_id=print_hello_task, run_id=scheduled__2025-04-05T00:32:00+00:00, execution_date=20250405T003200, start_date=20250406T061529, end_date=20250406T061530
[2025-04-06T06:15:30.482+0000] {logging_mixin.py:190} INFO - Task instance in success state
[2025-04-06T06:15:30.484+0000] {logging_mixin.py:190} INFO -  Previous state of the Task instance: running
[2025-04-06T06:15:30.487+0000] {logging_mixin.py:190} INFO - Dag name:print_hello queued_at:2025-04-06 06:15:26.336355+00:00
[2025-04-06T06:15:30.493+0000] {logging_mixin.py:190} INFO - Task hostname:5991717e768c operator:PythonOperator
[2025-04-06T06:15:30.569+0000] {local_task_job_runner.py:266} INFO - Task exited with return code 0
[2025-04-06T06:15:30.657+0000] {taskinstance.py:3901} INFO - 1 downstream tasks scheduled from follow-on schedule check
[2025-04-06T06:15:30.678+0000] {local_task_job_runner.py:245} INFO - ::endgroup::
