[2025-04-06T06:02:48.289+0000] {local_task_job_runner.py:123} INFO - ::group::Pre task execution logs
[2025-04-06T06:02:48.375+0000] {taskinstance.py:2614} INFO - Dependencies all met for dep_context=non-requeueable deps ti=<TaskInstance: print_hello.save_to_csv_task scheduled__2025-04-05T00:14:00+00:00 [queued]>
[2025-04-06T06:02:48.438+0000] {taskinstance.py:2614} INFO - Dependencies all met for dep_context=requeueable deps ti=<TaskInstance: print_hello.save_to_csv_task scheduled__2025-04-05T00:14:00+00:00 [queued]>
[2025-04-06T06:02:48.443+0000] {taskinstance.py:2867} INFO - Starting attempt 1 of 2
[2025-04-06T06:02:48.973+0000] {taskinstance.py:2890} INFO - Executing <Task(PythonOperator): save_to_csv_task> on 2025-04-05 00:14:00+00:00
[2025-04-06T06:02:48.992+0000] {warnings.py:112} WARNING - /home/***/.local/lib/python3.12/site-packages/***/task/task_runner/standard_task_runner.py:70: DeprecationWarning: This process (pid=182) is multi-threaded, use of fork() may lead to deadlocks in the child.
  pid = os.fork()

[2025-04-06T06:02:48.996+0000] {standard_task_runner.py:72} INFO - Started process 222 to run task
[2025-04-06T06:02:49.023+0000] {standard_task_runner.py:104} INFO - Running: ['***', 'tasks', 'run', 'print_hello', 'save_to_csv_task', 'scheduled__2025-04-05T00:14:00+00:00', '--job-id', '33', '--raw', '--subdir', 'DAGS_FOLDER/print_hello.py', '--cfg-path', '/tmp/tmplpu00pd9']
[2025-04-06T06:02:49.025+0000] {standard_task_runner.py:105} INFO - Job 33: Subtask save_to_csv_task
[2025-04-06T06:02:49.213+0000] {task_command.py:467} INFO - Running <TaskInstance: print_hello.save_to_csv_task scheduled__2025-04-05T00:14:00+00:00 [running]> on host 5991717e768c
[2025-04-06T06:02:49.416+0000] {taskinstance.py:3134} INFO - Exporting env vars: AIRFLOW_CTX_DAG_OWNER='Esayed' AIRFLOW_CTX_DAG_ID='print_hello' AIRFLOW_CTX_TASK_ID='save_to_csv_task' AIRFLOW_CTX_EXECUTION_DATE='2025-04-05T00:14:00+00:00' AIRFLOW_CTX_TRY_NUMBER='1' AIRFLOW_CTX_DAG_RUN_ID='scheduled__2025-04-05T00:14:00+00:00'
[2025-04-06T06:02:49.422+0000] {logging_mixin.py:190} INFO - Task instance is in running state
[2025-04-06T06:02:49.425+0000] {logging_mixin.py:190} INFO -  Previous state of the Task instance: queued
[2025-04-06T06:02:49.429+0000] {logging_mixin.py:190} INFO - Current task name:save_to_csv_task state:running start_date:2025-04-06 06:02:48.378527+00:00
[2025-04-06T06:02:49.430+0000] {logging_mixin.py:190} INFO - Dag name:print_hello and current dag run status:running
[2025-04-06T06:02:49.431+0000] {taskinstance.py:732} INFO - ::endgroup::
[2025-04-06T06:02:49.458+0000] {python.py:240} INFO - Done. Returned value was: None
[2025-04-06T06:02:49.485+0000] {taskinstance.py:341} INFO - ::group::Post task execution logs
[2025-04-06T06:02:49.487+0000] {taskinstance.py:353} INFO - Marking task as SUCCESS. dag_id=print_hello, task_id=save_to_csv_task, run_id=scheduled__2025-04-05T00:14:00+00:00, execution_date=20250405T001400, start_date=20250406T060248, end_date=20250406T060249
[2025-04-06T06:02:49.575+0000] {logging_mixin.py:190} INFO - Task instance in success state
[2025-04-06T06:02:49.580+0000] {logging_mixin.py:190} INFO -  Previous state of the Task instance: running
[2025-04-06T06:02:49.583+0000] {logging_mixin.py:190} INFO - Dag name:print_hello queued_at:2025-04-06 06:02:24.723990+00:00
[2025-04-06T06:02:49.585+0000] {logging_mixin.py:190} INFO - Task hostname:5991717e768c operator:PythonOperator
[2025-04-06T06:02:49.647+0000] {local_task_job_runner.py:266} INFO - Task exited with return code 0
[2025-04-06T06:02:49.697+0000] {taskinstance.py:3901} INFO - 0 downstream tasks scheduled from follow-on schedule check
[2025-04-06T06:02:49.707+0000] {local_task_job_runner.py:245} INFO - ::endgroup::
[2025-04-06T06:15:07.411+0000] {local_task_job_runner.py:123} INFO - ::group::Pre task execution logs
[2025-04-06T06:15:07.444+0000] {taskinstance.py:2614} INFO - Dependencies all met for dep_context=non-requeueable deps ti=<TaskInstance: print_hello.save_to_csv_task scheduled__2025-04-05T00:14:00+00:00 [queued]>
[2025-04-06T06:15:07.465+0000] {taskinstance.py:2614} INFO - Dependencies all met for dep_context=requeueable deps ti=<TaskInstance: print_hello.save_to_csv_task scheduled__2025-04-05T00:14:00+00:00 [queued]>
[2025-04-06T06:15:07.466+0000] {taskinstance.py:2867} INFO - Starting attempt 1 of 2
[2025-04-06T06:15:07.722+0000] {taskinstance.py:2890} INFO - Executing <Task(PythonOperator): save_to_csv_task> on 2025-04-05 00:14:00+00:00
[2025-04-06T06:15:07.734+0000] {warnings.py:112} WARNING - /home/***/.local/lib/python3.12/site-packages/***/task/task_runner/standard_task_runner.py:70: DeprecationWarning: This process (pid=968) is multi-threaded, use of fork() may lead to deadlocks in the child.
  pid = os.fork()

[2025-04-06T06:15:07.736+0000] {standard_task_runner.py:72} INFO - Started process 996 to run task
[2025-04-06T06:15:07.736+0000] {standard_task_runner.py:104} INFO - Running: ['***', 'tasks', 'run', 'print_hello', 'save_to_csv_task', 'scheduled__2025-04-05T00:14:00+00:00', '--job-id', '194', '--raw', '--subdir', 'DAGS_FOLDER/print_hello.py', '--cfg-path', '/tmp/tmpcnht532m']
[2025-04-06T06:15:07.738+0000] {standard_task_runner.py:105} INFO - Job 194: Subtask save_to_csv_task
[2025-04-06T06:15:07.796+0000] {task_command.py:467} INFO - Running <TaskInstance: print_hello.save_to_csv_task scheduled__2025-04-05T00:14:00+00:00 [running]> on host 5991717e768c
[2025-04-06T06:15:07.900+0000] {taskinstance.py:3134} INFO - Exporting env vars: AIRFLOW_CTX_DAG_OWNER='Esayed' AIRFLOW_CTX_DAG_ID='print_hello' AIRFLOW_CTX_TASK_ID='save_to_csv_task' AIRFLOW_CTX_EXECUTION_DATE='2025-04-05T00:14:00+00:00' AIRFLOW_CTX_TRY_NUMBER='1' AIRFLOW_CTX_DAG_RUN_ID='scheduled__2025-04-05T00:14:00+00:00'
[2025-04-06T06:15:07.902+0000] {logging_mixin.py:190} INFO - Task instance is in running state
[2025-04-06T06:15:07.902+0000] {logging_mixin.py:190} INFO -  Previous state of the Task instance: queued
[2025-04-06T06:15:07.903+0000] {logging_mixin.py:190} INFO - Current task name:save_to_csv_task state:running start_date:2025-04-06 06:15:07.445861+00:00
[2025-04-06T06:15:07.904+0000] {logging_mixin.py:190} INFO - Dag name:print_hello and current dag run status:running
[2025-04-06T06:15:07.905+0000] {taskinstance.py:732} INFO - ::endgroup::
[2025-04-06T06:15:07.914+0000] {python.py:240} INFO - Done. Returned value was: None
[2025-04-06T06:15:07.927+0000] {taskinstance.py:341} INFO - ::group::Post task execution logs
[2025-04-06T06:15:07.928+0000] {taskinstance.py:353} INFO - Marking task as SUCCESS. dag_id=print_hello, task_id=save_to_csv_task, run_id=scheduled__2025-04-05T00:14:00+00:00, execution_date=20250405T001400, start_date=20250406T061507, end_date=20250406T061507
[2025-04-06T06:15:07.966+0000] {logging_mixin.py:190} INFO - Task instance in success state
[2025-04-06T06:15:07.967+0000] {logging_mixin.py:190} INFO -  Previous state of the Task instance: running
[2025-04-06T06:15:07.968+0000] {logging_mixin.py:190} INFO - Dag name:print_hello queued_at:2025-04-06 06:14:54.490949+00:00
[2025-04-06T06:15:07.969+0000] {logging_mixin.py:190} INFO - Task hostname:5991717e768c operator:PythonOperator
[2025-04-06T06:15:07.992+0000] {local_task_job_runner.py:266} INFO - Task exited with return code 0
[2025-04-06T06:15:08.013+0000] {taskinstance.py:3901} INFO - 0 downstream tasks scheduled from follow-on schedule check
[2025-04-06T06:15:08.017+0000] {local_task_job_runner.py:245} INFO - ::endgroup::
