[2025-04-06T06:03:25.853+0000] {local_task_job_runner.py:123} INFO - ::group::Pre task execution logs
[2025-04-06T06:03:25.887+0000] {taskinstance.py:2614} INFO - Dependencies all met for dep_context=non-requeueable deps ti=<TaskInstance: print_hello.save_to_csv_task scheduled__2025-04-05T00:45:00+00:00 [queued]>
[2025-04-06T06:03:25.907+0000] {taskinstance.py:2614} INFO - Dependencies all met for dep_context=requeueable deps ti=<TaskInstance: print_hello.save_to_csv_task scheduled__2025-04-05T00:45:00+00:00 [queued]>
[2025-04-06T06:03:25.908+0000] {taskinstance.py:2867} INFO - Starting attempt 1 of 2
[2025-04-06T06:03:26.222+0000] {taskinstance.py:2890} INFO - Executing <Task(PythonOperator): save_to_csv_task> on 2025-04-05 00:45:00+00:00
[2025-04-06T06:03:26.234+0000] {warnings.py:112} WARNING - /home/***/.local/lib/python3.12/site-packages/***/task/task_runner/standard_task_runner.py:70: DeprecationWarning: This process (pid=475) is multi-threaded, use of fork() may lead to deadlocks in the child.
  pid = os.fork()

[2025-04-06T06:03:26.237+0000] {standard_task_runner.py:72} INFO - Started process 505 to run task
[2025-04-06T06:03:26.237+0000] {standard_task_runner.py:104} INFO - Running: ['***', 'tasks', 'run', 'print_hello', 'save_to_csv_task', 'scheduled__2025-04-05T00:45:00+00:00', '--job-id', '108', '--raw', '--subdir', 'DAGS_FOLDER/print_hello.py', '--cfg-path', '/tmp/tmpz00m0332']
[2025-04-06T06:03:26.239+0000] {standard_task_runner.py:105} INFO - Job 108: Subtask save_to_csv_task
[2025-04-06T06:03:26.305+0000] {task_command.py:467} INFO - Running <TaskInstance: print_hello.save_to_csv_task scheduled__2025-04-05T00:45:00+00:00 [running]> on host 5991717e768c
[2025-04-06T06:03:26.426+0000] {taskinstance.py:3134} INFO - Exporting env vars: AIRFLOW_CTX_DAG_OWNER='Esayed' AIRFLOW_CTX_DAG_ID='print_hello' AIRFLOW_CTX_TASK_ID='save_to_csv_task' AIRFLOW_CTX_EXECUTION_DATE='2025-04-05T00:45:00+00:00' AIRFLOW_CTX_TRY_NUMBER='1' AIRFLOW_CTX_DAG_RUN_ID='scheduled__2025-04-05T00:45:00+00:00'
[2025-04-06T06:03:26.428+0000] {logging_mixin.py:190} INFO - Task instance is in running state
[2025-04-06T06:03:26.429+0000] {logging_mixin.py:190} INFO -  Previous state of the Task instance: queued
[2025-04-06T06:03:26.430+0000] {logging_mixin.py:190} INFO - Current task name:save_to_csv_task state:running start_date:2025-04-06 06:03:25.888253+00:00
[2025-04-06T06:03:26.430+0000] {logging_mixin.py:190} INFO - Dag name:print_hello and current dag run status:running
[2025-04-06T06:03:26.431+0000] {taskinstance.py:732} INFO - ::endgroup::
[2025-04-06T06:03:26.440+0000] {python.py:240} INFO - Done. Returned value was: None
[2025-04-06T06:03:26.454+0000] {taskinstance.py:341} INFO - ::group::Post task execution logs
[2025-04-06T06:03:26.455+0000] {taskinstance.py:353} INFO - Marking task as SUCCESS. dag_id=print_hello, task_id=save_to_csv_task, run_id=scheduled__2025-04-05T00:45:00+00:00, execution_date=20250405T004500, start_date=20250406T060325, end_date=20250406T060326
[2025-04-06T06:03:26.494+0000] {logging_mixin.py:190} INFO - Task instance in success state
[2025-04-06T06:03:26.495+0000] {logging_mixin.py:190} INFO -  Previous state of the Task instance: running
[2025-04-06T06:03:26.496+0000] {logging_mixin.py:190} INFO - Dag name:print_hello queued_at:2025-04-06 06:03:14.837811+00:00
[2025-04-06T06:03:26.496+0000] {logging_mixin.py:190} INFO - Task hostname:5991717e768c operator:PythonOperator
[2025-04-06T06:03:26.534+0000] {local_task_job_runner.py:266} INFO - Task exited with return code 0
[2025-04-06T06:03:26.556+0000] {taskinstance.py:3901} INFO - 0 downstream tasks scheduled from follow-on schedule check
[2025-04-06T06:03:26.561+0000] {local_task_job_runner.py:245} INFO - ::endgroup::
[2025-04-06T06:15:40.609+0000] {local_task_job_runner.py:123} INFO - ::group::Pre task execution logs
[2025-04-06T06:15:40.656+0000] {taskinstance.py:2614} INFO - Dependencies all met for dep_context=non-requeueable deps ti=<TaskInstance: print_hello.save_to_csv_task scheduled__2025-04-05T00:45:00+00:00 [queued]>
[2025-04-06T06:15:40.691+0000] {taskinstance.py:2614} INFO - Dependencies all met for dep_context=requeueable deps ti=<TaskInstance: print_hello.save_to_csv_task scheduled__2025-04-05T00:45:00+00:00 [queued]>
[2025-04-06T06:15:40.694+0000] {taskinstance.py:2867} INFO - Starting attempt 1 of 2
[2025-04-06T06:15:41.211+0000] {taskinstance.py:2890} INFO - Executing <Task(PythonOperator): save_to_csv_task> on 2025-04-05 00:45:00+00:00
[2025-04-06T06:15:41.241+0000] {standard_task_runner.py:104} INFO - Running: ['***', 'tasks', 'run', 'print_hello', 'save_to_csv_task', 'scheduled__2025-04-05T00:45:00+00:00', '--job-id', '257', '--raw', '--subdir', 'DAGS_FOLDER/print_hello.py', '--cfg-path', '/tmp/tmpb5tn5o3a']
[2025-04-06T06:15:41.238+0000] {warnings.py:112} WARNING - /home/***/.local/lib/python3.12/site-packages/***/task/task_runner/standard_task_runner.py:70: DeprecationWarning: This process (pid=1217) is multi-threaded, use of fork() may lead to deadlocks in the child.
  pid = os.fork()

[2025-04-06T06:15:41.243+0000] {standard_task_runner.py:105} INFO - Job 257: Subtask save_to_csv_task
[2025-04-06T06:15:41.244+0000] {standard_task_runner.py:72} INFO - Started process 1261 to run task
[2025-04-06T06:15:41.441+0000] {task_command.py:467} INFO - Running <TaskInstance: print_hello.save_to_csv_task scheduled__2025-04-05T00:45:00+00:00 [running]> on host 5991717e768c
[2025-04-06T06:15:41.624+0000] {taskinstance.py:3134} INFO - Exporting env vars: AIRFLOW_CTX_DAG_OWNER='Esayed' AIRFLOW_CTX_DAG_ID='print_hello' AIRFLOW_CTX_TASK_ID='save_to_csv_task' AIRFLOW_CTX_EXECUTION_DATE='2025-04-05T00:45:00+00:00' AIRFLOW_CTX_TRY_NUMBER='1' AIRFLOW_CTX_DAG_RUN_ID='scheduled__2025-04-05T00:45:00+00:00'
[2025-04-06T06:15:41.626+0000] {logging_mixin.py:190} INFO - Task instance is in running state
[2025-04-06T06:15:41.627+0000] {logging_mixin.py:190} INFO -  Previous state of the Task instance: queued
[2025-04-06T06:15:41.628+0000] {logging_mixin.py:190} INFO - Current task name:save_to_csv_task state:running start_date:2025-04-06 06:15:40.658110+00:00
[2025-04-06T06:15:41.629+0000] {logging_mixin.py:190} INFO - Dag name:print_hello and current dag run status:running
[2025-04-06T06:15:41.630+0000] {taskinstance.py:732} INFO - ::endgroup::
[2025-04-06T06:15:41.644+0000] {python.py:240} INFO - Done. Returned value was: None
[2025-04-06T06:15:41.661+0000] {taskinstance.py:341} INFO - ::group::Post task execution logs
[2025-04-06T06:15:41.662+0000] {taskinstance.py:353} INFO - Marking task as SUCCESS. dag_id=print_hello, task_id=save_to_csv_task, run_id=scheduled__2025-04-05T00:45:00+00:00, execution_date=20250405T004500, start_date=20250406T061540, end_date=20250406T061541
[2025-04-06T06:15:41.705+0000] {logging_mixin.py:190} INFO - Task instance in success state
[2025-04-06T06:15:41.707+0000] {logging_mixin.py:190} INFO -  Previous state of the Task instance: running
[2025-04-06T06:15:41.708+0000] {logging_mixin.py:190} INFO - Dag name:print_hello queued_at:2025-04-06 06:15:29.075877+00:00
[2025-04-06T06:15:41.709+0000] {logging_mixin.py:190} INFO - Task hostname:5991717e768c operator:PythonOperator
[2025-04-06T06:15:41.749+0000] {local_task_job_runner.py:266} INFO - Task exited with return code 0
[2025-04-06T06:15:41.779+0000] {taskinstance.py:3901} INFO - 0 downstream tasks scheduled from follow-on schedule check
[2025-04-06T06:15:41.785+0000] {local_task_job_runner.py:245} INFO - ::endgroup::
