[2025-04-06T06:02:59.949+0000] {local_task_job_runner.py:123} INFO - ::group::Pre task execution logs
[2025-04-06T06:02:59.997+0000] {taskinstance.py:2614} INFO - Dependencies all met for dep_context=non-requeueable deps ti=<TaskInstance: print_hello.print_hello_task scheduled__2025-04-05T00:21:00+00:00 [queued]>
[2025-04-06T06:03:00.022+0000] {taskinstance.py:2614} INFO - Dependencies all met for dep_context=requeueable deps ti=<TaskInstance: print_hello.print_hello_task scheduled__2025-04-05T00:21:00+00:00 [queued]>
[2025-04-06T06:03:00.026+0000] {taskinstance.py:2867} INFO - Starting attempt 1 of 2
[2025-04-06T06:03:00.407+0000] {taskinstance.py:2890} INFO - Executing <Task(PythonOperator): print_hello_task> on 2025-04-05 00:21:00+00:00
[2025-04-06T06:03:00.431+0000] {warnings.py:112} WARNING - /home/***/.local/lib/python3.12/site-packages/***/task/task_runner/standard_task_runner.py:70: DeprecationWarning: This process (pid=260) is multi-threaded, use of fork() may lead to deadlocks in the child.
  pid = os.fork()

[2025-04-06T06:03:00.436+0000] {standard_task_runner.py:72} INFO - Started process 292 to run task
[2025-04-06T06:03:00.440+0000] {standard_task_runner.py:104} INFO - Running: ['***', 'tasks', 'run', 'print_hello', 'print_hello_task', 'scheduled__2025-04-05T00:21:00+00:00', '--job-id', '52', '--raw', '--subdir', 'DAGS_FOLDER/print_hello.py', '--cfg-path', '/tmp/tmp6jgkabsa']
[2025-04-06T06:03:00.443+0000] {standard_task_runner.py:105} INFO - Job 52: Subtask print_hello_task
[2025-04-06T06:03:00.591+0000] {task_command.py:467} INFO - Running <TaskInstance: print_hello.print_hello_task scheduled__2025-04-05T00:21:00+00:00 [running]> on host 5991717e768c
[2025-04-06T06:03:00.787+0000] {taskinstance.py:3134} INFO - Exporting env vars: AIRFLOW_CTX_DAG_OWNER='Esayed' AIRFLOW_CTX_DAG_ID='print_hello' AIRFLOW_CTX_TASK_ID='print_hello_task' AIRFLOW_CTX_EXECUTION_DATE='2025-04-05T00:21:00+00:00' AIRFLOW_CTX_TRY_NUMBER='1' AIRFLOW_CTX_DAG_RUN_ID='scheduled__2025-04-05T00:21:00+00:00'
[2025-04-06T06:03:00.789+0000] {logging_mixin.py:190} INFO - Task instance is in running state
[2025-04-06T06:03:00.790+0000] {logging_mixin.py:190} INFO -  Previous state of the Task instance: queued
[2025-04-06T06:03:00.791+0000] {logging_mixin.py:190} INFO - Current task name:print_hello_task state:running start_date:2025-04-06 06:02:59.999135+00:00
[2025-04-06T06:03:00.793+0000] {logging_mixin.py:190} INFO - Dag name:print_hello and current dag run status:running
[2025-04-06T06:03:00.794+0000] {taskinstance.py:732} INFO - ::endgroup::
[2025-04-06T06:03:00.795+0000] {logging_mixin.py:190} INFO - hello
[2025-04-06T06:03:00.797+0000] {python.py:240} INFO - Done. Returned value was: None
[2025-04-06T06:03:00.815+0000] {taskinstance.py:341} INFO - ::group::Post task execution logs
[2025-04-06T06:03:00.816+0000] {taskinstance.py:353} INFO - Marking task as SUCCESS. dag_id=print_hello, task_id=print_hello_task, run_id=scheduled__2025-04-05T00:21:00+00:00, execution_date=20250405T002100, start_date=20250406T060259, end_date=20250406T060300
[2025-04-06T06:03:00.866+0000] {logging_mixin.py:190} INFO - Task instance in success state
[2025-04-06T06:03:00.867+0000] {logging_mixin.py:190} INFO -  Previous state of the Task instance: running
[2025-04-06T06:03:00.868+0000] {logging_mixin.py:190} INFO - Dag name:print_hello queued_at:2025-04-06 06:02:55.387768+00:00
[2025-04-06T06:03:00.875+0000] {logging_mixin.py:190} INFO - Task hostname:5991717e768c operator:PythonOperator
[2025-04-06T06:03:00.938+0000] {local_task_job_runner.py:266} INFO - Task exited with return code 0
[2025-04-06T06:03:00.995+0000] {taskinstance.py:3901} INFO - 1 downstream tasks scheduled from follow-on schedule check
[2025-04-06T06:03:01.002+0000] {local_task_job_runner.py:245} INFO - ::endgroup::
[2025-04-06T06:15:14.873+0000] {local_task_job_runner.py:123} INFO - ::group::Pre task execution logs
[2025-04-06T06:15:14.918+0000] {taskinstance.py:2614} INFO - Dependencies all met for dep_context=non-requeueable deps ti=<TaskInstance: print_hello.print_hello_task scheduled__2025-04-05T00:21:00+00:00 [queued]>
[2025-04-06T06:15:14.936+0000] {taskinstance.py:2614} INFO - Dependencies all met for dep_context=requeueable deps ti=<TaskInstance: print_hello.print_hello_task scheduled__2025-04-05T00:21:00+00:00 [queued]>
[2025-04-06T06:15:14.938+0000] {taskinstance.py:2867} INFO - Starting attempt 1 of 2
[2025-04-06T06:15:15.605+0000] {taskinstance.py:2890} INFO - Executing <Task(PythonOperator): print_hello_task> on 2025-04-05 00:21:00+00:00
[2025-04-06T06:15:15.632+0000] {warnings.py:112} WARNING - /home/***/.local/lib/python3.12/site-packages/***/task/task_runner/standard_task_runner.py:70: DeprecationWarning: This process (pid=1010) is multi-threaded, use of fork() may lead to deadlocks in the child.
  pid = os.fork()

[2025-04-06T06:15:15.636+0000] {standard_task_runner.py:72} INFO - Started process 1046 to run task
[2025-04-06T06:15:15.635+0000] {standard_task_runner.py:104} INFO - Running: ['***', 'tasks', 'run', 'print_hello', 'print_hello_task', 'scheduled__2025-04-05T00:21:00+00:00', '--job-id', '201', '--raw', '--subdir', 'DAGS_FOLDER/print_hello.py', '--cfg-path', '/tmp/tmpai93qdfd']
[2025-04-06T06:15:15.647+0000] {standard_task_runner.py:105} INFO - Job 201: Subtask print_hello_task
[2025-04-06T06:15:15.836+0000] {task_command.py:467} INFO - Running <TaskInstance: print_hello.print_hello_task scheduled__2025-04-05T00:21:00+00:00 [running]> on host 5991717e768c
[2025-04-06T06:15:16.098+0000] {taskinstance.py:3134} INFO - Exporting env vars: AIRFLOW_CTX_DAG_OWNER='Esayed' AIRFLOW_CTX_DAG_ID='print_hello' AIRFLOW_CTX_TASK_ID='print_hello_task' AIRFLOW_CTX_EXECUTION_DATE='2025-04-05T00:21:00+00:00' AIRFLOW_CTX_TRY_NUMBER='1' AIRFLOW_CTX_DAG_RUN_ID='scheduled__2025-04-05T00:21:00+00:00'
[2025-04-06T06:15:16.101+0000] {logging_mixin.py:190} INFO - Task instance is in running state
[2025-04-06T06:15:16.102+0000] {logging_mixin.py:190} INFO -  Previous state of the Task instance: queued
[2025-04-06T06:15:16.103+0000] {logging_mixin.py:190} INFO - Current task name:print_hello_task state:running start_date:2025-04-06 06:15:14.919962+00:00
[2025-04-06T06:15:16.104+0000] {logging_mixin.py:190} INFO - Dag name:print_hello and current dag run status:running
[2025-04-06T06:15:16.106+0000] {taskinstance.py:732} INFO - ::endgroup::
[2025-04-06T06:15:16.108+0000] {logging_mixin.py:190} INFO - hello
[2025-04-06T06:15:16.109+0000] {python.py:240} INFO - Done. Returned value was: None
[2025-04-06T06:15:16.128+0000] {taskinstance.py:341} INFO - ::group::Post task execution logs
[2025-04-06T06:15:16.129+0000] {taskinstance.py:353} INFO - Marking task as SUCCESS. dag_id=print_hello, task_id=print_hello_task, run_id=scheduled__2025-04-05T00:21:00+00:00, execution_date=20250405T002100, start_date=20250406T061514, end_date=20250406T061516
[2025-04-06T06:15:16.185+0000] {logging_mixin.py:190} INFO - Task instance in success state
[2025-04-06T06:15:16.191+0000] {logging_mixin.py:190} INFO -  Previous state of the Task instance: running
[2025-04-06T06:15:16.192+0000] {logging_mixin.py:190} INFO - Dag name:print_hello queued_at:2025-04-06 06:15:11.349646+00:00
[2025-04-06T06:15:16.193+0000] {logging_mixin.py:190} INFO - Task hostname:5991717e768c operator:PythonOperator
[2025-04-06T06:15:16.261+0000] {local_task_job_runner.py:266} INFO - Task exited with return code 0
[2025-04-06T06:15:16.325+0000] {taskinstance.py:3901} INFO - 1 downstream tasks scheduled from follow-on schedule check
[2025-04-06T06:15:16.329+0000] {local_task_job_runner.py:245} INFO - ::endgroup::
