[2025-04-08T15:07:18.904+0000] {local_task_job_runner.py:123} INFO - ::group::Pre task execution logs
[2025-04-08T15:07:18.935+0000] {taskinstance.py:2614} INFO - Dependencies all met for dep_context=non-requeueable deps ti=<TaskInstance: monitor_the_api_history_per_day.read_api_from_more_than_month scheduled__2025-04-07T00:00:00+00:00 [queued]>
[2025-04-08T15:07:18.953+0000] {taskinstance.py:2614} INFO - Dependencies all met for dep_context=requeueable deps ti=<TaskInstance: monitor_the_api_history_per_day.read_api_from_more_than_month scheduled__2025-04-07T00:00:00+00:00 [queued]>
[2025-04-08T15:07:18.955+0000] {taskinstance.py:2867} INFO - Starting attempt 1 of 2
[2025-04-08T15:07:19.211+0000] {taskinstance.py:2890} INFO - Executing <Task(PythonOperator): read_api_from_more_than_month> on 2025-04-07 00:00:00+00:00
[2025-04-08T15:07:19.227+0000] {warnings.py:112} WARNING - /home/***/.local/lib/python3.12/site-packages/***/task/task_runner/standard_task_runner.py:70: DeprecationWarning: This process (pid=80) is multi-threaded, use of fork() may lead to deadlocks in the child.
  pid = os.fork()

[2025-04-08T15:07:19.229+0000] {standard_task_runner.py:72} INFO - Started process 85 to run task
[2025-04-08T15:07:19.229+0000] {standard_task_runner.py:104} INFO - Running: ['***', 'tasks', 'run', 'monitor_the_api_history_per_day', 'read_api_from_more_than_month', 'scheduled__2025-04-07T00:00:00+00:00', '--job-id', '474', '--raw', '--subdir', 'DAGS_FOLDER/monitor_the_api_history_per_day.py', '--cfg-path', '/tmp/tmp3p7p2ywo']
[2025-04-08T15:07:19.231+0000] {standard_task_runner.py:105} INFO - Job 474: Subtask read_api_from_more_than_month
[2025-04-08T15:07:19.305+0000] {task_command.py:467} INFO - Running <TaskInstance: monitor_the_api_history_per_day.read_api_from_more_than_month scheduled__2025-04-07T00:00:00+00:00 [running]> on host c10f653d5b77
[2025-04-08T15:07:19.447+0000] {taskinstance.py:3134} INFO - Exporting env vars: AIRFLOW_CTX_DAG_OWNER='Esayed' AIRFLOW_CTX_DAG_ID='monitor_the_api_history_per_day' AIRFLOW_CTX_TASK_ID='read_api_from_more_than_month' AIRFLOW_CTX_EXECUTION_DATE='2025-04-07T00:00:00+00:00' AIRFLOW_CTX_TRY_NUMBER='1' AIRFLOW_CTX_DAG_RUN_ID='scheduled__2025-04-07T00:00:00+00:00'
[2025-04-08T15:07:19.449+0000] {logging_mixin.py:190} INFO - Task instance is in running state
[2025-04-08T15:07:19.450+0000] {logging_mixin.py:190} INFO -  Previous state of the Task instance: queued
[2025-04-08T15:07:19.451+0000] {logging_mixin.py:190} INFO - Current task name:read_api_from_more_than_month state:running start_date:2025-04-08 15:07:18.936695+00:00
[2025-04-08T15:07:19.452+0000] {logging_mixin.py:190} INFO - Dag name:monitor_the_api_history_per_day and current dag run status:running
[2025-04-08T15:07:19.453+0000] {taskinstance.py:732} INFO - ::endgroup::
[2025-04-08T15:07:19.524+0000] {logging_mixin.py:190} INFO - read_api_from_more_than_month are readed
[2025-04-08T15:07:19.547+0000] {python.py:240} INFO - Done. Returned value was: None
[2025-04-08T15:07:19.560+0000] {taskinstance.py:341} INFO - ::group::Post task execution logs
[2025-04-08T15:07:19.561+0000] {taskinstance.py:353} INFO - Marking task as SUCCESS. dag_id=monitor_the_api_history_per_day, task_id=read_api_from_more_than_month, run_id=scheduled__2025-04-07T00:00:00+00:00, execution_date=20250407T000000, start_date=20250408T150718, end_date=20250408T150719
[2025-04-08T15:07:19.607+0000] {logging_mixin.py:190} INFO - Task instance in success state
[2025-04-08T15:07:19.609+0000] {logging_mixin.py:190} INFO -  Previous state of the Task instance: running
[2025-04-08T15:07:19.610+0000] {logging_mixin.py:190} INFO - Dag name:monitor_the_api_history_per_day queued_at:2025-04-08 15:07:03.206403+00:00
[2025-04-08T15:07:19.611+0000] {logging_mixin.py:190} INFO - Task hostname:c10f653d5b77 operator:PythonOperator
[2025-04-08T15:07:19.648+0000] {local_task_job_runner.py:266} INFO - Task exited with return code 0
[2025-04-08T15:07:19.679+0000] {taskinstance.py:3901} INFO - 1 downstream tasks scheduled from follow-on schedule check
[2025-04-08T15:07:19.682+0000] {local_task_job_runner.py:245} INFO - ::endgroup::
