[2025-04-06T08:45:01.980+0000] {local_task_job_runner.py:123} INFO - ::group::Pre task execution logs
[2025-04-06T08:45:01.999+0000] {taskinstance.py:2614} INFO - Dependencies all met for dep_context=non-requeueable deps ti=<TaskInstance: print_hello3.print_hello_task scheduled__2025-04-06T08:40:00+00:00 [queued]>
[2025-04-06T08:45:02.008+0000] {taskinstance.py:2614} INFO - Dependencies all met for dep_context=requeueable deps ti=<TaskInstance: print_hello3.print_hello_task scheduled__2025-04-06T08:40:00+00:00 [queued]>
[2025-04-06T08:45:02.008+0000] {taskinstance.py:2867} INFO - Starting attempt 1 of 2
[2025-04-06T08:45:02.150+0000] {taskinstance.py:2890} INFO - Executing <Task(PythonOperator): print_hello_task> on 2025-04-06 08:40:00+00:00
[2025-04-06T08:45:02.158+0000] {warnings.py:112} WARNING - /home/***/.local/lib/python3.12/site-packages/***/task/task_runner/standard_task_runner.py:70: DeprecationWarning: This process (pid=122) is multi-threaded, use of fork() may lead to deadlocks in the child.
  pid = os.fork()

[2025-04-06T08:45:02.160+0000] {standard_task_runner.py:72} INFO - Started process 124 to run task
[2025-04-06T08:45:02.160+0000] {standard_task_runner.py:104} INFO - Running: ['***', 'tasks', 'run', 'print_hello3', 'print_hello_task', 'scheduled__2025-04-06T08:40:00+00:00', '--job-id', '423', '--raw', '--subdir', 'DAGS_FOLDER/print_hello.py', '--cfg-path', '/tmp/tmp_0b7oqfy']
[2025-04-06T08:45:02.161+0000] {standard_task_runner.py:105} INFO - Job 423: Subtask print_hello_task
[2025-04-06T08:45:02.210+0000] {task_command.py:467} INFO - Running <TaskInstance: print_hello3.print_hello_task scheduled__2025-04-06T08:40:00+00:00 [running]> on host 5991717e768c
[2025-04-06T08:45:02.295+0000] {taskinstance.py:3134} INFO - Exporting env vars: AIRFLOW_CTX_DAG_OWNER='Esayed' AIRFLOW_CTX_DAG_ID='print_hello3' AIRFLOW_CTX_TASK_ID='print_hello_task' AIRFLOW_CTX_EXECUTION_DATE='2025-04-06T08:40:00+00:00' AIRFLOW_CTX_TRY_NUMBER='1' AIRFLOW_CTX_DAG_RUN_ID='scheduled__2025-04-06T08:40:00+00:00'
[2025-04-06T08:45:02.296+0000] {logging_mixin.py:190} INFO - Task instance is in running state
[2025-04-06T08:45:02.297+0000] {logging_mixin.py:190} INFO -  Previous state of the Task instance: queued
[2025-04-06T08:45:02.298+0000] {logging_mixin.py:190} INFO - Current task name:print_hello_task state:running start_date:2025-04-06 08:45:01.999989+00:00
[2025-04-06T08:45:02.299+0000] {logging_mixin.py:190} INFO - Dag name:print_hello3 and current dag run status:running
[2025-04-06T08:45:02.299+0000] {taskinstance.py:732} INFO - ::endgroup::
[2025-04-06T08:45:02.300+0000] {logging_mixin.py:190} INFO - hello
[2025-04-06T08:45:02.301+0000] {python.py:240} INFO - Done. Returned value was: None
[2025-04-06T08:45:02.310+0000] {taskinstance.py:341} INFO - ::group::Post task execution logs
[2025-04-06T08:45:02.312+0000] {taskinstance.py:353} INFO - Marking task as SUCCESS. dag_id=print_hello3, task_id=print_hello_task, run_id=scheduled__2025-04-06T08:40:00+00:00, execution_date=20250406T084000, start_date=20250406T084501, end_date=20250406T084502
[2025-04-06T08:45:02.343+0000] {logging_mixin.py:190} INFO - Task instance in success state
[2025-04-06T08:45:02.344+0000] {logging_mixin.py:190} INFO -  Previous state of the Task instance: running
[2025-04-06T08:45:02.344+0000] {logging_mixin.py:190} INFO - Dag name:print_hello3 queued_at:2025-04-06 08:45:00.319082+00:00
[2025-04-06T08:45:02.345+0000] {logging_mixin.py:190} INFO - Task hostname:5991717e768c operator:PythonOperator
[2025-04-06T08:45:02.376+0000] {local_task_job_runner.py:266} INFO - Task exited with return code 0
[2025-04-06T08:45:02.408+0000] {taskinstance.py:3901} INFO - 1 downstream tasks scheduled from follow-on schedule check
[2025-04-06T08:45:02.412+0000] {local_task_job_runner.py:245} INFO - ::endgroup::
