[2025-04-06T08:50:04.543+0000] {local_task_job_runner.py:123} INFO - ::group::Pre task execution logs
[2025-04-06T08:50:04.565+0000] {taskinstance.py:2614} INFO - Dependencies all met for dep_context=non-requeueable deps ti=<TaskInstance: print_hello3.save_to_csv_task scheduled__2025-04-06T08:45:00+00:00 [queued]>
[2025-04-06T08:50:04.578+0000] {taskinstance.py:2614} INFO - Dependencies all met for dep_context=requeueable deps ti=<TaskInstance: print_hello3.save_to_csv_task scheduled__2025-04-06T08:45:00+00:00 [queued]>
[2025-04-06T08:50:04.579+0000] {taskinstance.py:2867} INFO - Starting attempt 1 of 2
[2025-04-06T08:50:04.751+0000] {taskinstance.py:2890} INFO - Executing <Task(PythonOperator): save_to_csv_task> on 2025-04-06 08:45:00+00:00
[2025-04-06T08:50:04.759+0000] {warnings.py:112} WARNING - /home/***/.local/lib/python3.12/site-packages/***/task/task_runner/standard_task_runner.py:70: DeprecationWarning: This process (pid=197) is multi-threaded, use of fork() may lead to deadlocks in the child.
  pid = os.fork()

[2025-04-06T08:50:04.761+0000] {standard_task_runner.py:72} INFO - Started process 199 to run task
[2025-04-06T08:50:04.761+0000] {standard_task_runner.py:104} INFO - Running: ['***', 'tasks', 'run', 'print_hello3', 'save_to_csv_task', 'scheduled__2025-04-06T08:45:00+00:00', '--job-id', '426', '--raw', '--subdir', 'DAGS_FOLDER/print_hello.py', '--cfg-path', '/tmp/tmpw31zie5l']
[2025-04-06T08:50:04.763+0000] {standard_task_runner.py:105} INFO - Job 426: Subtask save_to_csv_task
[2025-04-06T08:50:04.816+0000] {task_command.py:467} INFO - Running <TaskInstance: print_hello3.save_to_csv_task scheduled__2025-04-06T08:45:00+00:00 [running]> on host 5991717e768c
[2025-04-06T08:50:04.911+0000] {taskinstance.py:3134} INFO - Exporting env vars: AIRFLOW_CTX_DAG_OWNER='Esayed' AIRFLOW_CTX_DAG_ID='print_hello3' AIRFLOW_CTX_TASK_ID='save_to_csv_task' AIRFLOW_CTX_EXECUTION_DATE='2025-04-06T08:45:00+00:00' AIRFLOW_CTX_TRY_NUMBER='1' AIRFLOW_CTX_DAG_RUN_ID='scheduled__2025-04-06T08:45:00+00:00'
[2025-04-06T08:50:04.913+0000] {logging_mixin.py:190} INFO - Task instance is in running state
[2025-04-06T08:50:04.914+0000] {logging_mixin.py:190} INFO -  Previous state of the Task instance: queued
[2025-04-06T08:50:04.914+0000] {logging_mixin.py:190} INFO - Current task name:save_to_csv_task state:running start_date:2025-04-06 08:50:04.565957+00:00
[2025-04-06T08:50:04.915+0000] {logging_mixin.py:190} INFO - Dag name:print_hello3 and current dag run status:running
[2025-04-06T08:50:04.915+0000] {taskinstance.py:732} INFO - ::endgroup::
[2025-04-06T08:50:04.922+0000] {python.py:240} INFO - Done. Returned value was: None
[2025-04-06T08:50:04.936+0000] {taskinstance.py:341} INFO - ::group::Post task execution logs
[2025-04-06T08:50:04.936+0000] {taskinstance.py:353} INFO - Marking task as SUCCESS. dag_id=print_hello3, task_id=save_to_csv_task, run_id=scheduled__2025-04-06T08:45:00+00:00, execution_date=20250406T084500, start_date=20250406T085004, end_date=20250406T085004
[2025-04-06T08:50:04.968+0000] {logging_mixin.py:190} INFO - Task instance in success state
[2025-04-06T08:50:04.969+0000] {logging_mixin.py:190} INFO -  Previous state of the Task instance: running
[2025-04-06T08:50:04.970+0000] {logging_mixin.py:190} INFO - Dag name:print_hello3 queued_at:2025-04-06 08:50:00.205699+00:00
[2025-04-06T08:50:04.970+0000] {logging_mixin.py:190} INFO - Task hostname:5991717e768c operator:PythonOperator
[2025-04-06T08:50:05.017+0000] {local_task_job_runner.py:266} INFO - Task exited with return code 0
[2025-04-06T08:50:05.035+0000] {taskinstance.py:3901} INFO - 0 downstream tasks scheduled from follow-on schedule check
[2025-04-06T08:50:05.038+0000] {local_task_job_runner.py:245} INFO - ::endgroup::
[2025-04-06T08:52:54.944+0000] {local_task_job_runner.py:123} INFO - ::group::Pre task execution logs
[2025-04-06T08:52:54.976+0000] {taskinstance.py:2614} INFO - Dependencies all met for dep_context=non-requeueable deps ti=<TaskInstance: print_hello3.save_to_csv_task scheduled__2025-04-06T08:45:00+00:00 [queued]>
[2025-04-06T08:52:54.989+0000] {taskinstance.py:2614} INFO - Dependencies all met for dep_context=requeueable deps ti=<TaskInstance: print_hello3.save_to_csv_task scheduled__2025-04-06T08:45:00+00:00 [queued]>
[2025-04-06T08:52:54.990+0000] {taskinstance.py:2867} INFO - Starting attempt 1 of 2
[2025-04-06T08:52:55.216+0000] {taskinstance.py:2890} INFO - Executing <Task(PythonOperator): save_to_csv_task> on 2025-04-06 08:45:00+00:00
[2025-04-06T08:52:55.224+0000] {warnings.py:112} WARNING - /home/***/.local/lib/python3.12/site-packages/***/task/task_runner/standard_task_runner.py:70: DeprecationWarning: This process (pid=241) is multi-threaded, use of fork() may lead to deadlocks in the child.
  pid = os.fork()

[2025-04-06T08:52:55.226+0000] {standard_task_runner.py:72} INFO - Started process 243 to run task
[2025-04-06T08:52:55.226+0000] {standard_task_runner.py:104} INFO - Running: ['***', 'tasks', 'run', 'print_hello3', 'save_to_csv_task', 'scheduled__2025-04-06T08:45:00+00:00', '--job-id', '428', '--raw', '--subdir', 'DAGS_FOLDER/print_hello.py', '--cfg-path', '/tmp/tmp_x3vc_p_']
[2025-04-06T08:52:55.228+0000] {standard_task_runner.py:105} INFO - Job 428: Subtask save_to_csv_task
[2025-04-06T08:52:55.282+0000] {task_command.py:467} INFO - Running <TaskInstance: print_hello3.save_to_csv_task scheduled__2025-04-06T08:45:00+00:00 [running]> on host 5991717e768c
[2025-04-06T08:52:55.374+0000] {taskinstance.py:3134} INFO - Exporting env vars: AIRFLOW_CTX_DAG_OWNER='Esayed' AIRFLOW_CTX_DAG_ID='print_hello3' AIRFLOW_CTX_TASK_ID='save_to_csv_task' AIRFLOW_CTX_EXECUTION_DATE='2025-04-06T08:45:00+00:00' AIRFLOW_CTX_TRY_NUMBER='1' AIRFLOW_CTX_DAG_RUN_ID='scheduled__2025-04-06T08:45:00+00:00'
[2025-04-06T08:52:55.375+0000] {logging_mixin.py:190} INFO - Task instance is in running state
[2025-04-06T08:52:55.376+0000] {logging_mixin.py:190} INFO -  Previous state of the Task instance: queued
[2025-04-06T08:52:55.377+0000] {logging_mixin.py:190} INFO - Current task name:save_to_csv_task state:running start_date:2025-04-06 08:52:54.977474+00:00
[2025-04-06T08:52:55.378+0000] {logging_mixin.py:190} INFO - Dag name:print_hello3 and current dag run status:running
[2025-04-06T08:52:55.378+0000] {taskinstance.py:732} INFO - ::endgroup::
[2025-04-06T08:52:55.387+0000] {python.py:240} INFO - Done. Returned value was: None
[2025-04-06T08:52:55.399+0000] {taskinstance.py:341} INFO - ::group::Post task execution logs
[2025-04-06T08:52:55.400+0000] {taskinstance.py:353} INFO - Marking task as SUCCESS. dag_id=print_hello3, task_id=save_to_csv_task, run_id=scheduled__2025-04-06T08:45:00+00:00, execution_date=20250406T084500, start_date=20250406T085254, end_date=20250406T085255
[2025-04-06T08:52:55.429+0000] {logging_mixin.py:190} INFO - Task instance in success state
[2025-04-06T08:52:55.429+0000] {logging_mixin.py:190} INFO -  Previous state of the Task instance: running
[2025-04-06T08:52:55.430+0000] {logging_mixin.py:190} INFO - Dag name:print_hello3 queued_at:2025-04-06 08:52:47.982063+00:00
[2025-04-06T08:52:55.430+0000] {logging_mixin.py:190} INFO - Task hostname:5991717e768c operator:PythonOperator
[2025-04-06T08:52:55.482+0000] {local_task_job_runner.py:266} INFO - Task exited with return code 0
[2025-04-06T08:52:55.502+0000] {taskinstance.py:3901} INFO - 0 downstream tasks scheduled from follow-on schedule check
[2025-04-06T08:52:55.506+0000] {local_task_job_runner.py:245} INFO - ::endgroup::
[2025-04-06T08:55:10.066+0000] {local_task_job_runner.py:123} INFO - ::group::Pre task execution logs
[2025-04-06T08:55:10.102+0000] {taskinstance.py:2614} INFO - Dependencies all met for dep_context=non-requeueable deps ti=<TaskInstance: print_hello3.save_to_csv_task scheduled__2025-04-06T08:45:00+00:00 [queued]>
[2025-04-06T08:55:10.118+0000] {taskinstance.py:2614} INFO - Dependencies all met for dep_context=requeueable deps ti=<TaskInstance: print_hello3.save_to_csv_task scheduled__2025-04-06T08:45:00+00:00 [queued]>
[2025-04-06T08:55:10.118+0000] {taskinstance.py:2867} INFO - Starting attempt 1 of 2
[2025-04-06T08:55:10.356+0000] {taskinstance.py:2890} INFO - Executing <Task(PythonOperator): save_to_csv_task> on 2025-04-06 08:45:00+00:00
[2025-04-06T08:55:10.367+0000] {warnings.py:112} WARNING - /home/***/.local/lib/python3.12/site-packages/***/task/task_runner/standard_task_runner.py:70: DeprecationWarning: This process (pid=281) is multi-threaded, use of fork() may lead to deadlocks in the child.
  pid = os.fork()

[2025-04-06T08:55:10.369+0000] {standard_task_runner.py:72} INFO - Started process 285 to run task
[2025-04-06T08:55:10.369+0000] {standard_task_runner.py:104} INFO - Running: ['***', 'tasks', 'run', 'print_hello3', 'save_to_csv_task', 'scheduled__2025-04-06T08:45:00+00:00', '--job-id', '431', '--raw', '--subdir', 'DAGS_FOLDER/print_hello.py', '--cfg-path', '/tmp/tmphl6mu8yd']
[2025-04-06T08:55:10.371+0000] {standard_task_runner.py:105} INFO - Job 431: Subtask save_to_csv_task
[2025-04-06T08:55:10.437+0000] {task_command.py:467} INFO - Running <TaskInstance: print_hello3.save_to_csv_task scheduled__2025-04-06T08:45:00+00:00 [running]> on host 5991717e768c
[2025-04-06T08:55:10.573+0000] {taskinstance.py:3134} INFO - Exporting env vars: AIRFLOW_CTX_DAG_OWNER='Esayed' AIRFLOW_CTX_DAG_ID='print_hello3' AIRFLOW_CTX_TASK_ID='save_to_csv_task' AIRFLOW_CTX_EXECUTION_DATE='2025-04-06T08:45:00+00:00' AIRFLOW_CTX_TRY_NUMBER='1' AIRFLOW_CTX_DAG_RUN_ID='scheduled__2025-04-06T08:45:00+00:00'
[2025-04-06T08:55:10.575+0000] {logging_mixin.py:190} INFO - Task instance is in running state
[2025-04-06T08:55:10.576+0000] {logging_mixin.py:190} INFO -  Previous state of the Task instance: queued
[2025-04-06T08:55:10.577+0000] {logging_mixin.py:190} INFO - Current task name:save_to_csv_task state:running start_date:2025-04-06 08:55:10.103089+00:00
[2025-04-06T08:55:10.578+0000] {logging_mixin.py:190} INFO - Dag name:print_hello3 and current dag run status:running
[2025-04-06T08:55:10.579+0000] {taskinstance.py:732} INFO - ::endgroup::
[2025-04-06T08:55:10.590+0000] {python.py:240} INFO - Done. Returned value was: None
[2025-04-06T08:55:10.605+0000] {taskinstance.py:341} INFO - ::group::Post task execution logs
[2025-04-06T08:55:10.606+0000] {taskinstance.py:353} INFO - Marking task as SUCCESS. dag_id=print_hello3, task_id=save_to_csv_task, run_id=scheduled__2025-04-06T08:45:00+00:00, execution_date=20250406T084500, start_date=20250406T085510, end_date=20250406T085510
[2025-04-06T08:55:10.642+0000] {logging_mixin.py:190} INFO - Task instance in success state
[2025-04-06T08:55:10.643+0000] {logging_mixin.py:190} INFO -  Previous state of the Task instance: running
[2025-04-06T08:55:10.644+0000] {logging_mixin.py:190} INFO - Dag name:print_hello3 queued_at:2025-04-06 08:55:03.175830+00:00
[2025-04-06T08:55:10.645+0000] {logging_mixin.py:190} INFO - Task hostname:5991717e768c operator:PythonOperator
[2025-04-06T08:55:10.667+0000] {local_task_job_runner.py:266} INFO - Task exited with return code 0
[2025-04-06T08:55:10.688+0000] {taskinstance.py:3901} INFO - 0 downstream tasks scheduled from follow-on schedule check
[2025-04-06T08:55:10.691+0000] {local_task_job_runner.py:245} INFO - ::endgroup::
