[2025-04-06T06:03:32.584+0000] {local_task_job_runner.py:123} INFO - ::group::Pre task execution logs
[2025-04-06T06:03:32.627+0000] {taskinstance.py:2614} INFO - Dependencies all met for dep_context=non-requeueable deps ti=<TaskInstance: print_hello.print_hello_task scheduled__2025-04-05T00:49:00+00:00 [queued]>
[2025-04-06T06:03:32.651+0000] {taskinstance.py:2614} INFO - Dependencies all met for dep_context=requeueable deps ti=<TaskInstance: print_hello.print_hello_task scheduled__2025-04-05T00:49:00+00:00 [queued]>
[2025-04-06T06:03:32.652+0000] {taskinstance.py:2867} INFO - Starting attempt 1 of 2
[2025-04-06T06:03:33.052+0000] {taskinstance.py:2890} INFO - Executing <Task(PythonOperator): print_hello_task> on 2025-04-05 00:49:00+00:00
[2025-04-06T06:03:33.068+0000] {warnings.py:112} WARNING - /home/***/.local/lib/python3.12/site-packages/***/task/task_runner/standard_task_runner.py:70: DeprecationWarning: This process (pid=517) is multi-threaded, use of fork() may lead to deadlocks in the child.
  pid = os.fork()

[2025-04-06T06:03:33.072+0000] {standard_task_runner.py:72} INFO - Started process 539 to run task
[2025-04-06T06:03:33.073+0000] {standard_task_runner.py:104} INFO - Running: ['***', 'tasks', 'run', 'print_hello', 'print_hello_task', 'scheduled__2025-04-05T00:49:00+00:00', '--job-id', '113', '--raw', '--subdir', 'DAGS_FOLDER/print_hello.py', '--cfg-path', '/tmp/tmp_bqol9ae']
[2025-04-06T06:03:33.075+0000] {standard_task_runner.py:105} INFO - Job 113: Subtask print_hello_task
[2025-04-06T06:03:33.150+0000] {task_command.py:467} INFO - Running <TaskInstance: print_hello.print_hello_task scheduled__2025-04-05T00:49:00+00:00 [running]> on host 5991717e768c
[2025-04-06T06:03:33.284+0000] {taskinstance.py:3134} INFO - Exporting env vars: AIRFLOW_CTX_DAG_OWNER='Esayed' AIRFLOW_CTX_DAG_ID='print_hello' AIRFLOW_CTX_TASK_ID='print_hello_task' AIRFLOW_CTX_EXECUTION_DATE='2025-04-05T00:49:00+00:00' AIRFLOW_CTX_TRY_NUMBER='1' AIRFLOW_CTX_DAG_RUN_ID='scheduled__2025-04-05T00:49:00+00:00'
[2025-04-06T06:03:33.286+0000] {logging_mixin.py:190} INFO - Task instance is in running state
[2025-04-06T06:03:33.287+0000] {logging_mixin.py:190} INFO -  Previous state of the Task instance: queued
[2025-04-06T06:03:33.288+0000] {logging_mixin.py:190} INFO - Current task name:print_hello_task state:running start_date:2025-04-06 06:03:32.628669+00:00
[2025-04-06T06:03:33.289+0000] {logging_mixin.py:190} INFO - Dag name:print_hello and current dag run status:running
[2025-04-06T06:03:33.290+0000] {taskinstance.py:732} INFO - ::endgroup::
[2025-04-06T06:03:33.291+0000] {logging_mixin.py:190} INFO - hello
[2025-04-06T06:03:33.292+0000] {python.py:240} INFO - Done. Returned value was: None
[2025-04-06T06:03:33.310+0000] {taskinstance.py:341} INFO - ::group::Post task execution logs
[2025-04-06T06:03:33.311+0000] {taskinstance.py:353} INFO - Marking task as SUCCESS. dag_id=print_hello, task_id=print_hello_task, run_id=scheduled__2025-04-05T00:49:00+00:00, execution_date=20250405T004900, start_date=20250406T060332, end_date=20250406T060333
[2025-04-06T06:03:33.355+0000] {logging_mixin.py:190} INFO - Task instance in success state
[2025-04-06T06:03:33.356+0000] {logging_mixin.py:190} INFO -  Previous state of the Task instance: running
[2025-04-06T06:03:33.357+0000] {logging_mixin.py:190} INFO - Dag name:print_hello queued_at:2025-04-06 06:03:29.670315+00:00
[2025-04-06T06:03:33.358+0000] {logging_mixin.py:190} INFO - Task hostname:5991717e768c operator:PythonOperator
[2025-04-06T06:03:33.410+0000] {local_task_job_runner.py:266} INFO - Task exited with return code 0
[2025-04-06T06:03:33.456+0000] {taskinstance.py:3901} INFO - 1 downstream tasks scheduled from follow-on schedule check
[2025-04-06T06:03:33.462+0000] {local_task_job_runner.py:245} INFO - ::endgroup::
[2025-04-06T06:15:48.592+0000] {local_task_job_runner.py:123} INFO - ::group::Pre task execution logs
[2025-04-06T06:15:48.672+0000] {taskinstance.py:2614} INFO - Dependencies all met for dep_context=non-requeueable deps ti=<TaskInstance: print_hello.print_hello_task scheduled__2025-04-05T00:49:00+00:00 [queued]>
[2025-04-06T06:15:48.706+0000] {taskinstance.py:2614} INFO - Dependencies all met for dep_context=requeueable deps ti=<TaskInstance: print_hello.print_hello_task scheduled__2025-04-05T00:49:00+00:00 [queued]>
[2025-04-06T06:15:48.707+0000] {taskinstance.py:2867} INFO - Starting attempt 1 of 2
[2025-04-06T06:15:49.309+0000] {taskinstance.py:2890} INFO - Executing <Task(PythonOperator): print_hello_task> on 2025-04-05 00:49:00+00:00
[2025-04-06T06:15:49.331+0000] {warnings.py:112} WARNING - /home/***/.local/lib/python3.12/site-packages/***/task/task_runner/standard_task_runner.py:70: DeprecationWarning: This process (pid=1275) is multi-threaded, use of fork() may lead to deadlocks in the child.
  pid = os.fork()

[2025-04-06T06:15:49.334+0000] {standard_task_runner.py:104} INFO - Running: ['***', 'tasks', 'run', 'print_hello', 'print_hello_task', 'scheduled__2025-04-05T00:49:00+00:00', '--job-id', '264', '--raw', '--subdir', 'DAGS_FOLDER/print_hello.py', '--cfg-path', '/tmp/tmp44incncc']
[2025-04-06T06:15:49.342+0000] {standard_task_runner.py:72} INFO - Started process 1305 to run task
[2025-04-06T06:15:49.344+0000] {standard_task_runner.py:105} INFO - Job 264: Subtask print_hello_task
[2025-04-06T06:15:49.507+0000] {task_command.py:467} INFO - Running <TaskInstance: print_hello.print_hello_task scheduled__2025-04-05T00:49:00+00:00 [running]> on host 5991717e768c
[2025-04-06T06:15:49.934+0000] {taskinstance.py:3134} INFO - Exporting env vars: AIRFLOW_CTX_DAG_OWNER='Esayed' AIRFLOW_CTX_DAG_ID='print_hello' AIRFLOW_CTX_TASK_ID='print_hello_task' AIRFLOW_CTX_EXECUTION_DATE='2025-04-05T00:49:00+00:00' AIRFLOW_CTX_TRY_NUMBER='1' AIRFLOW_CTX_DAG_RUN_ID='scheduled__2025-04-05T00:49:00+00:00'
[2025-04-06T06:15:49.939+0000] {logging_mixin.py:190} INFO - Task instance is in running state
[2025-04-06T06:15:49.943+0000] {logging_mixin.py:190} INFO -  Previous state of the Task instance: queued
[2025-04-06T06:15:49.944+0000] {logging_mixin.py:190} INFO - Current task name:print_hello_task state:running start_date:2025-04-06 06:15:48.683744+00:00
[2025-04-06T06:15:49.945+0000] {logging_mixin.py:190} INFO - Dag name:print_hello and current dag run status:running
[2025-04-06T06:15:49.949+0000] {taskinstance.py:732} INFO - ::endgroup::
[2025-04-06T06:15:49.951+0000] {logging_mixin.py:190} INFO - hello
[2025-04-06T06:15:49.954+0000] {python.py:240} INFO - Done. Returned value was: None
[2025-04-06T06:15:49.999+0000] {taskinstance.py:341} INFO - ::group::Post task execution logs
[2025-04-06T06:15:50.004+0000] {taskinstance.py:353} INFO - Marking task as SUCCESS. dag_id=print_hello, task_id=print_hello_task, run_id=scheduled__2025-04-05T00:49:00+00:00, execution_date=20250405T004900, start_date=20250406T061548, end_date=20250406T061550
[2025-04-06T06:15:50.128+0000] {logging_mixin.py:190} INFO - Task instance in success state
[2025-04-06T06:15:50.132+0000] {logging_mixin.py:190} INFO -  Previous state of the Task instance: running
[2025-04-06T06:15:50.142+0000] {logging_mixin.py:190} INFO - Dag name:print_hello queued_at:2025-04-06 06:15:44.478813+00:00
[2025-04-06T06:15:50.151+0000] {logging_mixin.py:190} INFO - Task hostname:5991717e768c operator:PythonOperator
[2025-04-06T06:15:50.210+0000] {local_task_job_runner.py:266} INFO - Task exited with return code 0
[2025-04-06T06:15:50.310+0000] {taskinstance.py:3901} INFO - 1 downstream tasks scheduled from follow-on schedule check
[2025-04-06T06:15:50.320+0000] {local_task_job_runner.py:245} INFO - ::endgroup::
