[2025-04-06T06:03:17.738+0000] {local_task_job_runner.py:123} INFO - ::group::Pre task execution logs
[2025-04-06T06:03:17.773+0000] {taskinstance.py:2614} INFO - Dependencies all met for dep_context=non-requeueable deps ti=<TaskInstance: print_hello.print_hello_task scheduled__2025-04-05T00:41:00+00:00 [queued]>
[2025-04-06T06:03:17.798+0000] {taskinstance.py:2614} INFO - Dependencies all met for dep_context=requeueable deps ti=<TaskInstance: print_hello.print_hello_task scheduled__2025-04-05T00:41:00+00:00 [queued]>
[2025-04-06T06:03:17.800+0000] {taskinstance.py:2867} INFO - Starting attempt 1 of 2
[2025-04-06T06:03:18.281+0000] {taskinstance.py:2890} INFO - Executing <Task(PythonOperator): print_hello_task> on 2025-04-05 00:41:00+00:00
[2025-04-06T06:03:18.309+0000] {warnings.py:112} WARNING - /home/***/.local/lib/python3.12/site-packages/***/task/task_runner/standard_task_runner.py:70: DeprecationWarning: This process (pid=394) is multi-threaded, use of fork() may lead to deadlocks in the child.
  pid = os.fork()

[2025-04-06T06:03:18.314+0000] {standard_task_runner.py:72} INFO - Started process 432 to run task
[2025-04-06T06:03:18.316+0000] {standard_task_runner.py:104} INFO - Running: ['***', 'tasks', 'run', 'print_hello', 'print_hello_task', 'scheduled__2025-04-05T00:41:00+00:00', '--job-id', '88', '--raw', '--subdir', 'DAGS_FOLDER/print_hello.py', '--cfg-path', '/tmp/tmpgx36gzlm']
[2025-04-06T06:03:18.321+0000] {standard_task_runner.py:105} INFO - Job 88: Subtask print_hello_task
[2025-04-06T06:03:18.438+0000] {task_command.py:467} INFO - Running <TaskInstance: print_hello.print_hello_task scheduled__2025-04-05T00:41:00+00:00 [running]> on host 5991717e768c
[2025-04-06T06:03:18.666+0000] {taskinstance.py:3134} INFO - Exporting env vars: AIRFLOW_CTX_DAG_OWNER='Esayed' AIRFLOW_CTX_DAG_ID='print_hello' AIRFLOW_CTX_TASK_ID='print_hello_task' AIRFLOW_CTX_EXECUTION_DATE='2025-04-05T00:41:00+00:00' AIRFLOW_CTX_TRY_NUMBER='1' AIRFLOW_CTX_DAG_RUN_ID='scheduled__2025-04-05T00:41:00+00:00'
[2025-04-06T06:03:18.670+0000] {logging_mixin.py:190} INFO - Task instance is in running state
[2025-04-06T06:03:18.671+0000] {logging_mixin.py:190} INFO -  Previous state of the Task instance: queued
[2025-04-06T06:03:18.672+0000] {logging_mixin.py:190} INFO - Current task name:print_hello_task state:running start_date:2025-04-06 06:03:17.775333+00:00
[2025-04-06T06:03:18.673+0000] {logging_mixin.py:190} INFO - Dag name:print_hello and current dag run status:running
[2025-04-06T06:03:18.675+0000] {taskinstance.py:732} INFO - ::endgroup::
[2025-04-06T06:03:18.678+0000] {logging_mixin.py:190} INFO - hello
[2025-04-06T06:03:18.680+0000] {python.py:240} INFO - Done. Returned value was: None
[2025-04-06T06:03:18.713+0000] {taskinstance.py:341} INFO - ::group::Post task execution logs
[2025-04-06T06:03:18.714+0000] {taskinstance.py:353} INFO - Marking task as SUCCESS. dag_id=print_hello, task_id=print_hello_task, run_id=scheduled__2025-04-05T00:41:00+00:00, execution_date=20250405T004100, start_date=20250406T060317, end_date=20250406T060318
[2025-04-06T06:03:18.840+0000] {logging_mixin.py:190} INFO - Task instance in success state
[2025-04-06T06:03:18.841+0000] {logging_mixin.py:190} INFO -  Previous state of the Task instance: running
[2025-04-06T06:03:18.843+0000] {logging_mixin.py:190} INFO - Dag name:print_hello queued_at:2025-04-06 06:03:13.463061+00:00
[2025-04-06T06:03:18.844+0000] {logging_mixin.py:190} INFO - Task hostname:5991717e768c operator:PythonOperator
[2025-04-06T06:03:18.932+0000] {local_task_job_runner.py:266} INFO - Task exited with return code 0
[2025-04-06T06:03:18.978+0000] {taskinstance.py:3901} INFO - 0 downstream tasks scheduled from follow-on schedule check
[2025-04-06T06:03:18.991+0000] {local_task_job_runner.py:245} INFO - ::endgroup::
[2025-04-06T06:15:32.518+0000] {local_task_job_runner.py:123} INFO - ::group::Pre task execution logs
[2025-04-06T06:15:32.583+0000] {taskinstance.py:2614} INFO - Dependencies all met for dep_context=non-requeueable deps ti=<TaskInstance: print_hello.print_hello_task scheduled__2025-04-05T00:41:00+00:00 [queued]>
[2025-04-06T06:15:32.620+0000] {taskinstance.py:2614} INFO - Dependencies all met for dep_context=requeueable deps ti=<TaskInstance: print_hello.print_hello_task scheduled__2025-04-05T00:41:00+00:00 [queued]>
[2025-04-06T06:15:32.632+0000] {taskinstance.py:2867} INFO - Starting attempt 1 of 2
[2025-04-06T06:15:33.121+0000] {taskinstance.py:2890} INFO - Executing <Task(PythonOperator): print_hello_task> on 2025-04-05 00:41:00+00:00
[2025-04-06T06:15:33.143+0000] {warnings.py:112} WARNING - /home/***/.local/lib/python3.12/site-packages/***/task/task_runner/standard_task_runner.py:70: DeprecationWarning: This process (pid=1146) is multi-threaded, use of fork() may lead to deadlocks in the child.
  pid = os.fork()

[2025-04-06T06:15:33.146+0000] {standard_task_runner.py:72} INFO - Started process 1186 to run task
[2025-04-06T06:15:33.147+0000] {standard_task_runner.py:104} INFO - Running: ['***', 'tasks', 'run', 'print_hello', 'print_hello_task', 'scheduled__2025-04-05T00:41:00+00:00', '--job-id', '237', '--raw', '--subdir', 'DAGS_FOLDER/print_hello.py', '--cfg-path', '/tmp/tmphe74fite']
[2025-04-06T06:15:33.149+0000] {standard_task_runner.py:105} INFO - Job 237: Subtask print_hello_task
[2025-04-06T06:15:33.288+0000] {task_command.py:467} INFO - Running <TaskInstance: print_hello.print_hello_task scheduled__2025-04-05T00:41:00+00:00 [running]> on host 5991717e768c
[2025-04-06T06:15:33.480+0000] {taskinstance.py:3134} INFO - Exporting env vars: AIRFLOW_CTX_DAG_OWNER='Esayed' AIRFLOW_CTX_DAG_ID='print_hello' AIRFLOW_CTX_TASK_ID='print_hello_task' AIRFLOW_CTX_EXECUTION_DATE='2025-04-05T00:41:00+00:00' AIRFLOW_CTX_TRY_NUMBER='1' AIRFLOW_CTX_DAG_RUN_ID='scheduled__2025-04-05T00:41:00+00:00'
[2025-04-06T06:15:33.483+0000] {logging_mixin.py:190} INFO - Task instance is in running state
[2025-04-06T06:15:33.484+0000] {logging_mixin.py:190} INFO -  Previous state of the Task instance: queued
[2025-04-06T06:15:33.485+0000] {logging_mixin.py:190} INFO - Current task name:print_hello_task state:running start_date:2025-04-06 06:15:32.584632+00:00
[2025-04-06T06:15:33.486+0000] {logging_mixin.py:190} INFO - Dag name:print_hello and current dag run status:running
[2025-04-06T06:15:33.487+0000] {taskinstance.py:732} INFO - ::endgroup::
[2025-04-06T06:15:33.490+0000] {logging_mixin.py:190} INFO - hello
[2025-04-06T06:15:33.491+0000] {python.py:240} INFO - Done. Returned value was: None
[2025-04-06T06:15:33.509+0000] {taskinstance.py:341} INFO - ::group::Post task execution logs
[2025-04-06T06:15:33.511+0000] {taskinstance.py:353} INFO - Marking task as SUCCESS. dag_id=print_hello, task_id=print_hello_task, run_id=scheduled__2025-04-05T00:41:00+00:00, execution_date=20250405T004100, start_date=20250406T061532, end_date=20250406T061533
[2025-04-06T06:15:33.558+0000] {logging_mixin.py:190} INFO - Task instance in success state
[2025-04-06T06:15:33.560+0000] {logging_mixin.py:190} INFO -  Previous state of the Task instance: running
[2025-04-06T06:15:33.560+0000] {logging_mixin.py:190} INFO - Dag name:print_hello queued_at:2025-04-06 06:15:27.742616+00:00
[2025-04-06T06:15:33.562+0000] {logging_mixin.py:190} INFO - Task hostname:5991717e768c operator:PythonOperator
[2025-04-06T06:15:33.609+0000] {local_task_job_runner.py:266} INFO - Task exited with return code 0
[2025-04-06T06:15:33.665+0000] {taskinstance.py:3901} INFO - 1 downstream tasks scheduled from follow-on schedule check
[2025-04-06T06:15:33.670+0000] {local_task_job_runner.py:245} INFO - ::endgroup::
