[2025-04-06T06:02:31.671+0000] {local_task_job_runner.py:123} INFO - ::group::Pre task execution logs
[2025-04-06T06:02:31.722+0000] {taskinstance.py:2614} INFO - Dependencies all met for dep_context=non-requeueable deps ti=<TaskInstance: print_hello.print_hello_task scheduled__2025-04-05T00:05:00+00:00 [queued]>
[2025-04-06T06:02:31.742+0000] {taskinstance.py:2614} INFO - Dependencies all met for dep_context=requeueable deps ti=<TaskInstance: print_hello.print_hello_task scheduled__2025-04-05T00:05:00+00:00 [queued]>
[2025-04-06T06:02:31.743+0000] {taskinstance.py:2867} INFO - Starting attempt 1 of 2
[2025-04-06T06:02:31.779+0000] {taskinstance.py:2890} INFO - Executing <Task(PythonOperator): print_hello_task> on 2025-04-05 00:05:00+00:00
[2025-04-06T06:02:31.796+0000] {warnings.py:112} WARNING - /home/***/.local/lib/python3.12/site-packages/***/task/task_runner/standard_task_runner.py:70: DeprecationWarning: This process (pid=123) is multi-threaded, use of fork() may lead to deadlocks in the child.
  pid = os.fork()

[2025-04-06T06:02:31.800+0000] {standard_task_runner.py:72} INFO - Started process 148 to run task
[2025-04-06T06:02:31.799+0000] {standard_task_runner.py:104} INFO - Running: ['***', 'tasks', 'run', 'print_hello', 'print_hello_task', 'scheduled__2025-04-05T00:05:00+00:00', '--job-id', '17', '--raw', '--subdir', 'DAGS_FOLDER/print_hello.py', '--cfg-path', '/tmp/tmp228qc50d']
[2025-04-06T06:02:31.815+0000] {standard_task_runner.py:105} INFO - Job 17: Subtask print_hello_task
[2025-04-06T06:02:32.124+0000] {task_command.py:467} INFO - Running <TaskInstance: print_hello.print_hello_task scheduled__2025-04-05T00:05:00+00:00 [running]> on host 5991717e768c
[2025-04-06T06:02:33.216+0000] {taskinstance.py:3134} INFO - Exporting env vars: AIRFLOW_CTX_DAG_OWNER='Esayed' AIRFLOW_CTX_DAG_ID='print_hello' AIRFLOW_CTX_TASK_ID='print_hello_task' AIRFLOW_CTX_EXECUTION_DATE='2025-04-05T00:05:00+00:00' AIRFLOW_CTX_TRY_NUMBER='1' AIRFLOW_CTX_DAG_RUN_ID='scheduled__2025-04-05T00:05:00+00:00'
[2025-04-06T06:02:33.244+0000] {logging_mixin.py:190} INFO - Task instance is in running state
[2025-04-06T06:02:33.249+0000] {logging_mixin.py:190} INFO -  Previous state of the Task instance: queued
[2025-04-06T06:02:33.259+0000] {logging_mixin.py:190} INFO - Current task name:print_hello_task state:running start_date:2025-04-06 06:02:31.724620+00:00
[2025-04-06T06:02:33.260+0000] {logging_mixin.py:190} INFO - Dag name:print_hello and current dag run status:running
[2025-04-06T06:02:33.264+0000] {taskinstance.py:732} INFO - ::endgroup::
[2025-04-06T06:02:33.268+0000] {logging_mixin.py:190} INFO - hello
[2025-04-06T06:02:33.269+0000] {python.py:240} INFO - Done. Returned value was: None
[2025-04-06T06:02:33.528+0000] {taskinstance.py:341} INFO - ::group::Post task execution logs
[2025-04-06T06:02:33.977+0000] {taskinstance.py:353} INFO - Marking task as SUCCESS. dag_id=print_hello, task_id=print_hello_task, run_id=scheduled__2025-04-05T00:05:00+00:00, execution_date=20250405T000500, start_date=20250406T060231, end_date=20250406T060233
[2025-04-06T06:02:38.876+0000] {logging_mixin.py:190} INFO - Task instance in success state
[2025-04-06T06:02:38.877+0000] {logging_mixin.py:190} INFO -  Previous state of the Task instance: running
[2025-04-06T06:02:38.879+0000] {logging_mixin.py:190} INFO - Dag name:print_hello queued_at:2025-04-06 06:02:20.752637+00:00
[2025-04-06T06:02:38.880+0000] {logging_mixin.py:190} INFO - Task hostname:5991717e768c operator:PythonOperator
[2025-04-06T06:02:38.946+0000] {local_task_job_runner.py:266} INFO - Task exited with return code 0
[2025-04-06T06:02:38.995+0000] {taskinstance.py:3901} INFO - 1 downstream tasks scheduled from follow-on schedule check
[2025-04-06T06:02:39.002+0000] {local_task_job_runner.py:245} INFO - ::endgroup::
[2025-04-06T06:14:55.362+0000] {local_task_job_runner.py:123} INFO - ::group::Pre task execution logs
[2025-04-06T06:14:55.404+0000] {taskinstance.py:2614} INFO - Dependencies all met for dep_context=non-requeueable deps ti=<TaskInstance: print_hello.print_hello_task scheduled__2025-04-05T00:05:00+00:00 [queued]>
[2025-04-06T06:14:55.436+0000] {taskinstance.py:2614} INFO - Dependencies all met for dep_context=requeueable deps ti=<TaskInstance: print_hello.print_hello_task scheduled__2025-04-05T00:05:00+00:00 [queued]>
[2025-04-06T06:14:55.437+0000] {taskinstance.py:2867} INFO - Starting attempt 1 of 2
[2025-04-06T06:14:55.749+0000] {taskinstance.py:2890} INFO - Executing <Task(PythonOperator): print_hello_task> on 2025-04-05 00:05:00+00:00
[2025-04-06T06:14:55.777+0000] {warnings.py:112} WARNING - /home/***/.local/lib/python3.12/site-packages/***/task/task_runner/standard_task_runner.py:70: DeprecationWarning: This process (pid=875) is multi-threaded, use of fork() may lead to deadlocks in the child.
  pid = os.fork()

[2025-04-06T06:14:55.785+0000] {standard_task_runner.py:104} INFO - Running: ['***', 'tasks', 'run', 'print_hello', 'print_hello_task', 'scheduled__2025-04-05T00:05:00+00:00', '--job-id', '169', '--raw', '--subdir', 'DAGS_FOLDER/print_hello.py', '--cfg-path', '/tmp/tmp_mmv1nkm']
[2025-04-06T06:14:55.793+0000] {standard_task_runner.py:105} INFO - Job 169: Subtask print_hello_task
[2025-04-06T06:14:55.786+0000] {standard_task_runner.py:72} INFO - Started process 907 to run task
[2025-04-06T06:14:56.533+0000] {task_command.py:467} INFO - Running <TaskInstance: print_hello.print_hello_task scheduled__2025-04-05T00:05:00+00:00 [running]> on host 5991717e768c
[2025-04-06T06:14:56.713+0000] {taskinstance.py:3134} INFO - Exporting env vars: AIRFLOW_CTX_DAG_OWNER='Esayed' AIRFLOW_CTX_DAG_ID='print_hello' AIRFLOW_CTX_TASK_ID='print_hello_task' AIRFLOW_CTX_EXECUTION_DATE='2025-04-05T00:05:00+00:00' AIRFLOW_CTX_TRY_NUMBER='1' AIRFLOW_CTX_DAG_RUN_ID='scheduled__2025-04-05T00:05:00+00:00'
[2025-04-06T06:14:56.719+0000] {logging_mixin.py:190} INFO - Task instance is in running state
[2025-04-06T06:14:56.735+0000] {logging_mixin.py:190} INFO -  Previous state of the Task instance: queued
[2025-04-06T06:14:56.739+0000] {logging_mixin.py:190} INFO - Current task name:print_hello_task state:running start_date:2025-04-06 06:14:55.411556+00:00
[2025-04-06T06:14:56.741+0000] {logging_mixin.py:190} INFO - Dag name:print_hello and current dag run status:running
[2025-04-06T06:14:56.743+0000] {taskinstance.py:732} INFO - ::endgroup::
[2025-04-06T06:14:56.745+0000] {logging_mixin.py:190} INFO - hello
[2025-04-06T06:14:56.747+0000] {python.py:240} INFO - Done. Returned value was: None
[2025-04-06T06:14:56.780+0000] {taskinstance.py:341} INFO - ::group::Post task execution logs
[2025-04-06T06:14:56.783+0000] {taskinstance.py:353} INFO - Marking task as SUCCESS. dag_id=print_hello, task_id=print_hello_task, run_id=scheduled__2025-04-05T00:05:00+00:00, execution_date=20250405T000500, start_date=20250406T061455, end_date=20250406T061456
[2025-04-06T06:14:56.859+0000] {logging_mixin.py:190} INFO - Task instance in success state
[2025-04-06T06:14:56.860+0000] {logging_mixin.py:190} INFO -  Previous state of the Task instance: running
[2025-04-06T06:14:56.868+0000] {logging_mixin.py:190} INFO - Dag name:print_hello queued_at:2025-04-06 06:14:52.066589+00:00
[2025-04-06T06:14:56.874+0000] {logging_mixin.py:190} INFO - Task hostname:5991717e768c operator:PythonOperator
[2025-04-06T06:14:56.972+0000] {local_task_job_runner.py:266} INFO - Task exited with return code 0
[2025-04-06T06:14:57.444+0000] {taskinstance.py:3901} INFO - 0 downstream tasks scheduled from follow-on schedule check
[2025-04-06T06:14:57.462+0000] {local_task_job_runner.py:245} INFO - ::endgroup::
