[2025-04-06T06:32:27.879+0000] {local_task_job_runner.py:123} INFO - ::group::Pre task execution logs
[2025-04-06T06:32:27.916+0000] {taskinstance.py:2614} INFO - Dependencies all met for dep_context=non-requeueable deps ti=<TaskInstance: print_hello2.print_hello_task scheduled__2025-04-05T00:00:00+00:00 [queued]>
[2025-04-06T06:32:27.934+0000] {taskinstance.py:2614} INFO - Dependencies all met for dep_context=requeueable deps ti=<TaskInstance: print_hello2.print_hello_task scheduled__2025-04-05T00:00:00+00:00 [queued]>
[2025-04-06T06:32:27.935+0000] {taskinstance.py:2867} INFO - Starting attempt 1 of 2
[2025-04-06T06:32:28.047+0000] {taskinstance.py:2890} INFO - Executing <Task(PythonOperator): print_hello_task> on 2025-04-05 00:00:00+00:00
[2025-04-06T06:32:28.066+0000] {warnings.py:112} WARNING - /home/***/.local/lib/python3.12/site-packages/***/task/task_runner/standard_task_runner.py:70: DeprecationWarning: This process (pid=1600) is multi-threaded, use of fork() may lead to deadlocks in the child.
  pid = os.fork()

[2025-04-06T06:32:28.072+0000] {standard_task_runner.py:72} INFO - Started process 1625 to run task
[2025-04-06T06:32:28.071+0000] {standard_task_runner.py:104} INFO - Running: ['***', 'tasks', 'run', 'print_hello2', 'print_hello_task', 'scheduled__2025-04-05T00:00:00+00:00', '--job-id', '291', '--raw', '--subdir', 'DAGS_FOLDER/print_hello.py', '--cfg-path', '/tmp/tmpwwhrlbvu']
[2025-04-06T06:32:28.076+0000] {standard_task_runner.py:105} INFO - Job 291: Subtask print_hello_task
[2025-04-06T06:33:01.132+0000] {job.py:229} INFO - Heartbeat recovered after 33.62 seconds
[2025-04-06T06:33:01.149+0000] {task_command.py:467} INFO - Running <TaskInstance: print_hello2.print_hello_task scheduled__2025-04-05T00:00:00+00:00 [running]> on host 5991717e768c
[2025-04-06T06:33:15.621+0000] {job.py:229} INFO - Heartbeat recovered after 15.14 seconds
[2025-04-06T06:33:16.346+0000] {taskinstance.py:3134} INFO - Exporting env vars: AIRFLOW_CTX_DAG_OWNER='Esayed' AIRFLOW_CTX_DAG_ID='print_hello2' AIRFLOW_CTX_TASK_ID='print_hello_task' AIRFLOW_CTX_EXECUTION_DATE='2025-04-05T00:00:00+00:00' AIRFLOW_CTX_TRY_NUMBER='1' AIRFLOW_CTX_DAG_RUN_ID='scheduled__2025-04-05T00:00:00+00:00'
[2025-04-06T06:33:16.430+0000] {logging_mixin.py:190} INFO - Task instance is in running state
[2025-04-06T06:33:16.432+0000] {logging_mixin.py:190} INFO -  Previous state of the Task instance: queued
[2025-04-06T06:33:16.436+0000] {logging_mixin.py:190} INFO - Current task name:print_hello_task state:running start_date:2025-04-06 06:32:27.917389+00:00
[2025-04-06T06:33:16.439+0000] {logging_mixin.py:190} INFO - Dag name:print_hello2 and current dag run status:running
[2025-04-06T06:33:16.450+0000] {taskinstance.py:732} INFO - ::endgroup::
[2025-04-06T06:33:16.455+0000] {logging_mixin.py:190} INFO - hello
[2025-04-06T06:33:16.457+0000] {python.py:240} INFO - Done. Returned value was: None
[2025-04-06T06:33:16.491+0000] {taskinstance.py:341} INFO - ::group::Post task execution logs
[2025-04-06T06:33:16.794+0000] {taskinstance.py:353} INFO - Marking task as SUCCESS. dag_id=print_hello2, task_id=print_hello_task, run_id=scheduled__2025-04-05T00:00:00+00:00, execution_date=20250405T000000, start_date=20250406T063227, end_date=20250406T063316
[2025-04-06T06:33:20.267+0000] {logging_mixin.py:190} INFO - Task instance in success state
[2025-04-06T06:33:20.924+0000] {logging_mixin.py:190} INFO -  Previous state of the Task instance: running
[2025-04-06T06:33:31.596+0000] {logging_mixin.py:190} INFO - Dag name:print_hello2 queued_at:2025-04-06 06:32:24.257203+00:00
[2025-04-06T06:33:37.280+0000] {logging_mixin.py:190} INFO - Task hostname:5991717e768c operator:PythonOperator
[2025-04-06T06:33:49.089+0000] {job.py:229} INFO - Heartbeat recovered after 42.86 seconds
[2025-04-06T06:33:50.009+0000] {local_task_job_runner.py:266} INFO - Task exited with return code 0
[2025-04-06T06:33:50.709+0000] {local_task_job_runner.py:245} INFO - ::endgroup::
[2025-04-06T06:34:49.631+0000] {local_task_job_runner.py:123} INFO - ::group::Pre task execution logs
[2025-04-06T06:34:49.669+0000] {taskinstance.py:2614} INFO - Dependencies all met for dep_context=non-requeueable deps ti=<TaskInstance: print_hello2.print_hello_task scheduled__2025-04-05T00:00:00+00:00 [queued]>
[2025-04-06T06:34:49.691+0000] {taskinstance.py:2614} INFO - Dependencies all met for dep_context=requeueable deps ti=<TaskInstance: print_hello2.print_hello_task scheduled__2025-04-05T00:00:00+00:00 [queued]>
[2025-04-06T06:34:49.692+0000] {taskinstance.py:2867} INFO - Starting attempt 1 of 2
[2025-04-06T06:34:49.949+0000] {taskinstance.py:2890} INFO - Executing <Task(PythonOperator): print_hello_task> on 2025-04-05 00:00:00+00:00
[2025-04-06T06:34:49.967+0000] {warnings.py:112} WARNING - /home/***/.local/lib/python3.12/site-packages/***/task/task_runner/standard_task_runner.py:70: DeprecationWarning: This process (pid=1722) is multi-threaded, use of fork() may lead to deadlocks in the child.
  pid = os.fork()

[2025-04-06T06:34:49.971+0000] {standard_task_runner.py:72} INFO - Started process 1745 to run task
[2025-04-06T06:34:49.973+0000] {standard_task_runner.py:104} INFO - Running: ['***', 'tasks', 'run', 'print_hello2', 'print_hello_task', 'scheduled__2025-04-05T00:00:00+00:00', '--job-id', '316', '--raw', '--subdir', 'DAGS_FOLDER/print_hello.py', '--cfg-path', '/tmp/tmpus34mifo']
[2025-04-06T06:34:49.975+0000] {standard_task_runner.py:105} INFO - Job 316: Subtask print_hello_task
[2025-04-06T06:34:50.615+0000] {task_command.py:467} INFO - Running <TaskInstance: print_hello2.print_hello_task scheduled__2025-04-05T00:00:00+00:00 [running]> on host 5991717e768c
[2025-04-06T06:34:50.791+0000] {taskinstance.py:3134} INFO - Exporting env vars: AIRFLOW_CTX_DAG_OWNER='Esayed' AIRFLOW_CTX_DAG_ID='print_hello2' AIRFLOW_CTX_TASK_ID='print_hello_task' AIRFLOW_CTX_EXECUTION_DATE='2025-04-05T00:00:00+00:00' AIRFLOW_CTX_TRY_NUMBER='1' AIRFLOW_CTX_DAG_RUN_ID='scheduled__2025-04-05T00:00:00+00:00'
[2025-04-06T06:34:50.797+0000] {logging_mixin.py:190} INFO - Task instance is in running state
[2025-04-06T06:34:50.799+0000] {logging_mixin.py:190} INFO -  Previous state of the Task instance: queued
[2025-04-06T06:34:50.801+0000] {logging_mixin.py:190} INFO - Current task name:print_hello_task state:running start_date:2025-04-06 06:34:49.671402+00:00
[2025-04-06T06:34:50.806+0000] {logging_mixin.py:190} INFO - Dag name:print_hello2 and current dag run status:running
[2025-04-06T06:34:50.809+0000] {taskinstance.py:732} INFO - ::endgroup::
[2025-04-06T06:34:50.812+0000] {logging_mixin.py:190} INFO - hello
[2025-04-06T06:34:50.814+0000] {python.py:240} INFO - Done. Returned value was: None
[2025-04-06T06:34:50.850+0000] {taskinstance.py:341} INFO - ::group::Post task execution logs
[2025-04-06T06:34:50.852+0000] {taskinstance.py:353} INFO - Marking task as SUCCESS. dag_id=print_hello2, task_id=print_hello_task, run_id=scheduled__2025-04-05T00:00:00+00:00, execution_date=20250405T000000, start_date=20250406T063449, end_date=20250406T063450
[2025-04-06T06:34:50.929+0000] {logging_mixin.py:190} INFO - Task instance in success state
[2025-04-06T06:34:50.930+0000] {logging_mixin.py:190} INFO -  Previous state of the Task instance: running
[2025-04-06T06:34:50.932+0000] {logging_mixin.py:190} INFO - Dag name:print_hello2 queued_at:2025-04-06 06:34:46.513662+00:00
[2025-04-06T06:34:50.935+0000] {logging_mixin.py:190} INFO - Task hostname:5991717e768c operator:PythonOperator
[2025-04-06T06:34:51.005+0000] {local_task_job_runner.py:266} INFO - Task exited with return code 0
[2025-04-06T06:34:51.581+0000] {local_task_job_runner.py:245} INFO - ::endgroup::
[2025-04-06T06:36:25.578+0000] {local_task_job_runner.py:123} INFO - ::group::Pre task execution logs
[2025-04-06T06:36:25.695+0000] {taskinstance.py:2614} INFO - Dependencies all met for dep_context=non-requeueable deps ti=<TaskInstance: print_hello2.print_hello_task scheduled__2025-04-05T00:00:00+00:00 [queued]>
[2025-04-06T06:36:25.744+0000] {taskinstance.py:2614} INFO - Dependencies all met for dep_context=requeueable deps ti=<TaskInstance: print_hello2.print_hello_task scheduled__2025-04-05T00:00:00+00:00 [queued]>
[2025-04-06T06:36:25.747+0000] {taskinstance.py:2867} INFO - Starting attempt 1 of 2
[2025-04-06T06:36:25.812+0000] {taskinstance.py:2890} INFO - Executing <Task(PythonOperator): print_hello_task> on 2025-04-05 00:00:00+00:00
[2025-04-06T06:36:25.839+0000] {standard_task_runner.py:104} INFO - Running: ['***', 'tasks', 'run', 'print_hello2', 'print_hello_task', 'scheduled__2025-04-05T00:00:00+00:00', '--job-id', '385', '--raw', '--subdir', 'DAGS_FOLDER/print_hello.py', '--cfg-path', '/tmp/tmpp5kcz8l7']
[2025-04-06T06:36:25.836+0000] {warnings.py:112} WARNING - /home/***/.local/lib/python3.12/site-packages/***/task/task_runner/standard_task_runner.py:70: DeprecationWarning: This process (pid=2019) is multi-threaded, use of fork() may lead to deadlocks in the child.
  pid = os.fork()

[2025-04-06T06:36:25.846+0000] {standard_task_runner.py:72} INFO - Started process 2045 to run task
[2025-04-06T06:36:25.844+0000] {standard_task_runner.py:105} INFO - Job 385: Subtask print_hello_task
[2025-04-06T06:36:26.629+0000] {task_command.py:467} INFO - Running <TaskInstance: print_hello2.print_hello_task scheduled__2025-04-05T00:00:00+00:00 [running]> on host 5991717e768c
[2025-04-06T06:36:26.929+0000] {taskinstance.py:3134} INFO - Exporting env vars: AIRFLOW_CTX_DAG_OWNER='Esayed' AIRFLOW_CTX_DAG_ID='print_hello2' AIRFLOW_CTX_TASK_ID='print_hello_task' AIRFLOW_CTX_EXECUTION_DATE='2025-04-05T00:00:00+00:00' AIRFLOW_CTX_TRY_NUMBER='1' AIRFLOW_CTX_DAG_RUN_ID='scheduled__2025-04-05T00:00:00+00:00'
[2025-04-06T06:36:26.931+0000] {logging_mixin.py:190} INFO - Task instance is in running state
[2025-04-06T06:36:26.939+0000] {logging_mixin.py:190} INFO -  Previous state of the Task instance: queued
[2025-04-06T06:36:26.940+0000] {logging_mixin.py:190} INFO - Current task name:print_hello_task state:running start_date:2025-04-06 06:36:25.709648+00:00
[2025-04-06T06:36:26.957+0000] {logging_mixin.py:190} INFO - Dag name:print_hello2 and current dag run status:running
[2025-04-06T06:36:26.964+0000] {taskinstance.py:732} INFO - ::endgroup::
[2025-04-06T06:36:26.970+0000] {logging_mixin.py:190} INFO - hello
[2025-04-06T06:36:26.972+0000] {python.py:240} INFO - Done. Returned value was: None
[2025-04-06T06:36:27.017+0000] {taskinstance.py:341} INFO - ::group::Post task execution logs
[2025-04-06T06:36:27.020+0000] {taskinstance.py:353} INFO - Marking task as SUCCESS. dag_id=print_hello2, task_id=print_hello_task, run_id=scheduled__2025-04-05T00:00:00+00:00, execution_date=20250405T000000, start_date=20250406T063625, end_date=20250406T063627
[2025-04-06T06:36:27.156+0000] {logging_mixin.py:190} INFO - Task instance in success state
[2025-04-06T06:36:27.163+0000] {logging_mixin.py:190} INFO -  Previous state of the Task instance: running
[2025-04-06T06:36:27.167+0000] {logging_mixin.py:190} INFO - Dag name:print_hello2 queued_at:2025-04-06 06:36:22.025522+00:00
[2025-04-06T06:36:27.187+0000] {logging_mixin.py:190} INFO - Task hostname:5991717e768c operator:PythonOperator
[2025-04-06T06:36:27.273+0000] {local_task_job_runner.py:266} INFO - Task exited with return code 0
[2025-04-06T06:36:27.903+0000] {taskinstance.py:3901} INFO - 0 downstream tasks scheduled from follow-on schedule check
[2025-04-06T06:36:27.924+0000] {local_task_job_runner.py:245} INFO - ::endgroup::
