[2025-04-06T06:33:59.742+0000] {local_task_job_runner.py:123} INFO - ::group::Pre task execution logs
[2025-04-06T06:33:59.813+0000] {taskinstance.py:2614} INFO - Dependencies all met for dep_context=non-requeueable deps ti=<TaskInstance: print_hello2.print_hello_task scheduled__2025-04-05T01:05:00+00:00 [queued]>
[2025-04-06T06:33:59.844+0000] {taskinstance.py:2614} INFO - Dependencies all met for dep_context=requeueable deps ti=<TaskInstance: print_hello2.print_hello_task scheduled__2025-04-05T01:05:00+00:00 [queued]>
[2025-04-06T06:33:59.856+0000] {taskinstance.py:2867} INFO - Starting attempt 1 of 2
[2025-04-06T06:33:59.923+0000] {taskinstance.py:2890} INFO - Executing <Task(PythonOperator): print_hello_task> on 2025-04-05 01:05:00+00:00
[2025-04-06T06:33:59.947+0000] {warnings.py:112} WARNING - /home/***/.local/lib/python3.12/site-packages/***/task/task_runner/standard_task_runner.py:70: DeprecationWarning: This process (pid=1636) is multi-threaded, use of fork() may lead to deadlocks in the child.
  pid = os.fork()

[2025-04-06T06:33:59.957+0000] {standard_task_runner.py:104} INFO - Running: ['***', 'tasks', 'run', 'print_hello2', 'print_hello_task', 'scheduled__2025-04-05T01:05:00+00:00', '--job-id', '303', '--raw', '--subdir', 'DAGS_FOLDER/print_hello.py', '--cfg-path', '/tmp/tmpeee8xbvd']
[2025-04-06T06:33:59.959+0000] {standard_task_runner.py:72} INFO - Started process 1688 to run task
[2025-04-06T06:33:59.960+0000] {standard_task_runner.py:105} INFO - Job 303: Subtask print_hello_task
[2025-04-06T06:34:00.937+0000] {task_command.py:467} INFO - Running <TaskInstance: print_hello2.print_hello_task scheduled__2025-04-05T01:05:00+00:00 [running]> on host 5991717e768c
[2025-04-06T06:34:01.227+0000] {taskinstance.py:3134} INFO - Exporting env vars: AIRFLOW_CTX_DAG_OWNER='Esayed' AIRFLOW_CTX_DAG_ID='print_hello2' AIRFLOW_CTX_TASK_ID='print_hello_task' AIRFLOW_CTX_EXECUTION_DATE='2025-04-05T01:05:00+00:00' AIRFLOW_CTX_TRY_NUMBER='1' AIRFLOW_CTX_DAG_RUN_ID='scheduled__2025-04-05T01:05:00+00:00'
[2025-04-06T06:34:01.231+0000] {logging_mixin.py:190} INFO - Task instance is in running state
[2025-04-06T06:34:01.232+0000] {logging_mixin.py:190} INFO -  Previous state of the Task instance: queued
[2025-04-06T06:34:01.234+0000] {logging_mixin.py:190} INFO - Current task name:print_hello_task state:running start_date:2025-04-06 06:33:59.816042+00:00
[2025-04-06T06:34:01.235+0000] {logging_mixin.py:190} INFO - Dag name:print_hello2 and current dag run status:running
[2025-04-06T06:34:01.240+0000] {taskinstance.py:732} INFO - ::endgroup::
[2025-04-06T06:34:01.247+0000] {logging_mixin.py:190} INFO - hello
[2025-04-06T06:34:01.249+0000] {python.py:240} INFO - Done. Returned value was: None
[2025-04-06T06:34:01.276+0000] {taskinstance.py:341} INFO - ::group::Post task execution logs
[2025-04-06T06:34:01.278+0000] {taskinstance.py:353} INFO - Marking task as SUCCESS. dag_id=print_hello2, task_id=print_hello_task, run_id=scheduled__2025-04-05T01:05:00+00:00, execution_date=20250405T010500, start_date=20250406T063359, end_date=20250406T063401
[2025-04-06T06:34:01.360+0000] {logging_mixin.py:190} INFO - Task instance in success state
[2025-04-06T06:34:01.368+0000] {logging_mixin.py:190} INFO -  Previous state of the Task instance: running
[2025-04-06T06:34:01.376+0000] {logging_mixin.py:190} INFO - Dag name:print_hello2 queued_at:2025-04-06 06:32:44.097612+00:00
[2025-04-06T06:34:01.378+0000] {logging_mixin.py:190} INFO - Task hostname:5991717e768c operator:PythonOperator
[2025-04-06T06:34:01.460+0000] {local_task_job_runner.py:266} INFO - Task exited with return code 0
[2025-04-06T06:34:02.047+0000] {taskinstance.py:3901} INFO - 1 downstream tasks scheduled from follow-on schedule check
[2025-04-06T06:34:02.059+0000] {local_task_job_runner.py:245} INFO - ::endgroup::
[2025-04-06T06:34:55.440+0000] {local_task_job_runner.py:123} INFO - ::group::Pre task execution logs
[2025-04-06T06:34:55.478+0000] {taskinstance.py:2614} INFO - Dependencies all met for dep_context=non-requeueable deps ti=<TaskInstance: print_hello2.print_hello_task scheduled__2025-04-05T01:05:00+00:00 [queued]>
[2025-04-06T06:34:55.497+0000] {taskinstance.py:2614} INFO - Dependencies all met for dep_context=requeueable deps ti=<TaskInstance: print_hello2.print_hello_task scheduled__2025-04-05T01:05:00+00:00 [queued]>
[2025-04-06T06:34:55.499+0000] {taskinstance.py:2867} INFO - Starting attempt 1 of 2
[2025-04-06T06:34:55.564+0000] {taskinstance.py:2890} INFO - Executing <Task(PythonOperator): print_hello_task> on 2025-04-05 01:05:00+00:00
[2025-04-06T06:34:55.581+0000] {warnings.py:112} WARNING - /home/***/.local/lib/python3.12/site-packages/***/task/task_runner/standard_task_runner.py:70: DeprecationWarning: This process (pid=1754) is multi-threaded, use of fork() may lead to deadlocks in the child.
  pid = os.fork()

[2025-04-06T06:34:55.588+0000] {standard_task_runner.py:72} INFO - Started process 1796 to run task
[2025-04-06T06:34:55.584+0000] {standard_task_runner.py:104} INFO - Running: ['***', 'tasks', 'run', 'print_hello2', 'print_hello_task', 'scheduled__2025-04-05T01:05:00+00:00', '--job-id', '328', '--raw', '--subdir', 'DAGS_FOLDER/print_hello.py', '--cfg-path', '/tmp/tmp0dhqs1b4']
[2025-04-06T06:34:55.599+0000] {standard_task_runner.py:105} INFO - Job 328: Subtask print_hello_task
[2025-04-06T06:34:56.189+0000] {task_command.py:467} INFO - Running <TaskInstance: print_hello2.print_hello_task scheduled__2025-04-05T01:05:00+00:00 [running]> on host 5991717e768c
[2025-04-06T06:34:57.296+0000] {taskinstance.py:3134} INFO - Exporting env vars: AIRFLOW_CTX_DAG_OWNER='Esayed' AIRFLOW_CTX_DAG_ID='print_hello2' AIRFLOW_CTX_TASK_ID='print_hello_task' AIRFLOW_CTX_EXECUTION_DATE='2025-04-05T01:05:00+00:00' AIRFLOW_CTX_TRY_NUMBER='1' AIRFLOW_CTX_DAG_RUN_ID='scheduled__2025-04-05T01:05:00+00:00'
[2025-04-06T06:34:57.300+0000] {logging_mixin.py:190} INFO - Task instance is in running state
[2025-04-06T06:34:57.304+0000] {logging_mixin.py:190} INFO -  Previous state of the Task instance: queued
[2025-04-06T06:34:57.306+0000] {logging_mixin.py:190} INFO - Current task name:print_hello_task state:running start_date:2025-04-06 06:34:55.479820+00:00
[2025-04-06T06:34:57.307+0000] {logging_mixin.py:190} INFO - Dag name:print_hello2 and current dag run status:running
[2025-04-06T06:34:57.310+0000] {taskinstance.py:732} INFO - ::endgroup::
[2025-04-06T06:34:57.313+0000] {logging_mixin.py:190} INFO - hello
[2025-04-06T06:34:57.318+0000] {python.py:240} INFO - Done. Returned value was: None
[2025-04-06T06:34:57.364+0000] {taskinstance.py:341} INFO - ::group::Post task execution logs
[2025-04-06T06:34:57.367+0000] {taskinstance.py:353} INFO - Marking task as SUCCESS. dag_id=print_hello2, task_id=print_hello_task, run_id=scheduled__2025-04-05T01:05:00+00:00, execution_date=20250405T010500, start_date=20250406T063455, end_date=20250406T063457
[2025-04-06T06:34:57.461+0000] {logging_mixin.py:190} INFO - Task instance in success state
[2025-04-06T06:34:57.467+0000] {logging_mixin.py:190} INFO -  Previous state of the Task instance: running
[2025-04-06T06:34:57.468+0000] {logging_mixin.py:190} INFO - Dag name:print_hello2 queued_at:2025-04-06 06:34:50.107183+00:00
[2025-04-06T06:34:57.470+0000] {logging_mixin.py:190} INFO - Task hostname:5991717e768c operator:PythonOperator
[2025-04-06T06:34:57.542+0000] {local_task_job_runner.py:266} INFO - Task exited with return code 0
[2025-04-06T06:34:58.025+0000] {taskinstance.py:3901} INFO - 1 downstream tasks scheduled from follow-on schedule check
[2025-04-06T06:34:58.047+0000] {local_task_job_runner.py:245} INFO - ::endgroup::
[2025-04-06T06:36:31.362+0000] {local_task_job_runner.py:123} INFO - ::group::Pre task execution logs
[2025-04-06T06:36:31.416+0000] {taskinstance.py:2614} INFO - Dependencies all met for dep_context=non-requeueable deps ti=<TaskInstance: print_hello2.print_hello_task scheduled__2025-04-05T01:05:00+00:00 [queued]>
[2025-04-06T06:36:31.441+0000] {taskinstance.py:2614} INFO - Dependencies all met for dep_context=requeueable deps ti=<TaskInstance: print_hello2.print_hello_task scheduled__2025-04-05T01:05:00+00:00 [queued]>
[2025-04-06T06:36:31.445+0000] {taskinstance.py:2867} INFO - Starting attempt 1 of 2
[2025-04-06T06:36:31.532+0000] {taskinstance.py:2890} INFO - Executing <Task(PythonOperator): print_hello_task> on 2025-04-05 01:05:00+00:00
[2025-04-06T06:36:31.553+0000] {warnings.py:112} WARNING - /home/***/.local/lib/python3.12/site-packages/***/task/task_runner/standard_task_runner.py:70: DeprecationWarning: This process (pid=2047) is multi-threaded, use of fork() may lead to deadlocks in the child.
  pid = os.fork()

[2025-04-06T06:36:31.556+0000] {standard_task_runner.py:72} INFO - Started process 2091 to run task
[2025-04-06T06:36:31.561+0000] {standard_task_runner.py:104} INFO - Running: ['***', 'tasks', 'run', 'print_hello2', 'print_hello_task', 'scheduled__2025-04-05T01:05:00+00:00', '--job-id', '398', '--raw', '--subdir', 'DAGS_FOLDER/print_hello.py', '--cfg-path', '/tmp/tmp8tc03us3']
[2025-04-06T06:36:31.563+0000] {standard_task_runner.py:105} INFO - Job 398: Subtask print_hello_task
[2025-04-06T06:36:32.364+0000] {task_command.py:467} INFO - Running <TaskInstance: print_hello2.print_hello_task scheduled__2025-04-05T01:05:00+00:00 [running]> on host 5991717e768c
[2025-04-06T06:36:32.749+0000] {taskinstance.py:3134} INFO - Exporting env vars: AIRFLOW_CTX_DAG_OWNER='Esayed' AIRFLOW_CTX_DAG_ID='print_hello2' AIRFLOW_CTX_TASK_ID='print_hello_task' AIRFLOW_CTX_EXECUTION_DATE='2025-04-05T01:05:00+00:00' AIRFLOW_CTX_TRY_NUMBER='1' AIRFLOW_CTX_DAG_RUN_ID='scheduled__2025-04-05T01:05:00+00:00'
[2025-04-06T06:36:32.755+0000] {logging_mixin.py:190} INFO - Task instance is in running state
[2025-04-06T06:36:32.756+0000] {logging_mixin.py:190} INFO -  Previous state of the Task instance: queued
[2025-04-06T06:36:32.760+0000] {logging_mixin.py:190} INFO - Current task name:print_hello_task state:running start_date:2025-04-06 06:36:31.418675+00:00
[2025-04-06T06:36:32.761+0000] {logging_mixin.py:190} INFO - Dag name:print_hello2 and current dag run status:running
[2025-04-06T06:36:32.763+0000] {taskinstance.py:732} INFO - ::endgroup::
[2025-04-06T06:36:32.767+0000] {logging_mixin.py:190} INFO - hello
[2025-04-06T06:36:32.773+0000] {python.py:240} INFO - Done. Returned value was: None
[2025-04-06T06:36:32.808+0000] {taskinstance.py:341} INFO - ::group::Post task execution logs
[2025-04-06T06:36:32.809+0000] {taskinstance.py:353} INFO - Marking task as SUCCESS. dag_id=print_hello2, task_id=print_hello_task, run_id=scheduled__2025-04-05T01:05:00+00:00, execution_date=20250405T010500, start_date=20250406T063631, end_date=20250406T063632
[2025-04-06T06:36:32.964+0000] {logging_mixin.py:190} INFO - Task instance in success state
[2025-04-06T06:36:32.971+0000] {logging_mixin.py:190} INFO -  Previous state of the Task instance: running
[2025-04-06T06:36:32.977+0000] {logging_mixin.py:190} INFO - Dag name:print_hello2 queued_at:2025-04-06 06:36:25.369754+00:00
[2025-04-06T06:36:32.980+0000] {logging_mixin.py:190} INFO - Task hostname:5991717e768c operator:PythonOperator
[2025-04-06T06:36:33.088+0000] {local_task_job_runner.py:266} INFO - Task exited with return code 0
[2025-04-06T06:36:33.640+0000] {taskinstance.py:3901} INFO - 1 downstream tasks scheduled from follow-on schedule check
[2025-04-06T06:36:33.650+0000] {local_task_job_runner.py:245} INFO - ::endgroup::
