[2025-04-06T06:03:20.824+0000] {local_task_job_runner.py:123} INFO - ::group::Pre task execution logs
[2025-04-06T06:03:20.896+0000] {taskinstance.py:2614} INFO - Dependencies all met for dep_context=non-requeueable deps ti=<TaskInstance: print_hello.print_hello_task scheduled__2025-04-05T00:47:00+00:00 [queued]>
[2025-04-06T06:03:20.938+0000] {taskinstance.py:2614} INFO - Dependencies all met for dep_context=requeueable deps ti=<TaskInstance: print_hello.print_hello_task scheduled__2025-04-05T00:47:00+00:00 [queued]>
[2025-04-06T06:03:20.939+0000] {taskinstance.py:2867} INFO - Starting attempt 1 of 2
[2025-04-06T06:03:21.413+0000] {taskinstance.py:2890} INFO - Executing <Task(PythonOperator): print_hello_task> on 2025-04-05 00:47:00+00:00
[2025-04-06T06:03:21.442+0000] {warnings.py:112} WARNING - /home/***/.local/lib/python3.12/site-packages/***/task/task_runner/standard_task_runner.py:70: DeprecationWarning: This process (pid=416) is multi-threaded, use of fork() may lead to deadlocks in the child.
  pid = os.fork()

[2025-04-06T06:03:21.446+0000] {standard_task_runner.py:104} INFO - Running: ['***', 'tasks', 'run', 'print_hello', 'print_hello_task', 'scheduled__2025-04-05T00:47:00+00:00', '--job-id', '94', '--raw', '--subdir', 'DAGS_FOLDER/print_hello.py', '--cfg-path', '/tmp/tmpi705asys']
[2025-04-06T06:03:21.449+0000] {standard_task_runner.py:105} INFO - Job 94: Subtask print_hello_task
[2025-04-06T06:03:21.448+0000] {standard_task_runner.py:72} INFO - Started process 468 to run task
[2025-04-06T06:03:21.627+0000] {task_command.py:467} INFO - Running <TaskInstance: print_hello.print_hello_task scheduled__2025-04-05T00:47:00+00:00 [running]> on host 5991717e768c
[2025-04-06T06:03:21.955+0000] {taskinstance.py:3134} INFO - Exporting env vars: AIRFLOW_CTX_DAG_OWNER='Esayed' AIRFLOW_CTX_DAG_ID='print_hello' AIRFLOW_CTX_TASK_ID='print_hello_task' AIRFLOW_CTX_EXECUTION_DATE='2025-04-05T00:47:00+00:00' AIRFLOW_CTX_TRY_NUMBER='1' AIRFLOW_CTX_DAG_RUN_ID='scheduled__2025-04-05T00:47:00+00:00'
[2025-04-06T06:03:21.962+0000] {logging_mixin.py:190} INFO - Task instance is in running state
[2025-04-06T06:03:21.964+0000] {logging_mixin.py:190} INFO -  Previous state of the Task instance: queued
[2025-04-06T06:03:21.967+0000] {logging_mixin.py:190} INFO - Current task name:print_hello_task state:running start_date:2025-04-06 06:03:20.898169+00:00
[2025-04-06T06:03:21.969+0000] {logging_mixin.py:190} INFO - Dag name:print_hello and current dag run status:running
[2025-04-06T06:03:21.973+0000] {taskinstance.py:732} INFO - ::endgroup::
[2025-04-06T06:03:21.976+0000] {logging_mixin.py:190} INFO - hello
[2025-04-06T06:03:21.982+0000] {python.py:240} INFO - Done. Returned value was: None
[2025-04-06T06:03:22.016+0000] {taskinstance.py:341} INFO - ::group::Post task execution logs
[2025-04-06T06:03:22.018+0000] {taskinstance.py:353} INFO - Marking task as SUCCESS. dag_id=print_hello, task_id=print_hello_task, run_id=scheduled__2025-04-05T00:47:00+00:00, execution_date=20250405T004700, start_date=20250406T060320, end_date=20250406T060322
[2025-04-06T06:03:22.088+0000] {logging_mixin.py:190} INFO - Task instance in success state
[2025-04-06T06:03:22.089+0000] {logging_mixin.py:190} INFO -  Previous state of the Task instance: running
[2025-04-06T06:03:22.090+0000] {logging_mixin.py:190} INFO - Dag name:print_hello queued_at:2025-04-06 06:03:16.070511+00:00
[2025-04-06T06:03:22.091+0000] {logging_mixin.py:190} INFO - Task hostname:5991717e768c operator:PythonOperator
[2025-04-06T06:03:22.145+0000] {local_task_job_runner.py:266} INFO - Task exited with return code 0
[2025-04-06T06:03:22.200+0000] {local_task_job_runner.py:245} INFO - ::endgroup::
[2025-04-06T06:15:35.498+0000] {local_task_job_runner.py:123} INFO - ::group::Pre task execution logs
[2025-04-06T06:15:35.581+0000] {taskinstance.py:2614} INFO - Dependencies all met for dep_context=non-requeueable deps ti=<TaskInstance: print_hello.print_hello_task scheduled__2025-04-05T00:47:00+00:00 [queued]>
[2025-04-06T06:15:35.619+0000] {taskinstance.py:2614} INFO - Dependencies all met for dep_context=requeueable deps ti=<TaskInstance: print_hello.print_hello_task scheduled__2025-04-05T00:47:00+00:00 [queued]>
[2025-04-06T06:15:35.621+0000] {taskinstance.py:2867} INFO - Starting attempt 1 of 2
[2025-04-06T06:15:36.191+0000] {taskinstance.py:2890} INFO - Executing <Task(PythonOperator): print_hello_task> on 2025-04-05 00:47:00+00:00
[2025-04-06T06:15:36.220+0000] {warnings.py:112} WARNING - /home/***/.local/lib/python3.12/site-packages/***/task/task_runner/standard_task_runner.py:70: DeprecationWarning: This process (pid=1166) is multi-threaded, use of fork() may lead to deadlocks in the child.
  pid = os.fork()

[2025-04-06T06:15:36.225+0000] {standard_task_runner.py:72} INFO - Started process 1218 to run task
[2025-04-06T06:15:36.227+0000] {standard_task_runner.py:104} INFO - Running: ['***', 'tasks', 'run', 'print_hello', 'print_hello_task', 'scheduled__2025-04-05T00:47:00+00:00', '--job-id', '243', '--raw', '--subdir', 'DAGS_FOLDER/print_hello.py', '--cfg-path', '/tmp/tmp98yxoumh']
[2025-04-06T06:15:36.230+0000] {standard_task_runner.py:105} INFO - Job 243: Subtask print_hello_task
[2025-04-06T06:15:36.386+0000] {task_command.py:467} INFO - Running <TaskInstance: print_hello.print_hello_task scheduled__2025-04-05T00:47:00+00:00 [running]> on host 5991717e768c
[2025-04-06T06:15:36.684+0000] {taskinstance.py:3134} INFO - Exporting env vars: AIRFLOW_CTX_DAG_OWNER='Esayed' AIRFLOW_CTX_DAG_ID='print_hello' AIRFLOW_CTX_TASK_ID='print_hello_task' AIRFLOW_CTX_EXECUTION_DATE='2025-04-05T00:47:00+00:00' AIRFLOW_CTX_TRY_NUMBER='1' AIRFLOW_CTX_DAG_RUN_ID='scheduled__2025-04-05T00:47:00+00:00'
[2025-04-06T06:15:36.686+0000] {logging_mixin.py:190} INFO - Task instance is in running state
[2025-04-06T06:15:36.687+0000] {logging_mixin.py:190} INFO -  Previous state of the Task instance: queued
[2025-04-06T06:15:36.690+0000] {logging_mixin.py:190} INFO - Current task name:print_hello_task state:running start_date:2025-04-06 06:15:35.582945+00:00
[2025-04-06T06:15:36.690+0000] {logging_mixin.py:190} INFO - Dag name:print_hello and current dag run status:running
[2025-04-06T06:15:36.692+0000] {taskinstance.py:732} INFO - ::endgroup::
[2025-04-06T06:15:36.693+0000] {logging_mixin.py:190} INFO - hello
[2025-04-06T06:15:36.695+0000] {python.py:240} INFO - Done. Returned value was: None
[2025-04-06T06:15:36.732+0000] {taskinstance.py:341} INFO - ::group::Post task execution logs
[2025-04-06T06:15:36.735+0000] {taskinstance.py:353} INFO - Marking task as SUCCESS. dag_id=print_hello, task_id=print_hello_task, run_id=scheduled__2025-04-05T00:47:00+00:00, execution_date=20250405T004700, start_date=20250406T061535, end_date=20250406T061536
[2025-04-06T06:15:36.811+0000] {logging_mixin.py:190} INFO - Task instance in success state
[2025-04-06T06:15:36.814+0000] {logging_mixin.py:190} INFO -  Previous state of the Task instance: running
[2025-04-06T06:15:36.816+0000] {logging_mixin.py:190} INFO - Dag name:print_hello queued_at:2025-04-06 06:15:30.057388+00:00
[2025-04-06T06:15:36.817+0000] {logging_mixin.py:190} INFO - Task hostname:5991717e768c operator:PythonOperator
[2025-04-06T06:15:36.873+0000] {local_task_job_runner.py:266} INFO - Task exited with return code 0
[2025-04-06T06:15:36.934+0000] {taskinstance.py:3901} INFO - 1 downstream tasks scheduled from follow-on schedule check
[2025-04-06T06:15:36.941+0000] {local_task_job_runner.py:245} INFO - ::endgroup::
