[2025-04-06T06:03:04.966+0000] {local_task_job_runner.py:123} INFO - ::group::Pre task execution logs
[2025-04-06T06:03:05.008+0000] {taskinstance.py:2614} INFO - Dependencies all met for dep_context=non-requeueable deps ti=<TaskInstance: print_hello.save_to_csv_task scheduled__2025-04-05T00:19:00+00:00 [queued]>
[2025-04-06T06:03:05.039+0000] {taskinstance.py:2614} INFO - Dependencies all met for dep_context=requeueable deps ti=<TaskInstance: print_hello.save_to_csv_task scheduled__2025-04-05T00:19:00+00:00 [queued]>
[2025-04-06T06:03:05.042+0000] {taskinstance.py:2867} INFO - Starting attempt 1 of 2
[2025-04-06T06:03:05.467+0000] {taskinstance.py:2890} INFO - Executing <Task(PythonOperator): save_to_csv_task> on 2025-04-05 00:19:00+00:00
[2025-04-06T06:03:05.497+0000] {standard_task_runner.py:104} INFO - Running: ['***', 'tasks', 'run', 'print_hello', 'save_to_csv_task', 'scheduled__2025-04-05T00:19:00+00:00', '--job-id', '67', '--raw', '--subdir', 'DAGS_FOLDER/print_hello.py', '--cfg-path', '/tmp/tmp_ndsc8r1']
[2025-04-06T06:03:05.497+0000] {warnings.py:112} WARNING - /home/***/.local/lib/python3.12/site-packages/***/task/task_runner/standard_task_runner.py:70: DeprecationWarning: This process (pid=311) is multi-threaded, use of fork() may lead to deadlocks in the child.
  pid = os.fork()

[2025-04-06T06:03:05.500+0000] {standard_task_runner.py:105} INFO - Job 67: Subtask save_to_csv_task
[2025-04-06T06:03:05.501+0000] {standard_task_runner.py:72} INFO - Started process 350 to run task
[2025-04-06T06:03:05.617+0000] {task_command.py:467} INFO - Running <TaskInstance: print_hello.save_to_csv_task scheduled__2025-04-05T00:19:00+00:00 [running]> on host 5991717e768c
[2025-04-06T06:03:05.846+0000] {taskinstance.py:3134} INFO - Exporting env vars: AIRFLOW_CTX_DAG_OWNER='Esayed' AIRFLOW_CTX_DAG_ID='print_hello' AIRFLOW_CTX_TASK_ID='save_to_csv_task' AIRFLOW_CTX_EXECUTION_DATE='2025-04-05T00:19:00+00:00' AIRFLOW_CTX_TRY_NUMBER='1' AIRFLOW_CTX_DAG_RUN_ID='scheduled__2025-04-05T00:19:00+00:00'
[2025-04-06T06:03:05.848+0000] {logging_mixin.py:190} INFO - Task instance is in running state
[2025-04-06T06:03:05.851+0000] {logging_mixin.py:190} INFO -  Previous state of the Task instance: queued
[2025-04-06T06:03:05.853+0000] {logging_mixin.py:190} INFO - Current task name:save_to_csv_task state:running start_date:2025-04-06 06:03:05.010072+00:00
[2025-04-06T06:03:05.854+0000] {logging_mixin.py:190} INFO - Dag name:print_hello and current dag run status:running
[2025-04-06T06:03:05.855+0000] {taskinstance.py:732} INFO - ::endgroup::
[2025-04-06T06:03:05.868+0000] {python.py:240} INFO - Done. Returned value was: None
[2025-04-06T06:03:05.889+0000] {taskinstance.py:341} INFO - ::group::Post task execution logs
[2025-04-06T06:03:05.891+0000] {taskinstance.py:353} INFO - Marking task as SUCCESS. dag_id=print_hello, task_id=save_to_csv_task, run_id=scheduled__2025-04-05T00:19:00+00:00, execution_date=20250405T001900, start_date=20250406T060305, end_date=20250406T060305
[2025-04-06T06:03:05.960+0000] {logging_mixin.py:190} INFO - Task instance in success state
[2025-04-06T06:03:05.961+0000] {logging_mixin.py:190} INFO -  Previous state of the Task instance: running
[2025-04-06T06:03:05.962+0000] {logging_mixin.py:190} INFO - Dag name:print_hello queued_at:2025-04-06 06:02:55.001411+00:00
[2025-04-06T06:03:05.963+0000] {logging_mixin.py:190} INFO - Task hostname:5991717e768c operator:PythonOperator
[2025-04-06T06:03:06.012+0000] {local_task_job_runner.py:266} INFO - Task exited with return code 0
[2025-04-06T06:03:06.044+0000] {taskinstance.py:3901} INFO - 0 downstream tasks scheduled from follow-on schedule check
[2025-04-06T06:03:06.051+0000] {local_task_job_runner.py:245} INFO - ::endgroup::
[2025-04-06T06:15:21.322+0000] {local_task_job_runner.py:123} INFO - ::group::Pre task execution logs
[2025-04-06T06:15:21.376+0000] {taskinstance.py:2614} INFO - Dependencies all met for dep_context=non-requeueable deps ti=<TaskInstance: print_hello.save_to_csv_task scheduled__2025-04-05T00:19:00+00:00 [queued]>
[2025-04-06T06:15:21.409+0000] {taskinstance.py:2614} INFO - Dependencies all met for dep_context=requeueable deps ti=<TaskInstance: print_hello.save_to_csv_task scheduled__2025-04-05T00:19:00+00:00 [queued]>
[2025-04-06T06:15:21.411+0000] {taskinstance.py:2867} INFO - Starting attempt 1 of 2
[2025-04-06T06:15:21.810+0000] {taskinstance.py:2890} INFO - Executing <Task(PythonOperator): save_to_csv_task> on 2025-04-05 00:19:00+00:00
[2025-04-06T06:15:21.831+0000] {warnings.py:112} WARNING - /home/***/.local/lib/python3.12/site-packages/***/task/task_runner/standard_task_runner.py:70: DeprecationWarning: This process (pid=1058) is multi-threaded, use of fork() may lead to deadlocks in the child.
  pid = os.fork()

[2025-04-06T06:15:21.834+0000] {standard_task_runner.py:72} INFO - Started process 1105 to run task
[2025-04-06T06:15:21.836+0000] {standard_task_runner.py:104} INFO - Running: ['***', 'tasks', 'run', 'print_hello', 'save_to_csv_task', 'scheduled__2025-04-05T00:19:00+00:00', '--job-id', '217', '--raw', '--subdir', 'DAGS_FOLDER/print_hello.py', '--cfg-path', '/tmp/tmpqi4_fkvy']
[2025-04-06T06:15:21.841+0000] {standard_task_runner.py:105} INFO - Job 217: Subtask save_to_csv_task
[2025-04-06T06:15:21.938+0000] {task_command.py:467} INFO - Running <TaskInstance: print_hello.save_to_csv_task scheduled__2025-04-05T00:19:00+00:00 [running]> on host 5991717e768c
[2025-04-06T06:15:22.117+0000] {taskinstance.py:3134} INFO - Exporting env vars: AIRFLOW_CTX_DAG_OWNER='Esayed' AIRFLOW_CTX_DAG_ID='print_hello' AIRFLOW_CTX_TASK_ID='save_to_csv_task' AIRFLOW_CTX_EXECUTION_DATE='2025-04-05T00:19:00+00:00' AIRFLOW_CTX_TRY_NUMBER='1' AIRFLOW_CTX_DAG_RUN_ID='scheduled__2025-04-05T00:19:00+00:00'
[2025-04-06T06:15:22.121+0000] {logging_mixin.py:190} INFO - Task instance is in running state
[2025-04-06T06:15:22.122+0000] {logging_mixin.py:190} INFO -  Previous state of the Task instance: queued
[2025-04-06T06:15:22.123+0000] {logging_mixin.py:190} INFO - Current task name:save_to_csv_task state:running start_date:2025-04-06 06:15:21.378755+00:00
[2025-04-06T06:15:22.126+0000] {logging_mixin.py:190} INFO - Dag name:print_hello and current dag run status:running
[2025-04-06T06:15:22.128+0000] {taskinstance.py:732} INFO - ::endgroup::
[2025-04-06T06:15:22.156+0000] {python.py:240} INFO - Done. Returned value was: None
[2025-04-06T06:15:22.175+0000] {taskinstance.py:341} INFO - ::group::Post task execution logs
[2025-04-06T06:15:22.176+0000] {taskinstance.py:353} INFO - Marking task as SUCCESS. dag_id=print_hello, task_id=save_to_csv_task, run_id=scheduled__2025-04-05T00:19:00+00:00, execution_date=20250405T001900, start_date=20250406T061521, end_date=20250406T061522
[2025-04-06T06:15:22.258+0000] {logging_mixin.py:190} INFO - Task instance in success state
[2025-04-06T06:15:22.267+0000] {logging_mixin.py:190} INFO -  Previous state of the Task instance: running
[2025-04-06T06:15:22.269+0000] {logging_mixin.py:190} INFO - Dag name:print_hello queued_at:2025-04-06 06:15:11.056886+00:00
[2025-04-06T06:15:22.270+0000] {logging_mixin.py:190} INFO - Task hostname:5991717e768c operator:PythonOperator
[2025-04-06T06:15:22.310+0000] {local_task_job_runner.py:266} INFO - Task exited with return code 0
[2025-04-06T06:15:22.343+0000] {local_task_job_runner.py:245} INFO - ::endgroup::
