[2025-04-07T06:26:56.801+0000] {local_task_job_runner.py:123} INFO - ::group::Pre task execution logs
[2025-04-07T06:26:56.832+0000] {taskinstance.py:2614} INFO - Dependencies all met for dep_context=non-requeueable deps ti=<TaskInstance: monitor_the_api_history_per_day.read_api_from_more_than_month scheduled__2025-04-06T00:00:00+00:00 [queued]>
[2025-04-07T06:26:56.849+0000] {taskinstance.py:2614} INFO - Dependencies all met for dep_context=requeueable deps ti=<TaskInstance: monitor_the_api_history_per_day.read_api_from_more_than_month scheduled__2025-04-06T00:00:00+00:00 [queued]>
[2025-04-07T06:26:56.850+0000] {taskinstance.py:2867} INFO - Starting attempt 1 of 2
[2025-04-07T06:26:57.044+0000] {taskinstance.py:2890} INFO - Executing <Task(PythonOperator): read_api_from_more_than_month> on 2025-04-06 00:00:00+00:00
[2025-04-07T06:26:57.063+0000] {warnings.py:112} WARNING - /home/***/.local/lib/python3.12/site-packages/***/task/task_runner/standard_task_runner.py:70: DeprecationWarning: This process (pid=154) is multi-threaded, use of fork() may lead to deadlocks in the child.
  pid = os.fork()

[2025-04-07T06:26:57.066+0000] {standard_task_runner.py:72} INFO - Started process 166 to run task
[2025-04-07T06:26:57.066+0000] {standard_task_runner.py:104} INFO - Running: ['***', 'tasks', 'run', 'monitor_the_api_history_per_day', 'read_api_from_more_than_month', 'scheduled__2025-04-06T00:00:00+00:00', '--job-id', '463', '--raw', '--subdir', 'DAGS_FOLDER/monitor_the_api_history_per_day.py', '--cfg-path', '/tmp/tmpp_n6xyj9']
[2025-04-07T06:26:57.069+0000] {standard_task_runner.py:105} INFO - Job 463: Subtask read_api_from_more_than_month
[2025-04-07T06:26:57.150+0000] {task_command.py:467} INFO - Running <TaskInstance: monitor_the_api_history_per_day.read_api_from_more_than_month scheduled__2025-04-06T00:00:00+00:00 [running]> on host c10f653d5b77
[2025-04-07T06:26:57.276+0000] {taskinstance.py:3134} INFO - Exporting env vars: AIRFLOW_CTX_DAG_OWNER='Esayed' AIRFLOW_CTX_DAG_ID='monitor_the_api_history_per_day' AIRFLOW_CTX_TASK_ID='read_api_from_more_than_month' AIRFLOW_CTX_EXECUTION_DATE='2025-04-06T00:00:00+00:00' AIRFLOW_CTX_TRY_NUMBER='1' AIRFLOW_CTX_DAG_RUN_ID='scheduled__2025-04-06T00:00:00+00:00'
[2025-04-07T06:26:57.278+0000] {logging_mixin.py:190} INFO - Task instance is in running state
[2025-04-07T06:26:57.279+0000] {logging_mixin.py:190} INFO -  Previous state of the Task instance: queued
[2025-04-07T06:26:57.279+0000] {logging_mixin.py:190} INFO - Current task name:read_api_from_more_than_month state:running start_date:2025-04-07 06:26:56.833712+00:00
[2025-04-07T06:26:57.280+0000] {logging_mixin.py:190} INFO - Dag name:monitor_the_api_history_per_day and current dag run status:running
[2025-04-07T06:26:57.281+0000] {taskinstance.py:732} INFO - ::endgroup::
[2025-04-07T06:26:57.420+0000] {logging_mixin.py:190} INFO - read_api_from_more_than_month are readed
[2025-04-07T06:26:57.446+0000] {python.py:240} INFO - Done. Returned value was: None
[2025-04-07T06:26:57.459+0000] {taskinstance.py:341} INFO - ::group::Post task execution logs
[2025-04-07T06:26:57.460+0000] {taskinstance.py:353} INFO - Marking task as SUCCESS. dag_id=monitor_the_api_history_per_day, task_id=read_api_from_more_than_month, run_id=scheduled__2025-04-06T00:00:00+00:00, execution_date=20250406T000000, start_date=20250407T062656, end_date=20250407T062657
[2025-04-07T06:26:57.494+0000] {logging_mixin.py:190} INFO - Task instance in success state
[2025-04-07T06:26:57.495+0000] {logging_mixin.py:190} INFO -  Previous state of the Task instance: running
[2025-04-07T06:26:57.496+0000] {logging_mixin.py:190} INFO - Dag name:monitor_the_api_history_per_day queued_at:2025-04-07 06:26:48.179155+00:00
[2025-04-07T06:26:57.497+0000] {logging_mixin.py:190} INFO - Task hostname:c10f653d5b77 operator:PythonOperator
[2025-04-07T06:26:57.524+0000] {local_task_job_runner.py:266} INFO - Task exited with return code 0
[2025-04-07T06:26:57.537+0000] {local_task_job_runner.py:245} INFO - ::endgroup::
