[2025-04-06T06:03:23.156+0000] {local_task_job_runner.py:123} INFO - ::group::Pre task execution logs
[2025-04-06T06:03:23.206+0000] {taskinstance.py:2614} INFO - Dependencies all met for dep_context=non-requeueable deps ti=<TaskInstance: print_hello.save_to_csv_task scheduled__2025-04-05T00:35:00+00:00 [queued]>
[2025-04-06T06:03:23.238+0000] {taskinstance.py:2614} INFO - Dependencies all met for dep_context=requeueable deps ti=<TaskInstance: print_hello.save_to_csv_task scheduled__2025-04-05T00:35:00+00:00 [queued]>
[2025-04-06T06:03:23.239+0000] {taskinstance.py:2867} INFO - Starting attempt 1 of 2
[2025-04-06T06:03:23.688+0000] {taskinstance.py:2890} INFO - Executing <Task(PythonOperator): save_to_csv_task> on 2025-04-05 00:35:00+00:00
[2025-04-06T06:03:23.707+0000] {warnings.py:112} WARNING - /home/***/.local/lib/python3.12/site-packages/***/task/task_runner/standard_task_runner.py:70: DeprecationWarning: This process (pid=434) is multi-threaded, use of fork() may lead to deadlocks in the child.
  pid = os.fork()

[2025-04-06T06:03:23.712+0000] {standard_task_runner.py:72} INFO - Started process 486 to run task
[2025-04-06T06:03:23.717+0000] {standard_task_runner.py:104} INFO - Running: ['***', 'tasks', 'run', 'print_hello', 'save_to_csv_task', 'scheduled__2025-04-05T00:35:00+00:00', '--job-id', '98', '--raw', '--subdir', 'DAGS_FOLDER/print_hello.py', '--cfg-path', '/tmp/tmp3knbowq7']
[2025-04-06T06:03:23.720+0000] {standard_task_runner.py:105} INFO - Job 98: Subtask save_to_csv_task
[2025-04-06T06:03:23.838+0000] {task_command.py:467} INFO - Running <TaskInstance: print_hello.save_to_csv_task scheduled__2025-04-05T00:35:00+00:00 [running]> on host 5991717e768c
[2025-04-06T06:03:24.120+0000] {taskinstance.py:3134} INFO - Exporting env vars: AIRFLOW_CTX_DAG_OWNER='Esayed' AIRFLOW_CTX_DAG_ID='print_hello' AIRFLOW_CTX_TASK_ID='save_to_csv_task' AIRFLOW_CTX_EXECUTION_DATE='2025-04-05T00:35:00+00:00' AIRFLOW_CTX_TRY_NUMBER='1' AIRFLOW_CTX_DAG_RUN_ID='scheduled__2025-04-05T00:35:00+00:00'
[2025-04-06T06:03:24.123+0000] {logging_mixin.py:190} INFO - Task instance is in running state
[2025-04-06T06:03:24.124+0000] {logging_mixin.py:190} INFO -  Previous state of the Task instance: queued
[2025-04-06T06:03:24.125+0000] {logging_mixin.py:190} INFO - Current task name:save_to_csv_task state:running start_date:2025-04-06 06:03:23.207790+00:00
[2025-04-06T06:03:24.126+0000] {logging_mixin.py:190} INFO - Dag name:print_hello and current dag run status:running
[2025-04-06T06:03:24.129+0000] {taskinstance.py:732} INFO - ::endgroup::
[2025-04-06T06:03:24.142+0000] {python.py:240} INFO - Done. Returned value was: None
[2025-04-06T06:03:24.161+0000] {taskinstance.py:341} INFO - ::group::Post task execution logs
[2025-04-06T06:03:24.162+0000] {taskinstance.py:353} INFO - Marking task as SUCCESS. dag_id=print_hello, task_id=save_to_csv_task, run_id=scheduled__2025-04-05T00:35:00+00:00, execution_date=20250405T003500, start_date=20250406T060323, end_date=20250406T060324
[2025-04-06T06:03:24.215+0000] {logging_mixin.py:190} INFO - Task instance in success state
[2025-04-06T06:03:24.217+0000] {logging_mixin.py:190} INFO -  Previous state of the Task instance: running
[2025-04-06T06:03:24.218+0000] {logging_mixin.py:190} INFO - Dag name:print_hello queued_at:2025-04-06 06:03:12.053254+00:00
[2025-04-06T06:03:24.220+0000] {logging_mixin.py:190} INFO - Task hostname:5991717e768c operator:PythonOperator
[2025-04-06T06:03:24.257+0000] {local_task_job_runner.py:266} INFO - Task exited with return code 0
[2025-04-06T06:03:24.296+0000] {taskinstance.py:3901} INFO - 0 downstream tasks scheduled from follow-on schedule check
[2025-04-06T06:03:24.301+0000] {local_task_job_runner.py:245} INFO - ::endgroup::
[2025-04-06T06:15:36.741+0000] {local_task_job_runner.py:123} INFO - ::group::Pre task execution logs
[2025-04-06T06:15:36.787+0000] {taskinstance.py:2614} INFO - Dependencies all met for dep_context=non-requeueable deps ti=<TaskInstance: print_hello.save_to_csv_task scheduled__2025-04-05T00:35:00+00:00 [queued]>
[2025-04-06T06:15:36.813+0000] {taskinstance.py:2614} INFO - Dependencies all met for dep_context=requeueable deps ti=<TaskInstance: print_hello.save_to_csv_task scheduled__2025-04-05T00:35:00+00:00 [queued]>
[2025-04-06T06:15:36.815+0000] {taskinstance.py:2867} INFO - Starting attempt 1 of 2
[2025-04-06T06:15:36.858+0000] {taskinstance.py:2890} INFO - Executing <Task(PythonOperator): save_to_csv_task> on 2025-04-05 00:35:00+00:00
[2025-04-06T06:15:36.893+0000] {warnings.py:112} WARNING - /home/***/.local/lib/python3.12/site-packages/***/task/task_runner/standard_task_runner.py:70: DeprecationWarning: This process (pid=1178) is multi-threaded, use of fork() may lead to deadlocks in the child.
  pid = os.fork()

[2025-04-06T06:15:36.896+0000] {standard_task_runner.py:72} INFO - Started process 1226 to run task
[2025-04-06T06:15:36.901+0000] {standard_task_runner.py:104} INFO - Running: ['***', 'tasks', 'run', 'print_hello', 'save_to_csv_task', 'scheduled__2025-04-05T00:35:00+00:00', '--job-id', '247', '--raw', '--subdir', 'DAGS_FOLDER/print_hello.py', '--cfg-path', '/tmp/tmpyl12ghpx']
[2025-04-06T06:15:36.903+0000] {standard_task_runner.py:105} INFO - Job 247: Subtask save_to_csv_task
[2025-04-06T06:15:37.597+0000] {task_command.py:467} INFO - Running <TaskInstance: print_hello.save_to_csv_task scheduled__2025-04-05T00:35:00+00:00 [running]> on host 5991717e768c
[2025-04-06T06:15:37.868+0000] {taskinstance.py:3134} INFO - Exporting env vars: AIRFLOW_CTX_DAG_OWNER='Esayed' AIRFLOW_CTX_DAG_ID='print_hello' AIRFLOW_CTX_TASK_ID='save_to_csv_task' AIRFLOW_CTX_EXECUTION_DATE='2025-04-05T00:35:00+00:00' AIRFLOW_CTX_TRY_NUMBER='1' AIRFLOW_CTX_DAG_RUN_ID='scheduled__2025-04-05T00:35:00+00:00'
[2025-04-06T06:15:37.874+0000] {logging_mixin.py:190} INFO - Task instance is in running state
[2025-04-06T06:15:37.877+0000] {logging_mixin.py:190} INFO -  Previous state of the Task instance: queued
[2025-04-06T06:15:37.879+0000] {logging_mixin.py:190} INFO - Current task name:save_to_csv_task state:running start_date:2025-04-06 06:15:36.788825+00:00
[2025-04-06T06:15:37.880+0000] {logging_mixin.py:190} INFO - Dag name:print_hello and current dag run status:running
[2025-04-06T06:15:37.885+0000] {taskinstance.py:732} INFO - ::endgroup::
[2025-04-06T06:15:37.907+0000] {python.py:240} INFO - Done. Returned value was: None
[2025-04-06T06:15:37.954+0000] {taskinstance.py:341} INFO - ::group::Post task execution logs
[2025-04-06T06:15:37.958+0000] {taskinstance.py:353} INFO - Marking task as SUCCESS. dag_id=print_hello, task_id=save_to_csv_task, run_id=scheduled__2025-04-05T00:35:00+00:00, execution_date=20250405T003500, start_date=20250406T061536, end_date=20250406T061537
[2025-04-06T06:15:38.086+0000] {logging_mixin.py:190} INFO - Task instance in success state
[2025-04-06T06:15:38.088+0000] {logging_mixin.py:190} INFO -  Previous state of the Task instance: running
[2025-04-06T06:15:38.090+0000] {logging_mixin.py:190} INFO - Dag name:print_hello queued_at:2025-04-06 06:15:26.670723+00:00
[2025-04-06T06:15:38.092+0000] {logging_mixin.py:190} INFO - Task hostname:5991717e768c operator:PythonOperator
[2025-04-06T06:15:38.175+0000] {local_task_job_runner.py:266} INFO - Task exited with return code 0
[2025-04-06T06:15:38.711+0000] {taskinstance.py:3901} INFO - 0 downstream tasks scheduled from follow-on schedule check
[2025-04-06T06:15:38.744+0000] {local_task_job_runner.py:245} INFO - ::endgroup::
