[2025-04-06T08:45:04.025+0000] {local_task_job_runner.py:123} INFO - ::group::Pre task execution logs
[2025-04-06T08:45:04.048+0000] {taskinstance.py:2614} INFO - Dependencies all met for dep_context=non-requeueable deps ti=<TaskInstance: print_hello3.save_to_csv_task scheduled__2025-04-06T08:40:00+00:00 [queued]>
[2025-04-06T08:45:04.063+0000] {taskinstance.py:2614} INFO - Dependencies all met for dep_context=requeueable deps ti=<TaskInstance: print_hello3.save_to_csv_task scheduled__2025-04-06T08:40:00+00:00 [queued]>
[2025-04-06T08:45:04.064+0000] {taskinstance.py:2867} INFO - Starting attempt 1 of 2
[2025-04-06T08:45:04.206+0000] {taskinstance.py:2890} INFO - Executing <Task(PythonOperator): save_to_csv_task> on 2025-04-06 08:40:00+00:00
[2025-04-06T08:45:04.213+0000] {warnings.py:112} WARNING - /home/***/.local/lib/python3.12/site-packages/***/task/task_runner/standard_task_runner.py:70: DeprecationWarning: This process (pid=126) is multi-threaded, use of fork() may lead to deadlocks in the child.
  pid = os.fork()

[2025-04-06T08:45:04.215+0000] {standard_task_runner.py:72} INFO - Started process 128 to run task
[2025-04-06T08:45:04.215+0000] {standard_task_runner.py:104} INFO - Running: ['***', 'tasks', 'run', 'print_hello3', 'save_to_csv_task', 'scheduled__2025-04-06T08:40:00+00:00', '--job-id', '424', '--raw', '--subdir', 'DAGS_FOLDER/print_hello.py', '--cfg-path', '/tmp/tmpwvm1um8f']
[2025-04-06T08:45:04.216+0000] {standard_task_runner.py:105} INFO - Job 424: Subtask save_to_csv_task
[2025-04-06T08:45:04.266+0000] {task_command.py:467} INFO - Running <TaskInstance: print_hello3.save_to_csv_task scheduled__2025-04-06T08:40:00+00:00 [running]> on host 5991717e768c
[2025-04-06T08:45:04.354+0000] {taskinstance.py:3134} INFO - Exporting env vars: AIRFLOW_CTX_DAG_OWNER='Esayed' AIRFLOW_CTX_DAG_ID='print_hello3' AIRFLOW_CTX_TASK_ID='save_to_csv_task' AIRFLOW_CTX_EXECUTION_DATE='2025-04-06T08:40:00+00:00' AIRFLOW_CTX_TRY_NUMBER='1' AIRFLOW_CTX_DAG_RUN_ID='scheduled__2025-04-06T08:40:00+00:00'
[2025-04-06T08:45:04.355+0000] {logging_mixin.py:190} INFO - Task instance is in running state
[2025-04-06T08:45:04.356+0000] {logging_mixin.py:190} INFO -  Previous state of the Task instance: queued
[2025-04-06T08:45:04.357+0000] {logging_mixin.py:190} INFO - Current task name:save_to_csv_task state:running start_date:2025-04-06 08:45:04.049975+00:00
[2025-04-06T08:45:04.358+0000] {logging_mixin.py:190} INFO - Dag name:print_hello3 and current dag run status:running
[2025-04-06T08:45:04.359+0000] {taskinstance.py:732} INFO - ::endgroup::
[2025-04-06T08:45:04.365+0000] {python.py:240} INFO - Done. Returned value was: None
[2025-04-06T08:45:04.375+0000] {taskinstance.py:341} INFO - ::group::Post task execution logs
[2025-04-06T08:45:04.376+0000] {taskinstance.py:353} INFO - Marking task as SUCCESS. dag_id=print_hello3, task_id=save_to_csv_task, run_id=scheduled__2025-04-06T08:40:00+00:00, execution_date=20250406T084000, start_date=20250406T084504, end_date=20250406T084504
[2025-04-06T08:45:04.405+0000] {logging_mixin.py:190} INFO - Task instance in success state
[2025-04-06T08:45:04.406+0000] {logging_mixin.py:190} INFO -  Previous state of the Task instance: running
[2025-04-06T08:45:04.407+0000] {logging_mixin.py:190} INFO - Dag name:print_hello3 queued_at:2025-04-06 08:45:00.319082+00:00
[2025-04-06T08:45:04.408+0000] {logging_mixin.py:190} INFO - Task hostname:5991717e768c operator:PythonOperator
[2025-04-06T08:45:04.431+0000] {local_task_job_runner.py:266} INFO - Task exited with return code 0
[2025-04-06T08:45:04.450+0000] {taskinstance.py:3901} INFO - 0 downstream tasks scheduled from follow-on schedule check
[2025-04-06T08:45:04.453+0000] {local_task_job_runner.py:245} INFO - ::endgroup::
