
=== Summary of Key Usage (2025-06-18 22:26:22) ===
Key 1 (365a180c9c...): 0/0 requests used | Posts collected: 0
Key 2 (206ee9d1d7...): 0/0 requests used | Posts collected: 0
Key 3 (5851b48ca1...): 2/0 requests used | Posts collected: 0
Key 4 (b97bca3d18...): 99/0 requests used | Posts collected: 185
Key 5 (e656931515...): 100/0 requests used | Posts collected: 177
Key 6 (fea1afa9c3...): 0/? requests used | Posts collected: 0
Key 7 (29933ad7ed...): 0/? requests used | Posts collected: 0
Key 8 (87d8604d8f...): 0/? requests used | Posts collected: 0
Key 9 (8838d519d7...): 0/? requests used | Posts collected: 0
Key 10 (06940bae07...): 0/? requests used | Posts collected: 0
============================[2025-06-22 19:00:22.976225] Key 1 (365a180c9c...): Rate limit (429) | Remaining: 0 | Posts collected: 0
[2025-06-22 19:00:23.237912] Key 2 (206ee9d1d7...): Rate limit (429) | Remaining: 0 | Posts collected: 0
[2025-06-22 19:00:23.511003] Key 3 (5851b48ca1...): Rate limit (429) | Remaining: 0 | Posts collected: 0
[2025-06-22 19:00:23.784713] Key 4 (b97bca3d18...): Rate limit (429) | Remaining: 0 | Posts collected: 0
[2025-06-22 19:00:24.064708] Key 5 (e656931515...): Rate limit (429) | Remaining: 0 | Posts collected: 0
[2025-06-22 19:00:24.974866] Key 6 (fea1afa9c3...): Request failed with status 403 | Remaining: ? | Posts collected: 0
[2025-06-22 19:00:25.385561] Key 1 (365a180c9c...): Rate limit (429) | Remaining: 0 | Posts collected: 0
[2025-06-22 19:00:25.734466] Key 2 (206ee9d1d7...): Rate limit (429) | Remaining: 0 | Posts collected: 0
[2025-06-22 19:00:26.012478] Key 3 (5851b48ca1...): Rate limit (429) | Remaining: 0 | Posts collected: 0
[2025-06-22 19:00:26.287420] Key 4 (b97bca3d18...): Rate limit (429) | Remaining: 0 | Posts collected: 0
[2025-06-22 19:00:26.745434] Key 5 (e656931515...): Rate limit (429) | Remaining: 0 | Posts collected: 0
[2025-06-22 19:00:27.055428] Key 6 (fea1afa9c3...): Rate limit (429) | Remaining: ? | Posts collected: 0
[2025-06-22 19:00:30.186822] Key 7 (29933ad7ed...): Success | Remaining: 99 | Posts collected: 1
[2025-06-22 19:00:38.920496] Key 7 (29933ad7ed...): Success | Remaining: 98 | Posts collected: 1
[2025-06-22 19:00:53.478717] Key 1 (365a180c9c...): Rate limit (429) | Remaining: 0 | Posts collected: 0
[2025-06-22 19:00:53.773143] Key 2 (206ee9d1d7...): Rate limit (429) | Remaining: 0 | Posts collected: 0
[2025-06-22 19:00:54.038249] Key 3 (5851b48ca1...): Rate limit (429) | Remaining: 0 | Posts collected: 0
[2025-06-22 19:00:54.301894] Key 4 (b97bca3d18...): Rate limit (429) | Remaining: 0 | Posts collected: 0
[2025-06-22 19:00:54.574656] Key 5 (e656931515...): Rate limit (429) | Remaining: 0 | Posts collected: 0
[2025-06-22 19:00:55.527579] Key 6 (fea1afa9c3...): Request failed with status 403 | Remaining: ? | Posts collected: 0
[2025-06-22 19:00:55.794638] Key 1 (365a180c9c...): Rate limit (429) | Remaining: 0 | Posts collected: 0
[2025-06-22 19:00:56.088658] Key 2 (206ee9d1d7...): Rate limit (429) | Remaining: 0 | Posts collected: 0
[2025-06-22 19:00:56.357871] Key 3 (5851b48ca1...): Rate limit (429) | Remaining: 0 | Posts collected: 0
[2025-06-22 19:00:56.703402] Key 4 (b97bca3d18...): Rate limit (429) | Remaining: 0 | Posts collected: 0
[2025-06-22 19:00:56.979232] Key 5 (e656931515...): Rate limit (429) | Remaining: 0 | Posts collected: 0
[2025-06-22 19:00:57.256039] Key 6 (fea1afa9c3...): Rate limit (429) | Remaining: ? | Posts collected: 0
[2025-06-22 19:01:04.178695] Key 7 (29933ad7ed...): Success | Remaining: 96 | Posts collected: 1
[2025-06-22 19:01:11.912466] Key 7 (29933ad7ed...): Success | Remaining: 95 | Posts collected: 1
[2025-06-22 19:01:31.415493] Key 7 (29933ad7ed...): Success | Remaining: 94 | Posts collected: 4
[2025-06-22 19:06:35.892822] Key 1 (365a180c9c...): Rate limit (429) | Remaining: 0 | Posts collected: 0
[2025-06-22 19:06:36.166877] Key 2 (206ee9d1d7...): Rate limit (429) | Remaining: 0 | Posts collected: 0
[2025-06-22 19:06:36.450825] Key 3 (5851b48ca1...): Rate limit (429) | Remaining: 0 | Posts collected: 0
[2025-06-22 19:06:36.796480] Key 4 (b97bca3d18...): Rate limit (429) | Remaining: 0 | Posts collected: 0
[2025-06-22 19:06:37.063348] Key 5 (e656931515...): Rate limit (429) | Remaining: 0 | Posts collected: 0
[2025-06-22 19:06:37.973528] Key 6 (fea1afa9c3...): Request failed with status 403 | Remaining: ? | Posts collected: 0
[2025-06-22 19:06:38.234264] Key 1 (365a180c9c...): Rate limit (429) | Remaining: 0 | Posts collected: 0
[2025-06-22 19:06:38.532197] Key 2 (206ee9d1d7...): Rate limit (429) | Remaining: 0 | Posts collected: 0
[2025-06-22 19:06:38.870322] Key 3 (5851b48ca1...): Rate limit (429) | Remaining: 0 | Posts collected: 0
[2025-06-22 19:06:39.227438] Key 4 (b97bca3d18...): Rate limit (429) | Remaining: 0 | Posts collected: 0
[2025-06-22 19:06:39.503071] Key 5 (e656931515...): Rate limit (429) | Remaining: 0 | Posts collected: 0
[2025-06-22 19:06:39.852894] Key 6 (fea1afa9c3...): Rate limit (429) | Remaining: ? | Posts collected: 0
[2025-06-22 19:06:44.700287] Key 7 (29933ad7ed...): Success | Remaining: 92 | Posts collected: 0
[2025-06-22 19:06:56.384205] Key 7 (29933ad7ed...): Success | Remaining: 91 | Posts collected: 0
[2025-06-22 19:07:03.120315] Key 7 (29933ad7ed...): Success | Remaining: 90 | Posts collected: 0
[2025-06-22 19:07:13.558586] Key 7 (29933ad7ed...): Success | Remaining: 89 | Posts collected: 3
[2025-06-22 19:07:20.853904] Key 7 (29933ad7ed...): Success | Remaining: 88 | Posts collected: 5

=== Summary of Key Usage (2025-06-22 19:07:22) ===
Key 1 (365a180c9c...): 0/0 requests used | Posts collected: 0
Key 2 (206ee9d1d7...): 0/0 requests used | Posts collected: 0
Key 3 (5851b48ca1...): 0/0 requests used | Posts collected: 0
Key 4 (b97bca3d18...): 0/0 requests used | Posts collected: 0
Key 5 (e656931515...): 0/0 requests used | Posts collected: 0
Key 6 (fea1afa9c3...): 0/? requests used | Posts collected: 0
Key 7 (29933ad7ed...): 5/88 requests used | Posts collected: 5
Key 8 (87d8604d8f...): 0/? requests used | Posts collected: 0
Key 9 (8838d519d7...): 0/? requests used | Posts collected: 0
Key 10 (06940bae07...): 0/? requests used | Posts collected: 0
============================

[2025-06-22 19:10:31.825331] Key 1 (365a180c9c...): Rate limit (429) | Remaining: 0 | Posts collected: 0
[2025-06-22 19:10:32.136625] Key 2 (206ee9d1d7...): Rate limit (429) | Remaining: 0 | Posts collected: 0
[2025-06-22 19:10:32.389577] Key 3 (5851b48ca1...): Rate limit (429) | Remaining: 0 | Posts collected: 0
[2025-06-22 19:10:32.653737] Key 4 (b97bca3d18...): Rate limit (429) | Remaining: 0 | Posts collected: 0
[2025-06-22 19:10:33.003912] Key 5 (e656931515...): Rate limit (429) | Remaining: 0 | Posts collected: 0
[2025-06-22 19:10:33.886605] Key 6 (fea1afa9c3...): Request failed with status 403 | Remaining: ? | Posts collected: 0
[2025-06-22 19:10:34.235075] Key 1 (365a180c9c...): Rate limit (429) | Remaining: 0 | Posts collected: 0
[2025-06-22 19:10:34.587193] Key 2 (206ee9d1d7...): Rate limit (429) | Remaining: 0 | Posts collected: 0
[2025-06-22 19:10:35.215924] Key 3 (5851b48ca1...): Rate limit (429) | Remaining: 0 | Posts collected: 0
[2025-06-22 19:10:35.489082] Key 4 (b97bca3d18...): Rate limit (429) | Remaining: 0 | Posts collected: 0
[2025-06-22 19:10:35.843581] Key 5 (e656931515...): Rate limit (429) | Remaining: 0 | Posts collected: 0
[2025-06-22 19:10:36.168531] Key 6 (fea1afa9c3...): Rate limit (429) | Remaining: ? | Posts collected: 0
[2025-06-22 19:10:41.463979] Key 7 (29933ad7ed...): Success | Remaining: 87 | Posts collected: 3
[2025-06-22 19:10:48.408258] Key 7 (29933ad7ed...): Success | Remaining: 86 | Posts collected: 5
[2025-06-22 19:11:46.068390] Key 1 (365a180c9c...): Rate limit (429) | Remaining: 0 | Posts collected: 0
[2025-06-22 19:11:46.431575] Key 2 (206ee9d1d7...): Rate limit (429) | Remaining: 0 | Posts collected: 0
[2025-06-22 19:11:46.704206] Key 3 (5851b48ca1...): Rate limit (429) | Remaining: 0 | Posts collected: 0
[2025-06-22 19:11:46.967185] Key 4 (b97bca3d18...): Rate limit (429) | Remaining: 0 | Posts collected: 0
[2025-06-22 19:11:47.240808] Key 5 (e656931515...): Rate limit (429) | Remaining: 0 | Posts collected: 0
[2025-06-22 19:11:48.089341] Key 6 (fea1afa9c3...): Request failed with status 403 | Remaining: ? | Posts collected: 0
[2025-06-22 19:11:48.362952] Key 1 (365a180c9c...): Rate limit (429) | Remaining: 0 | Posts collected: 0
[2025-06-22 19:11:48.648911] Key 2 (206ee9d1d7...): Rate limit (429) | Remaining: 0 | Posts collected: 0
[2025-06-22 19:11:48.980929] Key 3 (5851b48ca1...): Rate limit (429) | Remaining: 0 | Posts collected: 0
[2025-06-22 19:11:49.351943] Key 4 (b97bca3d18...): Rate limit (429) | Remaining: 0 | Posts collected: 0
[2025-06-22 19:11:49.625856] Key 5 (e656931515...): Rate limit (429) | Remaining: 0 | Posts collected: 0
[2025-06-22 19:11:49.979483] Key 6 (fea1afa9c3...): Rate limit (429) | Remaining: ? | Posts collected: 0
[2025-06-22 19:11:53.971868] Key 7 (29933ad7ed...): Success | Remaining: 85 | Posts collected: 3
[2025-06-22 19:12:09.009520] Key 7 (29933ad7ed...): Success | Remaining: 84 | Posts collected: 5
[2025-06-22 19:12:40.910805] Key 1 (365a180c9c...): Rate limit (429) | Remaining: 0 | Posts collected: 0
[2025-06-22 19:12:41.188735] Key 2 (206ee9d1d7...): Rate limit (429) | Remaining: 0 | Posts collected: 0
[2025-06-22 19:12:41.473763] Key 3 (5851b48ca1...): Rate limit (429) | Remaining: 0 | Posts collected: 0
[2025-06-22 19:12:41.827636] Key 4 (b97bca3d18...): Rate limit (429) | Remaining: 0 | Posts collected: 0
[2025-06-22 19:12:42.185830] Key 5 (e656931515...): Rate limit (429) | Remaining: 0 | Posts collected: 0
[2025-06-22 19:12:43.099530] Key 6 (fea1afa9c3...): Request failed with status 403 | Remaining: ? | Posts collected: 0
[2025-06-22 19:12:43.362909] Key 1 (365a180c9c...): Rate limit (429) | Remaining: 0 | Posts collected: 0
[2025-06-22 19:12:43.724993] Key 2 (206ee9d1d7...): Rate limit (429) | Remaining: 0 | Posts collected: 0
[2025-06-22 19:12:44.092479] Key 3 (5851b48ca1...): Rate limit (429) | Remaining: 0 | Posts collected: 0
[2025-06-22 19:12:44.351260] Key 4 (b97bca3d18...): Rate limit (429) | Remaining: 0 | Posts collected: 0
[2025-06-22 19:12:44.715150] Key 5 (e656931515...): Rate limit (429) | Remaining: 0 | Posts collected: 0
[2025-06-22 19:12:45.052699] Key 6 (fea1afa9c3...): Rate limit (429) | Remaining: ? | Posts collected: 0
[2025-06-22 19:13:14.116766] Key 7 (29933ad7ed...): Success | Remaining: 83 | Posts collected: 3
[2025-06-22 19:13:20.554807] Key 7 (29933ad7ed...): Success | Remaining: 82 | Posts collected: 5

=== Summary of Key Usage (2025-06-22 19:13:23) ===
Key 1 (365a180c9c...): 0/0 requests used | Posts collected: 0
Key 2 (206ee9d1d7...): 0/0 requests used | Posts collected: 0
Key 3 (5851b48ca1...): 0/0 requests used | Posts collected: 0
Key 4 (b97bca3d18...): 0/0 requests used | Posts collected: 0
Key 5 (e656931515...): 0/0 requests used | Posts collected: 0
Key 6 (fea1afa9c3...): 0/? requests used | Posts collected: 0
Key 7 (29933ad7ed...): 2/82 requests used | Posts collected: 5
Key 8 (87d8604d8f...): 0/? requests used | Posts collected: 0
Key 9 (8838d519d7...): 0/? requests used | Posts collected: 0
Key 10 (06940bae07...): 0/? requests used | Posts collected: 0
============================

[2025-07-01 14:54:31.525201] Key 1 (365a180c9c...): Rate limit (429) | Remaining: 0 | Posts collected: 0
[2025-07-01 14:54:38.078280] Key 2 (206ee9d1d7...): Success | Remaining: 41 | Posts collected: 3
[2025-07-01 14:54:48.234944] Key 2 (206ee9d1d7...): Success | Remaining: 40 | Posts collected: 5
[2025-07-01 14:54:51.134559] Key 1 (365a180c9c...): Rate limit (429) | Remaining: 0 | Posts collected: 0
[2025-07-01 14:54:57.493045] Key 2 (206ee9d1d7...): Success | Remaining: 39 | Posts collected: 8
[2025-07-01 14:55:06.206860] Key 2 (206ee9d1d7...): Success | Remaining: 38 | Posts collected: 10

=== Summary of Key Usage (2025-07-01 14:55:08) ===
Key 1 (365a180c9c...): 0/0 requests used | Posts collected: 0
Key 2 (206ee9d1d7...): 4/38 requests used | Posts collected: 10
Key 3 (5851b48ca1...): 0/? requests used | Posts collected: 0
Key 4 (b97bca3d18...): 0/? requests used | Posts collected: 0
Key 5 (e656931515...): 0/? requests used | Posts collected: 0
Key 6 (fea1afa9c3...): 0/? requests used | Posts collected: 0
Key 7 (29933ad7ed...): 0/? requests used | Posts collected: 0
Key 8 (87d8604d8f...): 0/? requests used | Posts collected: 0
Key 9 (8838d519d7...): 0/? requests used | Posts collected: 0
Key 10 (06940bae07...): 0/? requests used | Posts collected: 0
============================

[2025-07-01 15:00:30.335240] Key 1 (365a180c9c...): Rate limit (429) | Remaining: 0 | Posts collected: 0
[2025-07-01 15:00:42.079979] Key 2 (206ee9d1d7...): Success | Remaining: 37 | Posts collected: 3
[2025-07-01 15:00:50.177758] Key 2 (206ee9d1d7...): Success | Remaining: 36 | Posts collected: 5
[2025-07-01 15:00:52.225898] Key 1 (365a180c9c...): Rate limit (429) | Remaining: 0 | Posts collected: 0
[2025-07-01 15:00:57.136507] Key 2 (206ee9d1d7...): Success | Remaining: 35 | Posts collected: 8
[2025-07-01 15:01:06.647474] Key 2 (206ee9d1d7...): Success | Remaining: 34 | Posts collected: 10

=== Summary of Key Usage (2025-07-01 15:01:09) ===
Key 1 (365a180c9c...): 0/0 requests used | Posts collected: 0
Key 2 (206ee9d1d7...): 4/34 requests used | Posts collected: 10
Key 3 (5851b48ca1...): 0/? requests used | Posts collected: 0
Key 4 (b97bca3d18...): 0/? requests used | Posts collected: 0
Key 5 (e656931515...): 0/? requests used | Posts collected: 0
Key 6 (fea1afa9c3...): 0/? requests used | Posts collected: 0
Key 7 (29933ad7ed...): 0/? requests used | Posts collected: 0
Key 8 (87d8604d8f...): 0/? requests used | Posts collected: 0
Key 9 (8838d519d7...): 0/? requests used | Posts collected: 0
Key 10 (06940bae07...): 0/? requests used | Posts collected: 0
============================

[2025-07-01 15:14:45.398247] Key 1 (365a180c9c...): Rate limit (429) | Remaining: 0 | Posts collected: 0
[2025-07-01 15:14:49.012325] Key 2 (206ee9d1d7...): Success | Remaining: 33 | Posts collected: 3
[2025-07-01 15:15:01.151071] Key 2 (206ee9d1d7...): Success | Remaining: 32 | Posts collected: 5

=== Summary of Key Usage (2025-07-01 15:15:03) ===
Key 1 (365a180c9c...): 0/0 requests used | Posts collected: 0
Key 2 (206ee9d1d7...): 2/32 requests used | Posts collected: 5
Key 3 (5851b48ca1...): 0/? requests used | Posts collected: 0
Key 4 (b97bca3d18...): 0/? requests used | Posts collected: 0
Key 5 (e656931515...): 0/? requests used | Posts collected: 0
Key 6 (fea1afa9c3...): 0/? requests used | Posts collected: 0
Key 7 (29933ad7ed...): 0/? requests used | Posts collected: 0
Key 8 (87d8604d8f...): 0/? requests used | Posts collected: 0
Key 9 (8838d519d7...): 0/? requests used | Posts collected: 0
Key 10 (06940bae07...): 0/? requests used | Posts collected: 0
============================

[2025-07-01 15:32:21.691702] Key 1 (365a180c9c...): Rate limit (429) | Remaining: 0 | Posts collected: 0
[2025-07-01 15:32:23.625607] Key 2 (206ee9d1d7...): Success | Remaining: 31 | Posts collected: 3
[2025-07-01 15:32:32.378779] Key 2 (206ee9d1d7...): Success | Remaining: 30 | Posts collected: 5

=== Summary of Key Usage (2025-07-01 15:32:34) ===
Key 1 (365a180c9c...): 0/0 requests used | Posts collected: 0
Key 2 (206ee9d1d7...): 2/30 requests used | Posts collected: 5
Key 3 (5851b48ca1...): 0/? requests used | Posts collected: 0
Key 4 (b97bca3d18...): 0/? requests used | Posts collected: 0
Key 5 (e656931515...): 0/? requests used | Posts collected: 0
Key 6 (fea1afa9c3...): 0/? requests used | Posts collected: 0
Key 7 (29933ad7ed...): 0/? requests used | Posts collected: 0
Key 8 (87d8604d8f...): 0/? requests used | Posts collected: 0
Key 9 (8838d519d7...): 0/? requests used | Posts collected: 0
Key 10 (06940bae07...): 0/? requests used | Posts collected: 0
============================

[2025-07-01 15:33:10.164435] Key 1 (365a180c9c...): Rate limit (429) | Remaining: 0 | Posts collected: 0
[2025-07-01 15:33:13.945624] Key 2 (206ee9d1d7...): Success | Remaining: 29 | Posts collected: 0
[2025-07-01 15:33:19.570100] Key 2 (206ee9d1d7...): Success | Remaining: 28 | Posts collected: 0
[2025-07-01 15:33:27.905859] Key 2 (206ee9d1d7...): Success | Remaining: 27 | Posts collected: 2
[2025-07-01 15:33:34.547743] Key 2 (206ee9d1d7...): Success | Remaining: 26 | Posts collected: 4
[2025-07-01 15:33:40.313191] Key 2 (206ee9d1d7...): Success | Remaining: 25 | Posts collected: 5

=== Summary of Key Usage (2025-07-01 15:33:42) ===
Key 1 (365a180c9c...): 0/0 requests used | Posts collected: 0
Key 2 (206ee9d1d7...): 5/25 requests used | Posts collected: 5
Key 3 (5851b48ca1...): 0/? requests used | Posts collected: 0
Key 4 (b97bca3d18...): 0/? requests used | Posts collected: 0
Key 5 (e656931515...): 0/? requests used | Posts collected: 0
Key 6 (fea1afa9c3...): 0/? requests used | Posts collected: 0
Key 7 (29933ad7ed...): 0/? requests used | Posts collected: 0
Key 8 (87d8604d8f...): 0/? requests used | Posts collected: 0
Key 9 (8838d519d7...): 0/? requests used | Posts collected: 0
Key 10 (06940bae07...): 0/? requests used | Posts collected: 0
============================

[2025-07-01 15:35:15.863847] Key 1 (365a180c9c...): Rate limit (429) | Remaining: 0 | Posts collected: 0
[2025-07-01 15:35:29.040567] Key 2 (206ee9d1d7...): Success | Remaining: 24 | Posts collected: 2
[2025-07-01 15:35:40.267168] Key 2 (206ee9d1d7...): Success | Remaining: 23 | Posts collected: 4
[2025-07-01 15:35:50.532931] Key 2 (206ee9d1d7...): Success | Remaining: 22 | Posts collected: 5

=== Summary of Key Usage (2025-07-01 15:35:52) ===
Key 1 (365a180c9c...): 0/0 requests used | Posts collected: 0
Key 2 (206ee9d1d7...): 3/22 requests used | Posts collected: 5
Key 3 (5851b48ca1...): 0/? requests used | Posts collected: 0
Key 4 (b97bca3d18...): 0/? requests used | Posts collected: 0
Key 5 (e656931515...): 0/? requests used | Posts collected: 0
Key 6 (fea1afa9c3...): 0/? requests used | Posts collected: 0
Key 7 (29933ad7ed...): 0/? requests used | Posts collected: 0
Key 8 (87d8604d8f...): 0/? requests used | Posts collected: 0
Key 9 (8838d519d7...): 0/? requests used | Posts collected: 0
Key 10 (06940bae07...): 0/? requests used | Posts collected: 0
============================

[2025-07-01 15:56:15.325627] Key 1 (365a180c9c...): Rate limit (429) | Remaining: 0 | Posts collected: 0
[2025-07-01 15:56:22.050912] Key 2 (206ee9d1d7...): Success | Remaining: 21 | Posts collected: 3
[2025-07-01 15:56:32.512883] Key 2 (206ee9d1d7...): Success | Remaining: 20 | Posts collected: 5
[2025-07-01 15:56:35.619430] Key 1 (365a180c9c...): Rate limit (429) | Remaining: 0 | Posts collected: 0
[2025-07-01 15:56:39.644955] Key 2 (206ee9d1d7...): Success | Remaining: 19 | Posts collected: 7
[2025-07-01 15:56:53.614825] Key 2 (206ee9d1d7...): Success | Remaining: 18 | Posts collected: 8
[2025-07-01 15:57:07.466742] Key 2 (206ee9d1d7...): Success | Remaining: 17 | Posts collected: 10
[2025-07-01 15:57:10.774843] Key 1 (365a180c9c...): Rate limit (429) | Remaining: 0 | Posts collected: 0
[2025-07-01 15:57:15.426837] Key 2 (206ee9d1d7...): Success | Remaining: 16 | Posts collected: 10
[2025-07-01 15:57:22.508153] Key 2 (206ee9d1d7...): Success | Remaining: 15 | Posts collected: 10
[2025-07-01 15:57:32.213878] Key 2 (206ee9d1d7...): Success | Remaining: 14 | Posts collected: 13
[2025-07-01 15:57:40.397549] Key 2 (206ee9d1d7...): Success | Remaining: 13 | Posts collected: 15

=== Summary of Key Usage (2025-07-01 15:57:41) ===
Key 1 (365a180c9c...): 0/0 requests used | Posts collected: 0
Key 2 (206ee9d1d7...): 9/13 requests used | Posts collected: 15
Key 3 (5851b48ca1...): 0/? requests used | Posts collected: 0
Key 4 (b97bca3d18...): 0/? requests used | Posts collected: 0
Key 5 (e656931515...): 0/? requests used | Posts collected: 0
Key 6 (fea1afa9c3...): 0/? requests used | Posts collected: 0
Key 7 (29933ad7ed...): 0/? requests used | Posts collected: 0
Key 8 (87d8604d8f...): 0/? requests used | Posts collected: 0
Key 9 (8838d519d7...): 0/? requests used | Posts collected: 0
Key 10 (06940bae07...): 0/? requests used | Posts collected: 0
============================

[2025-07-01 16:07:42.874754] Key 1 (365a180c9c...): Rate limit (429) | Remaining: 0 | Posts collected: 0
[2025-07-01 16:07:47.960389] Key 2 (206ee9d1d7...): Success | Remaining: 12 | Posts collected: 2
[2025-07-01 16:07:50.767317] Key 1 (365a180c9c...): Rate limit (429) | Remaining: 0 | Posts collected: 0
[2025-07-01 16:07:56.504184] Key 2 (206ee9d1d7...): Success | Remaining: 11 | Posts collected: 4
[2025-07-01 16:07:59.438358] Key 1 (365a180c9c...): Rate limit (429) | Remaining: 0 | Posts collected: 0
[2025-07-01 16:08:03.608025] Key 2 (206ee9d1d7...): Success | Remaining: 10 | Posts collected: 5
[2025-07-01 16:08:10.783459] Key 2 (206ee9d1d7...): Success | Remaining: 9 | Posts collected: 6
[2025-07-01 16:08:12.970761] Key 1 (365a180c9c...): Rate limit (429) | Remaining: 0 | Posts collected: 0
[2025-07-01 16:08:17.640697] Key 2 (206ee9d1d7...): Success | Remaining: 8 | Posts collected: 8
[2025-07-01 16:08:20.604768] Key 1 (365a180c9c...): Rate limit (429) | Remaining: 0 | Posts collected: 0
[2025-07-01 16:08:24.368158] Key 2 (206ee9d1d7...): Success | Remaining: 7 | Posts collected: 10
[2025-07-01 16:08:26.775040] Key 1 (365a180c9c...): Rate limit (429) | Remaining: 0 | Posts collected: 0
[2025-07-01 16:08:32.578993] Key 2 (206ee9d1d7...): Success | Remaining: 6 | Posts collected: 11
[2025-07-01 16:08:43.640342] Key 2 (206ee9d1d7...): Success | Remaining: 5 | Posts collected: 12
[2025-07-01 16:08:45.706298] Key 1 (365a180c9c...): Rate limit (429) | Remaining: 0 | Posts collected: 0
[2025-07-01 16:08:50.846746] Key 2 (206ee9d1d7...): Success | Remaining: 4 | Posts collected: 14
[2025-07-01 16:08:53.213706] Key 1 (365a180c9c...): Rate limit (429) | Remaining: 0 | Posts collected: 0
[2025-07-01 16:08:56.683851] Key 2 (206ee9d1d7...): Success | Remaining: 3 | Posts collected: 14
[2025-07-01 16:09:05.717125] Key 2 (206ee9d1d7...): Success | Remaining: 2 | Posts collected: 14
[2025-07-01 16:09:13.620971] Key 2 (206ee9d1d7...): Success | Remaining: 1 | Posts collected: 16
[2025-07-01 16:09:16.178809] Key 1 (365a180c9c...): Rate limit (429) | Remaining: 0 | Posts collected: 0
[2025-07-01 16:09:18.966698] Key 2 (206ee9d1d7...): Success | Remaining: 0 | Posts collected: 18

=== Summary of Key Usage (2025-07-01 16:09:21) ===
Key 1 (365a180c9c...): 0/0 requests used | Posts collected: 0
Key 2 (206ee9d1d7...): 13/0 requests used | Posts collected: 18
Key 3 (5851b48ca1...): 0/? requests used | Posts collected: 0
Key 4 (b97bca3d18...): 0/? requests used | Posts collected: 0
Key 5 (e656931515...): 0/? requests used | Posts collected: 0
Key 6 (fea1afa9c3...): 0/? requests used | Posts collected: 0
Key 7 (29933ad7ed...): 0/? requests used | Posts collected: 0
Key 8 (87d8604d8f...): 0/? requests used | Posts collected: 0
Key 9 (8838d519d7...): 0/? requests used | Posts collected: 0
Key 10 (06940bae07...): 0/? requests used | Posts collected: 0
============================

[2025-07-01 16:11:26.923620] Key 1 (365a180c9c...): Rate limit (429) | Remaining: 0 | Posts collected: 0
[2025-07-01 16:11:27.224596] Key 2 (206ee9d1d7...): Rate limit (429) | Remaining: 0 | Posts collected: 0
[2025-07-01 16:11:27.495202] Key 3 (5851b48ca1...): Rate limit (429) | Remaining: 0 | Posts collected: 0
[2025-07-01 16:11:27.848016] Key 4 (b97bca3d18...): Rate limit (429) | Remaining: 0 | Posts collected: 0
[2025-07-01 16:11:32.388324] Key 5 (e656931515...): Success | Remaining: 97 | Posts collected: 0
[2025-07-01 16:11:42.457930] Key 5 (e656931515...): Success | Remaining: 96 | Posts collected: 0
[2025-07-01 16:11:48.718769] Key 5 (e656931515...): Success | Remaining: 95 | Posts collected: 2
[2025-07-01 16:11:51.328171] Key 1 (365a180c9c...): Rate limit (429) | Remaining: 0 | Posts collected: 0
[2025-07-01 16:11:51.627925] Key 2 (206ee9d1d7...): Rate limit (429) | Remaining: 0 | Posts collected: 0
[2025-07-01 16:11:52.265012] Key 3 (5851b48ca1...): Rate limit (429) | Remaining: 0 | Posts collected: 0
[2025-07-01 16:11:52.609479] Key 4 (b97bca3d18...): Rate limit (429) | Remaining: 0 | Posts collected: 0
[2025-07-01 16:11:57.568873] Key 5 (e656931515...): Success | Remaining: 94 | Posts collected: 2
[2025-07-01 16:12:07.466538] Key 5 (e656931515...): Success | Remaining: 93 | Posts collected: 4
[2025-07-01 16:12:09.776971] Key 1 (365a180c9c...): Rate limit (429) | Remaining: 0 | Posts collected: 0
[2025-07-01 16:12:10.033926] Key 2 (206ee9d1d7...): Rate limit (429) | Remaining: 0 | Posts collected: 0
[2025-07-01 16:12:10.300926] Key 3 (5851b48ca1...): Rate limit (429) | Remaining: 0 | Posts collected: 0
[2025-07-01 16:12:10.575468] Key 4 (b97bca3d18...): Rate limit (429) | Remaining: 0 | Posts collected: 0
[2025-07-01 16:12:14.455779] Key 5 (e656931515...): Success | Remaining: 92 | Posts collected: 4
[2025-07-01 16:12:21.831531] Key 5 (e656931515...): Success | Remaining: 91 | Posts collected: 4
[2025-07-01 16:12:29.988916] Key 5 (e656931515...): Success | Remaining: 90 | Posts collected: 4
[2025-07-01 16:12:37.894028] Key 5 (e656931515...): Success | Remaining: 89 | Posts collected: 5
[2025-07-01 16:12:47.931154] Key 5 (e656931515...): Success | Remaining: 88 | Posts collected: 6
[2025-07-01 16:12:49.845937] Key 1 (365a180c9c...): Rate limit (429) | Remaining: 0 | Posts collected: 0
[2025-07-01 16:12:50.240953] Key 2 (206ee9d1d7...): Rate limit (429) | Remaining: 0 | Posts collected: 0
[2025-07-01 16:12:50.506352] Key 3 (5851b48ca1...): Rate limit (429) | Remaining: 0 | Posts collected: 0
[2025-07-01 16:12:50.771434] Key 4 (b97bca3d18...): Rate limit (429) | Remaining: 0 | Posts collected: 0
[2025-07-01 16:12:53.743683] Key 5 (e656931515...): Success | Remaining: 87 | Posts collected: 8
[2025-07-01 16:12:55.582163] Key 1 (365a180c9c...): Rate limit (429) | Remaining: 0 | Posts collected: 0
[2025-07-01 16:12:55.945056] Key 2 (206ee9d1d7...): Rate limit (429) | Remaining: 0 | Posts collected: 0
[2025-07-01 16:12:56.219373] Key 3 (5851b48ca1...): Rate limit (429) | Remaining: 0 | Posts collected: 0
[2025-07-01 16:12:56.504043] Key 4 (b97bca3d18...): Rate limit (429) | Remaining: 0 | Posts collected: 0
[2025-07-01 16:13:01.067440] Key 5 (e656931515...): Success | Remaining: 86 | Posts collected: 9
[2025-07-01 16:13:09.505756] Key 5 (e656931515...): Success | Remaining: 85 | Posts collected: 10
[2025-07-01 16:13:12.138364] Key 1 (365a180c9c...): Rate limit (429) | Remaining: 0 | Posts collected: 0
[2025-07-01 16:13:12.478892] Key 2 (206ee9d1d7...): Rate limit (429) | Remaining: 0 | Posts collected: 0
[2025-07-01 16:13:12.786192] Key 3 (5851b48ca1...): Rate limit (429) | Remaining: 0 | Posts collected: 0
[2025-07-01 16:13:13.076649] Key 4 (b97bca3d18...): Rate limit (429) | Remaining: 0 | Posts collected: 0
[2025-07-01 16:13:17.294122] Key 5 (e656931515...): Success | Remaining: 84 | Posts collected: 10
[2025-07-01 16:13:22.761721] Key 5 (e656931515...): Success | Remaining: 83 | Posts collected: 10
[2025-07-01 16:13:31.043508] Key 5 (e656931515...): Success | Remaining: 82 | Posts collected: 11
[2025-07-01 16:13:40.338456] Key 5 (e656931515...): Success | Remaining: 81 | Posts collected: 11
[2025-07-01 16:13:47.879302] Key 5 (e656931515...): Success | Remaining: 80 | Posts collected: 12
[2025-07-01 16:13:50.469506] Key 1 (365a180c9c...): Rate limit (429) | Remaining: 0 | Posts collected: 0
[2025-07-01 16:13:50.916040] Key 2 (206ee9d1d7...): Rate limit (429) | Remaining: 0 | Posts collected: 0
[2025-07-01 16:13:51.339516] Key 3 (5851b48ca1...): Rate limit (429) | Remaining: 0 | Posts collected: 0
[2025-07-01 16:13:51.672819] Key 4 (b97bca3d18...): Rate limit (429) | Remaining: 0 | Posts collected: 0
[2025-07-01 16:13:55.629637] Key 5 (e656931515...): Success | Remaining: 79 | Posts collected: 12
[2025-07-01 16:14:00.832729] Key 5 (e656931515...): Success | Remaining: 78 | Posts collected: 14
[2025-07-01 16:14:03.539862] Key 1 (365a180c9c...): Rate limit (429) | Remaining: 0 | Posts collected: 0
[2025-07-01 16:14:04.056104] Key 2 (206ee9d1d7...): Rate limit (429) | Remaining: 0 | Posts collected: 0
[2025-07-01 16:14:04.377927] Key 3 (5851b48ca1...): Rate limit (429) | Remaining: 0 | Posts collected: 0
[2025-07-01 16:14:04.725664] Key 4 (b97bca3d18...): Rate limit (429) | Remaining: 0 | Posts collected: 0
[2025-07-01 16:14:07.826752] Key 5 (e656931515...): Success | Remaining: 77 | Posts collected: 14
[2025-07-01 16:14:15.159405] Key 5 (e656931515...): Success | Remaining: 76 | Posts collected: 14
[2025-07-01 16:14:24.986092] Key 5 (e656931515...): Success | Remaining: 75 | Posts collected: 14
[2025-07-01 16:14:30.969729] Key 5 (e656931515...): Success | Remaining: 74 | Posts collected: 14
[2025-07-01 16:14:38.863811] Key 5 (e656931515...): Success | Remaining: 73 | Posts collected: 14
[2025-07-01 16:14:47.131157] Key 5 (e656931515...): Success | Remaining: 72 | Posts collected: 16
[2025-07-01 16:14:49.010601] Key 1 (365a180c9c...): Rate limit (429) | Remaining: 0 | Posts collected: 0
[2025-07-01 16:14:49.286386] Key 2 (206ee9d1d7...): Rate limit (429) | Remaining: 0 | Posts collected: 0
[2025-07-01 16:14:49.554092] Key 3 (5851b48ca1...): Rate limit (429) | Remaining: 0 | Posts collected: 0
[2025-07-01 16:14:49.823379] Key 4 (b97bca3d18...): Rate limit (429) | Remaining: 0 | Posts collected: 0
[2025-07-01 16:14:54.111596] Key 5 (e656931515...): Success | Remaining: 71 | Posts collected: 18

=== Summary of Key Usage (2025-07-01 16:14:56) ===
Key 1 (365a180c9c...): 0/0 requests used | Posts collected: 0
Key 2 (206ee9d1d7...): 0/0 requests used | Posts collected: 0
Key 3 (5851b48ca1...): 0/0 requests used | Posts collected: 0
Key 4 (b97bca3d18...): 0/0 requests used | Posts collected: 0
Key 5 (e656931515...): 27/71 requests used | Posts collected: 18
Key 6 (fea1afa9c3...): 0/? requests used | Posts collected: 0
Key 7 (29933ad7ed...): 0/? requests used | Posts collected: 0
Key 8 (87d8604d8f...): 0/? requests used | Posts collected: 0
Key 9 (8838d519d7...): 0/? requests used | Posts collected: 0
Key 10 (06940bae07...): 0/? requests used | Posts collected: 0
============================

[2025-07-01 17:15:21.447408] Key 1 (365a180c9c...): Rate limit (429) | Remaining: 0 | Posts collected: 0
[2025-07-01 17:15:21.711835] Key 2 (206ee9d1d7...): Rate limit (429) | Remaining: 0 | Posts collected: 0
[2025-07-01 17:15:22.012342] Key 3 (5851b48ca1...): Rate limit (429) | Remaining: 0 | Posts collected: 0
[2025-07-01 17:15:22.358184] Key 4 (b97bca3d18...): Rate limit (429) | Remaining: 0 | Posts collected: 0
[2025-07-01 17:15:22.722965] Key 5 (e656931515...): Request failed with status 422 | Remaining: 3 | Posts collected: 0
[2025-07-01 17:15:22.987576] Key 1 (365a180c9c...): Rate limit (429) | Remaining: 0 | Posts collected: 0
[2025-07-01 17:15:23.319174] Key 2 (206ee9d1d7...): Rate limit (429) | Remaining: 0 | Posts collected: 0
[2025-07-01 17:15:23.649375] Key 3 (5851b48ca1...): Rate limit (429) | Remaining: 0 | Posts collected: 0
[2025-07-01 17:15:24.005308] Key 4 (b97bca3d18...): Rate limit (429) | Remaining: 0 | Posts collected: 0
[2025-07-01 17:15:24.374617] Key 5 (e656931515...): Request failed with status 422 | Remaining: 2 | Posts collected: 0
[2025-07-01 17:15:24.644200] Key 1 (365a180c9c...): Rate limit (429) | Remaining: 0 | Posts collected: 0
[2025-07-01 17:15:25.072971] Key 2 (206ee9d1d7...): Rate limit (429) | Remaining: 0 | Posts collected: 0
[2025-07-01 17:15:25.420488] Key 3 (5851b48ca1...): Rate limit (429) | Remaining: 0 | Posts collected: 0
[2025-07-01 17:15:25.826835] Key 4 (b97bca3d18...): Rate limit (429) | Remaining: 0 | Posts collected: 0
[2025-07-01 17:15:26.119494] Key 5 (e656931515...): Request failed with status 422 | Remaining: 1 | Posts collected: 0
[2025-07-01 17:15:26.450493] Key 1 (365a180c9c...): Rate limit (429) | Remaining: 0 | Posts collected: 0
[2025-07-01 17:15:26.721696] Key 2 (206ee9d1d7...): Rate limit (429) | Remaining: 0 | Posts collected: 0
[2025-07-01 17:15:27.130632] Key 3 (5851b48ca1...): Rate limit (429) | Remaining: 0 | Posts collected: 0
[2025-07-01 17:15:27.432085] Key 4 (b97bca3d18...): Rate limit (429) | Remaining: 0 | Posts collected: 0
[2025-07-01 17:15:27.750502] Key 5 (e656931515...): Request failed with status 422 | Remaining: 0 | Posts collected: 0
[2025-07-01 17:15:28.022309] Key 1 (365a180c9c...): Rate limit (429) | Remaining: 0 | Posts collected: 0
[2025-07-01 17:15:28.286577] Key 2 (206ee9d1d7...): Rate limit (429) | Remaining: 0 | Posts collected: 0
[2025-07-01 17:15:28.552830] Key 3 (5851b48ca1...): Rate limit (429) | Remaining: 0 | Posts collected: 0
[2025-07-01 17:15:28.944863] Key 4 (b97bca3d18...): Rate limit (429) | Remaining: 0 | Posts collected: 0
[2025-07-01 17:15:29.207939] Key 5 (e656931515...): Rate limit (429) | Remaining: 0 | Posts collected: 0
[2025-07-01 17:15:30.292533] Key 6 (fea1afa9c3...): Request failed with status 403 | Remaining: ? | Posts collected: 0
[2025-07-01 17:15:30.635896] Key 1 (365a180c9c...): Rate limit (429) | Remaining: 0 | Posts collected: 0
[2025-07-01 17:15:31.031295] Key 2 (206ee9d1d7...): Rate limit (429) | Remaining: 0 | Posts collected: 0
[2025-07-01 17:15:32.273370] Key 3 (5851b48ca1...): Rate limit (429) | Remaining: 0 | Posts collected: 0
[2025-07-01 17:15:32.634741] Key 4 (b97bca3d18...): Rate limit (429) | Remaining: 0 | Posts collected: 0
[2025-07-01 17:15:32.950862] Key 5 (e656931515...): Rate limit (429) | Remaining: 0 | Posts collected: 0
[2025-07-01 17:15:33.979712] Key 6 (fea1afa9c3...): Request failed with status 403 | Remaining: ? | Posts collected: 0
[2025-07-01 17:15:34.315700] Key 1 (365a180c9c...): Rate limit (429) | Remaining: 0 | Posts collected: 0
[2025-07-01 17:15:34.627070] Key 2 (206ee9d1d7...): Rate limit (429) | Remaining: 0 | Posts collected: 0
[2025-07-01 17:15:35.020670] Key 3 (5851b48ca1...): Rate limit (429) | Remaining: 0 | Posts collected: 0
[2025-07-01 17:15:35.355119] Key 4 (b97bca3d18...): Rate limit (429) | Remaining: 0 | Posts collected: 0
[2025-07-01 17:15:35.776231] Key 5 (e656931515...): Rate limit (429) | Remaining: 0 | Posts collected: 0
[2025-07-01 17:15:36.141234] Key 6 (fea1afa9c3...): Rate limit (429) | Remaining: ? | Posts collected: 0
[2025-07-01 17:15:36.430118] Key 7 (29933ad7ed...): Request failed with status 422 | Remaining: 81 | Posts collected: 0
[2025-07-01 17:15:36.751180] Key 1 (365a180c9c...): Rate limit (429) | Remaining: 0 | Posts collected: 0
[2025-07-01 17:15:37.054819] Key 2 (206ee9d1d7...): Rate limit (429) | Remaining: 0 | Posts collected: 0
[2025-07-01 17:15:37.318134] Key 3 (5851b48ca1...): Rate limit (429) | Remaining: 0 | Posts collected: 0
[2025-07-01 17:15:37.598524] Key 4 (b97bca3d18...): Rate limit (429) | Remaining: 0 | Posts collected: 0
[2025-07-01 17:15:37.862088] Key 5 (e656931515...): Rate limit (429) | Remaining: 0 | Posts collected: 0
[2025-07-01 17:15:38.835133] Key 6 (fea1afa9c3...): Request failed with status 403 | Remaining: ? | Posts collected: 0
[2025-07-01 17:15:39.208062] Key 1 (365a180c9c...): Rate limit (429) | Remaining: 0 | Posts collected: 0
[2025-07-01 17:15:39.569810] Key 2 (206ee9d1d7...): Rate limit (429) | Remaining: 0 | Posts collected: 0
[2025-07-01 17:15:40.004036] Key 3 (5851b48ca1...): Rate limit (429) | Remaining: 0 | Posts collected: 0
[2025-07-01 17:15:40.332549] Key 4 (b97bca3d18...): Rate limit (429) | Remaining: 0 | Posts collected: 0
[2025-07-01 17:15:40.686939] Key 5 (e656931515...): Rate limit (429) | Remaining: 0 | Posts collected: 0
[2025-07-01 17:15:41.804409] Key 6 (fea1afa9c3...): Request failed with status 403 | Remaining: ? | Posts collected: 0

=== Summary of Key Usage (2025-07-01 17:15:41) ===
Key 1 (365a180c9c...): 0/0 requests used | Posts collected: 0
Key 2 (206ee9d1d7...): 0/0 requests used | Posts collected: 0
Key 3 (5851b48ca1...): 0/0 requests used | Posts collected: 0
Key 4 (b97bca3d18...): 0/0 requests used | Posts collected: 0
Key 5 (e656931515...): 0/0 requests used | Posts collected: 0
Key 6 (fea1afa9c3...): 0/? requests used | Posts collected: 0
Key 7 (29933ad7ed...): 0/81 requests used | Posts collected: 0
Key 8 (87d8604d8f...): 0/? requests used | Posts collected: 0
Key 9 (8838d519d7...): 0/? requests used | Posts collected: 0
Key 10 (06940bae07...): 0/? requests used | Posts collected: 0
Key 11 (b5afc36490...): 0/? requests used | Posts collected: 0
Key 12 (c4522681c5...): 0/? requests used | Posts collected: 0
============================

[2025-07-01 17:17:29.310268] Key 1 (365a180c9c...): Rate limit (429) | Remaining: 0 | Posts collected: 0
[2025-07-01 17:17:29.663999] Key 2 (206ee9d1d7...): Rate limit (429) | Remaining: 0 | Posts collected: 0
[2025-07-01 17:17:29.949924] Key 3 (5851b48ca1...): Rate limit (429) | Remaining: 0 | Posts collected: 0
[2025-07-01 17:17:30.242477] Key 4 (b97bca3d18...): Rate limit (429) | Remaining: 0 | Posts collected: 0
[2025-07-01 17:17:30.605100] Key 5 (e656931515...): Rate limit (429) | Remaining: 0 | Posts collected: 0
[2025-07-01 17:17:31.389546] Key 6 (fea1afa9c3...): Request failed with status 403 | Remaining: ? | Posts collected: 0
[2025-07-01 17:17:31.657631] Key 1 (365a180c9c...): Rate limit (429) | Remaining: 0 | Posts collected: 0
[2025-07-01 17:17:31.959581] Key 2 (206ee9d1d7...): Rate limit (429) | Remaining: 0 | Posts collected: 0
[2025-07-01 17:17:32.241034] Key 3 (5851b48ca1...): Rate limit (429) | Remaining: 0 | Posts collected: 0
[2025-07-01 17:17:32.535436] Key 4 (b97bca3d18...): Rate limit (429) | Remaining: 0 | Posts collected: 0
[2025-07-01 17:17:32.842532] Key 5 (e656931515...): Rate limit (429) | Remaining: 0 | Posts collected: 0
[2025-07-01 17:17:33.187556] Key 6 (fea1afa9c3...): Rate limit (429) | Remaining: ? | Posts collected: 0
[2025-07-01 17:17:36.154263] Key 7 (29933ad7ed...): Success | Remaining: 80 | Posts collected: 2
[2025-07-01 17:17:46.970127] Key 7 (29933ad7ed...): Success | Remaining: 79 | Posts collected: 4
[2025-07-01 17:18:00.705043] Key 7 (29933ad7ed...): Success | Remaining: 78 | Posts collected: 5
[2025-07-01 17:18:03.742545] Key 1 (365a180c9c...): Rate limit (429) | Remaining: 0 | Posts collected: 0
[2025-07-01 17:18:04.010104] Key 2 (206ee9d1d7...): Rate limit (429) | Remaining: 0 | Posts collected: 0
[2025-07-01 17:18:04.370110] Key 3 (5851b48ca1...): Rate limit (429) | Remaining: 0 | Posts collected: 0
[2025-07-01 17:18:04.641302] Key 4 (b97bca3d18...): Rate limit (429) | Remaining: 0 | Posts collected: 0
[2025-07-01 17:18:05.096339] Key 5 (e656931515...): Rate limit (429) | Remaining: 0 | Posts collected: 0
[2025-07-01 17:18:06.044873] Key 6 (fea1afa9c3...): Request failed with status 403 | Remaining: ? | Posts collected: 0
[2025-07-01 17:18:06.309984] Key 1 (365a180c9c...): Rate limit (429) | Remaining: 0 | Posts collected: 0
[2025-07-01 17:18:06.575103] Key 2 (206ee9d1d7...): Rate limit (429) | Remaining: 0 | Posts collected: 0
[2025-07-01 17:18:06.841540] Key 3 (5851b48ca1...): Rate limit (429) | Remaining: 0 | Posts collected: 0
[2025-07-01 17:18:07.171607] Key 4 (b97bca3d18...): Rate limit (429) | Remaining: 0 | Posts collected: 0
[2025-07-01 17:18:07.532255] Key 5 (e656931515...): Rate limit (429) | Remaining: 0 | Posts collected: 0
[2025-07-01 17:18:07.783203] Key 6 (fea1afa9c3...): Rate limit (429) | Remaining: ? | Posts collected: 0
[2025-07-01 17:18:13.086641] Key 7 (29933ad7ed...): Success | Remaining: 77 | Posts collected: 7
[2025-07-01 17:18:29.721011] Key 7 (29933ad7ed...): Success | Remaining: 76 | Posts collected: 10
[2025-07-01 17:18:31.679340] Key 1 (365a180c9c...): Rate limit (429) | Remaining: 0 | Posts collected: 0
[2025-07-01 17:18:32.134151] Key 2 (206ee9d1d7...): Rate limit (429) | Remaining: 0 | Posts collected: 0
[2025-07-01 17:18:32.401005] Key 3 (5851b48ca1...): Rate limit (429) | Remaining: 0 | Posts collected: 0
[2025-07-01 17:18:32.667191] Key 4 (b97bca3d18...): Rate limit (429) | Remaining: 0 | Posts collected: 0
[2025-07-01 17:18:32.994118] Key 5 (e656931515...): Rate limit (429) | Remaining: 0 | Posts collected: 0
[2025-07-01 17:18:33.901972] Key 6 (fea1afa9c3...): Request failed with status 403 | Remaining: ? | Posts collected: 0
[2025-07-01 17:18:34.178265] Key 1 (365a180c9c...): Rate limit (429) | Remaining: 0 | Posts collected: 0
[2025-07-01 17:18:34.612796] Key 2 (206ee9d1d7...): Rate limit (429) | Remaining: 0 | Posts collected: 0
[2025-07-01 17:18:34.869464] Key 3 (5851b48ca1...): Rate limit (429) | Remaining: 0 | Posts collected: 0
[2025-07-01 17:18:35.152136] Key 4 (b97bca3d18...): Rate limit (429) | Remaining: 0 | Posts collected: 0
[2025-07-01 17:18:35.421464] Key 5 (e656931515...): Rate limit (429) | Remaining: 0 | Posts collected: 0
[2025-07-01 17:18:35.817937] Key 6 (fea1afa9c3...): Rate limit (429) | Remaining: ? | Posts collected: 0
[2025-07-01 17:18:41.012727] Key 7 (29933ad7ed...): Success | Remaining: 75 | Posts collected: 13
[2025-07-01 17:18:57.853943] Key 7 (29933ad7ed...): Success | Remaining: 74 | Posts collected: 14
[2025-07-01 17:19:11.033613] Key 7 (29933ad7ed...): Success | Remaining: 73 | Posts collected: 15
[2025-07-01 17:19:13.711465] Key 1 (365a180c9c...): Rate limit (429) | Remaining: 0 | Posts collected: 0
[2025-07-01 17:19:13.977712] Key 2 (206ee9d1d7...): Rate limit (429) | Remaining: 0 | Posts collected: 0
[2025-07-01 17:19:14.254717] Key 3 (5851b48ca1...): Rate limit (429) | Remaining: 0 | Posts collected: 0
[2025-07-01 17:19:14.519380] Key 4 (b97bca3d18...): Rate limit (429) | Remaining: 0 | Posts collected: 0
[2025-07-01 17:19:14.867682] Key 5 (e656931515...): Rate limit (429) | Remaining: 0 | Posts collected: 0
[2025-07-01 17:19:15.850955] Key 6 (fea1afa9c3...): Request failed with status 403 | Remaining: ? | Posts collected: 0
[2025-07-01 17:19:16.408027] Key 1 (365a180c9c...): Rate limit (429) | Remaining: 0 | Posts collected: 0
[2025-07-01 17:19:16.685275] Key 2 (206ee9d1d7...): Rate limit (429) | Remaining: 0 | Posts collected: 0
[2025-07-01 17:19:16.943839] Key 3 (5851b48ca1...): Rate limit (429) | Remaining: 0 | Posts collected: 0
[2025-07-01 17:19:17.210957] Key 4 (b97bca3d18...): Rate limit (429) | Remaining: 0 | Posts collected: 0
[2025-07-01 17:19:17.476109] Key 5 (e656931515...): Rate limit (429) | Remaining: 0 | Posts collected: 0
[2025-07-01 17:19:17.750363] Key 6 (fea1afa9c3...): Rate limit (429) | Remaining: ? | Posts collected: 0
[2025-07-01 17:19:23.902998] Key 7 (29933ad7ed...): Success | Remaining: 72 | Posts collected: 16
[2025-07-01 17:19:31.051551] Key 7 (29933ad7ed...): Success | Remaining: 71 | Posts collected: 17
[2025-07-01 17:19:46.858517] Key 7 (29933ad7ed...): Success | Remaining: 70 | Posts collected: 19
[2025-07-01 17:19:58.273080] Key 7 (29933ad7ed...): Success | Remaining: 69 | Posts collected: 20
[2025-07-01 17:20:00.729438] Key 1 (365a180c9c...): Rate limit (429) | Remaining: 0 | Posts collected: 0
[2025-07-01 17:20:01.000731] Key 2 (206ee9d1d7...): Rate limit (429) | Remaining: 0 | Posts collected: 0
[2025-07-01 17:20:01.286981] Key 3 (5851b48ca1...): Rate limit (429) | Remaining: 0 | Posts collected: 0
[2025-07-01 17:20:01.553035] Key 4 (b97bca3d18...): Rate limit (429) | Remaining: 0 | Posts collected: 0
[2025-07-01 17:20:01.829544] Key 5 (e656931515...): Rate limit (429) | Remaining: 0 | Posts collected: 0
[2025-07-01 17:20:02.807592] Key 6 (fea1afa9c3...): Request failed with status 403 | Remaining: ? | Posts collected: 0

=== Summary of Key Usage (2025-07-01 17:20:02) ===
Key 1 (365a180c9c...): 0/0 requests used | Posts collected: 0
Key 2 (206ee9d1d7...): 0/0 requests used | Posts collected: 0
Key 3 (5851b48ca1...): 0/0 requests used | Posts collected: 0
Key 4 (b97bca3d18...): 0/0 requests used | Posts collected: 0
Key 5 (e656931515...): 0/0 requests used | Posts collected: 0
Key 6 (fea1afa9c3...): 0/? requests used | Posts collected: 0
Key 7 (29933ad7ed...): 12/69 requests used | Posts collected: 20
Key 8 (87d8604d8f...): 0/? requests used | Posts collected: 0
Key 9 (8838d519d7...): 0/? requests used | Posts collected: 0
Key 10 (06940bae07...): 0/? requests used | Posts collected: 0
Key 11 (b5afc36490...): 0/? requests used | Posts collected: 0
Key 12 (c4522681c5...): 0/? requests used | Posts collected: 0
============================

[2025-07-01 17:30:49.465564] Key 1 (365a180c9c...): Rate limit (429) | Remaining: 0 | Posts collected: 0
[2025-07-01 17:30:49.804408] Key 2 (206ee9d1d7...): Rate limit (429) | Remaining: 0 | Posts collected: 0
[2025-07-01 17:30:50.157242] Key 3 (5851b48ca1...): Rate limit (429) | Remaining: 0 | Posts collected: 0
[2025-07-01 17:30:50.504617] Key 4 (b97bca3d18...): Rate limit (429) | Remaining: 0 | Posts collected: 0
[2025-07-01 17:30:50.905257] Key 5 (e656931515...): Rate limit (429) | Remaining: 0 | Posts collected: 0
[2025-07-01 17:30:51.800820] Key 6 (fea1afa9c3...): Request failed with status 403 | Remaining: ? | Posts collected: 0
[2025-07-01 17:30:52.076189] Key 1 (365a180c9c...): Rate limit (429) | Remaining: 0 | Posts collected: 0
[2025-07-01 17:30:52.445211] Key 2 (206ee9d1d7...): Rate limit (429) | Remaining: 0 | Posts collected: 0
[2025-07-01 17:30:52.858634] Key 3 (5851b48ca1...): Rate limit (429) | Remaining: 0 | Posts collected: 0
[2025-07-01 17:30:53.200222] Key 4 (b97bca3d18...): Rate limit (429) | Remaining: 0 | Posts collected: 0
[2025-07-01 17:30:53.653451] Key 5 (e656931515...): Rate limit (429) | Remaining: 0 | Posts collected: 0
[2025-07-01 17:30:54.094799] Key 6 (fea1afa9c3...): Rate limit (429) | Remaining: ? | Posts collected: 0
[2025-07-01 17:31:01.043922] Key 7 (29933ad7ed...): Success | Remaining: 68 | Posts collected: 3
[2025-07-01 17:31:09.049292] Key 7 (29933ad7ed...): Success | Remaining: 67 | Posts collected: 4
[2025-07-01 17:31:24.504026] Key 7 (29933ad7ed...): Success | Remaining: 66 | Posts collected: 5
[2025-07-01 17:31:32.952819] Key 7 (29933ad7ed...): Success | Remaining: 65 | Posts collected: 8
[2025-07-01 17:31:41.186579] Key 7 (29933ad7ed...): Success | Remaining: 64 | Posts collected: 10
[2025-07-01 17:31:47.976254] Key 7 (29933ad7ed...): Success | Remaining: 63 | Posts collected: 13
[2025-07-01 17:32:03.465247] Key 7 (29933ad7ed...): Success | Remaining: 62 | Posts collected: 15
[2025-07-01 17:32:19.164771] Key 7 (29933ad7ed...): Success | Remaining: 60 | Posts collected: 16
[2025-07-01 17:32:26.405706] Key 7 (29933ad7ed...): Success | Remaining: 59 | Posts collected: 17
[2025-07-01 17:32:35.704034] Key 7 (29933ad7ed...): Success | Remaining: 58 | Posts collected: 18
[2025-07-01 17:32:44.103323] Key 7 (29933ad7ed...): Success | Remaining: 57 | Posts collected: 21
[2025-07-01 17:32:52.565598] Key 7 (29933ad7ed...): Success | Remaining: 56 | Posts collected: 23
[2025-07-01 17:33:00.515142] Key 7 (29933ad7ed...): Success | Remaining: 55 | Posts collected: 25
[2025-07-01 17:33:08.282476] Key 7 (29933ad7ed...): Success | Remaining: 54 | Posts collected: 27
[2025-07-01 17:33:16.340287] Key 7 (29933ad7ed...): Success | Remaining: 53 | Posts collected: 29
[2025-07-01 17:33:21.142473] Key 7 (29933ad7ed...): Success | Remaining: 52 | Posts collected: 32
[2025-07-01 17:33:35.458767] Key 7 (29933ad7ed...): Success | Remaining: 51 | Posts collected: 35
[2025-07-01 17:33:50.967823] Key 7 (29933ad7ed...): Success | Remaining: 50 | Posts collected: 38
[2025-07-01 17:33:56.229101] Key 7 (29933ad7ed...): Success | Remaining: 49 | Posts collected: 38
[2025-07-01 17:34:02.878726] Key 7 (29933ad7ed...): Success | Remaining: 48 | Posts collected: 40
[2025-07-01 17:34:08.337642] Key 7 (29933ad7ed...): Success | Remaining: 47 | Posts collected: 43
[2025-07-01 17:34:14.046917] Key 7 (29933ad7ed...): Success | Remaining: 46 | Posts collected: 43
[2025-07-01 17:34:24.804135] Key 7 (29933ad7ed...): Success | Remaining: 45 | Posts collected: 44
[2025-07-01 17:34:34.293606] Key 7 (29933ad7ed...): Success | Remaining: 44 | Posts collected: 45
[2025-07-01 17:34:45.116534] Key 7 (29933ad7ed...): Success | Remaining: 43 | Posts collected: 47
[2025-07-01 17:34:50.976561] Key 7 (29933ad7ed...): Success | Remaining: 42 | Posts collected: 48
[2025-07-01 17:35:01.693907] Key 7 (29933ad7ed...): Success | Remaining: 41 | Posts collected: 50
[2025-07-01 17:35:04.820514] Key 1 (365a180c9c...): Rate limit (429) | Remaining: 0 | Posts collected: 0
[2025-07-01 17:35:05.195808] Key 2 (206ee9d1d7...): Rate limit (429) | Remaining: 0 | Posts collected: 0
[2025-07-01 17:35:05.462444] Key 3 (5851b48ca1...): Rate limit (429) | Remaining: 0 | Posts collected: 0
[2025-07-01 17:35:05.935131] Key 4 (b97bca3d18...): Rate limit (429) | Remaining: 0 | Posts collected: 0
[2025-07-01 17:35:06.256099] Key 5 (e656931515...): Rate limit (429) | Remaining: 0 | Posts collected: 0
[2025-07-01 17:35:07.201504] Key 6 (fea1afa9c3...): Request failed with status 403 | Remaining: ? | Posts collected: 0

=== Summary of Key Usage (2025-07-01 17:35:07) ===
Key 1 (365a180c9c...): 0/0 requests used | Posts collected: 0
Key 2 (206ee9d1d7...): 0/0 requests used | Posts collected: 0
Key 3 (5851b48ca1...): 0/0 requests used | Posts collected: 0
Key 4 (b97bca3d18...): 0/0 requests used | Posts collected: 0
Key 5 (e656931515...): 0/0 requests used | Posts collected: 0
Key 6 (fea1afa9c3...): 0/? requests used | Posts collected: 0
Key 7 (29933ad7ed...): 27/41 requests used | Posts collected: 50
Key 8 (87d8604d8f...): 0/? requests used | Posts collected: 0
Key 9 (8838d519d7...): 0/? requests used | Posts collected: 0
Key 10 (06940bae07...): 0/? requests used | Posts collected: 0
Key 11 (b5afc36490...): 0/? requests used | Posts collected: 0
Key 12 (c4522681c5...): 0/? requests used | Posts collected: 0
============================

[2025-07-01 17:52:09.242242] Key 1 (365a180c9c...): Rate limit (429) | Remaining: 0 | Posts collected: 0
[2025-07-01 17:52:09.624122] Key 2 (206ee9d1d7...): Rate limit (429) | Remaining: 0 | Posts collected: 0
[2025-07-01 17:52:09.942268] Key 3 (5851b48ca1...): Rate limit (429) | Remaining: 0 | Posts collected: 0
[2025-07-01 17:52:10.275157] Key 4 (b97bca3d18...): Rate limit (429) | Remaining: 0 | Posts collected: 0
[2025-07-01 17:52:10.675247] Key 5 (e656931515...): Rate limit (429) | Remaining: 0 | Posts collected: 0
[2025-07-01 17:52:11.600902] Key 6 (fea1afa9c3...): Request failed with status 403 | Remaining: ? | Posts collected: 0
[2025-07-01 17:52:11.950507] Key 1 (365a180c9c...): Rate limit (429) | Remaining: 0 | Posts collected: 0
[2025-07-01 17:52:12.225250] Key 2 (206ee9d1d7...): Rate limit (429) | Remaining: 0 | Posts collected: 0
[2025-07-01 17:52:12.565544] Key 3 (5851b48ca1...): Rate limit (429) | Remaining: 0 | Posts collected: 0
[2025-07-01 17:52:12.986760] Key 4 (b97bca3d18...): Rate limit (429) | Remaining: 0 | Posts collected: 0
[2025-07-01 17:52:13.311676] Key 5 (e656931515...): Rate limit (429) | Remaining: 0 | Posts collected: 0
[2025-07-01 17:52:13.647721] Key 6 (fea1afa9c3...): Rate limit (429) | Remaining: ? | Posts collected: 0
[2025-07-01 17:52:19.276413] Key 7 (29933ad7ed...): Success | Remaining: 30 | Posts collected: 3
[2025-07-01 18:20:38.883496] Key 1 (365a180c9c...): Rate limit (429) | Remaining: 0 | Posts collected: 0
[2025-07-01 18:20:39.183058] Key 2 (206ee9d1d7...): Rate limit (429) | Remaining: 0 | Posts collected: 0
[2025-07-01 18:20:39.597838] Key 3 (5851b48ca1...): Rate limit (429) | Remaining: 0 | Posts collected: 0
[2025-07-01 18:20:39.853428] Key 4 (b97bca3d18...): Rate limit (429) | Remaining: 0 | Posts collected: 0
[2025-07-01 18:20:40.224228] Key 5 (e656931515...): Rate limit (429) | Remaining: 0 | Posts collected: 0
[2025-07-01 18:20:41.183835] Key 6 (fea1afa9c3...): Request failed with status 403 | Remaining: ? | Posts collected: 0
[2025-07-01 18:20:41.532177] Key 1 (365a180c9c...): Rate limit (429) | Remaining: 0 | Posts collected: 0
[2025-07-01 18:20:41.798899] Key 2 (206ee9d1d7...): Rate limit (429) | Remaining: 0 | Posts collected: 0
[2025-07-01 18:20:42.061659] Key 3 (5851b48ca1...): Rate limit (429) | Remaining: 0 | Posts collected: 0
[2025-07-01 18:20:42.354896] Key 4 (b97bca3d18...): Rate limit (429) | Remaining: 0 | Posts collected: 0
[2025-07-01 18:20:42.650283] Key 5 (e656931515...): Rate limit (429) | Remaining: 0 | Posts collected: 0
[2025-07-01 18:20:42.917567] Key 6 (fea1afa9c3...): Rate limit (429) | Remaining: ? | Posts collected: 0
[2025-07-01 18:20:46.455217] Key 7 (29933ad7ed...): Success | Remaining: 24 | Posts collected: 3
[2025-07-01 18:20:55.209821] Key 7 (29933ad7ed...): Success | Remaining: 23 | Posts collected: 5
[2025-07-01 18:21:02.010533] Key 7 (29933ad7ed...): Success | Remaining: 22 | Posts collected: 7
[2025-07-01 18:21:07.384770] Key 7 (29933ad7ed...): Success | Remaining: 21 | Posts collected: 9
[2025-07-01 18:21:17.644854] Key 7 (29933ad7ed...): Success | Remaining: 20 | Posts collected: 12
[2025-07-01 18:21:22.954517] Key 7 (29933ad7ed...): Success | Remaining: 19 | Posts collected: 14
[2025-07-01 18:21:36.269278] Key 7 (29933ad7ed...): Success | Remaining: 18 | Posts collected: 15
[2025-07-01 18:21:47.051717] Key 7 (29933ad7ed...): Success | Remaining: 17 | Posts collected: 16
[2025-07-01 18:21:52.431181] Key 7 (29933ad7ed...): Success | Remaining: 16 | Posts collected: 18
[2025-07-01 18:21:59.844415] Key 7 (29933ad7ed...): Success | Remaining: 15 | Posts collected: 19
[2025-07-01 18:22:07.432769] Key 7 (29933ad7ed...): Success | Remaining: 14 | Posts collected: 20
[2025-07-01 18:22:10.341432] Key 1 (365a180c9c...): Rate limit (429) | Remaining: 0 | Posts collected: 0
[2025-07-01 18:22:10.616455] Key 2 (206ee9d1d7...): Rate limit (429) | Remaining: 0 | Posts collected: 0
[2025-07-01 18:22:10.997190] Key 3 (5851b48ca1...): Rate limit (429) | Remaining: 0 | Posts collected: 0
[2025-07-01 18:22:11.272533] Key 4 (b97bca3d18...): Rate limit (429) | Remaining: 0 | Posts collected: 0
[2025-07-01 18:22:11.635928] Key 5 (e656931515...): Rate limit (429) | Remaining: 0 | Posts collected: 0
[2025-07-01 18:22:12.502291] Key 6 (fea1afa9c3...): Request failed with status 403 | Remaining: ? | Posts collected: 0

=== Summary of Key Usage (2025-07-01 18:22:12) ===
Key 1 (365a180c9c...): 0/0 requests used | Posts collected: 0
Key 2 (206ee9d1d7...): 0/0 requests used | Posts collected: 0
Key 3 (5851b48ca1...): 0/0 requests used | Posts collected: 0
Key 4 (b97bca3d18...): 0/0 requests used | Posts collected: 0
Key 5 (e656931515...): 0/0 requests used | Posts collected: 0
Key 6 (fea1afa9c3...): 0/? requests used | Posts collected: 0
Key 7 (29933ad7ed...): 11/14 requests used | Posts collected: 20
Key 8 (87d8604d8f...): 0/? requests used | Posts collected: 0
Key 9 (8838d519d7...): 0/? requests used | Posts collected: 0
Key 10 (06940bae07...): 0/? requests used | Posts collected: 0
Key 11 (b5afc36490...): 0/? requests used | Posts collected: 0
Key 12 (c4522681c5...): 0/? requests used | Posts collected: 0
============================

[2025-07-02 20:08:33.717677] Key 1 (365a180c9c...): Rate limit (429) | Remaining: 0 | Posts collected: 0
[2025-07-02 20:08:34.764339] Key 2 (206ee9d1d7...): Rate limit (429) | Remaining: 0 | Posts collected: 0
[2025-07-02 20:08:35.904504] Key 3 (5851b48ca1...): Rate limit (429) | Remaining: 0 | Posts collected: 0
[2025-07-02 20:08:37.023582] Key 4 (b97bca3d18...): Rate limit (429) | Remaining: 0 | Posts collected: 0
[2025-07-02 20:08:38.275031] Key 5 (e656931515...): Rate limit (429) | Remaining: 0 | Posts collected: 0
[2025-07-02 20:08:39.376866] Key 6 (fea1afa9c3...): Request failed with status 403 | Remaining: ? | Posts collected: 0
[2025-07-02 20:08:39.826165] Key 1 (365a180c9c...): Rate limit (429) | Remaining: 0 | Posts collected: 0
[2025-07-02 20:08:40.288287] Key 2 (206ee9d1d7...): Rate limit (429) | Remaining: 0 | Posts collected: 0
[2025-07-02 20:08:40.754371] Key 3 (5851b48ca1...): Rate limit (429) | Remaining: 0 | Posts collected: 0
[2025-07-02 20:08:41.233450] Key 4 (b97bca3d18...): Rate limit (429) | Remaining: 0 | Posts collected: 0
[2025-07-02 20:08:41.681218] Key 5 (e656931515...): Rate limit (429) | Remaining: 0 | Posts collected: 0
[2025-07-02 20:08:42.667507] Key 6 (fea1afa9c3...): Request failed with status 403 | Remaining: ? | Posts collected: 0
[2025-07-02 20:08:43.132606] Key 1 (365a180c9c...): Rate limit (429) | Remaining: 0 | Posts collected: 0
[2025-07-02 20:08:43.572218] Key 2 (206ee9d1d7...): Rate limit (429) | Remaining: 0 | Posts collected: 0
[2025-07-02 20:08:44.039116] Key 3 (5851b48ca1...): Rate limit (429) | Remaining: 0 | Posts collected: 0
[2025-07-02 20:08:44.495362] Key 4 (b97bca3d18...): Rate limit (429) | Remaining: 0 | Posts collected: 0
[2025-07-02 20:08:44.973290] Key 5 (e656931515...): Rate limit (429) | Remaining: 0 | Posts collected: 0
[2025-07-02 20:08:45.933008] Key 6 (fea1afa9c3...): Request failed with status 403 | Remaining: ? | Posts collected: 0
[2025-07-02 20:08:46.394919] Key 1 (365a180c9c...): Rate limit (429) | Remaining: 0 | Posts collected: 0
[2025-07-02 20:08:46.840334] Key 2 (206ee9d1d7...): Rate limit (429) | Remaining: 0 | Posts collected: 0
[2025-07-02 20:08:47.291477] Key 3 (5851b48ca1...): Rate limit (429) | Remaining: 0 | Posts collected: 0
[2025-07-02 20:08:47.778515] Key 4 (b97bca3d18...): Rate limit (429) | Remaining: 0 | Posts collected: 0
[2025-07-02 20:08:48.215570] Key 5 (e656931515...): Rate limit (429) | Remaining: 0 | Posts collected: 0
[2025-07-02 20:08:49.246176] Key 6 (fea1afa9c3...): Request failed with status 403 | Remaining: ? | Posts collected: 0
[2025-07-02 20:08:49.702081] Key 1 (365a180c9c...): Rate limit (429) | Remaining: 0 | Posts collected: 0
[2025-07-02 20:08:50.210974] Key 2 (206ee9d1d7...): Rate limit (429) | Remaining: 0 | Posts collected: 0
[2025-07-02 20:08:50.686549] Key 3 (5851b48ca1...): Rate limit (429) | Remaining: 0 | Posts collected: 0
[2025-07-02 20:08:51.140244] Key 4 (b97bca3d18...): Rate limit (429) | Remaining: 0 | Posts collected: 0
[2025-07-02 20:08:51.581946] Key 5 (e656931515...): Rate limit (429) | Remaining: 0 | Posts collected: 0
[2025-07-02 20:08:52.534756] Key 6 (fea1afa9c3...): Request failed with status 403 | Remaining: ? | Posts collected: 0
[2025-07-02 20:08:52.992891] Key 1 (365a180c9c...): Rate limit (429) | Remaining: 0 | Posts collected: 0
[2025-07-02 20:08:53.450860] Key 2 (206ee9d1d7...): Rate limit (429) | Remaining: 0 | Posts collected: 0
[2025-07-02 20:08:53.929116] Key 3 (5851b48ca1...): Rate limit (429) | Remaining: 0 | Posts collected: 0
[2025-07-02 20:08:54.389876] Key 4 (b97bca3d18...): Rate limit (429) | Remaining: 0 | Posts collected: 0
[2025-07-02 20:08:54.859544] Key 5 (e656931515...): Rate limit (429) | Remaining: 0 | Posts collected: 0
[2025-07-02 20:08:56.264302] Key 6 (fea1afa9c3...): Request failed with status 403 | Remaining: ? | Posts collected: 0
[2025-07-02 20:08:56.713271] Key 1 (365a180c9c...): Rate limit (429) | Remaining: 0 | Posts collected: 0
[2025-07-02 20:08:57.177043] Key 2 (206ee9d1d7...): Rate limit (429) | Remaining: 0 | Posts collected: 0
[2025-07-02 20:08:57.732858] Key 3 (5851b48ca1...): Rate limit (429) | Remaining: 0 | Posts collected: 0
[2025-07-02 20:08:58.264187] Key 4 (b97bca3d18...): Rate limit (429) | Remaining: 0 | Posts collected: 0
[2025-07-02 20:08:58.893129] Key 5 (e656931515...): Rate limit (429) | Remaining: 0 | Posts collected: 0
[2025-07-02 20:08:59.983048] Key 6 (fea1afa9c3...): Request failed with status 403 | Remaining: ? | Posts collected: 0
[2025-07-02 20:09:00.465260] Key 1 (365a180c9c...): Rate limit (429) | Remaining: 0 | Posts collected: 0
[2025-07-02 20:09:00.915712] Key 2 (206ee9d1d7...): Rate limit (429) | Remaining: 0 | Posts collected: 0
[2025-07-02 20:09:01.352648] Key 3 (5851b48ca1...): Rate limit (429) | Remaining: 0 | Posts collected: 0
[2025-07-02 20:09:01.761647] Key 4 (b97bca3d18...): Rate limit (429) | Remaining: 0 | Posts collected: 0
[2025-07-02 20:09:02.221294] Key 5 (e656931515...): Rate limit (429) | Remaining: 0 | Posts collected: 0
[2025-07-02 20:09:03.180911] Key 6 (fea1afa9c3...): Request failed with status 403 | Remaining: ? | Posts collected: 0
[2025-07-02 20:09:03.641367] Key 1 (365a180c9c...): Rate limit (429) | Remaining: 0 | Posts collected: 0
[2025-07-02 20:09:04.094938] Key 2 (206ee9d1d7...): Rate limit (429) | Remaining: 0 | Posts collected: 0
[2025-07-02 20:09:04.531529] Key 3 (5851b48ca1...): Rate limit (429) | Remaining: 0 | Posts collected: 0
[2025-07-02 20:09:04.978542] Key 4 (b97bca3d18...): Rate limit (429) | Remaining: 0 | Posts collected: 0
[2025-07-02 20:09:05.426293] Key 5 (e656931515...): Rate limit (429) | Remaining: 0 | Posts collected: 0
[2025-07-02 20:09:06.446717] Key 6 (fea1afa9c3...): Request failed with status 403 | Remaining: ? | Posts collected: 0
[2025-07-02 20:09:06.919837] Key 1 (365a180c9c...): Rate limit (429) | Remaining: 0 | Posts collected: 0
[2025-07-02 20:09:07.411023] Key 2 (206ee9d1d7...): Rate limit (429) | Remaining: 0 | Posts collected: 0
[2025-07-02 20:09:07.826747] Key 3 (5851b48ca1...): Rate limit (429) | Remaining: 0 | Posts collected: 0
[2025-07-02 20:09:08.248727] Key 4 (b97bca3d18...): Rate limit (429) | Remaining: 0 | Posts collected: 0
[2025-07-02 20:09:08.746878] Key 5 (e656931515...): Rate limit (429) | Remaining: 0 | Posts collected: 0
[2025-07-02 20:09:09.771899] Key 6 (fea1afa9c3...): Request failed with status 403 | Remaining: ? | Posts collected: 0
[2025-07-02 20:09:10.229769] Key 1 (365a180c9c...): Rate limit (429) | Remaining: 0 | Posts collected: 0
[2025-07-02 20:09:10.652406] Key 2 (206ee9d1d7...): Rate limit (429) | Remaining: 0 | Posts collected: 0
[2025-07-02 20:09:11.095976] Key 3 (5851b48ca1...): Rate limit (429) | Remaining: 0 | Posts collected: 0
[2025-07-02 20:09:11.511463] Key 4 (b97bca3d18...): Rate limit (429) | Remaining: 0 | Posts collected: 0
[2025-07-02 20:09:11.980805] Key 5 (e656931515...): Rate limit (429) | Remaining: 0 | Posts collected: 0
[2025-07-02 20:09:13.937081] Key 6 (fea1afa9c3...): Request failed with status 403 | Remaining: ? | Posts collected: 0
[2025-07-02 20:09:14.383126] Key 1 (365a180c9c...): Rate limit (429) | Remaining: 0 | Posts collected: 0
[2025-07-02 20:09:14.813248] Key 2 (206ee9d1d7...): Rate limit (429) | Remaining: 0 | Posts collected: 0
[2025-07-02 20:09:15.243980] Key 3 (5851b48ca1...): Rate limit (429) | Remaining: 0 | Posts collected: 0
[2025-07-02 20:09:15.669426] Key 4 (b97bca3d18...): Rate limit (429) | Remaining: 0 | Posts collected: 0
[2025-07-02 20:09:16.090792] Key 5 (e656931515...): Rate limit (429) | Remaining: 0 | Posts collected: 0
[2025-07-02 20:09:17.025306] Key 6 (fea1afa9c3...): Request failed with status 403 | Remaining: ? | Posts collected: 0
[2025-07-02 20:09:17.499353] Key 1 (365a180c9c...): Rate limit (429) | Remaining: 0 | Posts collected: 0
[2025-07-02 20:09:17.934223] Key 2 (206ee9d1d7...): Rate limit (429) | Remaining: 0 | Posts collected: 0
[2025-07-02 20:09:18.367292] Key 3 (5851b48ca1...): Rate limit (429) | Remaining: 0 | Posts collected: 0
[2025-07-02 20:09:18.799922] Key 4 (b97bca3d18...): Rate limit (429) | Remaining: 0 | Posts collected: 0
[2025-07-02 20:09:19.219354] Key 5 (e656931515...): Rate limit (429) | Remaining: 0 | Posts collected: 0
[2025-07-02 20:09:20.245556] Key 6 (fea1afa9c3...): Request failed with status 403 | Remaining: ? | Posts collected: 0
[2025-07-02 20:09:20.699662] Key 1 (365a180c9c...): Rate limit (429) | Remaining: 0 | Posts collected: 0
[2025-07-02 20:09:21.144766] Key 2 (206ee9d1d7...): Rate limit (429) | Remaining: 0 | Posts collected: 0
[2025-07-02 20:09:21.607265] Key 3 (5851b48ca1...): Rate limit (429) | Remaining: 0 | Posts collected: 0
[2025-07-02 20:09:22.049225] Key 4 (b97bca3d18...): Rate limit (429) | Remaining: 0 | Posts collected: 0
[2025-07-02 20:09:22.505260] Key 5 (e656931515...): Rate limit (429) | Remaining: 0 | Posts collected: 0
[2025-07-02 20:09:23.434773] Key 6 (fea1afa9c3...): Request failed with status 403 | Remaining: ? | Posts collected: 0
[2025-07-02 20:09:23.887744] Key 1 (365a180c9c...): Rate limit (429) | Remaining: 0 | Posts collected: 0
[2025-07-02 20:09:24.345589] Key 2 (206ee9d1d7...): Rate limit (429) | Remaining: 0 | Posts collected: 0
[2025-07-02 20:09:24.899308] Key 3 (5851b48ca1...): Rate limit (429) | Remaining: 0 | Posts collected: 0
[2025-07-02 20:09:25.398866] Key 4 (b97bca3d18...): Rate limit (429) | Remaining: 0 | Posts collected: 0
[2025-07-02 20:09:25.859990] Key 5 (e656931515...): Rate limit (429) | Remaining: 0 | Posts collected: 0
[2025-07-02 20:09:26.761219] Key 6 (fea1afa9c3...): Request failed with status 403 | Remaining: ? | Posts collected: 0
[2025-07-02 20:09:27.483078] Key 1 (365a180c9c...): Rate limit (429) | Remaining: 0 | Posts collected: 0
[2025-07-02 20:09:27.883954] Key 2 (206ee9d1d7...): Rate limit (429) | Remaining: 0 | Posts collected: 0
[2025-07-02 20:09:28.299539] Key 3 (5851b48ca1...): Rate limit (429) | Remaining: 0 | Posts collected: 0
[2025-07-02 20:09:28.765436] Key 4 (b97bca3d18...): Rate limit (429) | Remaining: 0 | Posts collected: 0
[2025-07-02 20:09:29.190428] Key 5 (e656931515...): Rate limit (429) | Remaining: 0 | Posts collected: 0
[2025-07-02 20:09:30.167592] Key 6 (fea1afa9c3...): Request failed with status 403 | Remaining: ? | Posts collected: 0
[2025-07-02 20:09:30.610911] Key 1 (365a180c9c...): Rate limit (429) | Remaining: 0 | Posts collected: 0
[2025-07-02 20:09:31.060984] Key 2 (206ee9d1d7...): Rate limit (429) | Remaining: 0 | Posts collected: 0
[2025-07-02 20:09:31.521629] Key 3 (5851b48ca1...): Rate limit (429) | Remaining: 0 | Posts collected: 0
[2025-07-02 20:09:32.246911] Key 4 (b97bca3d18...): Rate limit (429) | Remaining: 0 | Posts collected: 0
[2025-07-02 20:09:32.695597] Key 5 (e656931515...): Rate limit (429) | Remaining: 0 | Posts collected: 0
[2025-07-02 20:09:33.639107] Key 6 (fea1afa9c3...): Request failed with status 403 | Remaining: ? | Posts collected: 0

=== Summary of Key Usage (2025-07-02 20:09:33) ===
Key 1 (365a180c9c...): 0/0 requests used | Posts collected: 0
Key 2 (206ee9d1d7...): 0/0 requests used | Posts collected: 0
Key 3 (5851b48ca1...): 0/0 requests used | Posts collected: 0
Key 4 (b97bca3d18...): 0/0 requests used | Posts collected: 0
Key 5 (e656931515...): 0/0 requests used | Posts collected: 0
Key 6 (fea1afa9c3...): 0/? requests used | Posts collected: 0
Key 7 (29933ad7ed...): 0/? requests used | Posts collected: 0
Key 8 (87d8604d8f...): 0/? requests used | Posts collected: 0
Key 9 (8838d519d7...): 0/? requests used | Posts collected: 0
Key 10 (06940bae07...): 0/? requests used | Posts collected: 0
Key 11 (b5afc36490...): 0/? requests used | Posts collected: 0
Key 12 (c4522681c5...): 0/? requests used | Posts collected: 0
============================

[2025-07-02 22:58:14.430259] Key 1 (365a180c9c...): Rate limit (429) | Remaining: 0 | Posts collected: 0
[2025-07-02 22:58:14.899189] Key 2 (206ee9d1d7...): Rate limit (429) | Remaining: 0 | Posts collected: 0
[2025-07-02 22:58:15.335539] Key 3 (5851b48ca1...): Rate limit (429) | Remaining: 0 | Posts collected: 0
[2025-07-02 22:58:15.797290] Key 4 (b97bca3d18...): Rate limit (429) | Remaining: 0 | Posts collected: 0
[2025-07-02 22:58:16.241008] Key 5 (e656931515...): Rate limit (429) | Remaining: 0 | Posts collected: 0
[2025-07-02 22:58:17.165783] Key 6 (fea1afa9c3...): Request failed with status 403 | Remaining: ? | Posts collected: 0
[2025-07-02 22:58:17.646334] Key 1 (365a180c9c...): Rate limit (429) | Remaining: 0 | Posts collected: 0
[2025-07-02 22:58:18.105983] Key 2 (206ee9d1d7...): Rate limit (429) | Remaining: 0 | Posts collected: 0
[2025-07-02 22:58:18.565973] Key 3 (5851b48ca1...): Rate limit (429) | Remaining: 0 | Posts collected: 0
[2025-07-02 22:58:18.996358] Key 4 (b97bca3d18...): Rate limit (429) | Remaining: 0 | Posts collected: 0
[2025-07-02 22:58:19.432628] Key 5 (e656931515...): Rate limit (429) | Remaining: 0 | Posts collected: 0
[2025-07-02 22:58:20.375316] Key 6 (fea1afa9c3...): Request failed with status 403 | Remaining: ? | Posts collected: 0
[2025-07-02 22:58:20.835755] Key 1 (365a180c9c...): Rate limit (429) | Remaining: 0 | Posts collected: 0
[2025-07-02 22:58:21.264141] Key 2 (206ee9d1d7...): Rate limit (429) | Remaining: 0 | Posts collected: 0
[2025-07-02 22:58:21.701595] Key 3 (5851b48ca1...): Rate limit (429) | Remaining: 0 | Posts collected: 0
[2025-07-02 22:58:22.137760] Key 4 (b97bca3d18...): Rate limit (429) | Remaining: 0 | Posts collected: 0
[2025-07-02 22:58:22.575701] Key 5 (e656931515...): Rate limit (429) | Remaining: 0 | Posts collected: 0
[2025-07-02 22:58:23.522855] Key 6 (fea1afa9c3...): Request failed with status 403 | Remaining: ? | Posts collected: 0
[2025-07-02 22:58:24.981916] Key 1 (365a180c9c...): Rate limit (429) | Remaining: 0 | Posts collected: 0
[2025-07-02 22:58:25.413933] Key 2 (206ee9d1d7...): Rate limit (429) | Remaining: 0 | Posts collected: 0
[2025-07-02 22:58:25.853388] Key 3 (5851b48ca1...): Rate limit (429) | Remaining: 0 | Posts collected: 0
[2025-07-02 22:58:26.305553] Key 4 (b97bca3d18...): Rate limit (429) | Remaining: 0 | Posts collected: 0
[2025-07-02 22:58:26.757261] Key 5 (e656931515...): Rate limit (429) | Remaining: 0 | Posts collected: 0
[2025-07-02 22:58:27.711390] Key 6 (fea1afa9c3...): Request failed with status 403 | Remaining: ? | Posts collected: 0
[2025-07-02 22:58:28.262138] Key 1 (365a180c9c...): Rate limit (429) | Remaining: 0 | Posts collected: 0
[2025-07-02 22:58:28.690116] Key 2 (206ee9d1d7...): Rate limit (429) | Remaining: 0 | Posts collected: 0
[2025-07-02 22:58:29.119489] Key 3 (5851b48ca1...): Rate limit (429) | Remaining: 0 | Posts collected: 0
[2025-07-02 22:58:29.525114] Key 4 (b97bca3d18...): Rate limit (429) | Remaining: 0 | Posts collected: 0
[2025-07-02 22:58:30.002637] Key 5 (e656931515...): Rate limit (429) | Remaining: 0 | Posts collected: 0
[2025-07-02 22:58:30.940789] Key 6 (fea1afa9c3...): Request failed with status 403 | Remaining: ? | Posts collected: 0
[2025-07-02 22:58:31.381246] Key 1 (365a180c9c...): Rate limit (429) | Remaining: 0 | Posts collected: 0
[2025-07-02 22:58:31.999441] Key 2 (206ee9d1d7...): Rate limit (429) | Remaining: 0 | Posts collected: 0
[2025-07-02 22:58:32.463259] Key 3 (5851b48ca1...): Rate limit (429) | Remaining: 0 | Posts collected: 0
[2025-07-02 22:58:32.901354] Key 4 (b97bca3d18...): Rate limit (429) | Remaining: 0 | Posts collected: 0
[2025-07-02 22:58:33.333108] Key 5 (e656931515...): Rate limit (429) | Remaining: 0 | Posts collected: 0
[2025-07-02 22:58:34.195647] Key 6 (fea1afa9c3...): Request failed with status 403 | Remaining: ? | Posts collected: 0
[2025-07-02 22:58:34.625357] Key 1 (365a180c9c...): Rate limit (429) | Remaining: 0 | Posts collected: 0
[2025-07-02 22:58:35.127793] Key 2 (206ee9d1d7...): Rate limit (429) | Remaining: 0 | Posts collected: 0
[2025-07-02 22:58:35.552938] Key 3 (5851b48ca1...): Rate limit (429) | Remaining: 0 | Posts collected: 0
[2025-07-02 22:58:36.003279] Key 4 (b97bca3d18...): Rate limit (429) | Remaining: 0 | Posts collected: 0
[2025-07-02 22:58:36.422345] Key 5 (e656931515...): Rate limit (429) | Remaining: 0 | Posts collected: 0
[2025-07-02 22:58:37.341050] Key 6 (fea1afa9c3...): Request failed with status 403 | Remaining: ? | Posts collected: 0
[2025-07-02 22:58:37.784727] Key 1 (365a180c9c...): Rate limit (429) | Remaining: 0 | Posts collected: 0
[2025-07-02 22:58:38.193508] Key 2 (206ee9d1d7...): Rate limit (429) | Remaining: 0 | Posts collected: 0
[2025-07-02 22:58:38.634064] Key 3 (5851b48ca1...): Rate limit (429) | Remaining: 0 | Posts collected: 0
[2025-07-02 22:58:39.073711] Key 4 (b97bca3d18...): Rate limit (429) | Remaining: 0 | Posts collected: 0
[2025-07-02 22:58:39.518936] Key 5 (e656931515...): Rate limit (429) | Remaining: 0 | Posts collected: 0
[2025-07-02 22:58:40.582889] Key 6 (fea1afa9c3...): Request failed with status 403 | Remaining: ? | Posts collected: 0
[2025-07-02 22:58:41.013273] Key 1 (365a180c9c...): Rate limit (429) | Remaining: 0 | Posts collected: 0
[2025-07-02 22:58:41.443711] Key 2 (206ee9d1d7...): Rate limit (429) | Remaining: 0 | Posts collected: 0
[2025-07-02 22:58:41.903020] Key 3 (5851b48ca1...): Rate limit (429) | Remaining: 0 | Posts collected: 0
[2025-07-02 22:58:42.325631] Key 4 (b97bca3d18...): Rate limit (429) | Remaining: 0 | Posts collected: 0
[2025-07-02 22:58:42.772356] Key 5 (e656931515...): Rate limit (429) | Remaining: 0 | Posts collected: 0
[2025-07-02 22:58:43.731570] Key 6 (fea1afa9c3...): Request failed with status 403 | Remaining: ? | Posts collected: 0
[2025-07-02 22:58:44.161718] Key 1 (365a180c9c...): Rate limit (429) | Remaining: 0 | Posts collected: 0
[2025-07-02 22:58:44.593532] Key 2 (206ee9d1d7...): Rate limit (429) | Remaining: 0 | Posts collected: 0
[2025-07-02 22:58:44.999508] Key 3 (5851b48ca1...): Rate limit (429) | Remaining: 0 | Posts collected: 0
[2025-07-02 22:58:45.403704] Key 4 (b97bca3d18...): Rate limit (429) | Remaining: 0 | Posts collected: 0
[2025-07-02 22:58:45.825620] Key 5 (e656931515...): Rate limit (429) | Remaining: 0 | Posts collected: 0
[2025-07-02 22:58:46.912247] Key 6 (fea1afa9c3...): Request failed with status 403 | Remaining: ? | Posts collected: 0
[2025-07-02 22:58:47.345074] Key 1 (365a180c9c...): Rate limit (429) | Remaining: 0 | Posts collected: 0
[2025-07-02 22:58:47.784031] Key 2 (206ee9d1d7...): Rate limit (429) | Remaining: 0 | Posts collected: 0
[2025-07-02 22:58:48.220070] Key 3 (5851b48ca1...): Rate limit (429) | Remaining: 0 | Posts collected: 0
[2025-07-02 22:58:48.644620] Key 4 (b97bca3d18...): Rate limit (429) | Remaining: 0 | Posts collected: 0
[2025-07-02 22:58:49.074092] Key 5 (e656931515...): Rate limit (429) | Remaining: 0 | Posts collected: 0
[2025-07-02 22:58:49.980767] Key 6 (fea1afa9c3...): Request failed with status 403 | Remaining: ? | Posts collected: 0
[2025-07-02 22:58:50.421026] Key 1 (365a180c9c...): Rate limit (429) | Remaining: 0 | Posts collected: 0
[2025-07-02 22:58:50.832201] Key 2 (206ee9d1d7...): Rate limit (429) | Remaining: 0 | Posts collected: 0
[2025-07-02 22:58:51.259942] Key 3 (5851b48ca1...): Rate limit (429) | Remaining: 0 | Posts collected: 0
[2025-07-02 22:58:51.670774] Key 4 (b97bca3d18...): Rate limit (429) | Remaining: 0 | Posts collected: 0
[2025-07-02 22:58:52.127997] Key 5 (e656931515...): Rate limit (429) | Remaining: 0 | Posts collected: 0
[2025-07-02 22:58:53.053592] Key 6 (fea1afa9c3...): Request failed with status 403 | Remaining: ? | Posts collected: 0
[2025-07-02 22:58:53.511594] Key 1 (365a180c9c...): Rate limit (429) | Remaining: 0 | Posts collected: 0
[2025-07-02 22:58:53.975802] Key 2 (206ee9d1d7...): Rate limit (429) | Remaining: 0 | Posts collected: 0
[2025-07-02 22:58:54.395777] Key 3 (5851b48ca1...): Rate limit (429) | Remaining: 0 | Posts collected: 0
[2025-07-02 22:58:54.837220] Key 4 (b97bca3d18...): Rate limit (429) | Remaining: 0 | Posts collected: 0
[2025-07-02 22:58:55.284639] Key 5 (e656931515...): Rate limit (429) | Remaining: 0 | Posts collected: 0
[2025-07-02 22:58:56.223796] Key 6 (fea1afa9c3...): Request failed with status 403 | Remaining: ? | Posts collected: 0
[2025-07-02 22:58:56.712459] Key 1 (365a180c9c...): Rate limit (429) | Remaining: 0 | Posts collected: 0
[2025-07-02 22:58:57.303161] Key 2 (206ee9d1d7...): Rate limit (429) | Remaining: 0 | Posts collected: 0
[2025-07-02 22:58:57.737939] Key 3 (5851b48ca1...): Rate limit (429) | Remaining: 0 | Posts collected: 0
[2025-07-02 22:58:58.182696] Key 4 (b97bca3d18...): Rate limit (429) | Remaining: 0 | Posts collected: 0
[2025-07-02 22:58:58.589879] Key 5 (e656931515...): Rate limit (429) | Remaining: 0 | Posts collected: 0
[2025-07-02 22:58:59.535477] Key 6 (fea1afa9c3...): Request failed with status 403 | Remaining: ? | Posts collected: 0
[2025-07-02 22:58:59.963722] Key 1 (365a180c9c...): Rate limit (429) | Remaining: 0 | Posts collected: 0
[2025-07-02 22:59:00.423092] Key 2 (206ee9d1d7...): Rate limit (429) | Remaining: 0 | Posts collected: 0
[2025-07-02 22:59:00.845931] Key 3 (5851b48ca1...): Rate limit (429) | Remaining: 0 | Posts collected: 0
[2025-07-02 22:59:01.293860] Key 4 (b97bca3d18...): Rate limit (429) | Remaining: 0 | Posts collected: 0
[2025-07-02 22:59:01.733279] Key 5 (e656931515...): Rate limit (429) | Remaining: 0 | Posts collected: 0
[2025-07-02 22:59:03.145377] Key 6 (fea1afa9c3...): Request failed with status 403 | Remaining: ? | Posts collected: 0
[2025-07-02 22:59:03.614309] Key 1 (365a180c9c...): Rate limit (429) | Remaining: 0 | Posts collected: 0
[2025-07-02 22:59:04.087844] Key 2 (206ee9d1d7...): Rate limit (429) | Remaining: 0 | Posts collected: 0
[2025-07-02 22:59:04.532164] Key 3 (5851b48ca1...): Rate limit (429) | Remaining: 0 | Posts collected: 0
[2025-07-02 22:59:04.957166] Key 4 (b97bca3d18...): Rate limit (429) | Remaining: 0 | Posts collected: 0
[2025-07-02 22:59:05.475686] Key 5 (e656931515...): Rate limit (429) | Remaining: 0 | Posts collected: 0
[2025-07-02 22:59:06.480727] Key 6 (fea1afa9c3...): Request failed with status 403 | Remaining: ? | Posts collected: 0
[2025-07-02 22:59:07.092979] Key 1 (365a180c9c...): Rate limit (429) | Remaining: 0 | Posts collected: 0
[2025-07-02 22:59:07.644235] Key 2 (206ee9d1d7...): Rate limit (429) | Remaining: 0 | Posts collected: 0
[2025-07-02 22:59:08.129664] Key 3 (5851b48ca1...): Rate limit (429) | Remaining: 0 | Posts collected: 0
[2025-07-02 22:59:08.610357] Key 4 (b97bca3d18...): Rate limit (429) | Remaining: 0 | Posts collected: 0
[2025-07-02 22:59:09.042460] Key 5 (e656931515...): Rate limit (429) | Remaining: 0 | Posts collected: 0
[2025-07-02 22:59:09.988350] Key 6 (fea1afa9c3...): Request failed with status 403 | Remaining: ? | Posts collected: 0

=== Summary of Key Usage (2025-07-02 22:59:10) ===
Key 1 (365a180c9c...): 0/0 requests used | Posts collected: 0
Key 2 (206ee9d1d7...): 0/0 requests used | Posts collected: 0
Key 3 (5851b48ca1...): 0/0 requests used | Posts collected: 0
Key 4 (b97bca3d18...): 0/0 requests used | Posts collected: 0
Key 5 (e656931515...): 0/0 requests used | Posts collected: 0
Key 6 (fea1afa9c3...): 0/? requests used | Posts collected: 0
Key 7 (29933ad7ed...): 0/? requests used | Posts collected: 0
Key 8 (87d8604d8f...): 0/? requests used | Posts collected: 0
Key 9 (8838d519d7...): 0/? requests used | Posts collected: 0
Key 10 (06940bae07...): 0/? requests used | Posts collected: 0
Key 11 (b5afc36490...): 0/? requests used | Posts collected: 0
Key 12 (c4522681c5...): 0/? requests used | Posts collected: 0
============================

