[2025-04-06T06:02:48.460+0000] {local_task_job_runner.py:123} INFO - ::group::Pre task execution logs
[2025-04-06T06:02:48.507+0000] {taskinstance.py:2614} INFO - Dependencies all met for dep_context=non-requeueable deps ti=<TaskInstance: print_hello.save_to_csv_task scheduled__2025-04-05T00:09:00+00:00 [queued]>
[2025-04-06T06:02:48.544+0000] {taskinstance.py:2614} INFO - Dependencies all met for dep_context=requeueable deps ti=<TaskInstance: print_hello.save_to_csv_task scheduled__2025-04-05T00:09:00+00:00 [queued]>
[2025-04-06T06:02:48.545+0000] {taskinstance.py:2867} INFO - Starting attempt 1 of 2
[2025-04-06T06:02:49.047+0000] {taskinstance.py:2890} INFO - Executing <Task(PythonOperator): save_to_csv_task> on 2025-04-05 00:09:00+00:00
[2025-04-06T06:02:49.065+0000] {warnings.py:112} WARNING - /home/***/.local/lib/python3.12/site-packages/***/task/task_runner/standard_task_runner.py:70: DeprecationWarning: This process (pid=184) is multi-threaded, use of fork() may lead to deadlocks in the child.
  pid = os.fork()

[2025-04-06T06:02:49.070+0000] {standard_task_runner.py:72} INFO - Started process 228 to run task
[2025-04-06T06:02:49.074+0000] {standard_task_runner.py:104} INFO - Running: ['***', 'tasks', 'run', 'print_hello', 'save_to_csv_task', 'scheduled__2025-04-05T00:09:00+00:00', '--job-id', '37', '--raw', '--subdir', 'DAGS_FOLDER/print_hello.py', '--cfg-path', '/tmp/tmpqj8l5jy0']
[2025-04-06T06:02:49.076+0000] {standard_task_runner.py:105} INFO - Job 37: Subtask save_to_csv_task
[2025-04-06T06:02:49.228+0000] {task_command.py:467} INFO - Running <TaskInstance: print_hello.save_to_csv_task scheduled__2025-04-05T00:09:00+00:00 [running]> on host 5991717e768c
[2025-04-06T06:02:49.437+0000] {taskinstance.py:3134} INFO - Exporting env vars: AIRFLOW_CTX_DAG_OWNER='Esayed' AIRFLOW_CTX_DAG_ID='print_hello' AIRFLOW_CTX_TASK_ID='save_to_csv_task' AIRFLOW_CTX_EXECUTION_DATE='2025-04-05T00:09:00+00:00' AIRFLOW_CTX_TRY_NUMBER='1' AIRFLOW_CTX_DAG_RUN_ID='scheduled__2025-04-05T00:09:00+00:00'
[2025-04-06T06:02:49.443+0000] {logging_mixin.py:190} INFO - Task instance is in running state
[2025-04-06T06:02:49.446+0000] {logging_mixin.py:190} INFO -  Previous state of the Task instance: queued
[2025-04-06T06:02:49.447+0000] {logging_mixin.py:190} INFO - Current task name:save_to_csv_task state:running start_date:2025-04-06 06:02:48.508583+00:00
[2025-04-06T06:02:49.448+0000] {logging_mixin.py:190} INFO - Dag name:print_hello and current dag run status:running
[2025-04-06T06:02:49.451+0000] {taskinstance.py:732} INFO - ::endgroup::
[2025-04-06T06:02:49.481+0000] {python.py:240} INFO - Done. Returned value was: None
[2025-04-06T06:02:49.503+0000] {taskinstance.py:341} INFO - ::group::Post task execution logs
[2025-04-06T06:02:49.505+0000] {taskinstance.py:353} INFO - Marking task as SUCCESS. dag_id=print_hello, task_id=save_to_csv_task, run_id=scheduled__2025-04-05T00:09:00+00:00, execution_date=20250405T000900, start_date=20250406T060248, end_date=20250406T060249
[2025-04-06T06:02:49.581+0000] {logging_mixin.py:190} INFO - Task instance in success state
[2025-04-06T06:02:49.586+0000] {logging_mixin.py:190} INFO -  Previous state of the Task instance: running
[2025-04-06T06:02:49.593+0000] {logging_mixin.py:190} INFO - Dag name:print_hello queued_at:2025-04-06 06:02:21.548232+00:00
[2025-04-06T06:02:49.595+0000] {logging_mixin.py:190} INFO - Task hostname:5991717e768c operator:PythonOperator
[2025-04-06T06:02:49.661+0000] {local_task_job_runner.py:266} INFO - Task exited with return code 0
[2025-04-06T06:02:49.696+0000] {taskinstance.py:3901} INFO - 0 downstream tasks scheduled from follow-on schedule check
[2025-04-06T06:02:49.711+0000] {local_task_job_runner.py:245} INFO - ::endgroup::
[2025-04-06T06:15:04.978+0000] {local_task_job_runner.py:123} INFO - ::group::Pre task execution logs
[2025-04-06T06:15:05.078+0000] {taskinstance.py:2614} INFO - Dependencies all met for dep_context=non-requeueable deps ti=<TaskInstance: print_hello.save_to_csv_task scheduled__2025-04-05T00:09:00+00:00 [queued]>
[2025-04-06T06:15:05.119+0000] {taskinstance.py:2614} INFO - Dependencies all met for dep_context=requeueable deps ti=<TaskInstance: print_hello.save_to_csv_task scheduled__2025-04-05T00:09:00+00:00 [queued]>
[2025-04-06T06:15:05.120+0000] {taskinstance.py:2867} INFO - Starting attempt 1 of 2
[2025-04-06T06:15:05.659+0000] {taskinstance.py:2890} INFO - Executing <Task(PythonOperator): save_to_csv_task> on 2025-04-05 00:09:00+00:00
[2025-04-06T06:15:05.690+0000] {warnings.py:112} WARNING - /home/***/.local/lib/python3.12/site-packages/***/task/task_runner/standard_task_runner.py:70: DeprecationWarning: This process (pid=936) is multi-threaded, use of fork() may lead to deadlocks in the child.
  pid = os.fork()

[2025-04-06T06:15:05.695+0000] {standard_task_runner.py:104} INFO - Running: ['***', 'tasks', 'run', 'print_hello', 'save_to_csv_task', 'scheduled__2025-04-05T00:09:00+00:00', '--job-id', '188', '--raw', '--subdir', 'DAGS_FOLDER/print_hello.py', '--cfg-path', '/tmp/tmpfs5vy0e7']
[2025-04-06T06:15:05.702+0000] {standard_task_runner.py:105} INFO - Job 188: Subtask save_to_csv_task
[2025-04-06T06:15:05.698+0000] {standard_task_runner.py:72} INFO - Started process 984 to run task
[2025-04-06T06:15:05.822+0000] {task_command.py:467} INFO - Running <TaskInstance: print_hello.save_to_csv_task scheduled__2025-04-05T00:09:00+00:00 [running]> on host 5991717e768c
[2025-04-06T06:15:06.020+0000] {taskinstance.py:3134} INFO - Exporting env vars: AIRFLOW_CTX_DAG_OWNER='Esayed' AIRFLOW_CTX_DAG_ID='print_hello' AIRFLOW_CTX_TASK_ID='save_to_csv_task' AIRFLOW_CTX_EXECUTION_DATE='2025-04-05T00:09:00+00:00' AIRFLOW_CTX_TRY_NUMBER='1' AIRFLOW_CTX_DAG_RUN_ID='scheduled__2025-04-05T00:09:00+00:00'
[2025-04-06T06:15:06.023+0000] {logging_mixin.py:190} INFO - Task instance is in running state
[2025-04-06T06:15:06.024+0000] {logging_mixin.py:190} INFO -  Previous state of the Task instance: queued
[2025-04-06T06:15:06.026+0000] {logging_mixin.py:190} INFO - Current task name:save_to_csv_task state:running start_date:2025-04-06 06:15:05.082692+00:00
[2025-04-06T06:15:06.027+0000] {logging_mixin.py:190} INFO - Dag name:print_hello and current dag run status:running
[2025-04-06T06:15:06.028+0000] {taskinstance.py:732} INFO - ::endgroup::
[2025-04-06T06:15:06.041+0000] {python.py:240} INFO - Done. Returned value was: None
[2025-04-06T06:15:06.063+0000] {taskinstance.py:341} INFO - ::group::Post task execution logs
[2025-04-06T06:15:06.065+0000] {taskinstance.py:353} INFO - Marking task as SUCCESS. dag_id=print_hello, task_id=save_to_csv_task, run_id=scheduled__2025-04-05T00:09:00+00:00, execution_date=20250405T000900, start_date=20250406T061505, end_date=20250406T061506
[2025-04-06T06:15:06.127+0000] {logging_mixin.py:190} INFO - Task instance in success state
[2025-04-06T06:15:06.128+0000] {logging_mixin.py:190} INFO -  Previous state of the Task instance: running
[2025-04-06T06:15:06.130+0000] {logging_mixin.py:190} INFO - Dag name:print_hello queued_at:2025-04-06 06:14:52.821774+00:00
[2025-04-06T06:15:06.131+0000] {logging_mixin.py:190} INFO - Task hostname:5991717e768c operator:PythonOperator
[2025-04-06T06:15:06.181+0000] {local_task_job_runner.py:266} INFO - Task exited with return code 0
[2025-04-06T06:15:06.218+0000] {taskinstance.py:3901} INFO - 0 downstream tasks scheduled from follow-on schedule check
[2025-04-06T06:15:06.224+0000] {local_task_job_runner.py:245} INFO - ::endgroup::
