[2025-04-06T06:02:48.197+0000] {local_task_job_runner.py:123} INFO - ::group::Pre task execution logs
[2025-04-06T06:02:48.305+0000] {taskinstance.py:2614} INFO - Dependencies all met for dep_context=non-requeueable deps ti=<TaskInstance: print_hello.save_to_csv_task scheduled__2025-04-05T00:10:00+00:00 [queued]>
[2025-04-06T06:02:48.344+0000] {taskinstance.py:2614} INFO - Dependencies all met for dep_context=requeueable deps ti=<TaskInstance: print_hello.save_to_csv_task scheduled__2025-04-05T00:10:00+00:00 [queued]>
[2025-04-06T06:02:48.346+0000] {taskinstance.py:2867} INFO - Starting attempt 1 of 2
[2025-04-06T06:02:48.862+0000] {taskinstance.py:2890} INFO - Executing <Task(PythonOperator): save_to_csv_task> on 2025-04-05 00:10:00+00:00
[2025-04-06T06:02:48.924+0000] {warnings.py:112} WARNING - /home/***/.local/lib/python3.12/site-packages/***/task/task_runner/standard_task_runner.py:70: DeprecationWarning: This process (pid=188) is multi-threaded, use of fork() may lead to deadlocks in the child.
  pid = os.fork()

[2025-04-06T06:02:48.929+0000] {standard_task_runner.py:72} INFO - Started process 219 to run task
[2025-04-06T06:02:48.932+0000] {standard_task_runner.py:104} INFO - Running: ['***', 'tasks', 'run', 'print_hello', 'save_to_csv_task', 'scheduled__2025-04-05T00:10:00+00:00', '--job-id', '32', '--raw', '--subdir', 'DAGS_FOLDER/print_hello.py', '--cfg-path', '/tmp/tmp_jxp2mjs']
[2025-04-06T06:02:48.946+0000] {standard_task_runner.py:105} INFO - Job 32: Subtask save_to_csv_task
[2025-04-06T06:02:49.106+0000] {task_command.py:467} INFO - Running <TaskInstance: print_hello.save_to_csv_task scheduled__2025-04-05T00:10:00+00:00 [running]> on host 5991717e768c
[2025-04-06T06:02:49.324+0000] {taskinstance.py:3134} INFO - Exporting env vars: AIRFLOW_CTX_DAG_OWNER='Esayed' AIRFLOW_CTX_DAG_ID='print_hello' AIRFLOW_CTX_TASK_ID='save_to_csv_task' AIRFLOW_CTX_EXECUTION_DATE='2025-04-05T00:10:00+00:00' AIRFLOW_CTX_TRY_NUMBER='1' AIRFLOW_CTX_DAG_RUN_ID='scheduled__2025-04-05T00:10:00+00:00'
[2025-04-06T06:02:49.337+0000] {logging_mixin.py:190} INFO - Task instance is in running state
[2025-04-06T06:02:49.339+0000] {logging_mixin.py:190} INFO -  Previous state of the Task instance: queued
[2025-04-06T06:02:49.343+0000] {logging_mixin.py:190} INFO - Current task name:save_to_csv_task state:running start_date:2025-04-06 06:02:48.306777+00:00
[2025-04-06T06:02:49.347+0000] {logging_mixin.py:190} INFO - Dag name:print_hello and current dag run status:running
[2025-04-06T06:02:49.348+0000] {taskinstance.py:732} INFO - ::endgroup::
[2025-04-06T06:02:49.376+0000] {python.py:240} INFO - Done. Returned value was: None
[2025-04-06T06:02:49.405+0000] {taskinstance.py:341} INFO - ::group::Post task execution logs
[2025-04-06T06:02:49.407+0000] {taskinstance.py:353} INFO - Marking task as SUCCESS. dag_id=print_hello, task_id=save_to_csv_task, run_id=scheduled__2025-04-05T00:10:00+00:00, execution_date=20250405T001000, start_date=20250406T060248, end_date=20250406T060249
[2025-04-06T06:02:49.498+0000] {logging_mixin.py:190} INFO - Task instance in success state
[2025-04-06T06:02:49.504+0000] {logging_mixin.py:190} INFO -  Previous state of the Task instance: running
[2025-04-06T06:02:49.505+0000] {logging_mixin.py:190} INFO - Dag name:print_hello queued_at:2025-04-06 06:02:21.810813+00:00
[2025-04-06T06:02:49.507+0000] {logging_mixin.py:190} INFO - Task hostname:5991717e768c operator:PythonOperator
[2025-04-06T06:02:49.571+0000] {local_task_job_runner.py:266} INFO - Task exited with return code 0
[2025-04-06T06:02:49.611+0000] {taskinstance.py:3901} INFO - 0 downstream tasks scheduled from follow-on schedule check
[2025-04-06T06:02:49.637+0000] {local_task_job_runner.py:245} INFO - ::endgroup::
[2025-04-06T06:15:05.102+0000] {local_task_job_runner.py:123} INFO - ::group::Pre task execution logs
[2025-04-06T06:15:05.185+0000] {taskinstance.py:2614} INFO - Dependencies all met for dep_context=non-requeueable deps ti=<TaskInstance: print_hello.save_to_csv_task scheduled__2025-04-05T00:10:00+00:00 [queued]>
[2025-04-06T06:15:05.231+0000] {taskinstance.py:2614} INFO - Dependencies all met for dep_context=requeueable deps ti=<TaskInstance: print_hello.save_to_csv_task scheduled__2025-04-05T00:10:00+00:00 [queued]>
[2025-04-06T06:15:05.233+0000] {taskinstance.py:2867} INFO - Starting attempt 1 of 2
[2025-04-06T06:15:05.776+0000] {taskinstance.py:2890} INFO - Executing <Task(PythonOperator): save_to_csv_task> on 2025-04-05 00:10:00+00:00
[2025-04-06T06:15:05.798+0000] {warnings.py:112} WARNING - /home/***/.local/lib/python3.12/site-packages/***/task/task_runner/standard_task_runner.py:70: DeprecationWarning: This process (pid=941) is multi-threaded, use of fork() may lead to deadlocks in the child.
  pid = os.fork()

[2025-04-06T06:15:05.804+0000] {standard_task_runner.py:72} INFO - Started process 986 to run task
[2025-04-06T06:15:05.802+0000] {standard_task_runner.py:104} INFO - Running: ['***', 'tasks', 'run', 'print_hello', 'save_to_csv_task', 'scheduled__2025-04-05T00:10:00+00:00', '--job-id', '189', '--raw', '--subdir', 'DAGS_FOLDER/print_hello.py', '--cfg-path', '/tmp/tmpcps0qfzu']
[2025-04-06T06:15:05.809+0000] {standard_task_runner.py:105} INFO - Job 189: Subtask save_to_csv_task
[2025-04-06T06:15:05.910+0000] {task_command.py:467} INFO - Running <TaskInstance: print_hello.save_to_csv_task scheduled__2025-04-05T00:10:00+00:00 [running]> on host 5991717e768c
[2025-04-06T06:15:06.141+0000] {taskinstance.py:3134} INFO - Exporting env vars: AIRFLOW_CTX_DAG_OWNER='Esayed' AIRFLOW_CTX_DAG_ID='print_hello' AIRFLOW_CTX_TASK_ID='save_to_csv_task' AIRFLOW_CTX_EXECUTION_DATE='2025-04-05T00:10:00+00:00' AIRFLOW_CTX_TRY_NUMBER='1' AIRFLOW_CTX_DAG_RUN_ID='scheduled__2025-04-05T00:10:00+00:00'
[2025-04-06T06:15:06.146+0000] {logging_mixin.py:190} INFO - Task instance is in running state
[2025-04-06T06:15:06.148+0000] {logging_mixin.py:190} INFO -  Previous state of the Task instance: queued
[2025-04-06T06:15:06.150+0000] {logging_mixin.py:190} INFO - Current task name:save_to_csv_task state:running start_date:2025-04-06 06:15:05.190663+00:00
[2025-04-06T06:15:06.151+0000] {logging_mixin.py:190} INFO - Dag name:print_hello and current dag run status:running
[2025-04-06T06:15:06.153+0000] {taskinstance.py:732} INFO - ::endgroup::
[2025-04-06T06:15:06.170+0000] {python.py:240} INFO - Done. Returned value was: None
[2025-04-06T06:15:06.192+0000] {taskinstance.py:341} INFO - ::group::Post task execution logs
[2025-04-06T06:15:06.194+0000] {taskinstance.py:353} INFO - Marking task as SUCCESS. dag_id=print_hello, task_id=save_to_csv_task, run_id=scheduled__2025-04-05T00:10:00+00:00, execution_date=20250405T001000, start_date=20250406T061505, end_date=20250406T061506
[2025-04-06T06:15:06.251+0000] {logging_mixin.py:190} INFO - Task instance in success state
[2025-04-06T06:15:06.252+0000] {logging_mixin.py:190} INFO -  Previous state of the Task instance: running
[2025-04-06T06:15:06.254+0000] {logging_mixin.py:190} INFO - Dag name:print_hello queued_at:2025-04-06 06:14:53.104267+00:00
[2025-04-06T06:15:06.255+0000] {logging_mixin.py:190} INFO - Task hostname:5991717e768c operator:PythonOperator
[2025-04-06T06:15:06.307+0000] {local_task_job_runner.py:266} INFO - Task exited with return code 0
[2025-04-06T06:15:06.327+0000] {local_task_job_runner.py:245} INFO - ::endgroup::
