[2025-04-06T06:03:06.769+0000] {local_task_job_runner.py:123} INFO - ::group::Pre task execution logs
[2025-04-06T06:03:06.800+0000] {taskinstance.py:2614} INFO - Dependencies all met for dep_context=non-requeueable deps ti=<TaskInstance: print_hello.save_to_csv_task scheduled__2025-04-05T00:29:00+00:00 [queued]>
[2025-04-06T06:03:06.820+0000] {taskinstance.py:2614} INFO - Dependencies all met for dep_context=requeueable deps ti=<TaskInstance: print_hello.save_to_csv_task scheduled__2025-04-05T00:29:00+00:00 [queued]>
[2025-04-06T06:03:06.821+0000] {taskinstance.py:2867} INFO - Starting attempt 1 of 2
[2025-04-06T06:03:07.096+0000] {taskinstance.py:2890} INFO - Executing <Task(PythonOperator): save_to_csv_task> on 2025-04-05 00:29:00+00:00
[2025-04-06T06:03:07.112+0000] {warnings.py:112} WARNING - /home/***/.local/lib/python3.12/site-packages/***/task/task_runner/standard_task_runner.py:70: DeprecationWarning: This process (pid=335) is multi-threaded, use of fork() may lead to deadlocks in the child.
  pid = os.fork()

[2025-04-06T06:03:07.115+0000] {standard_task_runner.py:72} INFO - Started process 368 to run task
[2025-04-06T06:03:07.115+0000] {standard_task_runner.py:104} INFO - Running: ['***', 'tasks', 'run', 'print_hello', 'save_to_csv_task', 'scheduled__2025-04-05T00:29:00+00:00', '--job-id', '75', '--raw', '--subdir', 'DAGS_FOLDER/print_hello.py', '--cfg-path', '/tmp/tmpx0vcxcma']
[2025-04-06T06:03:07.116+0000] {standard_task_runner.py:105} INFO - Job 75: Subtask save_to_csv_task
[2025-04-06T06:03:07.185+0000] {task_command.py:467} INFO - Running <TaskInstance: print_hello.save_to_csv_task scheduled__2025-04-05T00:29:00+00:00 [running]> on host 5991717e768c
[2025-04-06T06:03:07.289+0000] {taskinstance.py:3134} INFO - Exporting env vars: AIRFLOW_CTX_DAG_OWNER='Esayed' AIRFLOW_CTX_DAG_ID='print_hello' AIRFLOW_CTX_TASK_ID='save_to_csv_task' AIRFLOW_CTX_EXECUTION_DATE='2025-04-05T00:29:00+00:00' AIRFLOW_CTX_TRY_NUMBER='1' AIRFLOW_CTX_DAG_RUN_ID='scheduled__2025-04-05T00:29:00+00:00'
[2025-04-06T06:03:07.291+0000] {logging_mixin.py:190} INFO - Task instance is in running state
[2025-04-06T06:03:07.291+0000] {logging_mixin.py:190} INFO -  Previous state of the Task instance: queued
[2025-04-06T06:03:07.292+0000] {logging_mixin.py:190} INFO - Current task name:save_to_csv_task state:running start_date:2025-04-06 06:03:06.801561+00:00
[2025-04-06T06:03:07.293+0000] {logging_mixin.py:190} INFO - Dag name:print_hello and current dag run status:running
[2025-04-06T06:03:07.293+0000] {taskinstance.py:732} INFO - ::endgroup::
[2025-04-06T06:03:07.301+0000] {python.py:240} INFO - Done. Returned value was: None
[2025-04-06T06:03:07.314+0000] {taskinstance.py:341} INFO - ::group::Post task execution logs
[2025-04-06T06:03:07.315+0000] {taskinstance.py:353} INFO - Marking task as SUCCESS. dag_id=print_hello, task_id=save_to_csv_task, run_id=scheduled__2025-04-05T00:29:00+00:00, execution_date=20250405T002900, start_date=20250406T060306, end_date=20250406T060307
[2025-04-06T06:03:07.343+0000] {logging_mixin.py:190} INFO - Task instance in success state
[2025-04-06T06:03:07.344+0000] {logging_mixin.py:190} INFO -  Previous state of the Task instance: running
[2025-04-06T06:03:07.345+0000] {logging_mixin.py:190} INFO - Dag name:print_hello queued_at:2025-04-06 06:02:57.434761+00:00
[2025-04-06T06:03:07.346+0000] {logging_mixin.py:190} INFO - Task hostname:5991717e768c operator:PythonOperator
[2025-04-06T06:03:07.372+0000] {local_task_job_runner.py:266} INFO - Task exited with return code 0
[2025-04-06T06:03:07.392+0000] {taskinstance.py:3901} INFO - 0 downstream tasks scheduled from follow-on schedule check
[2025-04-06T06:03:07.396+0000] {local_task_job_runner.py:245} INFO - ::endgroup::
[2025-04-06T06:15:23.376+0000] {local_task_job_runner.py:123} INFO - ::group::Pre task execution logs
[2025-04-06T06:15:23.402+0000] {taskinstance.py:2614} INFO - Dependencies all met for dep_context=non-requeueable deps ti=<TaskInstance: print_hello.save_to_csv_task scheduled__2025-04-05T00:29:00+00:00 [queued]>
[2025-04-06T06:15:23.419+0000] {taskinstance.py:2614} INFO - Dependencies all met for dep_context=requeueable deps ti=<TaskInstance: print_hello.save_to_csv_task scheduled__2025-04-05T00:29:00+00:00 [queued]>
[2025-04-06T06:15:23.419+0000] {taskinstance.py:2867} INFO - Starting attempt 1 of 2
[2025-04-06T06:15:23.622+0000] {taskinstance.py:2890} INFO - Executing <Task(PythonOperator): save_to_csv_task> on 2025-04-05 00:29:00+00:00
[2025-04-06T06:15:23.633+0000] {warnings.py:112} WARNING - /home/***/.local/lib/python3.12/site-packages/***/task/task_runner/standard_task_runner.py:70: DeprecationWarning: This process (pid=1092) is multi-threaded, use of fork() may lead to deadlocks in the child.
  pid = os.fork()

[2025-04-06T06:15:23.635+0000] {standard_task_runner.py:72} INFO - Started process 1122 to run task
[2025-04-06T06:15:23.636+0000] {standard_task_runner.py:104} INFO - Running: ['***', 'tasks', 'run', 'print_hello', 'save_to_csv_task', 'scheduled__2025-04-05T00:29:00+00:00', '--job-id', '225', '--raw', '--subdir', 'DAGS_FOLDER/print_hello.py', '--cfg-path', '/tmp/tmpge8g83vk']
[2025-04-06T06:15:23.637+0000] {standard_task_runner.py:105} INFO - Job 225: Subtask save_to_csv_task
[2025-04-06T06:15:23.692+0000] {task_command.py:467} INFO - Running <TaskInstance: print_hello.save_to_csv_task scheduled__2025-04-05T00:29:00+00:00 [running]> on host 5991717e768c
[2025-04-06T06:15:23.793+0000] {taskinstance.py:3134} INFO - Exporting env vars: AIRFLOW_CTX_DAG_OWNER='Esayed' AIRFLOW_CTX_DAG_ID='print_hello' AIRFLOW_CTX_TASK_ID='save_to_csv_task' AIRFLOW_CTX_EXECUTION_DATE='2025-04-05T00:29:00+00:00' AIRFLOW_CTX_TRY_NUMBER='1' AIRFLOW_CTX_DAG_RUN_ID='scheduled__2025-04-05T00:29:00+00:00'
[2025-04-06T06:15:23.795+0000] {logging_mixin.py:190} INFO - Task instance is in running state
[2025-04-06T06:15:23.796+0000] {logging_mixin.py:190} INFO -  Previous state of the Task instance: queued
[2025-04-06T06:15:23.797+0000] {logging_mixin.py:190} INFO - Current task name:save_to_csv_task state:running start_date:2025-04-06 06:15:23.403445+00:00
[2025-04-06T06:15:23.797+0000] {logging_mixin.py:190} INFO - Dag name:print_hello and current dag run status:running
[2025-04-06T06:15:23.798+0000] {taskinstance.py:732} INFO - ::endgroup::
[2025-04-06T06:15:23.806+0000] {python.py:240} INFO - Done. Returned value was: None
[2025-04-06T06:15:23.818+0000] {taskinstance.py:341} INFO - ::group::Post task execution logs
[2025-04-06T06:15:23.819+0000] {taskinstance.py:353} INFO - Marking task as SUCCESS. dag_id=print_hello, task_id=save_to_csv_task, run_id=scheduled__2025-04-05T00:29:00+00:00, execution_date=20250405T002900, start_date=20250406T061523, end_date=20250406T061523
[2025-04-06T06:15:23.850+0000] {logging_mixin.py:190} INFO - Task instance in success state
[2025-04-06T06:15:23.851+0000] {logging_mixin.py:190} INFO -  Previous state of the Task instance: running
[2025-04-06T06:15:23.852+0000] {logging_mixin.py:190} INFO - Dag name:print_hello queued_at:2025-04-06 06:15:13.739412+00:00
[2025-04-06T06:15:23.852+0000] {logging_mixin.py:190} INFO - Task hostname:5991717e768c operator:PythonOperator
[2025-04-06T06:15:23.891+0000] {local_task_job_runner.py:266} INFO - Task exited with return code 0
[2025-04-06T06:15:23.910+0000] {taskinstance.py:3901} INFO - 0 downstream tasks scheduled from follow-on schedule check
[2025-04-06T06:15:23.913+0000] {local_task_job_runner.py:245} INFO - ::endgroup::
