[2025-04-06T06:03:25.937+0000] {local_task_job_runner.py:123} INFO - ::group::Pre task execution logs
[2025-04-06T06:03:25.973+0000] {taskinstance.py:2614} INFO - Dependencies all met for dep_context=non-requeueable deps ti=<TaskInstance: print_hello.save_to_csv_task scheduled__2025-04-05T00:47:00+00:00 [queued]>
[2025-04-06T06:03:25.996+0000] {taskinstance.py:2614} INFO - Dependencies all met for dep_context=requeueable deps ti=<TaskInstance: print_hello.save_to_csv_task scheduled__2025-04-05T00:47:00+00:00 [queued]>
[2025-04-06T06:03:25.997+0000] {taskinstance.py:2867} INFO - Starting attempt 1 of 2
[2025-04-06T06:03:26.296+0000] {taskinstance.py:2890} INFO - Executing <Task(PythonOperator): save_to_csv_task> on 2025-04-05 00:47:00+00:00
[2025-04-06T06:03:26.310+0000] {warnings.py:112} WARNING - /home/***/.local/lib/python3.12/site-packages/***/task/task_runner/standard_task_runner.py:70: DeprecationWarning: This process (pid=483) is multi-threaded, use of fork() may lead to deadlocks in the child.
  pid = os.fork()

[2025-04-06T06:03:26.313+0000] {standard_task_runner.py:72} INFO - Started process 510 to run task
[2025-04-06T06:03:26.313+0000] {standard_task_runner.py:104} INFO - Running: ['***', 'tasks', 'run', 'print_hello', 'save_to_csv_task', 'scheduled__2025-04-05T00:47:00+00:00', '--job-id', '110', '--raw', '--subdir', 'DAGS_FOLDER/print_hello.py', '--cfg-path', '/tmp/tmpxrm1cecz']
[2025-04-06T06:03:26.314+0000] {standard_task_runner.py:105} INFO - Job 110: Subtask save_to_csv_task
[2025-04-06T06:03:26.383+0000] {task_command.py:467} INFO - Running <TaskInstance: print_hello.save_to_csv_task scheduled__2025-04-05T00:47:00+00:00 [running]> on host 5991717e768c
[2025-04-06T06:03:26.508+0000] {taskinstance.py:3134} INFO - Exporting env vars: AIRFLOW_CTX_DAG_OWNER='Esayed' AIRFLOW_CTX_DAG_ID='print_hello' AIRFLOW_CTX_TASK_ID='save_to_csv_task' AIRFLOW_CTX_EXECUTION_DATE='2025-04-05T00:47:00+00:00' AIRFLOW_CTX_TRY_NUMBER='1' AIRFLOW_CTX_DAG_RUN_ID='scheduled__2025-04-05T00:47:00+00:00'
[2025-04-06T06:03:26.510+0000] {logging_mixin.py:190} INFO - Task instance is in running state
[2025-04-06T06:03:26.511+0000] {logging_mixin.py:190} INFO -  Previous state of the Task instance: queued
[2025-04-06T06:03:26.512+0000] {logging_mixin.py:190} INFO - Current task name:save_to_csv_task state:running start_date:2025-04-06 06:03:25.973990+00:00
[2025-04-06T06:03:26.513+0000] {logging_mixin.py:190} INFO - Dag name:print_hello and current dag run status:running
[2025-04-06T06:03:26.514+0000] {taskinstance.py:732} INFO - ::endgroup::
[2025-04-06T06:03:26.523+0000] {python.py:240} INFO - Done. Returned value was: None
[2025-04-06T06:03:26.535+0000] {taskinstance.py:341} INFO - ::group::Post task execution logs
[2025-04-06T06:03:26.536+0000] {taskinstance.py:353} INFO - Marking task as SUCCESS. dag_id=print_hello, task_id=save_to_csv_task, run_id=scheduled__2025-04-05T00:47:00+00:00, execution_date=20250405T004700, start_date=20250406T060325, end_date=20250406T060326
[2025-04-06T06:03:26.568+0000] {logging_mixin.py:190} INFO - Task instance in success state
[2025-04-06T06:03:26.569+0000] {logging_mixin.py:190} INFO -  Previous state of the Task instance: running
[2025-04-06T06:03:26.570+0000] {logging_mixin.py:190} INFO - Dag name:print_hello queued_at:2025-04-06 06:03:16.070511+00:00
[2025-04-06T06:03:26.570+0000] {logging_mixin.py:190} INFO - Task hostname:5991717e768c operator:PythonOperator
[2025-04-06T06:03:26.610+0000] {local_task_job_runner.py:266} INFO - Task exited with return code 0
[2025-04-06T06:03:26.631+0000] {taskinstance.py:3901} INFO - 0 downstream tasks scheduled from follow-on schedule check
[2025-04-06T06:03:26.634+0000] {local_task_job_runner.py:245} INFO - ::endgroup::
[2025-04-06T06:15:42.387+0000] {local_task_job_runner.py:123} INFO - ::group::Pre task execution logs
[2025-04-06T06:15:42.420+0000] {taskinstance.py:2614} INFO - Dependencies all met for dep_context=non-requeueable deps ti=<TaskInstance: print_hello.save_to_csv_task scheduled__2025-04-05T00:47:00+00:00 [queued]>
[2025-04-06T06:15:42.439+0000] {taskinstance.py:2614} INFO - Dependencies all met for dep_context=requeueable deps ti=<TaskInstance: print_hello.save_to_csv_task scheduled__2025-04-05T00:47:00+00:00 [queued]>
[2025-04-06T06:15:42.440+0000] {taskinstance.py:2867} INFO - Starting attempt 1 of 2
[2025-04-06T06:15:42.707+0000] {taskinstance.py:2890} INFO - Executing <Task(PythonOperator): save_to_csv_task> on 2025-04-05 00:47:00+00:00
[2025-04-06T06:15:42.721+0000] {warnings.py:112} WARNING - /home/***/.local/lib/python3.12/site-packages/***/task/task_runner/standard_task_runner.py:70: DeprecationWarning: This process (pid=1230) is multi-threaded, use of fork() may lead to deadlocks in the child.
  pid = os.fork()

[2025-04-06T06:15:42.725+0000] {standard_task_runner.py:72} INFO - Started process 1265 to run task
[2025-04-06T06:15:42.725+0000] {standard_task_runner.py:104} INFO - Running: ['***', 'tasks', 'run', 'print_hello', 'save_to_csv_task', 'scheduled__2025-04-05T00:47:00+00:00', '--job-id', '259', '--raw', '--subdir', 'DAGS_FOLDER/print_hello.py', '--cfg-path', '/tmp/tmpnzn5j6re']
[2025-04-06T06:15:42.726+0000] {standard_task_runner.py:105} INFO - Job 259: Subtask save_to_csv_task
[2025-04-06T06:15:42.819+0000] {task_command.py:467} INFO - Running <TaskInstance: print_hello.save_to_csv_task scheduled__2025-04-05T00:47:00+00:00 [running]> on host 5991717e768c
[2025-04-06T06:15:43.014+0000] {taskinstance.py:3134} INFO - Exporting env vars: AIRFLOW_CTX_DAG_OWNER='Esayed' AIRFLOW_CTX_DAG_ID='print_hello' AIRFLOW_CTX_TASK_ID='save_to_csv_task' AIRFLOW_CTX_EXECUTION_DATE='2025-04-05T00:47:00+00:00' AIRFLOW_CTX_TRY_NUMBER='1' AIRFLOW_CTX_DAG_RUN_ID='scheduled__2025-04-05T00:47:00+00:00'
[2025-04-06T06:15:43.017+0000] {logging_mixin.py:190} INFO - Task instance is in running state
[2025-04-06T06:15:43.018+0000] {logging_mixin.py:190} INFO -  Previous state of the Task instance: queued
[2025-04-06T06:15:43.020+0000] {logging_mixin.py:190} INFO - Current task name:save_to_csv_task state:running start_date:2025-04-06 06:15:42.421422+00:00
[2025-04-06T06:15:43.021+0000] {logging_mixin.py:190} INFO - Dag name:print_hello and current dag run status:running
[2025-04-06T06:15:43.022+0000] {taskinstance.py:732} INFO - ::endgroup::
[2025-04-06T06:15:43.037+0000] {python.py:240} INFO - Done. Returned value was: None
[2025-04-06T06:15:43.060+0000] {taskinstance.py:341} INFO - ::group::Post task execution logs
[2025-04-06T06:15:43.061+0000] {taskinstance.py:353} INFO - Marking task as SUCCESS. dag_id=print_hello, task_id=save_to_csv_task, run_id=scheduled__2025-04-05T00:47:00+00:00, execution_date=20250405T004700, start_date=20250406T061542, end_date=20250406T061543
[2025-04-06T06:15:43.112+0000] {logging_mixin.py:190} INFO - Task instance in success state
[2025-04-06T06:15:43.117+0000] {logging_mixin.py:190} INFO -  Previous state of the Task instance: running
[2025-04-06T06:15:43.119+0000] {logging_mixin.py:190} INFO - Dag name:print_hello queued_at:2025-04-06 06:15:30.057388+00:00
[2025-04-06T06:15:43.120+0000] {logging_mixin.py:190} INFO - Task hostname:5991717e768c operator:PythonOperator
[2025-04-06T06:15:43.184+0000] {local_task_job_runner.py:266} INFO - Task exited with return code 0
[2025-04-06T06:15:43.217+0000] {taskinstance.py:3901} INFO - 0 downstream tasks scheduled from follow-on schedule check
[2025-04-06T06:15:43.221+0000] {local_task_job_runner.py:245} INFO - ::endgroup::
