[2025-04-06T06:03:36.772+0000] {local_task_job_runner.py:123} INFO - ::group::Pre task execution logs
[2025-04-06T06:03:36.804+0000] {taskinstance.py:2614} INFO - Dependencies all met for dep_context=non-requeueable deps ti=<TaskInstance: print_hello.save_to_csv_task scheduled__2025-04-05T00:49:00+00:00 [queued]>
[2025-04-06T06:03:36.824+0000] {taskinstance.py:2614} INFO - Dependencies all met for dep_context=requeueable deps ti=<TaskInstance: print_hello.save_to_csv_task scheduled__2025-04-05T00:49:00+00:00 [queued]>
[2025-04-06T06:03:36.825+0000] {taskinstance.py:2867} INFO - Starting attempt 1 of 2
[2025-04-06T06:03:37.116+0000] {taskinstance.py:2890} INFO - Executing <Task(PythonOperator): save_to_csv_task> on 2025-04-05 00:49:00+00:00
[2025-04-06T06:03:37.131+0000] {warnings.py:112} WARNING - /home/***/.local/lib/python3.12/site-packages/***/task/task_runner/standard_task_runner.py:70: DeprecationWarning: This process (pid=553) is multi-threaded, use of fork() may lead to deadlocks in the child.
  pid = os.fork()

[2025-04-06T06:03:37.134+0000] {standard_task_runner.py:72} INFO - Started process 575 to run task
[2025-04-06T06:03:37.134+0000] {standard_task_runner.py:104} INFO - Running: ['***', 'tasks', 'run', 'print_hello', 'save_to_csv_task', 'scheduled__2025-04-05T00:49:00+00:00', '--job-id', '122', '--raw', '--subdir', 'DAGS_FOLDER/print_hello.py', '--cfg-path', '/tmp/tmpwp8dvi33']
[2025-04-06T06:03:37.136+0000] {standard_task_runner.py:105} INFO - Job 122: Subtask save_to_csv_task
[2025-04-06T06:03:37.223+0000] {task_command.py:467} INFO - Running <TaskInstance: print_hello.save_to_csv_task scheduled__2025-04-05T00:49:00+00:00 [running]> on host 5991717e768c
[2025-04-06T06:03:37.391+0000] {taskinstance.py:3134} INFO - Exporting env vars: AIRFLOW_CTX_DAG_OWNER='Esayed' AIRFLOW_CTX_DAG_ID='print_hello' AIRFLOW_CTX_TASK_ID='save_to_csv_task' AIRFLOW_CTX_EXECUTION_DATE='2025-04-05T00:49:00+00:00' AIRFLOW_CTX_TRY_NUMBER='1' AIRFLOW_CTX_DAG_RUN_ID='scheduled__2025-04-05T00:49:00+00:00'
[2025-04-06T06:03:37.393+0000] {logging_mixin.py:190} INFO - Task instance is in running state
[2025-04-06T06:03:37.394+0000] {logging_mixin.py:190} INFO -  Previous state of the Task instance: queued
[2025-04-06T06:03:37.395+0000] {logging_mixin.py:190} INFO - Current task name:save_to_csv_task state:running start_date:2025-04-06 06:03:36.804797+00:00
[2025-04-06T06:03:37.396+0000] {logging_mixin.py:190} INFO - Dag name:print_hello and current dag run status:running
[2025-04-06T06:03:37.397+0000] {taskinstance.py:732} INFO - ::endgroup::
[2025-04-06T06:03:37.407+0000] {python.py:240} INFO - Done. Returned value was: None
[2025-04-06T06:03:37.423+0000] {taskinstance.py:341} INFO - ::group::Post task execution logs
[2025-04-06T06:03:37.424+0000] {taskinstance.py:353} INFO - Marking task as SUCCESS. dag_id=print_hello, task_id=save_to_csv_task, run_id=scheduled__2025-04-05T00:49:00+00:00, execution_date=20250405T004900, start_date=20250406T060336, end_date=20250406T060337
[2025-04-06T06:03:37.462+0000] {logging_mixin.py:190} INFO - Task instance in success state
[2025-04-06T06:03:37.463+0000] {logging_mixin.py:190} INFO -  Previous state of the Task instance: running
[2025-04-06T06:03:37.464+0000] {logging_mixin.py:190} INFO - Dag name:print_hello queued_at:2025-04-06 06:03:29.670315+00:00
[2025-04-06T06:03:37.465+0000] {logging_mixin.py:190} INFO - Task hostname:5991717e768c operator:PythonOperator
[2025-04-06T06:03:37.512+0000] {local_task_job_runner.py:266} INFO - Task exited with return code 0
[2025-04-06T06:03:37.537+0000] {taskinstance.py:3901} INFO - 0 downstream tasks scheduled from follow-on schedule check
[2025-04-06T06:03:37.542+0000] {local_task_job_runner.py:245} INFO - ::endgroup::
[2025-04-06T06:15:55.649+0000] {local_task_job_runner.py:123} INFO - ::group::Pre task execution logs
[2025-04-06T06:15:55.686+0000] {taskinstance.py:2614} INFO - Dependencies all met for dep_context=non-requeueable deps ti=<TaskInstance: print_hello.save_to_csv_task scheduled__2025-04-05T00:49:00+00:00 [queued]>
[2025-04-06T06:15:55.704+0000] {taskinstance.py:2614} INFO - Dependencies all met for dep_context=requeueable deps ti=<TaskInstance: print_hello.save_to_csv_task scheduled__2025-04-05T00:49:00+00:00 [queued]>
[2025-04-06T06:15:55.705+0000] {taskinstance.py:2867} INFO - Starting attempt 1 of 2
[2025-04-06T06:15:56.069+0000] {taskinstance.py:2890} INFO - Executing <Task(PythonOperator): save_to_csv_task> on 2025-04-05 00:49:00+00:00
[2025-04-06T06:15:56.087+0000] {warnings.py:112} WARNING - /home/***/.local/lib/python3.12/site-packages/***/task/task_runner/standard_task_runner.py:70: DeprecationWarning: This process (pid=1320) is multi-threaded, use of fork() may lead to deadlocks in the child.
  pid = os.fork()

[2025-04-06T06:15:56.090+0000] {standard_task_runner.py:72} INFO - Started process 1355 to run task
[2025-04-06T06:15:56.092+0000] {standard_task_runner.py:104} INFO - Running: ['***', 'tasks', 'run', 'print_hello', 'save_to_csv_task', 'scheduled__2025-04-05T00:49:00+00:00', '--job-id', '279', '--raw', '--subdir', 'DAGS_FOLDER/print_hello.py', '--cfg-path', '/tmp/tmpwa577_b9']
[2025-04-06T06:15:56.094+0000] {standard_task_runner.py:105} INFO - Job 279: Subtask save_to_csv_task
[2025-04-06T06:15:56.185+0000] {task_command.py:467} INFO - Running <TaskInstance: print_hello.save_to_csv_task scheduled__2025-04-05T00:49:00+00:00 [running]> on host 5991717e768c
[2025-04-06T06:15:56.378+0000] {taskinstance.py:3134} INFO - Exporting env vars: AIRFLOW_CTX_DAG_OWNER='Esayed' AIRFLOW_CTX_DAG_ID='print_hello' AIRFLOW_CTX_TASK_ID='save_to_csv_task' AIRFLOW_CTX_EXECUTION_DATE='2025-04-05T00:49:00+00:00' AIRFLOW_CTX_TRY_NUMBER='1' AIRFLOW_CTX_DAG_RUN_ID='scheduled__2025-04-05T00:49:00+00:00'
[2025-04-06T06:15:56.380+0000] {logging_mixin.py:190} INFO - Task instance is in running state
[2025-04-06T06:15:56.381+0000] {logging_mixin.py:190} INFO -  Previous state of the Task instance: queued
[2025-04-06T06:15:56.383+0000] {logging_mixin.py:190} INFO - Current task name:save_to_csv_task state:running start_date:2025-04-06 06:15:55.687321+00:00
[2025-04-06T06:15:56.383+0000] {logging_mixin.py:190} INFO - Dag name:print_hello and current dag run status:running
[2025-04-06T06:15:56.384+0000] {taskinstance.py:732} INFO - ::endgroup::
[2025-04-06T06:15:56.396+0000] {python.py:240} INFO - Done. Returned value was: None
[2025-04-06T06:15:56.413+0000] {taskinstance.py:341} INFO - ::group::Post task execution logs
[2025-04-06T06:15:56.414+0000] {taskinstance.py:353} INFO - Marking task as SUCCESS. dag_id=print_hello, task_id=save_to_csv_task, run_id=scheduled__2025-04-05T00:49:00+00:00, execution_date=20250405T004900, start_date=20250406T061555, end_date=20250406T061556
[2025-04-06T06:15:56.457+0000] {logging_mixin.py:190} INFO - Task instance in success state
[2025-04-06T06:15:56.458+0000] {logging_mixin.py:190} INFO -  Previous state of the Task instance: running
[2025-04-06T06:15:56.459+0000] {logging_mixin.py:190} INFO - Dag name:print_hello queued_at:2025-04-06 06:15:44.478813+00:00
[2025-04-06T06:15:56.460+0000] {logging_mixin.py:190} INFO - Task hostname:5991717e768c operator:PythonOperator
[2025-04-06T06:15:56.511+0000] {local_task_job_runner.py:266} INFO - Task exited with return code 0
[2025-04-06T06:15:56.540+0000] {taskinstance.py:3901} INFO - 0 downstream tasks scheduled from follow-on schedule check
[2025-04-06T06:15:56.545+0000] {local_task_job_runner.py:245} INFO - ::endgroup::
