[2025-04-06T06:03:51.671+0000] {local_task_job_runner.py:123} INFO - ::group::Pre task execution logs
[2025-04-06T06:03:51.716+0000] {taskinstance.py:2614} INFO - Dependencies all met for dep_context=non-requeueable deps ti=<TaskInstance: print_hello.save_to_csv_task scheduled__2025-04-05T01:05:00+00:00 [queued]>
[2025-04-06T06:03:51.747+0000] {taskinstance.py:2614} INFO - Dependencies all met for dep_context=requeueable deps ti=<TaskInstance: print_hello.save_to_csv_task scheduled__2025-04-05T01:05:00+00:00 [queued]>
[2025-04-06T06:03:51.748+0000] {taskinstance.py:2867} INFO - Starting attempt 1 of 2
[2025-04-06T06:03:52.202+0000] {taskinstance.py:2890} INFO - Executing <Task(PythonOperator): save_to_csv_task> on 2025-04-05 01:05:00+00:00
[2025-04-06T06:03:52.221+0000] {warnings.py:112} WARNING - /home/***/.local/lib/python3.12/site-packages/***/task/task_runner/standard_task_runner.py:70: DeprecationWarning: This process (pid=656) is multi-threaded, use of fork() may lead to deadlocks in the child.
  pid = os.fork()

[2025-04-06T06:03:52.225+0000] {standard_task_runner.py:72} INFO - Started process 698 to run task
[2025-04-06T06:03:52.225+0000] {standard_task_runner.py:104} INFO - Running: ['***', 'tasks', 'run', 'print_hello', 'save_to_csv_task', 'scheduled__2025-04-05T01:05:00+00:00', '--job-id', '153', '--raw', '--subdir', 'DAGS_FOLDER/print_hello.py', '--cfg-path', '/tmp/tmpagfn193o']
[2025-04-06T06:03:52.232+0000] {standard_task_runner.py:105} INFO - Job 153: Subtask save_to_csv_task
[2025-04-06T06:03:52.407+0000] {task_command.py:467} INFO - Running <TaskInstance: print_hello.save_to_csv_task scheduled__2025-04-05T01:05:00+00:00 [running]> on host 5991717e768c
[2025-04-06T06:03:52.762+0000] {taskinstance.py:3134} INFO - Exporting env vars: AIRFLOW_CTX_DAG_OWNER='Esayed' AIRFLOW_CTX_DAG_ID='print_hello' AIRFLOW_CTX_TASK_ID='save_to_csv_task' AIRFLOW_CTX_EXECUTION_DATE='2025-04-05T01:05:00+00:00' AIRFLOW_CTX_TRY_NUMBER='1' AIRFLOW_CTX_DAG_RUN_ID='scheduled__2025-04-05T01:05:00+00:00'
[2025-04-06T06:03:52.772+0000] {logging_mixin.py:190} INFO - Task instance is in running state
[2025-04-06T06:03:52.773+0000] {logging_mixin.py:190} INFO -  Previous state of the Task instance: queued
[2025-04-06T06:03:52.776+0000] {logging_mixin.py:190} INFO - Current task name:save_to_csv_task state:running start_date:2025-04-06 06:03:51.717429+00:00
[2025-04-06T06:03:52.779+0000] {logging_mixin.py:190} INFO - Dag name:print_hello and current dag run status:running
[2025-04-06T06:03:52.781+0000] {taskinstance.py:732} INFO - ::endgroup::
[2025-04-06T06:03:52.811+0000] {python.py:240} INFO - Done. Returned value was: None
[2025-04-06T06:03:52.847+0000] {taskinstance.py:341} INFO - ::group::Post task execution logs
[2025-04-06T06:03:52.848+0000] {taskinstance.py:353} INFO - Marking task as SUCCESS. dag_id=print_hello, task_id=save_to_csv_task, run_id=scheduled__2025-04-05T01:05:00+00:00, execution_date=20250405T010500, start_date=20250406T060351, end_date=20250406T060352
[2025-04-06T06:03:52.932+0000] {logging_mixin.py:190} INFO - Task instance in success state
[2025-04-06T06:03:52.933+0000] {logging_mixin.py:190} INFO -  Previous state of the Task instance: running
[2025-04-06T06:03:52.934+0000] {logging_mixin.py:190} INFO - Dag name:print_hello queued_at:2025-04-06 06:03:41.072709+00:00
[2025-04-06T06:03:52.935+0000] {logging_mixin.py:190} INFO - Task hostname:5991717e768c operator:PythonOperator
[2025-04-06T06:03:53.001+0000] {local_task_job_runner.py:266} INFO - Task exited with return code 0
[2025-04-06T06:03:53.041+0000] {taskinstance.py:3901} INFO - 0 downstream tasks scheduled from follow-on schedule check
[2025-04-06T06:03:53.048+0000] {local_task_job_runner.py:245} INFO - ::endgroup::
