[2025-04-06T06:33:54.262+0000] {local_task_job_runner.py:123} INFO - ::group::Pre task execution logs
[2025-04-06T06:33:54.328+0000] {taskinstance.py:2614} INFO - Dependencies all met for dep_context=non-requeueable deps ti=<TaskInstance: print_hello2.print_hello_task scheduled__2025-04-05T00:45:00+00:00 [queued]>
[2025-04-06T06:33:54.363+0000] {taskinstance.py:2614} INFO - Dependencies all met for dep_context=requeueable deps ti=<TaskInstance: print_hello2.print_hello_task scheduled__2025-04-05T00:45:00+00:00 [queued]>
[2025-04-06T06:33:54.384+0000] {taskinstance.py:2867} INFO - Starting attempt 1 of 2
[2025-04-06T06:33:55.307+0000] {taskinstance.py:2890} INFO - Executing <Task(PythonOperator): print_hello_task> on 2025-04-05 00:45:00+00:00
[2025-04-06T06:33:55.369+0000] {standard_task_runner.py:104} INFO - Running: ['***', 'tasks', 'run', 'print_hello2', 'print_hello_task', 'scheduled__2025-04-05T00:45:00+00:00', '--job-id', '301', '--raw', '--subdir', 'DAGS_FOLDER/print_hello.py', '--cfg-path', '/tmp/tmpwnhuvqtr']
[2025-04-06T06:33:55.373+0000] {standard_task_runner.py:105} INFO - Job 301: Subtask print_hello_task
[2025-04-06T06:33:55.375+0000] {warnings.py:112} WARNING - /home/***/.local/lib/python3.12/site-packages/***/task/task_runner/standard_task_runner.py:70: DeprecationWarning: This process (pid=1618) is multi-threaded, use of fork() may lead to deadlocks in the child.
  pid = os.fork()

[2025-04-06T06:33:55.377+0000] {standard_task_runner.py:72} INFO - Started process 1676 to run task
[2025-04-06T06:33:57.806+0000] {task_command.py:467} INFO - Running <TaskInstance: print_hello2.print_hello_task scheduled__2025-04-05T00:45:00+00:00 [running]> on host 5991717e768c
[2025-04-06T06:33:58.092+0000] {taskinstance.py:3134} INFO - Exporting env vars: AIRFLOW_CTX_DAG_OWNER='Esayed' AIRFLOW_CTX_DAG_ID='print_hello2' AIRFLOW_CTX_TASK_ID='print_hello_task' AIRFLOW_CTX_EXECUTION_DATE='2025-04-05T00:45:00+00:00' AIRFLOW_CTX_TRY_NUMBER='1' AIRFLOW_CTX_DAG_RUN_ID='scheduled__2025-04-05T00:45:00+00:00'
[2025-04-06T06:33:58.100+0000] {logging_mixin.py:190} INFO - Task instance is in running state
[2025-04-06T06:33:58.106+0000] {logging_mixin.py:190} INFO -  Previous state of the Task instance: queued
[2025-04-06T06:33:58.108+0000] {logging_mixin.py:190} INFO - Current task name:print_hello_task state:running start_date:2025-04-06 06:33:54.330414+00:00
[2025-04-06T06:33:58.123+0000] {logging_mixin.py:190} INFO - Dag name:print_hello2 and current dag run status:running
[2025-04-06T06:33:58.125+0000] {taskinstance.py:732} INFO - ::endgroup::
[2025-04-06T06:33:58.138+0000] {logging_mixin.py:190} INFO - hello
[2025-04-06T06:33:58.141+0000] {python.py:240} INFO - Done. Returned value was: None
[2025-04-06T06:33:58.181+0000] {taskinstance.py:341} INFO - ::group::Post task execution logs
[2025-04-06T06:33:58.182+0000] {taskinstance.py:353} INFO - Marking task as SUCCESS. dag_id=print_hello2, task_id=print_hello_task, run_id=scheduled__2025-04-05T00:45:00+00:00, execution_date=20250405T004500, start_date=20250406T063354, end_date=20250406T063358
[2025-04-06T06:33:58.285+0000] {logging_mixin.py:190} INFO - Task instance in success state
[2025-04-06T06:33:58.290+0000] {logging_mixin.py:190} INFO -  Previous state of the Task instance: running
[2025-04-06T06:33:58.291+0000] {logging_mixin.py:190} INFO - Dag name:print_hello2 queued_at:2025-04-06 06:32:25.779423+00:00
[2025-04-06T06:33:58.299+0000] {logging_mixin.py:190} INFO - Task hostname:5991717e768c operator:PythonOperator
[2025-04-06T06:33:58.403+0000] {local_task_job_runner.py:266} INFO - Task exited with return code 0
[2025-04-06T06:33:58.465+0000] {taskinstance.py:3901} INFO - 1 downstream tasks scheduled from follow-on schedule check
[2025-04-06T06:33:58.476+0000] {local_task_job_runner.py:245} INFO - ::endgroup::
[2025-04-06T06:34:54.794+0000] {local_task_job_runner.py:123} INFO - ::group::Pre task execution logs
[2025-04-06T06:34:54.837+0000] {taskinstance.py:2614} INFO - Dependencies all met for dep_context=non-requeueable deps ti=<TaskInstance: print_hello2.print_hello_task scheduled__2025-04-05T00:45:00+00:00 [queued]>
[2025-04-06T06:34:54.864+0000] {taskinstance.py:2614} INFO - Dependencies all met for dep_context=requeueable deps ti=<TaskInstance: print_hello2.print_hello_task scheduled__2025-04-05T00:45:00+00:00 [queued]>
[2025-04-06T06:34:54.866+0000] {taskinstance.py:2867} INFO - Starting attempt 1 of 2
[2025-04-06T06:34:55.183+0000] {taskinstance.py:2890} INFO - Executing <Task(PythonOperator): print_hello_task> on 2025-04-05 00:45:00+00:00
[2025-04-06T06:34:55.207+0000] {warnings.py:112} WARNING - /home/***/.local/lib/python3.12/site-packages/***/task/task_runner/standard_task_runner.py:70: DeprecationWarning: This process (pid=1740) is multi-threaded, use of fork() may lead to deadlocks in the child.
  pid = os.fork()

[2025-04-06T06:34:55.220+0000] {standard_task_runner.py:72} INFO - Started process 1790 to run task
[2025-04-06T06:34:55.214+0000] {standard_task_runner.py:104} INFO - Running: ['***', 'tasks', 'run', 'print_hello2', 'print_hello_task', 'scheduled__2025-04-05T00:45:00+00:00', '--job-id', '325', '--raw', '--subdir', 'DAGS_FOLDER/print_hello.py', '--cfg-path', '/tmp/tmp5437pbsk']
[2025-04-06T06:34:55.231+0000] {standard_task_runner.py:105} INFO - Job 325: Subtask print_hello_task
[2025-04-06T06:34:55.831+0000] {task_command.py:467} INFO - Running <TaskInstance: print_hello2.print_hello_task scheduled__2025-04-05T00:45:00+00:00 [running]> on host 5991717e768c
[2025-04-06T06:34:56.054+0000] {taskinstance.py:3134} INFO - Exporting env vars: AIRFLOW_CTX_DAG_OWNER='Esayed' AIRFLOW_CTX_DAG_ID='print_hello2' AIRFLOW_CTX_TASK_ID='print_hello_task' AIRFLOW_CTX_EXECUTION_DATE='2025-04-05T00:45:00+00:00' AIRFLOW_CTX_TRY_NUMBER='1' AIRFLOW_CTX_DAG_RUN_ID='scheduled__2025-04-05T00:45:00+00:00'
[2025-04-06T06:34:56.056+0000] {logging_mixin.py:190} INFO - Task instance is in running state
[2025-04-06T06:34:56.056+0000] {logging_mixin.py:190} INFO -  Previous state of the Task instance: queued
[2025-04-06T06:34:56.057+0000] {logging_mixin.py:190} INFO - Current task name:print_hello_task state:running start_date:2025-04-06 06:34:54.838996+00:00
[2025-04-06T06:34:56.059+0000] {logging_mixin.py:190} INFO - Dag name:print_hello2 and current dag run status:running
[2025-04-06T06:34:56.060+0000] {taskinstance.py:732} INFO - ::endgroup::
[2025-04-06T06:34:56.061+0000] {logging_mixin.py:190} INFO - hello
[2025-04-06T06:34:56.063+0000] {python.py:240} INFO - Done. Returned value was: None
[2025-04-06T06:34:56.080+0000] {taskinstance.py:341} INFO - ::group::Post task execution logs
[2025-04-06T06:34:56.081+0000] {taskinstance.py:353} INFO - Marking task as SUCCESS. dag_id=print_hello2, task_id=print_hello_task, run_id=scheduled__2025-04-05T00:45:00+00:00, execution_date=20250405T004500, start_date=20250406T063454, end_date=20250406T063456
[2025-04-06T06:34:57.210+0000] {logging_mixin.py:190} INFO - Task instance in success state
[2025-04-06T06:34:57.212+0000] {logging_mixin.py:190} INFO -  Previous state of the Task instance: running
[2025-04-06T06:34:57.216+0000] {logging_mixin.py:190} INFO - Dag name:print_hello2 queued_at:2025-04-06 06:34:48.218388+00:00
[2025-04-06T06:34:57.220+0000] {logging_mixin.py:190} INFO - Task hostname:5991717e768c operator:PythonOperator
[2025-04-06T06:34:57.303+0000] {local_task_job_runner.py:266} INFO - Task exited with return code 0
[2025-04-06T06:34:57.825+0000] {taskinstance.py:3901} INFO - 1 downstream tasks scheduled from follow-on schedule check
[2025-04-06T06:34:57.840+0000] {local_task_job_runner.py:245} INFO - ::endgroup::
[2025-04-06T06:36:29.287+0000] {local_task_job_runner.py:123} INFO - ::group::Pre task execution logs
[2025-04-06T06:36:29.356+0000] {taskinstance.py:2614} INFO - Dependencies all met for dep_context=non-requeueable deps ti=<TaskInstance: print_hello2.print_hello_task scheduled__2025-04-05T00:45:00+00:00 [queued]>
[2025-04-06T06:36:29.419+0000] {taskinstance.py:2614} INFO - Dependencies all met for dep_context=requeueable deps ti=<TaskInstance: print_hello2.print_hello_task scheduled__2025-04-05T00:45:00+00:00 [queued]>
[2025-04-06T06:36:29.426+0000] {taskinstance.py:2867} INFO - Starting attempt 1 of 2
[2025-04-06T06:36:29.657+0000] {taskinstance.py:2890} INFO - Executing <Task(PythonOperator): print_hello_task> on 2025-04-05 00:45:00+00:00
[2025-04-06T06:36:29.682+0000] {standard_task_runner.py:104} INFO - Running: ['***', 'tasks', 'run', 'print_hello2', 'print_hello_task', 'scheduled__2025-04-05T00:45:00+00:00', '--job-id', '394', '--raw', '--subdir', 'DAGS_FOLDER/print_hello.py', '--cfg-path', '/tmp/tmp7hkntrc9']
[2025-04-06T06:36:29.687+0000] {standard_task_runner.py:105} INFO - Job 394: Subtask print_hello_task
[2025-04-06T06:36:29.684+0000] {warnings.py:112} WARNING - /home/***/.local/lib/python3.12/site-packages/***/task/task_runner/standard_task_runner.py:70: DeprecationWarning: This process (pid=2037) is multi-threaded, use of fork() may lead to deadlocks in the child.
  pid = os.fork()

[2025-04-06T06:36:29.694+0000] {standard_task_runner.py:72} INFO - Started process 2077 to run task
[2025-04-06T06:36:30.585+0000] {task_command.py:467} INFO - Running <TaskInstance: print_hello2.print_hello_task scheduled__2025-04-05T00:45:00+00:00 [running]> on host 5991717e768c
[2025-04-06T06:36:30.887+0000] {taskinstance.py:3134} INFO - Exporting env vars: AIRFLOW_CTX_DAG_OWNER='Esayed' AIRFLOW_CTX_DAG_ID='print_hello2' AIRFLOW_CTX_TASK_ID='print_hello_task' AIRFLOW_CTX_EXECUTION_DATE='2025-04-05T00:45:00+00:00' AIRFLOW_CTX_TRY_NUMBER='1' AIRFLOW_CTX_DAG_RUN_ID='scheduled__2025-04-05T00:45:00+00:00'
[2025-04-06T06:36:30.907+0000] {logging_mixin.py:190} INFO - Task instance is in running state
[2025-04-06T06:36:30.911+0000] {logging_mixin.py:190} INFO -  Previous state of the Task instance: queued
[2025-04-06T06:36:30.915+0000] {logging_mixin.py:190} INFO - Current task name:print_hello_task state:running start_date:2025-04-06 06:36:29.377370+00:00
[2025-04-06T06:36:30.916+0000] {logging_mixin.py:190} INFO - Dag name:print_hello2 and current dag run status:running
[2025-04-06T06:36:30.917+0000] {taskinstance.py:732} INFO - ::endgroup::
[2025-04-06T06:36:30.918+0000] {logging_mixin.py:190} INFO - hello
[2025-04-06T06:36:30.921+0000] {python.py:240} INFO - Done. Returned value was: None
[2025-04-06T06:36:30.967+0000] {taskinstance.py:341} INFO - ::group::Post task execution logs
[2025-04-06T06:36:30.970+0000] {taskinstance.py:353} INFO - Marking task as SUCCESS. dag_id=print_hello2, task_id=print_hello_task, run_id=scheduled__2025-04-05T00:45:00+00:00, execution_date=20250405T004500, start_date=20250406T063629, end_date=20250406T063630
[2025-04-06T06:36:31.107+0000] {logging_mixin.py:190} INFO - Task instance in success state
[2025-04-06T06:36:31.109+0000] {logging_mixin.py:190} INFO -  Previous state of the Task instance: running
[2025-04-06T06:36:31.115+0000] {logging_mixin.py:190} INFO - Dag name:print_hello2 queued_at:2025-04-06 06:36:23.636571+00:00
[2025-04-06T06:36:31.116+0000] {logging_mixin.py:190} INFO - Task hostname:5991717e768c operator:PythonOperator
[2025-04-06T06:36:31.181+0000] {local_task_job_runner.py:266} INFO - Task exited with return code 0
[2025-04-06T06:36:31.730+0000] {local_task_job_runner.py:245} INFO - ::endgroup::
