[2025-04-06T06:02:48.822+0000] {local_task_job_runner.py:123} INFO - ::group::Pre task execution logs
[2025-04-06T06:02:48.903+0000] {taskinstance.py:2614} INFO - Dependencies all met for dep_context=non-requeueable deps ti=<TaskInstance: print_hello.save_to_csv_task scheduled__2025-04-05T00:15:00+00:00 [queued]>
[2025-04-06T06:02:48.947+0000] {taskinstance.py:2614} INFO - Dependencies all met for dep_context=requeueable deps ti=<TaskInstance: print_hello.save_to_csv_task scheduled__2025-04-05T00:15:00+00:00 [queued]>
[2025-04-06T06:02:48.951+0000] {taskinstance.py:2867} INFO - Starting attempt 1 of 2
[2025-04-06T06:02:49.442+0000] {taskinstance.py:2890} INFO - Executing <Task(PythonOperator): save_to_csv_task> on 2025-04-05 00:15:00+00:00
[2025-04-06T06:02:49.501+0000] {warnings.py:112} WARNING - /home/***/.local/lib/python3.12/site-packages/***/task/task_runner/standard_task_runner.py:70: DeprecationWarning: This process (pid=185) is multi-threaded, use of fork() may lead to deadlocks in the child.
  pid = os.fork()

[2025-04-06T06:02:49.504+0000] {standard_task_runner.py:72} INFO - Started process 240 to run task
[2025-04-06T06:02:49.506+0000] {standard_task_runner.py:104} INFO - Running: ['***', 'tasks', 'run', 'print_hello', 'save_to_csv_task', 'scheduled__2025-04-05T00:15:00+00:00', '--job-id', '42', '--raw', '--subdir', 'DAGS_FOLDER/print_hello.py', '--cfg-path', '/tmp/tmp1meine9v']
[2025-04-06T06:02:49.508+0000] {standard_task_runner.py:105} INFO - Job 42: Subtask save_to_csv_task
[2025-04-06T06:02:49.679+0000] {task_command.py:467} INFO - Running <TaskInstance: print_hello.save_to_csv_task scheduled__2025-04-05T00:15:00+00:00 [running]> on host 5991717e768c
[2025-04-06T06:02:49.870+0000] {taskinstance.py:3134} INFO - Exporting env vars: AIRFLOW_CTX_DAG_OWNER='Esayed' AIRFLOW_CTX_DAG_ID='print_hello' AIRFLOW_CTX_TASK_ID='save_to_csv_task' AIRFLOW_CTX_EXECUTION_DATE='2025-04-05T00:15:00+00:00' AIRFLOW_CTX_TRY_NUMBER='1' AIRFLOW_CTX_DAG_RUN_ID='scheduled__2025-04-05T00:15:00+00:00'
[2025-04-06T06:02:49.872+0000] {logging_mixin.py:190} INFO - Task instance is in running state
[2025-04-06T06:02:49.874+0000] {logging_mixin.py:190} INFO -  Previous state of the Task instance: queued
[2025-04-06T06:02:49.875+0000] {logging_mixin.py:190} INFO - Current task name:save_to_csv_task state:running start_date:2025-04-06 06:02:48.904934+00:00
[2025-04-06T06:02:49.876+0000] {logging_mixin.py:190} INFO - Dag name:print_hello and current dag run status:running
[2025-04-06T06:02:49.877+0000] {taskinstance.py:732} INFO - ::endgroup::
[2025-04-06T06:02:49.892+0000] {python.py:240} INFO - Done. Returned value was: None
[2025-04-06T06:02:49.911+0000] {taskinstance.py:341} INFO - ::group::Post task execution logs
[2025-04-06T06:02:49.912+0000] {taskinstance.py:353} INFO - Marking task as SUCCESS. dag_id=print_hello, task_id=save_to_csv_task, run_id=scheduled__2025-04-05T00:15:00+00:00, execution_date=20250405T001500, start_date=20250406T060248, end_date=20250406T060249
[2025-04-06T06:02:49.965+0000] {logging_mixin.py:190} INFO - Task instance in success state
[2025-04-06T06:02:49.966+0000] {logging_mixin.py:190} INFO -  Previous state of the Task instance: running
[2025-04-06T06:02:49.968+0000] {logging_mixin.py:190} INFO - Dag name:print_hello queued_at:2025-04-06 06:02:25.151037+00:00
[2025-04-06T06:02:49.969+0000] {logging_mixin.py:190} INFO - Task hostname:5991717e768c operator:PythonOperator
[2025-04-06T06:02:50.025+0000] {local_task_job_runner.py:266} INFO - Task exited with return code 0
[2025-04-06T06:02:50.047+0000] {taskinstance.py:3901} INFO - 0 downstream tasks scheduled from follow-on schedule check
[2025-04-06T06:02:50.050+0000] {local_task_job_runner.py:245} INFO - ::endgroup::
[2025-04-06T06:15:08.030+0000] {local_task_job_runner.py:123} INFO - ::group::Pre task execution logs
[2025-04-06T06:15:08.064+0000] {taskinstance.py:2614} INFO - Dependencies all met for dep_context=non-requeueable deps ti=<TaskInstance: print_hello.save_to_csv_task scheduled__2025-04-05T00:15:00+00:00 [queued]>
[2025-04-06T06:15:08.083+0000] {taskinstance.py:2614} INFO - Dependencies all met for dep_context=requeueable deps ti=<TaskInstance: print_hello.save_to_csv_task scheduled__2025-04-05T00:15:00+00:00 [queued]>
[2025-04-06T06:15:08.084+0000] {taskinstance.py:2867} INFO - Starting attempt 1 of 2
[2025-04-06T06:15:08.297+0000] {taskinstance.py:2890} INFO - Executing <Task(PythonOperator): save_to_csv_task> on 2025-04-05 00:15:00+00:00
[2025-04-06T06:15:08.308+0000] {warnings.py:112} WARNING - /home/***/.local/lib/python3.12/site-packages/***/task/task_runner/standard_task_runner.py:70: DeprecationWarning: This process (pid=976) is multi-threaded, use of fork() may lead to deadlocks in the child.
  pid = os.fork()

[2025-04-06T06:15:08.310+0000] {standard_task_runner.py:72} INFO - Started process 998 to run task
[2025-04-06T06:15:08.310+0000] {standard_task_runner.py:104} INFO - Running: ['***', 'tasks', 'run', 'print_hello', 'save_to_csv_task', 'scheduled__2025-04-05T00:15:00+00:00', '--job-id', '195', '--raw', '--subdir', 'DAGS_FOLDER/print_hello.py', '--cfg-path', '/tmp/tmpl_qks7d7']
[2025-04-06T06:15:08.312+0000] {standard_task_runner.py:105} INFO - Job 195: Subtask save_to_csv_task
[2025-04-06T06:15:08.377+0000] {task_command.py:467} INFO - Running <TaskInstance: print_hello.save_to_csv_task scheduled__2025-04-05T00:15:00+00:00 [running]> on host 5991717e768c
[2025-04-06T06:15:08.492+0000] {taskinstance.py:3134} INFO - Exporting env vars: AIRFLOW_CTX_DAG_OWNER='Esayed' AIRFLOW_CTX_DAG_ID='print_hello' AIRFLOW_CTX_TASK_ID='save_to_csv_task' AIRFLOW_CTX_EXECUTION_DATE='2025-04-05T00:15:00+00:00' AIRFLOW_CTX_TRY_NUMBER='1' AIRFLOW_CTX_DAG_RUN_ID='scheduled__2025-04-05T00:15:00+00:00'
[2025-04-06T06:15:08.494+0000] {logging_mixin.py:190} INFO - Task instance is in running state
[2025-04-06T06:15:08.495+0000] {logging_mixin.py:190} INFO -  Previous state of the Task instance: queued
[2025-04-06T06:15:08.495+0000] {logging_mixin.py:190} INFO - Current task name:save_to_csv_task state:running start_date:2025-04-06 06:15:08.065680+00:00
[2025-04-06T06:15:08.496+0000] {logging_mixin.py:190} INFO - Dag name:print_hello and current dag run status:running
[2025-04-06T06:15:08.497+0000] {taskinstance.py:732} INFO - ::endgroup::
[2025-04-06T06:15:08.504+0000] {python.py:240} INFO - Done. Returned value was: None
[2025-04-06T06:15:08.517+0000] {taskinstance.py:341} INFO - ::group::Post task execution logs
[2025-04-06T06:15:08.518+0000] {taskinstance.py:353} INFO - Marking task as SUCCESS. dag_id=print_hello, task_id=save_to_csv_task, run_id=scheduled__2025-04-05T00:15:00+00:00, execution_date=20250405T001500, start_date=20250406T061508, end_date=20250406T061508
[2025-04-06T06:15:08.546+0000] {logging_mixin.py:190} INFO - Task instance in success state
[2025-04-06T06:15:08.546+0000] {logging_mixin.py:190} INFO -  Previous state of the Task instance: running
[2025-04-06T06:15:08.547+0000] {logging_mixin.py:190} INFO - Dag name:print_hello queued_at:2025-04-06 06:14:54.960971+00:00
[2025-04-06T06:15:08.547+0000] {logging_mixin.py:190} INFO - Task hostname:5991717e768c operator:PythonOperator
[2025-04-06T06:15:08.567+0000] {local_task_job_runner.py:266} INFO - Task exited with return code 0
[2025-04-06T06:15:08.584+0000] {taskinstance.py:3901} INFO - 0 downstream tasks scheduled from follow-on schedule check
[2025-04-06T06:15:08.587+0000] {local_task_job_runner.py:245} INFO - ::endgroup::
