[2025-04-06T06:02:57.833+0000] {local_task_job_runner.py:123} INFO - ::group::Pre task execution logs
[2025-04-06T06:02:57.867+0000] {taskinstance.py:2614} INFO - Dependencies all met for dep_context=non-requeueable deps ti=<TaskInstance: print_hello.print_hello_task scheduled__2025-04-05T00:17:00+00:00 [queued]>
[2025-04-06T06:02:57.886+0000] {taskinstance.py:2614} INFO - Dependencies all met for dep_context=requeueable deps ti=<TaskInstance: print_hello.print_hello_task scheduled__2025-04-05T00:17:00+00:00 [queued]>
[2025-04-06T06:02:57.888+0000] {taskinstance.py:2867} INFO - Starting attempt 1 of 2
[2025-04-06T06:02:58.288+0000] {taskinstance.py:2890} INFO - Executing <Task(PythonOperator): print_hello_task> on 2025-04-05 00:17:00+00:00
[2025-04-06T06:02:58.308+0000] {warnings.py:112} WARNING - /home/***/.local/lib/python3.12/site-packages/***/task/task_runner/standard_task_runner.py:70: DeprecationWarning: This process (pid=253) is multi-threaded, use of fork() may lead to deadlocks in the child.
  pid = os.fork()

[2025-04-06T06:02:58.312+0000] {standard_task_runner.py:72} INFO - Started process 283 to run task
[2025-04-06T06:02:58.323+0000] {standard_task_runner.py:104} INFO - Running: ['***', 'tasks', 'run', 'print_hello', 'print_hello_task', 'scheduled__2025-04-05T00:17:00+00:00', '--job-id', '49', '--raw', '--subdir', 'DAGS_FOLDER/print_hello.py', '--cfg-path', '/tmp/tmpt6g49pti']
[2025-04-06T06:02:58.338+0000] {standard_task_runner.py:105} INFO - Job 49: Subtask print_hello_task
[2025-04-06T06:02:58.471+0000] {task_command.py:467} INFO - Running <TaskInstance: print_hello.print_hello_task scheduled__2025-04-05T00:17:00+00:00 [running]> on host 5991717e768c
[2025-04-06T06:02:58.681+0000] {taskinstance.py:3134} INFO - Exporting env vars: AIRFLOW_CTX_DAG_OWNER='Esayed' AIRFLOW_CTX_DAG_ID='print_hello' AIRFLOW_CTX_TASK_ID='print_hello_task' AIRFLOW_CTX_EXECUTION_DATE='2025-04-05T00:17:00+00:00' AIRFLOW_CTX_TRY_NUMBER='1' AIRFLOW_CTX_DAG_RUN_ID='scheduled__2025-04-05T00:17:00+00:00'
[2025-04-06T06:02:58.684+0000] {logging_mixin.py:190} INFO - Task instance is in running state
[2025-04-06T06:02:58.687+0000] {logging_mixin.py:190} INFO -  Previous state of the Task instance: queued
[2025-04-06T06:02:58.688+0000] {logging_mixin.py:190} INFO - Current task name:print_hello_task state:running start_date:2025-04-06 06:02:57.868248+00:00
[2025-04-06T06:02:58.689+0000] {logging_mixin.py:190} INFO - Dag name:print_hello and current dag run status:running
[2025-04-06T06:02:58.690+0000] {taskinstance.py:732} INFO - ::endgroup::
[2025-04-06T06:02:58.693+0000] {logging_mixin.py:190} INFO - hello
[2025-04-06T06:02:58.695+0000] {python.py:240} INFO - Done. Returned value was: None
[2025-04-06T06:02:58.713+0000] {taskinstance.py:341} INFO - ::group::Post task execution logs
[2025-04-06T06:02:58.715+0000] {taskinstance.py:353} INFO - Marking task as SUCCESS. dag_id=print_hello, task_id=print_hello_task, run_id=scheduled__2025-04-05T00:17:00+00:00, execution_date=20250405T001700, start_date=20250406T060257, end_date=20250406T060258
[2025-04-06T06:02:59.020+0000] {logging_mixin.py:190} INFO - Task instance in success state
[2025-04-06T06:02:59.022+0000] {logging_mixin.py:190} INFO -  Previous state of the Task instance: running
[2025-04-06T06:02:59.024+0000] {logging_mixin.py:190} INFO - Dag name:print_hello queued_at:2025-04-06 06:02:54.654789+00:00
[2025-04-06T06:02:59.025+0000] {logging_mixin.py:190} INFO - Task hostname:5991717e768c operator:PythonOperator
[2025-04-06T06:02:59.079+0000] {local_task_job_runner.py:266} INFO - Task exited with return code 0
[2025-04-06T06:02:59.155+0000] {taskinstance.py:3901} INFO - 1 downstream tasks scheduled from follow-on schedule check
[2025-04-06T06:02:59.169+0000] {local_task_job_runner.py:245} INFO - ::endgroup::
[2025-04-06T06:15:13.717+0000] {local_task_job_runner.py:123} INFO - ::group::Pre task execution logs
[2025-04-06T06:15:13.760+0000] {taskinstance.py:2614} INFO - Dependencies all met for dep_context=non-requeueable deps ti=<TaskInstance: print_hello.print_hello_task scheduled__2025-04-05T00:17:00+00:00 [queued]>
[2025-04-06T06:15:13.778+0000] {taskinstance.py:2614} INFO - Dependencies all met for dep_context=requeueable deps ti=<TaskInstance: print_hello.print_hello_task scheduled__2025-04-05T00:17:00+00:00 [queued]>
[2025-04-06T06:15:13.779+0000] {taskinstance.py:2867} INFO - Starting attempt 1 of 2
[2025-04-06T06:15:14.159+0000] {taskinstance.py:2890} INFO - Executing <Task(PythonOperator): print_hello_task> on 2025-04-05 00:17:00+00:00
[2025-04-06T06:15:14.179+0000] {warnings.py:112} WARNING - /home/***/.local/lib/python3.12/site-packages/***/task/task_runner/standard_task_runner.py:70: DeprecationWarning: This process (pid=1002) is multi-threaded, use of fork() may lead to deadlocks in the child.
  pid = os.fork()

[2025-04-06T06:15:14.182+0000] {standard_task_runner.py:72} INFO - Started process 1029 to run task
[2025-04-06T06:15:14.182+0000] {standard_task_runner.py:104} INFO - Running: ['***', 'tasks', 'run', 'print_hello', 'print_hello_task', 'scheduled__2025-04-05T00:17:00+00:00', '--job-id', '197', '--raw', '--subdir', 'DAGS_FOLDER/print_hello.py', '--cfg-path', '/tmp/tmp8npz8hau']
[2025-04-06T06:15:14.184+0000] {standard_task_runner.py:105} INFO - Job 197: Subtask print_hello_task
[2025-04-06T06:15:14.345+0000] {task_command.py:467} INFO - Running <TaskInstance: print_hello.print_hello_task scheduled__2025-04-05T00:17:00+00:00 [running]> on host 5991717e768c
[2025-04-06T06:15:14.563+0000] {taskinstance.py:3134} INFO - Exporting env vars: AIRFLOW_CTX_DAG_OWNER='Esayed' AIRFLOW_CTX_DAG_ID='print_hello' AIRFLOW_CTX_TASK_ID='print_hello_task' AIRFLOW_CTX_EXECUTION_DATE='2025-04-05T00:17:00+00:00' AIRFLOW_CTX_TRY_NUMBER='1' AIRFLOW_CTX_DAG_RUN_ID='scheduled__2025-04-05T00:17:00+00:00'
[2025-04-06T06:15:14.573+0000] {logging_mixin.py:190} INFO - Task instance is in running state
[2025-04-06T06:15:14.574+0000] {logging_mixin.py:190} INFO -  Previous state of the Task instance: queued
[2025-04-06T06:15:14.575+0000] {logging_mixin.py:190} INFO - Current task name:print_hello_task state:running start_date:2025-04-06 06:15:13.762015+00:00
[2025-04-06T06:15:14.585+0000] {logging_mixin.py:190} INFO - Dag name:print_hello and current dag run status:running
[2025-04-06T06:15:14.590+0000] {taskinstance.py:732} INFO - ::endgroup::
[2025-04-06T06:15:14.592+0000] {logging_mixin.py:190} INFO - hello
[2025-04-06T06:15:14.594+0000] {python.py:240} INFO - Done. Returned value was: None
[2025-04-06T06:15:14.619+0000] {taskinstance.py:341} INFO - ::group::Post task execution logs
[2025-04-06T06:15:14.621+0000] {taskinstance.py:353} INFO - Marking task as SUCCESS. dag_id=print_hello, task_id=print_hello_task, run_id=scheduled__2025-04-05T00:17:00+00:00, execution_date=20250405T001700, start_date=20250406T061513, end_date=20250406T061514
[2025-04-06T06:15:14.687+0000] {logging_mixin.py:190} INFO - Task instance in success state
[2025-04-06T06:15:14.692+0000] {logging_mixin.py:190} INFO -  Previous state of the Task instance: running
[2025-04-06T06:15:14.693+0000] {logging_mixin.py:190} INFO - Dag name:print_hello queued_at:2025-04-06 06:15:10.829948+00:00
[2025-04-06T06:15:14.694+0000] {logging_mixin.py:190} INFO - Task hostname:5991717e768c operator:PythonOperator
[2025-04-06T06:15:14.764+0000] {local_task_job_runner.py:266} INFO - Task exited with return code 0
[2025-04-06T06:15:14.817+0000] {taskinstance.py:3901} INFO - 1 downstream tasks scheduled from follow-on schedule check
[2025-04-06T06:15:14.834+0000] {local_task_job_runner.py:245} INFO - ::endgroup::
