[2025-04-06T06:35:18.580+0000] {local_task_job_runner.py:123} INFO - ::group::Pre task execution logs
[2025-04-06T06:35:18.628+0000] {taskinstance.py:2614} INFO - Dependencies all met for dep_context=non-requeueable deps ti=<TaskInstance: print_hello2.save_to_csv_task scheduled__2025-04-05T02:10:00+00:00 [queued]>
[2025-04-06T06:35:18.664+0000] {taskinstance.py:2614} INFO - Dependencies all met for dep_context=requeueable deps ti=<TaskInstance: print_hello2.save_to_csv_task scheduled__2025-04-05T02:10:00+00:00 [queued]>
[2025-04-06T06:35:18.666+0000] {taskinstance.py:2867} INFO - Starting attempt 1 of 2
[2025-04-06T06:35:19.115+0000] {taskinstance.py:2890} INFO - Executing <Task(PythonOperator): save_to_csv_task> on 2025-04-05 02:10:00+00:00
[2025-04-06T06:35:19.134+0000] {warnings.py:112} WARNING - /home/***/.local/lib/python3.12/site-packages/***/task/task_runner/standard_task_runner.py:70: DeprecationWarning: This process (pid=1932) is multi-threaded, use of fork() may lead to deadlocks in the child.
  pid = os.fork()

[2025-04-06T06:35:19.137+0000] {standard_task_runner.py:72} INFO - Started process 1973 to run task
[2025-04-06T06:35:19.137+0000] {standard_task_runner.py:104} INFO - Running: ['***', 'tasks', 'run', 'print_hello2', 'save_to_csv_task', 'scheduled__2025-04-05T02:10:00+00:00', '--job-id', '375', '--raw', '--subdir', 'DAGS_FOLDER/print_hello.py', '--cfg-path', '/tmp/tmp0t_tfj7w']
[2025-04-06T06:35:19.139+0000] {standard_task_runner.py:105} INFO - Job 375: Subtask save_to_csv_task
[2025-04-06T06:35:19.250+0000] {task_command.py:467} INFO - Running <TaskInstance: print_hello2.save_to_csv_task scheduled__2025-04-05T02:10:00+00:00 [running]> on host 5991717e768c
[2025-04-06T06:35:19.442+0000] {taskinstance.py:3134} INFO - Exporting env vars: AIRFLOW_CTX_DAG_OWNER='Esayed' AIRFLOW_CTX_DAG_ID='print_hello2' AIRFLOW_CTX_TASK_ID='save_to_csv_task' AIRFLOW_CTX_EXECUTION_DATE='2025-04-05T02:10:00+00:00' AIRFLOW_CTX_TRY_NUMBER='1' AIRFLOW_CTX_DAG_RUN_ID='scheduled__2025-04-05T02:10:00+00:00'
[2025-04-06T06:35:19.445+0000] {logging_mixin.py:190} INFO - Task instance is in running state
[2025-04-06T06:35:19.446+0000] {logging_mixin.py:190} INFO -  Previous state of the Task instance: queued
[2025-04-06T06:35:19.448+0000] {logging_mixin.py:190} INFO - Current task name:save_to_csv_task state:running start_date:2025-04-06 06:35:18.629534+00:00
[2025-04-06T06:35:19.449+0000] {logging_mixin.py:190} INFO - Dag name:print_hello2 and current dag run status:running
[2025-04-06T06:35:19.450+0000] {taskinstance.py:732} INFO - ::endgroup::
[2025-04-06T06:35:19.467+0000] {python.py:240} INFO - Done. Returned value was: None
[2025-04-06T06:35:19.491+0000] {taskinstance.py:341} INFO - ::group::Post task execution logs
[2025-04-06T06:35:19.492+0000] {taskinstance.py:353} INFO - Marking task as SUCCESS. dag_id=print_hello2, task_id=save_to_csv_task, run_id=scheduled__2025-04-05T02:10:00+00:00, execution_date=20250405T021000, start_date=20250406T063518, end_date=20250406T063519
[2025-04-06T06:35:19.561+0000] {logging_mixin.py:190} INFO - Task instance in success state
[2025-04-06T06:35:19.562+0000] {logging_mixin.py:190} INFO -  Previous state of the Task instance: running
[2025-04-06T06:35:19.564+0000] {logging_mixin.py:190} INFO - Dag name:print_hello2 queued_at:2025-04-06 06:35:07.747402+00:00
[2025-04-06T06:35:19.565+0000] {logging_mixin.py:190} INFO - Task hostname:5991717e768c operator:PythonOperator
[2025-04-06T06:35:19.602+0000] {local_task_job_runner.py:266} INFO - Task exited with return code 0
[2025-04-06T06:35:19.636+0000] {taskinstance.py:3901} INFO - 0 downstream tasks scheduled from follow-on schedule check
[2025-04-06T06:35:19.641+0000] {local_task_job_runner.py:245} INFO - ::endgroup::
