[2025-04-06T06:02:48.730+0000] {local_task_job_runner.py:123} INFO - ::group::Pre task execution logs
[2025-04-06T06:02:48.790+0000] {taskinstance.py:2614} INFO - Dependencies all met for dep_context=non-requeueable deps ti=<TaskInstance: print_hello.save_to_csv_task scheduled__2025-04-05T00:00:00+00:00 [queued]>
[2025-04-06T06:02:48.821+0000] {taskinstance.py:2614} INFO - Dependencies all met for dep_context=requeueable deps ti=<TaskInstance: print_hello.save_to_csv_task scheduled__2025-04-05T00:00:00+00:00 [queued]>
[2025-04-06T06:02:48.822+0000] {taskinstance.py:2867} INFO - Starting attempt 1 of 2
[2025-04-06T06:02:49.288+0000] {taskinstance.py:2890} INFO - Executing <Task(PythonOperator): save_to_csv_task> on 2025-04-05 00:00:00+00:00
[2025-04-06T06:02:49.310+0000] {standard_task_runner.py:104} INFO - Running: ['***', 'tasks', 'run', 'print_hello', 'save_to_csv_task', 'scheduled__2025-04-05T00:00:00+00:00', '--job-id', '40', '--raw', '--subdir', 'DAGS_FOLDER/print_hello.py', '--cfg-path', '/tmp/tmpso_l89kr']
[2025-04-06T06:02:49.318+0000] {standard_task_runner.py:105} INFO - Job 40: Subtask save_to_csv_task
[2025-04-06T06:02:49.305+0000] {warnings.py:112} WARNING - /home/***/.local/lib/python3.12/site-packages/***/task/task_runner/standard_task_runner.py:70: DeprecationWarning: This process (pid=183) is multi-threaded, use of fork() may lead to deadlocks in the child.
  pid = os.fork()

[2025-04-06T06:02:49.323+0000] {standard_task_runner.py:72} INFO - Started process 234 to run task
[2025-04-06T06:02:49.446+0000] {task_command.py:467} INFO - Running <TaskInstance: print_hello.save_to_csv_task scheduled__2025-04-05T00:00:00+00:00 [running]> on host 5991717e768c
[2025-04-06T06:02:49.704+0000] {taskinstance.py:3134} INFO - Exporting env vars: AIRFLOW_CTX_DAG_OWNER='Esayed' AIRFLOW_CTX_DAG_ID='print_hello' AIRFLOW_CTX_TASK_ID='save_to_csv_task' AIRFLOW_CTX_EXECUTION_DATE='2025-04-05T00:00:00+00:00' AIRFLOW_CTX_TRY_NUMBER='1' AIRFLOW_CTX_DAG_RUN_ID='scheduled__2025-04-05T00:00:00+00:00'
[2025-04-06T06:02:49.708+0000] {logging_mixin.py:190} INFO - Task instance is in running state
[2025-04-06T06:02:49.709+0000] {logging_mixin.py:190} INFO -  Previous state of the Task instance: queued
[2025-04-06T06:02:49.712+0000] {logging_mixin.py:190} INFO - Current task name:save_to_csv_task state:running start_date:2025-04-06 06:02:48.792477+00:00
[2025-04-06T06:02:49.713+0000] {logging_mixin.py:190} INFO - Dag name:print_hello and current dag run status:running
[2025-04-06T06:02:49.718+0000] {taskinstance.py:732} INFO - ::endgroup::
[2025-04-06T06:02:49.735+0000] {python.py:240} INFO - Done. Returned value was: None
[2025-04-06T06:02:49.759+0000] {taskinstance.py:341} INFO - ::group::Post task execution logs
[2025-04-06T06:02:49.762+0000] {taskinstance.py:353} INFO - Marking task as SUCCESS. dag_id=print_hello, task_id=save_to_csv_task, run_id=scheduled__2025-04-05T00:00:00+00:00, execution_date=20250405T000000, start_date=20250406T060248, end_date=20250406T060249
[2025-04-06T06:02:49.817+0000] {logging_mixin.py:190} INFO - Task instance in success state
[2025-04-06T06:02:49.818+0000] {logging_mixin.py:190} INFO -  Previous state of the Task instance: running
[2025-04-06T06:02:49.819+0000] {logging_mixin.py:190} INFO - Dag name:print_hello queued_at:2025-04-06 06:02:19.852343+00:00
[2025-04-06T06:02:49.821+0000] {logging_mixin.py:190} INFO - Task hostname:5991717e768c operator:PythonOperator
[2025-04-06T06:02:49.878+0000] {local_task_job_runner.py:266} INFO - Task exited with return code 0
[2025-04-06T06:02:49.909+0000] {taskinstance.py:3901} INFO - 0 downstream tasks scheduled from follow-on schedule check
[2025-04-06T06:02:49.915+0000] {local_task_job_runner.py:245} INFO - ::endgroup::
[2025-04-06T06:15:01.411+0000] {local_task_job_runner.py:123} INFO - ::group::Pre task execution logs
[2025-04-06T06:15:01.519+0000] {taskinstance.py:2614} INFO - Dependencies all met for dep_context=non-requeueable deps ti=<TaskInstance: print_hello.save_to_csv_task scheduled__2025-04-05T00:00:00+00:00 [queued]>
[2025-04-06T06:15:01.625+0000] {taskinstance.py:2614} INFO - Dependencies all met for dep_context=requeueable deps ti=<TaskInstance: print_hello.save_to_csv_task scheduled__2025-04-05T00:00:00+00:00 [queued]>
[2025-04-06T06:15:01.628+0000] {taskinstance.py:2867} INFO - Starting attempt 1 of 2
[2025-04-06T06:15:02.446+0000] {taskinstance.py:2890} INFO - Executing <Task(PythonOperator): save_to_csv_task> on 2025-04-05 00:00:00+00:00
[2025-04-06T06:15:02.470+0000] {warnings.py:112} WARNING - /home/***/.local/lib/python3.12/site-packages/***/task/task_runner/standard_task_runner.py:70: DeprecationWarning: This process (pid=911) is multi-threaded, use of fork() may lead to deadlocks in the child.
  pid = os.fork()

[2025-04-06T06:15:02.476+0000] {standard_task_runner.py:72} INFO - Started process 963 to run task
[2025-04-06T06:15:02.483+0000] {standard_task_runner.py:104} INFO - Running: ['***', 'tasks', 'run', 'print_hello', 'save_to_csv_task', 'scheduled__2025-04-05T00:00:00+00:00', '--job-id', '180', '--raw', '--subdir', 'DAGS_FOLDER/print_hello.py', '--cfg-path', '/tmp/tmpcwlnv6kx']
[2025-04-06T06:15:02.487+0000] {standard_task_runner.py:105} INFO - Job 180: Subtask save_to_csv_task
[2025-04-06T06:15:02.807+0000] {task_command.py:467} INFO - Running <TaskInstance: print_hello.save_to_csv_task scheduled__2025-04-05T00:00:00+00:00 [running]> on host 5991717e768c
[2025-04-06T06:15:03.216+0000] {taskinstance.py:3134} INFO - Exporting env vars: AIRFLOW_CTX_DAG_OWNER='Esayed' AIRFLOW_CTX_DAG_ID='print_hello' AIRFLOW_CTX_TASK_ID='save_to_csv_task' AIRFLOW_CTX_EXECUTION_DATE='2025-04-05T00:00:00+00:00' AIRFLOW_CTX_TRY_NUMBER='1' AIRFLOW_CTX_DAG_RUN_ID='scheduled__2025-04-05T00:00:00+00:00'
[2025-04-06T06:15:03.222+0000] {logging_mixin.py:190} INFO - Task instance is in running state
[2025-04-06T06:15:03.226+0000] {logging_mixin.py:190} INFO -  Previous state of the Task instance: queued
[2025-04-06T06:15:03.228+0000] {logging_mixin.py:190} INFO - Current task name:save_to_csv_task state:running start_date:2025-04-06 06:15:01.529058+00:00
[2025-04-06T06:15:03.232+0000] {logging_mixin.py:190} INFO - Dag name:print_hello and current dag run status:running
[2025-04-06T06:15:03.239+0000] {taskinstance.py:732} INFO - ::endgroup::
[2025-04-06T06:15:03.267+0000] {python.py:240} INFO - Done. Returned value was: None
[2025-04-06T06:15:03.362+0000] {taskinstance.py:341} INFO - ::group::Post task execution logs
[2025-04-06T06:15:03.364+0000] {taskinstance.py:353} INFO - Marking task as SUCCESS. dag_id=print_hello, task_id=save_to_csv_task, run_id=scheduled__2025-04-05T00:00:00+00:00, execution_date=20250405T000000, start_date=20250406T061501, end_date=20250406T061503
[2025-04-06T06:15:03.546+0000] {logging_mixin.py:190} INFO - Task instance in success state
[2025-04-06T06:15:03.547+0000] {logging_mixin.py:190} INFO -  Previous state of the Task instance: running
[2025-04-06T06:15:03.548+0000] {logging_mixin.py:190} INFO - Dag name:print_hello queued_at:2025-04-06 06:14:51.525036+00:00
[2025-04-06T06:15:03.550+0000] {logging_mixin.py:190} INFO - Task hostname:5991717e768c operator:PythonOperator
[2025-04-06T06:15:03.608+0000] {local_task_job_runner.py:266} INFO - Task exited with return code 0
[2025-04-06T06:15:03.650+0000] {taskinstance.py:3901} INFO - 0 downstream tasks scheduled from follow-on schedule check
[2025-04-06T06:15:03.676+0000] {local_task_job_runner.py:245} INFO - ::endgroup::
