[2025-04-06T06:03:27.968+0000] {local_task_job_runner.py:123} INFO - ::group::Pre task execution logs
[2025-04-06T06:03:27.987+0000] {taskinstance.py:2614} INFO - Dependencies all met for dep_context=non-requeueable deps ti=<TaskInstance: print_hello.print_hello_task scheduled__2025-04-05T00:48:00+00:00 [queued]>
[2025-04-06T06:03:27.996+0000] {taskinstance.py:2614} INFO - Dependencies all met for dep_context=requeueable deps ti=<TaskInstance: print_hello.print_hello_task scheduled__2025-04-05T00:48:00+00:00 [queued]>
[2025-04-06T06:03:27.996+0000] {taskinstance.py:2867} INFO - Starting attempt 1 of 2
[2025-04-06T06:03:28.172+0000] {taskinstance.py:2890} INFO - Executing <Task(PythonOperator): print_hello_task> on 2025-04-05 00:48:00+00:00
[2025-04-06T06:03:28.184+0000] {warnings.py:112} WARNING - /home/***/.local/lib/python3.12/site-packages/***/task/task_runner/standard_task_runner.py:70: DeprecationWarning: This process (pid=509) is multi-threaded, use of fork() may lead to deadlocks in the child.
  pid = os.fork()

[2025-04-06T06:03:28.186+0000] {standard_task_runner.py:72} INFO - Started process 513 to run task
[2025-04-06T06:03:28.186+0000] {standard_task_runner.py:104} INFO - Running: ['***', 'tasks', 'run', 'print_hello', 'print_hello_task', 'scheduled__2025-04-05T00:48:00+00:00', '--job-id', '111', '--raw', '--subdir', 'DAGS_FOLDER/print_hello.py', '--cfg-path', '/tmp/tmpdu3t252m']
[2025-04-06T06:03:28.188+0000] {standard_task_runner.py:105} INFO - Job 111: Subtask print_hello_task
[2025-04-06T06:03:28.245+0000] {task_command.py:467} INFO - Running <TaskInstance: print_hello.print_hello_task scheduled__2025-04-05T00:48:00+00:00 [running]> on host 5991717e768c
[2025-04-06T06:03:28.345+0000] {taskinstance.py:3134} INFO - Exporting env vars: AIRFLOW_CTX_DAG_OWNER='Esayed' AIRFLOW_CTX_DAG_ID='print_hello' AIRFLOW_CTX_TASK_ID='print_hello_task' AIRFLOW_CTX_EXECUTION_DATE='2025-04-05T00:48:00+00:00' AIRFLOW_CTX_TRY_NUMBER='1' AIRFLOW_CTX_DAG_RUN_ID='scheduled__2025-04-05T00:48:00+00:00'
[2025-04-06T06:03:28.346+0000] {logging_mixin.py:190} INFO - Task instance is in running state
[2025-04-06T06:03:28.347+0000] {logging_mixin.py:190} INFO -  Previous state of the Task instance: queued
[2025-04-06T06:03:28.348+0000] {logging_mixin.py:190} INFO - Current task name:print_hello_task state:running start_date:2025-04-06 06:03:27.988505+00:00
[2025-04-06T06:03:28.348+0000] {logging_mixin.py:190} INFO - Dag name:print_hello and current dag run status:running
[2025-04-06T06:03:28.349+0000] {taskinstance.py:732} INFO - ::endgroup::
[2025-04-06T06:03:28.350+0000] {logging_mixin.py:190} INFO - hello
[2025-04-06T06:03:28.351+0000] {python.py:240} INFO - Done. Returned value was: None
[2025-04-06T06:03:28.362+0000] {taskinstance.py:341} INFO - ::group::Post task execution logs
[2025-04-06T06:03:28.363+0000] {taskinstance.py:353} INFO - Marking task as SUCCESS. dag_id=print_hello, task_id=print_hello_task, run_id=scheduled__2025-04-05T00:48:00+00:00, execution_date=20250405T004800, start_date=20250406T060327, end_date=20250406T060328
[2025-04-06T06:03:28.394+0000] {logging_mixin.py:190} INFO - Task instance in success state
[2025-04-06T06:03:28.395+0000] {logging_mixin.py:190} INFO -  Previous state of the Task instance: running
[2025-04-06T06:03:28.396+0000] {logging_mixin.py:190} INFO - Dag name:print_hello queued_at:2025-04-06 06:03:26.052891+00:00
[2025-04-06T06:03:28.396+0000] {logging_mixin.py:190} INFO - Task hostname:5991717e768c operator:PythonOperator
[2025-04-06T06:03:28.443+0000] {local_task_job_runner.py:266} INFO - Task exited with return code 0
[2025-04-06T06:03:28.470+0000] {taskinstance.py:3901} INFO - 1 downstream tasks scheduled from follow-on schedule check
[2025-04-06T06:03:28.473+0000] {local_task_job_runner.py:245} INFO - ::endgroup::
[2025-04-06T06:15:48.020+0000] {local_task_job_runner.py:123} INFO - ::group::Pre task execution logs
[2025-04-06T06:15:48.077+0000] {taskinstance.py:2614} INFO - Dependencies all met for dep_context=non-requeueable deps ti=<TaskInstance: print_hello.print_hello_task scheduled__2025-04-05T00:48:00+00:00 [queued]>
[2025-04-06T06:15:48.115+0000] {taskinstance.py:2614} INFO - Dependencies all met for dep_context=requeueable deps ti=<TaskInstance: print_hello.print_hello_task scheduled__2025-04-05T00:48:00+00:00 [queued]>
[2025-04-06T06:15:48.120+0000] {taskinstance.py:2867} INFO - Starting attempt 1 of 2
[2025-04-06T06:15:48.892+0000] {taskinstance.py:2890} INFO - Executing <Task(PythonOperator): print_hello_task> on 2025-04-05 00:48:00+00:00
[2025-04-06T06:15:48.934+0000] {warnings.py:112} WARNING - /home/***/.local/lib/python3.12/site-packages/***/task/task_runner/standard_task_runner.py:70: DeprecationWarning: This process (pid=1272) is multi-threaded, use of fork() may lead to deadlocks in the child.
  pid = os.fork()

[2025-04-06T06:15:48.938+0000] {standard_task_runner.py:72} INFO - Started process 1302 to run task
[2025-04-06T06:15:48.948+0000] {standard_task_runner.py:104} INFO - Running: ['***', 'tasks', 'run', 'print_hello', 'print_hello_task', 'scheduled__2025-04-05T00:48:00+00:00', '--job-id', '262', '--raw', '--subdir', 'DAGS_FOLDER/print_hello.py', '--cfg-path', '/tmp/tmpvu6f29uf']
[2025-04-06T06:15:48.962+0000] {standard_task_runner.py:105} INFO - Job 262: Subtask print_hello_task
[2025-04-06T06:15:49.257+0000] {task_command.py:467} INFO - Running <TaskInstance: print_hello.print_hello_task scheduled__2025-04-05T00:48:00+00:00 [running]> on host 5991717e768c
[2025-04-06T06:15:49.541+0000] {taskinstance.py:3134} INFO - Exporting env vars: AIRFLOW_CTX_DAG_OWNER='Esayed' AIRFLOW_CTX_DAG_ID='print_hello' AIRFLOW_CTX_TASK_ID='print_hello_task' AIRFLOW_CTX_EXECUTION_DATE='2025-04-05T00:48:00+00:00' AIRFLOW_CTX_TRY_NUMBER='1' AIRFLOW_CTX_DAG_RUN_ID='scheduled__2025-04-05T00:48:00+00:00'
[2025-04-06T06:15:49.550+0000] {logging_mixin.py:190} INFO - Task instance is in running state
[2025-04-06T06:15:49.552+0000] {logging_mixin.py:190} INFO -  Previous state of the Task instance: queued
[2025-04-06T06:15:49.554+0000] {logging_mixin.py:190} INFO - Current task name:print_hello_task state:running start_date:2025-04-06 06:15:48.078929+00:00
[2025-04-06T06:15:49.559+0000] {logging_mixin.py:190} INFO - Dag name:print_hello and current dag run status:running
[2025-04-06T06:15:49.561+0000] {taskinstance.py:732} INFO - ::endgroup::
[2025-04-06T06:15:49.567+0000] {logging_mixin.py:190} INFO - hello
[2025-04-06T06:15:49.576+0000] {python.py:240} INFO - Done. Returned value was: None
[2025-04-06T06:15:49.667+0000] {taskinstance.py:341} INFO - ::group::Post task execution logs
[2025-04-06T06:15:49.669+0000] {taskinstance.py:353} INFO - Marking task as SUCCESS. dag_id=print_hello, task_id=print_hello_task, run_id=scheduled__2025-04-05T00:48:00+00:00, execution_date=20250405T004800, start_date=20250406T061548, end_date=20250406T061549
[2025-04-06T06:15:50.003+0000] {logging_mixin.py:190} INFO - Task instance in success state
[2025-04-06T06:15:50.007+0000] {logging_mixin.py:190} INFO -  Previous state of the Task instance: running
[2025-04-06T06:15:50.009+0000] {logging_mixin.py:190} INFO - Dag name:print_hello queued_at:2025-04-06 06:15:44.245691+00:00
[2025-04-06T06:15:50.011+0000] {logging_mixin.py:190} INFO - Task hostname:5991717e768c operator:PythonOperator
[2025-04-06T06:15:50.065+0000] {local_task_job_runner.py:266} INFO - Task exited with return code 0
[2025-04-06T06:15:50.150+0000] {taskinstance.py:3901} INFO - 1 downstream tasks scheduled from follow-on schedule check
[2025-04-06T06:15:50.159+0000] {local_task_job_runner.py:245} INFO - ::endgroup::
