[2025-04-06T06:03:04.102+0000] {local_task_job_runner.py:123} INFO - ::group::Pre task execution logs
[2025-04-06T06:03:04.147+0000] {taskinstance.py:2614} INFO - Dependencies all met for dep_context=non-requeueable deps ti=<TaskInstance: print_hello.save_to_csv_task scheduled__2025-04-05T00:17:00+00:00 [queued]>
[2025-04-06T06:03:04.173+0000] {taskinstance.py:2614} INFO - Dependencies all met for dep_context=requeueable deps ti=<TaskInstance: print_hello.save_to_csv_task scheduled__2025-04-05T00:17:00+00:00 [queued]>
[2025-04-06T06:03:04.175+0000] {taskinstance.py:2867} INFO - Starting attempt 1 of 2
[2025-04-06T06:03:04.579+0000] {taskinstance.py:2890} INFO - Executing <Task(PythonOperator): save_to_csv_task> on 2025-04-05 00:17:00+00:00
[2025-04-06T06:03:04.605+0000] {warnings.py:112} WARNING - /home/***/.local/lib/python3.12/site-packages/***/task/task_runner/standard_task_runner.py:70: DeprecationWarning: This process (pid=294) is multi-threaded, use of fork() may lead to deadlocks in the child.
  pid = os.fork()

[2025-04-06T06:03:04.610+0000] {standard_task_runner.py:104} INFO - Running: ['***', 'tasks', 'run', 'print_hello', 'save_to_csv_task', 'scheduled__2025-04-05T00:17:00+00:00', '--job-id', '64', '--raw', '--subdir', 'DAGS_FOLDER/print_hello.py', '--cfg-path', '/tmp/tmpxmm8gc2_']
[2025-04-06T06:03:04.612+0000] {standard_task_runner.py:105} INFO - Job 64: Subtask save_to_csv_task
[2025-04-06T06:03:04.611+0000] {standard_task_runner.py:72} INFO - Started process 346 to run task
[2025-04-06T06:03:04.751+0000] {task_command.py:467} INFO - Running <TaskInstance: print_hello.save_to_csv_task scheduled__2025-04-05T00:17:00+00:00 [running]> on host 5991717e768c
[2025-04-06T06:03:04.973+0000] {taskinstance.py:3134} INFO - Exporting env vars: AIRFLOW_CTX_DAG_OWNER='Esayed' AIRFLOW_CTX_DAG_ID='print_hello' AIRFLOW_CTX_TASK_ID='save_to_csv_task' AIRFLOW_CTX_EXECUTION_DATE='2025-04-05T00:17:00+00:00' AIRFLOW_CTX_TRY_NUMBER='1' AIRFLOW_CTX_DAG_RUN_ID='scheduled__2025-04-05T00:17:00+00:00'
[2025-04-06T06:03:04.978+0000] {logging_mixin.py:190} INFO - Task instance is in running state
[2025-04-06T06:03:04.980+0000] {logging_mixin.py:190} INFO -  Previous state of the Task instance: queued
[2025-04-06T06:03:04.982+0000] {logging_mixin.py:190} INFO - Current task name:save_to_csv_task state:running start_date:2025-04-06 06:03:04.148504+00:00
[2025-04-06T06:03:04.983+0000] {logging_mixin.py:190} INFO - Dag name:print_hello and current dag run status:running
[2025-04-06T06:03:04.987+0000] {taskinstance.py:732} INFO - ::endgroup::
[2025-04-06T06:03:05.010+0000] {python.py:240} INFO - Done. Returned value was: None
[2025-04-06T06:03:05.034+0000] {taskinstance.py:341} INFO - ::group::Post task execution logs
[2025-04-06T06:03:05.038+0000] {taskinstance.py:353} INFO - Marking task as SUCCESS. dag_id=print_hello, task_id=save_to_csv_task, run_id=scheduled__2025-04-05T00:17:00+00:00, execution_date=20250405T001700, start_date=20250406T060304, end_date=20250406T060305
[2025-04-06T06:03:05.094+0000] {logging_mixin.py:190} INFO - Task instance in success state
[2025-04-06T06:03:05.096+0000] {logging_mixin.py:190} INFO -  Previous state of the Task instance: running
[2025-04-06T06:03:05.097+0000] {logging_mixin.py:190} INFO - Dag name:print_hello queued_at:2025-04-06 06:02:54.654789+00:00
[2025-04-06T06:03:05.098+0000] {logging_mixin.py:190} INFO - Task hostname:5991717e768c operator:PythonOperator
[2025-04-06T06:03:05.145+0000] {local_task_job_runner.py:266} INFO - Task exited with return code 0
[2025-04-06T06:03:05.174+0000] {taskinstance.py:3901} INFO - 0 downstream tasks scheduled from follow-on schedule check
[2025-04-06T06:03:05.188+0000] {local_task_job_runner.py:245} INFO - ::endgroup::
[2025-04-06T06:15:19.161+0000] {local_task_job_runner.py:123} INFO - ::group::Pre task execution logs
[2025-04-06T06:15:19.223+0000] {taskinstance.py:2614} INFO - Dependencies all met for dep_context=non-requeueable deps ti=<TaskInstance: print_hello.save_to_csv_task scheduled__2025-04-05T00:17:00+00:00 [queued]>
[2025-04-06T06:15:19.254+0000] {taskinstance.py:2614} INFO - Dependencies all met for dep_context=requeueable deps ti=<TaskInstance: print_hello.save_to_csv_task scheduled__2025-04-05T00:17:00+00:00 [queued]>
[2025-04-06T06:15:19.256+0000] {taskinstance.py:2867} INFO - Starting attempt 1 of 2
[2025-04-06T06:15:19.678+0000] {taskinstance.py:2890} INFO - Executing <Task(PythonOperator): save_to_csv_task> on 2025-04-05 00:17:00+00:00
[2025-04-06T06:15:19.699+0000] {warnings.py:112} WARNING - /home/***/.local/lib/python3.12/site-packages/***/task/task_runner/standard_task_runner.py:70: DeprecationWarning: This process (pid=1041) is multi-threaded, use of fork() may lead to deadlocks in the child.
  pid = os.fork()

[2025-04-06T06:15:19.705+0000] {standard_task_runner.py:104} INFO - Running: ['***', 'tasks', 'run', 'print_hello', 'save_to_csv_task', 'scheduled__2025-04-05T00:17:00+00:00', '--job-id', '212', '--raw', '--subdir', 'DAGS_FOLDER/print_hello.py', '--cfg-path', '/tmp/tmpjuo5d9cj']
[2025-04-06T06:15:19.711+0000] {standard_task_runner.py:105} INFO - Job 212: Subtask save_to_csv_task
[2025-04-06T06:15:19.710+0000] {standard_task_runner.py:72} INFO - Started process 1088 to run task
[2025-04-06T06:15:19.833+0000] {task_command.py:467} INFO - Running <TaskInstance: print_hello.save_to_csv_task scheduled__2025-04-05T00:17:00+00:00 [running]> on host 5991717e768c
[2025-04-06T06:15:20.051+0000] {taskinstance.py:3134} INFO - Exporting env vars: AIRFLOW_CTX_DAG_OWNER='Esayed' AIRFLOW_CTX_DAG_ID='print_hello' AIRFLOW_CTX_TASK_ID='save_to_csv_task' AIRFLOW_CTX_EXECUTION_DATE='2025-04-05T00:17:00+00:00' AIRFLOW_CTX_TRY_NUMBER='1' AIRFLOW_CTX_DAG_RUN_ID='scheduled__2025-04-05T00:17:00+00:00'
[2025-04-06T06:15:20.055+0000] {logging_mixin.py:190} INFO - Task instance is in running state
[2025-04-06T06:15:20.057+0000] {logging_mixin.py:190} INFO -  Previous state of the Task instance: queued
[2025-04-06T06:15:20.059+0000] {logging_mixin.py:190} INFO - Current task name:save_to_csv_task state:running start_date:2025-04-06 06:15:19.225039+00:00
[2025-04-06T06:15:20.060+0000] {logging_mixin.py:190} INFO - Dag name:print_hello and current dag run status:running
[2025-04-06T06:15:20.062+0000] {taskinstance.py:732} INFO - ::endgroup::
[2025-04-06T06:15:20.085+0000] {python.py:240} INFO - Done. Returned value was: None
[2025-04-06T06:15:20.112+0000] {taskinstance.py:341} INFO - ::group::Post task execution logs
[2025-04-06T06:15:20.113+0000] {taskinstance.py:353} INFO - Marking task as SUCCESS. dag_id=print_hello, task_id=save_to_csv_task, run_id=scheduled__2025-04-05T00:17:00+00:00, execution_date=20250405T001700, start_date=20250406T061519, end_date=20250406T061520
[2025-04-06T06:15:20.216+0000] {logging_mixin.py:190} INFO - Task instance in success state
[2025-04-06T06:15:20.217+0000] {logging_mixin.py:190} INFO -  Previous state of the Task instance: running
[2025-04-06T06:15:20.218+0000] {logging_mixin.py:190} INFO - Dag name:print_hello queued_at:2025-04-06 06:15:10.829948+00:00
[2025-04-06T06:15:20.219+0000] {logging_mixin.py:190} INFO - Task hostname:5991717e768c operator:PythonOperator
[2025-04-06T06:15:20.263+0000] {local_task_job_runner.py:266} INFO - Task exited with return code 0
[2025-04-06T06:15:20.298+0000] {taskinstance.py:3901} INFO - 0 downstream tasks scheduled from follow-on schedule check
[2025-04-06T06:15:20.306+0000] {local_task_job_runner.py:245} INFO - ::endgroup::
