[2025-04-06T06:03:34.037+0000] {local_task_job_runner.py:123} INFO - ::group::Pre task execution logs
[2025-04-06T06:03:34.058+0000] {taskinstance.py:2614} INFO - Dependencies all met for dep_context=non-requeueable deps ti=<TaskInstance: print_hello.print_hello_task scheduled__2025-04-05T00:56:00+00:00 [queued]>
[2025-04-06T06:03:34.070+0000] {taskinstance.py:2614} INFO - Dependencies all met for dep_context=requeueable deps ti=<TaskInstance: print_hello.print_hello_task scheduled__2025-04-05T00:56:00+00:00 [queued]>
[2025-04-06T06:03:34.071+0000] {taskinstance.py:2867} INFO - Starting attempt 1 of 2
[2025-04-06T06:03:34.306+0000] {taskinstance.py:2890} INFO - Executing <Task(PythonOperator): print_hello_task> on 2025-04-05 00:56:00+00:00
[2025-04-06T06:03:34.320+0000] {warnings.py:112} WARNING - /home/***/.local/lib/python3.12/site-packages/***/task/task_runner/standard_task_runner.py:70: DeprecationWarning: This process (pid=533) is multi-threaded, use of fork() may lead to deadlocks in the child.
  pid = os.fork()

[2025-04-06T06:03:34.322+0000] {standard_task_runner.py:72} INFO - Started process 556 to run task
[2025-04-06T06:03:34.323+0000] {standard_task_runner.py:104} INFO - Running: ['***', 'tasks', 'run', 'print_hello', 'print_hello_task', 'scheduled__2025-04-05T00:56:00+00:00', '--job-id', '120', '--raw', '--subdir', 'DAGS_FOLDER/print_hello.py', '--cfg-path', '/tmp/tmp1c6f6wbf']
[2025-04-06T06:03:34.325+0000] {standard_task_runner.py:105} INFO - Job 120: Subtask print_hello_task
[2025-04-06T06:03:34.409+0000] {task_command.py:467} INFO - Running <TaskInstance: print_hello.print_hello_task scheduled__2025-04-05T00:56:00+00:00 [running]> on host 5991717e768c
[2025-04-06T06:03:34.543+0000] {taskinstance.py:3134} INFO - Exporting env vars: AIRFLOW_CTX_DAG_OWNER='Esayed' AIRFLOW_CTX_DAG_ID='print_hello' AIRFLOW_CTX_TASK_ID='print_hello_task' AIRFLOW_CTX_EXECUTION_DATE='2025-04-05T00:56:00+00:00' AIRFLOW_CTX_TRY_NUMBER='1' AIRFLOW_CTX_DAG_RUN_ID='scheduled__2025-04-05T00:56:00+00:00'
[2025-04-06T06:03:34.545+0000] {logging_mixin.py:190} INFO - Task instance is in running state
[2025-04-06T06:03:34.548+0000] {logging_mixin.py:190} INFO -  Previous state of the Task instance: queued
[2025-04-06T06:03:34.550+0000] {logging_mixin.py:190} INFO - Current task name:print_hello_task state:running start_date:2025-04-06 06:03:34.059037+00:00
[2025-04-06T06:03:34.550+0000] {logging_mixin.py:190} INFO - Dag name:print_hello and current dag run status:running
[2025-04-06T06:03:34.554+0000] {taskinstance.py:732} INFO - ::endgroup::
[2025-04-06T06:03:34.555+0000] {logging_mixin.py:190} INFO - hello
[2025-04-06T06:03:34.559+0000] {python.py:240} INFO - Done. Returned value was: None
[2025-04-06T06:03:34.576+0000] {taskinstance.py:341} INFO - ::group::Post task execution logs
[2025-04-06T06:03:34.580+0000] {taskinstance.py:353} INFO - Marking task as SUCCESS. dag_id=print_hello, task_id=print_hello_task, run_id=scheduled__2025-04-05T00:56:00+00:00, execution_date=20250405T005600, start_date=20250406T060334, end_date=20250406T060334
[2025-04-06T06:03:34.624+0000] {logging_mixin.py:190} INFO - Task instance in success state
[2025-04-06T06:03:34.625+0000] {logging_mixin.py:190} INFO -  Previous state of the Task instance: running
[2025-04-06T06:03:34.626+0000] {logging_mixin.py:190} INFO - Dag name:print_hello queued_at:2025-04-06 06:03:30.913458+00:00
[2025-04-06T06:03:34.627+0000] {logging_mixin.py:190} INFO - Task hostname:5991717e768c operator:PythonOperator
[2025-04-06T06:03:34.660+0000] {local_task_job_runner.py:266} INFO - Task exited with return code 0
[2025-04-06T06:03:34.676+0000] {local_task_job_runner.py:245} INFO - ::endgroup::
[2025-04-06T06:15:51.488+0000] {local_task_job_runner.py:123} INFO - ::group::Pre task execution logs
[2025-04-06T06:15:51.539+0000] {taskinstance.py:2614} INFO - Dependencies all met for dep_context=non-requeueable deps ti=<TaskInstance: print_hello.print_hello_task scheduled__2025-04-05T00:56:00+00:00 [queued]>
[2025-04-06T06:15:51.564+0000] {taskinstance.py:2614} INFO - Dependencies all met for dep_context=requeueable deps ti=<TaskInstance: print_hello.print_hello_task scheduled__2025-04-05T00:56:00+00:00 [queued]>
[2025-04-06T06:15:51.566+0000] {taskinstance.py:2867} INFO - Starting attempt 1 of 2
[2025-04-06T06:15:52.143+0000] {taskinstance.py:2890} INFO - Executing <Task(PythonOperator): print_hello_task> on 2025-04-05 00:56:00+00:00
[2025-04-06T06:15:52.164+0000] {warnings.py:112} WARNING - /home/***/.local/lib/python3.12/site-packages/***/task/task_runner/standard_task_runner.py:70: DeprecationWarning: This process (pid=1291) is multi-threaded, use of fork() may lead to deadlocks in the child.
  pid = os.fork()

[2025-04-06T06:15:52.166+0000] {standard_task_runner.py:72} INFO - Started process 1331 to run task
[2025-04-06T06:15:52.168+0000] {standard_task_runner.py:104} INFO - Running: ['***', 'tasks', 'run', 'print_hello', 'print_hello_task', 'scheduled__2025-04-05T00:56:00+00:00', '--job-id', '272', '--raw', '--subdir', 'DAGS_FOLDER/print_hello.py', '--cfg-path', '/tmp/tmp_u_oiv7y']
[2025-04-06T06:15:52.170+0000] {standard_task_runner.py:105} INFO - Job 272: Subtask print_hello_task
[2025-04-06T06:15:52.278+0000] {task_command.py:467} INFO - Running <TaskInstance: print_hello.print_hello_task scheduled__2025-04-05T00:56:00+00:00 [running]> on host 5991717e768c
[2025-04-06T06:15:52.527+0000] {taskinstance.py:3134} INFO - Exporting env vars: AIRFLOW_CTX_DAG_OWNER='Esayed' AIRFLOW_CTX_DAG_ID='print_hello' AIRFLOW_CTX_TASK_ID='print_hello_task' AIRFLOW_CTX_EXECUTION_DATE='2025-04-05T00:56:00+00:00' AIRFLOW_CTX_TRY_NUMBER='1' AIRFLOW_CTX_DAG_RUN_ID='scheduled__2025-04-05T00:56:00+00:00'
[2025-04-06T06:15:52.531+0000] {logging_mixin.py:190} INFO - Task instance is in running state
[2025-04-06T06:15:52.533+0000] {logging_mixin.py:190} INFO -  Previous state of the Task instance: queued
[2025-04-06T06:15:52.534+0000] {logging_mixin.py:190} INFO - Current task name:print_hello_task state:running start_date:2025-04-06 06:15:51.542253+00:00
[2025-04-06T06:15:52.536+0000] {logging_mixin.py:190} INFO - Dag name:print_hello and current dag run status:running
[2025-04-06T06:15:52.537+0000] {taskinstance.py:732} INFO - ::endgroup::
[2025-04-06T06:15:52.539+0000] {logging_mixin.py:190} INFO - hello
[2025-04-06T06:15:52.541+0000] {python.py:240} INFO - Done. Returned value was: None
[2025-04-06T06:15:52.564+0000] {taskinstance.py:341} INFO - ::group::Post task execution logs
[2025-04-06T06:15:52.567+0000] {taskinstance.py:353} INFO - Marking task as SUCCESS. dag_id=print_hello, task_id=print_hello_task, run_id=scheduled__2025-04-05T00:56:00+00:00, execution_date=20250405T005600, start_date=20250406T061551, end_date=20250406T061552
[2025-04-06T06:15:52.674+0000] {logging_mixin.py:190} INFO - Task instance in success state
[2025-04-06T06:15:52.682+0000] {logging_mixin.py:190} INFO -  Previous state of the Task instance: running
[2025-04-06T06:15:52.684+0000] {logging_mixin.py:190} INFO - Dag name:print_hello queued_at:2025-04-06 06:15:46.193310+00:00
[2025-04-06T06:15:52.685+0000] {logging_mixin.py:190} INFO - Task hostname:5991717e768c operator:PythonOperator
[2025-04-06T06:15:52.752+0000] {local_task_job_runner.py:266} INFO - Task exited with return code 0
[2025-04-06T06:15:52.788+0000] {local_task_job_runner.py:245} INFO - ::endgroup::
