[2025-04-06T06:33:01.169+0000] {local_task_job_runner.py:123} INFO - ::group::Pre task execution logs
[2025-04-06T06:33:01.325+0000] {taskinstance.py:2614} INFO - Dependencies all met for dep_context=non-requeueable deps ti=<TaskInstance: print_hello2.print_hello_task scheduled__2025-04-05T00:20:00+00:00 [queued]>
[2025-04-06T06:33:06.784+0000] {taskinstance.py:2614} INFO - Dependencies all met for dep_context=requeueable deps ti=<TaskInstance: print_hello2.print_hello_task scheduled__2025-04-05T00:20:00+00:00 [queued]>
[2025-04-06T06:33:06.894+0000] {taskinstance.py:2867} INFO - Starting attempt 1 of 2
[2025-04-06T06:33:16.346+0000] {taskinstance.py:2890} INFO - Executing <Task(PythonOperator): print_hello_task> on 2025-04-05 00:20:00+00:00
[2025-04-06T06:33:16.420+0000] {warnings.py:112} WARNING - /home/***/.local/lib/python3.12/site-packages/***/task/task_runner/standard_task_runner.py:70: DeprecationWarning: This process (pid=1608) is multi-threaded, use of fork() may lead to deadlocks in the child.
  pid = os.fork()

[2025-04-06T06:33:16.426+0000] {standard_task_runner.py:72} INFO - Started process 1633 to run task
[2025-04-06T06:33:16.428+0000] {standard_task_runner.py:104} INFO - Running: ['***', 'tasks', 'run', 'print_hello2', 'print_hello_task', 'scheduled__2025-04-05T00:20:00+00:00', '--job-id', '295', '--raw', '--subdir', 'DAGS_FOLDER/print_hello.py', '--cfg-path', '/tmp/tmp8628cspy']
[2025-04-06T06:33:16.496+0000] {standard_task_runner.py:105} INFO - Job 295: Subtask print_hello_task
[2025-04-06T06:33:52.135+0000] {job.py:229} INFO - Heartbeat recovered after 83.18 seconds
[2025-04-06T06:33:52.915+0000] {task_command.py:467} INFO - Running <TaskInstance: print_hello2.print_hello_task scheduled__2025-04-05T00:20:00+00:00 [running]> on host 5991717e768c
[2025-04-06T06:33:53.639+0000] {taskinstance.py:3134} INFO - Exporting env vars: AIRFLOW_CTX_DAG_OWNER='Esayed' AIRFLOW_CTX_DAG_ID='print_hello2' AIRFLOW_CTX_TASK_ID='print_hello_task' AIRFLOW_CTX_EXECUTION_DATE='2025-04-05T00:20:00+00:00' AIRFLOW_CTX_TRY_NUMBER='1' AIRFLOW_CTX_DAG_RUN_ID='scheduled__2025-04-05T00:20:00+00:00'
[2025-04-06T06:33:53.642+0000] {logging_mixin.py:190} INFO - Task instance is in running state
[2025-04-06T06:33:53.649+0000] {logging_mixin.py:190} INFO -  Previous state of the Task instance: queued
[2025-04-06T06:33:53.652+0000] {logging_mixin.py:190} INFO - Current task name:print_hello_task state:running start_date:2025-04-06 06:33:02.141776+00:00
[2025-04-06T06:33:53.655+0000] {logging_mixin.py:190} INFO - Dag name:print_hello2 and current dag run status:running
[2025-04-06T06:33:53.656+0000] {taskinstance.py:732} INFO - ::endgroup::
[2025-04-06T06:33:53.657+0000] {logging_mixin.py:190} INFO - hello
[2025-04-06T06:33:53.659+0000] {python.py:240} INFO - Done. Returned value was: None
[2025-04-06T06:33:53.706+0000] {taskinstance.py:341} INFO - ::group::Post task execution logs
[2025-04-06T06:33:53.722+0000] {taskinstance.py:353} INFO - Marking task as SUCCESS. dag_id=print_hello2, task_id=print_hello_task, run_id=scheduled__2025-04-05T00:20:00+00:00, execution_date=20250405T002000, start_date=20250406T063302, end_date=20250406T063353
[2025-04-06T06:33:53.823+0000] {logging_mixin.py:190} INFO - Task instance in success state
[2025-04-06T06:33:53.833+0000] {logging_mixin.py:190} INFO -  Previous state of the Task instance: running
[2025-04-06T06:33:53.834+0000] {logging_mixin.py:190} INFO - Dag name:print_hello2 queued_at:2025-04-06 06:32:24.723692+00:00
[2025-04-06T06:33:53.835+0000] {logging_mixin.py:190} INFO - Task hostname:5991717e768c operator:PythonOperator
[2025-04-06T06:33:53.910+0000] {local_task_job_runner.py:266} INFO - Task exited with return code 0
[2025-04-06T06:33:53.943+0000] {local_task_job_runner.py:245} INFO - ::endgroup::
[2025-04-06T06:34:50.745+0000] {local_task_job_runner.py:123} INFO - ::group::Pre task execution logs
[2025-04-06T06:34:50.789+0000] {taskinstance.py:2614} INFO - Dependencies all met for dep_context=non-requeueable deps ti=<TaskInstance: print_hello2.print_hello_task scheduled__2025-04-05T00:20:00+00:00 [queued]>
[2025-04-06T06:34:50.817+0000] {taskinstance.py:2614} INFO - Dependencies all met for dep_context=requeueable deps ti=<TaskInstance: print_hello2.print_hello_task scheduled__2025-04-05T00:20:00+00:00 [queued]>
[2025-04-06T06:34:50.825+0000] {taskinstance.py:2867} INFO - Starting attempt 1 of 2
[2025-04-06T06:34:51.065+0000] {taskinstance.py:2890} INFO - Executing <Task(PythonOperator): print_hello_task> on 2025-04-05 00:20:00+00:00
[2025-04-06T06:34:51.082+0000] {warnings.py:112} WARNING - /home/***/.local/lib/python3.12/site-packages/***/task/task_runner/standard_task_runner.py:70: DeprecationWarning: This process (pid=1730) is multi-threaded, use of fork() may lead to deadlocks in the child.
  pid = os.fork()

[2025-04-06T06:34:51.085+0000] {standard_task_runner.py:104} INFO - Running: ['***', 'tasks', 'run', 'print_hello2', 'print_hello_task', 'scheduled__2025-04-05T00:20:00+00:00', '--job-id', '320', '--raw', '--subdir', 'DAGS_FOLDER/print_hello.py', '--cfg-path', '/tmp/tmprp_n568r']
[2025-04-06T06:34:51.088+0000] {standard_task_runner.py:72} INFO - Started process 1758 to run task
[2025-04-06T06:34:51.089+0000] {standard_task_runner.py:105} INFO - Job 320: Subtask print_hello_task
[2025-04-06T06:34:51.820+0000] {task_command.py:467} INFO - Running <TaskInstance: print_hello2.print_hello_task scheduled__2025-04-05T00:20:00+00:00 [running]> on host 5991717e768c
[2025-04-06T06:34:52.055+0000] {taskinstance.py:3134} INFO - Exporting env vars: AIRFLOW_CTX_DAG_OWNER='Esayed' AIRFLOW_CTX_DAG_ID='print_hello2' AIRFLOW_CTX_TASK_ID='print_hello_task' AIRFLOW_CTX_EXECUTION_DATE='2025-04-05T00:20:00+00:00' AIRFLOW_CTX_TRY_NUMBER='1' AIRFLOW_CTX_DAG_RUN_ID='scheduled__2025-04-05T00:20:00+00:00'
[2025-04-06T06:34:52.060+0000] {logging_mixin.py:190} INFO - Task instance is in running state
[2025-04-06T06:34:52.061+0000] {logging_mixin.py:190} INFO -  Previous state of the Task instance: queued
[2025-04-06T06:34:52.063+0000] {logging_mixin.py:190} INFO - Current task name:print_hello_task state:running start_date:2025-04-06 06:34:50.794355+00:00
[2025-04-06T06:34:52.065+0000] {logging_mixin.py:190} INFO - Dag name:print_hello2 and current dag run status:running
[2025-04-06T06:34:52.069+0000] {taskinstance.py:732} INFO - ::endgroup::
[2025-04-06T06:34:52.071+0000] {logging_mixin.py:190} INFO - hello
[2025-04-06T06:34:52.087+0000] {python.py:240} INFO - Done. Returned value was: None
[2025-04-06T06:34:52.120+0000] {taskinstance.py:341} INFO - ::group::Post task execution logs
[2025-04-06T06:34:52.121+0000] {taskinstance.py:353} INFO - Marking task as SUCCESS. dag_id=print_hello2, task_id=print_hello_task, run_id=scheduled__2025-04-05T00:20:00+00:00, execution_date=20250405T002000, start_date=20250406T063450, end_date=20250406T063452
[2025-04-06T06:34:52.200+0000] {logging_mixin.py:190} INFO - Task instance in success state
[2025-04-06T06:34:52.203+0000] {logging_mixin.py:190} INFO -  Previous state of the Task instance: running
[2025-04-06T06:34:52.207+0000] {logging_mixin.py:190} INFO - Dag name:print_hello2 queued_at:2025-04-06 06:34:47.039736+00:00
[2025-04-06T06:34:52.210+0000] {logging_mixin.py:190} INFO - Task hostname:5991717e768c operator:PythonOperator
[2025-04-06T06:34:52.291+0000] {local_task_job_runner.py:266} INFO - Task exited with return code 0
[2025-04-06T06:34:52.944+0000] {local_task_job_runner.py:245} INFO - ::endgroup::
[2025-04-06T06:36:26.870+0000] {local_task_job_runner.py:123} INFO - ::group::Pre task execution logs
[2025-04-06T06:36:26.955+0000] {taskinstance.py:2614} INFO - Dependencies all met for dep_context=non-requeueable deps ti=<TaskInstance: print_hello2.print_hello_task scheduled__2025-04-05T00:20:00+00:00 [queued]>
[2025-04-06T06:36:27.025+0000] {taskinstance.py:2614} INFO - Dependencies all met for dep_context=requeueable deps ti=<TaskInstance: print_hello2.print_hello_task scheduled__2025-04-05T00:20:00+00:00 [queued]>
[2025-04-06T06:36:27.029+0000] {taskinstance.py:2867} INFO - Starting attempt 1 of 2
[2025-04-06T06:36:27.280+0000] {taskinstance.py:2890} INFO - Executing <Task(PythonOperator): print_hello_task> on 2025-04-05 00:20:00+00:00
[2025-04-06T06:36:27.319+0000] {warnings.py:112} WARNING - /home/***/.local/lib/python3.12/site-packages/***/task/task_runner/standard_task_runner.py:70: DeprecationWarning: This process (pid=2027) is multi-threaded, use of fork() may lead to deadlocks in the child.
  pid = os.fork()

[2025-04-06T06:36:27.338+0000] {standard_task_runner.py:72} INFO - Started process 2057 to run task
[2025-04-06T06:36:27.341+0000] {standard_task_runner.py:104} INFO - Running: ['***', 'tasks', 'run', 'print_hello2', 'print_hello_task', 'scheduled__2025-04-05T00:20:00+00:00', '--job-id', '389', '--raw', '--subdir', 'DAGS_FOLDER/print_hello.py', '--cfg-path', '/tmp/tmpx98ncgaz']
[2025-04-06T06:36:27.351+0000] {standard_task_runner.py:105} INFO - Job 389: Subtask print_hello_task
[2025-04-06T06:36:28.258+0000] {task_command.py:467} INFO - Running <TaskInstance: print_hello2.print_hello_task scheduled__2025-04-05T00:20:00+00:00 [running]> on host 5991717e768c
[2025-04-06T06:36:28.598+0000] {taskinstance.py:3134} INFO - Exporting env vars: AIRFLOW_CTX_DAG_OWNER='Esayed' AIRFLOW_CTX_DAG_ID='print_hello2' AIRFLOW_CTX_TASK_ID='print_hello_task' AIRFLOW_CTX_EXECUTION_DATE='2025-04-05T00:20:00+00:00' AIRFLOW_CTX_TRY_NUMBER='1' AIRFLOW_CTX_DAG_RUN_ID='scheduled__2025-04-05T00:20:00+00:00'
[2025-04-06T06:36:28.606+0000] {logging_mixin.py:190} INFO - Task instance is in running state
[2025-04-06T06:36:28.621+0000] {logging_mixin.py:190} INFO -  Previous state of the Task instance: queued
[2025-04-06T06:36:28.626+0000] {logging_mixin.py:190} INFO - Current task name:print_hello_task state:running start_date:2025-04-06 06:36:26.957929+00:00
[2025-04-06T06:36:28.636+0000] {logging_mixin.py:190} INFO - Dag name:print_hello2 and current dag run status:running
[2025-04-06T06:36:28.638+0000] {taskinstance.py:732} INFO - ::endgroup::
[2025-04-06T06:36:28.645+0000] {logging_mixin.py:190} INFO - hello
[2025-04-06T06:36:28.650+0000] {python.py:240} INFO - Done. Returned value was: None
[2025-04-06T06:36:28.682+0000] {taskinstance.py:341} INFO - ::group::Post task execution logs
[2025-04-06T06:36:28.690+0000] {taskinstance.py:353} INFO - Marking task as SUCCESS. dag_id=print_hello2, task_id=print_hello_task, run_id=scheduled__2025-04-05T00:20:00+00:00, execution_date=20250405T002000, start_date=20250406T063626, end_date=20250406T063628
[2025-04-06T06:36:28.798+0000] {logging_mixin.py:190} INFO - Task instance in success state
[2025-04-06T06:36:28.858+0000] {logging_mixin.py:190} INFO -  Previous state of the Task instance: running
[2025-04-06T06:36:28.860+0000] {logging_mixin.py:190} INFO - Dag name:print_hello2 queued_at:2025-04-06 06:36:22.472749+00:00
[2025-04-06T06:36:28.866+0000] {logging_mixin.py:190} INFO - Task hostname:5991717e768c operator:PythonOperator
[2025-04-06T06:36:28.945+0000] {local_task_job_runner.py:266} INFO - Task exited with return code 0
[2025-04-06T06:36:29.561+0000] {local_task_job_runner.py:245} INFO - ::endgroup::
