[2025-04-06T06:02:59.799+0000] {local_task_job_runner.py:123} INFO - ::group::Pre task execution logs
[2025-04-06T06:02:59.833+0000] {taskinstance.py:2614} INFO - Dependencies all met for dep_context=non-requeueable deps ti=<TaskInstance: print_hello.print_hello_task scheduled__2025-04-05T00:19:00+00:00 [queued]>
[2025-04-06T06:02:59.850+0000] {taskinstance.py:2614} INFO - Dependencies all met for dep_context=requeueable deps ti=<TaskInstance: print_hello.print_hello_task scheduled__2025-04-05T00:19:00+00:00 [queued]>
[2025-04-06T06:02:59.851+0000] {taskinstance.py:2867} INFO - Starting attempt 1 of 2
[2025-04-06T06:03:00.231+0000] {taskinstance.py:2890} INFO - Executing <Task(PythonOperator): print_hello_task> on 2025-04-05 00:19:00+00:00
[2025-04-06T06:03:00.253+0000] {standard_task_runner.py:104} INFO - Running: ['***', 'tasks', 'run', 'print_hello', 'print_hello_task', 'scheduled__2025-04-05T00:19:00+00:00', '--job-id', '51', '--raw', '--subdir', 'DAGS_FOLDER/print_hello.py', '--cfg-path', '/tmp/tmpmkpj87gh']
[2025-04-06T06:03:00.254+0000] {warnings.py:112} WARNING - /home/***/.local/lib/python3.12/site-packages/***/task/task_runner/standard_task_runner.py:70: DeprecationWarning: This process (pid=257) is multi-threaded, use of fork() may lead to deadlocks in the child.
  pid = os.fork()

[2025-04-06T06:03:00.256+0000] {standard_task_runner.py:105} INFO - Job 51: Subtask print_hello_task
[2025-04-06T06:03:00.258+0000] {standard_task_runner.py:72} INFO - Started process 290 to run task
[2025-04-06T06:03:00.385+0000] {task_command.py:467} INFO - Running <TaskInstance: print_hello.print_hello_task scheduled__2025-04-05T00:19:00+00:00 [running]> on host 5991717e768c
[2025-04-06T06:03:00.647+0000] {taskinstance.py:3134} INFO - Exporting env vars: AIRFLOW_CTX_DAG_OWNER='Esayed' AIRFLOW_CTX_DAG_ID='print_hello' AIRFLOW_CTX_TASK_ID='print_hello_task' AIRFLOW_CTX_EXECUTION_DATE='2025-04-05T00:19:00+00:00' AIRFLOW_CTX_TRY_NUMBER='1' AIRFLOW_CTX_DAG_RUN_ID='scheduled__2025-04-05T00:19:00+00:00'
[2025-04-06T06:03:00.649+0000] {logging_mixin.py:190} INFO - Task instance is in running state
[2025-04-06T06:03:00.650+0000] {logging_mixin.py:190} INFO -  Previous state of the Task instance: queued
[2025-04-06T06:03:00.653+0000] {logging_mixin.py:190} INFO - Current task name:print_hello_task state:running start_date:2025-04-06 06:02:59.834187+00:00
[2025-04-06T06:03:00.655+0000] {logging_mixin.py:190} INFO - Dag name:print_hello and current dag run status:running
[2025-04-06T06:03:00.656+0000] {taskinstance.py:732} INFO - ::endgroup::
[2025-04-06T06:03:00.658+0000] {logging_mixin.py:190} INFO - hello
[2025-04-06T06:03:00.659+0000] {python.py:240} INFO - Done. Returned value was: None
[2025-04-06T06:03:00.679+0000] {taskinstance.py:341} INFO - ::group::Post task execution logs
[2025-04-06T06:03:00.680+0000] {taskinstance.py:353} INFO - Marking task as SUCCESS. dag_id=print_hello, task_id=print_hello_task, run_id=scheduled__2025-04-05T00:19:00+00:00, execution_date=20250405T001900, start_date=20250406T060259, end_date=20250406T060300
[2025-04-06T06:03:00.732+0000] {logging_mixin.py:190} INFO - Task instance in success state
[2025-04-06T06:03:00.733+0000] {logging_mixin.py:190} INFO -  Previous state of the Task instance: running
[2025-04-06T06:03:00.736+0000] {logging_mixin.py:190} INFO - Dag name:print_hello queued_at:2025-04-06 06:02:55.001411+00:00
[2025-04-06T06:03:00.737+0000] {logging_mixin.py:190} INFO - Task hostname:5991717e768c operator:PythonOperator
[2025-04-06T06:03:00.782+0000] {local_task_job_runner.py:266} INFO - Task exited with return code 0
[2025-04-06T06:03:00.805+0000] {local_task_job_runner.py:245} INFO - ::endgroup::
[2025-04-06T06:15:14.216+0000] {local_task_job_runner.py:123} INFO - ::group::Pre task execution logs
[2025-04-06T06:15:14.252+0000] {taskinstance.py:2614} INFO - Dependencies all met for dep_context=non-requeueable deps ti=<TaskInstance: print_hello.print_hello_task scheduled__2025-04-05T00:19:00+00:00 [queued]>
[2025-04-06T06:15:14.280+0000] {taskinstance.py:2614} INFO - Dependencies all met for dep_context=requeueable deps ti=<TaskInstance: print_hello.print_hello_task scheduled__2025-04-05T00:19:00+00:00 [queued]>
[2025-04-06T06:15:14.282+0000] {taskinstance.py:2867} INFO - Starting attempt 1 of 2
[2025-04-06T06:15:14.937+0000] {taskinstance.py:2890} INFO - Executing <Task(PythonOperator): print_hello_task> on 2025-04-05 00:19:00+00:00
[2025-04-06T06:15:14.958+0000] {warnings.py:112} WARNING - /home/***/.local/lib/python3.12/site-packages/***/task/task_runner/standard_task_runner.py:70: DeprecationWarning: This process (pid=1006) is multi-threaded, use of fork() may lead to deadlocks in the child.
  pid = os.fork()

[2025-04-06T06:15:14.961+0000] {standard_task_runner.py:72} INFO - Started process 1036 to run task
[2025-04-06T06:15:14.961+0000] {standard_task_runner.py:104} INFO - Running: ['***', 'tasks', 'run', 'print_hello', 'print_hello_task', 'scheduled__2025-04-05T00:19:00+00:00', '--job-id', '199', '--raw', '--subdir', 'DAGS_FOLDER/print_hello.py', '--cfg-path', '/tmp/tmpyucoeza0']
[2025-04-06T06:15:14.964+0000] {standard_task_runner.py:105} INFO - Job 199: Subtask print_hello_task
[2025-04-06T06:15:15.082+0000] {task_command.py:467} INFO - Running <TaskInstance: print_hello.print_hello_task scheduled__2025-04-05T00:19:00+00:00 [running]> on host 5991717e768c
[2025-04-06T06:15:15.324+0000] {taskinstance.py:3134} INFO - Exporting env vars: AIRFLOW_CTX_DAG_OWNER='Esayed' AIRFLOW_CTX_DAG_ID='print_hello' AIRFLOW_CTX_TASK_ID='print_hello_task' AIRFLOW_CTX_EXECUTION_DATE='2025-04-05T00:19:00+00:00' AIRFLOW_CTX_TRY_NUMBER='1' AIRFLOW_CTX_DAG_RUN_ID='scheduled__2025-04-05T00:19:00+00:00'
[2025-04-06T06:15:15.326+0000] {logging_mixin.py:190} INFO - Task instance is in running state
[2025-04-06T06:15:15.328+0000] {logging_mixin.py:190} INFO -  Previous state of the Task instance: queued
[2025-04-06T06:15:15.329+0000] {logging_mixin.py:190} INFO - Current task name:print_hello_task state:running start_date:2025-04-06 06:15:14.254266+00:00
[2025-04-06T06:15:15.330+0000] {logging_mixin.py:190} INFO - Dag name:print_hello and current dag run status:running
[2025-04-06T06:15:15.332+0000] {taskinstance.py:732} INFO - ::endgroup::
[2025-04-06T06:15:15.334+0000] {logging_mixin.py:190} INFO - hello
[2025-04-06T06:15:15.343+0000] {python.py:240} INFO - Done. Returned value was: None
[2025-04-06T06:15:15.407+0000] {taskinstance.py:341} INFO - ::group::Post task execution logs
[2025-04-06T06:15:15.409+0000] {taskinstance.py:353} INFO - Marking task as SUCCESS. dag_id=print_hello, task_id=print_hello_task, run_id=scheduled__2025-04-05T00:19:00+00:00, execution_date=20250405T001900, start_date=20250406T061514, end_date=20250406T061515
[2025-04-06T06:15:15.511+0000] {logging_mixin.py:190} INFO - Task instance in success state
[2025-04-06T06:15:15.513+0000] {logging_mixin.py:190} INFO -  Previous state of the Task instance: running
[2025-04-06T06:15:15.517+0000] {logging_mixin.py:190} INFO - Dag name:print_hello queued_at:2025-04-06 06:15:11.056886+00:00
[2025-04-06T06:15:15.520+0000] {logging_mixin.py:190} INFO - Task hostname:5991717e768c operator:PythonOperator
[2025-04-06T06:15:15.595+0000] {local_task_job_runner.py:266} INFO - Task exited with return code 0
[2025-04-06T06:15:15.681+0000] {taskinstance.py:3901} INFO - 1 downstream tasks scheduled from follow-on schedule check
[2025-04-06T06:15:15.708+0000] {local_task_job_runner.py:245} INFO - ::endgroup::
