[2025-04-07T06:27:00.715+0000] {local_task_job_runner.py:123} INFO - ::group::Pre task execution logs
[2025-04-07T06:27:00.746+0000] {taskinstance.py:2614} INFO - Dependencies all met for dep_context=non-requeueable deps ti=<TaskInstance: monitor_the_api_history_per_day.write_the_new_api_history scheduled__2025-04-06T00:00:00+00:00 [queued]>
[2025-04-07T06:27:00.765+0000] {taskinstance.py:2614} INFO - Dependencies all met for dep_context=requeueable deps ti=<TaskInstance: monitor_the_api_history_per_day.write_the_new_api_history scheduled__2025-04-06T00:00:00+00:00 [queued]>
[2025-04-07T06:27:00.766+0000] {taskinstance.py:2867} INFO - Starting attempt 1 of 2
[2025-04-07T06:27:01.030+0000] {taskinstance.py:2890} INFO - Executing <Task(PythonOperator): write_the_new_api_history> on 2025-04-06 00:00:00+00:00
[2025-04-07T06:27:01.039+0000] {warnings.py:112} WARNING - /home/***/.local/lib/python3.12/site-packages/***/task/task_runner/standard_task_runner.py:70: DeprecationWarning: This process (pid=201) is multi-threaded, use of fork() may lead to deadlocks in the child.
  pid = os.fork()

[2025-04-07T06:27:01.040+0000] {standard_task_runner.py:72} INFO - Started process 210 to run task
[2025-04-07T06:27:01.041+0000] {standard_task_runner.py:104} INFO - Running: ['***', 'tasks', 'run', 'monitor_the_api_history_per_day', 'write_the_new_api_history', 'scheduled__2025-04-06T00:00:00+00:00', '--job-id', '468', '--raw', '--subdir', 'DAGS_FOLDER/monitor_the_api_history_per_day.py', '--cfg-path', '/tmp/tmpaurzc_03']
[2025-04-07T06:27:01.042+0000] {standard_task_runner.py:105} INFO - Job 468: Subtask write_the_new_api_history
[2025-04-07T06:27:01.103+0000] {task_command.py:467} INFO - Running <TaskInstance: monitor_the_api_history_per_day.write_the_new_api_history scheduled__2025-04-06T00:00:00+00:00 [running]> on host c10f653d5b77
[2025-04-07T06:27:01.206+0000] {taskinstance.py:3134} INFO - Exporting env vars: AIRFLOW_CTX_DAG_OWNER='Esayed' AIRFLOW_CTX_DAG_ID='monitor_the_api_history_per_day' AIRFLOW_CTX_TASK_ID='write_the_new_api_history' AIRFLOW_CTX_EXECUTION_DATE='2025-04-06T00:00:00+00:00' AIRFLOW_CTX_TRY_NUMBER='1' AIRFLOW_CTX_DAG_RUN_ID='scheduled__2025-04-06T00:00:00+00:00'
[2025-04-07T06:27:01.208+0000] {logging_mixin.py:190} INFO - Task instance is in running state
[2025-04-07T06:27:01.209+0000] {logging_mixin.py:190} INFO -  Previous state of the Task instance: queued
[2025-04-07T06:27:01.210+0000] {logging_mixin.py:190} INFO - Current task name:write_the_new_api_history state:running start_date:2025-04-07 06:27:00.747391+00:00
[2025-04-07T06:27:01.211+0000] {logging_mixin.py:190} INFO - Dag name:monitor_the_api_history_per_day and current dag run status:running
[2025-04-07T06:27:01.211+0000] {taskinstance.py:732} INFO - ::endgroup::
[2025-04-07T06:27:01.297+0000] {logging_mixin.py:190} INFO - API_history file is modified
[2025-04-07T06:27:01.298+0000] {python.py:240} INFO - Done. Returned value was: None
[2025-04-07T06:27:01.312+0000] {taskinstance.py:341} INFO - ::group::Post task execution logs
[2025-04-07T06:27:01.313+0000] {taskinstance.py:353} INFO - Marking task as SUCCESS. dag_id=monitor_the_api_history_per_day, task_id=write_the_new_api_history, run_id=scheduled__2025-04-06T00:00:00+00:00, execution_date=20250406T000000, start_date=20250407T062700, end_date=20250407T062701
[2025-04-07T06:27:01.349+0000] {logging_mixin.py:190} INFO - Task instance in success state
[2025-04-07T06:27:01.350+0000] {logging_mixin.py:190} INFO -  Previous state of the Task instance: running
[2025-04-07T06:27:01.351+0000] {logging_mixin.py:190} INFO - Dag name:monitor_the_api_history_per_day queued_at:2025-04-07 06:26:48.179155+00:00
[2025-04-07T06:27:01.351+0000] {logging_mixin.py:190} INFO - Task hostname:c10f653d5b77 operator:PythonOperator
[2025-04-07T06:27:01.377+0000] {local_task_job_runner.py:266} INFO - Task exited with return code 0
[2025-04-07T06:27:01.390+0000] {local_task_job_runner.py:245} INFO - ::endgroup::
