[2025-04-06T06:34:01.260+0000] {local_task_job_runner.py:123} INFO - ::group::Pre task execution logs
[2025-04-06T06:34:01.305+0000] {taskinstance.py:2614} INFO - Dependencies all met for dep_context=non-requeueable deps ti=<TaskInstance: print_hello2.print_hello_task scheduled__2025-04-05T01:15:00+00:00 [queued]>
[2025-04-06T06:34:01.331+0000] {taskinstance.py:2614} INFO - Dependencies all met for dep_context=requeueable deps ti=<TaskInstance: print_hello2.print_hello_task scheduled__2025-04-05T01:15:00+00:00 [queued]>
[2025-04-06T06:34:01.332+0000] {taskinstance.py:2867} INFO - Starting attempt 1 of 2
[2025-04-06T06:34:01.396+0000] {taskinstance.py:2890} INFO - Executing <Task(PythonOperator): print_hello_task> on 2025-04-05 01:15:00+00:00
[2025-04-06T06:34:01.423+0000] {warnings.py:112} WARNING - /home/***/.local/lib/python3.12/site-packages/***/task/task_runner/standard_task_runner.py:70: DeprecationWarning: This process (pid=1666) is multi-threaded, use of fork() may lead to deadlocks in the child.
  pid = os.fork()

[2025-04-06T06:34:01.432+0000] {standard_task_runner.py:104} INFO - Running: ['***', 'tasks', 'run', 'print_hello2', 'print_hello_task', 'scheduled__2025-04-05T01:15:00+00:00', '--job-id', '310', '--raw', '--subdir', 'DAGS_FOLDER/print_hello.py', '--cfg-path', '/tmp/tmp4uolzkoj']
[2025-04-06T06:34:01.440+0000] {standard_task_runner.py:72} INFO - Started process 1699 to run task
[2025-04-06T06:34:01.467+0000] {standard_task_runner.py:105} INFO - Job 310: Subtask print_hello_task
[2025-04-06T06:34:02.164+0000] {task_command.py:467} INFO - Running <TaskInstance: print_hello2.print_hello_task scheduled__2025-04-05T01:15:00+00:00 [running]> on host 5991717e768c
[2025-04-06T06:34:02.355+0000] {taskinstance.py:3134} INFO - Exporting env vars: AIRFLOW_CTX_DAG_OWNER='Esayed' AIRFLOW_CTX_DAG_ID='print_hello2' AIRFLOW_CTX_TASK_ID='print_hello_task' AIRFLOW_CTX_EXECUTION_DATE='2025-04-05T01:15:00+00:00' AIRFLOW_CTX_TRY_NUMBER='1' AIRFLOW_CTX_DAG_RUN_ID='scheduled__2025-04-05T01:15:00+00:00'
[2025-04-06T06:34:02.357+0000] {logging_mixin.py:190} INFO - Task instance is in running state
[2025-04-06T06:34:02.359+0000] {logging_mixin.py:190} INFO -  Previous state of the Task instance: queued
[2025-04-06T06:34:02.360+0000] {logging_mixin.py:190} INFO - Current task name:print_hello_task state:running start_date:2025-04-06 06:34:01.307156+00:00
[2025-04-06T06:34:02.361+0000] {logging_mixin.py:190} INFO - Dag name:print_hello2 and current dag run status:running
[2025-04-06T06:34:02.363+0000] {taskinstance.py:732} INFO - ::endgroup::
[2025-04-06T06:34:02.365+0000] {logging_mixin.py:190} INFO - hello
[2025-04-06T06:34:02.366+0000] {python.py:240} INFO - Done. Returned value was: None
[2025-04-06T06:34:02.390+0000] {taskinstance.py:341} INFO - ::group::Post task execution logs
[2025-04-06T06:34:02.392+0000] {taskinstance.py:353} INFO - Marking task as SUCCESS. dag_id=print_hello2, task_id=print_hello_task, run_id=scheduled__2025-04-05T01:15:00+00:00, execution_date=20250405T011500, start_date=20250406T063401, end_date=20250406T063402
[2025-04-06T06:34:02.446+0000] {logging_mixin.py:190} INFO - Task instance in success state
[2025-04-06T06:34:02.447+0000] {logging_mixin.py:190} INFO -  Previous state of the Task instance: running
[2025-04-06T06:34:02.449+0000] {logging_mixin.py:190} INFO - Dag name:print_hello2 queued_at:2025-04-06 06:33:51.753058+00:00
[2025-04-06T06:34:02.450+0000] {logging_mixin.py:190} INFO - Task hostname:5991717e768c operator:PythonOperator
[2025-04-06T06:34:02.506+0000] {local_task_job_runner.py:266} INFO - Task exited with return code 0
[2025-04-06T06:34:02.959+0000] {taskinstance.py:3901} INFO - 1 downstream tasks scheduled from follow-on schedule check
[2025-04-06T06:34:02.964+0000] {local_task_job_runner.py:245} INFO - ::endgroup::
[2025-04-06T06:34:57.251+0000] {local_task_job_runner.py:123} INFO - ::group::Pre task execution logs
[2025-04-06T06:34:57.292+0000] {taskinstance.py:2614} INFO - Dependencies all met for dep_context=non-requeueable deps ti=<TaskInstance: print_hello2.print_hello_task scheduled__2025-04-05T01:15:00+00:00 [queued]>
[2025-04-06T06:34:57.312+0000] {taskinstance.py:2614} INFO - Dependencies all met for dep_context=requeueable deps ti=<TaskInstance: print_hello2.print_hello_task scheduled__2025-04-05T01:15:00+00:00 [queued]>
[2025-04-06T06:34:57.315+0000] {taskinstance.py:2867} INFO - Starting attempt 1 of 2
[2025-04-06T06:34:57.375+0000] {taskinstance.py:2890} INFO - Executing <Task(PythonOperator): print_hello_task> on 2025-04-05 01:15:00+00:00
[2025-04-06T06:34:57.403+0000] {warnings.py:112} WARNING - /home/***/.local/lib/python3.12/site-packages/***/task/task_runner/standard_task_runner.py:70: DeprecationWarning: This process (pid=1766) is multi-threaded, use of fork() may lead to deadlocks in the child.
  pid = os.fork()

[2025-04-06T06:34:57.413+0000] {standard_task_runner.py:72} INFO - Started process 1804 to run task
[2025-04-06T06:34:57.406+0000] {standard_task_runner.py:104} INFO - Running: ['***', 'tasks', 'run', 'print_hello2', 'print_hello_task', 'scheduled__2025-04-05T01:15:00+00:00', '--job-id', '332', '--raw', '--subdir', 'DAGS_FOLDER/print_hello.py', '--cfg-path', '/tmp/tmpthg5mr3p']
[2025-04-06T06:34:57.420+0000] {standard_task_runner.py:105} INFO - Job 332: Subtask print_hello_task
[2025-04-06T06:34:58.040+0000] {task_command.py:467} INFO - Running <TaskInstance: print_hello2.print_hello_task scheduled__2025-04-05T01:15:00+00:00 [running]> on host 5991717e768c
[2025-04-06T06:34:58.204+0000] {taskinstance.py:3134} INFO - Exporting env vars: AIRFLOW_CTX_DAG_OWNER='Esayed' AIRFLOW_CTX_DAG_ID='print_hello2' AIRFLOW_CTX_TASK_ID='print_hello_task' AIRFLOW_CTX_EXECUTION_DATE='2025-04-05T01:15:00+00:00' AIRFLOW_CTX_TRY_NUMBER='1' AIRFLOW_CTX_DAG_RUN_ID='scheduled__2025-04-05T01:15:00+00:00'
[2025-04-06T06:34:58.208+0000] {logging_mixin.py:190} INFO - Task instance is in running state
[2025-04-06T06:34:58.209+0000] {logging_mixin.py:190} INFO -  Previous state of the Task instance: queued
[2025-04-06T06:34:58.213+0000] {logging_mixin.py:190} INFO - Current task name:print_hello_task state:running start_date:2025-04-06 06:34:57.294080+00:00
[2025-04-06T06:34:58.214+0000] {logging_mixin.py:190} INFO - Dag name:print_hello2 and current dag run status:running
[2025-04-06T06:34:58.219+0000] {taskinstance.py:732} INFO - ::endgroup::
[2025-04-06T06:34:58.220+0000] {logging_mixin.py:190} INFO - hello
[2025-04-06T06:34:58.221+0000] {python.py:240} INFO - Done. Returned value was: None
[2025-04-06T06:34:58.242+0000] {taskinstance.py:341} INFO - ::group::Post task execution logs
[2025-04-06T06:34:58.244+0000] {taskinstance.py:353} INFO - Marking task as SUCCESS. dag_id=print_hello2, task_id=print_hello_task, run_id=scheduled__2025-04-05T01:15:00+00:00, execution_date=20250405T011500, start_date=20250406T063457, end_date=20250406T063458
[2025-04-06T06:34:58.291+0000] {logging_mixin.py:190} INFO - Task instance in success state
[2025-04-06T06:34:58.293+0000] {logging_mixin.py:190} INFO -  Previous state of the Task instance: running
[2025-04-06T06:34:58.294+0000] {logging_mixin.py:190} INFO - Dag name:print_hello2 queued_at:2025-04-06 06:34:51.200110+00:00
[2025-04-06T06:34:58.295+0000] {logging_mixin.py:190} INFO - Task hostname:5991717e768c operator:PythonOperator
[2025-04-06T06:34:58.339+0000] {local_task_job_runner.py:266} INFO - Task exited with return code 0
[2025-04-06T06:34:58.772+0000] {taskinstance.py:3901} INFO - 1 downstream tasks scheduled from follow-on schedule check
[2025-04-06T06:34:58.776+0000] {local_task_job_runner.py:245} INFO - ::endgroup::
[2025-04-06T06:36:33.365+0000] {local_task_job_runner.py:123} INFO - ::group::Pre task execution logs
[2025-04-06T06:36:33.441+0000] {taskinstance.py:2614} INFO - Dependencies all met for dep_context=non-requeueable deps ti=<TaskInstance: print_hello2.print_hello_task scheduled__2025-04-05T01:15:00+00:00 [queued]>
[2025-04-06T06:36:33.477+0000] {taskinstance.py:2614} INFO - Dependencies all met for dep_context=requeueable deps ti=<TaskInstance: print_hello2.print_hello_task scheduled__2025-04-05T01:15:00+00:00 [queued]>
[2025-04-06T06:36:33.480+0000] {taskinstance.py:2867} INFO - Starting attempt 1 of 2
[2025-04-06T06:36:33.548+0000] {taskinstance.py:2890} INFO - Executing <Task(PythonOperator): print_hello_task> on 2025-04-05 01:15:00+00:00
[2025-04-06T06:36:33.582+0000] {standard_task_runner.py:104} INFO - Running: ['***', 'tasks', 'run', 'print_hello2', 'print_hello_task', 'scheduled__2025-04-05T01:15:00+00:00', '--job-id', '400', '--raw', '--subdir', 'DAGS_FOLDER/print_hello.py', '--cfg-path', '/tmp/tmptmh6kv16']
[2025-04-06T06:36:33.581+0000] {warnings.py:112} WARNING - /home/***/.local/lib/python3.12/site-packages/***/task/task_runner/standard_task_runner.py:70: DeprecationWarning: This process (pid=2059) is multi-threaded, use of fork() may lead to deadlocks in the child.
  pid = os.fork()

[2025-04-06T06:36:33.586+0000] {standard_task_runner.py:105} INFO - Job 400: Subtask print_hello_task
[2025-04-06T06:36:33.588+0000] {standard_task_runner.py:72} INFO - Started process 2105 to run task
[2025-04-06T06:36:34.267+0000] {task_command.py:467} INFO - Running <TaskInstance: print_hello2.print_hello_task scheduled__2025-04-05T01:15:00+00:00 [running]> on host 5991717e768c
[2025-04-06T06:36:34.537+0000] {taskinstance.py:3134} INFO - Exporting env vars: AIRFLOW_CTX_DAG_OWNER='Esayed' AIRFLOW_CTX_DAG_ID='print_hello2' AIRFLOW_CTX_TASK_ID='print_hello_task' AIRFLOW_CTX_EXECUTION_DATE='2025-04-05T01:15:00+00:00' AIRFLOW_CTX_TRY_NUMBER='1' AIRFLOW_CTX_DAG_RUN_ID='scheduled__2025-04-05T01:15:00+00:00'
[2025-04-06T06:36:34.540+0000] {logging_mixin.py:190} INFO - Task instance is in running state
[2025-04-06T06:36:34.542+0000] {logging_mixin.py:190} INFO -  Previous state of the Task instance: queued
[2025-04-06T06:36:34.544+0000] {logging_mixin.py:190} INFO - Current task name:print_hello_task state:running start_date:2025-04-06 06:36:33.442932+00:00
[2025-04-06T06:36:34.545+0000] {logging_mixin.py:190} INFO - Dag name:print_hello2 and current dag run status:running
[2025-04-06T06:36:34.547+0000] {taskinstance.py:732} INFO - ::endgroup::
[2025-04-06T06:36:34.548+0000] {logging_mixin.py:190} INFO - hello
[2025-04-06T06:36:34.550+0000] {python.py:240} INFO - Done. Returned value was: None
[2025-04-06T06:36:34.574+0000] {taskinstance.py:341} INFO - ::group::Post task execution logs
[2025-04-06T06:36:34.578+0000] {taskinstance.py:353} INFO - Marking task as SUCCESS. dag_id=print_hello2, task_id=print_hello_task, run_id=scheduled__2025-04-05T01:15:00+00:00, execution_date=20250405T011500, start_date=20250406T063633, end_date=20250406T063634
[2025-04-06T06:36:34.652+0000] {logging_mixin.py:190} INFO - Task instance in success state
[2025-04-06T06:36:34.654+0000] {logging_mixin.py:190} INFO -  Previous state of the Task instance: running
[2025-04-06T06:36:34.656+0000] {logging_mixin.py:190} INFO - Dag name:print_hello2 queued_at:2025-04-06 06:36:26.705101+00:00
[2025-04-06T06:36:34.657+0000] {logging_mixin.py:190} INFO - Task hostname:5991717e768c operator:PythonOperator
[2025-04-06T06:36:34.743+0000] {local_task_job_runner.py:266} INFO - Task exited with return code 0
[2025-04-06T06:36:35.178+0000] {taskinstance.py:3901} INFO - 1 downstream tasks scheduled from follow-on schedule check
[2025-04-06T06:36:35.191+0000] {local_task_job_runner.py:245} INFO - ::endgroup::
