[2025-04-06T06:03:23.942+0000] {local_task_job_runner.py:123} INFO - ::group::Pre task execution logs
[2025-04-06T06:03:23.990+0000] {taskinstance.py:2614} INFO - Dependencies all met for dep_context=non-requeueable deps ti=<TaskInstance: print_hello.save_to_csv_task scheduled__2025-04-05T00:41:00+00:00 [queued]>
[2025-04-06T06:03:24.025+0000] {taskinstance.py:2614} INFO - Dependencies all met for dep_context=requeueable deps ti=<TaskInstance: print_hello.save_to_csv_task scheduled__2025-04-05T00:41:00+00:00 [queued]>
[2025-04-06T06:03:24.026+0000] {taskinstance.py:2867} INFO - Starting attempt 1 of 2
[2025-04-06T06:03:24.411+0000] {taskinstance.py:2890} INFO - Executing <Task(PythonOperator): save_to_csv_task> on 2025-04-05 00:41:00+00:00
[2025-04-06T06:03:24.430+0000] {warnings.py:112} WARNING - /home/***/.local/lib/python3.12/site-packages/***/task/task_runner/standard_task_runner.py:70: DeprecationWarning: This process (pid=449) is multi-threaded, use of fork() may lead to deadlocks in the child.
  pid = os.fork()

[2025-04-06T06:03:24.432+0000] {standard_task_runner.py:104} INFO - Running: ['***', 'tasks', 'run', 'print_hello', 'save_to_csv_task', 'scheduled__2025-04-05T00:41:00+00:00', '--job-id', '103', '--raw', '--subdir', 'DAGS_FOLDER/print_hello.py', '--cfg-path', '/tmp/tmp1b4f5iu9']
[2025-04-06T06:03:24.433+0000] {standard_task_runner.py:72} INFO - Started process 495 to run task
[2025-04-06T06:03:24.434+0000] {standard_task_runner.py:105} INFO - Job 103: Subtask save_to_csv_task
[2025-04-06T06:03:24.539+0000] {task_command.py:467} INFO - Running <TaskInstance: print_hello.save_to_csv_task scheduled__2025-04-05T00:41:00+00:00 [running]> on host 5991717e768c
[2025-04-06T06:03:24.686+0000] {taskinstance.py:3134} INFO - Exporting env vars: AIRFLOW_CTX_DAG_OWNER='Esayed' AIRFLOW_CTX_DAG_ID='print_hello' AIRFLOW_CTX_TASK_ID='save_to_csv_task' AIRFLOW_CTX_EXECUTION_DATE='2025-04-05T00:41:00+00:00' AIRFLOW_CTX_TRY_NUMBER='1' AIRFLOW_CTX_DAG_RUN_ID='scheduled__2025-04-05T00:41:00+00:00'
[2025-04-06T06:03:24.688+0000] {logging_mixin.py:190} INFO - Task instance is in running state
[2025-04-06T06:03:24.689+0000] {logging_mixin.py:190} INFO -  Previous state of the Task instance: queued
[2025-04-06T06:03:24.690+0000] {logging_mixin.py:190} INFO - Current task name:save_to_csv_task state:running start_date:2025-04-06 06:03:23.991223+00:00
[2025-04-06T06:03:24.691+0000] {logging_mixin.py:190} INFO - Dag name:print_hello and current dag run status:running
[2025-04-06T06:03:24.692+0000] {taskinstance.py:732} INFO - ::endgroup::
[2025-04-06T06:03:24.704+0000] {python.py:240} INFO - Done. Returned value was: None
[2025-04-06T06:03:24.722+0000] {taskinstance.py:341} INFO - ::group::Post task execution logs
[2025-04-06T06:03:24.724+0000] {taskinstance.py:353} INFO - Marking task as SUCCESS. dag_id=print_hello, task_id=save_to_csv_task, run_id=scheduled__2025-04-05T00:41:00+00:00, execution_date=20250405T004100, start_date=20250406T060323, end_date=20250406T060324
[2025-04-06T06:03:24.778+0000] {logging_mixin.py:190} INFO - Task instance in success state
[2025-04-06T06:03:24.780+0000] {logging_mixin.py:190} INFO -  Previous state of the Task instance: running
[2025-04-06T06:03:24.782+0000] {logging_mixin.py:190} INFO - Dag name:print_hello queued_at:2025-04-06 06:03:13.463061+00:00
[2025-04-06T06:03:24.783+0000] {logging_mixin.py:190} INFO - Task hostname:5991717e768c operator:PythonOperator
[2025-04-06T06:03:24.814+0000] {local_task_job_runner.py:266} INFO - Task exited with return code 0
[2025-04-06T06:03:24.841+0000] {taskinstance.py:3901} INFO - 0 downstream tasks scheduled from follow-on schedule check
[2025-04-06T06:03:24.845+0000] {local_task_job_runner.py:245} INFO - ::endgroup::
[2025-04-06T06:15:39.960+0000] {local_task_job_runner.py:123} INFO - ::group::Pre task execution logs
[2025-04-06T06:15:40.028+0000] {taskinstance.py:2614} INFO - Dependencies all met for dep_context=non-requeueable deps ti=<TaskInstance: print_hello.save_to_csv_task scheduled__2025-04-05T00:41:00+00:00 [queued]>
[2025-04-06T06:15:40.092+0000] {taskinstance.py:2614} INFO - Dependencies all met for dep_context=requeueable deps ti=<TaskInstance: print_hello.save_to_csv_task scheduled__2025-04-05T00:41:00+00:00 [queued]>
[2025-04-06T06:15:40.101+0000] {taskinstance.py:2867} INFO - Starting attempt 1 of 2
[2025-04-06T06:15:40.657+0000] {taskinstance.py:2890} INFO - Executing <Task(PythonOperator): save_to_csv_task> on 2025-04-05 00:41:00+00:00
[2025-04-06T06:15:40.689+0000] {warnings.py:112} WARNING - /home/***/.local/lib/python3.12/site-packages/***/task/task_runner/standard_task_runner.py:70: DeprecationWarning: This process (pid=1199) is multi-threaded, use of fork() may lead to deadlocks in the child.
  pid = os.fork()

[2025-04-06T06:15:40.694+0000] {standard_task_runner.py:72} INFO - Started process 1252 to run task
[2025-04-06T06:15:40.701+0000] {standard_task_runner.py:104} INFO - Running: ['***', 'tasks', 'run', 'print_hello', 'save_to_csv_task', 'scheduled__2025-04-05T00:41:00+00:00', '--job-id', '253', '--raw', '--subdir', 'DAGS_FOLDER/print_hello.py', '--cfg-path', '/tmp/tmpxjkva6me']
[2025-04-06T06:15:40.704+0000] {standard_task_runner.py:105} INFO - Job 253: Subtask save_to_csv_task
[2025-04-06T06:15:40.847+0000] {task_command.py:467} INFO - Running <TaskInstance: print_hello.save_to_csv_task scheduled__2025-04-05T00:41:00+00:00 [running]> on host 5991717e768c
[2025-04-06T06:15:41.097+0000] {taskinstance.py:3134} INFO - Exporting env vars: AIRFLOW_CTX_DAG_OWNER='Esayed' AIRFLOW_CTX_DAG_ID='print_hello' AIRFLOW_CTX_TASK_ID='save_to_csv_task' AIRFLOW_CTX_EXECUTION_DATE='2025-04-05T00:41:00+00:00' AIRFLOW_CTX_TRY_NUMBER='1' AIRFLOW_CTX_DAG_RUN_ID='scheduled__2025-04-05T00:41:00+00:00'
[2025-04-06T06:15:41.104+0000] {logging_mixin.py:190} INFO - Task instance is in running state
[2025-04-06T06:15:41.107+0000] {logging_mixin.py:190} INFO -  Previous state of the Task instance: queued
[2025-04-06T06:15:41.108+0000] {logging_mixin.py:190} INFO - Current task name:save_to_csv_task state:running start_date:2025-04-06 06:15:40.030806+00:00
[2025-04-06T06:15:41.109+0000] {logging_mixin.py:190} INFO - Dag name:print_hello and current dag run status:running
[2025-04-06T06:15:41.110+0000] {taskinstance.py:732} INFO - ::endgroup::
[2025-04-06T06:15:41.140+0000] {python.py:240} INFO - Done. Returned value was: None
[2025-04-06T06:15:41.163+0000] {taskinstance.py:341} INFO - ::group::Post task execution logs
[2025-04-06T06:15:41.166+0000] {taskinstance.py:353} INFO - Marking task as SUCCESS. dag_id=print_hello, task_id=save_to_csv_task, run_id=scheduled__2025-04-05T00:41:00+00:00, execution_date=20250405T004100, start_date=20250406T061540, end_date=20250406T061541
[2025-04-06T06:15:41.294+0000] {logging_mixin.py:190} INFO - Task instance in success state
[2025-04-06T06:15:41.295+0000] {logging_mixin.py:190} INFO -  Previous state of the Task instance: running
[2025-04-06T06:15:41.296+0000] {logging_mixin.py:190} INFO - Dag name:print_hello queued_at:2025-04-06 06:15:27.742616+00:00
[2025-04-06T06:15:41.297+0000] {logging_mixin.py:190} INFO - Task hostname:5991717e768c operator:PythonOperator
[2025-04-06T06:15:41.362+0000] {local_task_job_runner.py:266} INFO - Task exited with return code 0
[2025-04-06T06:15:41.396+0000] {local_task_job_runner.py:245} INFO - ::endgroup::
