[2025-04-06T09:50:45.001+0000] {local_task_job_runner.py:123} INFO - ::group::Pre task execution logs
[2025-04-06T09:50:45.027+0000] {taskinstance.py:2614} INFO - Dependencies all met for dep_context=non-requeueable deps ti=<TaskInstance: print_hello3.save_to_csv_task manual__2025-04-06T09:45:35.968809+00:00 [queued]>
[2025-04-06T09:50:45.043+0000] {taskinstance.py:2614} INFO - Dependencies all met for dep_context=requeueable deps ti=<TaskInstance: print_hello3.save_to_csv_task manual__2025-04-06T09:45:35.968809+00:00 [queued]>
[2025-04-06T09:50:45.044+0000] {taskinstance.py:2867} INFO - Starting attempt 2 of 2
[2025-04-06T09:50:45.254+0000] {taskinstance.py:2890} INFO - Executing <Task(PythonOperator): save_to_csv_task> on 2025-04-06 09:45:35.968809+00:00
[2025-04-06T09:50:45.263+0000] {warnings.py:112} WARNING - /home/***/.local/lib/python3.12/site-packages/***/task/task_runner/standard_task_runner.py:70: DeprecationWarning: This process (pid=1054) is multi-threaded, use of fork() may lead to deadlocks in the child.
  pid = os.fork()

[2025-04-06T09:50:45.264+0000] {standard_task_runner.py:72} INFO - Started process 1056 to run task
[2025-04-06T09:50:45.264+0000] {standard_task_runner.py:104} INFO - Running: ['***', 'tasks', 'run', 'print_hello3', 'save_to_csv_task', 'manual__2025-04-06T09:45:35.968809+00:00', '--job-id', '449', '--raw', '--subdir', 'DAGS_FOLDER/print_hello.py', '--cfg-path', '/tmp/tmpulh222mm']
[2025-04-06T09:50:45.265+0000] {standard_task_runner.py:105} INFO - Job 449: Subtask save_to_csv_task
[2025-04-06T09:50:45.326+0000] {task_command.py:467} INFO - Running <TaskInstance: print_hello3.save_to_csv_task manual__2025-04-06T09:45:35.968809+00:00 [running]> on host 5991717e768c
[2025-04-06T09:50:45.440+0000] {taskinstance.py:3134} INFO - Exporting env vars: AIRFLOW_CTX_DAG_OWNER='Esayed' AIRFLOW_CTX_DAG_ID='print_hello3' AIRFLOW_CTX_TASK_ID='save_to_csv_task' AIRFLOW_CTX_EXECUTION_DATE='2025-04-06T09:45:35.968809+00:00' AIRFLOW_CTX_TRY_NUMBER='2' AIRFLOW_CTX_DAG_RUN_ID='manual__2025-04-06T09:45:35.968809+00:00'
[2025-04-06T09:50:45.443+0000] {logging_mixin.py:190} INFO - Task instance is in running state
[2025-04-06T09:50:45.444+0000] {logging_mixin.py:190} INFO -  Previous state of the Task instance: queued
[2025-04-06T09:50:45.445+0000] {logging_mixin.py:190} INFO - Current task name:save_to_csv_task state:running start_date:2025-04-06 09:50:45.028853+00:00
[2025-04-06T09:50:45.446+0000] {logging_mixin.py:190} INFO - Dag name:print_hello3 and current dag run status:running
[2025-04-06T09:50:45.447+0000] {taskinstance.py:732} INFO - ::endgroup::
[2025-04-06T09:50:45.458+0000] {python.py:240} INFO - Done. Returned value was: None
[2025-04-06T09:50:45.472+0000] {taskinstance.py:341} INFO - ::group::Post task execution logs
[2025-04-06T09:50:45.473+0000] {taskinstance.py:353} INFO - Marking task as SUCCESS. dag_id=print_hello3, task_id=save_to_csv_task, run_id=manual__2025-04-06T09:45:35.968809+00:00, execution_date=20250406T094535, start_date=20250406T095045, end_date=20250406T095045
[2025-04-06T09:50:45.513+0000] {logging_mixin.py:190} INFO - Task instance in success state
[2025-04-06T09:50:45.514+0000] {logging_mixin.py:190} INFO -  Previous state of the Task instance: running
[2025-04-06T09:50:45.515+0000] {logging_mixin.py:190} INFO - Dag name:print_hello3 queued_at:2025-04-06 09:45:36.037272+00:00
[2025-04-06T09:50:45.516+0000] {logging_mixin.py:190} INFO - Task hostname:5991717e768c operator:PythonOperator
[2025-04-06T09:50:45.562+0000] {local_task_job_runner.py:266} INFO - Task exited with return code 0
[2025-04-06T09:50:45.588+0000] {taskinstance.py:3901} INFO - 0 downstream tasks scheduled from follow-on schedule check
[2025-04-06T09:50:45.591+0000] {local_task_job_runner.py:245} INFO - ::endgroup::
