[2025-04-06T06:03:16.176+0000] {local_task_job_runner.py:123} INFO - ::group::Pre task execution logs
[2025-04-06T06:03:16.231+0000] {taskinstance.py:2614} INFO - Dependencies all met for dep_context=non-requeueable deps ti=<TaskInstance: print_hello.print_hello_task scheduled__2025-04-05T00:37:00+00:00 [queued]>
[2025-04-06T06:03:16.250+0000] {taskinstance.py:2614} INFO - Dependencies all met for dep_context=requeueable deps ti=<TaskInstance: print_hello.print_hello_task scheduled__2025-04-05T00:37:00+00:00 [queued]>
[2025-04-06T06:03:16.253+0000] {taskinstance.py:2867} INFO - Starting attempt 1 of 2
[2025-04-06T06:03:16.716+0000] {taskinstance.py:2890} INFO - Executing <Task(PythonOperator): print_hello_task> on 2025-04-05 00:37:00+00:00
[2025-04-06T06:03:16.738+0000] {warnings.py:112} WARNING - /home/***/.local/lib/python3.12/site-packages/***/task/task_runner/standard_task_runner.py:70: DeprecationWarning: This process (pid=386) is multi-threaded, use of fork() may lead to deadlocks in the child.
  pid = os.fork()

[2025-04-06T06:03:16.740+0000] {standard_task_runner.py:104} INFO - Running: ['***', 'tasks', 'run', 'print_hello', 'print_hello_task', 'scheduled__2025-04-05T00:37:00+00:00', '--job-id', '84', '--raw', '--subdir', 'DAGS_FOLDER/print_hello.py', '--cfg-path', '/tmp/tmpc_x8iti9']
[2025-04-06T06:03:16.745+0000] {standard_task_runner.py:105} INFO - Job 84: Subtask print_hello_task
[2025-04-06T06:03:16.742+0000] {standard_task_runner.py:72} INFO - Started process 418 to run task
[2025-04-06T06:03:16.872+0000] {task_command.py:467} INFO - Running <TaskInstance: print_hello.print_hello_task scheduled__2025-04-05T00:37:00+00:00 [running]> on host 5991717e768c
[2025-04-06T06:03:17.148+0000] {taskinstance.py:3134} INFO - Exporting env vars: AIRFLOW_CTX_DAG_OWNER='Esayed' AIRFLOW_CTX_DAG_ID='print_hello' AIRFLOW_CTX_TASK_ID='print_hello_task' AIRFLOW_CTX_EXECUTION_DATE='2025-04-05T00:37:00+00:00' AIRFLOW_CTX_TRY_NUMBER='1' AIRFLOW_CTX_DAG_RUN_ID='scheduled__2025-04-05T00:37:00+00:00'
[2025-04-06T06:03:17.151+0000] {logging_mixin.py:190} INFO - Task instance is in running state
[2025-04-06T06:03:17.155+0000] {logging_mixin.py:190} INFO -  Previous state of the Task instance: queued
[2025-04-06T06:03:17.157+0000] {logging_mixin.py:190} INFO - Current task name:print_hello_task state:running start_date:2025-04-06 06:03:16.232976+00:00
[2025-04-06T06:03:17.162+0000] {logging_mixin.py:190} INFO - Dag name:print_hello and current dag run status:running
[2025-04-06T06:03:17.163+0000] {taskinstance.py:732} INFO - ::endgroup::
[2025-04-06T06:03:17.165+0000] {logging_mixin.py:190} INFO - hello
[2025-04-06T06:03:17.168+0000] {python.py:240} INFO - Done. Returned value was: None
[2025-04-06T06:03:17.213+0000] {taskinstance.py:341} INFO - ::group::Post task execution logs
[2025-04-06T06:03:17.214+0000] {taskinstance.py:353} INFO - Marking task as SUCCESS. dag_id=print_hello, task_id=print_hello_task, run_id=scheduled__2025-04-05T00:37:00+00:00, execution_date=20250405T003700, start_date=20250406T060316, end_date=20250406T060317
[2025-04-06T06:03:17.319+0000] {logging_mixin.py:190} INFO - Task instance in success state
[2025-04-06T06:03:17.320+0000] {logging_mixin.py:190} INFO -  Previous state of the Task instance: running
[2025-04-06T06:03:17.321+0000] {logging_mixin.py:190} INFO - Dag name:print_hello queued_at:2025-04-06 06:03:12.457091+00:00
[2025-04-06T06:03:17.322+0000] {logging_mixin.py:190} INFO - Task hostname:5991717e768c operator:PythonOperator
[2025-04-06T06:03:17.387+0000] {local_task_job_runner.py:266} INFO - Task exited with return code 0
[2025-04-06T06:03:17.445+0000] {taskinstance.py:3901} INFO - 1 downstream tasks scheduled from follow-on schedule check
[2025-04-06T06:03:17.450+0000] {local_task_job_runner.py:245} INFO - ::endgroup::
[2025-04-06T06:15:30.426+0000] {local_task_job_runner.py:123} INFO - ::group::Pre task execution logs
[2025-04-06T06:15:30.462+0000] {taskinstance.py:2614} INFO - Dependencies all met for dep_context=non-requeueable deps ti=<TaskInstance: print_hello.print_hello_task scheduled__2025-04-05T00:37:00+00:00 [queued]>
[2025-04-06T06:15:30.490+0000] {taskinstance.py:2614} INFO - Dependencies all met for dep_context=requeueable deps ti=<TaskInstance: print_hello.print_hello_task scheduled__2025-04-05T00:37:00+00:00 [queued]>
[2025-04-06T06:15:30.493+0000] {taskinstance.py:2867} INFO - Starting attempt 1 of 2
[2025-04-06T06:15:31.113+0000] {taskinstance.py:2890} INFO - Executing <Task(PythonOperator): print_hello_task> on 2025-04-05 00:37:00+00:00
[2025-04-06T06:15:31.144+0000] {warnings.py:112} WARNING - /home/***/.local/lib/python3.12/site-packages/***/task/task_runner/standard_task_runner.py:70: DeprecationWarning: This process (pid=1138) is multi-threaded, use of fork() may lead to deadlocks in the child.
  pid = os.fork()

[2025-04-06T06:15:31.152+0000] {standard_task_runner.py:72} INFO - Started process 1170 to run task
[2025-04-06T06:15:31.162+0000] {standard_task_runner.py:104} INFO - Running: ['***', 'tasks', 'run', 'print_hello', 'print_hello_task', 'scheduled__2025-04-05T00:37:00+00:00', '--job-id', '233', '--raw', '--subdir', 'DAGS_FOLDER/print_hello.py', '--cfg-path', '/tmp/tmpy6a282h8']
[2025-04-06T06:15:31.167+0000] {standard_task_runner.py:105} INFO - Job 233: Subtask print_hello_task
[2025-04-06T06:15:31.361+0000] {task_command.py:467} INFO - Running <TaskInstance: print_hello.print_hello_task scheduled__2025-04-05T00:37:00+00:00 [running]> on host 5991717e768c
[2025-04-06T06:15:31.739+0000] {taskinstance.py:3134} INFO - Exporting env vars: AIRFLOW_CTX_DAG_OWNER='Esayed' AIRFLOW_CTX_DAG_ID='print_hello' AIRFLOW_CTX_TASK_ID='print_hello_task' AIRFLOW_CTX_EXECUTION_DATE='2025-04-05T00:37:00+00:00' AIRFLOW_CTX_TRY_NUMBER='1' AIRFLOW_CTX_DAG_RUN_ID='scheduled__2025-04-05T00:37:00+00:00'
[2025-04-06T06:15:31.745+0000] {logging_mixin.py:190} INFO - Task instance is in running state
[2025-04-06T06:15:31.747+0000] {logging_mixin.py:190} INFO -  Previous state of the Task instance: queued
[2025-04-06T06:15:31.750+0000] {logging_mixin.py:190} INFO - Current task name:print_hello_task state:running start_date:2025-04-06 06:15:30.465884+00:00
[2025-04-06T06:15:31.751+0000] {logging_mixin.py:190} INFO - Dag name:print_hello and current dag run status:running
[2025-04-06T06:15:31.753+0000] {taskinstance.py:732} INFO - ::endgroup::
[2025-04-06T06:15:31.756+0000] {logging_mixin.py:190} INFO - hello
[2025-04-06T06:15:31.764+0000] {python.py:240} INFO - Done. Returned value was: None
[2025-04-06T06:15:31.816+0000] {taskinstance.py:341} INFO - ::group::Post task execution logs
[2025-04-06T06:15:31.820+0000] {taskinstance.py:353} INFO - Marking task as SUCCESS. dag_id=print_hello, task_id=print_hello_task, run_id=scheduled__2025-04-05T00:37:00+00:00, execution_date=20250405T003700, start_date=20250406T061530, end_date=20250406T061531
[2025-04-06T06:15:31.922+0000] {logging_mixin.py:190} INFO - Task instance in success state
[2025-04-06T06:15:31.925+0000] {logging_mixin.py:190} INFO -  Previous state of the Task instance: running
[2025-04-06T06:15:31.929+0000] {logging_mixin.py:190} INFO - Dag name:print_hello queued_at:2025-04-06 06:15:26.949853+00:00
[2025-04-06T06:15:31.932+0000] {logging_mixin.py:190} INFO - Task hostname:5991717e768c operator:PythonOperator
[2025-04-06T06:15:31.971+0000] {local_task_job_runner.py:266} INFO - Task exited with return code 0
[2025-04-06T06:15:32.045+0000] {taskinstance.py:3901} INFO - 1 downstream tasks scheduled from follow-on schedule check
[2025-04-06T06:15:32.072+0000] {local_task_job_runner.py:245} INFO - ::endgroup::
