[2025-04-06T06:03:30.490+0000] {local_task_job_runner.py:123} INFO - ::group::Pre task execution logs
[2025-04-06T06:03:30.519+0000] {taskinstance.py:2614} INFO - Dependencies all met for dep_context=non-requeueable deps ti=<TaskInstance: print_hello.save_to_csv_task scheduled__2025-04-05T00:48:00+00:00 [queued]>
[2025-04-06T06:03:30.536+0000] {taskinstance.py:2614} INFO - Dependencies all met for dep_context=requeueable deps ti=<TaskInstance: print_hello.save_to_csv_task scheduled__2025-04-05T00:48:00+00:00 [queued]>
[2025-04-06T06:03:30.537+0000] {taskinstance.py:2867} INFO - Starting attempt 1 of 2
[2025-04-06T06:03:30.867+0000] {taskinstance.py:2890} INFO - Executing <Task(PythonOperator): save_to_csv_task> on 2025-04-05 00:48:00+00:00
[2025-04-06T06:03:30.884+0000] {warnings.py:112} WARNING - /home/***/.local/lib/python3.12/site-packages/***/task/task_runner/standard_task_runner.py:70: DeprecationWarning: This process (pid=515) is multi-threaded, use of fork() may lead to deadlocks in the child.
  pid = os.fork()

[2025-04-06T06:03:30.886+0000] {standard_task_runner.py:72} INFO - Started process 530 to run task
[2025-04-06T06:03:30.887+0000] {standard_task_runner.py:104} INFO - Running: ['***', 'tasks', 'run', 'print_hello', 'save_to_csv_task', 'scheduled__2025-04-05T00:48:00+00:00', '--job-id', '112', '--raw', '--subdir', 'DAGS_FOLDER/print_hello.py', '--cfg-path', '/tmp/tmpcfs1cc4c']
[2025-04-06T06:03:30.889+0000] {standard_task_runner.py:105} INFO - Job 112: Subtask save_to_csv_task
[2025-04-06T06:03:30.970+0000] {task_command.py:467} INFO - Running <TaskInstance: print_hello.save_to_csv_task scheduled__2025-04-05T00:48:00+00:00 [running]> on host 5991717e768c
[2025-04-06T06:03:31.141+0000] {taskinstance.py:3134} INFO - Exporting env vars: AIRFLOW_CTX_DAG_OWNER='Esayed' AIRFLOW_CTX_DAG_ID='print_hello' AIRFLOW_CTX_TASK_ID='save_to_csv_task' AIRFLOW_CTX_EXECUTION_DATE='2025-04-05T00:48:00+00:00' AIRFLOW_CTX_TRY_NUMBER='1' AIRFLOW_CTX_DAG_RUN_ID='scheduled__2025-04-05T00:48:00+00:00'
[2025-04-06T06:03:31.144+0000] {logging_mixin.py:190} INFO - Task instance is in running state
[2025-04-06T06:03:31.145+0000] {logging_mixin.py:190} INFO -  Previous state of the Task instance: queued
[2025-04-06T06:03:31.146+0000] {logging_mixin.py:190} INFO - Current task name:save_to_csv_task state:running start_date:2025-04-06 06:03:30.520269+00:00
[2025-04-06T06:03:31.147+0000] {logging_mixin.py:190} INFO - Dag name:print_hello and current dag run status:running
[2025-04-06T06:03:31.148+0000] {taskinstance.py:732} INFO - ::endgroup::
[2025-04-06T06:03:31.160+0000] {python.py:240} INFO - Done. Returned value was: None
[2025-04-06T06:03:31.177+0000] {taskinstance.py:341} INFO - ::group::Post task execution logs
[2025-04-06T06:03:31.179+0000] {taskinstance.py:353} INFO - Marking task as SUCCESS. dag_id=print_hello, task_id=save_to_csv_task, run_id=scheduled__2025-04-05T00:48:00+00:00, execution_date=20250405T004800, start_date=20250406T060330, end_date=20250406T060331
[2025-04-06T06:03:31.225+0000] {logging_mixin.py:190} INFO - Task instance in success state
[2025-04-06T06:03:31.226+0000] {logging_mixin.py:190} INFO -  Previous state of the Task instance: running
[2025-04-06T06:03:31.227+0000] {logging_mixin.py:190} INFO - Dag name:print_hello queued_at:2025-04-06 06:03:26.052891+00:00
[2025-04-06T06:03:31.228+0000] {logging_mixin.py:190} INFO - Task hostname:5991717e768c operator:PythonOperator
[2025-04-06T06:03:31.264+0000] {local_task_job_runner.py:266} INFO - Task exited with return code 0
[2025-04-06T06:03:31.281+0000] {local_task_job_runner.py:245} INFO - ::endgroup::
[2025-04-06T06:15:55.631+0000] {local_task_job_runner.py:123} INFO - ::group::Pre task execution logs
[2025-04-06T06:15:55.676+0000] {taskinstance.py:2614} INFO - Dependencies all met for dep_context=non-requeueable deps ti=<TaskInstance: print_hello.save_to_csv_task scheduled__2025-04-05T00:48:00+00:00 [queued]>
[2025-04-06T06:15:55.697+0000] {taskinstance.py:2614} INFO - Dependencies all met for dep_context=requeueable deps ti=<TaskInstance: print_hello.save_to_csv_task scheduled__2025-04-05T00:48:00+00:00 [queued]>
[2025-04-06T06:15:55.698+0000] {taskinstance.py:2867} INFO - Starting attempt 1 of 2
[2025-04-06T06:15:56.044+0000] {taskinstance.py:2890} INFO - Executing <Task(PythonOperator): save_to_csv_task> on 2025-04-05 00:48:00+00:00
[2025-04-06T06:15:56.062+0000] {warnings.py:112} WARNING - /home/***/.local/lib/python3.12/site-packages/***/task/task_runner/standard_task_runner.py:70: DeprecationWarning: This process (pid=1319) is multi-threaded, use of fork() may lead to deadlocks in the child.
  pid = os.fork()

[2025-04-06T06:15:56.065+0000] {standard_task_runner.py:72} INFO - Started process 1353 to run task
[2025-04-06T06:15:56.066+0000] {standard_task_runner.py:104} INFO - Running: ['***', 'tasks', 'run', 'print_hello', 'save_to_csv_task', 'scheduled__2025-04-05T00:48:00+00:00', '--job-id', '278', '--raw', '--subdir', 'DAGS_FOLDER/print_hello.py', '--cfg-path', '/tmp/tmpw4tw7ih5']
[2025-04-06T06:15:56.068+0000] {standard_task_runner.py:105} INFO - Job 278: Subtask save_to_csv_task
[2025-04-06T06:15:56.160+0000] {task_command.py:467} INFO - Running <TaskInstance: print_hello.save_to_csv_task scheduled__2025-04-05T00:48:00+00:00 [running]> on host 5991717e768c
[2025-04-06T06:15:56.352+0000] {taskinstance.py:3134} INFO - Exporting env vars: AIRFLOW_CTX_DAG_OWNER='Esayed' AIRFLOW_CTX_DAG_ID='print_hello' AIRFLOW_CTX_TASK_ID='save_to_csv_task' AIRFLOW_CTX_EXECUTION_DATE='2025-04-05T00:48:00+00:00' AIRFLOW_CTX_TRY_NUMBER='1' AIRFLOW_CTX_DAG_RUN_ID='scheduled__2025-04-05T00:48:00+00:00'
[2025-04-06T06:15:56.357+0000] {logging_mixin.py:190} INFO - Task instance is in running state
[2025-04-06T06:15:56.358+0000] {logging_mixin.py:190} INFO -  Previous state of the Task instance: queued
[2025-04-06T06:15:56.360+0000] {logging_mixin.py:190} INFO - Current task name:save_to_csv_task state:running start_date:2025-04-06 06:15:55.677205+00:00
[2025-04-06T06:15:56.361+0000] {logging_mixin.py:190} INFO - Dag name:print_hello and current dag run status:running
[2025-04-06T06:15:56.362+0000] {taskinstance.py:732} INFO - ::endgroup::
[2025-04-06T06:15:56.375+0000] {python.py:240} INFO - Done. Returned value was: None
[2025-04-06T06:15:56.392+0000] {taskinstance.py:341} INFO - ::group::Post task execution logs
[2025-04-06T06:15:56.394+0000] {taskinstance.py:353} INFO - Marking task as SUCCESS. dag_id=print_hello, task_id=save_to_csv_task, run_id=scheduled__2025-04-05T00:48:00+00:00, execution_date=20250405T004800, start_date=20250406T061555, end_date=20250406T061556
[2025-04-06T06:15:56.436+0000] {logging_mixin.py:190} INFO - Task instance in success state
[2025-04-06T06:15:56.437+0000] {logging_mixin.py:190} INFO -  Previous state of the Task instance: running
[2025-04-06T06:15:56.439+0000] {logging_mixin.py:190} INFO - Dag name:print_hello queued_at:2025-04-06 06:15:44.245691+00:00
[2025-04-06T06:15:56.440+0000] {logging_mixin.py:190} INFO - Task hostname:5991717e768c operator:PythonOperator
[2025-04-06T06:15:56.484+0000] {local_task_job_runner.py:266} INFO - Task exited with return code 0
[2025-04-06T06:15:56.510+0000] {taskinstance.py:3901} INFO - 0 downstream tasks scheduled from follow-on schedule check
[2025-04-06T06:15:56.514+0000] {local_task_job_runner.py:245} INFO - ::endgroup::
