[2025-04-06T06:02:31.780+0000] {local_task_job_runner.py:123} INFO - ::group::Pre task execution logs
[2025-04-06T06:02:32.210+0000] {taskinstance.py:2614} INFO - Dependencies all met for dep_context=non-requeueable deps ti=<TaskInstance: print_hello.print_hello_task scheduled__2025-04-05T00:00:00+00:00 [queued]>
[2025-04-06T06:02:32.240+0000] {taskinstance.py:2614} INFO - Dependencies all met for dep_context=requeueable deps ti=<TaskInstance: print_hello.print_hello_task scheduled__2025-04-05T00:00:00+00:00 [queued]>
[2025-04-06T06:02:32.241+0000] {taskinstance.py:2867} INFO - Starting attempt 1 of 2
[2025-04-06T06:02:32.462+0000] {taskinstance.py:2890} INFO - Executing <Task(PythonOperator): print_hello_task> on 2025-04-05 00:00:00+00:00
[2025-04-06T06:02:32.551+0000] {warnings.py:112} WARNING - /home/***/.local/lib/python3.12/site-packages/***/task/task_runner/standard_task_runner.py:70: DeprecationWarning: This process (pid=113) is multi-threaded, use of fork() may lead to deadlocks in the child.
  pid = os.fork()

[2025-04-06T06:02:32.555+0000] {standard_task_runner.py:72} INFO - Started process 173 to run task
[2025-04-06T06:02:32.605+0000] {standard_task_runner.py:104} INFO - Running: ['***', 'tasks', 'run', 'print_hello', 'print_hello_task', 'scheduled__2025-04-05T00:00:00+00:00', '--job-id', '25', '--raw', '--subdir', 'DAGS_FOLDER/print_hello.py', '--cfg-path', '/tmp/tmphlxxqh28']
[2025-04-06T06:02:32.610+0000] {standard_task_runner.py:105} INFO - Job 25: Subtask print_hello_task
[2025-04-06T06:02:34.582+0000] {task_command.py:467} INFO - Running <TaskInstance: print_hello.print_hello_task scheduled__2025-04-05T00:00:00+00:00 [running]> on host 5991717e768c
[2025-04-06T06:02:35.789+0000] {taskinstance.py:3134} INFO - Exporting env vars: AIRFLOW_CTX_DAG_OWNER='Esayed' AIRFLOW_CTX_DAG_ID='print_hello' AIRFLOW_CTX_TASK_ID='print_hello_task' AIRFLOW_CTX_EXECUTION_DATE='2025-04-05T00:00:00+00:00' AIRFLOW_CTX_TRY_NUMBER='1' AIRFLOW_CTX_DAG_RUN_ID='scheduled__2025-04-05T00:00:00+00:00'
[2025-04-06T06:02:35.790+0000] {logging_mixin.py:190} INFO - Task instance is in running state
[2025-04-06T06:02:35.794+0000] {logging_mixin.py:190} INFO -  Previous state of the Task instance: queued
[2025-04-06T06:02:35.795+0000] {logging_mixin.py:190} INFO - Current task name:print_hello_task state:running start_date:2025-04-06 06:02:32.212509+00:00
[2025-04-06T06:02:35.797+0000] {logging_mixin.py:190} INFO - Dag name:print_hello and current dag run status:running
[2025-04-06T06:02:35.798+0000] {taskinstance.py:732} INFO - ::endgroup::
[2025-04-06T06:02:35.800+0000] {logging_mixin.py:190} INFO - hello
[2025-04-06T06:02:35.801+0000] {python.py:240} INFO - Done. Returned value was: None
[2025-04-06T06:02:38.051+0000] {taskinstance.py:341} INFO - ::group::Post task execution logs
[2025-04-06T06:02:38.056+0000] {taskinstance.py:353} INFO - Marking task as SUCCESS. dag_id=print_hello, task_id=print_hello_task, run_id=scheduled__2025-04-05T00:00:00+00:00, execution_date=20250405T000000, start_date=20250406T060232, end_date=20250406T060238
[2025-04-06T06:02:38.156+0000] {logging_mixin.py:190} INFO - Task instance in success state
[2025-04-06T06:02:38.157+0000] {logging_mixin.py:190} INFO -  Previous state of the Task instance: running
[2025-04-06T06:02:38.158+0000] {logging_mixin.py:190} INFO - Dag name:print_hello queued_at:2025-04-06 06:02:19.852343+00:00
[2025-04-06T06:02:38.159+0000] {logging_mixin.py:190} INFO - Task hostname:5991717e768c operator:PythonOperator
[2025-04-06T06:02:38.214+0000] {local_task_job_runner.py:266} INFO - Task exited with return code 0
[2025-04-06T06:02:38.249+0000] {taskinstance.py:3901} INFO - 1 downstream tasks scheduled from follow-on schedule check
[2025-04-06T06:02:38.267+0000] {local_task_job_runner.py:245} INFO - ::endgroup::
[2025-04-06T06:14:54.107+0000] {local_task_job_runner.py:123} INFO - ::group::Pre task execution logs
[2025-04-06T06:14:54.153+0000] {taskinstance.py:2614} INFO - Dependencies all met for dep_context=non-requeueable deps ti=<TaskInstance: print_hello.print_hello_task scheduled__2025-04-05T00:00:00+00:00 [queued]>
[2025-04-06T06:14:54.181+0000] {taskinstance.py:2614} INFO - Dependencies all met for dep_context=requeueable deps ti=<TaskInstance: print_hello.print_hello_task scheduled__2025-04-05T00:00:00+00:00 [queued]>
[2025-04-06T06:14:54.183+0000] {taskinstance.py:2867} INFO - Starting attempt 1 of 2
[2025-04-06T06:14:54.366+0000] {taskinstance.py:2890} INFO - Executing <Task(PythonOperator): print_hello_task> on 2025-04-05 00:00:00+00:00
[2025-04-06T06:14:54.383+0000] {warnings.py:112} WARNING - /home/***/.local/lib/python3.12/site-packages/***/task/task_runner/standard_task_runner.py:70: DeprecationWarning: This process (pid=865) is multi-threaded, use of fork() may lead to deadlocks in the child.
  pid = os.fork()

[2025-04-06T06:14:54.386+0000] {standard_task_runner.py:72} INFO - Started process 891 to run task
[2025-04-06T06:14:54.387+0000] {standard_task_runner.py:104} INFO - Running: ['***', 'tasks', 'run', 'print_hello', 'print_hello_task', 'scheduled__2025-04-05T00:00:00+00:00', '--job-id', '164', '--raw', '--subdir', 'DAGS_FOLDER/print_hello.py', '--cfg-path', '/tmp/tmpvm72p85o']
[2025-04-06T06:14:54.389+0000] {standard_task_runner.py:105} INFO - Job 164: Subtask print_hello_task
[2025-04-06T06:14:54.993+0000] {task_command.py:467} INFO - Running <TaskInstance: print_hello.print_hello_task scheduled__2025-04-05T00:00:00+00:00 [running]> on host 5991717e768c
[2025-04-06T06:14:55.206+0000] {taskinstance.py:3134} INFO - Exporting env vars: AIRFLOW_CTX_DAG_OWNER='Esayed' AIRFLOW_CTX_DAG_ID='print_hello' AIRFLOW_CTX_TASK_ID='print_hello_task' AIRFLOW_CTX_EXECUTION_DATE='2025-04-05T00:00:00+00:00' AIRFLOW_CTX_TRY_NUMBER='1' AIRFLOW_CTX_DAG_RUN_ID='scheduled__2025-04-05T00:00:00+00:00'
[2025-04-06T06:14:55.208+0000] {logging_mixin.py:190} INFO - Task instance is in running state
[2025-04-06T06:14:55.210+0000] {logging_mixin.py:190} INFO -  Previous state of the Task instance: queued
[2025-04-06T06:14:55.212+0000] {logging_mixin.py:190} INFO - Current task name:print_hello_task state:running start_date:2025-04-06 06:14:54.160512+00:00
[2025-04-06T06:14:55.213+0000] {logging_mixin.py:190} INFO - Dag name:print_hello and current dag run status:running
[2025-04-06T06:14:55.215+0000] {taskinstance.py:732} INFO - ::endgroup::
[2025-04-06T06:14:55.217+0000] {logging_mixin.py:190} INFO - hello
[2025-04-06T06:14:55.218+0000] {python.py:240} INFO - Done. Returned value was: None
[2025-04-06T06:14:55.238+0000] {taskinstance.py:341} INFO - ::group::Post task execution logs
[2025-04-06T06:14:55.239+0000] {taskinstance.py:353} INFO - Marking task as SUCCESS. dag_id=print_hello, task_id=print_hello_task, run_id=scheduled__2025-04-05T00:00:00+00:00, execution_date=20250405T000000, start_date=20250406T061454, end_date=20250406T061455
[2025-04-06T06:14:55.315+0000] {logging_mixin.py:190} INFO - Task instance in success state
[2025-04-06T06:14:55.320+0000] {logging_mixin.py:190} INFO -  Previous state of the Task instance: running
[2025-04-06T06:14:55.321+0000] {logging_mixin.py:190} INFO - Dag name:print_hello queued_at:2025-04-06 06:14:51.525036+00:00
[2025-04-06T06:14:55.322+0000] {logging_mixin.py:190} INFO - Task hostname:5991717e768c operator:PythonOperator
[2025-04-06T06:14:55.370+0000] {local_task_job_runner.py:266} INFO - Task exited with return code 0
[2025-04-06T06:14:55.829+0000] {taskinstance.py:3901} INFO - 0 downstream tasks scheduled from follow-on schedule check
[2025-04-06T06:14:55.835+0000] {local_task_job_runner.py:245} INFO - ::endgroup::
