[2025-04-06T06:03:39.646+0000] {local_task_job_runner.py:123} INFO - ::group::Pre task execution logs
[2025-04-06T06:03:39.666+0000] {taskinstance.py:2614} INFO - Dependencies all met for dep_context=non-requeueable deps ti=<TaskInstance: print_hello.print_hello_task scheduled__2025-04-05T00:58:00+00:00 [queued]>
[2025-04-06T06:03:39.676+0000] {taskinstance.py:2614} INFO - Dependencies all met for dep_context=requeueable deps ti=<TaskInstance: print_hello.print_hello_task scheduled__2025-04-05T00:58:00+00:00 [queued]>
[2025-04-06T06:03:39.677+0000] {taskinstance.py:2867} INFO - Starting attempt 1 of 2
[2025-04-06T06:03:39.913+0000] {taskinstance.py:2890} INFO - Executing <Task(PythonOperator): print_hello_task> on 2025-04-05 00:58:00+00:00
[2025-04-06T06:03:39.923+0000] {warnings.py:112} WARNING - /home/***/.local/lib/python3.12/site-packages/***/task/task_runner/standard_task_runner.py:70: DeprecationWarning: This process (pid=589) is multi-threaded, use of fork() may lead to deadlocks in the child.
  pid = os.fork()

[2025-04-06T06:03:39.925+0000] {standard_task_runner.py:72} INFO - Started process 593 to run task
[2025-04-06T06:03:39.926+0000] {standard_task_runner.py:104} INFO - Running: ['***', 'tasks', 'run', 'print_hello', 'print_hello_task', 'scheduled__2025-04-05T00:58:00+00:00', '--job-id', '131', '--raw', '--subdir', 'DAGS_FOLDER/print_hello.py', '--cfg-path', '/tmp/tmp2_7gxwcu']
[2025-04-06T06:03:39.927+0000] {standard_task_runner.py:105} INFO - Job 131: Subtask print_hello_task
[2025-04-06T06:03:39.982+0000] {task_command.py:467} INFO - Running <TaskInstance: print_hello.print_hello_task scheduled__2025-04-05T00:58:00+00:00 [running]> on host 5991717e768c
[2025-04-06T06:03:40.084+0000] {taskinstance.py:3134} INFO - Exporting env vars: AIRFLOW_CTX_DAG_OWNER='Esayed' AIRFLOW_CTX_DAG_ID='print_hello' AIRFLOW_CTX_TASK_ID='print_hello_task' AIRFLOW_CTX_EXECUTION_DATE='2025-04-05T00:58:00+00:00' AIRFLOW_CTX_TRY_NUMBER='1' AIRFLOW_CTX_DAG_RUN_ID='scheduled__2025-04-05T00:58:00+00:00'
[2025-04-06T06:03:40.085+0000] {logging_mixin.py:190} INFO - Task instance is in running state
[2025-04-06T06:03:40.086+0000] {logging_mixin.py:190} INFO -  Previous state of the Task instance: queued
[2025-04-06T06:03:40.087+0000] {logging_mixin.py:190} INFO - Current task name:print_hello_task state:running start_date:2025-04-06 06:03:39.667793+00:00
[2025-04-06T06:03:40.087+0000] {logging_mixin.py:190} INFO - Dag name:print_hello and current dag run status:running
[2025-04-06T06:03:40.088+0000] {taskinstance.py:732} INFO - ::endgroup::
[2025-04-06T06:03:40.089+0000] {logging_mixin.py:190} INFO - hello
[2025-04-06T06:03:40.089+0000] {python.py:240} INFO - Done. Returned value was: None
[2025-04-06T06:03:40.102+0000] {taskinstance.py:341} INFO - ::group::Post task execution logs
[2025-04-06T06:03:40.104+0000] {taskinstance.py:353} INFO - Marking task as SUCCESS. dag_id=print_hello, task_id=print_hello_task, run_id=scheduled__2025-04-05T00:58:00+00:00, execution_date=20250405T005800, start_date=20250406T060339, end_date=20250406T060340
[2025-04-06T06:03:40.135+0000] {logging_mixin.py:190} INFO - Task instance in success state
[2025-04-06T06:03:40.136+0000] {logging_mixin.py:190} INFO -  Previous state of the Task instance: running
[2025-04-06T06:03:40.137+0000] {logging_mixin.py:190} INFO - Dag name:print_hello queued_at:2025-04-06 06:03:37.735292+00:00
[2025-04-06T06:03:40.137+0000] {logging_mixin.py:190} INFO - Task hostname:5991717e768c operator:PythonOperator
[2025-04-06T06:03:40.182+0000] {local_task_job_runner.py:266} INFO - Task exited with return code 0
[2025-04-06T06:03:40.200+0000] {taskinstance.py:3901} INFO - 0 downstream tasks scheduled from follow-on schedule check
[2025-04-06T06:03:40.203+0000] {local_task_job_runner.py:245} INFO - ::endgroup::
[2025-04-06T06:15:52.532+0000] {local_task_job_runner.py:123} INFO - ::group::Pre task execution logs
[2025-04-06T06:15:52.582+0000] {taskinstance.py:2614} INFO - Dependencies all met for dep_context=non-requeueable deps ti=<TaskInstance: print_hello.print_hello_task scheduled__2025-04-05T00:58:00+00:00 [queued]>
[2025-04-06T06:15:52.602+0000] {taskinstance.py:2614} INFO - Dependencies all met for dep_context=requeueable deps ti=<TaskInstance: print_hello.print_hello_task scheduled__2025-04-05T00:58:00+00:00 [queued]>
[2025-04-06T06:15:52.604+0000] {taskinstance.py:2867} INFO - Starting attempt 1 of 2
[2025-04-06T06:15:53.226+0000] {taskinstance.py:2890} INFO - Executing <Task(PythonOperator): print_hello_task> on 2025-04-05 00:58:00+00:00
[2025-04-06T06:15:53.255+0000] {warnings.py:112} WARNING - /home/***/.local/lib/python3.12/site-packages/***/task/task_runner/standard_task_runner.py:70: DeprecationWarning: This process (pid=1295) is multi-threaded, use of fork() may lead to deadlocks in the child.
  pid = os.fork()

[2025-04-06T06:15:53.273+0000] {standard_task_runner.py:72} INFO - Started process 1341 to run task
[2025-04-06T06:15:53.269+0000] {standard_task_runner.py:104} INFO - Running: ['***', 'tasks', 'run', 'print_hello', 'print_hello_task', 'scheduled__2025-04-05T00:58:00+00:00', '--job-id', '274', '--raw', '--subdir', 'DAGS_FOLDER/print_hello.py', '--cfg-path', '/tmp/tmphd_qv9zu']
[2025-04-06T06:15:53.289+0000] {standard_task_runner.py:105} INFO - Job 274: Subtask print_hello_task
[2025-04-06T06:15:53.453+0000] {task_command.py:467} INFO - Running <TaskInstance: print_hello.print_hello_task scheduled__2025-04-05T00:58:00+00:00 [running]> on host 5991717e768c
[2025-04-06T06:15:53.686+0000] {taskinstance.py:3134} INFO - Exporting env vars: AIRFLOW_CTX_DAG_OWNER='Esayed' AIRFLOW_CTX_DAG_ID='print_hello' AIRFLOW_CTX_TASK_ID='print_hello_task' AIRFLOW_CTX_EXECUTION_DATE='2025-04-05T00:58:00+00:00' AIRFLOW_CTX_TRY_NUMBER='1' AIRFLOW_CTX_DAG_RUN_ID='scheduled__2025-04-05T00:58:00+00:00'
[2025-04-06T06:15:53.694+0000] {logging_mixin.py:190} INFO - Task instance is in running state
[2025-04-06T06:15:53.695+0000] {logging_mixin.py:190} INFO -  Previous state of the Task instance: queued
[2025-04-06T06:15:53.696+0000] {logging_mixin.py:190} INFO - Current task name:print_hello_task state:running start_date:2025-04-06 06:15:52.583856+00:00
[2025-04-06T06:15:53.699+0000] {logging_mixin.py:190} INFO - Dag name:print_hello and current dag run status:running
[2025-04-06T06:15:53.700+0000] {taskinstance.py:732} INFO - ::endgroup::
[2025-04-06T06:15:53.702+0000] {logging_mixin.py:190} INFO - hello
[2025-04-06T06:15:53.704+0000] {python.py:240} INFO - Done. Returned value was: None
[2025-04-06T06:15:53.727+0000] {taskinstance.py:341} INFO - ::group::Post task execution logs
[2025-04-06T06:15:53.735+0000] {taskinstance.py:353} INFO - Marking task as SUCCESS. dag_id=print_hello, task_id=print_hello_task, run_id=scheduled__2025-04-05T00:58:00+00:00, execution_date=20250405T005800, start_date=20250406T061552, end_date=20250406T061553
[2025-04-06T06:15:53.820+0000] {logging_mixin.py:190} INFO - Task instance in success state
[2025-04-06T06:15:53.826+0000] {logging_mixin.py:190} INFO -  Previous state of the Task instance: running
[2025-04-06T06:15:53.828+0000] {logging_mixin.py:190} INFO - Dag name:print_hello queued_at:2025-04-06 06:15:47.100600+00:00
[2025-04-06T06:15:53.831+0000] {logging_mixin.py:190} INFO - Task hostname:5991717e768c operator:PythonOperator
[2025-04-06T06:15:53.884+0000] {local_task_job_runner.py:266} INFO - Task exited with return code 0
[2025-04-06T06:15:53.947+0000] {taskinstance.py:3901} INFO - 1 downstream tasks scheduled from follow-on schedule check
[2025-04-06T06:15:53.961+0000] {local_task_job_runner.py:245} INFO - ::endgroup::
