[2025-04-06T06:03:00.807+0000] {local_task_job_runner.py:123} INFO - ::group::Pre task execution logs
[2025-04-06T06:03:00.837+0000] {taskinstance.py:2614} INFO - Dependencies all met for dep_context=non-requeueable deps ti=<TaskInstance: print_hello.print_hello_task scheduled__2025-04-05T00:27:00+00:00 [queued]>
[2025-04-06T06:03:00.855+0000] {taskinstance.py:2614} INFO - Dependencies all met for dep_context=requeueable deps ti=<TaskInstance: print_hello.print_hello_task scheduled__2025-04-05T00:27:00+00:00 [queued]>
[2025-04-06T06:03:00.857+0000] {taskinstance.py:2867} INFO - Starting attempt 1 of 2
[2025-04-06T06:03:01.228+0000] {taskinstance.py:2890} INFO - Executing <Task(PythonOperator): print_hello_task> on 2025-04-05 00:27:00+00:00
[2025-04-06T06:03:01.243+0000] {warnings.py:112} WARNING - /home/***/.local/lib/python3.12/site-packages/***/task/task_runner/standard_task_runner.py:70: DeprecationWarning: This process (pid=274) is multi-threaded, use of fork() may lead to deadlocks in the child.
  pid = os.fork()

[2025-04-06T06:03:01.246+0000] {standard_task_runner.py:72} INFO - Started process 306 to run task
[2025-04-06T06:03:01.248+0000] {standard_task_runner.py:104} INFO - Running: ['***', 'tasks', 'run', 'print_hello', 'print_hello_task', 'scheduled__2025-04-05T00:27:00+00:00', '--job-id', '58', '--raw', '--subdir', 'DAGS_FOLDER/print_hello.py', '--cfg-path', '/tmp/tmpofdqrx64']
[2025-04-06T06:03:01.250+0000] {standard_task_runner.py:105} INFO - Job 58: Subtask print_hello_task
[2025-04-06T06:03:01.354+0000] {task_command.py:467} INFO - Running <TaskInstance: print_hello.print_hello_task scheduled__2025-04-05T00:27:00+00:00 [running]> on host 5991717e768c
[2025-04-06T06:03:01.544+0000] {taskinstance.py:3134} INFO - Exporting env vars: AIRFLOW_CTX_DAG_OWNER='Esayed' AIRFLOW_CTX_DAG_ID='print_hello' AIRFLOW_CTX_TASK_ID='print_hello_task' AIRFLOW_CTX_EXECUTION_DATE='2025-04-05T00:27:00+00:00' AIRFLOW_CTX_TRY_NUMBER='1' AIRFLOW_CTX_DAG_RUN_ID='scheduled__2025-04-05T00:27:00+00:00'
[2025-04-06T06:03:01.547+0000] {logging_mixin.py:190} INFO - Task instance is in running state
[2025-04-06T06:03:01.548+0000] {logging_mixin.py:190} INFO -  Previous state of the Task instance: queued
[2025-04-06T06:03:01.549+0000] {logging_mixin.py:190} INFO - Current task name:print_hello_task state:running start_date:2025-04-06 06:03:00.838553+00:00
[2025-04-06T06:03:01.550+0000] {logging_mixin.py:190} INFO - Dag name:print_hello and current dag run status:running
[2025-04-06T06:03:01.551+0000] {taskinstance.py:732} INFO - ::endgroup::
[2025-04-06T06:03:01.553+0000] {logging_mixin.py:190} INFO - hello
[2025-04-06T06:03:01.554+0000] {python.py:240} INFO - Done. Returned value was: None
[2025-04-06T06:03:01.572+0000] {taskinstance.py:341} INFO - ::group::Post task execution logs
[2025-04-06T06:03:01.573+0000] {taskinstance.py:353} INFO - Marking task as SUCCESS. dag_id=print_hello, task_id=print_hello_task, run_id=scheduled__2025-04-05T00:27:00+00:00, execution_date=20250405T002700, start_date=20250406T060300, end_date=20250406T060301
[2025-04-06T06:03:01.617+0000] {logging_mixin.py:190} INFO - Task instance in success state
[2025-04-06T06:03:01.618+0000] {logging_mixin.py:190} INFO -  Previous state of the Task instance: running
[2025-04-06T06:03:01.620+0000] {logging_mixin.py:190} INFO - Dag name:print_hello queued_at:2025-04-06 06:02:56.765446+00:00
[2025-04-06T06:03:01.621+0000] {logging_mixin.py:190} INFO - Task hostname:5991717e768c operator:PythonOperator
[2025-04-06T06:03:01.665+0000] {local_task_job_runner.py:266} INFO - Task exited with return code 0
[2025-04-06T06:03:01.683+0000] {local_task_job_runner.py:245} INFO - ::endgroup::
[2025-04-06T06:15:17.199+0000] {local_task_job_runner.py:123} INFO - ::group::Pre task execution logs
[2025-04-06T06:15:17.248+0000] {taskinstance.py:2614} INFO - Dependencies all met for dep_context=non-requeueable deps ti=<TaskInstance: print_hello.print_hello_task scheduled__2025-04-05T00:27:00+00:00 [queued]>
[2025-04-06T06:15:17.271+0000] {taskinstance.py:2614} INFO - Dependencies all met for dep_context=requeueable deps ti=<TaskInstance: print_hello.print_hello_task scheduled__2025-04-05T00:27:00+00:00 [queued]>
[2025-04-06T06:15:17.296+0000] {taskinstance.py:2867} INFO - Starting attempt 1 of 2
[2025-04-06T06:15:17.784+0000] {taskinstance.py:2890} INFO - Executing <Task(PythonOperator): print_hello_task> on 2025-04-05 00:27:00+00:00
[2025-04-06T06:15:17.808+0000] {warnings.py:112} WARNING - /home/***/.local/lib/python3.12/site-packages/***/task/task_runner/standard_task_runner.py:70: DeprecationWarning: This process (pid=1022) is multi-threaded, use of fork() may lead to deadlocks in the child.
  pid = os.fork()

[2025-04-06T06:15:17.812+0000] {standard_task_runner.py:72} INFO - Started process 1071 to run task
[2025-04-06T06:15:17.816+0000] {standard_task_runner.py:104} INFO - Running: ['***', 'tasks', 'run', 'print_hello', 'print_hello_task', 'scheduled__2025-04-05T00:27:00+00:00', '--job-id', '207', '--raw', '--subdir', 'DAGS_FOLDER/print_hello.py', '--cfg-path', '/tmp/tmpe4zvc3sk']
[2025-04-06T06:15:17.819+0000] {standard_task_runner.py:105} INFO - Job 207: Subtask print_hello_task
[2025-04-06T06:15:18.051+0000] {task_command.py:467} INFO - Running <TaskInstance: print_hello.print_hello_task scheduled__2025-04-05T00:27:00+00:00 [running]> on host 5991717e768c
[2025-04-06T06:15:18.274+0000] {taskinstance.py:3134} INFO - Exporting env vars: AIRFLOW_CTX_DAG_OWNER='Esayed' AIRFLOW_CTX_DAG_ID='print_hello' AIRFLOW_CTX_TASK_ID='print_hello_task' AIRFLOW_CTX_EXECUTION_DATE='2025-04-05T00:27:00+00:00' AIRFLOW_CTX_TRY_NUMBER='1' AIRFLOW_CTX_DAG_RUN_ID='scheduled__2025-04-05T00:27:00+00:00'
[2025-04-06T06:15:18.276+0000] {logging_mixin.py:190} INFO - Task instance is in running state
[2025-04-06T06:15:18.277+0000] {logging_mixin.py:190} INFO -  Previous state of the Task instance: queued
[2025-04-06T06:15:18.278+0000] {logging_mixin.py:190} INFO - Current task name:print_hello_task state:running start_date:2025-04-06 06:15:17.249762+00:00
[2025-04-06T06:15:18.282+0000] {logging_mixin.py:190} INFO - Dag name:print_hello and current dag run status:running
[2025-04-06T06:15:18.283+0000] {taskinstance.py:732} INFO - ::endgroup::
[2025-04-06T06:15:18.285+0000] {logging_mixin.py:190} INFO - hello
[2025-04-06T06:15:18.286+0000] {python.py:240} INFO - Done. Returned value was: None
[2025-04-06T06:15:18.308+0000] {taskinstance.py:341} INFO - ::group::Post task execution logs
[2025-04-06T06:15:18.311+0000] {taskinstance.py:353} INFO - Marking task as SUCCESS. dag_id=print_hello, task_id=print_hello_task, run_id=scheduled__2025-04-05T00:27:00+00:00, execution_date=20250405T002700, start_date=20250406T061517, end_date=20250406T061518
[2025-04-06T06:15:18.424+0000] {logging_mixin.py:190} INFO - Task instance in success state
[2025-04-06T06:15:18.425+0000] {logging_mixin.py:190} INFO -  Previous state of the Task instance: running
[2025-04-06T06:15:18.427+0000] {logging_mixin.py:190} INFO - Dag name:print_hello queued_at:2025-04-06 06:15:12.889498+00:00
[2025-04-06T06:15:18.428+0000] {logging_mixin.py:190} INFO - Task hostname:5991717e768c operator:PythonOperator
[2025-04-06T06:15:18.478+0000] {local_task_job_runner.py:266} INFO - Task exited with return code 0
[2025-04-06T06:15:18.502+0000] {local_task_job_runner.py:245} INFO - ::endgroup::
