[2025-04-06T06:03:21.879+0000] {local_task_job_runner.py:123} INFO - ::group::Pre task execution logs
[2025-04-06T06:03:21.928+0000] {taskinstance.py:2614} INFO - Dependencies all met for dep_context=non-requeueable deps ti=<TaskInstance: print_hello.save_to_csv_task scheduled__2025-04-05T00:34:00+00:00 [queued]>
[2025-04-06T06:03:21.988+0000] {taskinstance.py:2614} INFO - Dependencies all met for dep_context=requeueable deps ti=<TaskInstance: print_hello.save_to_csv_task scheduled__2025-04-05T00:34:00+00:00 [queued]>
[2025-04-06T06:03:21.989+0000] {taskinstance.py:2867} INFO - Starting attempt 1 of 2
[2025-04-06T06:03:22.041+0000] {taskinstance.py:2890} INFO - Executing <Task(PythonOperator): save_to_csv_task> on 2025-04-05 00:34:00+00:00
[2025-04-06T06:03:22.071+0000] {warnings.py:112} WARNING - /home/***/.local/lib/python3.12/site-packages/***/task/task_runner/standard_task_runner.py:70: DeprecationWarning: This process (pid=423) is multi-threaded, use of fork() may lead to deadlocks in the child.
  pid = os.fork()

[2025-04-06T06:03:22.075+0000] {standard_task_runner.py:72} INFO - Started process 476 to run task
[2025-04-06T06:03:22.089+0000] {standard_task_runner.py:104} INFO - Running: ['***', 'tasks', 'run', 'print_hello', 'save_to_csv_task', 'scheduled__2025-04-05T00:34:00+00:00', '--job-id', '97', '--raw', '--subdir', 'DAGS_FOLDER/print_hello.py', '--cfg-path', '/tmp/tmpa440ng0w']
[2025-04-06T06:03:22.097+0000] {standard_task_runner.py:105} INFO - Job 97: Subtask save_to_csv_task
[2025-04-06T06:03:22.882+0000] {task_command.py:467} INFO - Running <TaskInstance: print_hello.save_to_csv_task scheduled__2025-04-05T00:34:00+00:00 [running]> on host 5991717e768c
[2025-04-06T06:03:23.092+0000] {taskinstance.py:3134} INFO - Exporting env vars: AIRFLOW_CTX_DAG_OWNER='Esayed' AIRFLOW_CTX_DAG_ID='print_hello' AIRFLOW_CTX_TASK_ID='save_to_csv_task' AIRFLOW_CTX_EXECUTION_DATE='2025-04-05T00:34:00+00:00' AIRFLOW_CTX_TRY_NUMBER='1' AIRFLOW_CTX_DAG_RUN_ID='scheduled__2025-04-05T00:34:00+00:00'
[2025-04-06T06:03:23.098+0000] {logging_mixin.py:190} INFO - Task instance is in running state
[2025-04-06T06:03:23.099+0000] {logging_mixin.py:190} INFO -  Previous state of the Task instance: queued
[2025-04-06T06:03:23.101+0000] {logging_mixin.py:190} INFO - Current task name:save_to_csv_task state:running start_date:2025-04-06 06:03:21.931177+00:00
[2025-04-06T06:03:23.102+0000] {logging_mixin.py:190} INFO - Dag name:print_hello and current dag run status:running
[2025-04-06T06:03:23.105+0000] {taskinstance.py:732} INFO - ::endgroup::
[2025-04-06T06:03:23.117+0000] {python.py:240} INFO - Done. Returned value was: None
[2025-04-06T06:03:23.140+0000] {taskinstance.py:341} INFO - ::group::Post task execution logs
[2025-04-06T06:03:23.142+0000] {taskinstance.py:353} INFO - Marking task as SUCCESS. dag_id=print_hello, task_id=save_to_csv_task, run_id=scheduled__2025-04-05T00:34:00+00:00, execution_date=20250405T003400, start_date=20250406T060321, end_date=20250406T060323
[2025-04-06T06:03:23.198+0000] {logging_mixin.py:190} INFO - Task instance in success state
[2025-04-06T06:03:23.201+0000] {logging_mixin.py:190} INFO -  Previous state of the Task instance: running
[2025-04-06T06:03:23.203+0000] {logging_mixin.py:190} INFO - Dag name:print_hello queued_at:2025-04-06 06:03:11.935016+00:00
[2025-04-06T06:03:23.205+0000] {logging_mixin.py:190} INFO - Task hostname:5991717e768c operator:PythonOperator
[2025-04-06T06:03:23.296+0000] {local_task_job_runner.py:266} INFO - Task exited with return code 0
[2025-04-06T06:03:23.336+0000] {local_task_job_runner.py:245} INFO - ::endgroup::
[2025-04-06T06:15:40.119+0000] {local_task_job_runner.py:123} INFO - ::group::Pre task execution logs
[2025-04-06T06:15:40.208+0000] {taskinstance.py:2614} INFO - Dependencies all met for dep_context=non-requeueable deps ti=<TaskInstance: print_hello.save_to_csv_task scheduled__2025-04-05T00:34:00+00:00 [queued]>
[2025-04-06T06:15:40.246+0000] {taskinstance.py:2614} INFO - Dependencies all met for dep_context=requeueable deps ti=<TaskInstance: print_hello.save_to_csv_task scheduled__2025-04-05T00:34:00+00:00 [queued]>
[2025-04-06T06:15:40.248+0000] {taskinstance.py:2867} INFO - Starting attempt 1 of 2
[2025-04-06T06:15:40.779+0000] {taskinstance.py:2890} INFO - Executing <Task(PythonOperator): save_to_csv_task> on 2025-04-05 00:34:00+00:00
[2025-04-06T06:15:40.801+0000] {warnings.py:112} WARNING - /home/***/.local/lib/python3.12/site-packages/***/task/task_runner/standard_task_runner.py:70: DeprecationWarning: This process (pid=1198) is multi-threaded, use of fork() may lead to deadlocks in the child.
  pid = os.fork()

[2025-04-06T06:15:40.804+0000] {standard_task_runner.py:72} INFO - Started process 1259 to run task
[2025-04-06T06:15:40.808+0000] {standard_task_runner.py:104} INFO - Running: ['***', 'tasks', 'run', 'print_hello', 'save_to_csv_task', 'scheduled__2025-04-05T00:34:00+00:00', '--job-id', '256', '--raw', '--subdir', 'DAGS_FOLDER/print_hello.py', '--cfg-path', '/tmp/tmprwyakgmv']
[2025-04-06T06:15:40.818+0000] {standard_task_runner.py:105} INFO - Job 256: Subtask save_to_csv_task
[2025-04-06T06:15:40.934+0000] {task_command.py:467} INFO - Running <TaskInstance: print_hello.save_to_csv_task scheduled__2025-04-05T00:34:00+00:00 [running]> on host 5991717e768c
[2025-04-06T06:15:41.156+0000] {taskinstance.py:3134} INFO - Exporting env vars: AIRFLOW_CTX_DAG_OWNER='Esayed' AIRFLOW_CTX_DAG_ID='print_hello' AIRFLOW_CTX_TASK_ID='save_to_csv_task' AIRFLOW_CTX_EXECUTION_DATE='2025-04-05T00:34:00+00:00' AIRFLOW_CTX_TRY_NUMBER='1' AIRFLOW_CTX_DAG_RUN_ID='scheduled__2025-04-05T00:34:00+00:00'
[2025-04-06T06:15:41.160+0000] {logging_mixin.py:190} INFO - Task instance is in running state
[2025-04-06T06:15:41.162+0000] {logging_mixin.py:190} INFO -  Previous state of the Task instance: queued
[2025-04-06T06:15:41.164+0000] {logging_mixin.py:190} INFO - Current task name:save_to_csv_task state:running start_date:2025-04-06 06:15:40.210142+00:00
[2025-04-06T06:15:41.167+0000] {logging_mixin.py:190} INFO - Dag name:print_hello and current dag run status:running
[2025-04-06T06:15:41.169+0000] {taskinstance.py:732} INFO - ::endgroup::
[2025-04-06T06:15:41.212+0000] {python.py:240} INFO - Done. Returned value was: None
[2025-04-06T06:15:41.237+0000] {taskinstance.py:341} INFO - ::group::Post task execution logs
[2025-04-06T06:15:41.241+0000] {taskinstance.py:353} INFO - Marking task as SUCCESS. dag_id=print_hello, task_id=save_to_csv_task, run_id=scheduled__2025-04-05T00:34:00+00:00, execution_date=20250405T003400, start_date=20250406T061540, end_date=20250406T061541
[2025-04-06T06:15:41.332+0000] {logging_mixin.py:190} INFO - Task instance in success state
[2025-04-06T06:15:41.333+0000] {logging_mixin.py:190} INFO -  Previous state of the Task instance: running
[2025-04-06T06:15:41.335+0000] {logging_mixin.py:190} INFO - Dag name:print_hello queued_at:2025-04-06 06:15:26.546652+00:00
[2025-04-06T06:15:41.336+0000] {logging_mixin.py:190} INFO - Task hostname:5991717e768c operator:PythonOperator
[2025-04-06T06:15:41.433+0000] {local_task_job_runner.py:266} INFO - Task exited with return code 0
[2025-04-06T06:15:41.457+0000] {local_task_job_runner.py:245} INFO - ::endgroup::
