[2025-04-06T06:03:06.654+0000] {local_task_job_runner.py:123} INFO - ::group::Pre task execution logs
[2025-04-06T06:03:06.690+0000] {taskinstance.py:2614} INFO - Dependencies all met for dep_context=non-requeueable deps ti=<TaskInstance: print_hello.save_to_csv_task scheduled__2025-04-05T00:28:00+00:00 [queued]>
[2025-04-06T06:03:06.708+0000] {taskinstance.py:2614} INFO - Dependencies all met for dep_context=requeueable deps ti=<TaskInstance: print_hello.save_to_csv_task scheduled__2025-04-05T00:28:00+00:00 [queued]>
[2025-04-06T06:03:06.709+0000] {taskinstance.py:2867} INFO - Starting attempt 1 of 2
[2025-04-06T06:03:06.737+0000] {taskinstance.py:2890} INFO - Executing <Task(PythonOperator): save_to_csv_task> on 2025-04-05 00:28:00+00:00
[2025-04-06T06:03:06.750+0000] {warnings.py:112} WARNING - /home/***/.local/lib/python3.12/site-packages/***/task/task_runner/standard_task_runner.py:70: DeprecationWarning: This process (pid=334) is multi-threaded, use of fork() may lead to deadlocks in the child.
  pid = os.fork()

[2025-04-06T06:03:06.753+0000] {standard_task_runner.py:72} INFO - Started process 366 to run task
[2025-04-06T06:03:06.753+0000] {standard_task_runner.py:104} INFO - Running: ['***', 'tasks', 'run', 'print_hello', 'save_to_csv_task', 'scheduled__2025-04-05T00:28:00+00:00', '--job-id', '74', '--raw', '--subdir', 'DAGS_FOLDER/print_hello.py', '--cfg-path', '/tmp/tmp5u731wtt']
[2025-04-06T06:03:06.755+0000] {standard_task_runner.py:105} INFO - Job 74: Subtask save_to_csv_task
[2025-04-06T06:03:07.139+0000] {task_command.py:467} INFO - Running <TaskInstance: print_hello.save_to_csv_task scheduled__2025-04-05T00:28:00+00:00 [running]> on host 5991717e768c
[2025-04-06T06:03:07.248+0000] {taskinstance.py:3134} INFO - Exporting env vars: AIRFLOW_CTX_DAG_OWNER='Esayed' AIRFLOW_CTX_DAG_ID='print_hello' AIRFLOW_CTX_TASK_ID='save_to_csv_task' AIRFLOW_CTX_EXECUTION_DATE='2025-04-05T00:28:00+00:00' AIRFLOW_CTX_TRY_NUMBER='1' AIRFLOW_CTX_DAG_RUN_ID='scheduled__2025-04-05T00:28:00+00:00'
[2025-04-06T06:03:07.249+0000] {logging_mixin.py:190} INFO - Task instance is in running state
[2025-04-06T06:03:07.250+0000] {logging_mixin.py:190} INFO -  Previous state of the Task instance: queued
[2025-04-06T06:03:07.251+0000] {logging_mixin.py:190} INFO - Current task name:save_to_csv_task state:running start_date:2025-04-06 06:03:06.691192+00:00
[2025-04-06T06:03:07.251+0000] {logging_mixin.py:190} INFO - Dag name:print_hello and current dag run status:running
[2025-04-06T06:03:07.252+0000] {taskinstance.py:732} INFO - ::endgroup::
[2025-04-06T06:03:07.259+0000] {python.py:240} INFO - Done. Returned value was: None
[2025-04-06T06:03:07.272+0000] {taskinstance.py:341} INFO - ::group::Post task execution logs
[2025-04-06T06:03:07.273+0000] {taskinstance.py:353} INFO - Marking task as SUCCESS. dag_id=print_hello, task_id=save_to_csv_task, run_id=scheduled__2025-04-05T00:28:00+00:00, execution_date=20250405T002800, start_date=20250406T060306, end_date=20250406T060307
[2025-04-06T06:03:07.306+0000] {logging_mixin.py:190} INFO - Task instance in success state
[2025-04-06T06:03:07.306+0000] {logging_mixin.py:190} INFO -  Previous state of the Task instance: running
[2025-04-06T06:03:07.307+0000] {logging_mixin.py:190} INFO - Dag name:print_hello queued_at:2025-04-06 06:02:57.097246+00:00
[2025-04-06T06:03:07.308+0000] {logging_mixin.py:190} INFO - Task hostname:5991717e768c operator:PythonOperator
[2025-04-06T06:03:07.371+0000] {local_task_job_runner.py:266} INFO - Task exited with return code 0
[2025-04-06T06:03:07.591+0000] {taskinstance.py:3901} INFO - 0 downstream tasks scheduled from follow-on schedule check
[2025-04-06T06:03:07.596+0000] {local_task_job_runner.py:245} INFO - ::endgroup::
[2025-04-06T06:15:23.115+0000] {local_task_job_runner.py:123} INFO - ::group::Pre task execution logs
[2025-04-06T06:15:23.148+0000] {taskinstance.py:2614} INFO - Dependencies all met for dep_context=non-requeueable deps ti=<TaskInstance: print_hello.save_to_csv_task scheduled__2025-04-05T00:28:00+00:00 [queued]>
[2025-04-06T06:15:23.165+0000] {taskinstance.py:2614} INFO - Dependencies all met for dep_context=requeueable deps ti=<TaskInstance: print_hello.save_to_csv_task scheduled__2025-04-05T00:28:00+00:00 [queued]>
[2025-04-06T06:15:23.166+0000] {taskinstance.py:2867} INFO - Starting attempt 1 of 2
[2025-04-06T06:15:23.373+0000] {taskinstance.py:2890} INFO - Executing <Task(PythonOperator): save_to_csv_task> on 2025-04-05 00:28:00+00:00
[2025-04-06T06:15:23.384+0000] {warnings.py:112} WARNING - /home/***/.local/lib/python3.12/site-packages/***/task/task_runner/standard_task_runner.py:70: DeprecationWarning: This process (pid=1086) is multi-threaded, use of fork() may lead to deadlocks in the child.
  pid = os.fork()

[2025-04-06T06:15:23.386+0000] {standard_task_runner.py:72} INFO - Started process 1120 to run task
[2025-04-06T06:15:23.386+0000] {standard_task_runner.py:104} INFO - Running: ['***', 'tasks', 'run', 'print_hello', 'save_to_csv_task', 'scheduled__2025-04-05T00:28:00+00:00', '--job-id', '224', '--raw', '--subdir', 'DAGS_FOLDER/print_hello.py', '--cfg-path', '/tmp/tmpq4uwt14g']
[2025-04-06T06:15:23.387+0000] {standard_task_runner.py:105} INFO - Job 224: Subtask save_to_csv_task
[2025-04-06T06:15:23.444+0000] {task_command.py:467} INFO - Running <TaskInstance: print_hello.save_to_csv_task scheduled__2025-04-05T00:28:00+00:00 [running]> on host 5991717e768c
[2025-04-06T06:15:23.558+0000] {taskinstance.py:3134} INFO - Exporting env vars: AIRFLOW_CTX_DAG_OWNER='Esayed' AIRFLOW_CTX_DAG_ID='print_hello' AIRFLOW_CTX_TASK_ID='save_to_csv_task' AIRFLOW_CTX_EXECUTION_DATE='2025-04-05T00:28:00+00:00' AIRFLOW_CTX_TRY_NUMBER='1' AIRFLOW_CTX_DAG_RUN_ID='scheduled__2025-04-05T00:28:00+00:00'
[2025-04-06T06:15:23.560+0000] {logging_mixin.py:190} INFO - Task instance is in running state
[2025-04-06T06:15:23.561+0000] {logging_mixin.py:190} INFO -  Previous state of the Task instance: queued
[2025-04-06T06:15:23.562+0000] {logging_mixin.py:190} INFO - Current task name:save_to_csv_task state:running start_date:2025-04-06 06:15:23.149242+00:00
[2025-04-06T06:15:23.562+0000] {logging_mixin.py:190} INFO - Dag name:print_hello and current dag run status:running
[2025-04-06T06:15:23.563+0000] {taskinstance.py:732} INFO - ::endgroup::
[2025-04-06T06:15:23.574+0000] {python.py:240} INFO - Done. Returned value was: None
[2025-04-06T06:15:23.589+0000] {taskinstance.py:341} INFO - ::group::Post task execution logs
[2025-04-06T06:15:23.590+0000] {taskinstance.py:353} INFO - Marking task as SUCCESS. dag_id=print_hello, task_id=save_to_csv_task, run_id=scheduled__2025-04-05T00:28:00+00:00, execution_date=20250405T002800, start_date=20250406T061523, end_date=20250406T061523
[2025-04-06T06:15:23.623+0000] {logging_mixin.py:190} INFO - Task instance in success state
[2025-04-06T06:15:23.624+0000] {logging_mixin.py:190} INFO -  Previous state of the Task instance: running
[2025-04-06T06:15:23.625+0000] {logging_mixin.py:190} INFO - Dag name:print_hello queued_at:2025-04-06 06:15:13.311353+00:00
[2025-04-06T06:15:23.626+0000] {logging_mixin.py:190} INFO - Task hostname:5991717e768c operator:PythonOperator
[2025-04-06T06:15:23.682+0000] {local_task_job_runner.py:266} INFO - Task exited with return code 0
[2025-04-06T06:15:23.702+0000] {taskinstance.py:3901} INFO - 0 downstream tasks scheduled from follow-on schedule check
[2025-04-06T06:15:23.705+0000] {local_task_job_runner.py:245} INFO - ::endgroup::
