[2025-04-06T06:03:32.929+0000] {local_task_job_runner.py:123} INFO - ::group::Pre task execution logs
[2025-04-06T06:03:32.961+0000] {taskinstance.py:2614} INFO - Dependencies all met for dep_context=non-requeueable deps ti=<TaskInstance: print_hello.print_hello_task scheduled__2025-04-05T00:50:00+00:00 [queued]>
[2025-04-06T06:03:32.979+0000] {taskinstance.py:2614} INFO - Dependencies all met for dep_context=requeueable deps ti=<TaskInstance: print_hello.print_hello_task scheduled__2025-04-05T00:50:00+00:00 [queued]>
[2025-04-06T06:03:32.980+0000] {taskinstance.py:2867} INFO - Starting attempt 1 of 2
[2025-04-06T06:03:33.012+0000] {taskinstance.py:2890} INFO - Executing <Task(PythonOperator): print_hello_task> on 2025-04-05 00:50:00+00:00
[2025-04-06T06:03:33.027+0000] {warnings.py:112} WARNING - /home/***/.local/lib/python3.12/site-packages/***/task/task_runner/standard_task_runner.py:70: DeprecationWarning: This process (pid=519) is multi-threaded, use of fork() may lead to deadlocks in the child.
  pid = os.fork()

[2025-04-06T06:03:33.030+0000] {standard_task_runner.py:72} INFO - Started process 537 to run task
[2025-04-06T06:03:33.030+0000] {standard_task_runner.py:104} INFO - Running: ['***', 'tasks', 'run', 'print_hello', 'print_hello_task', 'scheduled__2025-04-05T00:50:00+00:00', '--job-id', '114', '--raw', '--subdir', 'DAGS_FOLDER/print_hello.py', '--cfg-path', '/tmp/tmpk_xh3sjo']
[2025-04-06T06:03:33.032+0000] {standard_task_runner.py:105} INFO - Job 114: Subtask print_hello_task
[2025-04-06T06:03:33.115+0000] {task_command.py:467} INFO - Running <TaskInstance: print_hello.print_hello_task scheduled__2025-04-05T00:50:00+00:00 [running]> on host 5991717e768c
[2025-04-06T06:03:33.601+0000] {taskinstance.py:3134} INFO - Exporting env vars: AIRFLOW_CTX_DAG_OWNER='Esayed' AIRFLOW_CTX_DAG_ID='print_hello' AIRFLOW_CTX_TASK_ID='print_hello_task' AIRFLOW_CTX_EXECUTION_DATE='2025-04-05T00:50:00+00:00' AIRFLOW_CTX_TRY_NUMBER='1' AIRFLOW_CTX_DAG_RUN_ID='scheduled__2025-04-05T00:50:00+00:00'
[2025-04-06T06:03:33.603+0000] {logging_mixin.py:190} INFO - Task instance is in running state
[2025-04-06T06:03:33.604+0000] {logging_mixin.py:190} INFO -  Previous state of the Task instance: queued
[2025-04-06T06:03:33.605+0000] {logging_mixin.py:190} INFO - Current task name:print_hello_task state:running start_date:2025-04-06 06:03:32.962898+00:00
[2025-04-06T06:03:33.606+0000] {logging_mixin.py:190} INFO - Dag name:print_hello and current dag run status:running
[2025-04-06T06:03:33.607+0000] {taskinstance.py:732} INFO - ::endgroup::
[2025-04-06T06:03:33.609+0000] {logging_mixin.py:190} INFO - hello
[2025-04-06T06:03:33.610+0000] {python.py:240} INFO - Done. Returned value was: None
[2025-04-06T06:03:33.625+0000] {taskinstance.py:341} INFO - ::group::Post task execution logs
[2025-04-06T06:03:33.626+0000] {taskinstance.py:353} INFO - Marking task as SUCCESS. dag_id=print_hello, task_id=print_hello_task, run_id=scheduled__2025-04-05T00:50:00+00:00, execution_date=20250405T005000, start_date=20250406T060332, end_date=20250406T060333
[2025-04-06T06:03:33.665+0000] {logging_mixin.py:190} INFO - Task instance in success state
[2025-04-06T06:03:33.666+0000] {logging_mixin.py:190} INFO -  Previous state of the Task instance: running
[2025-04-06T06:03:33.667+0000] {logging_mixin.py:190} INFO - Dag name:print_hello queued_at:2025-04-06 06:03:29.780058+00:00
[2025-04-06T06:03:33.668+0000] {logging_mixin.py:190} INFO - Task hostname:5991717e768c operator:PythonOperator
[2025-04-06T06:03:33.730+0000] {local_task_job_runner.py:266} INFO - Task exited with return code 0
[2025-04-06T06:03:34.000+0000] {taskinstance.py:3901} INFO - 1 downstream tasks scheduled from follow-on schedule check
[2025-04-06T06:03:34.006+0000] {local_task_job_runner.py:245} INFO - ::endgroup::
[2025-04-06T06:15:49.087+0000] {local_task_job_runner.py:123} INFO - ::group::Pre task execution logs
[2025-04-06T06:15:49.151+0000] {taskinstance.py:2614} INFO - Dependencies all met for dep_context=non-requeueable deps ti=<TaskInstance: print_hello.print_hello_task scheduled__2025-04-05T00:50:00+00:00 [queued]>
[2025-04-06T06:15:49.186+0000] {taskinstance.py:2614} INFO - Dependencies all met for dep_context=requeueable deps ti=<TaskInstance: print_hello.print_hello_task scheduled__2025-04-05T00:50:00+00:00 [queued]>
[2025-04-06T06:15:49.187+0000] {taskinstance.py:2867} INFO - Starting attempt 1 of 2
[2025-04-06T06:15:50.050+0000] {taskinstance.py:2890} INFO - Executing <Task(PythonOperator): print_hello_task> on 2025-04-05 00:50:00+00:00
[2025-04-06T06:15:50.077+0000] {warnings.py:112} WARNING - /home/***/.local/lib/python3.12/site-packages/***/task/task_runner/standard_task_runner.py:70: DeprecationWarning: This process (pid=1277) is multi-threaded, use of fork() may lead to deadlocks in the child.
  pid = os.fork()

[2025-04-06T06:15:50.100+0000] {standard_task_runner.py:72} INFO - Started process 1310 to run task
[2025-04-06T06:15:50.085+0000] {standard_task_runner.py:104} INFO - Running: ['***', 'tasks', 'run', 'print_hello', 'print_hello_task', 'scheduled__2025-04-05T00:50:00+00:00', '--job-id', '265', '--raw', '--subdir', 'DAGS_FOLDER/print_hello.py', '--cfg-path', '/tmp/tmpkvdtwfjd']
[2025-04-06T06:15:50.113+0000] {standard_task_runner.py:105} INFO - Job 265: Subtask print_hello_task
[2025-04-06T06:15:50.279+0000] {task_command.py:467} INFO - Running <TaskInstance: print_hello.print_hello_task scheduled__2025-04-05T00:50:00+00:00 [running]> on host 5991717e768c
[2025-04-06T06:15:50.515+0000] {taskinstance.py:3134} INFO - Exporting env vars: AIRFLOW_CTX_DAG_OWNER='Esayed' AIRFLOW_CTX_DAG_ID='print_hello' AIRFLOW_CTX_TASK_ID='print_hello_task' AIRFLOW_CTX_EXECUTION_DATE='2025-04-05T00:50:00+00:00' AIRFLOW_CTX_TRY_NUMBER='1' AIRFLOW_CTX_DAG_RUN_ID='scheduled__2025-04-05T00:50:00+00:00'
[2025-04-06T06:15:50.522+0000] {logging_mixin.py:190} INFO - Task instance is in running state
[2025-04-06T06:15:50.523+0000] {logging_mixin.py:190} INFO -  Previous state of the Task instance: queued
[2025-04-06T06:15:50.525+0000] {logging_mixin.py:190} INFO - Current task name:print_hello_task state:running start_date:2025-04-06 06:15:49.154411+00:00
[2025-04-06T06:15:50.526+0000] {logging_mixin.py:190} INFO - Dag name:print_hello and current dag run status:running
[2025-04-06T06:15:50.527+0000] {taskinstance.py:732} INFO - ::endgroup::
[2025-04-06T06:15:50.529+0000] {logging_mixin.py:190} INFO - hello
[2025-04-06T06:15:50.533+0000] {python.py:240} INFO - Done. Returned value was: None
[2025-04-06T06:15:50.557+0000] {taskinstance.py:341} INFO - ::group::Post task execution logs
[2025-04-06T06:15:50.563+0000] {taskinstance.py:353} INFO - Marking task as SUCCESS. dag_id=print_hello, task_id=print_hello_task, run_id=scheduled__2025-04-05T00:50:00+00:00, execution_date=20250405T005000, start_date=20250406T061549, end_date=20250406T061550
[2025-04-06T06:15:50.856+0000] {logging_mixin.py:190} INFO - Task instance in success state
[2025-04-06T06:15:50.858+0000] {logging_mixin.py:190} INFO -  Previous state of the Task instance: running
[2025-04-06T06:15:50.862+0000] {logging_mixin.py:190} INFO - Dag name:print_hello queued_at:2025-04-06 06:15:44.643736+00:00
[2025-04-06T06:15:50.864+0000] {logging_mixin.py:190} INFO - Task hostname:5991717e768c operator:PythonOperator
[2025-04-06T06:15:50.913+0000] {local_task_job_runner.py:266} INFO - Task exited with return code 0
[2025-04-06T06:15:50.943+0000] {local_task_job_runner.py:245} INFO - ::endgroup::
