[2025-04-06T09:45:38.340+0000] {local_task_job_runner.py:123} INFO - ::group::Pre task execution logs
[2025-04-06T09:45:38.359+0000] {taskinstance.py:2614} INFO - Dependencies all met for dep_context=non-requeueable deps ti=<TaskInstance: print_hello3.print_hello_task manual__2025-04-06T09:45:35.968809+00:00 [queued]>
[2025-04-06T09:45:38.369+0000] {taskinstance.py:2614} INFO - Dependencies all met for dep_context=requeueable deps ti=<TaskInstance: print_hello3.print_hello_task manual__2025-04-06T09:45:35.968809+00:00 [queued]>
[2025-04-06T09:45:38.370+0000] {taskinstance.py:2867} INFO - Starting attempt 1 of 2
[2025-04-06T09:45:38.535+0000] {taskinstance.py:2890} INFO - Executing <Task(PythonOperator): print_hello_task> on 2025-04-06 09:45:35.968809+00:00
[2025-04-06T09:45:38.543+0000] {warnings.py:112} WARNING - /home/***/.local/lib/python3.12/site-packages/***/task/task_runner/standard_task_runner.py:70: DeprecationWarning: This process (pid=967) is multi-threaded, use of fork() may lead to deadlocks in the child.
  pid = os.fork()

[2025-04-06T09:45:38.544+0000] {standard_task_runner.py:104} INFO - Running: ['***', 'tasks', 'run', 'print_hello3', 'print_hello_task', 'manual__2025-04-06T09:45:35.968809+00:00', '--job-id', '443', '--raw', '--subdir', 'DAGS_FOLDER/print_hello.py', '--cfg-path', '/tmp/tmpbl9_jun7']
[2025-04-06T09:45:38.545+0000] {standard_task_runner.py:72} INFO - Started process 969 to run task
[2025-04-06T09:45:38.546+0000] {standard_task_runner.py:105} INFO - Job 443: Subtask print_hello_task
[2025-04-06T09:45:38.598+0000] {task_command.py:467} INFO - Running <TaskInstance: print_hello3.print_hello_task manual__2025-04-06T09:45:35.968809+00:00 [running]> on host 5991717e768c
[2025-04-06T09:45:38.690+0000] {taskinstance.py:3134} INFO - Exporting env vars: AIRFLOW_CTX_DAG_OWNER='Esayed' AIRFLOW_CTX_DAG_ID='print_hello3' AIRFLOW_CTX_TASK_ID='print_hello_task' AIRFLOW_CTX_EXECUTION_DATE='2025-04-06T09:45:35.968809+00:00' AIRFLOW_CTX_TRY_NUMBER='1' AIRFLOW_CTX_DAG_RUN_ID='manual__2025-04-06T09:45:35.968809+00:00'
[2025-04-06T09:45:38.692+0000] {logging_mixin.py:190} INFO - Task instance is in running state
[2025-04-06T09:45:38.693+0000] {logging_mixin.py:190} INFO -  Previous state of the Task instance: queued
[2025-04-06T09:45:38.693+0000] {logging_mixin.py:190} INFO - Current task name:print_hello_task state:running start_date:2025-04-06 09:45:38.360140+00:00
[2025-04-06T09:45:38.694+0000] {logging_mixin.py:190} INFO - Dag name:print_hello3 and current dag run status:running
[2025-04-06T09:45:38.695+0000] {taskinstance.py:732} INFO - ::endgroup::
[2025-04-06T09:45:38.696+0000] {logging_mixin.py:190} INFO - hello
[2025-04-06T09:45:38.697+0000] {python.py:240} INFO - Done. Returned value was: None
[2025-04-06T09:45:38.708+0000] {taskinstance.py:341} INFO - ::group::Post task execution logs
[2025-04-06T09:45:38.709+0000] {taskinstance.py:353} INFO - Marking task as SUCCESS. dag_id=print_hello3, task_id=print_hello_task, run_id=manual__2025-04-06T09:45:35.968809+00:00, execution_date=20250406T094535, start_date=20250406T094538, end_date=20250406T094538
[2025-04-06T09:45:38.744+0000] {logging_mixin.py:190} INFO - Task instance in success state
[2025-04-06T09:45:38.745+0000] {logging_mixin.py:190} INFO -  Previous state of the Task instance: running
[2025-04-06T09:45:38.745+0000] {logging_mixin.py:190} INFO - Dag name:print_hello3 queued_at:2025-04-06 09:45:36.037272+00:00
[2025-04-06T09:45:38.746+0000] {logging_mixin.py:190} INFO - Task hostname:5991717e768c operator:PythonOperator
[2025-04-06T09:45:38.762+0000] {local_task_job_runner.py:266} INFO - Task exited with return code 0
[2025-04-06T09:45:38.794+0000] {taskinstance.py:3901} INFO - 1 downstream tasks scheduled from follow-on schedule check
[2025-04-06T09:45:38.800+0000] {local_task_job_runner.py:245} INFO - ::endgroup::
