[2025-04-06T06:03:23.357+0000] {local_task_job_runner.py:123} INFO - ::group::Pre task execution logs
[2025-04-06T06:03:23.416+0000] {taskinstance.py:2614} INFO - Dependencies all met for dep_context=non-requeueable deps ti=<TaskInstance: print_hello.save_to_csv_task scheduled__2025-04-05T00:38:00+00:00 [queued]>
[2025-04-06T06:03:23.450+0000] {taskinstance.py:2614} INFO - Dependencies all met for dep_context=requeueable deps ti=<TaskInstance: print_hello.save_to_csv_task scheduled__2025-04-05T00:38:00+00:00 [queued]>
[2025-04-06T06:03:23.451+0000] {taskinstance.py:2867} INFO - Starting attempt 1 of 2
[2025-04-06T06:03:23.838+0000] {taskinstance.py:2890} INFO - Executing <Task(PythonOperator): save_to_csv_task> on 2025-04-05 00:38:00+00:00
[2025-04-06T06:03:23.859+0000] {warnings.py:112} WARNING - /home/***/.local/lib/python3.12/site-packages/***/task/task_runner/standard_task_runner.py:70: DeprecationWarning: This process (pid=437) is multi-threaded, use of fork() may lead to deadlocks in the child.
  pid = os.fork()

[2025-04-06T06:03:23.863+0000] {standard_task_runner.py:104} INFO - Running: ['***', 'tasks', 'run', 'print_hello', 'save_to_csv_task', 'scheduled__2025-04-05T00:38:00+00:00', '--job-id', '101', '--raw', '--subdir', 'DAGS_FOLDER/print_hello.py', '--cfg-path', '/tmp/tmpbqj5qdf8']
[2025-04-06T06:03:23.865+0000] {standard_task_runner.py:105} INFO - Job 101: Subtask save_to_csv_task
[2025-04-06T06:03:23.865+0000] {standard_task_runner.py:72} INFO - Started process 491 to run task
[2025-04-06T06:03:23.971+0000] {task_command.py:467} INFO - Running <TaskInstance: print_hello.save_to_csv_task scheduled__2025-04-05T00:38:00+00:00 [running]> on host 5991717e768c
[2025-04-06T06:03:24.162+0000] {taskinstance.py:3134} INFO - Exporting env vars: AIRFLOW_CTX_DAG_OWNER='Esayed' AIRFLOW_CTX_DAG_ID='print_hello' AIRFLOW_CTX_TASK_ID='save_to_csv_task' AIRFLOW_CTX_EXECUTION_DATE='2025-04-05T00:38:00+00:00' AIRFLOW_CTX_TRY_NUMBER='1' AIRFLOW_CTX_DAG_RUN_ID='scheduled__2025-04-05T00:38:00+00:00'
[2025-04-06T06:03:24.166+0000] {logging_mixin.py:190} INFO - Task instance is in running state
[2025-04-06T06:03:24.168+0000] {logging_mixin.py:190} INFO -  Previous state of the Task instance: queued
[2025-04-06T06:03:24.170+0000] {logging_mixin.py:190} INFO - Current task name:save_to_csv_task state:running start_date:2025-04-06 06:03:23.418160+00:00
[2025-04-06T06:03:24.171+0000] {logging_mixin.py:190} INFO - Dag name:print_hello and current dag run status:running
[2025-04-06T06:03:24.172+0000] {taskinstance.py:732} INFO - ::endgroup::
[2025-04-06T06:03:24.188+0000] {python.py:240} INFO - Done. Returned value was: None
[2025-04-06T06:03:24.207+0000] {taskinstance.py:341} INFO - ::group::Post task execution logs
[2025-04-06T06:03:24.208+0000] {taskinstance.py:353} INFO - Marking task as SUCCESS. dag_id=print_hello, task_id=save_to_csv_task, run_id=scheduled__2025-04-05T00:38:00+00:00, execution_date=20250405T003800, start_date=20250406T060323, end_date=20250406T060324
[2025-04-06T06:03:24.286+0000] {logging_mixin.py:190} INFO - Task instance in success state
[2025-04-06T06:03:24.287+0000] {logging_mixin.py:190} INFO -  Previous state of the Task instance: running
[2025-04-06T06:03:24.289+0000] {logging_mixin.py:190} INFO - Dag name:print_hello queued_at:2025-04-06 06:03:12.730101+00:00
[2025-04-06T06:03:24.290+0000] {logging_mixin.py:190} INFO - Task hostname:5991717e768c operator:PythonOperator
[2025-04-06T06:03:24.347+0000] {local_task_job_runner.py:266} INFO - Task exited with return code 0
[2025-04-06T06:03:24.391+0000] {taskinstance.py:3901} INFO - 0 downstream tasks scheduled from follow-on schedule check
[2025-04-06T06:03:24.399+0000] {local_task_job_runner.py:245} INFO - ::endgroup::
[2025-04-06T06:15:39.864+0000] {local_task_job_runner.py:123} INFO - ::group::Pre task execution logs
[2025-04-06T06:15:39.918+0000] {taskinstance.py:2614} INFO - Dependencies all met for dep_context=non-requeueable deps ti=<TaskInstance: print_hello.save_to_csv_task scheduled__2025-04-05T00:38:00+00:00 [queued]>
[2025-04-06T06:15:39.960+0000] {taskinstance.py:2614} INFO - Dependencies all met for dep_context=requeueable deps ti=<TaskInstance: print_hello.save_to_csv_task scheduled__2025-04-05T00:38:00+00:00 [queued]>
[2025-04-06T06:15:39.965+0000] {taskinstance.py:2867} INFO - Starting attempt 1 of 2
[2025-04-06T06:15:40.618+0000] {taskinstance.py:2890} INFO - Executing <Task(PythonOperator): save_to_csv_task> on 2025-04-05 00:38:00+00:00
[2025-04-06T06:15:40.646+0000] {warnings.py:112} WARNING - /home/***/.local/lib/python3.12/site-packages/***/task/task_runner/standard_task_runner.py:70: DeprecationWarning: This process (pid=1202) is multi-threaded, use of fork() may lead to deadlocks in the child.
  pid = os.fork()

[2025-04-06T06:15:40.654+0000] {standard_task_runner.py:72} INFO - Started process 1250 to run task
[2025-04-06T06:15:40.658+0000] {standard_task_runner.py:104} INFO - Running: ['***', 'tasks', 'run', 'print_hello', 'save_to_csv_task', 'scheduled__2025-04-05T00:38:00+00:00', '--job-id', '250', '--raw', '--subdir', 'DAGS_FOLDER/print_hello.py', '--cfg-path', '/tmp/tmpq3gz6_pw']
[2025-04-06T06:15:40.661+0000] {standard_task_runner.py:105} INFO - Job 250: Subtask save_to_csv_task
[2025-04-06T06:15:40.802+0000] {task_command.py:467} INFO - Running <TaskInstance: print_hello.save_to_csv_task scheduled__2025-04-05T00:38:00+00:00 [running]> on host 5991717e768c
[2025-04-06T06:15:41.038+0000] {taskinstance.py:3134} INFO - Exporting env vars: AIRFLOW_CTX_DAG_OWNER='Esayed' AIRFLOW_CTX_DAG_ID='print_hello' AIRFLOW_CTX_TASK_ID='save_to_csv_task' AIRFLOW_CTX_EXECUTION_DATE='2025-04-05T00:38:00+00:00' AIRFLOW_CTX_TRY_NUMBER='1' AIRFLOW_CTX_DAG_RUN_ID='scheduled__2025-04-05T00:38:00+00:00'
[2025-04-06T06:15:41.044+0000] {logging_mixin.py:190} INFO - Task instance is in running state
[2025-04-06T06:15:41.045+0000] {logging_mixin.py:190} INFO -  Previous state of the Task instance: queued
[2025-04-06T06:15:41.047+0000] {logging_mixin.py:190} INFO - Current task name:save_to_csv_task state:running start_date:2025-04-06 06:15:39.920182+00:00
[2025-04-06T06:15:41.048+0000] {logging_mixin.py:190} INFO - Dag name:print_hello and current dag run status:running
[2025-04-06T06:15:41.050+0000] {taskinstance.py:732} INFO - ::endgroup::
[2025-04-06T06:15:41.069+0000] {python.py:240} INFO - Done. Returned value was: None
[2025-04-06T06:15:41.090+0000] {taskinstance.py:341} INFO - ::group::Post task execution logs
[2025-04-06T06:15:41.092+0000] {taskinstance.py:353} INFO - Marking task as SUCCESS. dag_id=print_hello, task_id=save_to_csv_task, run_id=scheduled__2025-04-05T00:38:00+00:00, execution_date=20250405T003800, start_date=20250406T061539, end_date=20250406T061541
[2025-04-06T06:15:41.175+0000] {logging_mixin.py:190} INFO - Task instance in success state
[2025-04-06T06:15:41.177+0000] {logging_mixin.py:190} INFO -  Previous state of the Task instance: running
[2025-04-06T06:15:41.179+0000] {logging_mixin.py:190} INFO - Dag name:print_hello queued_at:2025-04-06 06:15:27.107427+00:00
[2025-04-06T06:15:41.180+0000] {logging_mixin.py:190} INFO - Task hostname:5991717e768c operator:PythonOperator
[2025-04-06T06:15:41.245+0000] {local_task_job_runner.py:266} INFO - Task exited with return code 0
[2025-04-06T06:15:41.285+0000] {taskinstance.py:3901} INFO - 0 downstream tasks scheduled from follow-on schedule check
[2025-04-06T06:15:41.297+0000] {local_task_job_runner.py:245} INFO - ::endgroup::
