[2025-04-06T06:03:25.341+0000] {local_task_job_runner.py:123} INFO - ::group::Pre task execution logs
[2025-04-06T06:03:25.384+0000] {taskinstance.py:2614} INFO - Dependencies all met for dep_context=non-requeueable deps ti=<TaskInstance: print_hello.save_to_csv_task scheduled__2025-04-05T00:42:00+00:00 [queued]>
[2025-04-06T06:03:25.406+0000] {taskinstance.py:2614} INFO - Dependencies all met for dep_context=requeueable deps ti=<TaskInstance: print_hello.save_to_csv_task scheduled__2025-04-05T00:42:00+00:00 [queued]>
[2025-04-06T06:03:25.407+0000] {taskinstance.py:2867} INFO - Starting attempt 1 of 2
[2025-04-06T06:03:25.748+0000] {taskinstance.py:2890} INFO - Executing <Task(PythonOperator): save_to_csv_task> on 2025-04-05 00:42:00+00:00
[2025-04-06T06:03:25.761+0000] {warnings.py:112} WARNING - /home/***/.local/lib/python3.12/site-packages/***/task/task_runner/standard_task_runner.py:70: DeprecationWarning: This process (pid=466) is multi-threaded, use of fork() may lead to deadlocks in the child.
  pid = os.fork()

[2025-04-06T06:03:25.764+0000] {standard_task_runner.py:72} INFO - Started process 500 to run task
[2025-04-06T06:03:25.764+0000] {standard_task_runner.py:104} INFO - Running: ['***', 'tasks', 'run', 'print_hello', 'save_to_csv_task', 'scheduled__2025-04-05T00:42:00+00:00', '--job-id', '106', '--raw', '--subdir', 'DAGS_FOLDER/print_hello.py', '--cfg-path', '/tmp/tmp82i5k3zs']
[2025-04-06T06:03:25.766+0000] {standard_task_runner.py:105} INFO - Job 106: Subtask save_to_csv_task
[2025-04-06T06:03:25.841+0000] {task_command.py:467} INFO - Running <TaskInstance: print_hello.save_to_csv_task scheduled__2025-04-05T00:42:00+00:00 [running]> on host 5991717e768c
[2025-04-06T06:03:25.989+0000] {taskinstance.py:3134} INFO - Exporting env vars: AIRFLOW_CTX_DAG_OWNER='Esayed' AIRFLOW_CTX_DAG_ID='print_hello' AIRFLOW_CTX_TASK_ID='save_to_csv_task' AIRFLOW_CTX_EXECUTION_DATE='2025-04-05T00:42:00+00:00' AIRFLOW_CTX_TRY_NUMBER='1' AIRFLOW_CTX_DAG_RUN_ID='scheduled__2025-04-05T00:42:00+00:00'
[2025-04-06T06:03:25.990+0000] {logging_mixin.py:190} INFO - Task instance is in running state
[2025-04-06T06:03:25.991+0000] {logging_mixin.py:190} INFO -  Previous state of the Task instance: queued
[2025-04-06T06:03:25.992+0000] {logging_mixin.py:190} INFO - Current task name:save_to_csv_task state:running start_date:2025-04-06 06:03:25.385583+00:00
[2025-04-06T06:03:25.993+0000] {logging_mixin.py:190} INFO - Dag name:print_hello and current dag run status:running
[2025-04-06T06:03:25.994+0000] {taskinstance.py:732} INFO - ::endgroup::
[2025-04-06T06:03:26.005+0000] {python.py:240} INFO - Done. Returned value was: None
[2025-04-06T06:03:26.024+0000] {taskinstance.py:341} INFO - ::group::Post task execution logs
[2025-04-06T06:03:26.025+0000] {taskinstance.py:353} INFO - Marking task as SUCCESS. dag_id=print_hello, task_id=save_to_csv_task, run_id=scheduled__2025-04-05T00:42:00+00:00, execution_date=20250405T004200, start_date=20250406T060325, end_date=20250406T060326
[2025-04-06T06:03:26.071+0000] {logging_mixin.py:190} INFO - Task instance in success state
[2025-04-06T06:03:26.072+0000] {logging_mixin.py:190} INFO -  Previous state of the Task instance: running
[2025-04-06T06:03:26.073+0000] {logging_mixin.py:190} INFO - Dag name:print_hello queued_at:2025-04-06 06:03:13.787324+00:00
[2025-04-06T06:03:26.075+0000] {logging_mixin.py:190} INFO - Task hostname:5991717e768c operator:PythonOperator
[2025-04-06T06:03:26.142+0000] {local_task_job_runner.py:266} INFO - Task exited with return code 0
[2025-04-06T06:03:26.158+0000] {local_task_job_runner.py:245} INFO - ::endgroup::
[2025-04-06T06:15:39.864+0000] {local_task_job_runner.py:123} INFO - ::group::Pre task execution logs
[2025-04-06T06:15:39.920+0000] {taskinstance.py:2614} INFO - Dependencies all met for dep_context=non-requeueable deps ti=<TaskInstance: print_hello.save_to_csv_task scheduled__2025-04-05T00:42:00+00:00 [queued]>
[2025-04-06T06:15:39.958+0000] {taskinstance.py:2614} INFO - Dependencies all met for dep_context=requeueable deps ti=<TaskInstance: print_hello.save_to_csv_task scheduled__2025-04-05T00:42:00+00:00 [queued]>
[2025-04-06T06:15:39.959+0000] {taskinstance.py:2867} INFO - Starting attempt 1 of 2
[2025-04-06T06:15:40.562+0000] {taskinstance.py:2890} INFO - Executing <Task(PythonOperator): save_to_csv_task> on 2025-04-05 00:42:00+00:00
[2025-04-06T06:15:40.587+0000] {warnings.py:112} WARNING - /home/***/.local/lib/python3.12/site-packages/***/task/task_runner/standard_task_runner.py:70: DeprecationWarning: This process (pid=1203) is multi-threaded, use of fork() may lead to deadlocks in the child.
  pid = os.fork()

[2025-04-06T06:15:40.593+0000] {standard_task_runner.py:72} INFO - Started process 1246 to run task
[2025-04-06T06:15:40.600+0000] {standard_task_runner.py:104} INFO - Running: ['***', 'tasks', 'run', 'print_hello', 'save_to_csv_task', 'scheduled__2025-04-05T00:42:00+00:00', '--job-id', '251', '--raw', '--subdir', 'DAGS_FOLDER/print_hello.py', '--cfg-path', '/tmp/tmpynaxe5wh']
[2025-04-06T06:15:40.604+0000] {standard_task_runner.py:105} INFO - Job 251: Subtask save_to_csv_task
[2025-04-06T06:15:40.771+0000] {task_command.py:467} INFO - Running <TaskInstance: print_hello.save_to_csv_task scheduled__2025-04-05T00:42:00+00:00 [running]> on host 5991717e768c
[2025-04-06T06:15:41.011+0000] {taskinstance.py:3134} INFO - Exporting env vars: AIRFLOW_CTX_DAG_OWNER='Esayed' AIRFLOW_CTX_DAG_ID='print_hello' AIRFLOW_CTX_TASK_ID='save_to_csv_task' AIRFLOW_CTX_EXECUTION_DATE='2025-04-05T00:42:00+00:00' AIRFLOW_CTX_TRY_NUMBER='1' AIRFLOW_CTX_DAG_RUN_ID='scheduled__2025-04-05T00:42:00+00:00'
[2025-04-06T06:15:41.019+0000] {logging_mixin.py:190} INFO - Task instance is in running state
[2025-04-06T06:15:41.021+0000] {logging_mixin.py:190} INFO -  Previous state of the Task instance: queued
[2025-04-06T06:15:41.023+0000] {logging_mixin.py:190} INFO - Current task name:save_to_csv_task state:running start_date:2025-04-06 06:15:39.925085+00:00
[2025-04-06T06:15:41.024+0000] {logging_mixin.py:190} INFO - Dag name:print_hello and current dag run status:running
[2025-04-06T06:15:41.026+0000] {taskinstance.py:732} INFO - ::endgroup::
[2025-04-06T06:15:41.045+0000] {python.py:240} INFO - Done. Returned value was: None
[2025-04-06T06:15:41.075+0000] {taskinstance.py:341} INFO - ::group::Post task execution logs
[2025-04-06T06:15:41.076+0000] {taskinstance.py:353} INFO - Marking task as SUCCESS. dag_id=print_hello, task_id=save_to_csv_task, run_id=scheduled__2025-04-05T00:42:00+00:00, execution_date=20250405T004200, start_date=20250406T061539, end_date=20250406T061541
[2025-04-06T06:15:41.160+0000] {logging_mixin.py:190} INFO - Task instance in success state
[2025-04-06T06:15:41.162+0000] {logging_mixin.py:190} INFO -  Previous state of the Task instance: running
[2025-04-06T06:15:41.163+0000] {logging_mixin.py:190} INFO - Dag name:print_hello queued_at:2025-04-06 06:15:28.010023+00:00
[2025-04-06T06:15:41.167+0000] {logging_mixin.py:190} INFO - Task hostname:5991717e768c operator:PythonOperator
[2025-04-06T06:15:41.264+0000] {local_task_job_runner.py:266} INFO - Task exited with return code 0
[2025-04-06T06:15:41.286+0000] {local_task_job_runner.py:245} INFO - ::endgroup::
