[2025-04-06T06:33:01.146+0000] {local_task_job_runner.py:123} INFO - ::group::Pre task execution logs
[2025-04-06T06:33:06.872+0000] {taskinstance.py:2614} INFO - Dependencies all met for dep_context=non-requeueable deps ti=<TaskInstance: print_hello2.print_hello_task scheduled__2025-04-05T00:15:00+00:00 [queued]>
[2025-04-06T06:33:06.901+0000] {taskinstance.py:2614} INFO - Dependencies all met for dep_context=requeueable deps ti=<TaskInstance: print_hello2.print_hello_task scheduled__2025-04-05T00:15:00+00:00 [queued]>
[2025-04-06T06:33:13.756+0000] {taskinstance.py:2867} INFO - Starting attempt 1 of 2
[2025-04-06T06:33:16.346+0000] {taskinstance.py:2890} INFO - Executing <Task(PythonOperator): print_hello_task> on 2025-04-05 00:15:00+00:00
[2025-04-06T06:33:16.422+0000] {standard_task_runner.py:104} INFO - Running: ['***', 'tasks', 'run', 'print_hello2', 'print_hello_task', 'scheduled__2025-04-05T00:15:00+00:00', '--job-id', '294', '--raw', '--subdir', 'DAGS_FOLDER/print_hello.py', '--cfg-path', '/tmp/tmpaumjj5a1']
[2025-04-06T06:33:16.430+0000] {standard_task_runner.py:105} INFO - Job 294: Subtask print_hello_task
[2025-04-06T06:33:16.419+0000] {warnings.py:112} WARNING - /home/***/.local/lib/python3.12/site-packages/***/task/task_runner/standard_task_runner.py:70: DeprecationWarning: This process (pid=1606) is multi-threaded, use of fork() may lead to deadlocks in the child.
  pid = os.fork()

[2025-04-06T06:33:16.435+0000] {standard_task_runner.py:72} INFO - Started process 1632 to run task
[2025-04-06T06:33:52.140+0000] {job.py:229} INFO - Heartbeat recovered after 83.18 seconds
[2025-04-06T06:33:53.332+0000] {task_command.py:467} INFO - Running <TaskInstance: print_hello2.print_hello_task scheduled__2025-04-05T00:15:00+00:00 [running]> on host 5991717e768c
[2025-04-06T06:33:53.665+0000] {taskinstance.py:3134} INFO - Exporting env vars: AIRFLOW_CTX_DAG_OWNER='Esayed' AIRFLOW_CTX_DAG_ID='print_hello2' AIRFLOW_CTX_TASK_ID='print_hello_task' AIRFLOW_CTX_EXECUTION_DATE='2025-04-05T00:15:00+00:00' AIRFLOW_CTX_TRY_NUMBER='1' AIRFLOW_CTX_DAG_RUN_ID='scheduled__2025-04-05T00:15:00+00:00'
[2025-04-06T06:33:53.671+0000] {logging_mixin.py:190} INFO - Task instance is in running state
[2025-04-06T06:33:53.681+0000] {logging_mixin.py:190} INFO -  Previous state of the Task instance: queued
[2025-04-06T06:33:53.683+0000] {logging_mixin.py:190} INFO - Current task name:print_hello_task state:running start_date:2025-04-06 06:33:06.875547+00:00
[2025-04-06T06:33:53.697+0000] {logging_mixin.py:190} INFO - Dag name:print_hello2 and current dag run status:running
[2025-04-06T06:33:53.699+0000] {taskinstance.py:732} INFO - ::endgroup::
[2025-04-06T06:33:53.704+0000] {logging_mixin.py:190} INFO - hello
[2025-04-06T06:33:53.710+0000] {python.py:240} INFO - Done. Returned value was: None
[2025-04-06T06:33:53.769+0000] {taskinstance.py:341} INFO - ::group::Post task execution logs
[2025-04-06T06:33:53.771+0000] {taskinstance.py:353} INFO - Marking task as SUCCESS. dag_id=print_hello2, task_id=print_hello_task, run_id=scheduled__2025-04-05T00:15:00+00:00, execution_date=20250405T001500, start_date=20250406T063306, end_date=20250406T063353
[2025-04-06T06:33:54.350+0000] {logging_mixin.py:190} INFO - Task instance in success state
[2025-04-06T06:33:54.357+0000] {logging_mixin.py:190} INFO -  Previous state of the Task instance: running
[2025-04-06T06:33:54.384+0000] {logging_mixin.py:190} INFO - Dag name:print_hello2 queued_at:2025-04-06 06:32:24.568136+00:00
[2025-04-06T06:33:54.387+0000] {logging_mixin.py:190} INFO - Task hostname:5991717e768c operator:PythonOperator
[2025-04-06T06:33:54.502+0000] {local_task_job_runner.py:266} INFO - Task exited with return code 0
[2025-04-06T06:33:54.601+0000] {taskinstance.py:3901} INFO - 1 downstream tasks scheduled from follow-on schedule check
[2025-04-06T06:33:54.643+0000] {local_task_job_runner.py:245} INFO - ::endgroup::
[2025-04-06T06:34:50.557+0000] {local_task_job_runner.py:123} INFO - ::group::Pre task execution logs
[2025-04-06T06:34:50.601+0000] {taskinstance.py:2614} INFO - Dependencies all met for dep_context=non-requeueable deps ti=<TaskInstance: print_hello2.print_hello_task scheduled__2025-04-05T00:15:00+00:00 [queued]>
[2025-04-06T06:34:50.627+0000] {taskinstance.py:2614} INFO - Dependencies all met for dep_context=requeueable deps ti=<TaskInstance: print_hello2.print_hello_task scheduled__2025-04-05T00:15:00+00:00 [queued]>
[2025-04-06T06:34:50.631+0000] {taskinstance.py:2867} INFO - Starting attempt 1 of 2
[2025-04-06T06:34:50.673+0000] {taskinstance.py:2890} INFO - Executing <Task(PythonOperator): print_hello_task> on 2025-04-05 00:15:00+00:00
[2025-04-06T06:34:50.690+0000] {warnings.py:112} WARNING - /home/***/.local/lib/python3.12/site-packages/***/task/task_runner/standard_task_runner.py:70: DeprecationWarning: This process (pid=1728) is multi-threaded, use of fork() may lead to deadlocks in the child.
  pid = os.fork()

[2025-04-06T06:34:50.693+0000] {standard_task_runner.py:104} INFO - Running: ['***', 'tasks', 'run', 'print_hello2', 'print_hello_task', 'scheduled__2025-04-05T00:15:00+00:00', '--job-id', '319', '--raw', '--subdir', 'DAGS_FOLDER/print_hello.py', '--cfg-path', '/tmp/tmp_o15miuz']
[2025-04-06T06:34:50.697+0000] {standard_task_runner.py:72} INFO - Started process 1755 to run task
[2025-04-06T06:34:50.696+0000] {standard_task_runner.py:105} INFO - Job 319: Subtask print_hello_task
[2025-04-06T06:34:51.444+0000] {task_command.py:467} INFO - Running <TaskInstance: print_hello2.print_hello_task scheduled__2025-04-05T00:15:00+00:00 [running]> on host 5991717e768c
[2025-04-06T06:34:51.737+0000] {taskinstance.py:3134} INFO - Exporting env vars: AIRFLOW_CTX_DAG_OWNER='Esayed' AIRFLOW_CTX_DAG_ID='print_hello2' AIRFLOW_CTX_TASK_ID='print_hello_task' AIRFLOW_CTX_EXECUTION_DATE='2025-04-05T00:15:00+00:00' AIRFLOW_CTX_TRY_NUMBER='1' AIRFLOW_CTX_DAG_RUN_ID='scheduled__2025-04-05T00:15:00+00:00'
[2025-04-06T06:34:51.740+0000] {logging_mixin.py:190} INFO - Task instance is in running state
[2025-04-06T06:34:51.741+0000] {logging_mixin.py:190} INFO -  Previous state of the Task instance: queued
[2025-04-06T06:34:51.743+0000] {logging_mixin.py:190} INFO - Current task name:print_hello_task state:running start_date:2025-04-06 06:34:50.604432+00:00
[2025-04-06T06:34:51.744+0000] {logging_mixin.py:190} INFO - Dag name:print_hello2 and current dag run status:running
[2025-04-06T06:34:51.746+0000] {taskinstance.py:732} INFO - ::endgroup::
[2025-04-06T06:34:51.749+0000] {logging_mixin.py:190} INFO - hello
[2025-04-06T06:34:51.751+0000] {python.py:240} INFO - Done. Returned value was: None
[2025-04-06T06:34:51.778+0000] {taskinstance.py:341} INFO - ::group::Post task execution logs
[2025-04-06T06:34:51.780+0000] {taskinstance.py:353} INFO - Marking task as SUCCESS. dag_id=print_hello2, task_id=print_hello_task, run_id=scheduled__2025-04-05T00:15:00+00:00, execution_date=20250405T001500, start_date=20250406T063450, end_date=20250406T063451
[2025-04-06T06:34:51.885+0000] {logging_mixin.py:190} INFO - Task instance in success state
[2025-04-06T06:34:51.895+0000] {logging_mixin.py:190} INFO -  Previous state of the Task instance: running
[2025-04-06T06:34:51.903+0000] {logging_mixin.py:190} INFO - Dag name:print_hello2 queued_at:2025-04-06 06:34:46.878605+00:00
[2025-04-06T06:34:51.906+0000] {logging_mixin.py:190} INFO - Task hostname:5991717e768c operator:PythonOperator
[2025-04-06T06:34:51.969+0000] {local_task_job_runner.py:266} INFO - Task exited with return code 0
[2025-04-06T06:34:52.524+0000] {taskinstance.py:3901} INFO - 0 downstream tasks scheduled from follow-on schedule check
[2025-04-06T06:34:52.538+0000] {local_task_job_runner.py:245} INFO - ::endgroup::
[2025-04-06T06:36:26.555+0000] {local_task_job_runner.py:123} INFO - ::group::Pre task execution logs
[2025-04-06T06:36:26.603+0000] {taskinstance.py:2614} INFO - Dependencies all met for dep_context=non-requeueable deps ti=<TaskInstance: print_hello2.print_hello_task scheduled__2025-04-05T00:15:00+00:00 [queued]>
[2025-04-06T06:36:26.634+0000] {taskinstance.py:2614} INFO - Dependencies all met for dep_context=requeueable deps ti=<TaskInstance: print_hello2.print_hello_task scheduled__2025-04-05T00:15:00+00:00 [queued]>
[2025-04-06T06:36:26.640+0000] {taskinstance.py:2867} INFO - Starting attempt 1 of 2
[2025-04-06T06:36:26.715+0000] {taskinstance.py:2890} INFO - Executing <Task(PythonOperator): print_hello_task> on 2025-04-05 00:15:00+00:00
[2025-04-06T06:36:26.753+0000] {warnings.py:112} WARNING - /home/***/.local/lib/python3.12/site-packages/***/task/task_runner/standard_task_runner.py:70: DeprecationWarning: This process (pid=2025) is multi-threaded, use of fork() may lead to deadlocks in the child.
  pid = os.fork()

[2025-04-06T06:36:26.757+0000] {standard_task_runner.py:72} INFO - Started process 2054 to run task
[2025-04-06T06:36:26.760+0000] {standard_task_runner.py:104} INFO - Running: ['***', 'tasks', 'run', 'print_hello2', 'print_hello_task', 'scheduled__2025-04-05T00:15:00+00:00', '--job-id', '388', '--raw', '--subdir', 'DAGS_FOLDER/print_hello.py', '--cfg-path', '/tmp/tmp9kczmc61']
[2025-04-06T06:36:26.763+0000] {standard_task_runner.py:105} INFO - Job 388: Subtask print_hello_task
[2025-04-06T06:36:27.792+0000] {task_command.py:467} INFO - Running <TaskInstance: print_hello2.print_hello_task scheduled__2025-04-05T00:15:00+00:00 [running]> on host 5991717e768c
[2025-04-06T06:36:28.172+0000] {taskinstance.py:3134} INFO - Exporting env vars: AIRFLOW_CTX_DAG_OWNER='Esayed' AIRFLOW_CTX_DAG_ID='print_hello2' AIRFLOW_CTX_TASK_ID='print_hello_task' AIRFLOW_CTX_EXECUTION_DATE='2025-04-05T00:15:00+00:00' AIRFLOW_CTX_TRY_NUMBER='1' AIRFLOW_CTX_DAG_RUN_ID='scheduled__2025-04-05T00:15:00+00:00'
[2025-04-06T06:36:28.178+0000] {logging_mixin.py:190} INFO - Task instance is in running state
[2025-04-06T06:36:28.179+0000] {logging_mixin.py:190} INFO -  Previous state of the Task instance: queued
[2025-04-06T06:36:28.180+0000] {logging_mixin.py:190} INFO - Current task name:print_hello_task state:running start_date:2025-04-06 06:36:26.606966+00:00
[2025-04-06T06:36:28.182+0000] {logging_mixin.py:190} INFO - Dag name:print_hello2 and current dag run status:running
[2025-04-06T06:36:28.195+0000] {taskinstance.py:732} INFO - ::endgroup::
[2025-04-06T06:36:28.197+0000] {logging_mixin.py:190} INFO - hello
[2025-04-06T06:36:28.207+0000] {python.py:240} INFO - Done. Returned value was: None
[2025-04-06T06:36:28.245+0000] {taskinstance.py:341} INFO - ::group::Post task execution logs
[2025-04-06T06:36:28.248+0000] {taskinstance.py:353} INFO - Marking task as SUCCESS. dag_id=print_hello2, task_id=print_hello_task, run_id=scheduled__2025-04-05T00:15:00+00:00, execution_date=20250405T001500, start_date=20250406T063626, end_date=20250406T063628
[2025-04-06T06:36:28.368+0000] {logging_mixin.py:190} INFO - Task instance in success state
[2025-04-06T06:36:28.369+0000] {logging_mixin.py:190} INFO -  Previous state of the Task instance: running
[2025-04-06T06:36:28.372+0000] {logging_mixin.py:190} INFO - Dag name:print_hello2 queued_at:2025-04-06 06:36:22.326638+00:00
[2025-04-06T06:36:28.373+0000] {logging_mixin.py:190} INFO - Task hostname:5991717e768c operator:PythonOperator
[2025-04-06T06:36:28.446+0000] {local_task_job_runner.py:266} INFO - Task exited with return code 0
[2025-04-06T06:36:28.912+0000] {local_task_job_runner.py:245} INFO - ::endgroup::
