[2025-04-06T06:35:02.876+0000] {local_task_job_runner.py:123} INFO - ::group::Pre task execution logs
[2025-04-06T06:35:02.906+0000] {taskinstance.py:2614} INFO - Dependencies all met for dep_context=non-requeueable deps ti=<TaskInstance: print_hello2.save_to_csv_task scheduled__2025-04-05T00:55:00+00:00 [queued]>
[2025-04-06T06:35:02.924+0000] {taskinstance.py:2614} INFO - Dependencies all met for dep_context=requeueable deps ti=<TaskInstance: print_hello2.save_to_csv_task scheduled__2025-04-05T00:55:00+00:00 [queued]>
[2025-04-06T06:35:02.925+0000] {taskinstance.py:2867} INFO - Starting attempt 1 of 2
[2025-04-06T06:35:03.156+0000] {taskinstance.py:2890} INFO - Executing <Task(PythonOperator): save_to_csv_task> on 2025-04-05 00:55:00+00:00
[2025-04-06T06:35:03.166+0000] {warnings.py:112} WARNING - /home/***/.local/lib/python3.12/site-packages/***/task/task_runner/standard_task_runner.py:70: DeprecationWarning: This process (pid=1815) is multi-threaded, use of fork() may lead to deadlocks in the child.
  pid = os.fork()

[2025-04-06T06:35:03.168+0000] {standard_task_runner.py:72} INFO - Started process 1844 to run task
[2025-04-06T06:35:03.168+0000] {standard_task_runner.py:104} INFO - Running: ['***', 'tasks', 'run', 'print_hello2', 'save_to_csv_task', 'scheduled__2025-04-05T00:55:00+00:00', '--job-id', '345', '--raw', '--subdir', 'DAGS_FOLDER/print_hello.py', '--cfg-path', '/tmp/tmpvdep9okg']
[2025-04-06T06:35:03.169+0000] {standard_task_runner.py:105} INFO - Job 345: Subtask save_to_csv_task
[2025-04-06T06:35:03.228+0000] {task_command.py:467} INFO - Running <TaskInstance: print_hello2.save_to_csv_task scheduled__2025-04-05T00:55:00+00:00 [running]> on host 5991717e768c
[2025-04-06T06:35:03.332+0000] {taskinstance.py:3134} INFO - Exporting env vars: AIRFLOW_CTX_DAG_OWNER='Esayed' AIRFLOW_CTX_DAG_ID='print_hello2' AIRFLOW_CTX_TASK_ID='save_to_csv_task' AIRFLOW_CTX_EXECUTION_DATE='2025-04-05T00:55:00+00:00' AIRFLOW_CTX_TRY_NUMBER='1' AIRFLOW_CTX_DAG_RUN_ID='scheduled__2025-04-05T00:55:00+00:00'
[2025-04-06T06:35:03.333+0000] {logging_mixin.py:190} INFO - Task instance is in running state
[2025-04-06T06:35:03.334+0000] {logging_mixin.py:190} INFO -  Previous state of the Task instance: queued
[2025-04-06T06:35:03.335+0000] {logging_mixin.py:190} INFO - Current task name:save_to_csv_task state:running start_date:2025-04-06 06:35:02.907367+00:00
[2025-04-06T06:35:03.336+0000] {logging_mixin.py:190} INFO - Dag name:print_hello2 and current dag run status:running
[2025-04-06T06:35:03.336+0000] {taskinstance.py:732} INFO - ::endgroup::
[2025-04-06T06:35:03.344+0000] {python.py:240} INFO - Done. Returned value was: None
[2025-04-06T06:35:03.356+0000] {taskinstance.py:341} INFO - ::group::Post task execution logs
[2025-04-06T06:35:03.357+0000] {taskinstance.py:353} INFO - Marking task as SUCCESS. dag_id=print_hello2, task_id=save_to_csv_task, run_id=scheduled__2025-04-05T00:55:00+00:00, execution_date=20250405T005500, start_date=20250406T063502, end_date=20250406T063503
[2025-04-06T06:35:03.387+0000] {logging_mixin.py:190} INFO - Task instance in success state
[2025-04-06T06:35:03.388+0000] {logging_mixin.py:190} INFO -  Previous state of the Task instance: running
[2025-04-06T06:35:03.388+0000] {logging_mixin.py:190} INFO - Dag name:print_hello2 queued_at:2025-04-06 06:34:49.278552+00:00
[2025-04-06T06:35:03.389+0000] {logging_mixin.py:190} INFO - Task hostname:5991717e768c operator:PythonOperator
[2025-04-06T06:35:03.423+0000] {local_task_job_runner.py:266} INFO - Task exited with return code 0
[2025-04-06T06:35:03.442+0000] {taskinstance.py:3901} INFO - 0 downstream tasks scheduled from follow-on schedule check
[2025-04-06T06:35:03.445+0000] {local_task_job_runner.py:245} INFO - ::endgroup::
[2025-04-06T06:36:36.918+0000] {local_task_job_runner.py:123} INFO - ::group::Pre task execution logs
[2025-04-06T06:36:36.951+0000] {taskinstance.py:2614} INFO - Dependencies all met for dep_context=non-requeueable deps ti=<TaskInstance: print_hello2.save_to_csv_task scheduled__2025-04-05T00:55:00+00:00 [queued]>
[2025-04-06T06:36:36.969+0000] {taskinstance.py:2614} INFO - Dependencies all met for dep_context=requeueable deps ti=<TaskInstance: print_hello2.save_to_csv_task scheduled__2025-04-05T00:55:00+00:00 [queued]>
[2025-04-06T06:36:36.970+0000] {taskinstance.py:2867} INFO - Starting attempt 1 of 2
[2025-04-06T06:36:37.179+0000] {taskinstance.py:2890} INFO - Executing <Task(PythonOperator): save_to_csv_task> on 2025-04-05 00:55:00+00:00
[2025-04-06T06:36:37.189+0000] {warnings.py:112} WARNING - /home/***/.local/lib/python3.12/site-packages/***/task/task_runner/standard_task_runner.py:70: DeprecationWarning: This process (pid=2103) is multi-threaded, use of fork() may lead to deadlocks in the child.
  pid = os.fork()

[2025-04-06T06:36:37.191+0000] {standard_task_runner.py:72} INFO - Started process 2129 to run task
[2025-04-06T06:36:37.191+0000] {standard_task_runner.py:104} INFO - Running: ['***', 'tasks', 'run', 'print_hello2', 'save_to_csv_task', 'scheduled__2025-04-05T00:55:00+00:00', '--job-id', '412', '--raw', '--subdir', 'DAGS_FOLDER/print_hello.py', '--cfg-path', '/tmp/tmp0ze_649d']
[2025-04-06T06:36:37.192+0000] {standard_task_runner.py:105} INFO - Job 412: Subtask save_to_csv_task
[2025-04-06T06:36:37.248+0000] {task_command.py:467} INFO - Running <TaskInstance: print_hello2.save_to_csv_task scheduled__2025-04-05T00:55:00+00:00 [running]> on host 5991717e768c
[2025-04-06T06:36:37.339+0000] {taskinstance.py:3134} INFO - Exporting env vars: AIRFLOW_CTX_DAG_OWNER='Esayed' AIRFLOW_CTX_DAG_ID='print_hello2' AIRFLOW_CTX_TASK_ID='save_to_csv_task' AIRFLOW_CTX_EXECUTION_DATE='2025-04-05T00:55:00+00:00' AIRFLOW_CTX_TRY_NUMBER='1' AIRFLOW_CTX_DAG_RUN_ID='scheduled__2025-04-05T00:55:00+00:00'
[2025-04-06T06:36:37.341+0000] {logging_mixin.py:190} INFO - Task instance is in running state
[2025-04-06T06:36:37.342+0000] {logging_mixin.py:190} INFO -  Previous state of the Task instance: queued
[2025-04-06T06:36:37.342+0000] {logging_mixin.py:190} INFO - Current task name:save_to_csv_task state:running start_date:2025-04-06 06:36:36.952703+00:00
[2025-04-06T06:36:37.343+0000] {logging_mixin.py:190} INFO - Dag name:print_hello2 and current dag run status:running
[2025-04-06T06:36:37.344+0000] {taskinstance.py:732} INFO - ::endgroup::
[2025-04-06T06:36:37.352+0000] {python.py:240} INFO - Done. Returned value was: None
[2025-04-06T06:36:37.363+0000] {taskinstance.py:341} INFO - ::group::Post task execution logs
[2025-04-06T06:36:37.364+0000] {taskinstance.py:353} INFO - Marking task as SUCCESS. dag_id=print_hello2, task_id=save_to_csv_task, run_id=scheduled__2025-04-05T00:55:00+00:00, execution_date=20250405T005500, start_date=20250406T063636, end_date=20250406T063637
[2025-04-06T06:36:37.397+0000] {logging_mixin.py:190} INFO - Task instance in success state
[2025-04-06T06:36:37.398+0000] {logging_mixin.py:190} INFO -  Previous state of the Task instance: running
[2025-04-06T06:36:37.398+0000] {logging_mixin.py:190} INFO - Dag name:print_hello2 queued_at:2025-04-06 06:36:24.457018+00:00
[2025-04-06T06:36:37.399+0000] {logging_mixin.py:190} INFO - Task hostname:5991717e768c operator:PythonOperator
[2025-04-06T06:36:37.447+0000] {local_task_job_runner.py:266} INFO - Task exited with return code 0
[2025-04-06T06:36:37.468+0000] {taskinstance.py:3901} INFO - 0 downstream tasks scheduled from follow-on schedule check
[2025-04-06T06:36:37.472+0000] {local_task_job_runner.py:245} INFO - ::endgroup::
