[2025-04-06T06:02:48.459+0000] {local_task_job_runner.py:123} INFO - ::group::Pre task execution logs
[2025-04-06T06:02:48.505+0000] {taskinstance.py:2614} INFO - Dependencies all met for dep_context=non-requeueable deps ti=<TaskInstance: print_hello.save_to_csv_task scheduled__2025-04-05T00:03:00+00:00 [queued]>
[2025-04-06T06:02:48.535+0000] {taskinstance.py:2614} INFO - Dependencies all met for dep_context=requeueable deps ti=<TaskInstance: print_hello.save_to_csv_task scheduled__2025-04-05T00:03:00+00:00 [queued]>
[2025-04-06T06:02:48.537+0000] {taskinstance.py:2867} INFO - Starting attempt 1 of 2
[2025-04-06T06:02:48.997+0000] {taskinstance.py:2890} INFO - Executing <Task(PythonOperator): save_to_csv_task> on 2025-04-05 00:03:00+00:00
[2025-04-06T06:02:49.032+0000] {standard_task_runner.py:104} INFO - Running: ['***', 'tasks', 'run', 'print_hello', 'save_to_csv_task', 'scheduled__2025-04-05T00:03:00+00:00', '--job-id', '38', '--raw', '--subdir', 'DAGS_FOLDER/print_hello.py', '--cfg-path', '/tmp/tmpwmo5nte9']
[2025-04-06T06:02:49.037+0000] {standard_task_runner.py:105} INFO - Job 38: Subtask save_to_csv_task
[2025-04-06T06:02:49.026+0000] {warnings.py:112} WARNING - /home/***/.local/lib/python3.12/site-packages/***/task/task_runner/standard_task_runner.py:70: DeprecationWarning: This process (pid=179) is multi-threaded, use of fork() may lead to deadlocks in the child.
  pid = os.fork()

[2025-04-06T06:02:49.041+0000] {standard_task_runner.py:72} INFO - Started process 224 to run task
[2025-04-06T06:02:49.159+0000] {task_command.py:467} INFO - Running <TaskInstance: print_hello.save_to_csv_task scheduled__2025-04-05T00:03:00+00:00 [running]> on host 5991717e768c
[2025-04-06T06:02:49.391+0000] {taskinstance.py:3134} INFO - Exporting env vars: AIRFLOW_CTX_DAG_OWNER='Esayed' AIRFLOW_CTX_DAG_ID='print_hello' AIRFLOW_CTX_TASK_ID='save_to_csv_task' AIRFLOW_CTX_EXECUTION_DATE='2025-04-05T00:03:00+00:00' AIRFLOW_CTX_TRY_NUMBER='1' AIRFLOW_CTX_DAG_RUN_ID='scheduled__2025-04-05T00:03:00+00:00'
[2025-04-06T06:02:49.402+0000] {logging_mixin.py:190} INFO - Task instance is in running state
[2025-04-06T06:02:49.406+0000] {logging_mixin.py:190} INFO -  Previous state of the Task instance: queued
[2025-04-06T06:02:49.409+0000] {logging_mixin.py:190} INFO - Current task name:save_to_csv_task state:running start_date:2025-04-06 06:02:48.506797+00:00
[2025-04-06T06:02:49.411+0000] {logging_mixin.py:190} INFO - Dag name:print_hello and current dag run status:running
[2025-04-06T06:02:49.413+0000] {taskinstance.py:732} INFO - ::endgroup::
[2025-04-06T06:02:49.432+0000] {python.py:240} INFO - Done. Returned value was: None
[2025-04-06T06:02:49.464+0000] {taskinstance.py:341} INFO - ::group::Post task execution logs
[2025-04-06T06:02:49.469+0000] {taskinstance.py:353} INFO - Marking task as SUCCESS. dag_id=print_hello, task_id=save_to_csv_task, run_id=scheduled__2025-04-05T00:03:00+00:00, execution_date=20250405T000300, start_date=20250406T060248, end_date=20250406T060249
[2025-04-06T06:02:49.570+0000] {logging_mixin.py:190} INFO - Task instance in success state
[2025-04-06T06:02:49.571+0000] {logging_mixin.py:190} INFO -  Previous state of the Task instance: running
[2025-04-06T06:02:49.572+0000] {logging_mixin.py:190} INFO - Dag name:print_hello queued_at:2025-04-06 06:02:20.480389+00:00
[2025-04-06T06:02:49.573+0000] {logging_mixin.py:190} INFO - Task hostname:5991717e768c operator:PythonOperator
[2025-04-06T06:02:49.627+0000] {local_task_job_runner.py:266} INFO - Task exited with return code 0
[2025-04-06T06:02:49.667+0000] {taskinstance.py:3901} INFO - 0 downstream tasks scheduled from follow-on schedule check
[2025-04-06T06:02:49.691+0000] {local_task_job_runner.py:245} INFO - ::endgroup::
[2025-04-06T06:15:02.580+0000] {local_task_job_runner.py:123} INFO - ::group::Pre task execution logs
[2025-04-06T06:15:02.713+0000] {taskinstance.py:2614} INFO - Dependencies all met for dep_context=non-requeueable deps ti=<TaskInstance: print_hello.save_to_csv_task scheduled__2025-04-05T00:03:00+00:00 [queued]>
[2025-04-06T06:15:02.777+0000] {taskinstance.py:2614} INFO - Dependencies all met for dep_context=requeueable deps ti=<TaskInstance: print_hello.save_to_csv_task scheduled__2025-04-05T00:03:00+00:00 [queued]>
[2025-04-06T06:15:02.780+0000] {taskinstance.py:2867} INFO - Starting attempt 1 of 2
[2025-04-06T06:15:03.562+0000] {taskinstance.py:2890} INFO - Executing <Task(PythonOperator): save_to_csv_task> on 2025-04-05 00:03:00+00:00
[2025-04-06T06:15:03.600+0000] {warnings.py:112} WARNING - /home/***/.local/lib/python3.12/site-packages/***/task/task_runner/standard_task_runner.py:70: DeprecationWarning: This process (pid=921) is multi-threaded, use of fork() may lead to deadlocks in the child.
  pid = os.fork()

[2025-04-06T06:15:03.606+0000] {standard_task_runner.py:104} INFO - Running: ['***', 'tasks', 'run', 'print_hello', 'save_to_csv_task', 'scheduled__2025-04-05T00:03:00+00:00', '--job-id', '183', '--raw', '--subdir', 'DAGS_FOLDER/print_hello.py', '--cfg-path', '/tmp/tmppogpmyzy']
[2025-04-06T06:15:03.608+0000] {standard_task_runner.py:72} INFO - Started process 972 to run task
[2025-04-06T06:15:03.610+0000] {standard_task_runner.py:105} INFO - Job 183: Subtask save_to_csv_task
[2025-04-06T06:15:03.802+0000] {task_command.py:467} INFO - Running <TaskInstance: print_hello.save_to_csv_task scheduled__2025-04-05T00:03:00+00:00 [running]> on host 5991717e768c
[2025-04-06T06:15:04.060+0000] {taskinstance.py:3134} INFO - Exporting env vars: AIRFLOW_CTX_DAG_OWNER='Esayed' AIRFLOW_CTX_DAG_ID='print_hello' AIRFLOW_CTX_TASK_ID='save_to_csv_task' AIRFLOW_CTX_EXECUTION_DATE='2025-04-05T00:03:00+00:00' AIRFLOW_CTX_TRY_NUMBER='1' AIRFLOW_CTX_DAG_RUN_ID='scheduled__2025-04-05T00:03:00+00:00'
[2025-04-06T06:15:04.062+0000] {logging_mixin.py:190} INFO - Task instance is in running state
[2025-04-06T06:15:04.063+0000] {logging_mixin.py:190} INFO -  Previous state of the Task instance: queued
[2025-04-06T06:15:04.065+0000] {logging_mixin.py:190} INFO - Current task name:save_to_csv_task state:running start_date:2025-04-06 06:15:02.723583+00:00
[2025-04-06T06:15:04.066+0000] {logging_mixin.py:190} INFO - Dag name:print_hello and current dag run status:running
[2025-04-06T06:15:04.069+0000] {taskinstance.py:732} INFO - ::endgroup::
[2025-04-06T06:15:04.107+0000] {python.py:240} INFO - Done. Returned value was: None
[2025-04-06T06:15:04.140+0000] {taskinstance.py:341} INFO - ::group::Post task execution logs
[2025-04-06T06:15:04.155+0000] {taskinstance.py:353} INFO - Marking task as SUCCESS. dag_id=print_hello, task_id=save_to_csv_task, run_id=scheduled__2025-04-05T00:03:00+00:00, execution_date=20250405T000300, start_date=20250406T061502, end_date=20250406T061504
[2025-04-06T06:15:04.242+0000] {logging_mixin.py:190} INFO - Task instance in success state
[2025-04-06T06:15:04.243+0000] {logging_mixin.py:190} INFO -  Previous state of the Task instance: running
[2025-04-06T06:15:04.244+0000] {logging_mixin.py:190} INFO - Dag name:print_hello queued_at:2025-04-06 06:14:51.813629+00:00
[2025-04-06T06:15:04.248+0000] {logging_mixin.py:190} INFO - Task hostname:5991717e768c operator:PythonOperator
[2025-04-06T06:15:04.337+0000] {local_task_job_runner.py:266} INFO - Task exited with return code 0
[2025-04-06T06:15:04.369+0000] {local_task_job_runner.py:245} INFO - ::endgroup::
