[2025-04-06T06:02:31.783+0000] {local_task_job_runner.py:123} INFO - ::group::Pre task execution logs
[2025-04-06T06:02:31.823+0000] {taskinstance.py:2614} INFO - Dependencies all met for dep_context=non-requeueable deps ti=<TaskInstance: print_hello.print_hello_task scheduled__2025-04-05T00:15:00+00:00 [queued]>
[2025-04-06T06:02:31.845+0000] {taskinstance.py:2614} INFO - Dependencies all met for dep_context=requeueable deps ti=<TaskInstance: print_hello.print_hello_task scheduled__2025-04-05T00:15:00+00:00 [queued]>
[2025-04-06T06:02:31.846+0000] {taskinstance.py:2867} INFO - Starting attempt 1 of 2
[2025-04-06T06:02:31.920+0000] {taskinstance.py:2890} INFO - Executing <Task(PythonOperator): print_hello_task> on 2025-04-05 00:15:00+00:00
[2025-04-06T06:02:31.949+0000] {warnings.py:112} WARNING - /home/***/.local/lib/python3.12/site-packages/***/task/task_runner/standard_task_runner.py:70: DeprecationWarning: This process (pid=143) is multi-threaded, use of fork() may lead to deadlocks in the child.
  pid = os.fork()

[2025-04-06T06:02:31.954+0000] {standard_task_runner.py:72} INFO - Started process 161 to run task
[2025-04-06T06:02:31.953+0000] {standard_task_runner.py:104} INFO - Running: ['***', 'tasks', 'run', 'print_hello', 'print_hello_task', 'scheduled__2025-04-05T00:15:00+00:00', '--job-id', '27', '--raw', '--subdir', 'DAGS_FOLDER/print_hello.py', '--cfg-path', '/tmp/tmpvlu7zv2o']
[2025-04-06T06:02:31.956+0000] {standard_task_runner.py:105} INFO - Job 27: Subtask print_hello_task
[2025-04-06T06:02:34.583+0000] {task_command.py:467} INFO - Running <TaskInstance: print_hello.print_hello_task scheduled__2025-04-05T00:15:00+00:00 [running]> on host 5991717e768c
[2025-04-06T06:02:35.774+0000] {taskinstance.py:3134} INFO - Exporting env vars: AIRFLOW_CTX_DAG_OWNER='Esayed' AIRFLOW_CTX_DAG_ID='print_hello' AIRFLOW_CTX_TASK_ID='print_hello_task' AIRFLOW_CTX_EXECUTION_DATE='2025-04-05T00:15:00+00:00' AIRFLOW_CTX_TRY_NUMBER='1' AIRFLOW_CTX_DAG_RUN_ID='scheduled__2025-04-05T00:15:00+00:00'
[2025-04-06T06:02:35.775+0000] {logging_mixin.py:190} INFO - Task instance is in running state
[2025-04-06T06:02:35.776+0000] {logging_mixin.py:190} INFO -  Previous state of the Task instance: queued
[2025-04-06T06:02:35.776+0000] {logging_mixin.py:190} INFO - Current task name:print_hello_task state:running start_date:2025-04-06 06:02:31.824908+00:00
[2025-04-06T06:02:35.776+0000] {logging_mixin.py:190} INFO - Dag name:print_hello and current dag run status:running
[2025-04-06T06:02:35.778+0000] {taskinstance.py:732} INFO - ::endgroup::
[2025-04-06T06:02:35.779+0000] {logging_mixin.py:190} INFO - hello
[2025-04-06T06:02:35.780+0000] {python.py:240} INFO - Done. Returned value was: None
[2025-04-06T06:02:38.044+0000] {taskinstance.py:341} INFO - ::group::Post task execution logs
[2025-04-06T06:02:38.047+0000] {taskinstance.py:353} INFO - Marking task as SUCCESS. dag_id=print_hello, task_id=print_hello_task, run_id=scheduled__2025-04-05T00:15:00+00:00, execution_date=20250405T001500, start_date=20250406T060231, end_date=20250406T060238
[2025-04-06T06:02:38.156+0000] {logging_mixin.py:190} INFO - Task instance in success state
[2025-04-06T06:02:38.157+0000] {logging_mixin.py:190} INFO -  Previous state of the Task instance: running
[2025-04-06T06:02:38.158+0000] {logging_mixin.py:190} INFO - Dag name:print_hello queued_at:2025-04-06 06:02:25.151037+00:00
[2025-04-06T06:02:38.159+0000] {logging_mixin.py:190} INFO - Task hostname:5991717e768c operator:PythonOperator
[2025-04-06T06:02:38.383+0000] {local_task_job_runner.py:266} INFO - Task exited with return code 0
[2025-04-06T06:02:38.414+0000] {taskinstance.py:3901} INFO - 1 downstream tasks scheduled from follow-on schedule check
[2025-04-06T06:02:38.506+0000] {local_task_job_runner.py:245} INFO - ::endgroup::
[2025-04-06T06:15:00.410+0000] {local_task_job_runner.py:123} INFO - ::group::Pre task execution logs
[2025-04-06T06:15:00.474+0000] {taskinstance.py:2614} INFO - Dependencies all met for dep_context=non-requeueable deps ti=<TaskInstance: print_hello.print_hello_task scheduled__2025-04-05T00:15:00+00:00 [queued]>
[2025-04-06T06:15:00.503+0000] {taskinstance.py:2614} INFO - Dependencies all met for dep_context=requeueable deps ti=<TaskInstance: print_hello.print_hello_task scheduled__2025-04-05T00:15:00+00:00 [queued]>
[2025-04-06T06:15:00.508+0000] {taskinstance.py:2867} INFO - Starting attempt 1 of 2
[2025-04-06T06:15:00.617+0000] {taskinstance.py:2890} INFO - Executing <Task(PythonOperator): print_hello_task> on 2025-04-05 00:15:00+00:00
[2025-04-06T06:15:00.653+0000] {warnings.py:112} WARNING - /home/***/.local/lib/python3.12/site-packages/***/task/task_runner/standard_task_runner.py:70: DeprecationWarning: This process (pid=905) is multi-threaded, use of fork() may lead to deadlocks in the child.
  pid = os.fork()

[2025-04-06T06:15:00.658+0000] {standard_task_runner.py:72} INFO - Started process 949 to run task
[2025-04-06T06:15:00.663+0000] {standard_task_runner.py:104} INFO - Running: ['***', 'tasks', 'run', 'print_hello', 'print_hello_task', 'scheduled__2025-04-05T00:15:00+00:00', '--job-id', '179', '--raw', '--subdir', 'DAGS_FOLDER/print_hello.py', '--cfg-path', '/tmp/tmpb43ieuvj']
[2025-04-06T06:15:00.669+0000] {standard_task_runner.py:105} INFO - Job 179: Subtask print_hello_task
[2025-04-06T06:15:01.560+0000] {task_command.py:467} INFO - Running <TaskInstance: print_hello.print_hello_task scheduled__2025-04-05T00:15:00+00:00 [running]> on host 5991717e768c
[2025-04-06T06:15:01.846+0000] {taskinstance.py:3134} INFO - Exporting env vars: AIRFLOW_CTX_DAG_OWNER='Esayed' AIRFLOW_CTX_DAG_ID='print_hello' AIRFLOW_CTX_TASK_ID='print_hello_task' AIRFLOW_CTX_EXECUTION_DATE='2025-04-05T00:15:00+00:00' AIRFLOW_CTX_TRY_NUMBER='1' AIRFLOW_CTX_DAG_RUN_ID='scheduled__2025-04-05T00:15:00+00:00'
[2025-04-06T06:15:01.849+0000] {logging_mixin.py:190} INFO - Task instance is in running state
[2025-04-06T06:15:01.851+0000] {logging_mixin.py:190} INFO -  Previous state of the Task instance: queued
[2025-04-06T06:15:01.852+0000] {logging_mixin.py:190} INFO - Current task name:print_hello_task state:running start_date:2025-04-06 06:15:00.476649+00:00
[2025-04-06T06:15:01.861+0000] {logging_mixin.py:190} INFO - Dag name:print_hello and current dag run status:running
[2025-04-06T06:15:01.885+0000] {taskinstance.py:732} INFO - ::endgroup::
[2025-04-06T06:15:01.890+0000] {logging_mixin.py:190} INFO - hello
[2025-04-06T06:15:01.892+0000] {python.py:240} INFO - Done. Returned value was: None
[2025-04-06T06:15:01.935+0000] {taskinstance.py:341} INFO - ::group::Post task execution logs
[2025-04-06T06:15:01.937+0000] {taskinstance.py:353} INFO - Marking task as SUCCESS. dag_id=print_hello, task_id=print_hello_task, run_id=scheduled__2025-04-05T00:15:00+00:00, execution_date=20250405T001500, start_date=20250406T061500, end_date=20250406T061501
[2025-04-06T06:15:02.103+0000] {logging_mixin.py:190} INFO - Task instance in success state
[2025-04-06T06:15:02.107+0000] {logging_mixin.py:190} INFO -  Previous state of the Task instance: running
[2025-04-06T06:15:02.111+0000] {logging_mixin.py:190} INFO - Dag name:print_hello queued_at:2025-04-06 06:14:54.960971+00:00
[2025-04-06T06:15:02.112+0000] {logging_mixin.py:190} INFO - Task hostname:5991717e768c operator:PythonOperator
[2025-04-06T06:15:02.241+0000] {local_task_job_runner.py:266} INFO - Task exited with return code 0
[2025-04-06T06:15:03.011+0000] {taskinstance.py:3901} INFO - 1 downstream tasks scheduled from follow-on schedule check
[2025-04-06T06:15:03.068+0000] {local_task_job_runner.py:245} INFO - ::endgroup::
