[2025-04-06T06:35:18.511+0000] {local_task_job_runner.py:123} INFO - ::group::Pre task execution logs
[2025-04-06T06:35:18.552+0000] {taskinstance.py:2614} INFO - Dependencies all met for dep_context=non-requeueable deps ti=<TaskInstance: print_hello2.save_to_csv_task scheduled__2025-04-05T02:20:00+00:00 [queued]>
[2025-04-06T06:35:18.581+0000] {taskinstance.py:2614} INFO - Dependencies all met for dep_context=requeueable deps ti=<TaskInstance: print_hello2.save_to_csv_task scheduled__2025-04-05T02:20:00+00:00 [queued]>
[2025-04-06T06:35:18.582+0000] {taskinstance.py:2867} INFO - Starting attempt 1 of 2
[2025-04-06T06:35:19.001+0000] {taskinstance.py:2890} INFO - Executing <Task(PythonOperator): save_to_csv_task> on 2025-04-05 02:20:00+00:00
[2025-04-06T06:35:19.022+0000] {warnings.py:112} WARNING - /home/***/.local/lib/python3.12/site-packages/***/task/task_runner/standard_task_runner.py:70: DeprecationWarning: This process (pid=1931) is multi-threaded, use of fork() may lead to deadlocks in the child.
  pid = os.fork()

[2025-04-06T06:35:19.026+0000] {standard_task_runner.py:72} INFO - Started process 1963 to run task
[2025-04-06T06:35:19.024+0000] {standard_task_runner.py:104} INFO - Running: ['***', 'tasks', 'run', 'print_hello2', 'save_to_csv_task', 'scheduled__2025-04-05T02:20:00+00:00', '--job-id', '371', '--raw', '--subdir', 'DAGS_FOLDER/print_hello.py', '--cfg-path', '/tmp/tmposelbw5z']
[2025-04-06T06:35:19.029+0000] {standard_task_runner.py:105} INFO - Job 371: Subtask save_to_csv_task
[2025-04-06T06:35:19.155+0000] {task_command.py:467} INFO - Running <TaskInstance: print_hello2.save_to_csv_task scheduled__2025-04-05T02:20:00+00:00 [running]> on host 5991717e768c
[2025-04-06T06:35:19.359+0000] {taskinstance.py:3134} INFO - Exporting env vars: AIRFLOW_CTX_DAG_OWNER='Esayed' AIRFLOW_CTX_DAG_ID='print_hello2' AIRFLOW_CTX_TASK_ID='save_to_csv_task' AIRFLOW_CTX_EXECUTION_DATE='2025-04-05T02:20:00+00:00' AIRFLOW_CTX_TRY_NUMBER='1' AIRFLOW_CTX_DAG_RUN_ID='scheduled__2025-04-05T02:20:00+00:00'
[2025-04-06T06:35:19.362+0000] {logging_mixin.py:190} INFO - Task instance is in running state
[2025-04-06T06:35:19.363+0000] {logging_mixin.py:190} INFO -  Previous state of the Task instance: queued
[2025-04-06T06:35:19.364+0000] {logging_mixin.py:190} INFO - Current task name:save_to_csv_task state:running start_date:2025-04-06 06:35:18.553891+00:00
[2025-04-06T06:35:19.365+0000] {logging_mixin.py:190} INFO - Dag name:print_hello2 and current dag run status:running
[2025-04-06T06:35:19.366+0000] {taskinstance.py:732} INFO - ::endgroup::
[2025-04-06T06:35:19.381+0000] {python.py:240} INFO - Done. Returned value was: None
[2025-04-06T06:35:19.401+0000] {taskinstance.py:341} INFO - ::group::Post task execution logs
[2025-04-06T06:35:19.403+0000] {taskinstance.py:353} INFO - Marking task as SUCCESS. dag_id=print_hello2, task_id=save_to_csv_task, run_id=scheduled__2025-04-05T02:20:00+00:00, execution_date=20250405T022000, start_date=20250406T063518, end_date=20250406T063519
[2025-04-06T06:35:19.453+0000] {logging_mixin.py:190} INFO - Task instance in success state
[2025-04-06T06:35:19.455+0000] {logging_mixin.py:190} INFO -  Previous state of the Task instance: running
[2025-04-06T06:35:19.456+0000] {logging_mixin.py:190} INFO - Dag name:print_hello2 queued_at:2025-04-06 06:35:08.547583+00:00
[2025-04-06T06:35:19.457+0000] {logging_mixin.py:190} INFO - Task hostname:5991717e768c operator:PythonOperator
[2025-04-06T06:35:19.528+0000] {local_task_job_runner.py:266} INFO - Task exited with return code 0
[2025-04-06T06:35:19.571+0000] {taskinstance.py:3901} INFO - 0 downstream tasks scheduled from follow-on schedule check
[2025-04-06T06:35:19.575+0000] {local_task_job_runner.py:245} INFO - ::endgroup::
