[2025-04-06T06:32:27.862+0000] {local_task_job_runner.py:123} INFO - ::group::Pre task execution logs
[2025-04-06T06:32:27.899+0000] {taskinstance.py:2614} INFO - Dependencies all met for dep_context=non-requeueable deps ti=<TaskInstance: print_hello2.print_hello_task scheduled__2025-04-05T00:05:00+00:00 [queued]>
[2025-04-06T06:32:27.921+0000] {taskinstance.py:2614} INFO - Dependencies all met for dep_context=requeueable deps ti=<TaskInstance: print_hello2.print_hello_task scheduled__2025-04-05T00:05:00+00:00 [queued]>
[2025-04-06T06:32:27.924+0000] {taskinstance.py:2867} INFO - Starting attempt 1 of 2
[2025-04-06T06:32:28.042+0000] {taskinstance.py:2890} INFO - Executing <Task(PythonOperator): print_hello_task> on 2025-04-05 00:05:00+00:00
[2025-04-06T06:32:28.065+0000] {warnings.py:112} WARNING - /home/***/.local/lib/python3.12/site-packages/***/task/task_runner/standard_task_runner.py:70: DeprecationWarning: This process (pid=1602) is multi-threaded, use of fork() may lead to deadlocks in the child.
  pid = os.fork()

[2025-04-06T06:32:28.071+0000] {standard_task_runner.py:72} INFO - Started process 1624 to run task
[2025-04-06T06:32:28.074+0000] {standard_task_runner.py:104} INFO - Running: ['***', 'tasks', 'run', 'print_hello2', 'print_hello_task', 'scheduled__2025-04-05T00:05:00+00:00', '--job-id', '292', '--raw', '--subdir', 'DAGS_FOLDER/print_hello.py', '--cfg-path', '/tmp/tmpcpzw2mii']
[2025-04-06T06:32:28.077+0000] {standard_task_runner.py:105} INFO - Job 292: Subtask print_hello_task
[2025-04-06T06:33:01.143+0000] {task_command.py:467} INFO - Running <TaskInstance: print_hello2.print_hello_task scheduled__2025-04-05T00:05:00+00:00 [running]> on host 5991717e768c
[2025-04-06T06:33:06.858+0000] {job.py:229} INFO - Heartbeat recovered after 39.29 seconds
[2025-04-06T06:33:16.121+0000] {job.py:229} INFO - Heartbeat recovered after 15.22 seconds
[2025-04-06T06:33:17.037+0000] {taskinstance.py:3134} INFO - Exporting env vars: AIRFLOW_CTX_DAG_OWNER='Esayed' AIRFLOW_CTX_DAG_ID='print_hello2' AIRFLOW_CTX_TASK_ID='print_hello_task' AIRFLOW_CTX_EXECUTION_DATE='2025-04-05T00:05:00+00:00' AIRFLOW_CTX_TRY_NUMBER='1' AIRFLOW_CTX_DAG_RUN_ID='scheduled__2025-04-05T00:05:00+00:00'
[2025-04-06T06:33:17.319+0000] {logging_mixin.py:190} INFO - Task instance is in running state
[2025-04-06T06:33:17.905+0000] {logging_mixin.py:190} INFO -  Previous state of the Task instance: queued
[2025-04-06T06:33:17.912+0000] {logging_mixin.py:190} INFO - Current task name:print_hello_task state:running start_date:2025-04-06 06:32:27.900758+00:00
[2025-04-06T06:33:17.915+0000] {logging_mixin.py:190} INFO - Dag name:print_hello2 and current dag run status:running
[2025-04-06T06:33:17.917+0000] {taskinstance.py:732} INFO - ::endgroup::
[2025-04-06T06:33:17.919+0000] {logging_mixin.py:190} INFO - hello
[2025-04-06T06:33:17.932+0000] {python.py:240} INFO - Done. Returned value was: None
[2025-04-06T06:33:18.613+0000] {taskinstance.py:341} INFO - ::group::Post task execution logs
[2025-04-06T06:33:19.349+0000] {taskinstance.py:353} INFO - Marking task as SUCCESS. dag_id=print_hello2, task_id=print_hello_task, run_id=scheduled__2025-04-05T00:05:00+00:00, execution_date=20250405T000500, start_date=20250406T063227, end_date=20250406T063319
[2025-04-06T06:33:49.109+0000] {job.py:229} INFO - Heartbeat recovered after 35.22 seconds
[2025-04-06T06:33:49.264+0000] {logging_mixin.py:190} INFO - Task instance in success state
[2025-04-06T06:33:49.364+0000] {logging_mixin.py:190} INFO -  Previous state of the Task instance: running
[2025-04-06T06:33:49.367+0000] {logging_mixin.py:190} INFO - Dag name:print_hello2 queued_at:2025-04-06 06:32:24.344452+00:00
[2025-04-06T06:33:49.445+0000] {logging_mixin.py:190} INFO - Task hostname:5991717e768c operator:PythonOperator
[2025-04-06T06:33:49.907+0000] {local_task_job_runner.py:266} INFO - Task exited with return code 0
[2025-04-06T06:33:50.151+0000] {taskinstance.py:3901} INFO - 1 downstream tasks scheduled from follow-on schedule check
[2025-04-06T06:33:50.416+0000] {local_task_job_runner.py:245} INFO - ::endgroup::
[2025-04-06T06:34:49.892+0000] {local_task_job_runner.py:123} INFO - ::group::Pre task execution logs
[2025-04-06T06:34:50.042+0000] {taskinstance.py:2614} INFO - Dependencies all met for dep_context=non-requeueable deps ti=<TaskInstance: print_hello2.print_hello_task scheduled__2025-04-05T00:05:00+00:00 [queued]>
[2025-04-06T06:34:50.066+0000] {taskinstance.py:2614} INFO - Dependencies all met for dep_context=requeueable deps ti=<TaskInstance: print_hello2.print_hello_task scheduled__2025-04-05T00:05:00+00:00 [queued]>
[2025-04-06T06:34:50.068+0000] {taskinstance.py:2867} INFO - Starting attempt 1 of 2
[2025-04-06T06:34:50.136+0000] {taskinstance.py:2890} INFO - Executing <Task(PythonOperator): print_hello_task> on 2025-04-05 00:05:00+00:00
[2025-04-06T06:34:50.158+0000] {warnings.py:112} WARNING - /home/***/.local/lib/python3.12/site-packages/***/task/task_runner/standard_task_runner.py:70: DeprecationWarning: This process (pid=1724) is multi-threaded, use of fork() may lead to deadlocks in the child.
  pid = os.fork()

[2025-04-06T06:34:50.162+0000] {standard_task_runner.py:72} INFO - Started process 1749 to run task
[2025-04-06T06:34:50.165+0000] {standard_task_runner.py:104} INFO - Running: ['***', 'tasks', 'run', 'print_hello2', 'print_hello_task', 'scheduled__2025-04-05T00:05:00+00:00', '--job-id', '317', '--raw', '--subdir', 'DAGS_FOLDER/print_hello.py', '--cfg-path', '/tmp/tmpvxrxiw1x']
[2025-04-06T06:34:50.171+0000] {standard_task_runner.py:105} INFO - Job 317: Subtask print_hello_task
[2025-04-06T06:34:50.844+0000] {task_command.py:467} INFO - Running <TaskInstance: print_hello2.print_hello_task scheduled__2025-04-05T00:05:00+00:00 [running]> on host 5991717e768c
[2025-04-06T06:34:51.057+0000] {taskinstance.py:3134} INFO - Exporting env vars: AIRFLOW_CTX_DAG_OWNER='Esayed' AIRFLOW_CTX_DAG_ID='print_hello2' AIRFLOW_CTX_TASK_ID='print_hello_task' AIRFLOW_CTX_EXECUTION_DATE='2025-04-05T00:05:00+00:00' AIRFLOW_CTX_TRY_NUMBER='1' AIRFLOW_CTX_DAG_RUN_ID='scheduled__2025-04-05T00:05:00+00:00'
[2025-04-06T06:34:51.059+0000] {logging_mixin.py:190} INFO - Task instance is in running state
[2025-04-06T06:34:51.060+0000] {logging_mixin.py:190} INFO -  Previous state of the Task instance: queued
[2025-04-06T06:34:51.062+0000] {logging_mixin.py:190} INFO - Current task name:print_hello_task state:running start_date:2025-04-06 06:34:50.044922+00:00
[2025-04-06T06:34:51.063+0000] {logging_mixin.py:190} INFO - Dag name:print_hello2 and current dag run status:running
[2025-04-06T06:34:51.064+0000] {taskinstance.py:732} INFO - ::endgroup::
[2025-04-06T06:34:51.067+0000] {logging_mixin.py:190} INFO - hello
[2025-04-06T06:34:51.070+0000] {python.py:240} INFO - Done. Returned value was: None
[2025-04-06T06:34:51.095+0000] {taskinstance.py:341} INFO - ::group::Post task execution logs
[2025-04-06T06:34:51.097+0000] {taskinstance.py:353} INFO - Marking task as SUCCESS. dag_id=print_hello2, task_id=print_hello_task, run_id=scheduled__2025-04-05T00:05:00+00:00, execution_date=20250405T000500, start_date=20250406T063450, end_date=20250406T063451
[2025-04-06T06:34:51.163+0000] {logging_mixin.py:190} INFO - Task instance in success state
[2025-04-06T06:34:51.164+0000] {logging_mixin.py:190} INFO -  Previous state of the Task instance: running
[2025-04-06T06:34:51.167+0000] {logging_mixin.py:190} INFO - Dag name:print_hello2 queued_at:2025-04-06 06:34:46.611016+00:00
[2025-04-06T06:34:51.169+0000] {logging_mixin.py:190} INFO - Task hostname:5991717e768c operator:PythonOperator
[2025-04-06T06:34:51.235+0000] {local_task_job_runner.py:266} INFO - Task exited with return code 0
[2025-04-06T06:34:51.828+0000] {taskinstance.py:3901} INFO - 0 downstream tasks scheduled from follow-on schedule check
[2025-04-06T06:34:51.838+0000] {local_task_job_runner.py:245} INFO - ::endgroup::
[2025-04-06T06:36:25.929+0000] {local_task_job_runner.py:123} INFO - ::group::Pre task execution logs
[2025-04-06T06:36:25.998+0000] {taskinstance.py:2614} INFO - Dependencies all met for dep_context=non-requeueable deps ti=<TaskInstance: print_hello2.print_hello_task scheduled__2025-04-05T00:05:00+00:00 [queued]>
[2025-04-06T06:36:26.024+0000] {taskinstance.py:2614} INFO - Dependencies all met for dep_context=requeueable deps ti=<TaskInstance: print_hello2.print_hello_task scheduled__2025-04-05T00:05:00+00:00 [queued]>
[2025-04-06T06:36:26.030+0000] {taskinstance.py:2867} INFO - Starting attempt 1 of 2
[2025-04-06T06:36:26.089+0000] {taskinstance.py:2890} INFO - Executing <Task(PythonOperator): print_hello_task> on 2025-04-05 00:05:00+00:00
[2025-04-06T06:36:26.113+0000] {warnings.py:112} WARNING - /home/***/.local/lib/python3.12/site-packages/***/task/task_runner/standard_task_runner.py:70: DeprecationWarning: This process (pid=2021) is multi-threaded, use of fork() may lead to deadlocks in the child.
  pid = os.fork()

[2025-04-06T06:36:26.115+0000] {standard_task_runner.py:72} INFO - Started process 2048 to run task
[2025-04-06T06:36:26.118+0000] {standard_task_runner.py:104} INFO - Running: ['***', 'tasks', 'run', 'print_hello2', 'print_hello_task', 'scheduled__2025-04-05T00:05:00+00:00', '--job-id', '386', '--raw', '--subdir', 'DAGS_FOLDER/print_hello.py', '--cfg-path', '/tmp/tmp5twrbon8']
[2025-04-06T06:36:26.121+0000] {standard_task_runner.py:105} INFO - Job 386: Subtask print_hello_task
[2025-04-06T06:36:26.921+0000] {task_command.py:467} INFO - Running <TaskInstance: print_hello2.print_hello_task scheduled__2025-04-05T00:05:00+00:00 [running]> on host 5991717e768c
[2025-04-06T06:36:27.299+0000] {taskinstance.py:3134} INFO - Exporting env vars: AIRFLOW_CTX_DAG_OWNER='Esayed' AIRFLOW_CTX_DAG_ID='print_hello2' AIRFLOW_CTX_TASK_ID='print_hello_task' AIRFLOW_CTX_EXECUTION_DATE='2025-04-05T00:05:00+00:00' AIRFLOW_CTX_TRY_NUMBER='1' AIRFLOW_CTX_DAG_RUN_ID='scheduled__2025-04-05T00:05:00+00:00'
[2025-04-06T06:36:27.306+0000] {logging_mixin.py:190} INFO - Task instance is in running state
[2025-04-06T06:36:27.337+0000] {logging_mixin.py:190} INFO -  Previous state of the Task instance: queued
[2025-04-06T06:36:27.340+0000] {logging_mixin.py:190} INFO - Current task name:print_hello_task state:running start_date:2025-04-06 06:36:25.999564+00:00
[2025-04-06T06:36:27.345+0000] {logging_mixin.py:190} INFO - Dag name:print_hello2 and current dag run status:running
[2025-04-06T06:36:27.349+0000] {taskinstance.py:732} INFO - ::endgroup::
[2025-04-06T06:36:27.353+0000] {logging_mixin.py:190} INFO - hello
[2025-04-06T06:36:27.362+0000] {python.py:240} INFO - Done. Returned value was: None
[2025-04-06T06:36:27.437+0000] {taskinstance.py:341} INFO - ::group::Post task execution logs
[2025-04-06T06:36:27.443+0000] {taskinstance.py:353} INFO - Marking task as SUCCESS. dag_id=print_hello2, task_id=print_hello_task, run_id=scheduled__2025-04-05T00:05:00+00:00, execution_date=20250405T000500, start_date=20250406T063625, end_date=20250406T063627
[2025-04-06T06:36:27.598+0000] {logging_mixin.py:190} INFO - Task instance in success state
[2025-04-06T06:36:27.609+0000] {logging_mixin.py:190} INFO -  Previous state of the Task instance: running
[2025-04-06T06:36:27.615+0000] {logging_mixin.py:190} INFO - Dag name:print_hello2 queued_at:2025-04-06 06:36:22.113973+00:00
[2025-04-06T06:36:27.615+0000] {logging_mixin.py:190} INFO - Task hostname:5991717e768c operator:PythonOperator
[2025-04-06T06:36:27.726+0000] {local_task_job_runner.py:266} INFO - Task exited with return code 0
[2025-04-06T06:36:28.547+0000] {taskinstance.py:3901} INFO - 0 downstream tasks scheduled from follow-on schedule check
[2025-04-06T06:36:28.577+0000] {local_task_job_runner.py:245} INFO - ::endgroup::
