[2025-04-06T06:02:50.013+0000] {local_task_job_runner.py:123} INFO - ::group::Pre task execution logs
[2025-04-06T06:02:50.043+0000] {taskinstance.py:2614} INFO - Dependencies all met for dep_context=non-requeueable deps ti=<TaskInstance: print_hello.save_to_csv_task scheduled__2025-04-05T00:02:00+00:00 [queued]>
[2025-04-06T06:02:50.062+0000] {taskinstance.py:2614} INFO - Dependencies all met for dep_context=requeueable deps ti=<TaskInstance: print_hello.save_to_csv_task scheduled__2025-04-05T00:02:00+00:00 [queued]>
[2025-04-06T06:02:50.063+0000] {taskinstance.py:2867} INFO - Starting attempt 1 of 2
[2025-04-06T06:02:50.310+0000] {taskinstance.py:2890} INFO - Executing <Task(PythonOperator): save_to_csv_task> on 2025-04-05 00:02:00+00:00
[2025-04-06T06:02:50.322+0000] {warnings.py:112} WARNING - /home/***/.local/lib/python3.12/site-packages/***/task/task_runner/standard_task_runner.py:70: DeprecationWarning: This process (pid=192) is multi-threaded, use of fork() may lead to deadlocks in the child.
  pid = os.fork()

[2025-04-06T06:02:50.325+0000] {standard_task_runner.py:72} INFO - Started process 245 to run task
[2025-04-06T06:02:50.325+0000] {standard_task_runner.py:104} INFO - Running: ['***', 'tasks', 'run', 'print_hello', 'save_to_csv_task', 'scheduled__2025-04-05T00:02:00+00:00', '--job-id', '46', '--raw', '--subdir', 'DAGS_FOLDER/print_hello.py', '--cfg-path', '/tmp/tmpw659ga83']
[2025-04-06T06:02:50.327+0000] {standard_task_runner.py:105} INFO - Job 46: Subtask save_to_csv_task
[2025-04-06T06:02:50.390+0000] {task_command.py:467} INFO - Running <TaskInstance: print_hello.save_to_csv_task scheduled__2025-04-05T00:02:00+00:00 [running]> on host 5991717e768c
[2025-04-06T06:02:50.486+0000] {taskinstance.py:3134} INFO - Exporting env vars: AIRFLOW_CTX_DAG_OWNER='Esayed' AIRFLOW_CTX_DAG_ID='print_hello' AIRFLOW_CTX_TASK_ID='save_to_csv_task' AIRFLOW_CTX_EXECUTION_DATE='2025-04-05T00:02:00+00:00' AIRFLOW_CTX_TRY_NUMBER='1' AIRFLOW_CTX_DAG_RUN_ID='scheduled__2025-04-05T00:02:00+00:00'
[2025-04-06T06:02:50.488+0000] {logging_mixin.py:190} INFO - Task instance is in running state
[2025-04-06T06:02:50.488+0000] {logging_mixin.py:190} INFO -  Previous state of the Task instance: queued
[2025-04-06T06:02:50.489+0000] {logging_mixin.py:190} INFO - Current task name:save_to_csv_task state:running start_date:2025-04-06 06:02:50.044420+00:00
[2025-04-06T06:02:50.490+0000] {logging_mixin.py:190} INFO - Dag name:print_hello and current dag run status:running
[2025-04-06T06:02:50.490+0000] {taskinstance.py:732} INFO - ::endgroup::
[2025-04-06T06:02:50.497+0000] {python.py:240} INFO - Done. Returned value was: None
[2025-04-06T06:02:50.509+0000] {taskinstance.py:341} INFO - ::group::Post task execution logs
[2025-04-06T06:02:50.510+0000] {taskinstance.py:353} INFO - Marking task as SUCCESS. dag_id=print_hello, task_id=save_to_csv_task, run_id=scheduled__2025-04-05T00:02:00+00:00, execution_date=20250405T000200, start_date=20250406T060250, end_date=20250406T060250
[2025-04-06T06:02:50.549+0000] {logging_mixin.py:190} INFO - Task instance in success state
[2025-04-06T06:02:50.550+0000] {logging_mixin.py:190} INFO -  Previous state of the Task instance: running
[2025-04-06T06:02:50.550+0000] {logging_mixin.py:190} INFO - Dag name:print_hello queued_at:2025-04-06 06:02:20.373549+00:00
[2025-04-06T06:02:50.551+0000] {logging_mixin.py:190} INFO - Task hostname:5991717e768c operator:PythonOperator
[2025-04-06T06:02:50.581+0000] {local_task_job_runner.py:266} INFO - Task exited with return code 0
[2025-04-06T06:02:50.602+0000] {taskinstance.py:3901} INFO - 0 downstream tasks scheduled from follow-on schedule check
[2025-04-06T06:02:50.605+0000] {local_task_job_runner.py:245} INFO - ::endgroup::
[2025-04-06T06:15:02.176+0000] {local_task_job_runner.py:123} INFO - ::group::Pre task execution logs
[2025-04-06T06:15:02.307+0000] {taskinstance.py:2614} INFO - Dependencies all met for dep_context=non-requeueable deps ti=<TaskInstance: print_hello.save_to_csv_task scheduled__2025-04-05T00:02:00+00:00 [queued]>
[2025-04-06T06:15:02.386+0000] {taskinstance.py:2614} INFO - Dependencies all met for dep_context=requeueable deps ti=<TaskInstance: print_hello.save_to_csv_task scheduled__2025-04-05T00:02:00+00:00 [queued]>
[2025-04-06T06:15:02.392+0000] {taskinstance.py:2867} INFO - Starting attempt 1 of 2
[2025-04-06T06:15:02.853+0000] {taskinstance.py:2890} INFO - Executing <Task(PythonOperator): save_to_csv_task> on 2025-04-05 00:02:00+00:00
[2025-04-06T06:15:02.930+0000] {warnings.py:112} WARNING - /home/***/.local/lib/python3.12/site-packages/***/task/task_runner/standard_task_runner.py:70: DeprecationWarning: This process (pid=917) is multi-threaded, use of fork() may lead to deadlocks in the child.
  pid = os.fork()

[2025-04-06T06:15:02.941+0000] {standard_task_runner.py:72} INFO - Started process 969 to run task
[2025-04-06T06:15:02.967+0000] {standard_task_runner.py:104} INFO - Running: ['***', 'tasks', 'run', 'print_hello', 'save_to_csv_task', 'scheduled__2025-04-05T00:02:00+00:00', '--job-id', '182', '--raw', '--subdir', 'DAGS_FOLDER/print_hello.py', '--cfg-path', '/tmp/tmpbi4viiig']
[2025-04-06T06:15:02.985+0000] {standard_task_runner.py:105} INFO - Job 182: Subtask save_to_csv_task
[2025-04-06T06:15:03.934+0000] {task_command.py:467} INFO - Running <TaskInstance: print_hello.save_to_csv_task scheduled__2025-04-05T00:02:00+00:00 [running]> on host 5991717e768c
[2025-04-06T06:15:04.171+0000] {taskinstance.py:3134} INFO - Exporting env vars: AIRFLOW_CTX_DAG_OWNER='Esayed' AIRFLOW_CTX_DAG_ID='print_hello' AIRFLOW_CTX_TASK_ID='save_to_csv_task' AIRFLOW_CTX_EXECUTION_DATE='2025-04-05T00:02:00+00:00' AIRFLOW_CTX_TRY_NUMBER='1' AIRFLOW_CTX_DAG_RUN_ID='scheduled__2025-04-05T00:02:00+00:00'
[2025-04-06T06:15:04.179+0000] {logging_mixin.py:190} INFO - Task instance is in running state
[2025-04-06T06:15:04.194+0000] {logging_mixin.py:190} INFO -  Previous state of the Task instance: queued
[2025-04-06T06:15:04.195+0000] {logging_mixin.py:190} INFO - Current task name:save_to_csv_task state:running start_date:2025-04-06 06:15:02.309934+00:00
[2025-04-06T06:15:04.200+0000] {logging_mixin.py:190} INFO - Dag name:print_hello and current dag run status:running
[2025-04-06T06:15:04.204+0000] {taskinstance.py:732} INFO - ::endgroup::
[2025-04-06T06:15:04.224+0000] {python.py:240} INFO - Done. Returned value was: None
[2025-04-06T06:15:04.261+0000] {taskinstance.py:341} INFO - ::group::Post task execution logs
[2025-04-06T06:15:04.275+0000] {taskinstance.py:353} INFO - Marking task as SUCCESS. dag_id=print_hello, task_id=save_to_csv_task, run_id=scheduled__2025-04-05T00:02:00+00:00, execution_date=20250405T000200, start_date=20250406T061502, end_date=20250406T061504
[2025-04-06T06:15:04.442+0000] {logging_mixin.py:190} INFO - Task instance in success state
[2025-04-06T06:15:04.443+0000] {logging_mixin.py:190} INFO -  Previous state of the Task instance: running
[2025-04-06T06:15:04.445+0000] {logging_mixin.py:190} INFO - Dag name:print_hello queued_at:2025-04-06 06:14:51.708034+00:00
[2025-04-06T06:15:04.449+0000] {logging_mixin.py:190} INFO - Task hostname:5991717e768c operator:PythonOperator
[2025-04-06T06:15:04.581+0000] {local_task_job_runner.py:266} INFO - Task exited with return code 0
[2025-04-06T06:15:05.293+0000] {taskinstance.py:3901} INFO - 0 downstream tasks scheduled from follow-on schedule check
[2025-04-06T06:15:05.369+0000] {local_task_job_runner.py:245} INFO - ::endgroup::
