[2025-04-06T06:02:48.775+0000] {local_task_job_runner.py:123} INFO - ::group::Pre task execution logs
[2025-04-06T06:02:48.832+0000] {taskinstance.py:2614} INFO - Dependencies all met for dep_context=non-requeueable deps ti=<TaskInstance: print_hello.save_to_csv_task scheduled__2025-04-05T00:13:00+00:00 [queued]>
[2025-04-06T06:02:48.865+0000] {taskinstance.py:2614} INFO - Dependencies all met for dep_context=requeueable deps ti=<TaskInstance: print_hello.save_to_csv_task scheduled__2025-04-05T00:13:00+00:00 [queued]>
[2025-04-06T06:02:48.866+0000] {taskinstance.py:2867} INFO - Starting attempt 1 of 2
[2025-04-06T06:02:49.300+0000] {taskinstance.py:2890} INFO - Executing <Task(PythonOperator): save_to_csv_task> on 2025-04-05 00:13:00+00:00
[2025-04-06T06:02:49.329+0000] {warnings.py:112} WARNING - /home/***/.local/lib/python3.12/site-packages/***/task/task_runner/standard_task_runner.py:70: DeprecationWarning: This process (pid=180) is multi-threaded, use of fork() may lead to deadlocks in the child.
  pid = os.fork()

[2025-04-06T06:02:49.333+0000] {standard_task_runner.py:72} INFO - Started process 236 to run task
[2025-04-06T06:02:49.332+0000] {standard_task_runner.py:104} INFO - Running: ['***', 'tasks', 'run', 'print_hello', 'save_to_csv_task', 'scheduled__2025-04-05T00:13:00+00:00', '--job-id', '41', '--raw', '--subdir', 'DAGS_FOLDER/print_hello.py', '--cfg-path', '/tmp/tmp7qbj2mal']
[2025-04-06T06:02:49.335+0000] {standard_task_runner.py:105} INFO - Job 41: Subtask save_to_csv_task
[2025-04-06T06:02:49.506+0000] {task_command.py:467} INFO - Running <TaskInstance: print_hello.save_to_csv_task scheduled__2025-04-05T00:13:00+00:00 [running]> on host 5991717e768c
[2025-04-06T06:02:49.737+0000] {taskinstance.py:3134} INFO - Exporting env vars: AIRFLOW_CTX_DAG_OWNER='Esayed' AIRFLOW_CTX_DAG_ID='print_hello' AIRFLOW_CTX_TASK_ID='save_to_csv_task' AIRFLOW_CTX_EXECUTION_DATE='2025-04-05T00:13:00+00:00' AIRFLOW_CTX_TRY_NUMBER='1' AIRFLOW_CTX_DAG_RUN_ID='scheduled__2025-04-05T00:13:00+00:00'
[2025-04-06T06:02:49.740+0000] {logging_mixin.py:190} INFO - Task instance is in running state
[2025-04-06T06:02:49.743+0000] {logging_mixin.py:190} INFO -  Previous state of the Task instance: queued
[2025-04-06T06:02:49.745+0000] {logging_mixin.py:190} INFO - Current task name:save_to_csv_task state:running start_date:2025-04-06 06:02:48.833889+00:00
[2025-04-06T06:02:49.746+0000] {logging_mixin.py:190} INFO - Dag name:print_hello and current dag run status:running
[2025-04-06T06:02:49.747+0000] {taskinstance.py:732} INFO - ::endgroup::
[2025-04-06T06:02:49.765+0000] {python.py:240} INFO - Done. Returned value was: None
[2025-04-06T06:02:49.787+0000] {taskinstance.py:341} INFO - ::group::Post task execution logs
[2025-04-06T06:02:49.789+0000] {taskinstance.py:353} INFO - Marking task as SUCCESS. dag_id=print_hello, task_id=save_to_csv_task, run_id=scheduled__2025-04-05T00:13:00+00:00, execution_date=20250405T001300, start_date=20250406T060248, end_date=20250406T060249
[2025-04-06T06:02:49.846+0000] {logging_mixin.py:190} INFO - Task instance in success state
[2025-04-06T06:02:49.847+0000] {logging_mixin.py:190} INFO -  Previous state of the Task instance: running
[2025-04-06T06:02:49.849+0000] {logging_mixin.py:190} INFO - Dag name:print_hello queued_at:2025-04-06 06:02:24.235262+00:00
[2025-04-06T06:02:49.850+0000] {logging_mixin.py:190} INFO - Task hostname:5991717e768c operator:PythonOperator
[2025-04-06T06:02:49.916+0000] {local_task_job_runner.py:266} INFO - Task exited with return code 0
[2025-04-06T06:02:49.949+0000] {taskinstance.py:3901} INFO - 0 downstream tasks scheduled from follow-on schedule check
[2025-04-06T06:02:49.953+0000] {local_task_job_runner.py:245} INFO - ::endgroup::
[2025-04-06T06:15:07.066+0000] {local_task_job_runner.py:123} INFO - ::group::Pre task execution logs
[2025-04-06T06:15:07.119+0000] {taskinstance.py:2614} INFO - Dependencies all met for dep_context=non-requeueable deps ti=<TaskInstance: print_hello.save_to_csv_task scheduled__2025-04-05T00:13:00+00:00 [queued]>
[2025-04-06T06:15:07.147+0000] {taskinstance.py:2614} INFO - Dependencies all met for dep_context=requeueable deps ti=<TaskInstance: print_hello.save_to_csv_task scheduled__2025-04-05T00:13:00+00:00 [queued]>
[2025-04-06T06:15:07.148+0000] {taskinstance.py:2867} INFO - Starting attempt 1 of 2
[2025-04-06T06:15:07.419+0000] {taskinstance.py:2890} INFO - Executing <Task(PythonOperator): save_to_csv_task> on 2025-04-05 00:13:00+00:00
[2025-04-06T06:15:07.436+0000] {warnings.py:112} WARNING - /home/***/.local/lib/python3.12/site-packages/***/task/task_runner/standard_task_runner.py:70: DeprecationWarning: This process (pid=962) is multi-threaded, use of fork() may lead to deadlocks in the child.
  pid = os.fork()

[2025-04-06T06:15:07.438+0000] {standard_task_runner.py:72} INFO - Started process 994 to run task
[2025-04-06T06:15:07.438+0000] {standard_task_runner.py:104} INFO - Running: ['***', 'tasks', 'run', 'print_hello', 'save_to_csv_task', 'scheduled__2025-04-05T00:13:00+00:00', '--job-id', '193', '--raw', '--subdir', 'DAGS_FOLDER/print_hello.py', '--cfg-path', '/tmp/tmpvo9cuola']
[2025-04-06T06:15:07.440+0000] {standard_task_runner.py:105} INFO - Job 193: Subtask save_to_csv_task
[2025-04-06T06:15:07.512+0000] {task_command.py:467} INFO - Running <TaskInstance: print_hello.save_to_csv_task scheduled__2025-04-05T00:13:00+00:00 [running]> on host 5991717e768c
[2025-04-06T06:15:07.649+0000] {taskinstance.py:3134} INFO - Exporting env vars: AIRFLOW_CTX_DAG_OWNER='Esayed' AIRFLOW_CTX_DAG_ID='print_hello' AIRFLOW_CTX_TASK_ID='save_to_csv_task' AIRFLOW_CTX_EXECUTION_DATE='2025-04-05T00:13:00+00:00' AIRFLOW_CTX_TRY_NUMBER='1' AIRFLOW_CTX_DAG_RUN_ID='scheduled__2025-04-05T00:13:00+00:00'
[2025-04-06T06:15:07.651+0000] {logging_mixin.py:190} INFO - Task instance is in running state
[2025-04-06T06:15:07.652+0000] {logging_mixin.py:190} INFO -  Previous state of the Task instance: queued
[2025-04-06T06:15:07.654+0000] {logging_mixin.py:190} INFO - Current task name:save_to_csv_task state:running start_date:2025-04-06 06:15:07.120294+00:00
[2025-04-06T06:15:07.655+0000] {logging_mixin.py:190} INFO - Dag name:print_hello and current dag run status:running
[2025-04-06T06:15:07.656+0000] {taskinstance.py:732} INFO - ::endgroup::
[2025-04-06T06:15:07.672+0000] {python.py:240} INFO - Done. Returned value was: None
[2025-04-06T06:15:07.690+0000] {taskinstance.py:341} INFO - ::group::Post task execution logs
[2025-04-06T06:15:07.695+0000] {taskinstance.py:353} INFO - Marking task as SUCCESS. dag_id=print_hello, task_id=save_to_csv_task, run_id=scheduled__2025-04-05T00:13:00+00:00, execution_date=20250405T001300, start_date=20250406T061507, end_date=20250406T061507
[2025-04-06T06:15:07.738+0000] {logging_mixin.py:190} INFO - Task instance in success state
[2025-04-06T06:15:07.739+0000] {logging_mixin.py:190} INFO -  Previous state of the Task instance: running
[2025-04-06T06:15:07.740+0000] {logging_mixin.py:190} INFO - Dag name:print_hello queued_at:2025-04-06 06:14:54.055140+00:00
[2025-04-06T06:15:07.741+0000] {logging_mixin.py:190} INFO - Task hostname:5991717e768c operator:PythonOperator
[2025-04-06T06:15:07.775+0000] {local_task_job_runner.py:266} INFO - Task exited with return code 0
[2025-04-06T06:15:07.796+0000] {taskinstance.py:3901} INFO - 0 downstream tasks scheduled from follow-on schedule check
[2025-04-06T06:15:07.801+0000] {local_task_job_runner.py:245} INFO - ::endgroup::
