[2025-04-06T06:03:18.298+0000] {local_task_job_runner.py:123} INFO - ::group::Pre task execution logs
[2025-04-06T06:03:18.346+0000] {taskinstance.py:2614} INFO - Dependencies all met for dep_context=non-requeueable deps ti=<TaskInstance: print_hello.print_hello_task scheduled__2025-04-05T00:42:00+00:00 [queued]>
[2025-04-06T06:03:18.365+0000] {taskinstance.py:2614} INFO - Dependencies all met for dep_context=requeueable deps ti=<TaskInstance: print_hello.print_hello_task scheduled__2025-04-05T00:42:00+00:00 [queued]>
[2025-04-06T06:03:18.366+0000] {taskinstance.py:2867} INFO - Starting attempt 1 of 2
[2025-04-06T06:03:18.973+0000] {taskinstance.py:2890} INFO - Executing <Task(PythonOperator): print_hello_task> on 2025-04-05 00:42:00+00:00
[2025-04-06T06:03:19.011+0000] {warnings.py:112} WARNING - /home/***/.local/lib/python3.12/site-packages/***/task/task_runner/standard_task_runner.py:70: DeprecationWarning: This process (pid=396) is multi-threaded, use of fork() may lead to deadlocks in the child.
  pid = os.fork()

[2025-04-06T06:03:19.014+0000] {standard_task_runner.py:72} INFO - Started process 444 to run task
[2025-04-06T06:03:19.044+0000] {standard_task_runner.py:104} INFO - Running: ['***', 'tasks', 'run', 'print_hello', 'print_hello_task', 'scheduled__2025-04-05T00:42:00+00:00', '--job-id', '89', '--raw', '--subdir', 'DAGS_FOLDER/print_hello.py', '--cfg-path', '/tmp/tmphnm9wnx2']
[2025-04-06T06:03:19.067+0000] {standard_task_runner.py:105} INFO - Job 89: Subtask print_hello_task
[2025-04-06T06:03:19.221+0000] {task_command.py:467} INFO - Running <TaskInstance: print_hello.print_hello_task scheduled__2025-04-05T00:42:00+00:00 [running]> on host 5991717e768c
[2025-04-06T06:03:19.486+0000] {taskinstance.py:3134} INFO - Exporting env vars: AIRFLOW_CTX_DAG_OWNER='Esayed' AIRFLOW_CTX_DAG_ID='print_hello' AIRFLOW_CTX_TASK_ID='print_hello_task' AIRFLOW_CTX_EXECUTION_DATE='2025-04-05T00:42:00+00:00' AIRFLOW_CTX_TRY_NUMBER='1' AIRFLOW_CTX_DAG_RUN_ID='scheduled__2025-04-05T00:42:00+00:00'
[2025-04-06T06:03:19.496+0000] {logging_mixin.py:190} INFO - Task instance is in running state
[2025-04-06T06:03:19.497+0000] {logging_mixin.py:190} INFO -  Previous state of the Task instance: queued
[2025-04-06T06:03:19.499+0000] {logging_mixin.py:190} INFO - Current task name:print_hello_task state:running start_date:2025-04-06 06:03:18.347890+00:00
[2025-04-06T06:03:19.505+0000] {logging_mixin.py:190} INFO - Dag name:print_hello and current dag run status:running
[2025-04-06T06:03:19.518+0000] {taskinstance.py:732} INFO - ::endgroup::
[2025-04-06T06:03:19.520+0000] {logging_mixin.py:190} INFO - hello
[2025-04-06T06:03:19.521+0000] {python.py:240} INFO - Done. Returned value was: None
[2025-04-06T06:03:19.545+0000] {taskinstance.py:341} INFO - ::group::Post task execution logs
[2025-04-06T06:03:19.547+0000] {taskinstance.py:353} INFO - Marking task as SUCCESS. dag_id=print_hello, task_id=print_hello_task, run_id=scheduled__2025-04-05T00:42:00+00:00, execution_date=20250405T004200, start_date=20250406T060318, end_date=20250406T060319
[2025-04-06T06:03:19.668+0000] {logging_mixin.py:190} INFO - Task instance in success state
[2025-04-06T06:03:19.669+0000] {logging_mixin.py:190} INFO -  Previous state of the Task instance: running
[2025-04-06T06:03:19.670+0000] {logging_mixin.py:190} INFO - Dag name:print_hello queued_at:2025-04-06 06:03:13.787324+00:00
[2025-04-06T06:03:19.671+0000] {logging_mixin.py:190} INFO - Task hostname:5991717e768c operator:PythonOperator
[2025-04-06T06:03:19.742+0000] {local_task_job_runner.py:266} INFO - Task exited with return code 0
[2025-04-06T06:03:19.797+0000] {taskinstance.py:3901} INFO - 1 downstream tasks scheduled from follow-on schedule check
[2025-04-06T06:03:19.836+0000] {local_task_job_runner.py:245} INFO - ::endgroup::
[2025-04-06T06:15:33.027+0000] {local_task_job_runner.py:123} INFO - ::group::Pre task execution logs
[2025-04-06T06:15:33.067+0000] {taskinstance.py:2614} INFO - Dependencies all met for dep_context=non-requeueable deps ti=<TaskInstance: print_hello.print_hello_task scheduled__2025-04-05T00:42:00+00:00 [queued]>
[2025-04-06T06:15:33.088+0000] {taskinstance.py:2614} INFO - Dependencies all met for dep_context=requeueable deps ti=<TaskInstance: print_hello.print_hello_task scheduled__2025-04-05T00:42:00+00:00 [queued]>
[2025-04-06T06:15:33.090+0000] {taskinstance.py:2867} INFO - Starting attempt 1 of 2
[2025-04-06T06:15:33.513+0000] {taskinstance.py:2890} INFO - Executing <Task(PythonOperator): print_hello_task> on 2025-04-05 00:42:00+00:00
[2025-04-06T06:15:33.529+0000] {warnings.py:112} WARNING - /home/***/.local/lib/python3.12/site-packages/***/task/task_runner/standard_task_runner.py:70: DeprecationWarning: This process (pid=1148) is multi-threaded, use of fork() may lead to deadlocks in the child.
  pid = os.fork()

[2025-04-06T06:15:33.532+0000] {standard_task_runner.py:72} INFO - Started process 1188 to run task
[2025-04-06T06:15:33.532+0000] {standard_task_runner.py:104} INFO - Running: ['***', 'tasks', 'run', 'print_hello', 'print_hello_task', 'scheduled__2025-04-05T00:42:00+00:00', '--job-id', '238', '--raw', '--subdir', 'DAGS_FOLDER/print_hello.py', '--cfg-path', '/tmp/tmpstq4h7t_']
[2025-04-06T06:15:33.534+0000] {standard_task_runner.py:105} INFO - Job 238: Subtask print_hello_task
[2025-04-06T06:15:33.623+0000] {task_command.py:467} INFO - Running <TaskInstance: print_hello.print_hello_task scheduled__2025-04-05T00:42:00+00:00 [running]> on host 5991717e768c
[2025-04-06T06:15:33.786+0000] {taskinstance.py:3134} INFO - Exporting env vars: AIRFLOW_CTX_DAG_OWNER='Esayed' AIRFLOW_CTX_DAG_ID='print_hello' AIRFLOW_CTX_TASK_ID='print_hello_task' AIRFLOW_CTX_EXECUTION_DATE='2025-04-05T00:42:00+00:00' AIRFLOW_CTX_TRY_NUMBER='1' AIRFLOW_CTX_DAG_RUN_ID='scheduled__2025-04-05T00:42:00+00:00'
[2025-04-06T06:15:33.789+0000] {logging_mixin.py:190} INFO - Task instance is in running state
[2025-04-06T06:15:33.790+0000] {logging_mixin.py:190} INFO -  Previous state of the Task instance: queued
[2025-04-06T06:15:33.792+0000] {logging_mixin.py:190} INFO - Current task name:print_hello_task state:running start_date:2025-04-06 06:15:33.068935+00:00
[2025-04-06T06:15:33.792+0000] {logging_mixin.py:190} INFO - Dag name:print_hello and current dag run status:running
[2025-04-06T06:15:33.793+0000] {taskinstance.py:732} INFO - ::endgroup::
[2025-04-06T06:15:33.795+0000] {logging_mixin.py:190} INFO - hello
[2025-04-06T06:15:33.796+0000] {python.py:240} INFO - Done. Returned value was: None
[2025-04-06T06:15:33.813+0000] {taskinstance.py:341} INFO - ::group::Post task execution logs
[2025-04-06T06:15:33.814+0000] {taskinstance.py:353} INFO - Marking task as SUCCESS. dag_id=print_hello, task_id=print_hello_task, run_id=scheduled__2025-04-05T00:42:00+00:00, execution_date=20250405T004200, start_date=20250406T061533, end_date=20250406T061533
[2025-04-06T06:15:33.863+0000] {logging_mixin.py:190} INFO - Task instance in success state
[2025-04-06T06:15:33.864+0000] {logging_mixin.py:190} INFO -  Previous state of the Task instance: running
[2025-04-06T06:15:33.865+0000] {logging_mixin.py:190} INFO - Dag name:print_hello queued_at:2025-04-06 06:15:28.010023+00:00
[2025-04-06T06:15:33.867+0000] {logging_mixin.py:190} INFO - Task hostname:5991717e768c operator:PythonOperator
[2025-04-06T06:15:33.913+0000] {local_task_job_runner.py:266} INFO - Task exited with return code 0
[2025-04-06T06:15:33.970+0000] {taskinstance.py:3901} INFO - 1 downstream tasks scheduled from follow-on schedule check
[2025-04-06T06:15:33.978+0000] {local_task_job_runner.py:245} INFO - ::endgroup::
