[2025-04-06T06:02:31.786+0000] {local_task_job_runner.py:123} INFO - ::group::Pre task execution logs
[2025-04-06T06:02:31.827+0000] {taskinstance.py:2614} INFO - Dependencies all met for dep_context=non-requeueable deps ti=<TaskInstance: print_hello.print_hello_task scheduled__2025-04-05T00:04:00+00:00 [queued]>
[2025-04-06T06:02:31.852+0000] {taskinstance.py:2614} INFO - Dependencies all met for dep_context=requeueable deps ti=<TaskInstance: print_hello.print_hello_task scheduled__2025-04-05T00:04:00+00:00 [queued]>
[2025-04-06T06:02:31.854+0000] {taskinstance.py:2867} INFO - Starting attempt 1 of 2
[2025-04-06T06:02:31.921+0000] {taskinstance.py:2890} INFO - Executing <Task(PythonOperator): print_hello_task> on 2025-04-05 00:04:00+00:00
[2025-04-06T06:02:31.955+0000] {warnings.py:112} WARNING - /home/***/.local/lib/python3.12/site-packages/***/task/task_runner/standard_task_runner.py:70: DeprecationWarning: This process (pid=121) is multi-threaded, use of fork() may lead to deadlocks in the child.
  pid = os.fork()

[2025-04-06T06:02:32.033+0000] {standard_task_runner.py:104} INFO - Running: ['***', 'tasks', 'run', 'print_hello', 'print_hello_task', 'scheduled__2025-04-05T00:04:00+00:00', '--job-id', '28', '--raw', '--subdir', 'DAGS_FOLDER/print_hello.py', '--cfg-path', '/tmp/tmpvq8ap7wl']
[2025-04-06T06:02:32.036+0000] {standard_task_runner.py:105} INFO - Job 28: Subtask print_hello_task
[2025-04-06T06:02:32.087+0000] {standard_task_runner.py:72} INFO - Started process 162 to run task
[2025-04-06T06:02:32.496+0000] {task_command.py:467} INFO - Running <TaskInstance: print_hello.print_hello_task scheduled__2025-04-05T00:04:00+00:00 [running]> on host 5991717e768c
[2025-04-06T06:02:37.977+0000] {taskinstance.py:3134} INFO - Exporting env vars: AIRFLOW_CTX_DAG_OWNER='Esayed' AIRFLOW_CTX_DAG_ID='print_hello' AIRFLOW_CTX_TASK_ID='print_hello_task' AIRFLOW_CTX_EXECUTION_DATE='2025-04-05T00:04:00+00:00' AIRFLOW_CTX_TRY_NUMBER='1' AIRFLOW_CTX_DAG_RUN_ID='scheduled__2025-04-05T00:04:00+00:00'
[2025-04-06T06:02:37.980+0000] {logging_mixin.py:190} INFO - Task instance is in running state
[2025-04-06T06:02:37.981+0000] {logging_mixin.py:190} INFO -  Previous state of the Task instance: queued
[2025-04-06T06:02:37.981+0000] {logging_mixin.py:190} INFO - Current task name:print_hello_task state:running start_date:2025-04-06 06:02:31.831633+00:00
[2025-04-06T06:02:37.983+0000] {logging_mixin.py:190} INFO - Dag name:print_hello and current dag run status:running
[2025-04-06T06:02:37.984+0000] {taskinstance.py:732} INFO - ::endgroup::
[2025-04-06T06:02:37.985+0000] {logging_mixin.py:190} INFO - hello
[2025-04-06T06:02:37.986+0000] {python.py:240} INFO - Done. Returned value was: None
[2025-04-06T06:02:38.030+0000] {taskinstance.py:341} INFO - ::group::Post task execution logs
[2025-04-06T06:02:38.041+0000] {taskinstance.py:353} INFO - Marking task as SUCCESS. dag_id=print_hello, task_id=print_hello_task, run_id=scheduled__2025-04-05T00:04:00+00:00, execution_date=20250405T000400, start_date=20250406T060231, end_date=20250406T060238
[2025-04-06T06:02:38.156+0000] {logging_mixin.py:190} INFO - Task instance in success state
[2025-04-06T06:02:38.157+0000] {logging_mixin.py:190} INFO -  Previous state of the Task instance: running
[2025-04-06T06:02:38.158+0000] {logging_mixin.py:190} INFO - Dag name:print_hello queued_at:2025-04-06 06:02:20.599972+00:00
[2025-04-06T06:02:38.159+0000] {logging_mixin.py:190} INFO - Task hostname:5991717e768c operator:PythonOperator
[2025-04-06T06:02:38.212+0000] {local_task_job_runner.py:266} INFO - Task exited with return code 0
[2025-04-06T06:02:38.249+0000] {taskinstance.py:3901} INFO - 1 downstream tasks scheduled from follow-on schedule check
[2025-04-06T06:02:38.266+0000] {local_task_job_runner.py:245} INFO - ::endgroup::
[2025-04-06T06:14:55.157+0000] {local_task_job_runner.py:123} INFO - ::group::Pre task execution logs
[2025-04-06T06:14:55.197+0000] {taskinstance.py:2614} INFO - Dependencies all met for dep_context=non-requeueable deps ti=<TaskInstance: print_hello.print_hello_task scheduled__2025-04-05T00:04:00+00:00 [queued]>
[2025-04-06T06:14:55.219+0000] {taskinstance.py:2614} INFO - Dependencies all met for dep_context=requeueable deps ti=<TaskInstance: print_hello.print_hello_task scheduled__2025-04-05T00:04:00+00:00 [queued]>
[2025-04-06T06:14:55.221+0000] {taskinstance.py:2867} INFO - Starting attempt 1 of 2
[2025-04-06T06:14:55.263+0000] {taskinstance.py:2890} INFO - Executing <Task(PythonOperator): print_hello_task> on 2025-04-05 00:04:00+00:00
[2025-04-06T06:14:55.290+0000] {warnings.py:112} WARNING - /home/***/.local/lib/python3.12/site-packages/***/task/task_runner/standard_task_runner.py:70: DeprecationWarning: This process (pid=873) is multi-threaded, use of fork() may lead to deadlocks in the child.
  pid = os.fork()

[2025-04-06T06:14:55.298+0000] {standard_task_runner.py:72} INFO - Started process 903 to run task
[2025-04-06T06:14:55.297+0000] {standard_task_runner.py:104} INFO - Running: ['***', 'tasks', 'run', 'print_hello', 'print_hello_task', 'scheduled__2025-04-05T00:04:00+00:00', '--job-id', '168', '--raw', '--subdir', 'DAGS_FOLDER/print_hello.py', '--cfg-path', '/tmp/tmpn2i3flol']
[2025-04-06T06:14:55.300+0000] {standard_task_runner.py:105} INFO - Job 168: Subtask print_hello_task
[2025-04-06T06:14:56.051+0000] {task_command.py:467} INFO - Running <TaskInstance: print_hello.print_hello_task scheduled__2025-04-05T00:04:00+00:00 [running]> on host 5991717e768c
[2025-04-06T06:14:56.309+0000] {taskinstance.py:3134} INFO - Exporting env vars: AIRFLOW_CTX_DAG_OWNER='Esayed' AIRFLOW_CTX_DAG_ID='print_hello' AIRFLOW_CTX_TASK_ID='print_hello_task' AIRFLOW_CTX_EXECUTION_DATE='2025-04-05T00:04:00+00:00' AIRFLOW_CTX_TRY_NUMBER='1' AIRFLOW_CTX_DAG_RUN_ID='scheduled__2025-04-05T00:04:00+00:00'
[2025-04-06T06:14:56.316+0000] {logging_mixin.py:190} INFO - Task instance is in running state
[2025-04-06T06:14:56.322+0000] {logging_mixin.py:190} INFO -  Previous state of the Task instance: queued
[2025-04-06T06:14:56.325+0000] {logging_mixin.py:190} INFO - Current task name:print_hello_task state:running start_date:2025-04-06 06:14:55.199267+00:00
[2025-04-06T06:14:56.329+0000] {logging_mixin.py:190} INFO - Dag name:print_hello and current dag run status:running
[2025-04-06T06:14:56.331+0000] {taskinstance.py:732} INFO - ::endgroup::
[2025-04-06T06:14:56.333+0000] {logging_mixin.py:190} INFO - hello
[2025-04-06T06:14:56.334+0000] {python.py:240} INFO - Done. Returned value was: None
[2025-04-06T06:14:56.369+0000] {taskinstance.py:341} INFO - ::group::Post task execution logs
[2025-04-06T06:14:56.371+0000] {taskinstance.py:353} INFO - Marking task as SUCCESS. dag_id=print_hello, task_id=print_hello_task, run_id=scheduled__2025-04-05T00:04:00+00:00, execution_date=20250405T000400, start_date=20250406T061455, end_date=20250406T061456
[2025-04-06T06:14:56.434+0000] {logging_mixin.py:190} INFO - Task instance in success state
[2025-04-06T06:14:56.435+0000] {logging_mixin.py:190} INFO -  Previous state of the Task instance: running
[2025-04-06T06:14:56.437+0000] {logging_mixin.py:190} INFO - Dag name:print_hello queued_at:2025-04-06 06:14:51.930277+00:00
[2025-04-06T06:14:56.439+0000] {logging_mixin.py:190} INFO - Task hostname:5991717e768c operator:PythonOperator
[2025-04-06T06:14:56.507+0000] {local_task_job_runner.py:266} INFO - Task exited with return code 0
[2025-04-06T06:14:56.955+0000] {taskinstance.py:3901} INFO - 1 downstream tasks scheduled from follow-on schedule check
[2025-04-06T06:14:56.960+0000] {local_task_job_runner.py:245} INFO - ::endgroup::
