[2025-04-06T06:03:33.877+0000] {local_task_job_runner.py:123} INFO - ::group::Pre task execution logs
[2025-04-06T06:03:33.900+0000] {taskinstance.py:2614} INFO - Dependencies all met for dep_context=non-requeueable deps ti=<TaskInstance: print_hello.print_hello_task scheduled__2025-04-05T00:55:00+00:00 [queued]>
[2025-04-06T06:03:33.911+0000] {taskinstance.py:2614} INFO - Dependencies all met for dep_context=requeueable deps ti=<TaskInstance: print_hello.print_hello_task scheduled__2025-04-05T00:55:00+00:00 [queued]>
[2025-04-06T06:03:33.912+0000] {taskinstance.py:2867} INFO - Starting attempt 1 of 2
[2025-04-06T06:03:34.134+0000] {taskinstance.py:2890} INFO - Executing <Task(PythonOperator): print_hello_task> on 2025-04-05 00:55:00+00:00
[2025-04-06T06:03:34.145+0000] {warnings.py:112} WARNING - /home/***/.local/lib/python3.12/site-packages/***/task/task_runner/standard_task_runner.py:70: DeprecationWarning: This process (pid=529) is multi-threaded, use of fork() may lead to deadlocks in the child.
  pid = os.fork()

[2025-04-06T06:03:34.147+0000] {standard_task_runner.py:72} INFO - Started process 549 to run task
[2025-04-06T06:03:34.148+0000] {standard_task_runner.py:104} INFO - Running: ['***', 'tasks', 'run', 'print_hello', 'print_hello_task', 'scheduled__2025-04-05T00:55:00+00:00', '--job-id', '119', '--raw', '--subdir', 'DAGS_FOLDER/print_hello.py', '--cfg-path', '/tmp/tmpjy8xluhi']
[2025-04-06T06:03:34.149+0000] {standard_task_runner.py:105} INFO - Job 119: Subtask print_hello_task
[2025-04-06T06:03:34.207+0000] {task_command.py:467} INFO - Running <TaskInstance: print_hello.print_hello_task scheduled__2025-04-05T00:55:00+00:00 [running]> on host 5991717e768c
[2025-04-06T06:03:34.357+0000] {taskinstance.py:3134} INFO - Exporting env vars: AIRFLOW_CTX_DAG_OWNER='Esayed' AIRFLOW_CTX_DAG_ID='print_hello' AIRFLOW_CTX_TASK_ID='print_hello_task' AIRFLOW_CTX_EXECUTION_DATE='2025-04-05T00:55:00+00:00' AIRFLOW_CTX_TRY_NUMBER='1' AIRFLOW_CTX_DAG_RUN_ID='scheduled__2025-04-05T00:55:00+00:00'
[2025-04-06T06:03:34.360+0000] {logging_mixin.py:190} INFO - Task instance is in running state
[2025-04-06T06:03:34.361+0000] {logging_mixin.py:190} INFO -  Previous state of the Task instance: queued
[2025-04-06T06:03:34.362+0000] {logging_mixin.py:190} INFO - Current task name:print_hello_task state:running start_date:2025-04-06 06:03:33.901390+00:00
[2025-04-06T06:03:34.363+0000] {logging_mixin.py:190} INFO - Dag name:print_hello and current dag run status:running
[2025-04-06T06:03:34.364+0000] {taskinstance.py:732} INFO - ::endgroup::
[2025-04-06T06:03:34.366+0000] {logging_mixin.py:190} INFO - hello
[2025-04-06T06:03:34.367+0000] {python.py:240} INFO - Done. Returned value was: None
[2025-04-06T06:03:34.385+0000] {taskinstance.py:341} INFO - ::group::Post task execution logs
[2025-04-06T06:03:34.386+0000] {taskinstance.py:353} INFO - Marking task as SUCCESS. dag_id=print_hello, task_id=print_hello_task, run_id=scheduled__2025-04-05T00:55:00+00:00, execution_date=20250405T005500, start_date=20250406T060333, end_date=20250406T060334
[2025-04-06T06:03:34.432+0000] {logging_mixin.py:190} INFO - Task instance in success state
[2025-04-06T06:03:34.433+0000] {logging_mixin.py:190} INFO -  Previous state of the Task instance: running
[2025-04-06T06:03:34.434+0000] {logging_mixin.py:190} INFO - Dag name:print_hello queued_at:2025-04-06 06:03:30.634116+00:00
[2025-04-06T06:03:34.435+0000] {logging_mixin.py:190} INFO - Task hostname:5991717e768c operator:PythonOperator
[2025-04-06T06:03:34.484+0000] {local_task_job_runner.py:266} INFO - Task exited with return code 0
[2025-04-06T06:03:34.510+0000] {taskinstance.py:3901} INFO - 0 downstream tasks scheduled from follow-on schedule check
[2025-04-06T06:03:34.514+0000] {local_task_job_runner.py:245} INFO - ::endgroup::
[2025-04-06T06:15:50.919+0000] {local_task_job_runner.py:123} INFO - ::group::Pre task execution logs
[2025-04-06T06:15:50.966+0000] {taskinstance.py:2614} INFO - Dependencies all met for dep_context=non-requeueable deps ti=<TaskInstance: print_hello.print_hello_task scheduled__2025-04-05T00:55:00+00:00 [queued]>
[2025-04-06T06:15:50.994+0000] {taskinstance.py:2614} INFO - Dependencies all met for dep_context=requeueable deps ti=<TaskInstance: print_hello.print_hello_task scheduled__2025-04-05T00:55:00+00:00 [queued]>
[2025-04-06T06:15:50.997+0000] {taskinstance.py:2867} INFO - Starting attempt 1 of 2
[2025-04-06T06:15:51.806+0000] {taskinstance.py:2890} INFO - Executing <Task(PythonOperator): print_hello_task> on 2025-04-05 00:55:00+00:00
[2025-04-06T06:15:51.828+0000] {warnings.py:112} WARNING - /home/***/.local/lib/python3.12/site-packages/***/task/task_runner/standard_task_runner.py:70: DeprecationWarning: This process (pid=1289) is multi-threaded, use of fork() may lead to deadlocks in the child.
  pid = os.fork()

[2025-04-06T06:15:51.835+0000] {standard_task_runner.py:104} INFO - Running: ['***', 'tasks', 'run', 'print_hello', 'print_hello_task', 'scheduled__2025-04-05T00:55:00+00:00', '--job-id', '271', '--raw', '--subdir', 'DAGS_FOLDER/print_hello.py', '--cfg-path', '/tmp/tmpdpyx_taa']
[2025-04-06T06:15:51.836+0000] {standard_task_runner.py:72} INFO - Started process 1325 to run task
[2025-04-06T06:15:51.838+0000] {standard_task_runner.py:105} INFO - Job 271: Subtask print_hello_task
[2025-04-06T06:15:52.006+0000] {task_command.py:467} INFO - Running <TaskInstance: print_hello.print_hello_task scheduled__2025-04-05T00:55:00+00:00 [running]> on host 5991717e768c
[2025-04-06T06:15:52.220+0000] {taskinstance.py:3134} INFO - Exporting env vars: AIRFLOW_CTX_DAG_OWNER='Esayed' AIRFLOW_CTX_DAG_ID='print_hello' AIRFLOW_CTX_TASK_ID='print_hello_task' AIRFLOW_CTX_EXECUTION_DATE='2025-04-05T00:55:00+00:00' AIRFLOW_CTX_TRY_NUMBER='1' AIRFLOW_CTX_DAG_RUN_ID='scheduled__2025-04-05T00:55:00+00:00'
[2025-04-06T06:15:52.224+0000] {logging_mixin.py:190} INFO - Task instance is in running state
[2025-04-06T06:15:52.226+0000] {logging_mixin.py:190} INFO -  Previous state of the Task instance: queued
[2025-04-06T06:15:52.227+0000] {logging_mixin.py:190} INFO - Current task name:print_hello_task state:running start_date:2025-04-06 06:15:50.968386+00:00
[2025-04-06T06:15:52.229+0000] {logging_mixin.py:190} INFO - Dag name:print_hello and current dag run status:running
[2025-04-06T06:15:52.230+0000] {taskinstance.py:732} INFO - ::endgroup::
[2025-04-06T06:15:52.233+0000] {logging_mixin.py:190} INFO - hello
[2025-04-06T06:15:52.234+0000] {python.py:240} INFO - Done. Returned value was: None
[2025-04-06T06:15:52.253+0000] {taskinstance.py:341} INFO - ::group::Post task execution logs
[2025-04-06T06:15:52.255+0000] {taskinstance.py:353} INFO - Marking task as SUCCESS. dag_id=print_hello, task_id=print_hello_task, run_id=scheduled__2025-04-05T00:55:00+00:00, execution_date=20250405T005500, start_date=20250406T061550, end_date=20250406T061552
[2025-04-06T06:15:52.309+0000] {logging_mixin.py:190} INFO - Task instance in success state
[2025-04-06T06:15:52.310+0000] {logging_mixin.py:190} INFO -  Previous state of the Task instance: running
[2025-04-06T06:15:52.312+0000] {logging_mixin.py:190} INFO - Dag name:print_hello queued_at:2025-04-06 06:15:45.831689+00:00
[2025-04-06T06:15:52.314+0000] {logging_mixin.py:190} INFO - Task hostname:5991717e768c operator:PythonOperator
[2025-04-06T06:15:52.390+0000] {local_task_job_runner.py:266} INFO - Task exited with return code 0
[2025-04-06T06:15:52.411+0000] {local_task_job_runner.py:245} INFO - ::endgroup::
