[2025-04-06T06:03:20.497+0000] {local_task_job_runner.py:123} INFO - ::group::Pre task execution logs
[2025-04-06T06:03:20.549+0000] {taskinstance.py:2614} INFO - Dependencies all met for dep_context=non-requeueable deps ti=<TaskInstance: print_hello.print_hello_task scheduled__2025-04-05T00:46:00+00:00 [queued]>
[2025-04-06T06:03:20.572+0000] {taskinstance.py:2614} INFO - Dependencies all met for dep_context=requeueable deps ti=<TaskInstance: print_hello.print_hello_task scheduled__2025-04-05T00:46:00+00:00 [queued]>
[2025-04-06T06:03:20.573+0000] {taskinstance.py:2867} INFO - Starting attempt 1 of 2
[2025-04-06T06:03:21.101+0000] {taskinstance.py:2890} INFO - Executing <Task(PythonOperator): print_hello_task> on 2025-04-05 00:46:00+00:00
[2025-04-06T06:03:21.127+0000] {warnings.py:112} WARNING - /home/***/.local/lib/python3.12/site-packages/***/task/task_runner/standard_task_runner.py:70: DeprecationWarning: This process (pid=410) is multi-threaded, use of fork() may lead to deadlocks in the child.
  pid = os.fork()

[2025-04-06T06:03:21.132+0000] {standard_task_runner.py:72} INFO - Started process 463 to run task
[2025-04-06T06:03:21.138+0000] {standard_task_runner.py:104} INFO - Running: ['***', 'tasks', 'run', 'print_hello', 'print_hello_task', 'scheduled__2025-04-05T00:46:00+00:00', '--job-id', '93', '--raw', '--subdir', 'DAGS_FOLDER/print_hello.py', '--cfg-path', '/tmp/tmp5_dxdrfs']
[2025-04-06T06:03:21.152+0000] {standard_task_runner.py:105} INFO - Job 93: Subtask print_hello_task
[2025-04-06T06:03:21.270+0000] {task_command.py:467} INFO - Running <TaskInstance: print_hello.print_hello_task scheduled__2025-04-05T00:46:00+00:00 [running]> on host 5991717e768c
[2025-04-06T06:03:21.589+0000] {taskinstance.py:3134} INFO - Exporting env vars: AIRFLOW_CTX_DAG_OWNER='Esayed' AIRFLOW_CTX_DAG_ID='print_hello' AIRFLOW_CTX_TASK_ID='print_hello_task' AIRFLOW_CTX_EXECUTION_DATE='2025-04-05T00:46:00+00:00' AIRFLOW_CTX_TRY_NUMBER='1' AIRFLOW_CTX_DAG_RUN_ID='scheduled__2025-04-05T00:46:00+00:00'
[2025-04-06T06:03:21.596+0000] {logging_mixin.py:190} INFO - Task instance is in running state
[2025-04-06T06:03:21.597+0000] {logging_mixin.py:190} INFO -  Previous state of the Task instance: queued
[2025-04-06T06:03:21.599+0000] {logging_mixin.py:190} INFO - Current task name:print_hello_task state:running start_date:2025-04-06 06:03:20.551307+00:00
[2025-04-06T06:03:21.602+0000] {logging_mixin.py:190} INFO - Dag name:print_hello and current dag run status:running
[2025-04-06T06:03:21.605+0000] {taskinstance.py:732} INFO - ::endgroup::
[2025-04-06T06:03:21.609+0000] {logging_mixin.py:190} INFO - hello
[2025-04-06T06:03:21.614+0000] {python.py:240} INFO - Done. Returned value was: None
[2025-04-06T06:03:21.643+0000] {taskinstance.py:341} INFO - ::group::Post task execution logs
[2025-04-06T06:03:21.645+0000] {taskinstance.py:353} INFO - Marking task as SUCCESS. dag_id=print_hello, task_id=print_hello_task, run_id=scheduled__2025-04-05T00:46:00+00:00, execution_date=20250405T004600, start_date=20250406T060320, end_date=20250406T060321
[2025-04-06T06:03:21.722+0000] {logging_mixin.py:190} INFO - Task instance in success state
[2025-04-06T06:03:21.734+0000] {logging_mixin.py:190} INFO -  Previous state of the Task instance: running
[2025-04-06T06:03:21.736+0000] {logging_mixin.py:190} INFO - Dag name:print_hello queued_at:2025-04-06 06:03:15.402951+00:00
[2025-04-06T06:03:21.737+0000] {logging_mixin.py:190} INFO - Task hostname:5991717e768c operator:PythonOperator
[2025-04-06T06:03:21.778+0000] {local_task_job_runner.py:266} INFO - Task exited with return code 0
[2025-04-06T06:03:21.822+0000] {taskinstance.py:3901} INFO - 0 downstream tasks scheduled from follow-on schedule check
[2025-04-06T06:03:21.844+0000] {local_task_job_runner.py:245} INFO - ::endgroup::
[2025-04-06T06:15:34.570+0000] {local_task_job_runner.py:123} INFO - ::group::Pre task execution logs
[2025-04-06T06:15:34.609+0000] {taskinstance.py:2614} INFO - Dependencies all met for dep_context=non-requeueable deps ti=<TaskInstance: print_hello.print_hello_task scheduled__2025-04-05T00:46:00+00:00 [queued]>
[2025-04-06T06:15:34.633+0000] {taskinstance.py:2614} INFO - Dependencies all met for dep_context=requeueable deps ti=<TaskInstance: print_hello.print_hello_task scheduled__2025-04-05T00:46:00+00:00 [queued]>
[2025-04-06T06:15:34.635+0000] {taskinstance.py:2867} INFO - Starting attempt 1 of 2
[2025-04-06T06:15:35.115+0000] {taskinstance.py:2890} INFO - Executing <Task(PythonOperator): print_hello_task> on 2025-04-05 00:46:00+00:00
[2025-04-06T06:15:35.134+0000] {warnings.py:112} WARNING - /home/***/.local/lib/python3.12/site-packages/***/task/task_runner/standard_task_runner.py:70: DeprecationWarning: This process (pid=1162) is multi-threaded, use of fork() may lead to deadlocks in the child.
  pid = os.fork()

[2025-04-06T06:15:35.136+0000] {standard_task_runner.py:72} INFO - Started process 1196 to run task
[2025-04-06T06:15:35.136+0000] {standard_task_runner.py:104} INFO - Running: ['***', 'tasks', 'run', 'print_hello', 'print_hello_task', 'scheduled__2025-04-05T00:46:00+00:00', '--job-id', '242', '--raw', '--subdir', 'DAGS_FOLDER/print_hello.py', '--cfg-path', '/tmp/tmpdo52_9df']
[2025-04-06T06:15:35.139+0000] {standard_task_runner.py:105} INFO - Job 242: Subtask print_hello_task
[2025-04-06T06:15:35.320+0000] {task_command.py:467} INFO - Running <TaskInstance: print_hello.print_hello_task scheduled__2025-04-05T00:46:00+00:00 [running]> on host 5991717e768c
[2025-04-06T06:15:35.657+0000] {taskinstance.py:3134} INFO - Exporting env vars: AIRFLOW_CTX_DAG_OWNER='Esayed' AIRFLOW_CTX_DAG_ID='print_hello' AIRFLOW_CTX_TASK_ID='print_hello_task' AIRFLOW_CTX_EXECUTION_DATE='2025-04-05T00:46:00+00:00' AIRFLOW_CTX_TRY_NUMBER='1' AIRFLOW_CTX_DAG_RUN_ID='scheduled__2025-04-05T00:46:00+00:00'
[2025-04-06T06:15:35.661+0000] {logging_mixin.py:190} INFO - Task instance is in running state
[2025-04-06T06:15:35.662+0000] {logging_mixin.py:190} INFO -  Previous state of the Task instance: queued
[2025-04-06T06:15:35.667+0000] {logging_mixin.py:190} INFO - Current task name:print_hello_task state:running start_date:2025-04-06 06:15:34.610220+00:00
[2025-04-06T06:15:35.673+0000] {logging_mixin.py:190} INFO - Dag name:print_hello and current dag run status:running
[2025-04-06T06:15:35.674+0000] {taskinstance.py:732} INFO - ::endgroup::
[2025-04-06T06:15:35.676+0000] {logging_mixin.py:190} INFO - hello
[2025-04-06T06:15:35.678+0000] {python.py:240} INFO - Done. Returned value was: None
[2025-04-06T06:15:35.725+0000] {taskinstance.py:341} INFO - ::group::Post task execution logs
[2025-04-06T06:15:35.727+0000] {taskinstance.py:353} INFO - Marking task as SUCCESS. dag_id=print_hello, task_id=print_hello_task, run_id=scheduled__2025-04-05T00:46:00+00:00, execution_date=20250405T004600, start_date=20250406T061534, end_date=20250406T061535
[2025-04-06T06:15:35.791+0000] {logging_mixin.py:190} INFO - Task instance in success state
[2025-04-06T06:15:35.794+0000] {logging_mixin.py:190} INFO -  Previous state of the Task instance: running
[2025-04-06T06:15:35.803+0000] {logging_mixin.py:190} INFO - Dag name:print_hello queued_at:2025-04-06 06:15:29.571550+00:00
[2025-04-06T06:15:35.804+0000] {logging_mixin.py:190} INFO - Task hostname:5991717e768c operator:PythonOperator
[2025-04-06T06:15:35.890+0000] {local_task_job_runner.py:266} INFO - Task exited with return code 0
[2025-04-06T06:15:35.916+0000] {local_task_job_runner.py:245} INFO - ::endgroup::
