[2025-04-07T05:23:48.850+0000] {local_task_job_runner.py:123} INFO - ::group::Pre task execution logs
[2025-04-07T05:23:48.870+0000] {taskinstance.py:2614} INFO - Dependencies all met for dep_context=non-requeueable deps ti=<TaskInstance: print_hello3.print_hello_task scheduled__2025-04-06T00:00:00+00:00 [queued]>
[2025-04-07T05:23:48.887+0000] {taskinstance.py:2614} INFO - Dependencies all met for dep_context=requeueable deps ti=<TaskInstance: print_hello3.print_hello_task scheduled__2025-04-06T00:00:00+00:00 [queued]>
[2025-04-07T05:23:48.888+0000] {taskinstance.py:2867} INFO - Starting attempt 1 of 2
[2025-04-07T05:23:49.093+0000] {taskinstance.py:2890} INFO - Executing <Task(PythonOperator): print_hello_task> on 2025-04-06 00:00:00+00:00
[2025-04-07T05:23:49.104+0000] {warnings.py:112} WARNING - /home/***/.local/lib/python3.12/site-packages/***/task/task_runner/standard_task_runner.py:70: DeprecationWarning: This process (pid=75) is multi-threaded, use of fork() may lead to deadlocks in the child.
  pid = os.fork()

[2025-04-07T05:23:49.108+0000] {standard_task_runner.py:72} INFO - Started process 78 to run task
[2025-04-07T05:23:49.108+0000] {standard_task_runner.py:104} INFO - Running: ['***', 'tasks', 'run', 'print_hello3', 'print_hello_task', 'scheduled__2025-04-06T00:00:00+00:00', '--job-id', '456', '--raw', '--subdir', 'DAGS_FOLDER/print_hello.py', '--cfg-path', '/tmp/tmps33yuvic']
[2025-04-07T05:23:49.110+0000] {standard_task_runner.py:105} INFO - Job 456: Subtask print_hello_task
[2025-04-07T05:23:49.205+0000] {task_command.py:467} INFO - Running <TaskInstance: print_hello3.print_hello_task scheduled__2025-04-06T00:00:00+00:00 [running]> on host 5991717e768c
[2025-04-07T05:23:49.359+0000] {taskinstance.py:3134} INFO - Exporting env vars: AIRFLOW_CTX_DAG_OWNER='Esayed' AIRFLOW_CTX_DAG_ID='print_hello3' AIRFLOW_CTX_TASK_ID='print_hello_task' AIRFLOW_CTX_EXECUTION_DATE='2025-04-06T00:00:00+00:00' AIRFLOW_CTX_TRY_NUMBER='1' AIRFLOW_CTX_DAG_RUN_ID='scheduled__2025-04-06T00:00:00+00:00'
[2025-04-07T05:23:49.361+0000] {logging_mixin.py:190} INFO - Task instance is in running state
[2025-04-07T05:23:49.362+0000] {logging_mixin.py:190} INFO -  Previous state of the Task instance: queued
[2025-04-07T05:23:49.363+0000] {logging_mixin.py:190} INFO - Current task name:print_hello_task state:running start_date:2025-04-07 05:23:48.871765+00:00
[2025-04-07T05:23:49.364+0000] {logging_mixin.py:190} INFO - Dag name:print_hello3 and current dag run status:running
[2025-04-07T05:23:49.365+0000] {taskinstance.py:732} INFO - ::endgroup::
[2025-04-07T05:23:49.366+0000] {logging_mixin.py:190} INFO - hello
[2025-04-07T05:23:49.367+0000] {python.py:240} INFO - Done. Returned value was: None
[2025-04-07T05:23:49.382+0000] {taskinstance.py:341} INFO - ::group::Post task execution logs
[2025-04-07T05:23:49.383+0000] {taskinstance.py:353} INFO - Marking task as SUCCESS. dag_id=print_hello3, task_id=print_hello_task, run_id=scheduled__2025-04-06T00:00:00+00:00, execution_date=20250406T000000, start_date=20250407T052348, end_date=20250407T052349
[2025-04-07T05:23:49.436+0000] {logging_mixin.py:190} INFO - Task instance in success state
[2025-04-07T05:23:49.437+0000] {logging_mixin.py:190} INFO -  Previous state of the Task instance: running
[2025-04-07T05:23:49.438+0000] {logging_mixin.py:190} INFO - Dag name:print_hello3 queued_at:2025-04-07 05:23:42.009118+00:00
[2025-04-07T05:23:49.439+0000] {logging_mixin.py:190} INFO - Task hostname:5991717e768c operator:PythonOperator
[2025-04-07T05:23:49.487+0000] {local_task_job_runner.py:266} INFO - Task exited with return code 0
[2025-04-07T05:23:49.517+0000] {taskinstance.py:3901} INFO - 1 downstream tasks scheduled from follow-on schedule check
[2025-04-07T05:23:49.521+0000] {local_task_job_runner.py:245} INFO - ::endgroup::
