[2025-04-06T06:02:50.012+0000] {local_task_job_runner.py:123} INFO - ::group::Pre task execution logs
[2025-04-06T06:02:50.043+0000] {taskinstance.py:2614} INFO - Dependencies all met for dep_context=non-requeueable deps ti=<TaskInstance: print_hello.save_to_csv_task scheduled__2025-04-05T00:06:00+00:00 [queued]>
[2025-04-06T06:02:50.064+0000] {taskinstance.py:2614} INFO - Dependencies all met for dep_context=requeueable deps ti=<TaskInstance: print_hello.save_to_csv_task scheduled__2025-04-05T00:06:00+00:00 [queued]>
[2025-04-06T06:02:50.064+0000] {taskinstance.py:2867} INFO - Starting attempt 1 of 2
[2025-04-06T06:02:50.308+0000] {taskinstance.py:2890} INFO - Executing <Task(PythonOperator): save_to_csv_task> on 2025-04-05 00:06:00+00:00
[2025-04-06T06:02:50.320+0000] {warnings.py:112} WARNING - /home/***/.local/lib/python3.12/site-packages/***/task/task_runner/standard_task_runner.py:70: DeprecationWarning: This process (pid=191) is multi-threaded, use of fork() may lead to deadlocks in the child.
  pid = os.fork()

[2025-04-06T06:02:50.323+0000] {standard_task_runner.py:72} INFO - Started process 244 to run task
[2025-04-06T06:02:50.323+0000] {standard_task_runner.py:104} INFO - Running: ['***', 'tasks', 'run', 'print_hello', 'save_to_csv_task', 'scheduled__2025-04-05T00:06:00+00:00', '--job-id', '45', '--raw', '--subdir', 'DAGS_FOLDER/print_hello.py', '--cfg-path', '/tmp/tmpf6085xb6']
[2025-04-06T06:02:50.325+0000] {standard_task_runner.py:105} INFO - Job 45: Subtask save_to_csv_task
[2025-04-06T06:02:50.388+0000] {task_command.py:467} INFO - Running <TaskInstance: print_hello.save_to_csv_task scheduled__2025-04-05T00:06:00+00:00 [running]> on host 5991717e768c
[2025-04-06T06:02:50.488+0000] {taskinstance.py:3134} INFO - Exporting env vars: AIRFLOW_CTX_DAG_OWNER='Esayed' AIRFLOW_CTX_DAG_ID='print_hello' AIRFLOW_CTX_TASK_ID='save_to_csv_task' AIRFLOW_CTX_EXECUTION_DATE='2025-04-05T00:06:00+00:00' AIRFLOW_CTX_TRY_NUMBER='1' AIRFLOW_CTX_DAG_RUN_ID='scheduled__2025-04-05T00:06:00+00:00'
[2025-04-06T06:02:50.489+0000] {logging_mixin.py:190} INFO - Task instance is in running state
[2025-04-06T06:02:50.490+0000] {logging_mixin.py:190} INFO -  Previous state of the Task instance: queued
[2025-04-06T06:02:50.490+0000] {logging_mixin.py:190} INFO - Current task name:save_to_csv_task state:running start_date:2025-04-06 06:02:50.044437+00:00
[2025-04-06T06:02:50.491+0000] {logging_mixin.py:190} INFO - Dag name:print_hello and current dag run status:running
[2025-04-06T06:02:50.491+0000] {taskinstance.py:732} INFO - ::endgroup::
[2025-04-06T06:02:50.499+0000] {python.py:240} INFO - Done. Returned value was: None
[2025-04-06T06:02:50.512+0000] {taskinstance.py:341} INFO - ::group::Post task execution logs
[2025-04-06T06:02:50.513+0000] {taskinstance.py:353} INFO - Marking task as SUCCESS. dag_id=print_hello, task_id=save_to_csv_task, run_id=scheduled__2025-04-05T00:06:00+00:00, execution_date=20250405T000600, start_date=20250406T060250, end_date=20250406T060250
[2025-04-06T06:02:50.553+0000] {logging_mixin.py:190} INFO - Task instance in success state
[2025-04-06T06:02:50.554+0000] {logging_mixin.py:190} INFO -  Previous state of the Task instance: running
[2025-04-06T06:02:50.554+0000] {logging_mixin.py:190} INFO - Dag name:print_hello queued_at:2025-04-06 06:02:20.925538+00:00
[2025-04-06T06:02:50.555+0000] {logging_mixin.py:190} INFO - Task hostname:5991717e768c operator:PythonOperator
[2025-04-06T06:02:50.580+0000] {local_task_job_runner.py:266} INFO - Task exited with return code 0
[2025-04-06T06:02:50.599+0000] {taskinstance.py:3901} INFO - 0 downstream tasks scheduled from follow-on schedule check
[2025-04-06T06:02:50.602+0000] {local_task_job_runner.py:245} INFO - ::endgroup::
[2025-04-06T06:15:04.030+0000] {local_task_job_runner.py:123} INFO - ::group::Pre task execution logs
[2025-04-06T06:15:04.168+0000] {taskinstance.py:2614} INFO - Dependencies all met for dep_context=non-requeueable deps ti=<TaskInstance: print_hello.save_to_csv_task scheduled__2025-04-05T00:06:00+00:00 [queued]>
[2025-04-06T06:15:04.239+0000] {taskinstance.py:2614} INFO - Dependencies all met for dep_context=requeueable deps ti=<TaskInstance: print_hello.save_to_csv_task scheduled__2025-04-05T00:06:00+00:00 [queued]>
[2025-04-06T06:15:04.242+0000] {taskinstance.py:2867} INFO - Starting attempt 1 of 2
[2025-04-06T06:15:04.852+0000] {taskinstance.py:2890} INFO - Executing <Task(PythonOperator): save_to_csv_task> on 2025-04-05 00:06:00+00:00
[2025-04-06T06:15:04.883+0000] {warnings.py:112} WARNING - /home/***/.local/lib/python3.12/site-packages/***/task/task_runner/standard_task_runner.py:70: DeprecationWarning: This process (pid=930) is multi-threaded, use of fork() may lead to deadlocks in the child.
  pid = os.fork()

[2025-04-06T06:15:04.902+0000] {standard_task_runner.py:72} INFO - Started process 980 to run task
[2025-04-06T06:15:04.905+0000] {standard_task_runner.py:104} INFO - Running: ['***', 'tasks', 'run', 'print_hello', 'save_to_csv_task', 'scheduled__2025-04-05T00:06:00+00:00', '--job-id', '186', '--raw', '--subdir', 'DAGS_FOLDER/print_hello.py', '--cfg-path', '/tmp/tmp7e1vhz_n']
[2025-04-06T06:15:04.923+0000] {standard_task_runner.py:105} INFO - Job 186: Subtask save_to_csv_task
[2025-04-06T06:15:05.136+0000] {task_command.py:467} INFO - Running <TaskInstance: print_hello.save_to_csv_task scheduled__2025-04-05T00:06:00+00:00 [running]> on host 5991717e768c
[2025-04-06T06:15:05.400+0000] {taskinstance.py:3134} INFO - Exporting env vars: AIRFLOW_CTX_DAG_OWNER='Esayed' AIRFLOW_CTX_DAG_ID='print_hello' AIRFLOW_CTX_TASK_ID='save_to_csv_task' AIRFLOW_CTX_EXECUTION_DATE='2025-04-05T00:06:00+00:00' AIRFLOW_CTX_TRY_NUMBER='1' AIRFLOW_CTX_DAG_RUN_ID='scheduled__2025-04-05T00:06:00+00:00'
[2025-04-06T06:15:05.403+0000] {logging_mixin.py:190} INFO - Task instance is in running state
[2025-04-06T06:15:05.405+0000] {logging_mixin.py:190} INFO -  Previous state of the Task instance: queued
[2025-04-06T06:15:05.412+0000] {logging_mixin.py:190} INFO - Current task name:save_to_csv_task state:running start_date:2025-04-06 06:15:04.173575+00:00
[2025-04-06T06:15:05.414+0000] {logging_mixin.py:190} INFO - Dag name:print_hello and current dag run status:running
[2025-04-06T06:15:05.419+0000] {taskinstance.py:732} INFO - ::endgroup::
[2025-04-06T06:15:05.439+0000] {python.py:240} INFO - Done. Returned value was: None
[2025-04-06T06:15:05.469+0000] {taskinstance.py:341} INFO - ::group::Post task execution logs
[2025-04-06T06:15:05.473+0000] {taskinstance.py:353} INFO - Marking task as SUCCESS. dag_id=print_hello, task_id=save_to_csv_task, run_id=scheduled__2025-04-05T00:06:00+00:00, execution_date=20250405T000600, start_date=20250406T061504, end_date=20250406T061505
[2025-04-06T06:15:05.553+0000] {logging_mixin.py:190} INFO - Task instance in success state
[2025-04-06T06:15:05.556+0000] {logging_mixin.py:190} INFO -  Previous state of the Task instance: running
[2025-04-06T06:15:05.565+0000] {logging_mixin.py:190} INFO - Dag name:print_hello queued_at:2025-04-06 06:14:52.222708+00:00
[2025-04-06T06:15:05.589+0000] {logging_mixin.py:190} INFO - Task hostname:5991717e768c operator:PythonOperator
[2025-04-06T06:15:05.683+0000] {local_task_job_runner.py:266} INFO - Task exited with return code 0
[2025-04-06T06:15:05.725+0000] {taskinstance.py:3901} INFO - 0 downstream tasks scheduled from follow-on schedule check
[2025-04-06T06:15:05.732+0000] {local_task_job_runner.py:245} INFO - ::endgroup::
