[2025-04-06T06:03:48.856+0000] {local_task_job_runner.py:123} INFO - ::group::Pre task execution logs
[2025-04-06T06:03:48.903+0000] {taskinstance.py:2614} INFO - Dependencies all met for dep_context=non-requeueable deps ti=<TaskInstance: print_hello.print_hello_task scheduled__2025-04-05T01:11:00+00:00 [queued]>
[2025-04-06T06:03:48.924+0000] {taskinstance.py:2614} INFO - Dependencies all met for dep_context=requeueable deps ti=<TaskInstance: print_hello.print_hello_task scheduled__2025-04-05T01:11:00+00:00 [queued]>
[2025-04-06T06:03:48.926+0000] {taskinstance.py:2867} INFO - Starting attempt 1 of 2
[2025-04-06T06:03:49.464+0000] {taskinstance.py:2890} INFO - Executing <Task(PythonOperator): print_hello_task> on 2025-04-05 01:11:00+00:00
[2025-04-06T06:03:49.490+0000] {warnings.py:112} WARNING - /home/***/.local/lib/python3.12/site-packages/***/task/task_runner/standard_task_runner.py:70: DeprecationWarning: This process (pid=623) is multi-threaded, use of fork() may lead to deadlocks in the child.
  pid = os.fork()

[2025-04-06T06:03:49.503+0000] {standard_task_runner.py:72} INFO - Started process 673 to run task
[2025-04-06T06:03:49.498+0000] {standard_task_runner.py:104} INFO - Running: ['***', 'tasks', 'run', 'print_hello', 'print_hello_task', 'scheduled__2025-04-05T01:11:00+00:00', '--job-id', '145', '--raw', '--subdir', 'DAGS_FOLDER/print_hello.py', '--cfg-path', '/tmp/tmp94u9qt7u']
[2025-04-06T06:03:49.510+0000] {standard_task_runner.py:105} INFO - Job 145: Subtask print_hello_task
[2025-04-06T06:03:49.709+0000] {task_command.py:467} INFO - Running <TaskInstance: print_hello.print_hello_task scheduled__2025-04-05T01:11:00+00:00 [running]> on host 5991717e768c
[2025-04-06T06:03:49.991+0000] {taskinstance.py:3134} INFO - Exporting env vars: AIRFLOW_CTX_DAG_OWNER='Esayed' AIRFLOW_CTX_DAG_ID='print_hello' AIRFLOW_CTX_TASK_ID='print_hello_task' AIRFLOW_CTX_EXECUTION_DATE='2025-04-05T01:11:00+00:00' AIRFLOW_CTX_TRY_NUMBER='1' AIRFLOW_CTX_DAG_RUN_ID='scheduled__2025-04-05T01:11:00+00:00'
[2025-04-06T06:03:49.995+0000] {logging_mixin.py:190} INFO - Task instance is in running state
[2025-04-06T06:03:49.996+0000] {logging_mixin.py:190} INFO -  Previous state of the Task instance: queued
[2025-04-06T06:03:49.998+0000] {logging_mixin.py:190} INFO - Current task name:print_hello_task state:running start_date:2025-04-06 06:03:48.905288+00:00
[2025-04-06T06:03:49.999+0000] {logging_mixin.py:190} INFO - Dag name:print_hello and current dag run status:running
[2025-04-06T06:03:50.001+0000] {taskinstance.py:732} INFO - ::endgroup::
[2025-04-06T06:03:50.003+0000] {logging_mixin.py:190} INFO - hello
[2025-04-06T06:03:50.005+0000] {python.py:240} INFO - Done. Returned value was: None
[2025-04-06T06:03:50.033+0000] {taskinstance.py:341} INFO - ::group::Post task execution logs
[2025-04-06T06:03:50.035+0000] {taskinstance.py:353} INFO - Marking task as SUCCESS. dag_id=print_hello, task_id=print_hello_task, run_id=scheduled__2025-04-05T01:11:00+00:00, execution_date=20250405T011100, start_date=20250406T060348, end_date=20250406T060350
[2025-04-06T06:03:50.436+0000] {logging_mixin.py:190} INFO - Task instance in success state
[2025-04-06T06:03:50.442+0000] {logging_mixin.py:190} INFO -  Previous state of the Task instance: running
[2025-04-06T06:03:50.444+0000] {logging_mixin.py:190} INFO - Dag name:print_hello queued_at:2025-04-06 06:03:43.035367+00:00
[2025-04-06T06:03:50.447+0000] {logging_mixin.py:190} INFO - Task hostname:5991717e768c operator:PythonOperator
[2025-04-06T06:03:50.555+0000] {local_task_job_runner.py:266} INFO - Task exited with return code 0
[2025-04-06T06:03:50.653+0000] {taskinstance.py:3901} INFO - 1 downstream tasks scheduled from follow-on schedule check
[2025-04-06T06:03:50.659+0000] {local_task_job_runner.py:245} INFO - ::endgroup::
