[2025-04-06T06:33:59.957+0000] {local_task_job_runner.py:123} INFO - ::group::Pre task execution logs
[2025-04-06T06:34:00.063+0000] {taskinstance.py:2614} INFO - Dependencies all met for dep_context=non-requeueable deps ti=<TaskInstance: print_hello2.print_hello_task scheduled__2025-04-05T01:10:00+00:00 [queued]>
[2025-04-06T06:34:00.106+0000] {taskinstance.py:2614} INFO - Dependencies all met for dep_context=requeueable deps ti=<TaskInstance: print_hello2.print_hello_task scheduled__2025-04-05T01:10:00+00:00 [queued]>
[2025-04-06T06:34:00.108+0000] {taskinstance.py:2867} INFO - Starting attempt 1 of 2
[2025-04-06T06:34:00.166+0000] {taskinstance.py:2890} INFO - Executing <Task(PythonOperator): print_hello_task> on 2025-04-05 01:10:00+00:00
[2025-04-06T06:34:00.739+0000] {warnings.py:112} WARNING - /home/***/.local/lib/python3.12/site-packages/***/task/task_runner/standard_task_runner.py:70: DeprecationWarning: This process (pid=1650) is multi-threaded, use of fork() may lead to deadlocks in the child.
  pid = os.fork()

[2025-04-06T06:34:00.741+0000] {standard_task_runner.py:72} INFO - Started process 1691 to run task
[2025-04-06T06:34:00.746+0000] {standard_task_runner.py:104} INFO - Running: ['***', 'tasks', 'run', 'print_hello2', 'print_hello_task', 'scheduled__2025-04-05T01:10:00+00:00', '--job-id', '307', '--raw', '--subdir', 'DAGS_FOLDER/print_hello.py', '--cfg-path', '/tmp/tmpp7dozhy0']
[2025-04-06T06:34:00.756+0000] {standard_task_runner.py:105} INFO - Job 307: Subtask print_hello_task
[2025-04-06T06:34:01.721+0000] {task_command.py:467} INFO - Running <TaskInstance: print_hello2.print_hello_task scheduled__2025-04-05T01:10:00+00:00 [running]> on host 5991717e768c
[2025-04-06T06:34:01.949+0000] {taskinstance.py:3134} INFO - Exporting env vars: AIRFLOW_CTX_DAG_OWNER='Esayed' AIRFLOW_CTX_DAG_ID='print_hello2' AIRFLOW_CTX_TASK_ID='print_hello_task' AIRFLOW_CTX_EXECUTION_DATE='2025-04-05T01:10:00+00:00' AIRFLOW_CTX_TRY_NUMBER='1' AIRFLOW_CTX_DAG_RUN_ID='scheduled__2025-04-05T01:10:00+00:00'
[2025-04-06T06:34:01.956+0000] {logging_mixin.py:190} INFO - Task instance is in running state
[2025-04-06T06:34:01.957+0000] {logging_mixin.py:190} INFO -  Previous state of the Task instance: queued
[2025-04-06T06:34:01.958+0000] {logging_mixin.py:190} INFO - Current task name:print_hello_task state:running start_date:2025-04-06 06:34:00.066409+00:00
[2025-04-06T06:34:01.959+0000] {logging_mixin.py:190} INFO - Dag name:print_hello2 and current dag run status:running
[2025-04-06T06:34:01.960+0000] {taskinstance.py:732} INFO - ::endgroup::
[2025-04-06T06:34:01.962+0000] {logging_mixin.py:190} INFO - hello
[2025-04-06T06:34:01.965+0000] {python.py:240} INFO - Done. Returned value was: None
[2025-04-06T06:34:01.989+0000] {taskinstance.py:341} INFO - ::group::Post task execution logs
[2025-04-06T06:34:01.992+0000] {taskinstance.py:353} INFO - Marking task as SUCCESS. dag_id=print_hello2, task_id=print_hello_task, run_id=scheduled__2025-04-05T01:10:00+00:00, execution_date=20250405T011000, start_date=20250406T063400, end_date=20250406T063401
[2025-04-06T06:34:02.047+0000] {logging_mixin.py:190} INFO - Task instance in success state
[2025-04-06T06:34:02.052+0000] {logging_mixin.py:190} INFO -  Previous state of the Task instance: running
[2025-04-06T06:34:02.058+0000] {logging_mixin.py:190} INFO - Dag name:print_hello2 queued_at:2025-04-06 06:33:16.864848+00:00
[2025-04-06T06:34:02.059+0000] {logging_mixin.py:190} INFO - Task hostname:5991717e768c operator:PythonOperator
[2025-04-06T06:34:02.122+0000] {local_task_job_runner.py:266} INFO - Task exited with return code 0
[2025-04-06T06:34:02.614+0000] {taskinstance.py:3901} INFO - 1 downstream tasks scheduled from follow-on schedule check
[2025-04-06T06:34:02.620+0000] {local_task_job_runner.py:245} INFO - ::endgroup::
[2025-04-06T06:34:55.951+0000] {local_task_job_runner.py:123} INFO - ::group::Pre task execution logs
[2025-04-06T06:34:55.992+0000] {taskinstance.py:2614} INFO - Dependencies all met for dep_context=non-requeueable deps ti=<TaskInstance: print_hello2.print_hello_task scheduled__2025-04-05T01:10:00+00:00 [queued]>
[2025-04-06T06:34:56.013+0000] {taskinstance.py:2614} INFO - Dependencies all met for dep_context=requeueable deps ti=<TaskInstance: print_hello2.print_hello_task scheduled__2025-04-05T01:10:00+00:00 [queued]>
[2025-04-06T06:34:56.014+0000] {taskinstance.py:2867} INFO - Starting attempt 1 of 2
[2025-04-06T06:34:56.076+0000] {taskinstance.py:2890} INFO - Executing <Task(PythonOperator): print_hello_task> on 2025-04-05 01:10:00+00:00
[2025-04-06T06:34:56.094+0000] {warnings.py:112} WARNING - /home/***/.local/lib/python3.12/site-packages/***/task/task_runner/standard_task_runner.py:70: DeprecationWarning: This process (pid=1760) is multi-threaded, use of fork() may lead to deadlocks in the child.
  pid = os.fork()

[2025-04-06T06:34:56.102+0000] {standard_task_runner.py:72} INFO - Started process 1798 to run task
[2025-04-06T06:34:56.101+0000] {standard_task_runner.py:104} INFO - Running: ['***', 'tasks', 'run', 'print_hello2', 'print_hello_task', 'scheduled__2025-04-05T01:10:00+00:00', '--job-id', '329', '--raw', '--subdir', 'DAGS_FOLDER/print_hello.py', '--cfg-path', '/tmp/tmpzub2nnja']
[2025-04-06T06:34:56.109+0000] {standard_task_runner.py:105} INFO - Job 329: Subtask print_hello_task
[2025-04-06T06:34:57.880+0000] {task_command.py:467} INFO - Running <TaskInstance: print_hello2.print_hello_task scheduled__2025-04-05T01:10:00+00:00 [running]> on host 5991717e768c
[2025-04-06T06:34:58.093+0000] {taskinstance.py:3134} INFO - Exporting env vars: AIRFLOW_CTX_DAG_OWNER='Esayed' AIRFLOW_CTX_DAG_ID='print_hello2' AIRFLOW_CTX_TASK_ID='print_hello_task' AIRFLOW_CTX_EXECUTION_DATE='2025-04-05T01:10:00+00:00' AIRFLOW_CTX_TRY_NUMBER='1' AIRFLOW_CTX_DAG_RUN_ID='scheduled__2025-04-05T01:10:00+00:00'
[2025-04-06T06:34:58.100+0000] {logging_mixin.py:190} INFO - Task instance is in running state
[2025-04-06T06:34:58.102+0000] {logging_mixin.py:190} INFO -  Previous state of the Task instance: queued
[2025-04-06T06:34:58.103+0000] {logging_mixin.py:190} INFO - Current task name:print_hello_task state:running start_date:2025-04-06 06:34:55.993262+00:00
[2025-04-06T06:34:58.104+0000] {logging_mixin.py:190} INFO - Dag name:print_hello2 and current dag run status:running
[2025-04-06T06:34:58.106+0000] {taskinstance.py:732} INFO - ::endgroup::
[2025-04-06T06:34:58.107+0000] {logging_mixin.py:190} INFO - hello
[2025-04-06T06:34:58.108+0000] {python.py:240} INFO - Done. Returned value was: None
[2025-04-06T06:34:58.139+0000] {taskinstance.py:341} INFO - ::group::Post task execution logs
[2025-04-06T06:34:58.140+0000] {taskinstance.py:353} INFO - Marking task as SUCCESS. dag_id=print_hello2, task_id=print_hello_task, run_id=scheduled__2025-04-05T01:10:00+00:00, execution_date=20250405T011000, start_date=20250406T063455, end_date=20250406T063458
[2025-04-06T06:34:58.193+0000] {logging_mixin.py:190} INFO - Task instance in success state
[2025-04-06T06:34:58.194+0000] {logging_mixin.py:190} INFO -  Previous state of the Task instance: running
[2025-04-06T06:34:58.195+0000] {logging_mixin.py:190} INFO - Dag name:print_hello2 queued_at:2025-04-06 06:34:50.656286+00:00
[2025-04-06T06:34:58.196+0000] {logging_mixin.py:190} INFO - Task hostname:5991717e768c operator:PythonOperator
[2025-04-06T06:34:58.275+0000] {local_task_job_runner.py:266} INFO - Task exited with return code 0
[2025-04-06T06:34:58.652+0000] {local_task_job_runner.py:245} INFO - ::endgroup::
[2025-04-06T06:36:32.576+0000] {local_task_job_runner.py:123} INFO - ::group::Pre task execution logs
[2025-04-06T06:36:32.661+0000] {taskinstance.py:2614} INFO - Dependencies all met for dep_context=non-requeueable deps ti=<TaskInstance: print_hello2.print_hello_task scheduled__2025-04-05T01:10:00+00:00 [queued]>
[2025-04-06T06:36:32.685+0000] {taskinstance.py:2614} INFO - Dependencies all met for dep_context=requeueable deps ti=<TaskInstance: print_hello2.print_hello_task scheduled__2025-04-05T01:10:00+00:00 [queued]>
[2025-04-06T06:36:32.689+0000] {taskinstance.py:2867} INFO - Starting attempt 1 of 2
[2025-04-06T06:36:32.745+0000] {taskinstance.py:2890} INFO - Executing <Task(PythonOperator): print_hello_task> on 2025-04-05 01:10:00+00:00
[2025-04-06T06:36:32.764+0000] {warnings.py:112} WARNING - /home/***/.local/lib/python3.12/site-packages/***/task/task_runner/standard_task_runner.py:70: DeprecationWarning: This process (pid=2053) is multi-threaded, use of fork() may lead to deadlocks in the child.
  pid = os.fork()

[2025-04-06T06:36:32.768+0000] {standard_task_runner.py:72} INFO - Started process 2101 to run task
[2025-04-06T06:36:32.775+0000] {standard_task_runner.py:104} INFO - Running: ['***', 'tasks', 'run', 'print_hello2', 'print_hello_task', 'scheduled__2025-04-05T01:10:00+00:00', '--job-id', '399', '--raw', '--subdir', 'DAGS_FOLDER/print_hello.py', '--cfg-path', '/tmp/tmpm00tumd1']
[2025-04-06T06:36:32.782+0000] {standard_task_runner.py:105} INFO - Job 399: Subtask print_hello_task
[2025-04-06T06:36:33.727+0000] {task_command.py:467} INFO - Running <TaskInstance: print_hello2.print_hello_task scheduled__2025-04-05T01:10:00+00:00 [running]> on host 5991717e768c
[2025-04-06T06:36:33.975+0000] {taskinstance.py:3134} INFO - Exporting env vars: AIRFLOW_CTX_DAG_OWNER='Esayed' AIRFLOW_CTX_DAG_ID='print_hello2' AIRFLOW_CTX_TASK_ID='print_hello_task' AIRFLOW_CTX_EXECUTION_DATE='2025-04-05T01:10:00+00:00' AIRFLOW_CTX_TRY_NUMBER='1' AIRFLOW_CTX_DAG_RUN_ID='scheduled__2025-04-05T01:10:00+00:00'
[2025-04-06T06:36:33.978+0000] {logging_mixin.py:190} INFO - Task instance is in running state
[2025-04-06T06:36:33.980+0000] {logging_mixin.py:190} INFO -  Previous state of the Task instance: queued
[2025-04-06T06:36:33.982+0000] {logging_mixin.py:190} INFO - Current task name:print_hello_task state:running start_date:2025-04-06 06:36:32.662606+00:00
[2025-04-06T06:36:33.986+0000] {logging_mixin.py:190} INFO - Dag name:print_hello2 and current dag run status:running
[2025-04-06T06:36:33.987+0000] {taskinstance.py:732} INFO - ::endgroup::
[2025-04-06T06:36:33.990+0000] {logging_mixin.py:190} INFO - hello
[2025-04-06T06:36:33.993+0000] {python.py:240} INFO - Done. Returned value was: None
[2025-04-06T06:36:34.015+0000] {taskinstance.py:341} INFO - ::group::Post task execution logs
[2025-04-06T06:36:34.018+0000] {taskinstance.py:353} INFO - Marking task as SUCCESS. dag_id=print_hello2, task_id=print_hello_task, run_id=scheduled__2025-04-05T01:10:00+00:00, execution_date=20250405T011000, start_date=20250406T063632, end_date=20250406T063634
[2025-04-06T06:36:34.086+0000] {logging_mixin.py:190} INFO - Task instance in success state
[2025-04-06T06:36:34.089+0000] {logging_mixin.py:190} INFO -  Previous state of the Task instance: running
[2025-04-06T06:36:34.097+0000] {logging_mixin.py:190} INFO - Dag name:print_hello2 queued_at:2025-04-06 06:36:26.096176+00:00
[2025-04-06T06:36:34.099+0000] {logging_mixin.py:190} INFO - Task hostname:5991717e768c operator:PythonOperator
[2025-04-06T06:36:34.170+0000] {local_task_job_runner.py:266} INFO - Task exited with return code 0
[2025-04-06T06:36:34.721+0000] {taskinstance.py:3901} INFO - 1 downstream tasks scheduled from follow-on schedule check
[2025-04-06T06:36:34.740+0000] {local_task_job_runner.py:245} INFO - ::endgroup::
