[2025-04-06T06:03:34.401+0000] {local_task_job_runner.py:123} INFO - ::group::Pre task execution logs
[2025-04-06T06:03:34.429+0000] {taskinstance.py:2614} INFO - Dependencies all met for dep_context=non-requeueable deps ti=<TaskInstance: print_hello.print_hello_task scheduled__2025-04-05T00:57:00+00:00 [queued]>
[2025-04-06T06:03:34.443+0000] {taskinstance.py:2614} INFO - Dependencies all met for dep_context=requeueable deps ti=<TaskInstance: print_hello.print_hello_task scheduled__2025-04-05T00:57:00+00:00 [queued]>
[2025-04-06T06:03:34.444+0000] {taskinstance.py:2867} INFO - Starting attempt 1 of 2
[2025-04-06T06:03:34.750+0000] {taskinstance.py:2890} INFO - Executing <Task(PythonOperator): print_hello_task> on 2025-04-05 00:57:00+00:00
[2025-04-06T06:03:34.765+0000] {warnings.py:112} WARNING - /home/***/.local/lib/python3.12/site-packages/***/task/task_runner/standard_task_runner.py:70: DeprecationWarning: This process (pid=535) is multi-threaded, use of fork() may lead to deadlocks in the child.
  pid = os.fork()

[2025-04-06T06:03:34.767+0000] {standard_task_runner.py:72} INFO - Started process 567 to run task
[2025-04-06T06:03:34.768+0000] {standard_task_runner.py:104} INFO - Running: ['***', 'tasks', 'run', 'print_hello', 'print_hello_task', 'scheduled__2025-04-05T00:57:00+00:00', '--job-id', '121', '--raw', '--subdir', 'DAGS_FOLDER/print_hello.py', '--cfg-path', '/tmp/tmp3uznrtzx']
[2025-04-06T06:03:34.770+0000] {standard_task_runner.py:105} INFO - Job 121: Subtask print_hello_task
[2025-04-06T06:03:34.843+0000] {task_command.py:467} INFO - Running <TaskInstance: print_hello.print_hello_task scheduled__2025-04-05T00:57:00+00:00 [running]> on host 5991717e768c
[2025-04-06T06:03:34.980+0000] {taskinstance.py:3134} INFO - Exporting env vars: AIRFLOW_CTX_DAG_OWNER='Esayed' AIRFLOW_CTX_DAG_ID='print_hello' AIRFLOW_CTX_TASK_ID='print_hello_task' AIRFLOW_CTX_EXECUTION_DATE='2025-04-05T00:57:00+00:00' AIRFLOW_CTX_TRY_NUMBER='1' AIRFLOW_CTX_DAG_RUN_ID='scheduled__2025-04-05T00:57:00+00:00'
[2025-04-06T06:03:34.982+0000] {logging_mixin.py:190} INFO - Task instance is in running state
[2025-04-06T06:03:34.983+0000] {logging_mixin.py:190} INFO -  Previous state of the Task instance: queued
[2025-04-06T06:03:34.984+0000] {logging_mixin.py:190} INFO - Current task name:print_hello_task state:running start_date:2025-04-06 06:03:34.430830+00:00
[2025-04-06T06:03:34.984+0000] {logging_mixin.py:190} INFO - Dag name:print_hello and current dag run status:running
[2025-04-06T06:03:34.985+0000] {taskinstance.py:732} INFO - ::endgroup::
[2025-04-06T06:03:34.987+0000] {logging_mixin.py:190} INFO - hello
[2025-04-06T06:03:34.988+0000] {python.py:240} INFO - Done. Returned value was: None
[2025-04-06T06:03:35.002+0000] {taskinstance.py:341} INFO - ::group::Post task execution logs
[2025-04-06T06:03:35.003+0000] {taskinstance.py:353} INFO - Marking task as SUCCESS. dag_id=print_hello, task_id=print_hello_task, run_id=scheduled__2025-04-05T00:57:00+00:00, execution_date=20250405T005700, start_date=20250406T060334, end_date=20250406T060335
[2025-04-06T06:03:35.046+0000] {logging_mixin.py:190} INFO - Task instance in success state
[2025-04-06T06:03:35.047+0000] {logging_mixin.py:190} INFO -  Previous state of the Task instance: running
[2025-04-06T06:03:35.048+0000] {logging_mixin.py:190} INFO - Dag name:print_hello queued_at:2025-04-06 06:03:31.205380+00:00
[2025-04-06T06:03:35.048+0000] {logging_mixin.py:190} INFO - Task hostname:5991717e768c operator:PythonOperator
[2025-04-06T06:03:35.105+0000] {local_task_job_runner.py:266} INFO - Task exited with return code 0
[2025-04-06T06:03:35.153+0000] {taskinstance.py:3901} INFO - 1 downstream tasks scheduled from follow-on schedule check
[2025-04-06T06:03:35.161+0000] {local_task_job_runner.py:245} INFO - ::endgroup::
[2025-04-06T06:15:52.244+0000] {local_task_job_runner.py:123} INFO - ::group::Pre task execution logs
[2025-04-06T06:15:52.285+0000] {taskinstance.py:2614} INFO - Dependencies all met for dep_context=non-requeueable deps ti=<TaskInstance: print_hello.print_hello_task scheduled__2025-04-05T00:57:00+00:00 [queued]>
[2025-04-06T06:15:52.313+0000] {taskinstance.py:2614} INFO - Dependencies all met for dep_context=requeueable deps ti=<TaskInstance: print_hello.print_hello_task scheduled__2025-04-05T00:57:00+00:00 [queued]>
[2025-04-06T06:15:52.315+0000] {taskinstance.py:2867} INFO - Starting attempt 1 of 2
[2025-04-06T06:15:52.816+0000] {taskinstance.py:2890} INFO - Executing <Task(PythonOperator): print_hello_task> on 2025-04-05 00:57:00+00:00
[2025-04-06T06:15:52.847+0000] {warnings.py:112} WARNING - /home/***/.local/lib/python3.12/site-packages/***/task/task_runner/standard_task_runner.py:70: DeprecationWarning: This process (pid=1293) is multi-threaded, use of fork() may lead to deadlocks in the child.
  pid = os.fork()

[2025-04-06T06:15:52.851+0000] {standard_task_runner.py:104} INFO - Running: ['***', 'tasks', 'run', 'print_hello', 'print_hello_task', 'scheduled__2025-04-05T00:57:00+00:00', '--job-id', '273', '--raw', '--subdir', 'DAGS_FOLDER/print_hello.py', '--cfg-path', '/tmp/tmpfg4hyeau']
[2025-04-06T06:15:52.853+0000] {standard_task_runner.py:105} INFO - Job 273: Subtask print_hello_task
[2025-04-06T06:15:52.853+0000] {standard_task_runner.py:72} INFO - Started process 1339 to run task
[2025-04-06T06:15:53.021+0000] {task_command.py:467} INFO - Running <TaskInstance: print_hello.print_hello_task scheduled__2025-04-05T00:57:00+00:00 [running]> on host 5991717e768c
[2025-04-06T06:15:53.370+0000] {taskinstance.py:3134} INFO - Exporting env vars: AIRFLOW_CTX_DAG_OWNER='Esayed' AIRFLOW_CTX_DAG_ID='print_hello' AIRFLOW_CTX_TASK_ID='print_hello_task' AIRFLOW_CTX_EXECUTION_DATE='2025-04-05T00:57:00+00:00' AIRFLOW_CTX_TRY_NUMBER='1' AIRFLOW_CTX_DAG_RUN_ID='scheduled__2025-04-05T00:57:00+00:00'
[2025-04-06T06:15:53.373+0000] {logging_mixin.py:190} INFO - Task instance is in running state
[2025-04-06T06:15:53.374+0000] {logging_mixin.py:190} INFO -  Previous state of the Task instance: queued
[2025-04-06T06:15:53.376+0000] {logging_mixin.py:190} INFO - Current task name:print_hello_task state:running start_date:2025-04-06 06:15:52.287689+00:00
[2025-04-06T06:15:53.390+0000] {logging_mixin.py:190} INFO - Dag name:print_hello and current dag run status:running
[2025-04-06T06:15:53.391+0000] {taskinstance.py:732} INFO - ::endgroup::
[2025-04-06T06:15:53.393+0000] {logging_mixin.py:190} INFO - hello
[2025-04-06T06:15:53.394+0000] {python.py:240} INFO - Done. Returned value was: None
[2025-04-06T06:15:53.449+0000] {taskinstance.py:341} INFO - ::group::Post task execution logs
[2025-04-06T06:15:53.453+0000] {taskinstance.py:353} INFO - Marking task as SUCCESS. dag_id=print_hello, task_id=print_hello_task, run_id=scheduled__2025-04-05T00:57:00+00:00, execution_date=20250405T005700, start_date=20250406T061552, end_date=20250406T061553
[2025-04-06T06:15:53.793+0000] {logging_mixin.py:190} INFO - Task instance in success state
[2025-04-06T06:15:53.799+0000] {logging_mixin.py:190} INFO -  Previous state of the Task instance: running
[2025-04-06T06:15:53.800+0000] {logging_mixin.py:190} INFO - Dag name:print_hello queued_at:2025-04-06 06:15:46.711072+00:00
[2025-04-06T06:15:53.801+0000] {logging_mixin.py:190} INFO - Task hostname:5991717e768c operator:PythonOperator
[2025-04-06T06:15:53.859+0000] {local_task_job_runner.py:266} INFO - Task exited with return code 0
[2025-04-06T06:15:53.937+0000] {taskinstance.py:3901} INFO - 1 downstream tasks scheduled from follow-on schedule check
[2025-04-06T06:15:53.952+0000] {local_task_job_runner.py:245} INFO - ::endgroup::
