[2025-04-06T09:47:20.150+0000] {local_task_job_runner.py:123} INFO - ::group::Pre task execution logs
[2025-04-06T09:47:20.168+0000] {taskinstance.py:2614} INFO - Dependencies all met for dep_context=non-requeueable deps ti=<TaskInstance: print_hello3.print_hello_task manual__2025-04-06T09:47:17.751320+00:00 [queued]>
[2025-04-06T09:47:20.178+0000] {taskinstance.py:2614} INFO - Dependencies all met for dep_context=requeueable deps ti=<TaskInstance: print_hello3.print_hello_task manual__2025-04-06T09:47:17.751320+00:00 [queued]>
[2025-04-06T09:47:20.179+0000] {taskinstance.py:2867} INFO - Starting attempt 1 of 2
[2025-04-06T09:47:20.347+0000] {taskinstance.py:2890} INFO - Executing <Task(PythonOperator): print_hello_task> on 2025-04-06 09:47:17.751320+00:00
[2025-04-06T09:47:20.354+0000] {warnings.py:112} WARNING - /home/***/.local/lib/python3.12/site-packages/***/task/task_runner/standard_task_runner.py:70: DeprecationWarning: This process (pid=996) is multi-threaded, use of fork() may lead to deadlocks in the child.
  pid = os.fork()

[2025-04-06T09:47:20.356+0000] {standard_task_runner.py:72} INFO - Started process 998 to run task
[2025-04-06T09:47:20.357+0000] {standard_task_runner.py:104} INFO - Running: ['***', 'tasks', 'run', 'print_hello3', 'print_hello_task', 'manual__2025-04-06T09:47:17.751320+00:00', '--job-id', '445', '--raw', '--subdir', 'DAGS_FOLDER/print_hello.py', '--cfg-path', '/tmp/tmpma9yh99q']
[2025-04-06T09:47:20.358+0000] {standard_task_runner.py:105} INFO - Job 445: Subtask print_hello_task
[2025-04-06T09:47:20.409+0000] {task_command.py:467} INFO - Running <TaskInstance: print_hello3.print_hello_task manual__2025-04-06T09:47:17.751320+00:00 [running]> on host 5991717e768c
[2025-04-06T09:47:20.503+0000] {taskinstance.py:3134} INFO - Exporting env vars: AIRFLOW_CTX_DAG_OWNER='Esayed' AIRFLOW_CTX_DAG_ID='print_hello3' AIRFLOW_CTX_TASK_ID='print_hello_task' AIRFLOW_CTX_EXECUTION_DATE='2025-04-06T09:47:17.751320+00:00' AIRFLOW_CTX_TRY_NUMBER='1' AIRFLOW_CTX_DAG_RUN_ID='manual__2025-04-06T09:47:17.751320+00:00'
[2025-04-06T09:47:20.505+0000] {logging_mixin.py:190} INFO - Task instance is in running state
[2025-04-06T09:47:20.505+0000] {logging_mixin.py:190} INFO -  Previous state of the Task instance: queued
[2025-04-06T09:47:20.506+0000] {logging_mixin.py:190} INFO - Current task name:print_hello_task state:running start_date:2025-04-06 09:47:20.168803+00:00
[2025-04-06T09:47:20.507+0000] {logging_mixin.py:190} INFO - Dag name:print_hello3 and current dag run status:running
[2025-04-06T09:47:20.507+0000] {taskinstance.py:732} INFO - ::endgroup::
[2025-04-06T09:47:20.508+0000] {logging_mixin.py:190} INFO - hello
[2025-04-06T09:47:20.509+0000] {python.py:240} INFO - Done. Returned value was: None
[2025-04-06T09:47:20.520+0000] {taskinstance.py:341} INFO - ::group::Post task execution logs
[2025-04-06T09:47:20.521+0000] {taskinstance.py:353} INFO - Marking task as SUCCESS. dag_id=print_hello3, task_id=print_hello_task, run_id=manual__2025-04-06T09:47:17.751320+00:00, execution_date=20250406T094717, start_date=20250406T094720, end_date=20250406T094720
[2025-04-06T09:47:20.549+0000] {logging_mixin.py:190} INFO - Task instance in success state
[2025-04-06T09:47:20.550+0000] {logging_mixin.py:190} INFO -  Previous state of the Task instance: running
[2025-04-06T09:47:20.550+0000] {logging_mixin.py:190} INFO - Dag name:print_hello3 queued_at:2025-04-06 09:47:17.770457+00:00
[2025-04-06T09:47:20.551+0000] {logging_mixin.py:190} INFO - Task hostname:5991717e768c operator:PythonOperator
[2025-04-06T09:47:20.572+0000] {local_task_job_runner.py:266} INFO - Task exited with return code 0
[2025-04-06T09:47:20.600+0000] {taskinstance.py:3901} INFO - 1 downstream tasks scheduled from follow-on schedule check
[2025-04-06T09:47:20.605+0000] {local_task_job_runner.py:245} INFO - ::endgroup::
