[2025-04-06T06:35:15.613+0000] {local_task_job_runner.py:123} INFO - ::group::Pre task execution logs
[2025-04-06T06:35:15.678+0000] {taskinstance.py:2614} INFO - Dependencies all met for dep_context=non-requeueable deps ti=<TaskInstance: print_hello2.save_to_csv_task scheduled__2025-04-05T01:30:00+00:00 [queued]>
[2025-04-06T06:35:15.707+0000] {taskinstance.py:2614} INFO - Dependencies all met for dep_context=requeueable deps ti=<TaskInstance: print_hello2.save_to_csv_task scheduled__2025-04-05T01:30:00+00:00 [queued]>
[2025-04-06T06:35:15.710+0000] {taskinstance.py:2867} INFO - Starting attempt 1 of 2
[2025-04-06T06:35:15.754+0000] {taskinstance.py:2890} INFO - Executing <Task(PythonOperator): save_to_csv_task> on 2025-04-05 01:30:00+00:00
[2025-04-06T06:35:15.775+0000] {warnings.py:112} WARNING - /home/***/.local/lib/python3.12/site-packages/***/task/task_runner/standard_task_runner.py:70: DeprecationWarning: This process (pid=1902) is multi-threaded, use of fork() may lead to deadlocks in the child.
  pid = os.fork()

[2025-04-06T06:35:15.779+0000] {standard_task_runner.py:72} INFO - Started process 1943 to run task
[2025-04-06T06:35:15.782+0000] {standard_task_runner.py:104} INFO - Running: ['***', 'tasks', 'run', 'print_hello2', 'save_to_csv_task', 'scheduled__2025-04-05T01:30:00+00:00', '--job-id', '365', '--raw', '--subdir', 'DAGS_FOLDER/print_hello.py', '--cfg-path', '/tmp/tmpbrq0_u5k']
[2025-04-06T06:35:15.786+0000] {standard_task_runner.py:105} INFO - Job 365: Subtask save_to_csv_task
[2025-04-06T06:35:16.463+0000] {task_command.py:467} INFO - Running <TaskInstance: print_hello2.save_to_csv_task scheduled__2025-04-05T01:30:00+00:00 [running]> on host 5991717e768c
[2025-04-06T06:35:16.650+0000] {taskinstance.py:3134} INFO - Exporting env vars: AIRFLOW_CTX_DAG_OWNER='Esayed' AIRFLOW_CTX_DAG_ID='print_hello2' AIRFLOW_CTX_TASK_ID='save_to_csv_task' AIRFLOW_CTX_EXECUTION_DATE='2025-04-05T01:30:00+00:00' AIRFLOW_CTX_TRY_NUMBER='1' AIRFLOW_CTX_DAG_RUN_ID='scheduled__2025-04-05T01:30:00+00:00'
[2025-04-06T06:35:16.652+0000] {logging_mixin.py:190} INFO - Task instance is in running state
[2025-04-06T06:35:16.653+0000] {logging_mixin.py:190} INFO -  Previous state of the Task instance: queued
[2025-04-06T06:35:16.654+0000] {logging_mixin.py:190} INFO - Current task name:save_to_csv_task state:running start_date:2025-04-06 06:35:15.680227+00:00
[2025-04-06T06:35:16.655+0000] {logging_mixin.py:190} INFO - Dag name:print_hello2 and current dag run status:running
[2025-04-06T06:35:16.656+0000] {taskinstance.py:732} INFO - ::endgroup::
[2025-04-06T06:35:16.667+0000] {python.py:240} INFO - Done. Returned value was: None
[2025-04-06T06:35:16.684+0000] {taskinstance.py:341} INFO - ::group::Post task execution logs
[2025-04-06T06:35:16.685+0000] {taskinstance.py:353} INFO - Marking task as SUCCESS. dag_id=print_hello2, task_id=save_to_csv_task, run_id=scheduled__2025-04-05T01:30:00+00:00, execution_date=20250405T013000, start_date=20250406T063515, end_date=20250406T063516
[2025-04-06T06:35:16.748+0000] {logging_mixin.py:190} INFO - Task instance in success state
[2025-04-06T06:35:16.749+0000] {logging_mixin.py:190} INFO -  Previous state of the Task instance: running
[2025-04-06T06:35:16.750+0000] {logging_mixin.py:190} INFO - Dag name:print_hello2 queued_at:2025-04-06 06:35:05.869952+00:00
[2025-04-06T06:35:16.751+0000] {logging_mixin.py:190} INFO - Task hostname:5991717e768c operator:PythonOperator
[2025-04-06T06:35:16.830+0000] {local_task_job_runner.py:266} INFO - Task exited with return code 0
[2025-04-06T06:35:17.236+0000] {taskinstance.py:3901} INFO - 0 downstream tasks scheduled from follow-on schedule check
[2025-04-06T06:35:17.239+0000] {local_task_job_runner.py:245} INFO - ::endgroup::
