[2025-04-06T06:33:16.424+0000] {local_task_job_runner.py:123} INFO - ::group::Pre task execution logs
[2025-04-06T06:33:16.465+0000] {taskinstance.py:2614} INFO - Dependencies all met for dep_context=non-requeueable deps ti=<TaskInstance: print_hello2.print_hello_task scheduled__2025-04-05T00:30:00+00:00 [queued]>
[2025-04-06T06:33:16.484+0000] {taskinstance.py:2614} INFO - Dependencies all met for dep_context=requeueable deps ti=<TaskInstance: print_hello2.print_hello_task scheduled__2025-04-05T00:30:00+00:00 [queued]>
[2025-04-06T06:33:16.794+0000] {taskinstance.py:2867} INFO - Starting attempt 1 of 2
[2025-04-06T06:33:17.428+0000] {taskinstance.py:2890} INFO - Executing <Task(PythonOperator): print_hello_task> on 2025-04-05 00:30:00+00:00
[2025-04-06T06:33:17.929+0000] {warnings.py:112} WARNING - /home/***/.local/lib/python3.12/site-packages/***/task/task_runner/standard_task_runner.py:70: DeprecationWarning: This process (pid=1612) is multi-threaded, use of fork() may lead to deadlocks in the child.
  pid = os.fork()

[2025-04-06T06:33:17.943+0000] {standard_task_runner.py:72} INFO - Started process 1638 to run task
[2025-04-06T06:33:17.944+0000] {standard_task_runner.py:104} INFO - Running: ['***', 'tasks', 'run', 'print_hello2', 'print_hello_task', 'scheduled__2025-04-05T00:30:00+00:00', '--job-id', '296', '--raw', '--subdir', 'DAGS_FOLDER/print_hello.py', '--cfg-path', '/tmp/tmpnjfgzlwe']
[2025-04-06T06:33:17.964+0000] {standard_task_runner.py:105} INFO - Job 296: Subtask print_hello_task
[2025-04-06T06:33:49.211+0000] {job.py:229} INFO - Heartbeat recovered after 48.01 seconds
[2025-04-06T06:33:51.415+0000] {task_command.py:467} INFO - Running <TaskInstance: print_hello2.print_hello_task scheduled__2025-04-05T00:30:00+00:00 [running]> on host 5991717e768c
[2025-04-06T06:33:53.508+0000] {taskinstance.py:3134} INFO - Exporting env vars: AIRFLOW_CTX_DAG_OWNER='Esayed' AIRFLOW_CTX_DAG_ID='print_hello2' AIRFLOW_CTX_TASK_ID='print_hello_task' AIRFLOW_CTX_EXECUTION_DATE='2025-04-05T00:30:00+00:00' AIRFLOW_CTX_TRY_NUMBER='1' AIRFLOW_CTX_DAG_RUN_ID='scheduled__2025-04-05T00:30:00+00:00'
[2025-04-06T06:33:53.515+0000] {logging_mixin.py:190} INFO - Task instance is in running state
[2025-04-06T06:33:53.516+0000] {logging_mixin.py:190} INFO -  Previous state of the Task instance: queued
[2025-04-06T06:33:53.517+0000] {logging_mixin.py:190} INFO - Current task name:print_hello_task state:running start_date:2025-04-06 06:33:16.467925+00:00
[2025-04-06T06:33:53.518+0000] {logging_mixin.py:190} INFO - Dag name:print_hello2 and current dag run status:running
[2025-04-06T06:33:53.519+0000] {taskinstance.py:732} INFO - ::endgroup::
[2025-04-06T06:33:53.521+0000] {logging_mixin.py:190} INFO - hello
[2025-04-06T06:33:53.522+0000] {python.py:240} INFO - Done. Returned value was: None
[2025-04-06T06:33:53.604+0000] {taskinstance.py:341} INFO - ::group::Post task execution logs
[2025-04-06T06:33:53.605+0000] {taskinstance.py:353} INFO - Marking task as SUCCESS. dag_id=print_hello2, task_id=print_hello_task, run_id=scheduled__2025-04-05T00:30:00+00:00, execution_date=20250405T003000, start_date=20250406T063316, end_date=20250406T063353
[2025-04-06T06:33:53.717+0000] {logging_mixin.py:190} INFO - Task instance in success state
[2025-04-06T06:33:53.719+0000] {logging_mixin.py:190} INFO -  Previous state of the Task instance: running
[2025-04-06T06:33:53.724+0000] {logging_mixin.py:190} INFO - Dag name:print_hello2 queued_at:2025-04-06 06:32:25.043481+00:00
[2025-04-06T06:33:53.725+0000] {logging_mixin.py:190} INFO - Task hostname:5991717e768c operator:PythonOperator
[2025-04-06T06:33:53.793+0000] {local_task_job_runner.py:266} INFO - Task exited with return code 0
[2025-04-06T06:33:54.359+0000] {local_task_job_runner.py:245} INFO - ::endgroup::
[2025-04-06T06:34:51.464+0000] {local_task_job_runner.py:123} INFO - ::group::Pre task execution logs
[2025-04-06T06:34:51.527+0000] {taskinstance.py:2614} INFO - Dependencies all met for dep_context=non-requeueable deps ti=<TaskInstance: print_hello2.print_hello_task scheduled__2025-04-05T00:30:00+00:00 [queued]>
[2025-04-06T06:34:51.563+0000] {taskinstance.py:2614} INFO - Dependencies all met for dep_context=requeueable deps ti=<TaskInstance: print_hello2.print_hello_task scheduled__2025-04-05T00:30:00+00:00 [queued]>
[2025-04-06T06:34:51.568+0000] {taskinstance.py:2867} INFO - Starting attempt 1 of 2
[2025-04-06T06:34:51.633+0000] {taskinstance.py:2890} INFO - Executing <Task(PythonOperator): print_hello_task> on 2025-04-05 00:30:00+00:00
[2025-04-06T06:34:51.672+0000] {standard_task_runner.py:104} INFO - Running: ['***', 'tasks', 'run', 'print_hello2', 'print_hello_task', 'scheduled__2025-04-05T00:30:00+00:00', '--job-id', '322', '--raw', '--subdir', 'DAGS_FOLDER/print_hello.py', '--cfg-path', '/tmp/tmpfav9tiz1']
[2025-04-06T06:34:51.683+0000] {warnings.py:112} WARNING - /home/***/.local/lib/python3.12/site-packages/***/task/task_runner/standard_task_runner.py:70: DeprecationWarning: This process (pid=1734) is multi-threaded, use of fork() may lead to deadlocks in the child.
  pid = os.fork()

[2025-04-06T06:34:51.685+0000] {standard_task_runner.py:72} INFO - Started process 1764 to run task
[2025-04-06T06:34:51.684+0000] {standard_task_runner.py:105} INFO - Job 322: Subtask print_hello_task
[2025-04-06T06:34:52.492+0000] {task_command.py:467} INFO - Running <TaskInstance: print_hello2.print_hello_task scheduled__2025-04-05T00:30:00+00:00 [running]> on host 5991717e768c
[2025-04-06T06:34:52.832+0000] {taskinstance.py:3134} INFO - Exporting env vars: AIRFLOW_CTX_DAG_OWNER='Esayed' AIRFLOW_CTX_DAG_ID='print_hello2' AIRFLOW_CTX_TASK_ID='print_hello_task' AIRFLOW_CTX_EXECUTION_DATE='2025-04-05T00:30:00+00:00' AIRFLOW_CTX_TRY_NUMBER='1' AIRFLOW_CTX_DAG_RUN_ID='scheduled__2025-04-05T00:30:00+00:00'
[2025-04-06T06:34:52.837+0000] {logging_mixin.py:190} INFO - Task instance is in running state
[2025-04-06T06:34:52.839+0000] {logging_mixin.py:190} INFO -  Previous state of the Task instance: queued
[2025-04-06T06:34:52.840+0000] {logging_mixin.py:190} INFO - Current task name:print_hello_task state:running start_date:2025-04-06 06:34:51.535011+00:00
[2025-04-06T06:34:52.843+0000] {logging_mixin.py:190} INFO - Dag name:print_hello2 and current dag run status:running
[2025-04-06T06:34:52.844+0000] {taskinstance.py:732} INFO - ::endgroup::
[2025-04-06T06:34:52.846+0000] {logging_mixin.py:190} INFO - hello
[2025-04-06T06:34:52.848+0000] {python.py:240} INFO - Done. Returned value was: None
[2025-04-06T06:34:52.886+0000] {taskinstance.py:341} INFO - ::group::Post task execution logs
[2025-04-06T06:34:52.888+0000] {taskinstance.py:353} INFO - Marking task as SUCCESS. dag_id=print_hello2, task_id=print_hello_task, run_id=scheduled__2025-04-05T00:30:00+00:00, execution_date=20250405T003000, start_date=20250406T063451, end_date=20250406T063452
[2025-04-06T06:34:53.021+0000] {logging_mixin.py:190} INFO - Task instance in success state
[2025-04-06T06:34:53.029+0000] {logging_mixin.py:190} INFO -  Previous state of the Task instance: running
[2025-04-06T06:34:53.030+0000] {logging_mixin.py:190} INFO - Dag name:print_hello2 queued_at:2025-04-06 06:34:47.401736+00:00
[2025-04-06T06:34:53.032+0000] {logging_mixin.py:190} INFO - Task hostname:5991717e768c operator:PythonOperator
[2025-04-06T06:34:53.117+0000] {local_task_job_runner.py:266} INFO - Task exited with return code 0
[2025-04-06T06:34:53.601+0000] {local_task_job_runner.py:245} INFO - ::endgroup::
[2025-04-06T06:36:27.979+0000] {local_task_job_runner.py:123} INFO - ::group::Pre task execution logs
[2025-04-06T06:36:28.056+0000] {taskinstance.py:2614} INFO - Dependencies all met for dep_context=non-requeueable deps ti=<TaskInstance: print_hello2.print_hello_task scheduled__2025-04-05T00:30:00+00:00 [queued]>
[2025-04-06T06:36:28.098+0000] {taskinstance.py:2614} INFO - Dependencies all met for dep_context=requeueable deps ti=<TaskInstance: print_hello2.print_hello_task scheduled__2025-04-05T00:30:00+00:00 [queued]>
[2025-04-06T06:36:28.109+0000] {taskinstance.py:2867} INFO - Starting attempt 1 of 2
[2025-04-06T06:36:28.191+0000] {taskinstance.py:2890} INFO - Executing <Task(PythonOperator): print_hello_task> on 2025-04-05 00:30:00+00:00
[2025-04-06T06:36:28.214+0000] {warnings.py:112} WARNING - /home/***/.local/lib/python3.12/site-packages/***/task/task_runner/standard_task_runner.py:70: DeprecationWarning: This process (pid=2031) is multi-threaded, use of fork() may lead to deadlocks in the child.
  pid = os.fork()

[2025-04-06T06:36:28.217+0000] {standard_task_runner.py:72} INFO - Started process 2064 to run task
[2025-04-06T06:36:28.232+0000] {standard_task_runner.py:104} INFO - Running: ['***', 'tasks', 'run', 'print_hello2', 'print_hello_task', 'scheduled__2025-04-05T00:30:00+00:00', '--job-id', '391', '--raw', '--subdir', 'DAGS_FOLDER/print_hello.py', '--cfg-path', '/tmp/tmpi6mxb7y2']
[2025-04-06T06:36:28.238+0000] {standard_task_runner.py:105} INFO - Job 391: Subtask print_hello_task
[2025-04-06T06:36:29.020+0000] {task_command.py:467} INFO - Running <TaskInstance: print_hello2.print_hello_task scheduled__2025-04-05T00:30:00+00:00 [running]> on host 5991717e768c
[2025-04-06T06:36:29.438+0000] {taskinstance.py:3134} INFO - Exporting env vars: AIRFLOW_CTX_DAG_OWNER='Esayed' AIRFLOW_CTX_DAG_ID='print_hello2' AIRFLOW_CTX_TASK_ID='print_hello_task' AIRFLOW_CTX_EXECUTION_DATE='2025-04-05T00:30:00+00:00' AIRFLOW_CTX_TRY_NUMBER='1' AIRFLOW_CTX_DAG_RUN_ID='scheduled__2025-04-05T00:30:00+00:00'
[2025-04-06T06:36:29.440+0000] {logging_mixin.py:190} INFO - Task instance is in running state
[2025-04-06T06:36:29.441+0000] {logging_mixin.py:190} INFO -  Previous state of the Task instance: queued
[2025-04-06T06:36:29.443+0000] {logging_mixin.py:190} INFO - Current task name:print_hello_task state:running start_date:2025-04-06 06:36:28.077312+00:00
[2025-04-06T06:36:29.444+0000] {logging_mixin.py:190} INFO - Dag name:print_hello2 and current dag run status:running
[2025-04-06T06:36:29.445+0000] {taskinstance.py:732} INFO - ::endgroup::
[2025-04-06T06:36:29.448+0000] {logging_mixin.py:190} INFO - hello
[2025-04-06T06:36:29.449+0000] {python.py:240} INFO - Done. Returned value was: None
[2025-04-06T06:36:29.485+0000] {taskinstance.py:341} INFO - ::group::Post task execution logs
[2025-04-06T06:36:29.486+0000] {taskinstance.py:353} INFO - Marking task as SUCCESS. dag_id=print_hello2, task_id=print_hello_task, run_id=scheduled__2025-04-05T00:30:00+00:00, execution_date=20250405T003000, start_date=20250406T063628, end_date=20250406T063629
[2025-04-06T06:36:29.564+0000] {logging_mixin.py:190} INFO - Task instance in success state
[2025-04-06T06:36:29.573+0000] {logging_mixin.py:190} INFO -  Previous state of the Task instance: running
[2025-04-06T06:36:29.574+0000] {logging_mixin.py:190} INFO - Dag name:print_hello2 queued_at:2025-04-06 06:36:22.825095+00:00
[2025-04-06T06:36:29.576+0000] {logging_mixin.py:190} INFO - Task hostname:5991717e768c operator:PythonOperator
[2025-04-06T06:36:29.653+0000] {local_task_job_runner.py:266} INFO - Task exited with return code 0
[2025-04-06T06:36:30.307+0000] {taskinstance.py:3901} INFO - 1 downstream tasks scheduled from follow-on schedule check
[2025-04-06T06:36:30.323+0000] {local_task_job_runner.py:245} INFO - ::endgroup::
