[2025-04-06T06:02:31.773+0000] {local_task_job_runner.py:123} INFO - ::group::Pre task execution logs
[2025-04-06T06:02:31.831+0000] {taskinstance.py:2614} INFO - Dependencies all met for dep_context=non-requeueable deps ti=<TaskInstance: print_hello.print_hello_task scheduled__2025-04-05T00:12:00+00:00 [queued]>
[2025-04-06T06:02:31.854+0000] {taskinstance.py:2614} INFO - Dependencies all met for dep_context=requeueable deps ti=<TaskInstance: print_hello.print_hello_task scheduled__2025-04-05T00:12:00+00:00 [queued]>
[2025-04-06T06:02:31.862+0000] {taskinstance.py:2867} INFO - Starting attempt 1 of 2
[2025-04-06T06:02:31.959+0000] {taskinstance.py:2890} INFO - Executing <Task(PythonOperator): print_hello_task> on 2025-04-05 00:12:00+00:00
[2025-04-06T06:02:32.127+0000] {warnings.py:112} WARNING - /home/***/.local/lib/python3.12/site-packages/***/task/task_runner/standard_task_runner.py:70: DeprecationWarning: This process (pid=136) is multi-threaded, use of fork() may lead to deadlocks in the child.
  pid = os.fork()

[2025-04-06T06:02:32.194+0000] {standard_task_runner.py:104} INFO - Running: ['***', 'tasks', 'run', 'print_hello', 'print_hello_task', 'scheduled__2025-04-05T00:12:00+00:00', '--job-id', '20', '--raw', '--subdir', 'DAGS_FOLDER/print_hello.py', '--cfg-path', '/tmp/tmpz00je4vf']
[2025-04-06T06:02:32.198+0000] {standard_task_runner.py:105} INFO - Job 20: Subtask print_hello_task
[2025-04-06T06:02:32.206+0000] {standard_task_runner.py:72} INFO - Started process 169 to run task
[2025-04-06T06:02:32.941+0000] {task_command.py:467} INFO - Running <TaskInstance: print_hello.print_hello_task scheduled__2025-04-05T00:12:00+00:00 [running]> on host 5991717e768c
[2025-04-06T06:02:38.156+0000] {taskinstance.py:3134} INFO - Exporting env vars: AIRFLOW_CTX_DAG_OWNER='Esayed' AIRFLOW_CTX_DAG_ID='print_hello' AIRFLOW_CTX_TASK_ID='print_hello_task' AIRFLOW_CTX_EXECUTION_DATE='2025-04-05T00:12:00+00:00' AIRFLOW_CTX_TRY_NUMBER='1' AIRFLOW_CTX_DAG_RUN_ID='scheduled__2025-04-05T00:12:00+00:00'
[2025-04-06T06:02:38.158+0000] {logging_mixin.py:190} INFO - Task instance is in running state
[2025-04-06T06:02:38.159+0000] {logging_mixin.py:190} INFO -  Previous state of the Task instance: queued
[2025-04-06T06:02:38.160+0000] {logging_mixin.py:190} INFO - Current task name:print_hello_task state:running start_date:2025-04-06 06:02:31.833071+00:00
[2025-04-06T06:02:38.160+0000] {logging_mixin.py:190} INFO - Dag name:print_hello and current dag run status:running
[2025-04-06T06:02:38.161+0000] {taskinstance.py:732} INFO - ::endgroup::
[2025-04-06T06:02:38.163+0000] {logging_mixin.py:190} INFO - hello
[2025-04-06T06:02:38.164+0000] {python.py:240} INFO - Done. Returned value was: None
[2025-04-06T06:02:38.183+0000] {taskinstance.py:341} INFO - ::group::Post task execution logs
[2025-04-06T06:02:38.188+0000] {taskinstance.py:353} INFO - Marking task as SUCCESS. dag_id=print_hello, task_id=print_hello_task, run_id=scheduled__2025-04-05T00:12:00+00:00, execution_date=20250405T001200, start_date=20250406T060231, end_date=20250406T060238
[2025-04-06T06:02:38.291+0000] {logging_mixin.py:190} INFO - Task instance in success state
[2025-04-06T06:02:38.292+0000] {logging_mixin.py:190} INFO -  Previous state of the Task instance: running
[2025-04-06T06:02:38.293+0000] {logging_mixin.py:190} INFO - Dag name:print_hello queued_at:2025-04-06 06:02:23.859019+00:00
[2025-04-06T06:02:38.294+0000] {logging_mixin.py:190} INFO - Task hostname:5991717e768c operator:PythonOperator
[2025-04-06T06:02:38.328+0000] {local_task_job_runner.py:266} INFO - Task exited with return code 0
[2025-04-06T06:02:38.363+0000] {taskinstance.py:3901} INFO - 1 downstream tasks scheduled from follow-on schedule check
[2025-04-06T06:02:38.389+0000] {local_task_job_runner.py:245} INFO - ::endgroup::
[2025-04-06T06:14:58.347+0000] {local_task_job_runner.py:123} INFO - ::group::Pre task execution logs
[2025-04-06T06:14:58.445+0000] {taskinstance.py:2614} INFO - Dependencies all met for dep_context=non-requeueable deps ti=<TaskInstance: print_hello.print_hello_task scheduled__2025-04-05T00:12:00+00:00 [queued]>
[2025-04-06T06:14:58.498+0000] {taskinstance.py:2614} INFO - Dependencies all met for dep_context=requeueable deps ti=<TaskInstance: print_hello.print_hello_task scheduled__2025-04-05T00:12:00+00:00 [queued]>
[2025-04-06T06:14:58.500+0000] {taskinstance.py:2867} INFO - Starting attempt 1 of 2
[2025-04-06T06:14:58.745+0000] {taskinstance.py:2890} INFO - Executing <Task(PythonOperator): print_hello_task> on 2025-04-05 00:12:00+00:00
[2025-04-06T06:14:58.767+0000] {warnings.py:112} WARNING - /home/***/.local/lib/python3.12/site-packages/***/task/task_runner/standard_task_runner.py:70: DeprecationWarning: This process (pid=889) is multi-threaded, use of fork() may lead to deadlocks in the child.
  pid = os.fork()

[2025-04-06T06:14:58.779+0000] {standard_task_runner.py:72} INFO - Started process 938 to run task
[2025-04-06T06:14:58.806+0000] {standard_task_runner.py:104} INFO - Running: ['***', 'tasks', 'run', 'print_hello', 'print_hello_task', 'scheduled__2025-04-05T00:12:00+00:00', '--job-id', '176', '--raw', '--subdir', 'DAGS_FOLDER/print_hello.py', '--cfg-path', '/tmp/tmp262zjpq0']
[2025-04-06T06:14:58.811+0000] {standard_task_runner.py:105} INFO - Job 176: Subtask print_hello_task
[2025-04-06T06:14:59.820+0000] {task_command.py:467} INFO - Running <TaskInstance: print_hello.print_hello_task scheduled__2025-04-05T00:12:00+00:00 [running]> on host 5991717e768c
[2025-04-06T06:15:00.103+0000] {taskinstance.py:3134} INFO - Exporting env vars: AIRFLOW_CTX_DAG_OWNER='Esayed' AIRFLOW_CTX_DAG_ID='print_hello' AIRFLOW_CTX_TASK_ID='print_hello_task' AIRFLOW_CTX_EXECUTION_DATE='2025-04-05T00:12:00+00:00' AIRFLOW_CTX_TRY_NUMBER='1' AIRFLOW_CTX_DAG_RUN_ID='scheduled__2025-04-05T00:12:00+00:00'
[2025-04-06T06:15:00.105+0000] {logging_mixin.py:190} INFO - Task instance is in running state
[2025-04-06T06:15:00.106+0000] {logging_mixin.py:190} INFO -  Previous state of the Task instance: queued
[2025-04-06T06:15:00.108+0000] {logging_mixin.py:190} INFO - Current task name:print_hello_task state:running start_date:2025-04-06 06:14:58.455598+00:00
[2025-04-06T06:15:00.120+0000] {logging_mixin.py:190} INFO - Dag name:print_hello and current dag run status:running
[2025-04-06T06:15:00.123+0000] {taskinstance.py:732} INFO - ::endgroup::
[2025-04-06T06:15:00.125+0000] {logging_mixin.py:190} INFO - hello
[2025-04-06T06:15:00.130+0000] {python.py:240} INFO - Done. Returned value was: None
[2025-04-06T06:15:00.163+0000] {taskinstance.py:341} INFO - ::group::Post task execution logs
[2025-04-06T06:15:00.166+0000] {taskinstance.py:353} INFO - Marking task as SUCCESS. dag_id=print_hello, task_id=print_hello_task, run_id=scheduled__2025-04-05T00:12:00+00:00, execution_date=20250405T001200, start_date=20250406T061458, end_date=20250406T061500
[2025-04-06T06:15:00.300+0000] {logging_mixin.py:190} INFO - Task instance in success state
[2025-04-06T06:15:00.309+0000] {logging_mixin.py:190} INFO -  Previous state of the Task instance: running
[2025-04-06T06:15:00.322+0000] {logging_mixin.py:190} INFO - Dag name:print_hello queued_at:2025-04-06 06:14:53.699980+00:00
[2025-04-06T06:15:00.327+0000] {logging_mixin.py:190} INFO - Task hostname:5991717e768c operator:PythonOperator
[2025-04-06T06:15:00.431+0000] {local_task_job_runner.py:266} INFO - Task exited with return code 0
[2025-04-06T06:15:01.159+0000] {taskinstance.py:3901} INFO - 0 downstream tasks scheduled from follow-on schedule check
[2025-04-06T06:15:01.196+0000] {local_task_job_runner.py:245} INFO - ::endgroup::
