[2025-04-06T06:02:31.739+0000] {local_task_job_runner.py:123} INFO - ::group::Pre task execution logs
[2025-04-06T06:02:31.787+0000] {taskinstance.py:2614} INFO - Dependencies all met for dep_context=non-requeueable deps ti=<TaskInstance: print_hello.print_hello_task scheduled__2025-04-05T00:03:00+00:00 [queued]>
[2025-04-06T06:02:31.830+0000] {taskinstance.py:2614} INFO - Dependencies all met for dep_context=requeueable deps ti=<TaskInstance: print_hello.print_hello_task scheduled__2025-04-05T00:03:00+00:00 [queued]>
[2025-04-06T06:02:31.831+0000] {taskinstance.py:2867} INFO - Starting attempt 1 of 2
[2025-04-06T06:02:31.877+0000] {taskinstance.py:2890} INFO - Executing <Task(PythonOperator): print_hello_task> on 2025-04-05 00:03:00+00:00
[2025-04-06T06:02:31.892+0000] {warnings.py:112} WARNING - /home/***/.local/lib/python3.12/site-packages/***/task/task_runner/standard_task_runner.py:70: DeprecationWarning: This process (pid=119) is multi-threaded, use of fork() may lead to deadlocks in the child.
  pid = os.fork()

[2025-04-06T06:02:31.896+0000] {standard_task_runner.py:72} INFO - Started process 153 to run task
[2025-04-06T06:02:31.896+0000] {standard_task_runner.py:104} INFO - Running: ['***', 'tasks', 'run', 'print_hello', 'print_hello_task', 'scheduled__2025-04-05T00:03:00+00:00', '--job-id', '19', '--raw', '--subdir', 'DAGS_FOLDER/print_hello.py', '--cfg-path', '/tmp/tmpx8kjom1h']
[2025-04-06T06:02:31.898+0000] {standard_task_runner.py:105} INFO - Job 19: Subtask print_hello_task
[2025-04-06T06:02:32.340+0000] {task_command.py:467} INFO - Running <TaskInstance: print_hello.print_hello_task scheduled__2025-04-05T00:03:00+00:00 [running]> on host 5991717e768c
[2025-04-06T06:02:38.105+0000] {taskinstance.py:3134} INFO - Exporting env vars: AIRFLOW_CTX_DAG_OWNER='Esayed' AIRFLOW_CTX_DAG_ID='print_hello' AIRFLOW_CTX_TASK_ID='print_hello_task' AIRFLOW_CTX_EXECUTION_DATE='2025-04-05T00:03:00+00:00' AIRFLOW_CTX_TRY_NUMBER='1' AIRFLOW_CTX_DAG_RUN_ID='scheduled__2025-04-05T00:03:00+00:00'
[2025-04-06T06:02:38.108+0000] {logging_mixin.py:190} INFO - Task instance is in running state
[2025-04-06T06:02:38.110+0000] {logging_mixin.py:190} INFO -  Previous state of the Task instance: queued
[2025-04-06T06:02:38.111+0000] {logging_mixin.py:190} INFO - Current task name:print_hello_task state:running start_date:2025-04-06 06:02:31.788575+00:00
[2025-04-06T06:02:38.114+0000] {logging_mixin.py:190} INFO - Dag name:print_hello and current dag run status:running
[2025-04-06T06:02:38.116+0000] {taskinstance.py:732} INFO - ::endgroup::
[2025-04-06T06:02:38.119+0000] {logging_mixin.py:190} INFO - hello
[2025-04-06T06:02:38.127+0000] {python.py:240} INFO - Done. Returned value was: None
[2025-04-06T06:02:38.147+0000] {taskinstance.py:341} INFO - ::group::Post task execution logs
[2025-04-06T06:02:38.149+0000] {taskinstance.py:353} INFO - Marking task as SUCCESS. dag_id=print_hello, task_id=print_hello_task, run_id=scheduled__2025-04-05T00:03:00+00:00, execution_date=20250405T000300, start_date=20250406T060231, end_date=20250406T060238
[2025-04-06T06:02:38.255+0000] {logging_mixin.py:190} INFO - Task instance in success state
[2025-04-06T06:02:38.256+0000] {logging_mixin.py:190} INFO -  Previous state of the Task instance: running
[2025-04-06T06:02:38.257+0000] {logging_mixin.py:190} INFO - Dag name:print_hello queued_at:2025-04-06 06:02:20.480389+00:00
[2025-04-06T06:02:38.258+0000] {logging_mixin.py:190} INFO - Task hostname:5991717e768c operator:PythonOperator
[2025-04-06T06:02:38.295+0000] {local_task_job_runner.py:266} INFO - Task exited with return code 0
[2025-04-06T06:02:38.719+0000] {taskinstance.py:3901} INFO - 1 downstream tasks scheduled from follow-on schedule check
[2025-04-06T06:02:38.735+0000] {local_task_job_runner.py:245} INFO - ::endgroup::
[2025-04-06T06:14:54.855+0000] {local_task_job_runner.py:123} INFO - ::group::Pre task execution logs
[2025-04-06T06:14:54.902+0000] {taskinstance.py:2614} INFO - Dependencies all met for dep_context=non-requeueable deps ti=<TaskInstance: print_hello.print_hello_task scheduled__2025-04-05T00:03:00+00:00 [queued]>
[2025-04-06T06:14:54.922+0000] {taskinstance.py:2614} INFO - Dependencies all met for dep_context=requeueable deps ti=<TaskInstance: print_hello.print_hello_task scheduled__2025-04-05T00:03:00+00:00 [queued]>
[2025-04-06T06:14:54.926+0000] {taskinstance.py:2867} INFO - Starting attempt 1 of 2
[2025-04-06T06:14:54.963+0000] {taskinstance.py:2890} INFO - Executing <Task(PythonOperator): print_hello_task> on 2025-04-05 00:03:00+00:00
[2025-04-06T06:14:54.984+0000] {warnings.py:112} WARNING - /home/***/.local/lib/python3.12/site-packages/***/task/task_runner/standard_task_runner.py:70: DeprecationWarning: This process (pid=871) is multi-threaded, use of fork() may lead to deadlocks in the child.
  pid = os.fork()

[2025-04-06T06:14:54.988+0000] {standard_task_runner.py:72} INFO - Started process 900 to run task
[2025-04-06T06:14:54.992+0000] {standard_task_runner.py:104} INFO - Running: ['***', 'tasks', 'run', 'print_hello', 'print_hello_task', 'scheduled__2025-04-05T00:03:00+00:00', '--job-id', '167', '--raw', '--subdir', 'DAGS_FOLDER/print_hello.py', '--cfg-path', '/tmp/tmp4abs4jrz']
[2025-04-06T06:14:54.994+0000] {standard_task_runner.py:105} INFO - Job 167: Subtask print_hello_task
[2025-04-06T06:14:55.605+0000] {task_command.py:467} INFO - Running <TaskInstance: print_hello.print_hello_task scheduled__2025-04-05T00:03:00+00:00 [running]> on host 5991717e768c
[2025-04-06T06:14:55.794+0000] {taskinstance.py:3134} INFO - Exporting env vars: AIRFLOW_CTX_DAG_OWNER='Esayed' AIRFLOW_CTX_DAG_ID='print_hello' AIRFLOW_CTX_TASK_ID='print_hello_task' AIRFLOW_CTX_EXECUTION_DATE='2025-04-05T00:03:00+00:00' AIRFLOW_CTX_TRY_NUMBER='1' AIRFLOW_CTX_DAG_RUN_ID='scheduled__2025-04-05T00:03:00+00:00'
[2025-04-06T06:14:55.800+0000] {logging_mixin.py:190} INFO - Task instance is in running state
[2025-04-06T06:14:55.801+0000] {logging_mixin.py:190} INFO -  Previous state of the Task instance: queued
[2025-04-06T06:14:55.812+0000] {logging_mixin.py:190} INFO - Current task name:print_hello_task state:running start_date:2025-04-06 06:14:54.904152+00:00
[2025-04-06T06:14:55.813+0000] {logging_mixin.py:190} INFO - Dag name:print_hello and current dag run status:running
[2025-04-06T06:14:55.814+0000] {taskinstance.py:732} INFO - ::endgroup::
[2025-04-06T06:14:55.815+0000] {logging_mixin.py:190} INFO - hello
[2025-04-06T06:14:55.822+0000] {python.py:240} INFO - Done. Returned value was: None
[2025-04-06T06:14:55.850+0000] {taskinstance.py:341} INFO - ::group::Post task execution logs
[2025-04-06T06:14:55.859+0000] {taskinstance.py:353} INFO - Marking task as SUCCESS. dag_id=print_hello, task_id=print_hello_task, run_id=scheduled__2025-04-05T00:03:00+00:00, execution_date=20250405T000300, start_date=20250406T061454, end_date=20250406T061455
[2025-04-06T06:14:55.954+0000] {logging_mixin.py:190} INFO - Task instance in success state
[2025-04-06T06:14:55.959+0000] {logging_mixin.py:190} INFO -  Previous state of the Task instance: running
[2025-04-06T06:14:55.960+0000] {logging_mixin.py:190} INFO - Dag name:print_hello queued_at:2025-04-06 06:14:51.813629+00:00
[2025-04-06T06:14:55.962+0000] {logging_mixin.py:190} INFO - Task hostname:5991717e768c operator:PythonOperator
[2025-04-06T06:14:56.036+0000] {local_task_job_runner.py:266} INFO - Task exited with return code 0
[2025-04-06T06:14:56.535+0000] {taskinstance.py:3901} INFO - 0 downstream tasks scheduled from follow-on schedule check
[2025-04-06T06:14:56.546+0000] {local_task_job_runner.py:245} INFO - ::endgroup::
