[2025-04-06T06:03:16.997+0000] {local_task_job_runner.py:123} INFO - ::group::Pre task execution logs
[2025-04-06T06:03:17.054+0000] {taskinstance.py:2614} INFO - Dependencies all met for dep_context=non-requeueable deps ti=<TaskInstance: print_hello.print_hello_task scheduled__2025-04-05T00:39:00+00:00 [queued]>
[2025-04-06T06:03:17.084+0000] {taskinstance.py:2614} INFO - Dependencies all met for dep_context=requeueable deps ti=<TaskInstance: print_hello.print_hello_task scheduled__2025-04-05T00:39:00+00:00 [queued]>
[2025-04-06T06:03:17.085+0000] {taskinstance.py:2867} INFO - Starting attempt 1 of 2
[2025-04-06T06:03:17.548+0000] {taskinstance.py:2890} INFO - Executing <Task(PythonOperator): print_hello_task> on 2025-04-05 00:39:00+00:00
[2025-04-06T06:03:17.570+0000] {warnings.py:112} WARNING - /home/***/.local/lib/python3.12/site-packages/***/task/task_runner/standard_task_runner.py:70: DeprecationWarning: This process (pid=390) is multi-threaded, use of fork() may lead to deadlocks in the child.
  pid = os.fork()

[2025-04-06T06:03:17.574+0000] {standard_task_runner.py:72} INFO - Started process 428 to run task
[2025-04-06T06:03:17.574+0000] {standard_task_runner.py:104} INFO - Running: ['***', 'tasks', 'run', 'print_hello', 'print_hello_task', 'scheduled__2025-04-05T00:39:00+00:00', '--job-id', '86', '--raw', '--subdir', 'DAGS_FOLDER/print_hello.py', '--cfg-path', '/tmp/tmp9sojdw6q']
[2025-04-06T06:03:17.576+0000] {standard_task_runner.py:105} INFO - Job 86: Subtask print_hello_task
[2025-04-06T06:03:17.693+0000] {task_command.py:467} INFO - Running <TaskInstance: print_hello.print_hello_task scheduled__2025-04-05T00:39:00+00:00 [running]> on host 5991717e768c
[2025-04-06T06:03:17.926+0000] {taskinstance.py:3134} INFO - Exporting env vars: AIRFLOW_CTX_DAG_OWNER='Esayed' AIRFLOW_CTX_DAG_ID='print_hello' AIRFLOW_CTX_TASK_ID='print_hello_task' AIRFLOW_CTX_EXECUTION_DATE='2025-04-05T00:39:00+00:00' AIRFLOW_CTX_TRY_NUMBER='1' AIRFLOW_CTX_DAG_RUN_ID='scheduled__2025-04-05T00:39:00+00:00'
[2025-04-06T06:03:17.929+0000] {logging_mixin.py:190} INFO - Task instance is in running state
[2025-04-06T06:03:17.930+0000] {logging_mixin.py:190} INFO -  Previous state of the Task instance: queued
[2025-04-06T06:03:17.931+0000] {logging_mixin.py:190} INFO - Current task name:print_hello_task state:running start_date:2025-04-06 06:03:17.056197+00:00
[2025-04-06T06:03:17.932+0000] {logging_mixin.py:190} INFO - Dag name:print_hello and current dag run status:running
[2025-04-06T06:03:17.934+0000] {taskinstance.py:732} INFO - ::endgroup::
[2025-04-06T06:03:17.937+0000] {logging_mixin.py:190} INFO - hello
[2025-04-06T06:03:17.938+0000] {python.py:240} INFO - Done. Returned value was: None
[2025-04-06T06:03:17.962+0000] {taskinstance.py:341} INFO - ::group::Post task execution logs
[2025-04-06T06:03:17.963+0000] {taskinstance.py:353} INFO - Marking task as SUCCESS. dag_id=print_hello, task_id=print_hello_task, run_id=scheduled__2025-04-05T00:39:00+00:00, execution_date=20250405T003900, start_date=20250406T060317, end_date=20250406T060317
[2025-04-06T06:03:18.030+0000] {logging_mixin.py:190} INFO - Task instance in success state
[2025-04-06T06:03:18.032+0000] {logging_mixin.py:190} INFO -  Previous state of the Task instance: running
[2025-04-06T06:03:18.033+0000] {logging_mixin.py:190} INFO - Dag name:print_hello queued_at:2025-04-06 06:03:12.947116+00:00
[2025-04-06T06:03:18.035+0000] {logging_mixin.py:190} INFO - Task hostname:5991717e768c operator:PythonOperator
[2025-04-06T06:03:18.078+0000] {local_task_job_runner.py:266} INFO - Task exited with return code 0
[2025-04-06T06:03:18.101+0000] {local_task_job_runner.py:245} INFO - ::endgroup::
[2025-04-06T06:15:31.577+0000] {local_task_job_runner.py:123} INFO - ::group::Pre task execution logs
[2025-04-06T06:15:31.661+0000] {taskinstance.py:2614} INFO - Dependencies all met for dep_context=non-requeueable deps ti=<TaskInstance: print_hello.print_hello_task scheduled__2025-04-05T00:39:00+00:00 [queued]>
[2025-04-06T06:15:31.694+0000] {taskinstance.py:2614} INFO - Dependencies all met for dep_context=requeueable deps ti=<TaskInstance: print_hello.print_hello_task scheduled__2025-04-05T00:39:00+00:00 [queued]>
[2025-04-06T06:15:31.696+0000] {taskinstance.py:2867} INFO - Starting attempt 1 of 2
[2025-04-06T06:15:32.411+0000] {taskinstance.py:2890} INFO - Executing <Task(PythonOperator): print_hello_task> on 2025-04-05 00:39:00+00:00
[2025-04-06T06:15:32.447+0000] {warnings.py:112} WARNING - /home/***/.local/lib/python3.12/site-packages/***/task/task_runner/standard_task_runner.py:70: DeprecationWarning: This process (pid=1142) is multi-threaded, use of fork() may lead to deadlocks in the child.
  pid = os.fork()

[2025-04-06T06:15:32.451+0000] {standard_task_runner.py:72} INFO - Started process 1180 to run task
[2025-04-06T06:15:32.462+0000] {standard_task_runner.py:104} INFO - Running: ['***', 'tasks', 'run', 'print_hello', 'print_hello_task', 'scheduled__2025-04-05T00:39:00+00:00', '--job-id', '235', '--raw', '--subdir', 'DAGS_FOLDER/print_hello.py', '--cfg-path', '/tmp/tmpxvd2l6hw']
[2025-04-06T06:15:32.465+0000] {standard_task_runner.py:105} INFO - Job 235: Subtask print_hello_task
[2025-04-06T06:15:32.609+0000] {task_command.py:467} INFO - Running <TaskInstance: print_hello.print_hello_task scheduled__2025-04-05T00:39:00+00:00 [running]> on host 5991717e768c
[2025-04-06T06:15:32.953+0000] {taskinstance.py:3134} INFO - Exporting env vars: AIRFLOW_CTX_DAG_OWNER='Esayed' AIRFLOW_CTX_DAG_ID='print_hello' AIRFLOW_CTX_TASK_ID='print_hello_task' AIRFLOW_CTX_EXECUTION_DATE='2025-04-05T00:39:00+00:00' AIRFLOW_CTX_TRY_NUMBER='1' AIRFLOW_CTX_DAG_RUN_ID='scheduled__2025-04-05T00:39:00+00:00'
[2025-04-06T06:15:32.961+0000] {logging_mixin.py:190} INFO - Task instance is in running state
[2025-04-06T06:15:32.962+0000] {logging_mixin.py:190} INFO -  Previous state of the Task instance: queued
[2025-04-06T06:15:32.968+0000] {logging_mixin.py:190} INFO - Current task name:print_hello_task state:running start_date:2025-04-06 06:15:31.664798+00:00
[2025-04-06T06:15:32.970+0000] {logging_mixin.py:190} INFO - Dag name:print_hello and current dag run status:running
[2025-04-06T06:15:32.974+0000] {taskinstance.py:732} INFO - ::endgroup::
[2025-04-06T06:15:32.976+0000] {logging_mixin.py:190} INFO - hello
[2025-04-06T06:15:32.977+0000] {python.py:240} INFO - Done. Returned value was: None
[2025-04-06T06:15:33.002+0000] {taskinstance.py:341} INFO - ::group::Post task execution logs
[2025-04-06T06:15:33.008+0000] {taskinstance.py:353} INFO - Marking task as SUCCESS. dag_id=print_hello, task_id=print_hello_task, run_id=scheduled__2025-04-05T00:39:00+00:00, execution_date=20250405T003900, start_date=20250406T061531, end_date=20250406T061533
[2025-04-06T06:15:33.091+0000] {logging_mixin.py:190} INFO - Task instance in success state
[2025-04-06T06:15:33.094+0000] {logging_mixin.py:190} INFO -  Previous state of the Task instance: running
[2025-04-06T06:15:33.096+0000] {logging_mixin.py:190} INFO - Dag name:print_hello queued_at:2025-04-06 06:15:27.286982+00:00
[2025-04-06T06:15:33.100+0000] {logging_mixin.py:190} INFO - Task hostname:5991717e768c operator:PythonOperator
[2025-04-06T06:15:33.156+0000] {local_task_job_runner.py:266} INFO - Task exited with return code 0
[2025-04-06T06:15:33.260+0000] {taskinstance.py:3901} INFO - 1 downstream tasks scheduled from follow-on schedule check
[2025-04-06T06:15:33.268+0000] {local_task_job_runner.py:245} INFO - ::endgroup::
