[2025-04-06T06:02:31.663+0000] {local_task_job_runner.py:123} INFO - ::group::Pre task execution logs
[2025-04-06T06:02:31.701+0000] {taskinstance.py:2614} INFO - Dependencies all met for dep_context=non-requeueable deps ti=<TaskInstance: print_hello.print_hello_task scheduled__2025-04-05T00:11:00+00:00 [queued]>
[2025-04-06T06:02:31.719+0000] {taskinstance.py:2614} INFO - Dependencies all met for dep_context=requeueable deps ti=<TaskInstance: print_hello.print_hello_task scheduled__2025-04-05T00:11:00+00:00 [queued]>
[2025-04-06T06:02:31.720+0000] {taskinstance.py:2867} INFO - Starting attempt 1 of 2
[2025-04-06T06:02:31.753+0000] {taskinstance.py:2890} INFO - Executing <Task(PythonOperator): print_hello_task> on 2025-04-05 00:11:00+00:00
[2025-04-06T06:02:31.770+0000] {warnings.py:112} WARNING - /home/***/.local/lib/python3.12/site-packages/***/task/task_runner/standard_task_runner.py:70: DeprecationWarning: This process (pid=135) is multi-threaded, use of fork() may lead to deadlocks in the child.
  pid = os.fork()

[2025-04-06T06:02:31.773+0000] {standard_task_runner.py:72} INFO - Started process 145 to run task
[2025-04-06T06:02:31.774+0000] {standard_task_runner.py:104} INFO - Running: ['***', 'tasks', 'run', 'print_hello', 'print_hello_task', 'scheduled__2025-04-05T00:11:00+00:00', '--job-id', '18', '--raw', '--subdir', 'DAGS_FOLDER/print_hello.py', '--cfg-path', '/tmp/tmpk_mpe062']
[2025-04-06T06:02:31.776+0000] {standard_task_runner.py:105} INFO - Job 18: Subtask print_hello_task
[2025-04-06T06:02:31.885+0000] {task_command.py:467} INFO - Running <TaskInstance: print_hello.print_hello_task scheduled__2025-04-05T00:11:00+00:00 [running]> on host 5991717e768c
[2025-04-06T06:02:35.320+0000] {taskinstance.py:3134} INFO - Exporting env vars: AIRFLOW_CTX_DAG_OWNER='Esayed' AIRFLOW_CTX_DAG_ID='print_hello' AIRFLOW_CTX_TASK_ID='print_hello_task' AIRFLOW_CTX_EXECUTION_DATE='2025-04-05T00:11:00+00:00' AIRFLOW_CTX_TRY_NUMBER='1' AIRFLOW_CTX_DAG_RUN_ID='scheduled__2025-04-05T00:11:00+00:00'
[2025-04-06T06:02:35.322+0000] {logging_mixin.py:190} INFO - Task instance is in running state
[2025-04-06T06:02:35.324+0000] {logging_mixin.py:190} INFO -  Previous state of the Task instance: queued
[2025-04-06T06:02:35.327+0000] {logging_mixin.py:190} INFO - Current task name:print_hello_task state:running start_date:2025-04-06 06:02:31.702812+00:00
[2025-04-06T06:02:35.328+0000] {logging_mixin.py:190} INFO - Dag name:print_hello and current dag run status:running
[2025-04-06T06:02:35.348+0000] {taskinstance.py:732} INFO - ::endgroup::
[2025-04-06T06:02:35.360+0000] {logging_mixin.py:190} INFO - hello
[2025-04-06T06:02:35.370+0000] {python.py:240} INFO - Done. Returned value was: None
[2025-04-06T06:02:35.624+0000] {taskinstance.py:341} INFO - ::group::Post task execution logs
[2025-04-06T06:02:35.674+0000] {taskinstance.py:353} INFO - Marking task as SUCCESS. dag_id=print_hello, task_id=print_hello_task, run_id=scheduled__2025-04-05T00:11:00+00:00, execution_date=20250405T001100, start_date=20250406T060231, end_date=20250406T060235
[2025-04-06T06:02:38.105+0000] {logging_mixin.py:190} INFO - Task instance in success state
[2025-04-06T06:02:38.106+0000] {logging_mixin.py:190} INFO -  Previous state of the Task instance: running
[2025-04-06T06:02:38.113+0000] {logging_mixin.py:190} INFO - Dag name:print_hello queued_at:2025-04-06 06:02:23.335908+00:00
[2025-04-06T06:02:38.114+0000] {logging_mixin.py:190} INFO - Task hostname:5991717e768c operator:PythonOperator
[2025-04-06T06:02:38.176+0000] {local_task_job_runner.py:266} INFO - Task exited with return code 0
[2025-04-06T06:02:38.224+0000] {taskinstance.py:3901} INFO - 1 downstream tasks scheduled from follow-on schedule check
[2025-04-06T06:02:38.255+0000] {local_task_job_runner.py:245} INFO - ::endgroup::
[2025-04-06T06:14:57.668+0000] {local_task_job_runner.py:123} INFO - ::group::Pre task execution logs
[2025-04-06T06:14:57.713+0000] {taskinstance.py:2614} INFO - Dependencies all met for dep_context=non-requeueable deps ti=<TaskInstance: print_hello.print_hello_task scheduled__2025-04-05T00:11:00+00:00 [queued]>
[2025-04-06T06:14:57.744+0000] {taskinstance.py:2614} INFO - Dependencies all met for dep_context=requeueable deps ti=<TaskInstance: print_hello.print_hello_task scheduled__2025-04-05T00:11:00+00:00 [queued]>
[2025-04-06T06:14:57.748+0000] {taskinstance.py:2867} INFO - Starting attempt 1 of 2
[2025-04-06T06:14:58.060+0000] {taskinstance.py:2890} INFO - Executing <Task(PythonOperator): print_hello_task> on 2025-04-05 00:11:00+00:00
[2025-04-06T06:14:58.085+0000] {warnings.py:112} WARNING - /home/***/.local/lib/python3.12/site-packages/***/task/task_runner/standard_task_runner.py:70: DeprecationWarning: This process (pid=887) is multi-threaded, use of fork() may lead to deadlocks in the child.
  pid = os.fork()

[2025-04-06T06:14:58.090+0000] {standard_task_runner.py:72} INFO - Started process 933 to run task
[2025-04-06T06:14:58.102+0000] {standard_task_runner.py:104} INFO - Running: ['***', 'tasks', 'run', 'print_hello', 'print_hello_task', 'scheduled__2025-04-05T00:11:00+00:00', '--job-id', '175', '--raw', '--subdir', 'DAGS_FOLDER/print_hello.py', '--cfg-path', '/tmp/tmp24wyir7m']
[2025-04-06T06:14:58.107+0000] {standard_task_runner.py:105} INFO - Job 175: Subtask print_hello_task
[2025-04-06T06:14:58.903+0000] {task_command.py:467} INFO - Running <TaskInstance: print_hello.print_hello_task scheduled__2025-04-05T00:11:00+00:00 [running]> on host 5991717e768c
[2025-04-06T06:14:59.280+0000] {taskinstance.py:3134} INFO - Exporting env vars: AIRFLOW_CTX_DAG_OWNER='Esayed' AIRFLOW_CTX_DAG_ID='print_hello' AIRFLOW_CTX_TASK_ID='print_hello_task' AIRFLOW_CTX_EXECUTION_DATE='2025-04-05T00:11:00+00:00' AIRFLOW_CTX_TRY_NUMBER='1' AIRFLOW_CTX_DAG_RUN_ID='scheduled__2025-04-05T00:11:00+00:00'
[2025-04-06T06:14:59.288+0000] {logging_mixin.py:190} INFO - Task instance is in running state
[2025-04-06T06:14:59.293+0000] {logging_mixin.py:190} INFO -  Previous state of the Task instance: queued
[2025-04-06T06:14:59.294+0000] {logging_mixin.py:190} INFO - Current task name:print_hello_task state:running start_date:2025-04-06 06:14:57.715573+00:00
[2025-04-06T06:14:59.296+0000] {logging_mixin.py:190} INFO - Dag name:print_hello and current dag run status:running
[2025-04-06T06:14:59.297+0000] {taskinstance.py:732} INFO - ::endgroup::
[2025-04-06T06:14:59.304+0000] {logging_mixin.py:190} INFO - hello
[2025-04-06T06:14:59.309+0000] {python.py:240} INFO - Done. Returned value was: None
[2025-04-06T06:14:59.337+0000] {taskinstance.py:341} INFO - ::group::Post task execution logs
[2025-04-06T06:14:59.351+0000] {taskinstance.py:353} INFO - Marking task as SUCCESS. dag_id=print_hello, task_id=print_hello_task, run_id=scheduled__2025-04-05T00:11:00+00:00, execution_date=20250405T001100, start_date=20250406T061457, end_date=20250406T061459
[2025-04-06T06:14:59.503+0000] {logging_mixin.py:190} INFO - Task instance in success state
[2025-04-06T06:14:59.513+0000] {logging_mixin.py:190} INFO -  Previous state of the Task instance: running
[2025-04-06T06:14:59.515+0000] {logging_mixin.py:190} INFO - Dag name:print_hello queued_at:2025-04-06 06:14:53.371098+00:00
[2025-04-06T06:14:59.521+0000] {logging_mixin.py:190} INFO - Task hostname:5991717e768c operator:PythonOperator
[2025-04-06T06:14:59.629+0000] {local_task_job_runner.py:266} INFO - Task exited with return code 0
[2025-04-06T06:15:00.210+0000] {taskinstance.py:3901} INFO - 1 downstream tasks scheduled from follow-on schedule check
[2025-04-06T06:15:00.226+0000] {local_task_job_runner.py:245} INFO - ::endgroup::
