[2025-04-06T06:03:24.058+0000] {local_task_job_runner.py:123} INFO - ::group::Pre task execution logs
[2025-04-06T06:03:24.127+0000] {taskinstance.py:2614} INFO - Dependencies all met for dep_context=non-requeueable deps ti=<TaskInstance: print_hello.save_to_csv_task scheduled__2025-04-05T00:40:00+00:00 [queued]>
[2025-04-06T06:03:24.157+0000] {taskinstance.py:2614} INFO - Dependencies all met for dep_context=requeueable deps ti=<TaskInstance: print_hello.save_to_csv_task scheduled__2025-04-05T00:40:00+00:00 [queued]>
[2025-04-06T06:03:24.158+0000] {taskinstance.py:2867} INFO - Starting attempt 1 of 2
[2025-04-06T06:03:24.527+0000] {taskinstance.py:2890} INFO - Executing <Task(PythonOperator): save_to_csv_task> on 2025-04-05 00:40:00+00:00
[2025-04-06T06:03:24.543+0000] {warnings.py:112} WARNING - /home/***/.local/lib/python3.12/site-packages/***/task/task_runner/standard_task_runner.py:70: DeprecationWarning: This process (pid=446) is multi-threaded, use of fork() may lead to deadlocks in the child.
  pid = os.fork()

[2025-04-06T06:03:24.546+0000] {standard_task_runner.py:72} INFO - Started process 497 to run task
[2025-04-06T06:03:24.546+0000] {standard_task_runner.py:104} INFO - Running: ['***', 'tasks', 'run', 'print_hello', 'save_to_csv_task', 'scheduled__2025-04-05T00:40:00+00:00', '--job-id', '104', '--raw', '--subdir', 'DAGS_FOLDER/print_hello.py', '--cfg-path', '/tmp/tmpt44fo_cm']
[2025-04-06T06:03:24.548+0000] {standard_task_runner.py:105} INFO - Job 104: Subtask save_to_csv_task
[2025-04-06T06:03:24.630+0000] {task_command.py:467} INFO - Running <TaskInstance: print_hello.save_to_csv_task scheduled__2025-04-05T00:40:00+00:00 [running]> on host 5991717e768c
[2025-04-06T06:03:24.791+0000] {taskinstance.py:3134} INFO - Exporting env vars: AIRFLOW_CTX_DAG_OWNER='Esayed' AIRFLOW_CTX_DAG_ID='print_hello' AIRFLOW_CTX_TASK_ID='save_to_csv_task' AIRFLOW_CTX_EXECUTION_DATE='2025-04-05T00:40:00+00:00' AIRFLOW_CTX_TRY_NUMBER='1' AIRFLOW_CTX_DAG_RUN_ID='scheduled__2025-04-05T00:40:00+00:00'
[2025-04-06T06:03:24.794+0000] {logging_mixin.py:190} INFO - Task instance is in running state
[2025-04-06T06:03:24.795+0000] {logging_mixin.py:190} INFO -  Previous state of the Task instance: queued
[2025-04-06T06:03:24.796+0000] {logging_mixin.py:190} INFO - Current task name:save_to_csv_task state:running start_date:2025-04-06 06:03:24.128803+00:00
[2025-04-06T06:03:24.797+0000] {logging_mixin.py:190} INFO - Dag name:print_hello and current dag run status:running
[2025-04-06T06:03:24.798+0000] {taskinstance.py:732} INFO - ::endgroup::
[2025-04-06T06:03:24.811+0000] {python.py:240} INFO - Done. Returned value was: None
[2025-04-06T06:03:24.827+0000] {taskinstance.py:341} INFO - ::group::Post task execution logs
[2025-04-06T06:03:24.828+0000] {taskinstance.py:353} INFO - Marking task as SUCCESS. dag_id=print_hello, task_id=save_to_csv_task, run_id=scheduled__2025-04-05T00:40:00+00:00, execution_date=20250405T004000, start_date=20250406T060324, end_date=20250406T060324
[2025-04-06T06:03:24.868+0000] {logging_mixin.py:190} INFO - Task instance in success state
[2025-04-06T06:03:24.869+0000] {logging_mixin.py:190} INFO -  Previous state of the Task instance: running
[2025-04-06T06:03:24.870+0000] {logging_mixin.py:190} INFO - Dag name:print_hello queued_at:2025-04-06 06:03:13.201277+00:00
[2025-04-06T06:03:24.871+0000] {logging_mixin.py:190} INFO - Task hostname:5991717e768c operator:PythonOperator
[2025-04-06T06:03:24.923+0000] {local_task_job_runner.py:266} INFO - Task exited with return code 0
[2025-04-06T06:03:24.948+0000] {taskinstance.py:3901} INFO - 0 downstream tasks scheduled from follow-on schedule check
[2025-04-06T06:03:24.952+0000] {local_task_job_runner.py:245} INFO - ::endgroup::
[2025-04-06T06:15:39.812+0000] {local_task_job_runner.py:123} INFO - ::group::Pre task execution logs
[2025-04-06T06:15:39.867+0000] {taskinstance.py:2614} INFO - Dependencies all met for dep_context=non-requeueable deps ti=<TaskInstance: print_hello.save_to_csv_task scheduled__2025-04-05T00:40:00+00:00 [queued]>
[2025-04-06T06:15:39.902+0000] {taskinstance.py:2614} INFO - Dependencies all met for dep_context=requeueable deps ti=<TaskInstance: print_hello.save_to_csv_task scheduled__2025-04-05T00:40:00+00:00 [queued]>
[2025-04-06T06:15:39.904+0000] {taskinstance.py:2867} INFO - Starting attempt 1 of 2
[2025-04-06T06:15:40.436+0000] {taskinstance.py:2890} INFO - Executing <Task(PythonOperator): save_to_csv_task> on 2025-04-05 00:40:00+00:00
[2025-04-06T06:15:40.463+0000] {warnings.py:112} WARNING - /home/***/.local/lib/python3.12/site-packages/***/task/task_runner/standard_task_runner.py:70: DeprecationWarning: This process (pid=1200) is multi-threaded, use of fork() may lead to deadlocks in the child.
  pid = os.fork()

[2025-04-06T06:15:40.469+0000] {standard_task_runner.py:72} INFO - Started process 1241 to run task
[2025-04-06T06:15:40.480+0000] {standard_task_runner.py:104} INFO - Running: ['***', 'tasks', 'run', 'print_hello', 'save_to_csv_task', 'scheduled__2025-04-05T00:40:00+00:00', '--job-id', '248', '--raw', '--subdir', 'DAGS_FOLDER/print_hello.py', '--cfg-path', '/tmp/tmp90q20rhy']
[2025-04-06T06:15:40.503+0000] {standard_task_runner.py:105} INFO - Job 248: Subtask save_to_csv_task
[2025-04-06T06:15:40.688+0000] {task_command.py:467} INFO - Running <TaskInstance: print_hello.save_to_csv_task scheduled__2025-04-05T00:40:00+00:00 [running]> on host 5991717e768c
[2025-04-06T06:15:40.940+0000] {taskinstance.py:3134} INFO - Exporting env vars: AIRFLOW_CTX_DAG_OWNER='Esayed' AIRFLOW_CTX_DAG_ID='print_hello' AIRFLOW_CTX_TASK_ID='save_to_csv_task' AIRFLOW_CTX_EXECUTION_DATE='2025-04-05T00:40:00+00:00' AIRFLOW_CTX_TRY_NUMBER='1' AIRFLOW_CTX_DAG_RUN_ID='scheduled__2025-04-05T00:40:00+00:00'
[2025-04-06T06:15:40.943+0000] {logging_mixin.py:190} INFO - Task instance is in running state
[2025-04-06T06:15:40.949+0000] {logging_mixin.py:190} INFO -  Previous state of the Task instance: queued
[2025-04-06T06:15:40.954+0000] {logging_mixin.py:190} INFO - Current task name:save_to_csv_task state:running start_date:2025-04-06 06:15:39.869741+00:00
[2025-04-06T06:15:40.955+0000] {logging_mixin.py:190} INFO - Dag name:print_hello and current dag run status:running
[2025-04-06T06:15:40.958+0000] {taskinstance.py:732} INFO - ::endgroup::
[2025-04-06T06:15:40.980+0000] {python.py:240} INFO - Done. Returned value was: None
[2025-04-06T06:15:41.009+0000] {taskinstance.py:341} INFO - ::group::Post task execution logs
[2025-04-06T06:15:41.014+0000] {taskinstance.py:353} INFO - Marking task as SUCCESS. dag_id=print_hello, task_id=save_to_csv_task, run_id=scheduled__2025-04-05T00:40:00+00:00, execution_date=20250405T004000, start_date=20250406T061539, end_date=20250406T061541
[2025-04-06T06:15:41.087+0000] {logging_mixin.py:190} INFO - Task instance in success state
[2025-04-06T06:15:41.092+0000] {logging_mixin.py:190} INFO -  Previous state of the Task instance: running
[2025-04-06T06:15:41.093+0000] {logging_mixin.py:190} INFO - Dag name:print_hello queued_at:2025-04-06 06:15:27.491258+00:00
[2025-04-06T06:15:41.094+0000] {logging_mixin.py:190} INFO - Task hostname:5991717e768c operator:PythonOperator
[2025-04-06T06:15:41.160+0000] {local_task_job_runner.py:266} INFO - Task exited with return code 0
[2025-04-06T06:15:41.216+0000] {taskinstance.py:3901} INFO - 0 downstream tasks scheduled from follow-on schedule check
[2025-04-06T06:15:41.225+0000] {local_task_job_runner.py:245} INFO - ::endgroup::
