[2025-04-06T06:03:53.597+0000] {local_task_job_runner.py:123} INFO - ::group::Pre task execution logs
[2025-04-06T06:03:53.638+0000] {taskinstance.py:2614} INFO - Dependencies all met for dep_context=non-requeueable deps ti=<TaskInstance: print_hello.save_to_csv_task scheduled__2025-04-05T01:08:00+00:00 [queued]>
[2025-04-06T06:03:53.664+0000] {taskinstance.py:2614} INFO - Dependencies all met for dep_context=requeueable deps ti=<TaskInstance: print_hello.save_to_csv_task scheduled__2025-04-05T01:08:00+00:00 [queued]>
[2025-04-06T06:03:53.665+0000] {taskinstance.py:2867} INFO - Starting attempt 1 of 2
[2025-04-06T06:03:54.083+0000] {taskinstance.py:2890} INFO - Executing <Task(PythonOperator): save_to_csv_task> on 2025-04-05 01:08:00+00:00
[2025-04-06T06:03:54.098+0000] {warnings.py:112} WARNING - /home/***/.local/lib/python3.12/site-packages/***/task/task_runner/standard_task_runner.py:70: DeprecationWarning: This process (pid=668) is multi-threaded, use of fork() may lead to deadlocks in the child.
  pid = os.fork()

[2025-04-06T06:03:54.101+0000] {standard_task_runner.py:104} INFO - Running: ['***', 'tasks', 'run', 'print_hello', 'save_to_csv_task', 'scheduled__2025-04-05T01:08:00+00:00', '--job-id', '157', '--raw', '--subdir', 'DAGS_FOLDER/print_hello.py', '--cfg-path', '/tmp/tmpbq93af4f']
[2025-04-06T06:03:54.103+0000] {standard_task_runner.py:72} INFO - Started process 704 to run task
[2025-04-06T06:03:54.104+0000] {standard_task_runner.py:105} INFO - Job 157: Subtask save_to_csv_task
[2025-04-06T06:03:54.208+0000] {task_command.py:467} INFO - Running <TaskInstance: print_hello.save_to_csv_task scheduled__2025-04-05T01:08:00+00:00 [running]> on host 5991717e768c
[2025-04-06T06:03:54.420+0000] {taskinstance.py:3134} INFO - Exporting env vars: AIRFLOW_CTX_DAG_OWNER='Esayed' AIRFLOW_CTX_DAG_ID='print_hello' AIRFLOW_CTX_TASK_ID='save_to_csv_task' AIRFLOW_CTX_EXECUTION_DATE='2025-04-05T01:08:00+00:00' AIRFLOW_CTX_TRY_NUMBER='1' AIRFLOW_CTX_DAG_RUN_ID='scheduled__2025-04-05T01:08:00+00:00'
[2025-04-06T06:03:54.422+0000] {logging_mixin.py:190} INFO - Task instance is in running state
[2025-04-06T06:03:54.423+0000] {logging_mixin.py:190} INFO -  Previous state of the Task instance: queued
[2025-04-06T06:03:54.424+0000] {logging_mixin.py:190} INFO - Current task name:save_to_csv_task state:running start_date:2025-04-06 06:03:53.639138+00:00
[2025-04-06T06:03:54.425+0000] {logging_mixin.py:190} INFO - Dag name:print_hello and current dag run status:running
[2025-04-06T06:03:54.427+0000] {taskinstance.py:732} INFO - ::endgroup::
[2025-04-06T06:03:54.448+0000] {python.py:240} INFO - Done. Returned value was: None
[2025-04-06T06:03:54.468+0000] {taskinstance.py:341} INFO - ::group::Post task execution logs
[2025-04-06T06:03:54.469+0000] {taskinstance.py:353} INFO - Marking task as SUCCESS. dag_id=print_hello, task_id=save_to_csv_task, run_id=scheduled__2025-04-05T01:08:00+00:00, execution_date=20250405T010800, start_date=20250406T060353, end_date=20250406T060354
[2025-04-06T06:03:54.529+0000] {logging_mixin.py:190} INFO - Task instance in success state
[2025-04-06T06:03:54.530+0000] {logging_mixin.py:190} INFO -  Previous state of the Task instance: running
[2025-04-06T06:03:54.531+0000] {logging_mixin.py:190} INFO - Dag name:print_hello queued_at:2025-04-06 06:03:41.800061+00:00
[2025-04-06T06:03:54.532+0000] {logging_mixin.py:190} INFO - Task hostname:5991717e768c operator:PythonOperator
[2025-04-06T06:03:54.561+0000] {local_task_job_runner.py:266} INFO - Task exited with return code 0
[2025-04-06T06:03:54.588+0000] {taskinstance.py:3901} INFO - 0 downstream tasks scheduled from follow-on schedule check
[2025-04-06T06:03:54.594+0000] {local_task_job_runner.py:245} INFO - ::endgroup::
