[2025-04-08T15:16:11.737+0000] {local_task_job_runner.py:123} INFO - ::group::Pre task execution logs
[2025-04-08T15:16:11.756+0000] {taskinstance.py:2614} INFO - Dependencies all met for dep_context=non-requeueable deps ti=<TaskInstance: monitor_the_api_history_per_day.read_api_history manual__2025-04-08T15:16:08.848818+00:00 [queued]>
[2025-04-08T15:16:11.767+0000] {taskinstance.py:2614} INFO - Dependencies all met for dep_context=requeueable deps ti=<TaskInstance: monitor_the_api_history_per_day.read_api_history manual__2025-04-08T15:16:08.848818+00:00 [queued]>
[2025-04-08T15:16:11.768+0000] {taskinstance.py:2867} INFO - Starting attempt 1 of 2
[2025-04-08T15:16:11.953+0000] {taskinstance.py:2890} INFO - Executing <Task(PythonOperator): read_api_history> on 2025-04-08 15:16:08.848818+00:00
[2025-04-08T15:16:11.961+0000] {warnings.py:112} WARNING - /home/***/.local/lib/python3.12/site-packages/***/task/task_runner/standard_task_runner.py:70: DeprecationWarning: This process (pid=236) is multi-threaded, use of fork() may lead to deadlocks in the child.
  pid = os.fork()

[2025-04-08T15:16:11.963+0000] {standard_task_runner.py:72} INFO - Started process 238 to run task
[2025-04-08T15:16:11.963+0000] {standard_task_runner.py:104} INFO - Running: ['***', 'tasks', 'run', 'monitor_the_api_history_per_day', 'read_api_history', 'manual__2025-04-08T15:16:08.848818+00:00', '--job-id', '477', '--raw', '--subdir', 'DAGS_FOLDER/monitor_the_api_history_per_day.py', '--cfg-path', '/tmp/tmp91v15mmv']
[2025-04-08T15:16:11.964+0000] {standard_task_runner.py:105} INFO - Job 477: Subtask read_api_history
[2025-04-08T15:16:12.021+0000] {task_command.py:467} INFO - Running <TaskInstance: monitor_the_api_history_per_day.read_api_history manual__2025-04-08T15:16:08.848818+00:00 [running]> on host c10f653d5b77
[2025-04-08T15:16:12.128+0000] {taskinstance.py:3134} INFO - Exporting env vars: AIRFLOW_CTX_DAG_OWNER='Esayed' AIRFLOW_CTX_DAG_ID='monitor_the_api_history_per_day' AIRFLOW_CTX_TASK_ID='read_api_history' AIRFLOW_CTX_EXECUTION_DATE='2025-04-08T15:16:08.848818+00:00' AIRFLOW_CTX_TRY_NUMBER='1' AIRFLOW_CTX_DAG_RUN_ID='manual__2025-04-08T15:16:08.848818+00:00'
[2025-04-08T15:16:12.130+0000] {logging_mixin.py:190} INFO - Task instance is in running state
[2025-04-08T15:16:12.131+0000] {logging_mixin.py:190} INFO -  Previous state of the Task instance: queued
[2025-04-08T15:16:12.131+0000] {logging_mixin.py:190} INFO - Current task name:read_api_history state:running start_date:2025-04-08 15:16:11.756924+00:00
[2025-04-08T15:16:12.132+0000] {logging_mixin.py:190} INFO - Dag name:monitor_the_api_history_per_day and current dag run status:running
[2025-04-08T15:16:12.133+0000] {taskinstance.py:732} INFO - ::endgroup::
[2025-04-08T15:16:12.158+0000] {logging_mixin.py:190} INFO - API history is readed
[2025-04-08T15:16:12.230+0000] {python.py:240} INFO - Done. Returned value was: None
[2025-04-08T15:16:12.242+0000] {taskinstance.py:341} INFO - ::group::Post task execution logs
[2025-04-08T15:16:12.243+0000] {taskinstance.py:353} INFO - Marking task as SUCCESS. dag_id=monitor_the_api_history_per_day, task_id=read_api_history, run_id=manual__2025-04-08T15:16:08.848818+00:00, execution_date=20250408T151608, start_date=20250408T151611, end_date=20250408T151612
[2025-04-08T15:16:12.314+0000] {logging_mixin.py:190} INFO - Task instance in success state
[2025-04-08T15:16:12.315+0000] {logging_mixin.py:190} INFO -  Previous state of the Task instance: running
[2025-04-08T15:16:12.315+0000] {logging_mixin.py:190} INFO - Dag name:monitor_the_api_history_per_day queued_at:2025-04-08 15:16:08.879766+00:00
[2025-04-08T15:16:12.316+0000] {logging_mixin.py:190} INFO - Task hostname:c10f653d5b77 operator:PythonOperator
[2025-04-08T15:16:12.339+0000] {local_task_job_runner.py:266} INFO - Task exited with return code 0
[2025-04-08T15:16:12.379+0000] {taskinstance.py:3901} INFO - 2 downstream tasks scheduled from follow-on schedule check
[2025-04-08T15:16:12.384+0000] {local_task_job_runner.py:245} INFO - ::endgroup::
