[2025-04-06T06:02:48.585+0000] {local_task_job_runner.py:123} INFO - ::group::Pre task execution logs
[2025-04-06T06:02:48.640+0000] {taskinstance.py:2614} INFO - Dependencies all met for dep_context=non-requeueable deps ti=<TaskInstance: print_hello.save_to_csv_task scheduled__2025-04-05T00:07:00+00:00 [queued]>
[2025-04-06T06:02:48.678+0000] {taskinstance.py:2614} INFO - Dependencies all met for dep_context=requeueable deps ti=<TaskInstance: print_hello.save_to_csv_task scheduled__2025-04-05T00:07:00+00:00 [queued]>
[2025-04-06T06:02:48.683+0000] {taskinstance.py:2867} INFO - Starting attempt 1 of 2
[2025-04-06T06:02:49.233+0000] {taskinstance.py:2890} INFO - Executing <Task(PythonOperator): save_to_csv_task> on 2025-04-05 00:07:00+00:00
[2025-04-06T06:02:49.255+0000] {warnings.py:112} WARNING - /home/***/.local/lib/python3.12/site-packages/***/task/task_runner/standard_task_runner.py:70: DeprecationWarning: This process (pid=189) is multi-threaded, use of fork() may lead to deadlocks in the child.
  pid = os.fork()

[2025-04-06T06:02:49.262+0000] {standard_task_runner.py:72} INFO - Started process 232 to run task
[2025-04-06T06:02:49.268+0000] {standard_task_runner.py:104} INFO - Running: ['***', 'tasks', 'run', 'print_hello', 'save_to_csv_task', 'scheduled__2025-04-05T00:07:00+00:00', '--job-id', '39', '--raw', '--subdir', 'DAGS_FOLDER/print_hello.py', '--cfg-path', '/tmp/tmpunafcpgn']
[2025-04-06T06:02:49.274+0000] {standard_task_runner.py:105} INFO - Job 39: Subtask save_to_csv_task
[2025-04-06T06:02:49.385+0000] {task_command.py:467} INFO - Running <TaskInstance: print_hello.save_to_csv_task scheduled__2025-04-05T00:07:00+00:00 [running]> on host 5991717e768c
[2025-04-06T06:02:49.658+0000] {taskinstance.py:3134} INFO - Exporting env vars: AIRFLOW_CTX_DAG_OWNER='Esayed' AIRFLOW_CTX_DAG_ID='print_hello' AIRFLOW_CTX_TASK_ID='save_to_csv_task' AIRFLOW_CTX_EXECUTION_DATE='2025-04-05T00:07:00+00:00' AIRFLOW_CTX_TRY_NUMBER='1' AIRFLOW_CTX_DAG_RUN_ID='scheduled__2025-04-05T00:07:00+00:00'
[2025-04-06T06:02:49.663+0000] {logging_mixin.py:190} INFO - Task instance is in running state
[2025-04-06T06:02:49.664+0000] {logging_mixin.py:190} INFO -  Previous state of the Task instance: queued
[2025-04-06T06:02:49.665+0000] {logging_mixin.py:190} INFO - Current task name:save_to_csv_task state:running start_date:2025-04-06 06:02:48.646318+00:00
[2025-04-06T06:02:49.670+0000] {logging_mixin.py:190} INFO - Dag name:print_hello and current dag run status:running
[2025-04-06T06:02:49.673+0000] {taskinstance.py:732} INFO - ::endgroup::
[2025-04-06T06:02:49.695+0000] {python.py:240} INFO - Done. Returned value was: None
[2025-04-06T06:02:49.717+0000] {taskinstance.py:341} INFO - ::group::Post task execution logs
[2025-04-06T06:02:49.719+0000] {taskinstance.py:353} INFO - Marking task as SUCCESS. dag_id=print_hello, task_id=save_to_csv_task, run_id=scheduled__2025-04-05T00:07:00+00:00, execution_date=20250405T000700, start_date=20250406T060248, end_date=20250406T060249
[2025-04-06T06:02:49.783+0000] {logging_mixin.py:190} INFO - Task instance in success state
[2025-04-06T06:02:49.785+0000] {logging_mixin.py:190} INFO -  Previous state of the Task instance: running
[2025-04-06T06:02:49.786+0000] {logging_mixin.py:190} INFO - Dag name:print_hello queued_at:2025-04-06 06:02:21.124396+00:00
[2025-04-06T06:02:49.788+0000] {logging_mixin.py:190} INFO - Task hostname:5991717e768c operator:PythonOperator
[2025-04-06T06:02:49.856+0000] {local_task_job_runner.py:266} INFO - Task exited with return code 0
[2025-04-06T06:02:49.894+0000] {taskinstance.py:3901} INFO - 0 downstream tasks scheduled from follow-on schedule check
[2025-04-06T06:02:49.900+0000] {local_task_job_runner.py:245} INFO - ::endgroup::
[2025-04-06T06:15:05.607+0000] {local_task_job_runner.py:123} INFO - ::group::Pre task execution logs
[2025-04-06T06:15:05.672+0000] {taskinstance.py:2614} INFO - Dependencies all met for dep_context=non-requeueable deps ti=<TaskInstance: print_hello.save_to_csv_task scheduled__2025-04-05T00:07:00+00:00 [queued]>
[2025-04-06T06:15:05.722+0000] {taskinstance.py:2614} INFO - Dependencies all met for dep_context=requeueable deps ti=<TaskInstance: print_hello.save_to_csv_task scheduled__2025-04-05T00:07:00+00:00 [queued]>
[2025-04-06T06:15:05.723+0000] {taskinstance.py:2867} INFO - Starting attempt 1 of 2
[2025-04-06T06:15:06.157+0000] {taskinstance.py:2890} INFO - Executing <Task(PythonOperator): save_to_csv_task> on 2025-04-05 00:07:00+00:00
[2025-04-06T06:15:06.175+0000] {warnings.py:112} WARNING - /home/***/.local/lib/python3.12/site-packages/***/task/task_runner/standard_task_runner.py:70: DeprecationWarning: This process (pid=945) is multi-threaded, use of fork() may lead to deadlocks in the child.
  pid = os.fork()

[2025-04-06T06:15:06.178+0000] {standard_task_runner.py:72} INFO - Started process 988 to run task
[2025-04-06T06:15:06.177+0000] {standard_task_runner.py:104} INFO - Running: ['***', 'tasks', 'run', 'print_hello', 'save_to_csv_task', 'scheduled__2025-04-05T00:07:00+00:00', '--job-id', '190', '--raw', '--subdir', 'DAGS_FOLDER/print_hello.py', '--cfg-path', '/tmp/tmpnfyjfh5d']
[2025-04-06T06:15:06.180+0000] {standard_task_runner.py:105} INFO - Job 190: Subtask save_to_csv_task
[2025-04-06T06:15:06.293+0000] {task_command.py:467} INFO - Running <TaskInstance: print_hello.save_to_csv_task scheduled__2025-04-05T00:07:00+00:00 [running]> on host 5991717e768c
[2025-04-06T06:15:06.516+0000] {taskinstance.py:3134} INFO - Exporting env vars: AIRFLOW_CTX_DAG_OWNER='Esayed' AIRFLOW_CTX_DAG_ID='print_hello' AIRFLOW_CTX_TASK_ID='save_to_csv_task' AIRFLOW_CTX_EXECUTION_DATE='2025-04-05T00:07:00+00:00' AIRFLOW_CTX_TRY_NUMBER='1' AIRFLOW_CTX_DAG_RUN_ID='scheduled__2025-04-05T00:07:00+00:00'
[2025-04-06T06:15:06.519+0000] {logging_mixin.py:190} INFO - Task instance is in running state
[2025-04-06T06:15:06.520+0000] {logging_mixin.py:190} INFO -  Previous state of the Task instance: queued
[2025-04-06T06:15:06.522+0000] {logging_mixin.py:190} INFO - Current task name:save_to_csv_task state:running start_date:2025-04-06 06:15:05.673436+00:00
[2025-04-06T06:15:06.523+0000] {logging_mixin.py:190} INFO - Dag name:print_hello and current dag run status:running
[2025-04-06T06:15:06.524+0000] {taskinstance.py:732} INFO - ::endgroup::
[2025-04-06T06:15:06.538+0000] {python.py:240} INFO - Done. Returned value was: None
[2025-04-06T06:15:06.558+0000] {taskinstance.py:341} INFO - ::group::Post task execution logs
[2025-04-06T06:15:06.560+0000] {taskinstance.py:353} INFO - Marking task as SUCCESS. dag_id=print_hello, task_id=save_to_csv_task, run_id=scheduled__2025-04-05T00:07:00+00:00, execution_date=20250405T000700, start_date=20250406T061505, end_date=20250406T061506
[2025-04-06T06:15:06.609+0000] {logging_mixin.py:190} INFO - Task instance in success state
[2025-04-06T06:15:06.610+0000] {logging_mixin.py:190} INFO -  Previous state of the Task instance: running
[2025-04-06T06:15:06.611+0000] {logging_mixin.py:190} INFO - Dag name:print_hello queued_at:2025-04-06 06:14:52.385592+00:00
[2025-04-06T06:15:06.612+0000] {logging_mixin.py:190} INFO - Task hostname:5991717e768c operator:PythonOperator
[2025-04-06T06:15:06.678+0000] {local_task_job_runner.py:266} INFO - Task exited with return code 0
[2025-04-06T06:15:06.710+0000] {taskinstance.py:3901} INFO - 0 downstream tasks scheduled from follow-on schedule check
[2025-04-06T06:15:06.717+0000] {local_task_job_runner.py:245} INFO - ::endgroup::
