[2025-04-06T06:02:48.371+0000] {local_task_job_runner.py:123} INFO - ::group::Pre task execution logs
[2025-04-06T06:02:48.456+0000] {taskinstance.py:2614} INFO - Dependencies all met for dep_context=non-requeueable deps ti=<TaskInstance: print_hello.save_to_csv_task scheduled__2025-04-05T00:01:00+00:00 [queued]>
[2025-04-06T06:02:48.481+0000] {taskinstance.py:2614} INFO - Dependencies all met for dep_context=requeueable deps ti=<TaskInstance: print_hello.save_to_csv_task scheduled__2025-04-05T00:01:00+00:00 [queued]>
[2025-04-06T06:02:48.482+0000] {taskinstance.py:2867} INFO - Starting attempt 1 of 2
[2025-04-06T06:02:49.087+0000] {taskinstance.py:2890} INFO - Executing <Task(PythonOperator): save_to_csv_task> on 2025-04-05 00:01:00+00:00
[2025-04-06T06:02:49.121+0000] {warnings.py:112} WARNING - /home/***/.local/lib/python3.12/site-packages/***/task/task_runner/standard_task_runner.py:70: DeprecationWarning: This process (pid=187) is multi-threaded, use of fork() may lead to deadlocks in the child.
  pid = os.fork()

[2025-04-06T06:02:49.129+0000] {standard_task_runner.py:72} INFO - Started process 230 to run task
[2025-04-06T06:02:49.139+0000] {standard_task_runner.py:104} INFO - Running: ['***', 'tasks', 'run', 'print_hello', 'save_to_csv_task', 'scheduled__2025-04-05T00:01:00+00:00', '--job-id', '34', '--raw', '--subdir', 'DAGS_FOLDER/print_hello.py', '--cfg-path', '/tmp/tmpnkz4lfaa']
[2025-04-06T06:02:49.142+0000] {standard_task_runner.py:105} INFO - Job 34: Subtask save_to_csv_task
[2025-04-06T06:02:49.299+0000] {task_command.py:467} INFO - Running <TaskInstance: print_hello.save_to_csv_task scheduled__2025-04-05T00:01:00+00:00 [running]> on host 5991717e768c
[2025-04-06T06:02:49.539+0000] {taskinstance.py:3134} INFO - Exporting env vars: AIRFLOW_CTX_DAG_OWNER='Esayed' AIRFLOW_CTX_DAG_ID='print_hello' AIRFLOW_CTX_TASK_ID='save_to_csv_task' AIRFLOW_CTX_EXECUTION_DATE='2025-04-05T00:01:00+00:00' AIRFLOW_CTX_TRY_NUMBER='1' AIRFLOW_CTX_DAG_RUN_ID='scheduled__2025-04-05T00:01:00+00:00'
[2025-04-06T06:02:49.542+0000] {logging_mixin.py:190} INFO - Task instance is in running state
[2025-04-06T06:02:49.543+0000] {logging_mixin.py:190} INFO -  Previous state of the Task instance: queued
[2025-04-06T06:02:49.544+0000] {logging_mixin.py:190} INFO - Current task name:save_to_csv_task state:running start_date:2025-04-06 06:02:48.457369+00:00
[2025-04-06T06:02:49.545+0000] {logging_mixin.py:190} INFO - Dag name:print_hello and current dag run status:running
[2025-04-06T06:02:49.550+0000] {taskinstance.py:732} INFO - ::endgroup::
[2025-04-06T06:02:49.579+0000] {python.py:240} INFO - Done. Returned value was: None
[2025-04-06T06:02:49.607+0000] {taskinstance.py:341} INFO - ::group::Post task execution logs
[2025-04-06T06:02:49.612+0000] {taskinstance.py:353} INFO - Marking task as SUCCESS. dag_id=print_hello, task_id=save_to_csv_task, run_id=scheduled__2025-04-05T00:01:00+00:00, execution_date=20250405T000100, start_date=20250406T060248, end_date=20250406T060249
[2025-04-06T06:02:49.704+0000] {logging_mixin.py:190} INFO - Task instance in success state
[2025-04-06T06:02:49.705+0000] {logging_mixin.py:190} INFO -  Previous state of the Task instance: running
[2025-04-06T06:02:49.708+0000] {logging_mixin.py:190} INFO - Dag name:print_hello queued_at:2025-04-06 06:02:20.276142+00:00
[2025-04-06T06:02:49.709+0000] {logging_mixin.py:190} INFO - Task hostname:5991717e768c operator:PythonOperator
[2025-04-06T06:02:49.766+0000] {local_task_job_runner.py:266} INFO - Task exited with return code 0
[2025-04-06T06:02:49.799+0000] {taskinstance.py:3901} INFO - 0 downstream tasks scheduled from follow-on schedule check
[2025-04-06T06:02:49.806+0000] {local_task_job_runner.py:245} INFO - ::endgroup::
[2025-04-06T06:15:01.566+0000] {local_task_job_runner.py:123} INFO - ::group::Pre task execution logs
[2025-04-06T06:15:01.668+0000] {taskinstance.py:2614} INFO - Dependencies all met for dep_context=non-requeueable deps ti=<TaskInstance: print_hello.save_to_csv_task scheduled__2025-04-05T00:01:00+00:00 [queued]>
[2025-04-06T06:15:01.737+0000] {taskinstance.py:2614} INFO - Dependencies all met for dep_context=requeueable deps ti=<TaskInstance: print_hello.save_to_csv_task scheduled__2025-04-05T00:01:00+00:00 [queued]>
[2025-04-06T06:15:01.738+0000] {taskinstance.py:2867} INFO - Starting attempt 1 of 2
[2025-04-06T06:15:02.508+0000] {taskinstance.py:2890} INFO - Executing <Task(PythonOperator): save_to_csv_task> on 2025-04-05 00:01:00+00:00
[2025-04-06T06:15:02.542+0000] {warnings.py:112} WARNING - /home/***/.local/lib/python3.12/site-packages/***/task/task_runner/standard_task_runner.py:70: DeprecationWarning: This process (pid=915) is multi-threaded, use of fork() may lead to deadlocks in the child.
  pid = os.fork()

[2025-04-06T06:15:02.554+0000] {standard_task_runner.py:72} INFO - Started process 966 to run task
[2025-04-06T06:15:02.557+0000] {standard_task_runner.py:104} INFO - Running: ['***', 'tasks', 'run', 'print_hello', 'save_to_csv_task', 'scheduled__2025-04-05T00:01:00+00:00', '--job-id', '181', '--raw', '--subdir', 'DAGS_FOLDER/print_hello.py', '--cfg-path', '/tmp/tmpsd_wwg34']
[2025-04-06T06:15:02.563+0000] {standard_task_runner.py:105} INFO - Job 181: Subtask save_to_csv_task
[2025-04-06T06:15:02.826+0000] {task_command.py:467} INFO - Running <TaskInstance: print_hello.save_to_csv_task scheduled__2025-04-05T00:01:00+00:00 [running]> on host 5991717e768c
[2025-04-06T06:15:03.184+0000] {taskinstance.py:3134} INFO - Exporting env vars: AIRFLOW_CTX_DAG_OWNER='Esayed' AIRFLOW_CTX_DAG_ID='print_hello' AIRFLOW_CTX_TASK_ID='save_to_csv_task' AIRFLOW_CTX_EXECUTION_DATE='2025-04-05T00:01:00+00:00' AIRFLOW_CTX_TRY_NUMBER='1' AIRFLOW_CTX_DAG_RUN_ID='scheduled__2025-04-05T00:01:00+00:00'
[2025-04-06T06:15:03.189+0000] {logging_mixin.py:190} INFO - Task instance is in running state
[2025-04-06T06:15:03.190+0000] {logging_mixin.py:190} INFO -  Previous state of the Task instance: queued
[2025-04-06T06:15:03.192+0000] {logging_mixin.py:190} INFO - Current task name:save_to_csv_task state:running start_date:2025-04-06 06:15:01.670345+00:00
[2025-04-06T06:15:03.197+0000] {logging_mixin.py:190} INFO - Dag name:print_hello and current dag run status:running
[2025-04-06T06:15:03.200+0000] {taskinstance.py:732} INFO - ::endgroup::
[2025-04-06T06:15:03.246+0000] {python.py:240} INFO - Done. Returned value was: None
[2025-04-06T06:15:03.289+0000] {taskinstance.py:341} INFO - ::group::Post task execution logs
[2025-04-06T06:15:03.292+0000] {taskinstance.py:353} INFO - Marking task as SUCCESS. dag_id=print_hello, task_id=save_to_csv_task, run_id=scheduled__2025-04-05T00:01:00+00:00, execution_date=20250405T000100, start_date=20250406T061501, end_date=20250406T061503
[2025-04-06T06:15:03.467+0000] {logging_mixin.py:190} INFO - Task instance in success state
[2025-04-06T06:15:03.469+0000] {logging_mixin.py:190} INFO -  Previous state of the Task instance: running
[2025-04-06T06:15:03.470+0000] {logging_mixin.py:190} INFO - Dag name:print_hello queued_at:2025-04-06 06:14:51.609192+00:00
[2025-04-06T06:15:03.475+0000] {logging_mixin.py:190} INFO - Task hostname:5991717e768c operator:PythonOperator
[2025-04-06T06:15:03.593+0000] {local_task_job_runner.py:266} INFO - Task exited with return code 0
[2025-04-06T06:15:03.643+0000] {taskinstance.py:3901} INFO - 0 downstream tasks scheduled from follow-on schedule check
[2025-04-06T06:15:03.651+0000] {local_task_job_runner.py:245} INFO - ::endgroup::
