[2025-04-06T06:03:33.482+0000] {local_task_job_runner.py:123} INFO - ::group::Pre task execution logs
[2025-04-06T06:03:33.510+0000] {taskinstance.py:2614} INFO - Dependencies all met for dep_context=non-requeueable deps ti=<TaskInstance: print_hello.print_hello_task scheduled__2025-04-05T00:53:00+00:00 [queued]>
[2025-04-06T06:03:33.525+0000] {taskinstance.py:2614} INFO - Dependencies all met for dep_context=requeueable deps ti=<TaskInstance: print_hello.print_hello_task scheduled__2025-04-05T00:53:00+00:00 [queued]>
[2025-04-06T06:03:33.526+0000] {taskinstance.py:2867} INFO - Starting attempt 1 of 2
[2025-04-06T06:03:33.807+0000] {taskinstance.py:2890} INFO - Executing <Task(PythonOperator): print_hello_task> on 2025-04-05 00:53:00+00:00
[2025-04-06T06:03:33.821+0000] {warnings.py:112} WARNING - /home/***/.local/lib/python3.12/site-packages/***/task/task_runner/standard_task_runner.py:70: DeprecationWarning: This process (pid=525) is multi-threaded, use of fork() may lead to deadlocks in the child.
  pid = os.fork()

[2025-04-06T06:03:33.823+0000] {standard_task_runner.py:72} INFO - Started process 545 to run task
[2025-04-06T06:03:33.823+0000] {standard_task_runner.py:104} INFO - Running: ['***', 'tasks', 'run', 'print_hello', 'print_hello_task', 'scheduled__2025-04-05T00:53:00+00:00', '--job-id', '117', '--raw', '--subdir', 'DAGS_FOLDER/print_hello.py', '--cfg-path', '/tmp/tmp2oe3kfn3']
[2025-04-06T06:03:33.825+0000] {standard_task_runner.py:105} INFO - Job 117: Subtask print_hello_task
[2025-04-06T06:03:33.890+0000] {task_command.py:467} INFO - Running <TaskInstance: print_hello.print_hello_task scheduled__2025-04-05T00:53:00+00:00 [running]> on host 5991717e768c
[2025-04-06T06:03:34.004+0000] {taskinstance.py:3134} INFO - Exporting env vars: AIRFLOW_CTX_DAG_OWNER='Esayed' AIRFLOW_CTX_DAG_ID='print_hello' AIRFLOW_CTX_TASK_ID='print_hello_task' AIRFLOW_CTX_EXECUTION_DATE='2025-04-05T00:53:00+00:00' AIRFLOW_CTX_TRY_NUMBER='1' AIRFLOW_CTX_DAG_RUN_ID='scheduled__2025-04-05T00:53:00+00:00'
[2025-04-06T06:03:34.006+0000] {logging_mixin.py:190} INFO - Task instance is in running state
[2025-04-06T06:03:34.007+0000] {logging_mixin.py:190} INFO -  Previous state of the Task instance: queued
[2025-04-06T06:03:34.008+0000] {logging_mixin.py:190} INFO - Current task name:print_hello_task state:running start_date:2025-04-06 06:03:33.511364+00:00
[2025-04-06T06:03:34.009+0000] {logging_mixin.py:190} INFO - Dag name:print_hello and current dag run status:running
[2025-04-06T06:03:34.010+0000] {taskinstance.py:732} INFO - ::endgroup::
[2025-04-06T06:03:34.011+0000] {logging_mixin.py:190} INFO - hello
[2025-04-06T06:03:34.012+0000] {python.py:240} INFO - Done. Returned value was: None
[2025-04-06T06:03:34.024+0000] {taskinstance.py:341} INFO - ::group::Post task execution logs
[2025-04-06T06:03:34.025+0000] {taskinstance.py:353} INFO - Marking task as SUCCESS. dag_id=print_hello, task_id=print_hello_task, run_id=scheduled__2025-04-05T00:53:00+00:00, execution_date=20250405T005300, start_date=20250406T060333, end_date=20250406T060334
[2025-04-06T06:03:34.056+0000] {logging_mixin.py:190} INFO - Task instance in success state
[2025-04-06T06:03:34.057+0000] {logging_mixin.py:190} INFO -  Previous state of the Task instance: running
[2025-04-06T06:03:34.058+0000] {logging_mixin.py:190} INFO - Dag name:print_hello queued_at:2025-04-06 06:03:30.250770+00:00
[2025-04-06T06:03:34.059+0000] {logging_mixin.py:190} INFO - Task hostname:5991717e768c operator:PythonOperator
[2025-04-06T06:03:34.080+0000] {local_task_job_runner.py:266} INFO - Task exited with return code 0
[2025-04-06T06:03:34.091+0000] {local_task_job_runner.py:245} INFO - ::endgroup::
[2025-04-06T06:15:50.297+0000] {local_task_job_runner.py:123} INFO - ::group::Pre task execution logs
[2025-04-06T06:15:50.367+0000] {taskinstance.py:2614} INFO - Dependencies all met for dep_context=non-requeueable deps ti=<TaskInstance: print_hello.print_hello_task scheduled__2025-04-05T00:53:00+00:00 [queued]>
[2025-04-06T06:15:50.403+0000] {taskinstance.py:2614} INFO - Dependencies all met for dep_context=requeueable deps ti=<TaskInstance: print_hello.print_hello_task scheduled__2025-04-05T00:53:00+00:00 [queued]>
[2025-04-06T06:15:50.404+0000] {taskinstance.py:2867} INFO - Starting attempt 1 of 2
[2025-04-06T06:15:50.993+0000] {taskinstance.py:2890} INFO - Executing <Task(PythonOperator): print_hello_task> on 2025-04-05 00:53:00+00:00
[2025-04-06T06:15:51.021+0000] {standard_task_runner.py:104} INFO - Running: ['***', 'tasks', 'run', 'print_hello', 'print_hello_task', 'scheduled__2025-04-05T00:53:00+00:00', '--job-id', '269', '--raw', '--subdir', 'DAGS_FOLDER/print_hello.py', '--cfg-path', '/tmp/tmphqzovfwm']
[2025-04-06T06:15:51.030+0000] {standard_task_runner.py:105} INFO - Job 269: Subtask print_hello_task
[2025-04-06T06:15:51.026+0000] {warnings.py:112} WARNING - /home/***/.local/lib/python3.12/site-packages/***/task/task_runner/standard_task_runner.py:70: DeprecationWarning: This process (pid=1285) is multi-threaded, use of fork() may lead to deadlocks in the child.
  pid = os.fork()

[2025-04-06T06:15:51.041+0000] {standard_task_runner.py:72} INFO - Started process 1316 to run task
[2025-04-06T06:15:51.178+0000] {task_command.py:467} INFO - Running <TaskInstance: print_hello.print_hello_task scheduled__2025-04-05T00:53:00+00:00 [running]> on host 5991717e768c
[2025-04-06T06:15:51.447+0000] {taskinstance.py:3134} INFO - Exporting env vars: AIRFLOW_CTX_DAG_OWNER='Esayed' AIRFLOW_CTX_DAG_ID='print_hello' AIRFLOW_CTX_TASK_ID='print_hello_task' AIRFLOW_CTX_EXECUTION_DATE='2025-04-05T00:53:00+00:00' AIRFLOW_CTX_TRY_NUMBER='1' AIRFLOW_CTX_DAG_RUN_ID='scheduled__2025-04-05T00:53:00+00:00'
[2025-04-06T06:15:51.449+0000] {logging_mixin.py:190} INFO - Task instance is in running state
[2025-04-06T06:15:51.451+0000] {logging_mixin.py:190} INFO -  Previous state of the Task instance: queued
[2025-04-06T06:15:51.452+0000] {logging_mixin.py:190} INFO - Current task name:print_hello_task state:running start_date:2025-04-06 06:15:50.370225+00:00
[2025-04-06T06:15:51.454+0000] {logging_mixin.py:190} INFO - Dag name:print_hello and current dag run status:running
[2025-04-06T06:15:51.457+0000] {taskinstance.py:732} INFO - ::endgroup::
[2025-04-06T06:15:51.460+0000] {logging_mixin.py:190} INFO - hello
[2025-04-06T06:15:51.462+0000] {python.py:240} INFO - Done. Returned value was: None
[2025-04-06T06:15:51.492+0000] {taskinstance.py:341} INFO - ::group::Post task execution logs
[2025-04-06T06:15:51.494+0000] {taskinstance.py:353} INFO - Marking task as SUCCESS. dag_id=print_hello, task_id=print_hello_task, run_id=scheduled__2025-04-05T00:53:00+00:00, execution_date=20250405T005300, start_date=20250406T061550, end_date=20250406T061551
[2025-04-06T06:15:51.605+0000] {logging_mixin.py:190} INFO - Task instance in success state
[2025-04-06T06:15:51.611+0000] {logging_mixin.py:190} INFO -  Previous state of the Task instance: running
[2025-04-06T06:15:51.613+0000] {logging_mixin.py:190} INFO - Dag name:print_hello queued_at:2025-04-06 06:15:45.301326+00:00
[2025-04-06T06:15:51.618+0000] {logging_mixin.py:190} INFO - Task hostname:5991717e768c operator:PythonOperator
[2025-04-06T06:15:51.672+0000] {local_task_job_runner.py:266} INFO - Task exited with return code 0
[2025-04-06T06:15:51.695+0000] {local_task_job_runner.py:245} INFO - ::endgroup::
