[2025-04-06T06:03:37.064+0000] {local_task_job_runner.py:123} INFO - ::group::Pre task execution logs
[2025-04-06T06:03:37.099+0000] {taskinstance.py:2614} INFO - Dependencies all met for dep_context=non-requeueable deps ti=<TaskInstance: print_hello.save_to_csv_task scheduled__2025-04-05T00:54:00+00:00 [queued]>
[2025-04-06T06:03:37.120+0000] {taskinstance.py:2614} INFO - Dependencies all met for dep_context=requeueable deps ti=<TaskInstance: print_hello.save_to_csv_task scheduled__2025-04-05T00:54:00+00:00 [queued]>
[2025-04-06T06:03:37.122+0000] {taskinstance.py:2867} INFO - Starting attempt 1 of 2
[2025-04-06T06:03:37.449+0000] {taskinstance.py:2890} INFO - Executing <Task(PythonOperator): save_to_csv_task> on 2025-04-05 00:54:00+00:00
[2025-04-06T06:03:37.463+0000] {warnings.py:112} WARNING - /home/***/.local/lib/python3.12/site-packages/***/task/task_runner/standard_task_runner.py:70: DeprecationWarning: This process (pid=563) is multi-threaded, use of fork() may lead to deadlocks in the child.
  pid = os.fork()

[2025-04-06T06:03:37.466+0000] {standard_task_runner.py:72} INFO - Started process 583 to run task
[2025-04-06T06:03:37.465+0000] {standard_task_runner.py:104} INFO - Running: ['***', 'tasks', 'run', 'print_hello', 'save_to_csv_task', 'scheduled__2025-04-05T00:54:00+00:00', '--job-id', '127', '--raw', '--subdir', 'DAGS_FOLDER/print_hello.py', '--cfg-path', '/tmp/tmpfc6hddo5']
[2025-04-06T06:03:37.467+0000] {standard_task_runner.py:105} INFO - Job 127: Subtask save_to_csv_task
[2025-04-06T06:03:37.542+0000] {task_command.py:467} INFO - Running <TaskInstance: print_hello.save_to_csv_task scheduled__2025-04-05T00:54:00+00:00 [running]> on host 5991717e768c
[2025-04-06T06:03:37.673+0000] {taskinstance.py:3134} INFO - Exporting env vars: AIRFLOW_CTX_DAG_OWNER='Esayed' AIRFLOW_CTX_DAG_ID='print_hello' AIRFLOW_CTX_TASK_ID='save_to_csv_task' AIRFLOW_CTX_EXECUTION_DATE='2025-04-05T00:54:00+00:00' AIRFLOW_CTX_TRY_NUMBER='1' AIRFLOW_CTX_DAG_RUN_ID='scheduled__2025-04-05T00:54:00+00:00'
[2025-04-06T06:03:37.675+0000] {logging_mixin.py:190} INFO - Task instance is in running state
[2025-04-06T06:03:37.676+0000] {logging_mixin.py:190} INFO -  Previous state of the Task instance: queued
[2025-04-06T06:03:37.677+0000] {logging_mixin.py:190} INFO - Current task name:save_to_csv_task state:running start_date:2025-04-06 06:03:37.100531+00:00
[2025-04-06T06:03:37.678+0000] {logging_mixin.py:190} INFO - Dag name:print_hello and current dag run status:running
[2025-04-06T06:03:37.679+0000] {taskinstance.py:732} INFO - ::endgroup::
[2025-04-06T06:03:37.687+0000] {python.py:240} INFO - Done. Returned value was: None
[2025-04-06T06:03:37.700+0000] {taskinstance.py:341} INFO - ::group::Post task execution logs
[2025-04-06T06:03:37.701+0000] {taskinstance.py:353} INFO - Marking task as SUCCESS. dag_id=print_hello, task_id=save_to_csv_task, run_id=scheduled__2025-04-05T00:54:00+00:00, execution_date=20250405T005400, start_date=20250406T060337, end_date=20250406T060337
[2025-04-06T06:03:37.734+0000] {logging_mixin.py:190} INFO - Task instance in success state
[2025-04-06T06:03:37.735+0000] {logging_mixin.py:190} INFO -  Previous state of the Task instance: running
[2025-04-06T06:03:37.736+0000] {logging_mixin.py:190} INFO - Dag name:print_hello queued_at:2025-04-06 06:03:30.430507+00:00
[2025-04-06T06:03:37.737+0000] {logging_mixin.py:190} INFO - Task hostname:5991717e768c operator:PythonOperator
[2025-04-06T06:03:37.763+0000] {local_task_job_runner.py:266} INFO - Task exited with return code 0
[2025-04-06T06:03:37.776+0000] {local_task_job_runner.py:245} INFO - ::endgroup::
[2025-04-06T06:15:56.825+0000] {local_task_job_runner.py:123} INFO - ::group::Pre task execution logs
[2025-04-06T06:15:56.857+0000] {taskinstance.py:2614} INFO - Dependencies all met for dep_context=non-requeueable deps ti=<TaskInstance: print_hello.save_to_csv_task scheduled__2025-04-05T00:54:00+00:00 [queued]>
[2025-04-06T06:15:56.874+0000] {taskinstance.py:2614} INFO - Dependencies all met for dep_context=requeueable deps ti=<TaskInstance: print_hello.save_to_csv_task scheduled__2025-04-05T00:54:00+00:00 [queued]>
[2025-04-06T06:15:56.875+0000] {taskinstance.py:2867} INFO - Starting attempt 1 of 2
[2025-04-06T06:15:57.102+0000] {taskinstance.py:2890} INFO - Executing <Task(PythonOperator): save_to_csv_task> on 2025-04-05 00:54:00+00:00
[2025-04-06T06:15:57.115+0000] {warnings.py:112} WARNING - /home/***/.local/lib/python3.12/site-packages/***/task/task_runner/standard_task_runner.py:70: DeprecationWarning: This process (pid=1333) is multi-threaded, use of fork() may lead to deadlocks in the child.
  pid = os.fork()

[2025-04-06T06:15:57.117+0000] {standard_task_runner.py:72} INFO - Started process 1365 to run task
[2025-04-06T06:15:57.117+0000] {standard_task_runner.py:104} INFO - Running: ['***', 'tasks', 'run', 'print_hello', 'save_to_csv_task', 'scheduled__2025-04-05T00:54:00+00:00', '--job-id', '284', '--raw', '--subdir', 'DAGS_FOLDER/print_hello.py', '--cfg-path', '/tmp/tmp_ql67vzf']
[2025-04-06T06:15:57.119+0000] {standard_task_runner.py:105} INFO - Job 284: Subtask save_to_csv_task
[2025-04-06T06:15:57.189+0000] {task_command.py:467} INFO - Running <TaskInstance: print_hello.save_to_csv_task scheduled__2025-04-05T00:54:00+00:00 [running]> on host 5991717e768c
[2025-04-06T06:15:57.319+0000] {taskinstance.py:3134} INFO - Exporting env vars: AIRFLOW_CTX_DAG_OWNER='Esayed' AIRFLOW_CTX_DAG_ID='print_hello' AIRFLOW_CTX_TASK_ID='save_to_csv_task' AIRFLOW_CTX_EXECUTION_DATE='2025-04-05T00:54:00+00:00' AIRFLOW_CTX_TRY_NUMBER='1' AIRFLOW_CTX_DAG_RUN_ID='scheduled__2025-04-05T00:54:00+00:00'
[2025-04-06T06:15:57.321+0000] {logging_mixin.py:190} INFO - Task instance is in running state
[2025-04-06T06:15:57.322+0000] {logging_mixin.py:190} INFO -  Previous state of the Task instance: queued
[2025-04-06T06:15:57.323+0000] {logging_mixin.py:190} INFO - Current task name:save_to_csv_task state:running start_date:2025-04-06 06:15:56.857800+00:00
[2025-04-06T06:15:57.324+0000] {logging_mixin.py:190} INFO - Dag name:print_hello and current dag run status:running
[2025-04-06T06:15:57.325+0000] {taskinstance.py:732} INFO - ::endgroup::
[2025-04-06T06:15:57.335+0000] {python.py:240} INFO - Done. Returned value was: None
[2025-04-06T06:15:57.351+0000] {taskinstance.py:341} INFO - ::group::Post task execution logs
[2025-04-06T06:15:57.352+0000] {taskinstance.py:353} INFO - Marking task as SUCCESS. dag_id=print_hello, task_id=save_to_csv_task, run_id=scheduled__2025-04-05T00:54:00+00:00, execution_date=20250405T005400, start_date=20250406T061556, end_date=20250406T061557
[2025-04-06T06:15:57.392+0000] {logging_mixin.py:190} INFO - Task instance in success state
[2025-04-06T06:15:57.393+0000] {logging_mixin.py:190} INFO -  Previous state of the Task instance: running
[2025-04-06T06:15:57.394+0000] {logging_mixin.py:190} INFO - Dag name:print_hello queued_at:2025-04-06 06:15:45.533681+00:00
[2025-04-06T06:15:57.395+0000] {logging_mixin.py:190} INFO - Task hostname:5991717e768c operator:PythonOperator
[2025-04-06T06:15:57.454+0000] {local_task_job_runner.py:266} INFO - Task exited with return code 0
[2025-04-06T06:15:57.477+0000] {taskinstance.py:3901} INFO - 0 downstream tasks scheduled from follow-on schedule check
[2025-04-06T06:15:57.482+0000] {local_task_job_runner.py:245} INFO - ::endgroup::
