[2025-04-06T06:03:43.605+0000] {local_task_job_runner.py:123} INFO - ::group::Pre task execution logs
[2025-04-06T06:03:43.667+0000] {taskinstance.py:2614} INFO - Dependencies all met for dep_context=non-requeueable deps ti=<TaskInstance: print_hello.print_hello_task scheduled__2025-04-05T01:01:00+00:00 [queued]>
[2025-04-06T06:03:43.705+0000] {taskinstance.py:2614} INFO - Dependencies all met for dep_context=requeueable deps ti=<TaskInstance: print_hello.print_hello_task scheduled__2025-04-05T01:01:00+00:00 [queued]>
[2025-04-06T06:03:43.707+0000] {taskinstance.py:2867} INFO - Starting attempt 1 of 2
[2025-04-06T06:03:44.447+0000] {taskinstance.py:2890} INFO - Executing <Task(PythonOperator): print_hello_task> on 2025-04-05 01:01:00+00:00
[2025-04-06T06:03:44.477+0000] {warnings.py:112} WARNING - /home/***/.local/lib/python3.12/site-packages/***/task/task_runner/standard_task_runner.py:70: DeprecationWarning: This process (pid=601) is multi-threaded, use of fork() may lead to deadlocks in the child.
  pid = os.fork()

[2025-04-06T06:03:44.490+0000] {standard_task_runner.py:72} INFO - Started process 631 to run task
[2025-04-06T06:03:44.488+0000] {standard_task_runner.py:104} INFO - Running: ['***', 'tasks', 'run', 'print_hello', 'print_hello_task', 'scheduled__2025-04-05T01:01:00+00:00', '--job-id', '135', '--raw', '--subdir', 'DAGS_FOLDER/print_hello.py', '--cfg-path', '/tmp/tmpbl8lk02m']
[2025-04-06T06:03:44.504+0000] {standard_task_runner.py:105} INFO - Job 135: Subtask print_hello_task
[2025-04-06T06:03:44.633+0000] {task_command.py:467} INFO - Running <TaskInstance: print_hello.print_hello_task scheduled__2025-04-05T01:01:00+00:00 [running]> on host 5991717e768c
[2025-04-06T06:03:45.040+0000] {taskinstance.py:3134} INFO - Exporting env vars: AIRFLOW_CTX_DAG_OWNER='Esayed' AIRFLOW_CTX_DAG_ID='print_hello' AIRFLOW_CTX_TASK_ID='print_hello_task' AIRFLOW_CTX_EXECUTION_DATE='2025-04-05T01:01:00+00:00' AIRFLOW_CTX_TRY_NUMBER='1' AIRFLOW_CTX_DAG_RUN_ID='scheduled__2025-04-05T01:01:00+00:00'
[2025-04-06T06:03:45.047+0000] {logging_mixin.py:190} INFO - Task instance is in running state
[2025-04-06T06:03:45.059+0000] {logging_mixin.py:190} INFO -  Previous state of the Task instance: queued
[2025-04-06T06:03:45.062+0000] {logging_mixin.py:190} INFO - Current task name:print_hello_task state:running start_date:2025-04-06 06:03:43.668720+00:00
[2025-04-06T06:03:45.075+0000] {logging_mixin.py:190} INFO - Dag name:print_hello and current dag run status:running
[2025-04-06T06:03:45.080+0000] {taskinstance.py:732} INFO - ::endgroup::
[2025-04-06T06:03:45.082+0000] {logging_mixin.py:190} INFO - hello
[2025-04-06T06:03:45.084+0000] {python.py:240} INFO - Done. Returned value was: None
[2025-04-06T06:03:45.131+0000] {taskinstance.py:341} INFO - ::group::Post task execution logs
[2025-04-06T06:03:45.135+0000] {taskinstance.py:353} INFO - Marking task as SUCCESS. dag_id=print_hello, task_id=print_hello_task, run_id=scheduled__2025-04-05T01:01:00+00:00, execution_date=20250405T010100, start_date=20250406T060343, end_date=20250406T060345
[2025-04-06T06:03:45.638+0000] {logging_mixin.py:190} INFO - Task instance in success state
[2025-04-06T06:03:45.648+0000] {logging_mixin.py:190} INFO -  Previous state of the Task instance: running
[2025-04-06T06:03:45.650+0000] {logging_mixin.py:190} INFO - Dag name:print_hello queued_at:2025-04-06 06:03:40.456483+00:00
[2025-04-06T06:03:45.651+0000] {logging_mixin.py:190} INFO - Task hostname:5991717e768c operator:PythonOperator
[2025-04-06T06:03:45.767+0000] {local_task_job_runner.py:266} INFO - Task exited with return code 0
[2025-04-06T06:03:45.861+0000] {taskinstance.py:3901} INFO - 1 downstream tasks scheduled from follow-on schedule check
[2025-04-06T06:03:45.898+0000] {local_task_job_runner.py:245} INFO - ::endgroup::
[2025-04-06T06:15:54.713+0000] {local_task_job_runner.py:123} INFO - ::group::Pre task execution logs
[2025-04-06T06:15:54.750+0000] {taskinstance.py:2614} INFO - Dependencies all met for dep_context=non-requeueable deps ti=<TaskInstance: print_hello.print_hello_task scheduled__2025-04-05T01:01:00+00:00 [queued]>
[2025-04-06T06:15:54.773+0000] {taskinstance.py:2614} INFO - Dependencies all met for dep_context=requeueable deps ti=<TaskInstance: print_hello.print_hello_task scheduled__2025-04-05T01:01:00+00:00 [queued]>
[2025-04-06T06:15:54.775+0000] {taskinstance.py:2867} INFO - Starting attempt 1 of 2
[2025-04-06T06:15:55.245+0000] {taskinstance.py:2890} INFO - Executing <Task(PythonOperator): print_hello_task> on 2025-04-05 01:01:00+00:00
[2025-04-06T06:15:55.266+0000] {warnings.py:112} WARNING - /home/***/.local/lib/python3.12/site-packages/***/task/task_runner/standard_task_runner.py:70: DeprecationWarning: This process (pid=1307) is multi-threaded, use of fork() may lead to deadlocks in the child.
  pid = os.fork()

[2025-04-06T06:15:55.270+0000] {standard_task_runner.py:72} INFO - Started process 1351 to run task
[2025-04-06T06:15:55.270+0000] {standard_task_runner.py:104} INFO - Running: ['***', 'tasks', 'run', 'print_hello', 'print_hello_task', 'scheduled__2025-04-05T01:01:00+00:00', '--job-id', '277', '--raw', '--subdir', 'DAGS_FOLDER/print_hello.py', '--cfg-path', '/tmp/tmp6oxkj1v4']
[2025-04-06T06:15:55.272+0000] {standard_task_runner.py:105} INFO - Job 277: Subtask print_hello_task
[2025-04-06T06:15:55.377+0000] {task_command.py:467} INFO - Running <TaskInstance: print_hello.print_hello_task scheduled__2025-04-05T01:01:00+00:00 [running]> on host 5991717e768c
[2025-04-06T06:15:55.573+0000] {taskinstance.py:3134} INFO - Exporting env vars: AIRFLOW_CTX_DAG_OWNER='Esayed' AIRFLOW_CTX_DAG_ID='print_hello' AIRFLOW_CTX_TASK_ID='print_hello_task' AIRFLOW_CTX_EXECUTION_DATE='2025-04-05T01:01:00+00:00' AIRFLOW_CTX_TRY_NUMBER='1' AIRFLOW_CTX_DAG_RUN_ID='scheduled__2025-04-05T01:01:00+00:00'
[2025-04-06T06:15:55.575+0000] {logging_mixin.py:190} INFO - Task instance is in running state
[2025-04-06T06:15:55.576+0000] {logging_mixin.py:190} INFO -  Previous state of the Task instance: queued
[2025-04-06T06:15:55.577+0000] {logging_mixin.py:190} INFO - Current task name:print_hello_task state:running start_date:2025-04-06 06:15:54.751942+00:00
[2025-04-06T06:15:55.578+0000] {logging_mixin.py:190} INFO - Dag name:print_hello and current dag run status:running
[2025-04-06T06:15:55.579+0000] {taskinstance.py:732} INFO - ::endgroup::
[2025-04-06T06:15:55.581+0000] {logging_mixin.py:190} INFO - hello
[2025-04-06T06:15:55.582+0000] {python.py:240} INFO - Done. Returned value was: None
[2025-04-06T06:15:55.599+0000] {taskinstance.py:341} INFO - ::group::Post task execution logs
[2025-04-06T06:15:55.600+0000] {taskinstance.py:353} INFO - Marking task as SUCCESS. dag_id=print_hello, task_id=print_hello_task, run_id=scheduled__2025-04-05T01:01:00+00:00, execution_date=20250405T010100, start_date=20250406T061554, end_date=20250406T061555
[2025-04-06T06:15:55.644+0000] {logging_mixin.py:190} INFO - Task instance in success state
[2025-04-06T06:15:55.645+0000] {logging_mixin.py:190} INFO -  Previous state of the Task instance: running
[2025-04-06T06:15:55.646+0000] {logging_mixin.py:190} INFO - Dag name:print_hello queued_at:2025-04-06 06:15:49.003184+00:00
[2025-04-06T06:15:55.647+0000] {logging_mixin.py:190} INFO - Task hostname:5991717e768c operator:PythonOperator
[2025-04-06T06:15:55.694+0000] {local_task_job_runner.py:266} INFO - Task exited with return code 0
[2025-04-06T06:15:55.739+0000] {taskinstance.py:3901} INFO - 1 downstream tasks scheduled from follow-on schedule check
[2025-04-06T06:15:55.743+0000] {local_task_job_runner.py:245} INFO - ::endgroup::
