[2025-04-06T09:48:25.420+0000] {local_task_job_runner.py:123} INFO - ::group::Pre task execution logs
[2025-04-06T09:48:25.446+0000] {taskinstance.py:2614} INFO - Dependencies all met for dep_context=non-requeueable deps ti=<TaskInstance: print_hello3.save_to_csv_task manual__2025-04-06T09:48:19.715782+00:00 [queued]>
[2025-04-06T09:48:25.461+0000] {taskinstance.py:2614} INFO - Dependencies all met for dep_context=requeueable deps ti=<TaskInstance: print_hello3.save_to_csv_task manual__2025-04-06T09:48:19.715782+00:00 [queued]>
[2025-04-06T09:48:25.462+0000] {taskinstance.py:2867} INFO - Starting attempt 1 of 2
[2025-04-06T09:48:25.699+0000] {taskinstance.py:2890} INFO - Executing <Task(PythonOperator): save_to_csv_task> on 2025-04-06 09:48:19.715782+00:00
[2025-04-06T09:48:25.709+0000] {warnings.py:112} WARNING - /home/***/.local/lib/python3.12/site-packages/***/task/task_runner/standard_task_runner.py:70: DeprecationWarning: This process (pid=1022) is multi-threaded, use of fork() may lead to deadlocks in the child.
  pid = os.fork()

[2025-04-06T09:48:25.711+0000] {standard_task_runner.py:72} INFO - Started process 1024 to run task
[2025-04-06T09:48:25.711+0000] {standard_task_runner.py:104} INFO - Running: ['***', 'tasks', 'run', 'print_hello3', 'save_to_csv_task', 'manual__2025-04-06T09:48:19.715782+00:00', '--job-id', '448', '--raw', '--subdir', 'DAGS_FOLDER/print_hello.py', '--cfg-path', '/tmp/tmp9mb70hn0']
[2025-04-06T09:48:25.712+0000] {standard_task_runner.py:105} INFO - Job 448: Subtask save_to_csv_task
[2025-04-06T09:48:25.772+0000] {task_command.py:467} INFO - Running <TaskInstance: print_hello3.save_to_csv_task manual__2025-04-06T09:48:19.715782+00:00 [running]> on host 5991717e768c
[2025-04-06T09:48:25.879+0000] {taskinstance.py:3134} INFO - Exporting env vars: AIRFLOW_CTX_DAG_OWNER='Esayed' AIRFLOW_CTX_DAG_ID='print_hello3' AIRFLOW_CTX_TASK_ID='save_to_csv_task' AIRFLOW_CTX_EXECUTION_DATE='2025-04-06T09:48:19.715782+00:00' AIRFLOW_CTX_TRY_NUMBER='1' AIRFLOW_CTX_DAG_RUN_ID='manual__2025-04-06T09:48:19.715782+00:00'
[2025-04-06T09:48:25.881+0000] {logging_mixin.py:190} INFO - Task instance is in running state
[2025-04-06T09:48:25.881+0000] {logging_mixin.py:190} INFO -  Previous state of the Task instance: queued
[2025-04-06T09:48:25.882+0000] {logging_mixin.py:190} INFO - Current task name:save_to_csv_task state:running start_date:2025-04-06 09:48:25.446923+00:00
[2025-04-06T09:48:25.882+0000] {logging_mixin.py:190} INFO - Dag name:print_hello3 and current dag run status:running
[2025-04-06T09:48:25.883+0000] {taskinstance.py:732} INFO - ::endgroup::
[2025-04-06T09:48:25.892+0000] {python.py:240} INFO - Done. Returned value was: None
[2025-04-06T09:48:25.908+0000] {taskinstance.py:341} INFO - ::group::Post task execution logs
[2025-04-06T09:48:25.909+0000] {taskinstance.py:353} INFO - Marking task as SUCCESS. dag_id=print_hello3, task_id=save_to_csv_task, run_id=manual__2025-04-06T09:48:19.715782+00:00, execution_date=20250406T094819, start_date=20250406T094825, end_date=20250406T094825
[2025-04-06T09:48:25.942+0000] {logging_mixin.py:190} INFO - Task instance in success state
[2025-04-06T09:48:25.943+0000] {logging_mixin.py:190} INFO -  Previous state of the Task instance: running
[2025-04-06T09:48:25.943+0000] {logging_mixin.py:190} INFO - Dag name:print_hello3 queued_at:2025-04-06 09:48:19.768470+00:00
[2025-04-06T09:48:25.944+0000] {logging_mixin.py:190} INFO - Task hostname:5991717e768c operator:PythonOperator
[2025-04-06T09:48:25.967+0000] {local_task_job_runner.py:266} INFO - Task exited with return code 0
[2025-04-06T09:48:25.988+0000] {taskinstance.py:3901} INFO - 0 downstream tasks scheduled from follow-on schedule check
[2025-04-06T09:48:25.991+0000] {local_task_job_runner.py:245} INFO - ::endgroup::
