[2025-04-06T06:02:31.664+0000] {local_task_job_runner.py:123} INFO - ::group::Pre task execution logs
[2025-04-06T06:02:31.712+0000] {taskinstance.py:2614} INFO - Dependencies all met for dep_context=non-requeueable deps ti=<TaskInstance: print_hello.print_hello_task scheduled__2025-04-05T00:09:00+00:00 [queued]>
[2025-04-06T06:02:31.729+0000] {taskinstance.py:2614} INFO - Dependencies all met for dep_context=requeueable deps ti=<TaskInstance: print_hello.print_hello_task scheduled__2025-04-05T00:09:00+00:00 [queued]>
[2025-04-06T06:02:31.731+0000] {taskinstance.py:2867} INFO - Starting attempt 1 of 2
[2025-04-06T06:02:31.775+0000] {taskinstance.py:2890} INFO - Executing <Task(PythonOperator): print_hello_task> on 2025-04-05 00:09:00+00:00
[2025-04-06T06:02:31.792+0000] {warnings.py:112} WARNING - /home/***/.local/lib/python3.12/site-packages/***/task/task_runner/standard_task_runner.py:70: DeprecationWarning: This process (pid=131) is multi-threaded, use of fork() may lead to deadlocks in the child.
  pid = os.fork()

[2025-04-06T06:02:31.798+0000] {standard_task_runner.py:72} INFO - Started process 147 to run task
[2025-04-06T06:02:31.799+0000] {standard_task_runner.py:104} INFO - Running: ['***', 'tasks', 'run', 'print_hello', 'print_hello_task', 'scheduled__2025-04-05T00:09:00+00:00', '--job-id', '15', '--raw', '--subdir', 'DAGS_FOLDER/print_hello.py', '--cfg-path', '/tmp/tmp6ddmgqh3']
[2025-04-06T06:02:31.802+0000] {standard_task_runner.py:105} INFO - Job 15: Subtask print_hello_task
[2025-04-06T06:02:31.949+0000] {task_command.py:467} INFO - Running <TaskInstance: print_hello.print_hello_task scheduled__2025-04-05T00:09:00+00:00 [running]> on host 5991717e768c
[2025-04-06T06:02:33.227+0000] {taskinstance.py:3134} INFO - Exporting env vars: AIRFLOW_CTX_DAG_OWNER='Esayed' AIRFLOW_CTX_DAG_ID='print_hello' AIRFLOW_CTX_TASK_ID='print_hello_task' AIRFLOW_CTX_EXECUTION_DATE='2025-04-05T00:09:00+00:00' AIRFLOW_CTX_TRY_NUMBER='1' AIRFLOW_CTX_DAG_RUN_ID='scheduled__2025-04-05T00:09:00+00:00'
[2025-04-06T06:02:33.297+0000] {logging_mixin.py:190} INFO - Task instance is in running state
[2025-04-06T06:02:33.298+0000] {logging_mixin.py:190} INFO -  Previous state of the Task instance: queued
[2025-04-06T06:02:33.299+0000] {logging_mixin.py:190} INFO - Current task name:print_hello_task state:running start_date:2025-04-06 06:02:31.713126+00:00
[2025-04-06T06:02:33.393+0000] {logging_mixin.py:190} INFO - Dag name:print_hello and current dag run status:running
[2025-04-06T06:02:33.395+0000] {taskinstance.py:732} INFO - ::endgroup::
[2025-04-06T06:02:33.444+0000] {logging_mixin.py:190} INFO - hello
[2025-04-06T06:02:33.481+0000] {python.py:240} INFO - Done. Returned value was: None
[2025-04-06T06:02:36.412+0000] {taskinstance.py:341} INFO - ::group::Post task execution logs
[2025-04-06T06:02:36.413+0000] {taskinstance.py:353} INFO - Marking task as SUCCESS. dag_id=print_hello, task_id=print_hello_task, run_id=scheduled__2025-04-05T00:09:00+00:00, execution_date=20250405T000900, start_date=20250406T060231, end_date=20250406T060236
[2025-04-06T06:02:38.107+0000] {logging_mixin.py:190} INFO - Task instance in success state
[2025-04-06T06:02:38.109+0000] {logging_mixin.py:190} INFO -  Previous state of the Task instance: running
[2025-04-06T06:02:38.111+0000] {logging_mixin.py:190} INFO - Dag name:print_hello queued_at:2025-04-06 06:02:21.548232+00:00
[2025-04-06T06:02:38.114+0000] {logging_mixin.py:190} INFO - Task hostname:5991717e768c operator:PythonOperator
[2025-04-06T06:02:38.539+0000] {local_task_job_runner.py:266} INFO - Task exited with return code 0
[2025-04-06T06:02:38.574+0000] {taskinstance.py:3901} INFO - 1 downstream tasks scheduled from follow-on schedule check
[2025-04-06T06:02:38.657+0000] {local_task_job_runner.py:245} INFO - ::endgroup::
[2025-04-06T06:14:56.832+0000] {local_task_job_runner.py:123} INFO - ::group::Pre task execution logs
[2025-04-06T06:14:56.874+0000] {taskinstance.py:2614} INFO - Dependencies all met for dep_context=non-requeueable deps ti=<TaskInstance: print_hello.print_hello_task scheduled__2025-04-05T00:09:00+00:00 [queued]>
[2025-04-06T06:14:56.904+0000] {taskinstance.py:2614} INFO - Dependencies all met for dep_context=requeueable deps ti=<TaskInstance: print_hello.print_hello_task scheduled__2025-04-05T00:09:00+00:00 [queued]>
[2025-04-06T06:14:56.908+0000] {taskinstance.py:2867} INFO - Starting attempt 1 of 2
[2025-04-06T06:14:56.955+0000] {taskinstance.py:2890} INFO - Executing <Task(PythonOperator): print_hello_task> on 2025-04-05 00:09:00+00:00
[2025-04-06T06:14:56.972+0000] {warnings.py:112} WARNING - /home/***/.local/lib/python3.12/site-packages/***/task/task_runner/standard_task_runner.py:70: DeprecationWarning: This process (pid=883) is multi-threaded, use of fork() may lead to deadlocks in the child.
  pid = os.fork()

[2025-04-06T06:14:56.975+0000] {standard_task_runner.py:72} INFO - Started process 923 to run task
[2025-04-06T06:14:56.976+0000] {standard_task_runner.py:104} INFO - Running: ['***', 'tasks', 'run', 'print_hello', 'print_hello_task', 'scheduled__2025-04-05T00:09:00+00:00', '--job-id', '173', '--raw', '--subdir', 'DAGS_FOLDER/print_hello.py', '--cfg-path', '/tmp/tmp1f6o6ypw']
[2025-04-06T06:14:56.982+0000] {standard_task_runner.py:105} INFO - Job 173: Subtask print_hello_task
[2025-04-06T06:14:57.596+0000] {task_command.py:467} INFO - Running <TaskInstance: print_hello.print_hello_task scheduled__2025-04-05T00:09:00+00:00 [running]> on host 5991717e768c
[2025-04-06T06:14:57.817+0000] {taskinstance.py:3134} INFO - Exporting env vars: AIRFLOW_CTX_DAG_OWNER='Esayed' AIRFLOW_CTX_DAG_ID='print_hello' AIRFLOW_CTX_TASK_ID='print_hello_task' AIRFLOW_CTX_EXECUTION_DATE='2025-04-05T00:09:00+00:00' AIRFLOW_CTX_TRY_NUMBER='1' AIRFLOW_CTX_DAG_RUN_ID='scheduled__2025-04-05T00:09:00+00:00'
[2025-04-06T06:14:57.820+0000] {logging_mixin.py:190} INFO - Task instance is in running state
[2025-04-06T06:14:57.823+0000] {logging_mixin.py:190} INFO -  Previous state of the Task instance: queued
[2025-04-06T06:14:57.826+0000] {logging_mixin.py:190} INFO - Current task name:print_hello_task state:running start_date:2025-04-06 06:14:56.886524+00:00
[2025-04-06T06:14:57.832+0000] {logging_mixin.py:190} INFO - Dag name:print_hello and current dag run status:running
[2025-04-06T06:14:57.836+0000] {taskinstance.py:732} INFO - ::endgroup::
[2025-04-06T06:14:57.840+0000] {logging_mixin.py:190} INFO - hello
[2025-04-06T06:14:57.842+0000] {python.py:240} INFO - Done. Returned value was: None
[2025-04-06T06:14:57.877+0000] {taskinstance.py:341} INFO - ::group::Post task execution logs
[2025-04-06T06:14:57.881+0000] {taskinstance.py:353} INFO - Marking task as SUCCESS. dag_id=print_hello, task_id=print_hello_task, run_id=scheduled__2025-04-05T00:09:00+00:00, execution_date=20250405T000900, start_date=20250406T061456, end_date=20250406T061457
[2025-04-06T06:14:57.969+0000] {logging_mixin.py:190} INFO - Task instance in success state
[2025-04-06T06:14:57.971+0000] {logging_mixin.py:190} INFO -  Previous state of the Task instance: running
[2025-04-06T06:14:57.977+0000] {logging_mixin.py:190} INFO - Dag name:print_hello queued_at:2025-04-06 06:14:52.821774+00:00
[2025-04-06T06:14:57.980+0000] {logging_mixin.py:190} INFO - Task hostname:5991717e768c operator:PythonOperator
[2025-04-06T06:14:58.057+0000] {local_task_job_runner.py:266} INFO - Task exited with return code 0
[2025-04-06T06:14:58.736+0000] {taskinstance.py:3901} INFO - 0 downstream tasks scheduled from follow-on schedule check
[2025-04-06T06:14:58.742+0000] {local_task_job_runner.py:245} INFO - ::endgroup::
