[2025-04-06T06:03:43.277+0000] {local_task_job_runner.py:123} INFO - ::group::Pre task execution logs
[2025-04-06T06:03:43.312+0000] {taskinstance.py:2614} INFO - Dependencies all met for dep_context=non-requeueable deps ti=<TaskInstance: print_hello.print_hello_task scheduled__2025-04-05T01:00:00+00:00 [queued]>
[2025-04-06T06:03:43.330+0000] {taskinstance.py:2614} INFO - Dependencies all met for dep_context=requeueable deps ti=<TaskInstance: print_hello.print_hello_task scheduled__2025-04-05T01:00:00+00:00 [queued]>
[2025-04-06T06:03:43.331+0000] {taskinstance.py:2867} INFO - Starting attempt 1 of 2
[2025-04-06T06:03:43.361+0000] {taskinstance.py:2890} INFO - Executing <Task(PythonOperator): print_hello_task> on 2025-04-05 01:00:00+00:00
[2025-04-06T06:03:43.379+0000] {warnings.py:112} WARNING - /home/***/.local/lib/python3.12/site-packages/***/task/task_runner/standard_task_runner.py:70: DeprecationWarning: This process (pid=599) is multi-threaded, use of fork() may lead to deadlocks in the child.
  pid = os.fork()

[2025-04-06T06:03:43.385+0000] {standard_task_runner.py:72} INFO - Started process 621 to run task
[2025-04-06T06:03:43.384+0000] {standard_task_runner.py:104} INFO - Running: ['***', 'tasks', 'run', 'print_hello', 'print_hello_task', 'scheduled__2025-04-05T01:00:00+00:00', '--job-id', '134', '--raw', '--subdir', 'DAGS_FOLDER/print_hello.py', '--cfg-path', '/tmp/tmpai8h4eiv']
[2025-04-06T06:03:43.387+0000] {standard_task_runner.py:105} INFO - Job 134: Subtask print_hello_task
[2025-04-06T06:03:43.505+0000] {task_command.py:467} INFO - Running <TaskInstance: print_hello.print_hello_task scheduled__2025-04-05T01:00:00+00:00 [running]> on host 5991717e768c
[2025-04-06T06:03:44.265+0000] {taskinstance.py:3134} INFO - Exporting env vars: AIRFLOW_CTX_DAG_OWNER='Esayed' AIRFLOW_CTX_DAG_ID='print_hello' AIRFLOW_CTX_TASK_ID='print_hello_task' AIRFLOW_CTX_EXECUTION_DATE='2025-04-05T01:00:00+00:00' AIRFLOW_CTX_TRY_NUMBER='1' AIRFLOW_CTX_DAG_RUN_ID='scheduled__2025-04-05T01:00:00+00:00'
[2025-04-06T06:03:44.274+0000] {logging_mixin.py:190} INFO - Task instance is in running state
[2025-04-06T06:03:44.286+0000] {logging_mixin.py:190} INFO -  Previous state of the Task instance: queued
[2025-04-06T06:03:44.289+0000] {logging_mixin.py:190} INFO - Current task name:print_hello_task state:running start_date:2025-04-06 06:03:43.313819+00:00
[2025-04-06T06:03:44.308+0000] {logging_mixin.py:190} INFO - Dag name:print_hello and current dag run status:running
[2025-04-06T06:03:44.325+0000] {taskinstance.py:732} INFO - ::endgroup::
[2025-04-06T06:03:44.328+0000] {logging_mixin.py:190} INFO - hello
[2025-04-06T06:03:44.330+0000] {python.py:240} INFO - Done. Returned value was: None
[2025-04-06T06:03:44.363+0000] {taskinstance.py:341} INFO - ::group::Post task execution logs
[2025-04-06T06:03:44.366+0000] {taskinstance.py:353} INFO - Marking task as SUCCESS. dag_id=print_hello, task_id=print_hello_task, run_id=scheduled__2025-04-05T01:00:00+00:00, execution_date=20250405T010000, start_date=20250406T060343, end_date=20250406T060344
[2025-04-06T06:03:44.423+0000] {logging_mixin.py:190} INFO - Task instance in success state
[2025-04-06T06:03:44.426+0000] {logging_mixin.py:190} INFO -  Previous state of the Task instance: running
[2025-04-06T06:03:44.428+0000] {logging_mixin.py:190} INFO - Dag name:print_hello queued_at:2025-04-06 06:03:40.339586+00:00
[2025-04-06T06:03:44.432+0000] {logging_mixin.py:190} INFO - Task hostname:5991717e768c operator:PythonOperator
[2025-04-06T06:03:44.526+0000] {local_task_job_runner.py:266} INFO - Task exited with return code 0
[2025-04-06T06:03:45.288+0000] {taskinstance.py:3901} INFO - 1 downstream tasks scheduled from follow-on schedule check
[2025-04-06T06:03:45.304+0000] {local_task_job_runner.py:245} INFO - ::endgroup::
[2025-04-06T06:15:53.772+0000] {local_task_job_runner.py:123} INFO - ::group::Pre task execution logs
[2025-04-06T06:15:53.811+0000] {taskinstance.py:2614} INFO - Dependencies all met for dep_context=non-requeueable deps ti=<TaskInstance: print_hello.print_hello_task scheduled__2025-04-05T01:00:00+00:00 [queued]>
[2025-04-06T06:15:53.851+0000] {taskinstance.py:2614} INFO - Dependencies all met for dep_context=requeueable deps ti=<TaskInstance: print_hello.print_hello_task scheduled__2025-04-05T01:00:00+00:00 [queued]>
[2025-04-06T06:15:53.852+0000] {taskinstance.py:2867} INFO - Starting attempt 1 of 2
[2025-04-06T06:15:54.376+0000] {taskinstance.py:2890} INFO - Executing <Task(PythonOperator): print_hello_task> on 2025-04-05 01:00:00+00:00
[2025-04-06T06:15:54.395+0000] {warnings.py:112} WARNING - /home/***/.local/lib/python3.12/site-packages/***/task/task_runner/standard_task_runner.py:70: DeprecationWarning: This process (pid=1301) is multi-threaded, use of fork() may lead to deadlocks in the child.
  pid = os.fork()

[2025-04-06T06:15:54.399+0000] {standard_task_runner.py:72} INFO - Started process 1349 to run task
[2025-04-06T06:15:54.399+0000] {standard_task_runner.py:104} INFO - Running: ['***', 'tasks', 'run', 'print_hello', 'print_hello_task', 'scheduled__2025-04-05T01:00:00+00:00', '--job-id', '276', '--raw', '--subdir', 'DAGS_FOLDER/print_hello.py', '--cfg-path', '/tmp/tmpxq5cy3gj']
[2025-04-06T06:15:54.402+0000] {standard_task_runner.py:105} INFO - Job 276: Subtask print_hello_task
[2025-04-06T06:15:54.539+0000] {task_command.py:467} INFO - Running <TaskInstance: print_hello.print_hello_task scheduled__2025-04-05T01:00:00+00:00 [running]> on host 5991717e768c
[2025-04-06T06:15:54.745+0000] {taskinstance.py:3134} INFO - Exporting env vars: AIRFLOW_CTX_DAG_OWNER='Esayed' AIRFLOW_CTX_DAG_ID='print_hello' AIRFLOW_CTX_TASK_ID='print_hello_task' AIRFLOW_CTX_EXECUTION_DATE='2025-04-05T01:00:00+00:00' AIRFLOW_CTX_TRY_NUMBER='1' AIRFLOW_CTX_DAG_RUN_ID='scheduled__2025-04-05T01:00:00+00:00'
[2025-04-06T06:15:54.750+0000] {logging_mixin.py:190} INFO - Task instance is in running state
[2025-04-06T06:15:54.752+0000] {logging_mixin.py:190} INFO -  Previous state of the Task instance: queued
[2025-04-06T06:15:54.753+0000] {logging_mixin.py:190} INFO - Current task name:print_hello_task state:running start_date:2025-04-06 06:15:53.814685+00:00
[2025-04-06T06:15:54.754+0000] {logging_mixin.py:190} INFO - Dag name:print_hello and current dag run status:running
[2025-04-06T06:15:54.756+0000] {taskinstance.py:732} INFO - ::endgroup::
[2025-04-06T06:15:54.758+0000] {logging_mixin.py:190} INFO - hello
[2025-04-06T06:15:54.759+0000] {python.py:240} INFO - Done. Returned value was: None
[2025-04-06T06:15:54.781+0000] {taskinstance.py:341} INFO - ::group::Post task execution logs
[2025-04-06T06:15:54.783+0000] {taskinstance.py:353} INFO - Marking task as SUCCESS. dag_id=print_hello, task_id=print_hello_task, run_id=scheduled__2025-04-05T01:00:00+00:00, execution_date=20250405T010000, start_date=20250406T061553, end_date=20250406T061554
[2025-04-06T06:15:54.840+0000] {logging_mixin.py:190} INFO - Task instance in success state
[2025-04-06T06:15:54.842+0000] {logging_mixin.py:190} INFO -  Previous state of the Task instance: running
[2025-04-06T06:15:54.844+0000] {logging_mixin.py:190} INFO - Dag name:print_hello queued_at:2025-04-06 06:15:48.220197+00:00
[2025-04-06T06:15:54.845+0000] {logging_mixin.py:190} INFO - Task hostname:5991717e768c operator:PythonOperator
[2025-04-06T06:15:54.900+0000] {local_task_job_runner.py:266} INFO - Task exited with return code 0
[2025-04-06T06:15:54.973+0000] {taskinstance.py:3901} INFO - 1 downstream tasks scheduled from follow-on schedule check
[2025-04-06T06:15:54.980+0000] {local_task_job_runner.py:245} INFO - ::endgroup::
